Tue Jan 21 16:42:04 2014: ************************************************************************ 
Tue Jan 21 16:42:04 2014: Settings::	start at: Tue Jan 21 16:42:04 2014
Tue Jan 21 16:42:04 2014: cuSDR64 BETA  
Tue Jan 21 16:42:05 2014: Settings::	Alex config: 0
Tue Jan 21 16:42:05 2014: Settings::	reading done.
Tue Jan 21 16:42:06 2014: Init::	OpenGL found. 
Tue Jan 21 16:42:06 2014: Init::	Framebuffer Objects found. 
Tue Jan 21 16:42:06 2014: Init::	main window setup ... 
Tue Jan 21 16:42:07 2014: MainWindow::	main window init done
Tue Jan 21 16:42:08 2014: MainWindow::	server ip from ini-file: "192.168.1.79"
Tue Jan 21 16:42:08 2014: MainWindow::	HPSDR device local ip from ini-file: "192.168.1.79"
Tue Jan 21 16:42:08 2014: MainWindow::	network interface "wlan0" :
Tue Jan 21 16:42:08 2014: MainWindow::	  -> broadcast address: 192.168.1.255
Tue Jan 21 16:42:08 2014: MainWindow::	  -> ip address: 192.168.1.79
Tue Jan 21 16:42:08 2014: MainWindow::	found 1 valid ip addresses.
Tue Jan 21 16:42:08 2014: MainWindow::	HPSDR network device interface set to: "wlan0"("192.168.1.79")
Tue Jan 21 16:42:08 2014: MainWindow::	using ip address 192.168.1.79 for the server.
Tue Jan 21 16:42:08 2014: MainWindow::	using ip address 192.168.1.79 for connecting to a HPSDR device.
Tue Jan 21 16:42:08 2014: Init::	main window setup done. 
Tue Jan 21 16:42:08 2014: Init::	running application ...
 
Tue Jan 21 16:42:11 2014:  
Tue Jan 21 16:42:11 2014: DataEngine::	HPSDR device discovery thread started.
Tue Jan 21 16:42:11 2014: DataEngine::	HPSDR network device detection...please wait.
Tue Jan 21 16:42:11 2014: Discoverer::	using 192.168.1.79 for discovery.
Tue Jan 21 16:42:11 2014: Discoverer::	discovery_socket bound successfully to port 57186
Tue Jan 21 16:42:11 2014: Discoverer::	discovery data sent.
Tue Jan 21 16:42:12 2014: Discoverer::	Device found at 192.168.1.118:1024; Mac addr: [00:04:A3:02:D5:F6]
Tue Jan 21 16:42:12 2014: Discoverer::	Device code version: 1a
Tue Jan 21 16:42:12 2014: Discoverer::	Device board ID: 0
Tue Jan 21 16:42:12 2014: Discoverer::	Device is: Metis
Tue Jan 21 16:42:12 2014: Discoverer::	Device selected: 192.168.1.118
Tue Jan 21 16:42:12 2014: DataEngine::	found 1 network device(s)
Tue Jan 21 16:42:12 2014: DataEngine::	Device 0 @ 192.168.1.118 [00:04:A3:02:D5:F6]
Tue Jan 21 16:42:12 2014: DataEngine::	using HPSDR network device at 192.168.1.118
Tue Jan 21 16:42:12 2014: DataEngine::	HPSDR discovery thread stopped and deleted.
Tue Jan 21 16:42:12 2014: DataEngine::	trying to init a DSP core for rx 0
Tue Jan 21 16:42:15 2014: DSPEngine::	init DSPEngine with size: 1024
Tue Jan 21 16:42:15 2014: Receiver::	set DSP mode to: "LSB"
Tue Jan 21 16:42:15 2014: Receiver::	QtDSP for receiver: 0 started.
Tue Jan 21 16:42:15 2014: DataEngine::	init DSP core for rx 0 successful !
Tue Jan 21 16:42:15 2014: DataEngine::	Alex Configuration = 0
Tue Jan 21 16:42:15 2014: DataEngine::	configured for 1 receiver(s) at 48 kHz sample rate
Tue Jan 21 16:42:15 2014: DataEngine::	data processor thread started.
Tue Jan 21 16:42:15 2014: DataEngine::	data IO thread started.
Tue Jan 21 16:42:15 2014: DataProcessor::	Data Processor thread: QThread(0x306e4d0) 
Tue Jan 21 16:42:15 2014: DataIO::	socket buffer size set to 16 kB.
Tue Jan 21 16:42:15 2014: DataIO::	data receiver socket bound successful to local port 57186
Tue Jan 21 16:42:16 2014: DataIO::	init frames sent to network device.
Tue Jan 21 16:42:16 2014: DataIO::	init frames sent to network device.
Tue Jan 21 16:42:16 2014: DataIO::	sent start command to device at: 192.168.1.118
Tue Jan 21 16:42:16 2014:   
Tue Jan 21 16:42:16 2014: Settings::	**********************************************************
Tue Jan 21 16:42:16 2014: Settings::	Error:			No error
Tue Jan 21 16:42:16 2014: Settings::	HW Interface:		Metis
Tue Jan 21 16:42:16 2014: Settings::	Server Mode:		SDR mode
Tue Jan 21 16:42:16 2014: Settings::	DataEngine State:	up
Tue Jan 21 16:42:16 2014:   
Tue Jan 21 16:42:16 2014: DataProcessor::	Mercury firmware version: 34
Tue Jan 21 16:42:16 2014: DataProcessor::	Penelope/Pennylane firmware version: 18
Tue Jan 21 16:42:16 2014: DataProcessor::	Metis firmware version: 26
Tue Jan 21 16:42:16 2014: DataIO::	sent stop command to device at: 192.168.1.118
Tue Jan 21 16:42:16 2014: DataEngine::	HPSDR device stopped
Tue Jan 21 16:42:16 2014: DataEngine::	data IO thread not yet finished...
Tue Jan 21 16:42:16 2014: DataEngine::	data IO thread deleted.
Tue Jan 21 16:42:16 2014: DataEngine::	iq_queue empty.
Tue Jan 21 16:42:16 2014: DataEngine::	data processor thread deleted.
Tue Jan 21 16:42:16 2014: DataEngine::	device cards list cleared.
Tue Jan 21 16:42:16 2014: DataEngine::	receiver threads deleted, receivers deleted, receiver & thread list cleared.
Tue Jan 21 16:42:16 2014: Settings::	switch to receiver: 0
Tue Jan 21 16:42:16 2014: MainWindow::	setCurrentReceiver: 0
Tue Jan 21 16:42:16 2014:   
Tue Jan 21 16:42:16 2014: Settings::	**********************************************************
Tue Jan 21 16:42:16 2014: Settings::	Error:			No error
Tue Jan 21 16:42:16 2014: Settings::	HW Interface:		Metis
Tue Jan 21 16:42:16 2014: Settings::	Server Mode:		SDR mode
Tue Jan 21 16:42:16 2014: Settings::	DataEngine State:	down
Tue Jan 21 16:42:16 2014:   
Tue Jan 21 16:42:16 2014: DataEngine::	shut down done.
Tue Jan 21 16:42:16 2014: DataEngine::	got firmware versions:
Tue Jan 21 16:42:16 2014: DataEngine::		Metis firmware:  26
Tue Jan 21 16:42:16 2014: DataEngine::		Mercury firmware:  34
Tue Jan 21 16:42:16 2014: DataEngine::		Penelope firmware:  18
Tue Jan 21 16:42:16 2014: DataEngine::		Pennylane firmware:  18
Tue Jan 21 16:42:16 2014: DataEngine::		Hermes firmware: 0
Tue Jan 21 16:42:16 2014: DataEngine::	stopping and restarting data engine.
Tue Jan 21 16:42:16 2014: DataEngine::	trying to init a DSP core for rx 0
Tue Jan 21 16:42:16 2014: DSPEngine::	init DSPEngine with size: 1024
Tue Jan 21 16:42:16 2014: Receiver::	set DSP mode to: "LSB"
Tue Jan 21 16:42:16 2014: Receiver::	QtDSP for receiver: 0 started.
Tue Jan 21 16:42:16 2014: DataEngine::	init DSP core for rx 0 successful !
Tue Jan 21 16:42:16 2014: DataEngine::	Alex Configuration = 0
Tue Jan 21 16:42:16 2014: DataEngine::	configured for 1 receiver(s) at 48 kHz sample rate
Tue Jan 21 16:42:16 2014: DataEngine::	receiver processor thread started for Rx 0
Tue Jan 21 16:42:16 2014: DataEngine::	wide band data processor thread started.
Tue Jan 21 16:42:16 2014: DataEngine::	data processor thread started.
Tue Jan 21 16:42:16 2014: DataEngine::	data IO thread started.
Tue Jan 21 16:42:16 2014: DataProcessor::	Data Processor thread: QThread(0x28db750) 
Tue Jan 21 16:42:16 2014: DataIO::	socket buffer size set to 16 kB.
Tue Jan 21 16:42:16 2014: DataIO::	data receiver socket bound successful to local port 57186
Tue Jan 21 16:42:16 2014: DataIO::	init frames sent to network device.
Tue Jan 21 16:42:16 2014: DataIO::	init frames sent to network device.
Tue Jan 21 16:42:16 2014: DataIO::	sent start command to device at: 192.168.1.118
Tue Jan 21 16:42:16 2014:   
Tue Jan 21 16:42:16 2014: Settings::	**********************************************************
Tue Jan 21 16:42:16 2014: Settings::	Error:			No error
Tue Jan 21 16:42:16 2014: Settings::	HW Interface:		Metis
Tue Jan 21 16:42:16 2014: Settings::	Server Mode:		SDR mode
Tue Jan 21 16:42:16 2014: Settings::	DataEngine State:	up
Tue Jan 21 16:42:16 2014:   
Tue Jan 21 16:42:16 2014: DataEngine::	Data Engine thread: QThread(0x1d25ae0) 
Tue Jan 21 16:42:16 2014: DataProcessor::	Mercury firmware version: 34
Tue Jan 21 16:42:16 2014: DataProcessor::	Penelope/Pennylane firmware version: 18
Tue Jan 21 16:42:16 2014: DataProcessor::	Metis firmware version: 26
Tue Jan 21 16:42:25 2014: Settings::	save settings done.
Tue Jan 21 16:42:25 2014: DataIO::	sent stop command to device at: 192.168.1.118
Tue Jan 21 16:42:25 2014: DataEngine::	HPSDR device stopped
Tue Jan 21 16:42:25 2014: DataEngine::	data IO thread not yet finished...
Tue Jan 21 16:42:25 2014: DataEngine::	data IO thread deleted.
Tue Jan 21 16:42:25 2014: DataEngine::	iq_queue empty.
Tue Jan 21 16:42:25 2014: DataEngine::	data processor thread deleted.
Tue Jan 21 16:42:25 2014: WidebandProcessor::	wrong wide band buffer length: 0
Tue Jan 21 16:42:25 2014: DataEngine::	wide band data processor thread deleted.
Tue Jan 21 16:42:25 2014: DataEngine::	device cards list cleared.
Tue Jan 21 16:42:25 2014: DataEngine::	receiver threads deleted, receivers deleted, receiver & thread list cleared.
Tue Jan 21 16:42:25 2014: Settings::	switch to receiver: 0
Tue Jan 21 16:42:25 2014: MainWindow::	setCurrentReceiver: 0
Tue Jan 21 16:42:25 2014:   
Tue Jan 21 16:42:25 2014: Settings::	**********************************************************
Tue Jan 21 16:42:25 2014: Settings::	Error:			No error
Tue Jan 21 16:42:25 2014: Settings::	HW Interface:		Metis
Tue Jan 21 16:42:25 2014: Settings::	Server Mode:		SDR mode
Tue Jan 21 16:42:25 2014: Settings::	DataEngine State:	down
Tue Jan 21 16:42:25 2014:   
Tue Jan 21 16:42:25 2014: DataEngine::	shut down done.
Tue Jan 21 16:42:29 2014:  
Tue Jan 21 16:42:29 2014: DataEngine::	HPSDR device discovery thread started.
Tue Jan 21 16:42:29 2014: DataEngine::	HPSDR network device detection...please wait.
Tue Jan 21 16:42:29 2014: Discoverer::	using 192.168.1.79 for discovery.
Tue Jan 21 16:42:29 2014: Discoverer::	discovery_socket bound successfully to port 38985
Tue Jan 21 16:42:29 2014: Discoverer::	discovery data sent.
Tue Jan 21 16:42:29 2014: Discoverer::	Device found at 192.168.1.118:1024; Mac addr: [00:04:A3:02:D5:F6]
Tue Jan 21 16:42:29 2014: Discoverer::	Device code version: 1a
Tue Jan 21 16:42:29 2014: Discoverer::	Device board ID: 0
Tue Jan 21 16:42:29 2014: Discoverer::	Device is: Metis
Tue Jan 21 16:42:29 2014: Discoverer::	Device selected: 192.168.1.118
Tue Jan 21 16:42:29 2014: DataEngine::	found 1 network device(s)
Tue Jan 21 16:42:29 2014: DataEngine::	Device 0 @ 192.168.1.118 [00:04:A3:02:D5:F6]
Tue Jan 21 16:42:29 2014: DataEngine::	using HPSDR network device at 192.168.1.118
Tue Jan 21 16:42:29 2014: DataEngine::	HPSDR discovery thread stopped and deleted.
Tue Jan 21 16:42:29 2014: DataEngine::	trying to init a DSP core for rx 0
Tue Jan 21 16:42:29 2014: DSPEngine::	init DSPEngine with size: 1024
Tue Jan 21 16:42:30 2014: Receiver::	set DSP mode to: "LSB"
Tue Jan 21 16:42:30 2014: Receiver::	QtDSP for receiver: 0 started.
Tue Jan 21 16:42:30 2014: DataEngine::	init DSP core for rx 0 successful !
Tue Jan 21 16:42:30 2014: DataEngine::	Alex Configuration = 0
Tue Jan 21 16:42:30 2014: DataEngine::	configured for 1 receiver(s) at 48 kHz sample rate
Tue Jan 21 16:42:30 2014: DataEngine::	data processor thread started.
Tue Jan 21 16:42:30 2014: DataEngine::	data IO thread started.
Tue Jan 21 16:42:30 2014: DataProcessor::	Data Processor thread: QThread(0x38472c0) 
Tue Jan 21 16:42:30 2014: DataIO::	socket buffer size set to 16 kB.
Tue Jan 21 16:42:30 2014: DataIO::	data receiver socket bound successful to local port 38985
Tue Jan 21 16:42:30 2014: DataIO::	init frames sent to network device.
Tue Jan 21 16:42:30 2014: DataIO::	init frames sent to network device.
Tue Jan 21 16:42:30 2014: DataIO::	sent start command to device at: 192.168.1.118
Tue Jan 21 16:42:30 2014:   
Tue Jan 21 16:42:30 2014: Settings::	**********************************************************
Tue Jan 21 16:42:30 2014: Settings::	Error:			No error
Tue Jan 21 16:42:30 2014: Settings::	HW Interface:		Metis
Tue Jan 21 16:42:30 2014: Settings::	Server Mode:		SDR mode
Tue Jan 21 16:42:30 2014: Settings::	DataEngine State:	up
Tue Jan 21 16:42:30 2014:   
Tue Jan 21 16:42:30 2014: DataProcessor::	Mercury firmware version: 34
Tue Jan 21 16:42:30 2014: DataProcessor::	Penelope/Pennylane firmware version: 18
Tue Jan 21 16:42:30 2014: DataProcessor::	Metis firmware version: 26
Tue Jan 21 16:42:30 2014: DataIO::	sent stop command to device at: 192.168.1.118
Tue Jan 21 16:42:30 2014: DataEngine::	HPSDR device stopped
Tue Jan 21 16:42:30 2014: DataEngine::	data IO thread not yet finished...
Tue Jan 21 16:42:30 2014: DataEngine::	data IO thread deleted.
Tue Jan 21 16:42:30 2014: DataEngine::	iq_queue empty.
Tue Jan 21 16:42:30 2014: DataEngine::	data processor thread deleted.
Tue Jan 21 16:42:30 2014: DataEngine::	device cards list cleared.
Tue Jan 21 16:42:30 2014: DataEngine::	receiver threads deleted, receivers deleted, receiver & thread list cleared.
Tue Jan 21 16:42:30 2014: Settings::	switch to receiver: 0
Tue Jan 21 16:42:30 2014: MainWindow::	setCurrentReceiver: 0
Tue Jan 21 16:42:30 2014:   
Tue Jan 21 16:42:30 2014: Settings::	**********************************************************
Tue Jan 21 16:42:30 2014: Settings::	Error:			No error
Tue Jan 21 16:42:30 2014: Settings::	HW Interface:		Metis
Tue Jan 21 16:42:30 2014: Settings::	Server Mode:		SDR mode
Tue Jan 21 16:42:30 2014: Settings::	DataEngine State:	down
Tue Jan 21 16:42:30 2014:   
Tue Jan 21 16:42:30 2014: DataEngine::	shut down done.
Tue Jan 21 16:42:30 2014: DataEngine::	got firmware versions:
Tue Jan 21 16:42:30 2014: DataEngine::		Metis firmware:  26
Tue Jan 21 16:42:30 2014: DataEngine::		Mercury firmware:  34
Tue Jan 21 16:42:30 2014: DataEngine::		Penelope firmware:  18
Tue Jan 21 16:42:30 2014: DataEngine::		Pennylane firmware:  18
Tue Jan 21 16:42:30 2014: DataEngine::		Hermes firmware: 0
Tue Jan 21 16:42:30 2014: DataEngine::	stopping and restarting data engine.
Tue Jan 21 16:42:30 2014: DataEngine::	trying to init a DSP core for rx 0
Tue Jan 21 16:42:30 2014: DSPEngine::	init DSPEngine with size: 1024
Tue Jan 21 16:42:30 2014: Receiver::	set DSP mode to: "LSB"
Tue Jan 21 16:42:30 2014: Receiver::	QtDSP for receiver: 0 started.
Tue Jan 21 16:42:30 2014: DataEngine::	init DSP core for rx 0 successful !
Tue Jan 21 16:42:30 2014: DataEngine::	Alex Configuration = 0
Tue Jan 21 16:42:30 2014: DataEngine::	configured for 1 receiver(s) at 48 kHz sample rate
Tue Jan 21 16:42:30 2014: DataEngine::	receiver processor thread started for Rx 0
Tue Jan 21 16:42:30 2014: DataEngine::	wide band data processor thread started.
Tue Jan 21 16:42:30 2014: DataEngine::	data processor thread started.
Tue Jan 21 16:42:30 2014: DataEngine::	data IO thread started.
Tue Jan 21 16:42:30 2014: DataProcessor::	Data Processor thread: QThread(0x297c1f0) 
Tue Jan 21 16:42:30 2014: DataIO::	socket buffer size set to 16 kB.
Tue Jan 21 16:42:30 2014: DataIO::	data receiver socket bound successful to local port 38985
Tue Jan 21 16:42:30 2014: DataIO::	init frames sent to network device.
Tue Jan 21 16:42:30 2014: DataIO::	init frames sent to network device.
Tue Jan 21 16:42:30 2014: DataIO::	sent start command to device at: 192.168.1.118
Tue Jan 21 16:42:30 2014:   
Tue Jan 21 16:42:30 2014: Settings::	**********************************************************
Tue Jan 21 16:42:30 2014: Settings::	Error:			No error
Tue Jan 21 16:42:30 2014: Settings::	HW Interface:		Metis
Tue Jan 21 16:42:30 2014: Settings::	Server Mode:		SDR mode
Tue Jan 21 16:42:30 2014: Settings::	DataEngine State:	up
Tue Jan 21 16:42:30 2014:   
Tue Jan 21 16:42:30 2014: DataEngine::	Data Engine thread: QThread(0x1d25ae0) 
Tue Jan 21 16:42:30 2014: DataProcessor::	Mercury firmware version: 34
Tue Jan 21 16:42:30 2014: DataProcessor::	Penelope/Pennylane firmware version: 18
Tue Jan 21 16:42:30 2014: DataProcessor::	Metis firmware version: 26
Tue Jan 21 16:42:33 2014: Settings::	save settings done.
Tue Jan 21 16:42:33 2014: DataIO::	sent stop command to device at: 192.168.1.118
Tue Jan 21 16:42:33 2014: DataEngine::	HPSDR device stopped
Tue Jan 21 16:42:33 2014: DataEngine::	data IO thread not yet finished...
Tue Jan 21 16:42:33 2014: DataEngine::	data IO thread deleted.
Tue Jan 21 16:42:33 2014: DataEngine::	iq_queue empty.
Tue Jan 21 16:42:33 2014: DataEngine::	data processor thread deleted.
Tue Jan 21 16:42:33 2014: WidebandProcessor::	wrong wide band buffer length: 0
Tue Jan 21 16:42:33 2014: DataEngine::	wide band data processor thread deleted.
Tue Jan 21 16:42:34 2014: DataEngine::	device cards list cleared.
Tue Jan 21 16:42:34 2014: DataEngine::	receiver threads deleted, receivers deleted, receiver & thread list cleared.
Tue Jan 21 16:42:34 2014: Settings::	switch to receiver: 0
Tue Jan 21 16:42:34 2014: MainWindow::	setCurrentReceiver: 0
Tue Jan 21 16:42:34 2014:   
Tue Jan 21 16:42:34 2014: Settings::	**********************************************************
Tue Jan 21 16:42:34 2014: Settings::	Error:			No error
Tue Jan 21 16:42:34 2014: Settings::	HW Interface:		Metis
Tue Jan 21 16:42:34 2014: Settings::	Server Mode:		SDR mode
Tue Jan 21 16:42:34 2014: Settings::	DataEngine State:	down
Tue Jan 21 16:42:34 2014:   
Tue Jan 21 16:42:34 2014: DataEngine::	shut down done.
