Flow report for my_cic
Mon May 14 16:47:05 2007
Quartus II Version 6.1 Build 201 11/27/2006 SJ Web Edition


---------------------
; Table of Contents ;
---------------------
  1. Legal Notice
  2. Flow Summary
  3. Flow Settings
  4. Flow Non-Default Global Settings
  5. Flow Elapsed Time
  6. Flow Log



----------------
; Legal Notice ;
----------------
Copyright (C) 1991-2006 Altera Corporation
Your use of Altera Corporation's design tools, logic functions 
and other software and tools, and its AMPP partner logic 
functions, and any output files from any of the foregoing 
(including device programming or simulation files), and any 
associated documentation or information are expressly subject 
to the terms and conditions of the Altera Program License 
Subscription Agreement, Altera MegaCore Function License 
Agreement, or other applicable license agreement, including, 
without limitation, that your use is for the sole purpose of 
programming logic devices manufactured by Altera and sold by 
Altera or its authorized distributors.  Please refer to the 
applicable agreement for further details.



+------------------------------------------------------------------------------+
; Flow Summary                                                                 ;
+------------------------------------+-----------------------------------------+
; Flow Status                        ; Successful - Mon May 14 16:47:04 2007   ;
; Quartus II Version                 ; 6.1 Build 201 11/27/2006 SJ Web Edition ;
; Revision Name                      ; my_cic                                  ;
; Top-level Entity Name              ; my_cic                                  ;
; Family                             ; Cyclone II                              ;
; Device                             ; EP2C5Q208C8                             ;
; Timing Models                      ; Final                                   ;
; Met timing requirements            ; Yes                                     ;
; Total logic elements               ; 1,842 / 4,608 ( 40 % )                  ;
;     Total combinational functions  ; 1,194 / 4,608 ( 26 % )                  ;
;     Dedicated logic registers      ; 1,842 / 4,608 ( 40 % )                  ;
; Total registers                    ; 1842                                    ;
; Total pins                         ; 46 / 142 ( 32 % )                       ;
; Total virtual pins                 ; 0                                       ;
; Total memory bits                  ; 0 / 119,808 ( 0 % )                     ;
; Embedded Multiplier 9-bit elements ; 0 / 26 ( 0 % )                          ;
; Total PLLs                         ; 0 / 2 ( 0 % )                           ;
+------------------------------------+-----------------------------------------+


+-----------------------------------------+
; Flow Settings                           ;
+-------------------+---------------------+
; Option            ; Setting             ;
+-------------------+---------------------+
; Start date & time ; 05/14/2007 16:46:12 ;
; Main task         ; Compilation         ;
; Revision Name     ; my_cic              ;
+-------------------+---------------------+


+------------------------------------------------------------------------------------------------------------------------+
; Flow Non-Default Global Settings                                                                                       ;
+------------------------+----------------------------------------------------+---------------+-------------+------------+
; Assignment Name        ; Value                                              ; Default Value ; Entity Name ; Section Id ;
+------------------------+----------------------------------------------------+---------------+-------------+------------+
; FMAX_REQUIREMENT       ; 125 MHz                                            ; --            ; --          ; --         ;
; PARTITION_NETLIST_TYPE ; SOURCE                                             ; --            ; --          ; Top        ;
; USER_LIBRARIES         ; C:/FPGA/Mercury/megafunctions/;C:/FPGA/Mercury/db/ ; --            ; --          ; --         ;
+------------------------+----------------------------------------------------+---------------+-------------+------------+


+----------------------------------------+
; Flow Elapsed Time                      ;
+-------------------------+--------------+
; Module Name             ; Elapsed Time ;
+-------------------------+--------------+
; Analysis & Synthesis    ; 00:00:09     ;
; Partition Merge         ; 00:00:01     ;
; Fitter                  ; 00:00:25     ;
; Assembler               ; 00:00:05     ;
; Classic Timing Analyzer ; 00:00:03     ;
; Total                   ; 00:00:43     ;
+-------------------------+--------------+


------------
; Flow Log ;
------------
quartus_map --read_settings_files=on --write_settings_files=off my_cic -c my_cic
quartus_cdb --read_settings_files=off --write_settings_files=off my_cic -c my_cic --merge=on
quartus_fit --read_settings_files=off --write_settings_files=off my_cic -c my_cic
quartus_asm --read_settings_files=off --write_settings_files=off my_cic -c my_cic
quartus_tan --read_settings_files=off --write_settings_files=off my_cic -c my_cic --timing_analysis_only



