                              1 ;--------------------------------------------------------
                              2 ; File Created by SDCC : free open source ANSI-C Compiler
                              3 ; Version 2.9.0 #5416 (Mar 22 2009) (MINGW32)
                              4 ; This file was generated Mon Jan 04 09:33:58 2010
                              5 ;--------------------------------------------------------
                              6 	.module i2c
                              7 	.optsdcc -mmcs51 --model-small
                              8 	
                              9 ;--------------------------------------------------------
                             10 ; Public variables in this module
                             11 ;--------------------------------------------------------
                             12 	.globl _i2c_write_PARM_3
                             13 	.globl _i2c_write_PARM_2
                             14 	.globl _i2c_read_PARM_3
                             15 	.globl _i2c_read_PARM_2
                             16 	.globl _EIPX6
                             17 	.globl _EIPX5
                             18 	.globl _EIPX4
                             19 	.globl _PI2C
                             20 	.globl _PUSB
                             21 	.globl _EIEX6
                             22 	.globl _EIEX5
                             23 	.globl _EIEX4
                             24 	.globl _EI2C
                             25 	.globl _EIUSB
                             26 	.globl _SMOD1
                             27 	.globl _ERESI
                             28 	.globl _RESI
                             29 	.globl _INT6
                             30 	.globl _CY
                             31 	.globl _AC
                             32 	.globl _F0
                             33 	.globl _RS1
                             34 	.globl _RS0
                             35 	.globl _OV
                             36 	.globl _FL
                             37 	.globl _P
                             38 	.globl _TF2
                             39 	.globl _EXF2
                             40 	.globl _RCLK
                             41 	.globl _TCLK
                             42 	.globl _EXEN2
                             43 	.globl _TR2
                             44 	.globl _C_T2
                             45 	.globl _CP_RL2
                             46 	.globl _SM01
                             47 	.globl _SM11
                             48 	.globl _SM21
                             49 	.globl _REN1
                             50 	.globl _TB81
                             51 	.globl _RB81
                             52 	.globl _TI1
                             53 	.globl _RI1
                             54 	.globl _PS1
                             55 	.globl _PT2
                             56 	.globl _PS0
                             57 	.globl _PT1
                             58 	.globl _PX1
                             59 	.globl _PT0
                             60 	.globl _PX0
                             61 	.globl _EA
                             62 	.globl _ES1
                             63 	.globl _ET2
                             64 	.globl _ES0
                             65 	.globl _ET1
                             66 	.globl _EX1
                             67 	.globl _ET0
                             68 	.globl _EX0
                             69 	.globl _SM0
                             70 	.globl _SM1
                             71 	.globl _SM2
                             72 	.globl _REN
                             73 	.globl _TB8
                             74 	.globl _RB8
                             75 	.globl _TI
                             76 	.globl _RI
                             77 	.globl _TF1
                             78 	.globl _TR1
                             79 	.globl _TF0
                             80 	.globl _TR0
                             81 	.globl _IE1
                             82 	.globl _IT1
                             83 	.globl _IE0
                             84 	.globl _IT0
                             85 	.globl _SEL
                             86 	.globl _EIP
                             87 	.globl _B
                             88 	.globl _EIE
                             89 	.globl _ACC
                             90 	.globl _EICON
                             91 	.globl _PSW
                             92 	.globl _TH2
                             93 	.globl _TL2
                             94 	.globl _RCAP2H
                             95 	.globl _RCAP2L
                             96 	.globl _T2CON
                             97 	.globl _SBUF1
                             98 	.globl _SCON1
                             99 	.globl _GPIFSGLDATLNOX
                            100 	.globl _GPIFSGLDATLX
                            101 	.globl _GPIFSGLDATH
                            102 	.globl _GPIFTRIG
                            103 	.globl _EP01STAT
                            104 	.globl _IP
                            105 	.globl _OEE
                            106 	.globl _OED
                            107 	.globl _OEC
                            108 	.globl _OEB
                            109 	.globl _OEA
                            110 	.globl _IOE
                            111 	.globl _IOD
                            112 	.globl _AUTOPTRSETUP
                            113 	.globl _EP68FIFOFLGS
                            114 	.globl _EP24FIFOFLGS
                            115 	.globl _EP2468STAT
                            116 	.globl _IE
                            117 	.globl _INT4CLR
                            118 	.globl _INT2CLR
                            119 	.globl _IOC
                            120 	.globl _AUTODAT2
                            121 	.globl _AUTOPTRL2
                            122 	.globl _AUTOPTRH2
                            123 	.globl _AUTODAT1
                            124 	.globl _APTR1L
                            125 	.globl _APTR1H
                            126 	.globl _SBUF0
                            127 	.globl _SCON0
                            128 	.globl _MPAGE
                            129 	.globl _EXIF
                            130 	.globl _IOB
                            131 	.globl _CKCON
                            132 	.globl _TH1
                            133 	.globl _TH0
                            134 	.globl _TL1
                            135 	.globl _TL0
                            136 	.globl _TMOD
                            137 	.globl _TCON
                            138 	.globl _PCON
                            139 	.globl _DPS
                            140 	.globl _DPH1
                            141 	.globl _DPL1
                            142 	.globl _DPH
                            143 	.globl _DPL
                            144 	.globl _SP
                            145 	.globl _IOA
                            146 	.globl _EP8FIFOBUF
                            147 	.globl _EP6FIFOBUF
                            148 	.globl _EP4FIFOBUF
                            149 	.globl _EP2FIFOBUF
                            150 	.globl _EP1INBUF
                            151 	.globl _EP1OUTBUF
                            152 	.globl _EP0BUF
                            153 	.globl _CT4
                            154 	.globl _CT3
                            155 	.globl _CT2
                            156 	.globl _CT1
                            157 	.globl _USBTEST
                            158 	.globl _TESTCFG
                            159 	.globl _DBUG
                            160 	.globl _UDMACRCQUAL
                            161 	.globl _UDMACRCL
                            162 	.globl _UDMACRCH
                            163 	.globl _GPIFHOLDAMOUNT
                            164 	.globl _FLOWSTBHPERIOD
                            165 	.globl _FLOWSTBEDGE
                            166 	.globl _FLOWSTB
                            167 	.globl _FLOWHOLDOFF
                            168 	.globl _FLOWEQ1CTL
                            169 	.globl _FLOWEQ0CTL
                            170 	.globl _FLOWLOGIC
                            171 	.globl _FLOWSTATE
                            172 	.globl _GPIFABORT
                            173 	.globl _GPIFREADYSTAT
                            174 	.globl _GPIFREADYCFG
                            175 	.globl _XGPIFSGLDATLNOX
                            176 	.globl _XGPIFSGLDATLX
                            177 	.globl _XGPIFSGLDATH
                            178 	.globl _EP8GPIFTRIG
                            179 	.globl _EP8GPIFPFSTOP
                            180 	.globl _EP8GPIFFLGSEL
                            181 	.globl _EP6GPIFTRIG
                            182 	.globl _EP6GPIFPFSTOP
                            183 	.globl _EP6GPIFFLGSEL
                            184 	.globl _EP4GPIFTRIG
                            185 	.globl _EP4GPIFPFSTOP
                            186 	.globl _EP4GPIFFLGSEL
                            187 	.globl _EP2GPIFTRIG
                            188 	.globl _EP2GPIFPFSTOP
                            189 	.globl _EP2GPIFFLGSEL
                            190 	.globl _GPIFTCB0
                            191 	.globl _GPIFTCB1
                            192 	.globl _GPIFTCB2
                            193 	.globl _GPIFTCB3
                            194 	.globl _GPIFADRL
                            195 	.globl _GPIFADRH
                            196 	.globl _GPIFCTLCFG
                            197 	.globl _GPIFIDLECTL
                            198 	.globl _GPIFIDLECS
                            199 	.globl _GPIFWFSELECT
                            200 	.globl _SETUPDAT
                            201 	.globl _SUDPTRCTL
                            202 	.globl _SUDPTRL
                            203 	.globl _SUDPTRH
                            204 	.globl _EP8FIFOBCL
                            205 	.globl _EP8FIFOBCH
                            206 	.globl _EP6FIFOBCL
                            207 	.globl _EP6FIFOBCH
                            208 	.globl _EP4FIFOBCL
                            209 	.globl _EP4FIFOBCH
                            210 	.globl _EP2FIFOBCL
                            211 	.globl _EP2FIFOBCH
                            212 	.globl _EP8FIFOFLGS
                            213 	.globl _EP6FIFOFLGS
                            214 	.globl _EP4FIFOFLGS
                            215 	.globl _EP2FIFOFLGS
                            216 	.globl _EP8CS
                            217 	.globl _EP6CS
                            218 	.globl _EP4CS
                            219 	.globl _EP2CS
                            220 	.globl _EP1INCS
                            221 	.globl _EP1OUTCS
                            222 	.globl _EP0CS
                            223 	.globl _EP8BCL
                            224 	.globl _EP8BCH
                            225 	.globl _EP6BCL
                            226 	.globl _EP6BCH
                            227 	.globl _EP4BCL
                            228 	.globl _EP4BCH
                            229 	.globl _EP2BCL
                            230 	.globl _EP2BCH
                            231 	.globl _EP1INBC
                            232 	.globl _EP1OUTBC
                            233 	.globl _EP0BCL
                            234 	.globl _EP0BCH
                            235 	.globl _FNADDR
                            236 	.globl _MICROFRAME
                            237 	.globl _USBFRAMEL
                            238 	.globl _USBFRAMEH
                            239 	.globl _TOGCTL
                            240 	.globl _WAKEUPCS
                            241 	.globl _SUSPEND
                            242 	.globl _USBCS
                            243 	.globl _XAUTODAT2
                            244 	.globl _XAUTODAT1
                            245 	.globl _I2CTL
                            246 	.globl _I2DAT
                            247 	.globl _I2CS
                            248 	.globl _PORTECFG
                            249 	.globl _PORTCCFG
                            250 	.globl _PORTACFG
                            251 	.globl _INTSETUP
                            252 	.globl _INT4IVEC
                            253 	.globl _INT2IVEC
                            254 	.globl _CLRERRCNT
                            255 	.globl _ERRCNTLIM
                            256 	.globl _USBERRIRQ
                            257 	.globl _USBERRIE
                            258 	.globl _GPIFIRQ
                            259 	.globl _GPIFIE
                            260 	.globl _EPIRQ
                            261 	.globl _EPIE
                            262 	.globl _USBIRQ
                            263 	.globl _USBIE
                            264 	.globl _NAKIRQ
                            265 	.globl _NAKIE
                            266 	.globl _IBNIRQ
                            267 	.globl _IBNIE
                            268 	.globl _EP8FIFOIRQ
                            269 	.globl _EP8FIFOIE
                            270 	.globl _EP6FIFOIRQ
                            271 	.globl _EP6FIFOIE
                            272 	.globl _EP4FIFOIRQ
                            273 	.globl _EP4FIFOIE
                            274 	.globl _EP2FIFOIRQ
                            275 	.globl _EP2FIFOIE
                            276 	.globl _OUTPKTEND
                            277 	.globl _INPKTEND
                            278 	.globl _EP8ISOINPKTS
                            279 	.globl _EP6ISOINPKTS
                            280 	.globl _EP4ISOINPKTS
                            281 	.globl _EP2ISOINPKTS
                            282 	.globl _EP8FIFOPFL
                            283 	.globl _EP8FIFOPFH
                            284 	.globl _EP6FIFOPFL
                            285 	.globl _EP6FIFOPFH
                            286 	.globl _EP4FIFOPFL
                            287 	.globl _EP4FIFOPFH
                            288 	.globl _EP2FIFOPFL
                            289 	.globl _EP2FIFOPFH
                            290 	.globl _EP8AUTOINLENL
                            291 	.globl _EP8AUTOINLENH
                            292 	.globl _EP6AUTOINLENL
                            293 	.globl _EP6AUTOINLENH
                            294 	.globl _EP4AUTOINLENL
                            295 	.globl _EP4AUTOINLENH
                            296 	.globl _EP2AUTOINLENL
                            297 	.globl _EP2AUTOINLENH
                            298 	.globl _EP8FIFOCFG
                            299 	.globl _EP6FIFOCFG
                            300 	.globl _EP4FIFOCFG
                            301 	.globl _EP2FIFOCFG
                            302 	.globl _EP8CFG
                            303 	.globl _EP6CFG
                            304 	.globl _EP4CFG
                            305 	.globl _EP2CFG
                            306 	.globl _EP1INCFG
                            307 	.globl _EP1OUTCFG
                            308 	.globl _REVCTL
                            309 	.globl _REVID
                            310 	.globl _FIFOPINPOLAR
                            311 	.globl _UART230
                            312 	.globl _BPADDRL
                            313 	.globl _BPADDRH
                            314 	.globl _BREAKPT
                            315 	.globl _FIFORESET
                            316 	.globl _PINFLAGSCD
                            317 	.globl _PINFLAGSAB
                            318 	.globl _IFCONFIG
                            319 	.globl _CPUCS
                            320 	.globl _RES_WAVEDATA_END
                            321 	.globl _GPIF_WAVE_DATA
                            322 	.globl _i2c_read
                            323 	.globl _i2c_write
                            324 ;--------------------------------------------------------
                            325 ; special function registers
                            326 ;--------------------------------------------------------
                            327 	.area RSEG    (DATA)
                    0080    328 _IOA	=	0x0080
                    0081    329 _SP	=	0x0081
                    0082    330 _DPL	=	0x0082
                    0083    331 _DPH	=	0x0083
                    0084    332 _DPL1	=	0x0084
                    0085    333 _DPH1	=	0x0085
                    0086    334 _DPS	=	0x0086
                    0087    335 _PCON	=	0x0087
                    0088    336 _TCON	=	0x0088
                    0089    337 _TMOD	=	0x0089
                    008A    338 _TL0	=	0x008a
                    008B    339 _TL1	=	0x008b
                    008C    340 _TH0	=	0x008c
                    008D    341 _TH1	=	0x008d
                    008E    342 _CKCON	=	0x008e
                    0090    343 _IOB	=	0x0090
                    0091    344 _EXIF	=	0x0091
                    0092    345 _MPAGE	=	0x0092
                    0098    346 _SCON0	=	0x0098
                    0099    347 _SBUF0	=	0x0099
                    009A    348 _APTR1H	=	0x009a
                    009B    349 _APTR1L	=	0x009b
                    009C    350 _AUTODAT1	=	0x009c
                    009D    351 _AUTOPTRH2	=	0x009d
                    009E    352 _AUTOPTRL2	=	0x009e
                    009F    353 _AUTODAT2	=	0x009f
                    00A0    354 _IOC	=	0x00a0
                    00A1    355 _INT2CLR	=	0x00a1
                    00A2    356 _INT4CLR	=	0x00a2
                    00A8    357 _IE	=	0x00a8
                    00AA    358 _EP2468STAT	=	0x00aa
                    00AB    359 _EP24FIFOFLGS	=	0x00ab
                    00AC    360 _EP68FIFOFLGS	=	0x00ac
                    00AF    361 _AUTOPTRSETUP	=	0x00af
                    00B0    362 _IOD	=	0x00b0
                    00B1    363 _IOE	=	0x00b1
                    00B2    364 _OEA	=	0x00b2
                    00B3    365 _OEB	=	0x00b3
                    00B4    366 _OEC	=	0x00b4
                    00B5    367 _OED	=	0x00b5
                    00B6    368 _OEE	=	0x00b6
                    00B8    369 _IP	=	0x00b8
                    00BA    370 _EP01STAT	=	0x00ba
                    00BB    371 _GPIFTRIG	=	0x00bb
                    00BD    372 _GPIFSGLDATH	=	0x00bd
                    00BE    373 _GPIFSGLDATLX	=	0x00be
                    00BF    374 _GPIFSGLDATLNOX	=	0x00bf
                    00C0    375 _SCON1	=	0x00c0
                    00C1    376 _SBUF1	=	0x00c1
                    00C8    377 _T2CON	=	0x00c8
                    00CA    378 _RCAP2L	=	0x00ca
                    00CB    379 _RCAP2H	=	0x00cb
                    00CC    380 _TL2	=	0x00cc
                    00CD    381 _TH2	=	0x00cd
                    00D0    382 _PSW	=	0x00d0
                    00D8    383 _EICON	=	0x00d8
                    00E0    384 _ACC	=	0x00e0
                    00E8    385 _EIE	=	0x00e8
                    00F0    386 _B	=	0x00f0
                    00F8    387 _EIP	=	0x00f8
                            388 ;--------------------------------------------------------
                            389 ; special function bits
                            390 ;--------------------------------------------------------
                            391 	.area RSEG    (DATA)
                    0086    392 _SEL	=	0x0086
                    0088    393 _IT0	=	0x0088
                    0089    394 _IE0	=	0x0089
                    008A    395 _IT1	=	0x008a
                    008B    396 _IE1	=	0x008b
                    008C    397 _TR0	=	0x008c
                    008D    398 _TF0	=	0x008d
                    008E    399 _TR1	=	0x008e
                    008F    400 _TF1	=	0x008f
                    0098    401 _RI	=	0x0098
                    0099    402 _TI	=	0x0099
                    009A    403 _RB8	=	0x009a
                    009B    404 _TB8	=	0x009b
                    009C    405 _REN	=	0x009c
                    009D    406 _SM2	=	0x009d
                    009E    407 _SM1	=	0x009e
                    009F    408 _SM0	=	0x009f
                    00A8    409 _EX0	=	0x00a8
                    00A9    410 _ET0	=	0x00a9
                    00AA    411 _EX1	=	0x00aa
                    00AB    412 _ET1	=	0x00ab
                    00AC    413 _ES0	=	0x00ac
                    00AD    414 _ET2	=	0x00ad
                    00AE    415 _ES1	=	0x00ae
                    00AF    416 _EA	=	0x00af
                    00B8    417 _PX0	=	0x00b8
                    00B9    418 _PT0	=	0x00b9
                    00BA    419 _PX1	=	0x00ba
                    00BB    420 _PT1	=	0x00bb
                    00BC    421 _PS0	=	0x00bc
                    00BD    422 _PT2	=	0x00bd
                    00BE    423 _PS1	=	0x00be
                    00C0    424 _RI1	=	0x00c0
                    00C1    425 _TI1	=	0x00c1
                    00C2    426 _RB81	=	0x00c2
                    00C3    427 _TB81	=	0x00c3
                    00C4    428 _REN1	=	0x00c4
                    00C5    429 _SM21	=	0x00c5
                    00C6    430 _SM11	=	0x00c6
                    00C7    431 _SM01	=	0x00c7
                    00C8    432 _CP_RL2	=	0x00c8
                    00C9    433 _C_T2	=	0x00c9
                    00CA    434 _TR2	=	0x00ca
                    00CB    435 _EXEN2	=	0x00cb
                    00CC    436 _TCLK	=	0x00cc
                    00CD    437 _RCLK	=	0x00cd
                    00CE    438 _EXF2	=	0x00ce
                    00CF    439 _TF2	=	0x00cf
                    00D0    440 _P	=	0x00d0
                    00D1    441 _FL	=	0x00d1
                    00D2    442 _OV	=	0x00d2
                    00D3    443 _RS0	=	0x00d3
                    00D4    444 _RS1	=	0x00d4
                    00D5    445 _F0	=	0x00d5
                    00D6    446 _AC	=	0x00d6
                    00D7    447 _CY	=	0x00d7
                    00DB    448 _INT6	=	0x00db
                    00DC    449 _RESI	=	0x00dc
                    00DD    450 _ERESI	=	0x00dd
                    00DF    451 _SMOD1	=	0x00df
                    00E8    452 _EIUSB	=	0x00e8
                    00E9    453 _EI2C	=	0x00e9
                    00EA    454 _EIEX4	=	0x00ea
                    00EB    455 _EIEX5	=	0x00eb
                    00EC    456 _EIEX6	=	0x00ec
                    00F8    457 _PUSB	=	0x00f8
                    00F9    458 _PI2C	=	0x00f9
                    00FA    459 _EIPX4	=	0x00fa
                    00FB    460 _EIPX5	=	0x00fb
                    00FC    461 _EIPX6	=	0x00fc
                            462 ;--------------------------------------------------------
                            463 ; overlayable register banks
                            464 ;--------------------------------------------------------
                            465 	.area REG_BANK_0	(REL,OVR,DATA)
   0000                     466 	.ds 8
                            467 ;--------------------------------------------------------
                            468 ; internal ram data
                            469 ;--------------------------------------------------------
                            470 	.area DSEG    (DATA)
                            471 ;--------------------------------------------------------
                            472 ; overlayable items in internal ram 
                            473 ;--------------------------------------------------------
                            474 	.area	OSEG    (OVR,DATA)
   0000                     475 _i2c_read_PARM_2::
   0000                     476 	.ds 2
   0002                     477 _i2c_read_PARM_3::
   0002                     478 	.ds 1
   0003                     479 _i2c_read_junk_1_1::
   0003                     480 	.ds 1
                            481 	.area	OSEG    (OVR,DATA)
   0000                     482 _i2c_write_PARM_2::
   0000                     483 	.ds 2
   0002                     484 _i2c_write_PARM_3::
   0002                     485 	.ds 1
                            486 ;--------------------------------------------------------
                            487 ; indirectly addressable internal ram data
                            488 ;--------------------------------------------------------
                            489 	.area ISEG    (DATA)
                            490 ;--------------------------------------------------------
                            491 ; absolute internal ram data
                            492 ;--------------------------------------------------------
                            493 	.area IABS    (ABS,DATA)
                            494 	.area IABS    (ABS,DATA)
                            495 ;--------------------------------------------------------
                            496 ; bit data
                            497 ;--------------------------------------------------------
                            498 	.area BSEG    (BIT)
                            499 ;--------------------------------------------------------
                            500 ; paged external ram data
                            501 ;--------------------------------------------------------
                            502 	.area PSEG    (PAG,XDATA)
                            503 ;--------------------------------------------------------
                            504 ; external ram data
                            505 ;--------------------------------------------------------
                            506 	.area XSEG    (XDATA)
                    E400    507 _GPIF_WAVE_DATA	=	0xe400
                    E480    508 _RES_WAVEDATA_END	=	0xe480
                    E600    509 _CPUCS	=	0xe600
                    E601    510 _IFCONFIG	=	0xe601
                    E602    511 _PINFLAGSAB	=	0xe602
                    E603    512 _PINFLAGSCD	=	0xe603
                    E604    513 _FIFORESET	=	0xe604
                    E605    514 _BREAKPT	=	0xe605
                    E606    515 _BPADDRH	=	0xe606
                    E607    516 _BPADDRL	=	0xe607
                    E608    517 _UART230	=	0xe608
                    E609    518 _FIFOPINPOLAR	=	0xe609
                    E60A    519 _REVID	=	0xe60a
                    E60B    520 _REVCTL	=	0xe60b
                    E610    521 _EP1OUTCFG	=	0xe610
                    E611    522 _EP1INCFG	=	0xe611
                    E612    523 _EP2CFG	=	0xe612
                    E613    524 _EP4CFG	=	0xe613
                    E614    525 _EP6CFG	=	0xe614
                    E615    526 _EP8CFG	=	0xe615
                    E618    527 _EP2FIFOCFG	=	0xe618
                    E619    528 _EP4FIFOCFG	=	0xe619
                    E61A    529 _EP6FIFOCFG	=	0xe61a
                    E61B    530 _EP8FIFOCFG	=	0xe61b
                    E620    531 _EP2AUTOINLENH	=	0xe620
                    E621    532 _EP2AUTOINLENL	=	0xe621
                    E622    533 _EP4AUTOINLENH	=	0xe622
                    E623    534 _EP4AUTOINLENL	=	0xe623
                    E624    535 _EP6AUTOINLENH	=	0xe624
                    E625    536 _EP6AUTOINLENL	=	0xe625
                    E626    537 _EP8AUTOINLENH	=	0xe626
                    E627    538 _EP8AUTOINLENL	=	0xe627
                    E630    539 _EP2FIFOPFH	=	0xe630
                    E631    540 _EP2FIFOPFL	=	0xe631
                    E632    541 _EP4FIFOPFH	=	0xe632
                    E633    542 _EP4FIFOPFL	=	0xe633
                    E634    543 _EP6FIFOPFH	=	0xe634
                    E635    544 _EP6FIFOPFL	=	0xe635
                    E636    545 _EP8FIFOPFH	=	0xe636
                    E637    546 _EP8FIFOPFL	=	0xe637
                    E640    547 _EP2ISOINPKTS	=	0xe640
                    E641    548 _EP4ISOINPKTS	=	0xe641
                    E642    549 _EP6ISOINPKTS	=	0xe642
                    E643    550 _EP8ISOINPKTS	=	0xe643
                    E648    551 _INPKTEND	=	0xe648
                    E649    552 _OUTPKTEND	=	0xe649
                    E650    553 _EP2FIFOIE	=	0xe650
                    E651    554 _EP2FIFOIRQ	=	0xe651
                    E652    555 _EP4FIFOIE	=	0xe652
                    E653    556 _EP4FIFOIRQ	=	0xe653
                    E654    557 _EP6FIFOIE	=	0xe654
                    E655    558 _EP6FIFOIRQ	=	0xe655
                    E656    559 _EP8FIFOIE	=	0xe656
                    E657    560 _EP8FIFOIRQ	=	0xe657
                    E658    561 _IBNIE	=	0xe658
                    E659    562 _IBNIRQ	=	0xe659
                    E65A    563 _NAKIE	=	0xe65a
                    E65B    564 _NAKIRQ	=	0xe65b
                    E65C    565 _USBIE	=	0xe65c
                    E65D    566 _USBIRQ	=	0xe65d
                    E65E    567 _EPIE	=	0xe65e
                    E65F    568 _EPIRQ	=	0xe65f
                    E660    569 _GPIFIE	=	0xe660
                    E661    570 _GPIFIRQ	=	0xe661
                    E662    571 _USBERRIE	=	0xe662
                    E663    572 _USBERRIRQ	=	0xe663
                    E664    573 _ERRCNTLIM	=	0xe664
                    E665    574 _CLRERRCNT	=	0xe665
                    E666    575 _INT2IVEC	=	0xe666
                    E667    576 _INT4IVEC	=	0xe667
                    E668    577 _INTSETUP	=	0xe668
                    E670    578 _PORTACFG	=	0xe670
                    E671    579 _PORTCCFG	=	0xe671
                    E672    580 _PORTECFG	=	0xe672
                    E678    581 _I2CS	=	0xe678
                    E679    582 _I2DAT	=	0xe679
                    E67A    583 _I2CTL	=	0xe67a
                    E67B    584 _XAUTODAT1	=	0xe67b
                    E67C    585 _XAUTODAT2	=	0xe67c
                    E680    586 _USBCS	=	0xe680
                    E681    587 _SUSPEND	=	0xe681
                    E682    588 _WAKEUPCS	=	0xe682
                    E683    589 _TOGCTL	=	0xe683
                    E684    590 _USBFRAMEH	=	0xe684
                    E685    591 _USBFRAMEL	=	0xe685
                    E686    592 _MICROFRAME	=	0xe686
                    E687    593 _FNADDR	=	0xe687
                    E68A    594 _EP0BCH	=	0xe68a
                    E68B    595 _EP0BCL	=	0xe68b
                    E68D    596 _EP1OUTBC	=	0xe68d
                    E68F    597 _EP1INBC	=	0xe68f
                    E690    598 _EP2BCH	=	0xe690
                    E691    599 _EP2BCL	=	0xe691
                    E694    600 _EP4BCH	=	0xe694
                    E695    601 _EP4BCL	=	0xe695
                    E698    602 _EP6BCH	=	0xe698
                    E699    603 _EP6BCL	=	0xe699
                    E69C    604 _EP8BCH	=	0xe69c
                    E69D    605 _EP8BCL	=	0xe69d
                    E6A0    606 _EP0CS	=	0xe6a0
                    E6A1    607 _EP1OUTCS	=	0xe6a1
                    E6A2    608 _EP1INCS	=	0xe6a2
                    E6A3    609 _EP2CS	=	0xe6a3
                    E6A4    610 _EP4CS	=	0xe6a4
                    E6A5    611 _EP6CS	=	0xe6a5
                    E6A6    612 _EP8CS	=	0xe6a6
                    E6A7    613 _EP2FIFOFLGS	=	0xe6a7
                    E6A8    614 _EP4FIFOFLGS	=	0xe6a8
                    E6A9    615 _EP6FIFOFLGS	=	0xe6a9
                    E6AA    616 _EP8FIFOFLGS	=	0xe6aa
                    E6AB    617 _EP2FIFOBCH	=	0xe6ab
                    E6AC    618 _EP2FIFOBCL	=	0xe6ac
                    E6AD    619 _EP4FIFOBCH	=	0xe6ad
                    E6AE    620 _EP4FIFOBCL	=	0xe6ae
                    E6AF    621 _EP6FIFOBCH	=	0xe6af
                    E6B0    622 _EP6FIFOBCL	=	0xe6b0
                    E6B1    623 _EP8FIFOBCH	=	0xe6b1
                    E6B2    624 _EP8FIFOBCL	=	0xe6b2
                    E6B3    625 _SUDPTRH	=	0xe6b3
                    E6B4    626 _SUDPTRL	=	0xe6b4
                    E6B5    627 _SUDPTRCTL	=	0xe6b5
                    E6B8    628 _SETUPDAT	=	0xe6b8
                    E6C0    629 _GPIFWFSELECT	=	0xe6c0
                    E6C1    630 _GPIFIDLECS	=	0xe6c1
                    E6C2    631 _GPIFIDLECTL	=	0xe6c2
                    E6C3    632 _GPIFCTLCFG	=	0xe6c3
                    E6C4    633 _GPIFADRH	=	0xe6c4
                    E6C5    634 _GPIFADRL	=	0xe6c5
                    E6CE    635 _GPIFTCB3	=	0xe6ce
                    E6CF    636 _GPIFTCB2	=	0xe6cf
                    E6D0    637 _GPIFTCB1	=	0xe6d0
                    E6D1    638 _GPIFTCB0	=	0xe6d1
                    E6D2    639 _EP2GPIFFLGSEL	=	0xe6d2
                    E6D3    640 _EP2GPIFPFSTOP	=	0xe6d3
                    E6D4    641 _EP2GPIFTRIG	=	0xe6d4
                    E6DA    642 _EP4GPIFFLGSEL	=	0xe6da
                    E6DB    643 _EP4GPIFPFSTOP	=	0xe6db
                    E6DC    644 _EP4GPIFTRIG	=	0xe6dc
                    E6E2    645 _EP6GPIFFLGSEL	=	0xe6e2
                    E6E3    646 _EP6GPIFPFSTOP	=	0xe6e3
                    E6E4    647 _EP6GPIFTRIG	=	0xe6e4
                    E6EA    648 _EP8GPIFFLGSEL	=	0xe6ea
                    E6EB    649 _EP8GPIFPFSTOP	=	0xe6eb
                    E6EC    650 _EP8GPIFTRIG	=	0xe6ec
                    E6F0    651 _XGPIFSGLDATH	=	0xe6f0
                    E6F1    652 _XGPIFSGLDATLX	=	0xe6f1
                    E6F2    653 _XGPIFSGLDATLNOX	=	0xe6f2
                    E6F3    654 _GPIFREADYCFG	=	0xe6f3
                    E6F4    655 _GPIFREADYSTAT	=	0xe6f4
                    E6F5    656 _GPIFABORT	=	0xe6f5
                    E6C6    657 _FLOWSTATE	=	0xe6c6
                    E6C7    658 _FLOWLOGIC	=	0xe6c7
                    E6C8    659 _FLOWEQ0CTL	=	0xe6c8
                    E6C9    660 _FLOWEQ1CTL	=	0xe6c9
                    E6CA    661 _FLOWHOLDOFF	=	0xe6ca
                    E6CB    662 _FLOWSTB	=	0xe6cb
                    E6CC    663 _FLOWSTBEDGE	=	0xe6cc
                    E6CD    664 _FLOWSTBHPERIOD	=	0xe6cd
                    E60C    665 _GPIFHOLDAMOUNT	=	0xe60c
                    E67D    666 _UDMACRCH	=	0xe67d
                    E67E    667 _UDMACRCL	=	0xe67e
                    E67F    668 _UDMACRCQUAL	=	0xe67f
                    E6F8    669 _DBUG	=	0xe6f8
                    E6F9    670 _TESTCFG	=	0xe6f9
                    E6FA    671 _USBTEST	=	0xe6fa
                    E6FB    672 _CT1	=	0xe6fb
                    E6FC    673 _CT2	=	0xe6fc
                    E6FD    674 _CT3	=	0xe6fd
                    E6FE    675 _CT4	=	0xe6fe
                    E740    676 _EP0BUF	=	0xe740
                    E780    677 _EP1OUTBUF	=	0xe780
                    E7C0    678 _EP1INBUF	=	0xe7c0
                    F000    679 _EP2FIFOBUF	=	0xf000
                    F400    680 _EP4FIFOBUF	=	0xf400
                    F800    681 _EP6FIFOBUF	=	0xf800
                    FC00    682 _EP8FIFOBUF	=	0xfc00
                            683 ;--------------------------------------------------------
                            684 ; absolute external ram data
                            685 ;--------------------------------------------------------
                            686 	.area XABS    (ABS,XDATA)
                            687 ;--------------------------------------------------------
                            688 ; external initialized ram data
                            689 ;--------------------------------------------------------
                            690 	.area HOME    (CODE)
                            691 	.area GSINIT0 (CODE)
                            692 	.area GSINIT1 (CODE)
                            693 	.area GSINIT2 (CODE)
                            694 	.area GSINIT3 (CODE)
                            695 	.area GSINIT4 (CODE)
                            696 	.area GSINIT5 (CODE)
                            697 	.area GSINIT  (CODE)
                            698 	.area GSFINAL (CODE)
                            699 	.area CSEG    (CODE)
                            700 ;--------------------------------------------------------
                            701 ; global & static initialisations
                            702 ;--------------------------------------------------------
                            703 	.area HOME    (CODE)
                            704 	.area GSINIT  (CODE)
                            705 	.area GSFINAL (CODE)
                            706 	.area GSINIT  (CODE)
                            707 ;--------------------------------------------------------
                            708 ; Home
                            709 ;--------------------------------------------------------
                            710 	.area HOME    (CODE)
                            711 	.area HOME    (CODE)
                            712 ;--------------------------------------------------------
                            713 ; code
                            714 ;--------------------------------------------------------
                            715 	.area CSEG    (CODE)
                            716 ;------------------------------------------------------------
                            717 ;Allocation info for local variables in function 'i2c_read'
                            718 ;------------------------------------------------------------
                            719 ;buf                       Allocated with name '_i2c_read_PARM_2'
                            720 ;len                       Allocated with name '_i2c_read_PARM_3'
                            721 ;addr                      Allocated to registers r2 
                            722 ;junk                      Allocated with name '_i2c_read_junk_1_1'
                            723 ;------------------------------------------------------------
                            724 ;	../Initial/src/lib/i2c.c:36: i2c_read (unsigned char addr, xdata unsigned char *buf, unsigned char len)
                            725 ;	-----------------------------------------
                            726 ;	 function i2c_read
                            727 ;	-----------------------------------------
   0000                     728 _i2c_read:
                    0002    729 	ar2 = 0x02
                    0003    730 	ar3 = 0x03
                    0004    731 	ar4 = 0x04
                    0005    732 	ar5 = 0x05
                    0006    733 	ar6 = 0x06
                    0007    734 	ar7 = 0x07
                    0000    735 	ar0 = 0x00
                    0001    736 	ar1 = 0x01
   0000 AA 82               737 	mov	r2,dpl
                            738 ;	../Initial/src/lib/i2c.c:40: if (len == 0)			// reading zero bytes always works
   0002 E5*02               739 	mov	a,_i2c_read_PARM_3
   0004 70 04               740 	jnz	00103$
                            741 ;	../Initial/src/lib/i2c.c:41: return 1;
   0006 75 82 01            742 	mov	dpl,#0x01
   0009 22                  743 	ret
                            744 ;	../Initial/src/lib/i2c.c:43: while (I2CS & bmSTOP)		// wait for stop to clear
   000A                     745 00103$:
   000A 90 E6 78            746 	mov	dptr,#_I2CS
   000D E0                  747 	movx	a,@dptr
   000E FB                  748 	mov	r3,a
   000F 20 E6 F8            749 	jb	acc.6,00103$
                            750 ;	../Initial/src/lib/i2c.c:46: I2CS = bmSTART;
   0012 90 E6 78            751 	mov	dptr,#_I2CS
   0015 74 80               752 	mov	a,#0x80
   0017 F0                  753 	movx	@dptr,a
                            754 ;	../Initial/src/lib/i2c.c:47: I2DAT = (addr << 1) | 1;	// write address and direction (1's the read bit)
   0018 EA                  755 	mov	a,r2
   0019 2A                  756 	add	a,r2
   001A FA                  757 	mov	r2,a
   001B 90 E6 79            758 	mov	dptr,#_I2DAT
   001E 74 01               759 	mov	a,#0x01
   0020 4A                  760 	orl	a,r2
   0021 F0                  761 	movx	@dptr,a
                            762 ;	../Initial/src/lib/i2c.c:49: while ((I2CS & bmDONE) == 0)
   0022                     763 00106$:
   0022 90 E6 78            764 	mov	dptr,#_I2CS
   0025 E0                  765 	movx	a,@dptr
   0026 FA                  766 	mov	r2,a
   0027 30 E0 F8            767 	jnb	acc.0,00106$
                            768 ;	../Initial/src/lib/i2c.c:52: if ((I2CS & bmBERR) || (I2CS & bmACK) == 0)	// no device answered...
   002A 90 E6 78            769 	mov	dptr,#_I2CS
   002D E0                  770 	movx	a,@dptr
   002E FA                  771 	mov	r2,a
   002F 30 E2 03            772 	jnb	acc.2,00151$
   0032 02s00rB5            773 	ljmp	00129$
   0035                     774 00151$:
   0035 90 E6 78            775 	mov	dptr,#_I2CS
   0038 E0                  776 	movx	a,@dptr
   0039 FA                  777 	mov	r2,a
   003A 20 E1 03            778 	jb	acc.1,00152$
   003D 02s00rB5            779 	ljmp	00129$
   0040                     780 00152$:
                            781 ;	../Initial/src/lib/i2c.c:55: if (len == 1)
   0040 74 01               782 	mov	a,#0x01
   0042 B5*02 08            783 	cjne	a,_i2c_read_PARM_3,00113$
                            784 ;	../Initial/src/lib/i2c.c:56: I2CS |= bmLASTRD;
   0045 90 E6 78            785 	mov	dptr,#_I2CS
   0048 E0                  786 	movx	a,@dptr
   0049 FA                  787 	mov	r2,a
   004A 44 20               788 	orl	a,#0x20
   004C F0                  789 	movx	@dptr,a
   004D                     790 00113$:
                            791 ;	../Initial/src/lib/i2c.c:58: junk = I2DAT;			// trigger the first read cycle
   004D 90 E6 79            792 	mov	dptr,#_I2DAT
   0050 E0                  793 	movx	a,@dptr
   0051 F5*03               794 	mov	_i2c_read_junk_1_1,a
                            795 ;	../Initial/src/lib/i2c.c:60: while (--len != 0){
   0053 AA*00               796 	mov	r2,_i2c_read_PARM_2
   0055 AB*01               797 	mov	r3,(_i2c_read_PARM_2 + 1)
   0057 AC*02               798 	mov	r4,_i2c_read_PARM_3
   0059                     799 00121$:
   0059 1C                  800 	dec	r4
   005A EC                  801 	mov	a,r4
   005B 60 30               802 	jz	00124$
                            803 ;	../Initial/src/lib/i2c.c:61: while ((I2CS & bmDONE) == 0)
   005D                     804 00114$:
   005D 90 E6 78            805 	mov	dptr,#_I2CS
   0060 E0                  806 	movx	a,@dptr
   0061 FD                  807 	mov	r5,a
   0062 30 E0 F8            808 	jnb	acc.0,00114$
                            809 ;	../Initial/src/lib/i2c.c:64: if (I2CS & bmBERR)
   0065 90 E6 78            810 	mov	dptr,#_I2CS
   0068 E0                  811 	movx	a,@dptr
   0069 FD                  812 	mov	r5,a
   006A 20 E2 48            813 	jb	acc.2,00129$
                            814 ;	../Initial/src/lib/i2c.c:67: if (len == 1)
   006D BC 01 08            815 	cjne	r4,#0x01,00120$
                            816 ;	../Initial/src/lib/i2c.c:68: I2CS |= bmLASTRD;
   0070 90 E6 78            817 	mov	dptr,#_I2CS
   0073 E0                  818 	movx	a,@dptr
   0074 FD                  819 	mov	r5,a
   0075 44 20               820 	orl	a,#0x20
   0077 F0                  821 	movx	@dptr,a
   0078                     822 00120$:
                            823 ;	../Initial/src/lib/i2c.c:70: *buf++ = I2DAT;		// get data, trigger another read
   0078 90 E6 79            824 	mov	dptr,#_I2DAT
   007B E0                  825 	movx	a,@dptr
   007C FD                  826 	mov	r5,a
   007D 8A 82               827 	mov	dpl,r2
   007F 8B 83               828 	mov	dph,r3
   0081 F0                  829 	movx	@dptr,a
   0082 A3                  830 	inc	dptr
   0083 AA 82               831 	mov	r2,dpl
   0085 AB 83               832 	mov	r3,dph
   0087 8A*00               833 	mov	_i2c_read_PARM_2,r2
   0089 8B*01               834 	mov	(_i2c_read_PARM_2 + 1),r3
                            835 ;	../Initial/src/lib/i2c.c:75: while ((I2CS & bmDONE) == 0)
   008B 80 CC               836 	sjmp	00121$
   008D                     837 00124$:
   008D 90 E6 78            838 	mov	dptr,#_I2CS
   0090 E0                  839 	movx	a,@dptr
   0091 FA                  840 	mov	r2,a
   0092 30 E0 F8            841 	jnb	acc.0,00124$
                            842 ;	../Initial/src/lib/i2c.c:78: if (I2CS & bmBERR)
   0095 90 E6 78            843 	mov	dptr,#_I2CS
   0098 E0                  844 	movx	a,@dptr
   0099 FA                  845 	mov	r2,a
   009A 20 E2 18            846 	jb	acc.2,00129$
                            847 ;	../Initial/src/lib/i2c.c:81: I2CS |= bmSTOP;
   009D 90 E6 78            848 	mov	dptr,#_I2CS
   00A0 E0                  849 	movx	a,@dptr
   00A1 44 40               850 	orl	a,#0x40
   00A3 F0                  851 	movx	@dptr,a
                            852 ;	../Initial/src/lib/i2c.c:82: *buf = I2DAT;
   00A4 AA*00               853 	mov	r2,_i2c_read_PARM_2
   00A6 AB*01               854 	mov	r3,(_i2c_read_PARM_2 + 1)
   00A8 90 E6 79            855 	mov	dptr,#_I2DAT
   00AB E0                  856 	movx	a,@dptr
   00AC 8A 82               857 	mov	dpl,r2
   00AE 8B 83               858 	mov	dph,r3
   00B0 F0                  859 	movx	@dptr,a
                            860 ;	../Initial/src/lib/i2c.c:84: return 1;
   00B1 75 82 01            861 	mov	dpl,#0x01
                            862 ;	../Initial/src/lib/i2c.c:86: fail:
   00B4 22                  863 	ret
   00B5                     864 00129$:
                            865 ;	../Initial/src/lib/i2c.c:87: I2CS |= bmSTOP;
   00B5 90 E6 78            866 	mov	dptr,#_I2CS
   00B8 E0                  867 	movx	a,@dptr
   00B9 44 40               868 	orl	a,#0x40
   00BB F0                  869 	movx	@dptr,a
                            870 ;	../Initial/src/lib/i2c.c:88: return 0;
   00BC 75 82 00            871 	mov	dpl,#0x00
   00BF 22                  872 	ret
                            873 ;------------------------------------------------------------
                            874 ;Allocation info for local variables in function 'i2c_write'
                            875 ;------------------------------------------------------------
                            876 ;buf                       Allocated with name '_i2c_write_PARM_2'
                            877 ;len                       Allocated with name '_i2c_write_PARM_3'
                            878 ;addr                      Allocated to registers r2 
                            879 ;------------------------------------------------------------
                            880 ;	../Initial/src/lib/i2c.c:95: i2c_write (unsigned char addr, xdata const unsigned char *buf, unsigned char len)
                            881 ;	-----------------------------------------
                            882 ;	 function i2c_write
                            883 ;	-----------------------------------------
   00C0                     884 _i2c_write:
   00C0 AA 82               885 	mov	r2,dpl
                            886 ;	../Initial/src/lib/i2c.c:97: while (I2CS & bmSTOP)		// wait for stop to clear
   00C2                     887 00101$:
   00C2 90 E6 78            888 	mov	dptr,#_I2CS
   00C5 E0                  889 	movx	a,@dptr
   00C6 FB                  890 	mov	r3,a
   00C7 20 E6 F8            891 	jb	acc.6,00101$
                            892 ;	../Initial/src/lib/i2c.c:100: I2CS = bmSTART;
   00CA 90 E6 78            893 	mov	dptr,#_I2CS
   00CD 74 80               894 	mov	a,#0x80
   00CF F0                  895 	movx	@dptr,a
                            896 ;	../Initial/src/lib/i2c.c:101: I2DAT = (addr << 1) | 0;	// write address and direction (0's the write bit)
   00D0 EA                  897 	mov	a,r2
   00D1 2A                  898 	add	a,r2
   00D2 FA                  899 	mov	r2,a
   00D3 90 E6 79            900 	mov	dptr,#_I2DAT
   00D6 F0                  901 	movx	@dptr,a
                            902 ;	../Initial/src/lib/i2c.c:103: while ((I2CS & bmDONE) == 0)
   00D7                     903 00104$:
   00D7 90 E6 78            904 	mov	dptr,#_I2CS
   00DA E0                  905 	movx	a,@dptr
   00DB FA                  906 	mov	r2,a
   00DC 30 E0 F8            907 	jnb	acc.0,00104$
                            908 ;	../Initial/src/lib/i2c.c:106: if ((I2CS & bmBERR) || (I2CS & bmACK) == 0)	// no device answered...
   00DF 90 E6 78            909 	mov	dptr,#_I2CS
   00E2 E0                  910 	movx	a,@dptr
   00E3 FA                  911 	mov	r2,a
   00E4 20 E2 47            912 	jb	acc.2,00119$
   00E7 90 E6 78            913 	mov	dptr,#_I2CS
   00EA E0                  914 	movx	a,@dptr
   00EB FA                  915 	mov	r2,a
   00EC 30 E1 3F            916 	jnb	acc.1,00119$
                            917 ;	../Initial/src/lib/i2c.c:109: while (len > 0){
   00EF AA*00               918 	mov	r2,_i2c_write_PARM_2
   00F1 AB*01               919 	mov	r3,(_i2c_write_PARM_2 + 1)
   00F3 AC*02               920 	mov	r4,_i2c_write_PARM_3
   00F5                     921 00116$:
   00F5 EC                  922 	mov	a,r4
   00F6 60 2B               923 	jz	00118$
                            924 ;	../Initial/src/lib/i2c.c:110: I2DAT = *buf++;
   00F8 8A 82               925 	mov	dpl,r2
   00FA 8B 83               926 	mov	dph,r3
   00FC E0                  927 	movx	a,@dptr
   00FD FD                  928 	mov	r5,a
   00FE A3                  929 	inc	dptr
   00FF AA 82               930 	mov	r2,dpl
   0101 AB 83               931 	mov	r3,dph
   0103 90 E6 79            932 	mov	dptr,#_I2DAT
   0106 ED                  933 	mov	a,r5
   0107 F0                  934 	movx	@dptr,a
                            935 ;	../Initial/src/lib/i2c.c:111: len--;
   0108 1C                  936 	dec	r4
                            937 ;	../Initial/src/lib/i2c.c:113: while ((I2CS & bmDONE) == 0)
   0109                     938 00110$:
   0109 90 E6 78            939 	mov	dptr,#_I2CS
   010C E0                  940 	movx	a,@dptr
   010D FD                  941 	mov	r5,a
   010E 30 E0 F8            942 	jnb	acc.0,00110$
                            943 ;	../Initial/src/lib/i2c.c:116: if ((I2CS & bmBERR) || (I2CS & bmACK) == 0)	// no device answered...
   0111 90 E6 78            944 	mov	dptr,#_I2CS
   0114 E0                  945 	movx	a,@dptr
   0115 FD                  946 	mov	r5,a
   0116 20 E2 15            947 	jb	acc.2,00119$
   0119 90 E6 78            948 	mov	dptr,#_I2CS
   011C E0                  949 	movx	a,@dptr
   011D FD                  950 	mov	r5,a
   011E 20 E1 D4            951 	jb	acc.1,00116$
                            952 ;	../Initial/src/lib/i2c.c:117: goto fail;
   0121 80 0B               953 	sjmp	00119$
   0123                     954 00118$:
                            955 ;	../Initial/src/lib/i2c.c:120: I2CS |= bmSTOP;
   0123 90 E6 78            956 	mov	dptr,#_I2CS
   0126 E0                  957 	movx	a,@dptr
   0127 44 40               958 	orl	a,#0x40
   0129 F0                  959 	movx	@dptr,a
                            960 ;	../Initial/src/lib/i2c.c:121: return 1;
   012A 75 82 01            961 	mov	dpl,#0x01
                            962 ;	../Initial/src/lib/i2c.c:123: fail:
   012D 22                  963 	ret
   012E                     964 00119$:
                            965 ;	../Initial/src/lib/i2c.c:124: I2CS |= bmSTOP;
   012E 90 E6 78            966 	mov	dptr,#_I2CS
   0131 E0                  967 	movx	a,@dptr
   0132 44 40               968 	orl	a,#0x40
   0134 F0                  969 	movx	@dptr,a
                            970 ;	../Initial/src/lib/i2c.c:125: return 0;
   0135 75 82 00            971 	mov	dpl,#0x00
   0138 22                  972 	ret
                            973 	.area CSEG    (CODE)
                            974 	.area CONST   (CODE)
                            975 	.area CABS    (ABS,CODE)
