Flow report for Metis
Fri Mar 04 20:05:38 2011
Quartus II Version 9.1 Build 350 03/24/2010 Service Pack 2 SJ Web Edition


---------------------
; Table of Contents ;
---------------------
  1. Legal Notice
  2. Flow Summary
  3. Flow Settings
  4. Flow Non-Default Global Settings
  5. Flow Elapsed Time
  6. Flow OS Summary
  7. Flow Log



----------------
; Legal Notice ;
----------------
Copyright (C) 1991-2010 Altera Corporation
Your use of Altera Corporation's design tools, logic functions 
and other software and tools, and its AMPP partner logic 
functions, and any output files from any of the foregoing 
(including device programming or simulation files), and any 
associated documentation or information are expressly subject 
to the terms and conditions of the Altera Program License 
Subscription Agreement, Altera MegaCore Function License 
Agreement, or other applicable license agreement, including, 
without limitation, that your use is for the sole purpose of 
programming logic devices manufactured by Altera and sold by 
Altera or its authorized distributors.  Please refer to the 
applicable agreement for further details.



+-----------------------------------------------------------------------------------+
; Flow Summary                                                                      ;
+------------------------------------+----------------------------------------------+
; Flow Status                        ; Successful - Fri Mar 04 20:05:37 2011        ;
; Quartus II Version                 ; 9.1 Build 350 03/24/2010 SP 2 SJ Web Edition ;
; Revision Name                      ; Metis                                        ;
; Top-level Entity Name              ; Metis                                        ;
; Family                             ; Cyclone III                                  ;
; Device                             ; EP3C40Q240C8                                 ;
; Timing Models                      ; Final                                        ;
; Met timing requirements            ; No                                           ;
; Total logic elements               ; 11,708 / 39,600 ( 30 % )                     ;
;     Total combinational functions  ; 9,827 / 39,600 ( 25 % )                      ;
;     Dedicated logic registers      ; 5,863 / 39,600 ( 15 % )                      ;
; Total registers                    ; 5863                                         ;
; Total pins                         ; 65 / 129 ( 50 % )                            ;
; Total virtual pins                 ; 0                                            ;
; Total memory bits                  ; 225,280 / 1,161,216 ( 19 % )                 ;
; Embedded Multiplier 9-bit elements ; 8 / 252 ( 3 % )                              ;
; Total PLLs                         ; 1 / 4 ( 25 % )                               ;
+------------------------------------+----------------------------------------------+


+-----------------------------------------+
; Flow Settings                           ;
+-------------------+---------------------+
; Option            ; Setting             ;
+-------------------+---------------------+
; Start date & time ; 03/04/2011 20:01:39 ;
; Main task         ; Compilation         ;
; Revision Name     ; Metis               ;
+-------------------+---------------------+


+------------------------------------------------------------------------------------------------------------------------------+
; Flow Non-Default Global Settings                                                                                             ;
+------------------------------------+------------------------------------------+---------------+-------------+----------------+
; Assignment Name                    ; Value                                    ; Default Value ; Entity Name ; Section Id     ;
+------------------------------------+------------------------------------------+---------------+-------------+----------------+
; ALLOW_POWER_UP_DONT_CARE           ; Off                                      ; On            ; --          ; --             ;
; COMPILER_SIGNATURE_ID              ; 123483488765.129924009901632             ; --            ; --          ; --             ;
; FMAX_REQUIREMENT                   ; 25 MHz                                   ; --            ; --          ; --             ;
; IP_TOOL_NAME                       ; FIFO                                     ; --            ; --          ; --             ;
; IP_TOOL_VERSION                    ; 9.1                                      ; --            ; --          ; --             ;
; MAX_CORE_JUNCTION_TEMP             ; 85                                       ; --            ; --          ; --             ;
; MIN_CORE_JUNCTION_TEMP             ; 0                                        ; --            ; --          ; --             ;
; MISC_FILE                          ; Metis.dpf                                ; --            ; --          ; --             ;
; MISC_FILE                          ; EPCS_fifo.bsf                            ; --            ; --          ; --             ;
; NOMINAL_CORE_SUPPLY_VOLTAGE        ; 1.2V                                     ; --            ; --          ; --             ;
; PARTITION_COLOR                    ; 16764057                                 ; --            ; --          ; Top            ;
; PARTITION_COLOR                    ; 16764057                                 ; --            ; OzyII       ; Top            ;
; PARTITION_NETLIST_TYPE             ; SOURCE                                   ; --            ; --          ; Top            ;
; PARTITION_NETLIST_TYPE             ; SOURCE                                   ; --            ; OzyII       ; Top            ;
; SEARCH_PATH                        ; C:\HPSDR\trunk\WIP\OzyII\Verilog\common/ ; --            ; --          ; --             ;
; SEARCH_PATH                        ; common/                                  ; --            ; --          ; --             ;
; USE_GENERATED_PHYSICAL_CONSTRAINTS ; Off                                      ; --            ; --          ; eda_blast_fpga ;
; USE_TIMEQUEST_TIMING_ANALYZER      ; Off                                      ; On            ; --          ; --             ;
; VERILOG_INPUT_VERSION              ; SystemVerilog_2005                       ; Verilog_2001  ; --          ; --             ;
; VERILOG_SHOW_LMF_MAPPING_MESSAGES  ; Off                                      ; --            ; --          ; --             ;
+------------------------------------+------------------------------------------+---------------+-------------+----------------+


+-----------------------------------------------------------------------------------------------------------------------------+
; Flow Elapsed Time                                                                                                           ;
+-------------------------+--------------+-------------------------+---------------------+------------------------------------+
; Module Name             ; Elapsed Time ; Average Processors Used ; Peak Virtual Memory ; Total CPU Time (on all processors) ;
+-------------------------+--------------+-------------------------+---------------------+------------------------------------+
; Analysis & Synthesis    ; 00:01:46     ; 1.0                     ; 227 MB              ; 00:01:43                           ;
; Fitter                  ; 00:01:52     ; 1.0                     ; 265 MB              ; 00:01:49                           ;
; Assembler               ; 00:00:05     ; 1.0                     ; 247 MB              ; 00:00:04                           ;
; Classic Timing Analyzer ; 00:00:05     ; 1.0                     ; 186 MB              ; 00:00:05                           ;
; Total                   ; 00:03:48     ; --                      ; --                  ; 00:03:41                           ;
+-------------------------+--------------+-------------------------+---------------------+------------------------------------+


+---------------------------------------------------------------------------------------+
; Flow OS Summary                                                                       ;
+-------------------------+------------------+------------+------------+----------------+
; Module Name             ; Machine Hostname ; OS Name    ; OS Version ; Processor type ;
+-------------------------+------------------+------------+------------+----------------+
; Analysis & Synthesis    ; phil             ; Windows XP ; 5.1        ; i686           ;
; Fitter                  ; phil             ; Windows XP ; 5.1        ; i686           ;
; Assembler               ; phil             ; Windows XP ; 5.1        ; i686           ;
; Classic Timing Analyzer ; phil             ; Windows XP ; 5.1        ; i686           ;
+-------------------------+------------------+------------+------------+----------------+


------------
; Flow Log ;
------------
quartus_map --read_settings_files=on --write_settings_files=off Metis -c Metis
quartus_fit --read_settings_files=off --write_settings_files=off Metis -c Metis
quartus_asm --read_settings_files=off --write_settings_files=off Metis -c Metis
quartus_tan --read_settings_files=off --write_settings_files=off Metis -c Metis --timing_analysis_only



