EDA Netlist Writer report for Ozy_Janus
Wed Nov 09 19:54:48 2011
Quartus II Version 11.0 Build 208 07/03/2011 Service Pack 1 SJ Web Edition


---------------------
; Table of Contents ;
---------------------
  1. Legal Notice
  2. EDA Netlist Writer Summary
  3. Simulation Settings
  4. Simulation Generated Files
  5. EDA Netlist Writer Messages



----------------
; Legal Notice ;
----------------
Copyright (C) 1991-2011 Altera Corporation
Your use of Altera Corporation's design tools, logic functions 
and other software and tools, and its AMPP partner logic 
functions, and any output files from any of the foregoing 
(including device programming or simulation files), and any 
associated documentation or information are expressly subject 
to the terms and conditions of the Altera Program License 
Subscription Agreement, Altera MegaCore Function License 
Agreement, or other applicable license agreement, including, 
without limitation, that your use is for the sole purpose of 
programming logic devices manufactured by Altera and sold by 
Altera or its authorized distributors.  Please refer to the 
applicable agreement for further details.



+-------------------------------------------------------------------+
; EDA Netlist Writer Summary                                        ;
+---------------------------+---------------------------------------+
; EDA Netlist Writer Status ; Successful - Wed Nov 09 19:54:48 2011 ;
; Revision Name             ; Ozy_Janus                             ;
; Top-level Entity Name     ; Ozy_Janus                             ;
; Family                    ; Cyclone II                            ;
; Simulation Files Creation ; Successful                            ;
+---------------------------+---------------------------------------+


+------------------------------------------------------------------------------------------------------------------------+
; Simulation Settings                                                                                                    ;
+---------------------------------------------------------------------------------------------------+--------------------+
; Option                                                                                            ; Setting            ;
+---------------------------------------------------------------------------------------------------+--------------------+
; Tool Name                                                                                         ; ModelSim (Verilog) ;
; Generate netlist for functional simulation only                                                   ; Off                ;
; Time scale                                                                                        ; 1 ns               ;
; Truncate long hierarchy paths                                                                     ; Off                ;
; Map illegal HDL characters                                                                        ; Off                ;
; Flatten buses into individual nodes                                                               ; Off                ;
; Maintain hierarchy                                                                                ; Off                ;
; Bring out device-wide set/reset signals as ports                                                  ; Off                ;
; Enable glitch filtering                                                                           ; Off                ;
; Do not write top level VHDL entity                                                                ; Off                ;
; Disable detection of setup and hold time violations in the input registers of bi-directional pins ; Off                ;
; Architecture name in VHDL output netlist                                                          ; structure          ;
; Generate third-party EDA tool command script for RTL functional simulation                        ; Off                ;
; Generate third-party EDA tool command script for gate-level simulation                            ; Off                ;
+---------------------------------------------------------------------------------------------------+--------------------+


+------------------------------------------------------------------+
; Simulation Generated Files                                       ;
+------------------------------------------------------------------+
; Generated Files                                                  ;
+------------------------------------------------------------------+
; C:/HPSDR/trunk/Ozy_V2.1/simulation/modelsim/Ozy_Janus.vo         ;
; C:/HPSDR/trunk/Ozy_V2.1/simulation/modelsim/Ozy_Janus_fast.vo    ;
; C:/HPSDR/trunk/Ozy_V2.1/simulation/modelsim/Ozy_Janus_v.sdo      ;
; C:/HPSDR/trunk/Ozy_V2.1/simulation/modelsim/Ozy_Janus_v_fast.sdo ;
+------------------------------------------------------------------+


+-----------------------------+
; EDA Netlist Writer Messages ;
+-----------------------------+
Info: *******************************************************************
Info: Running Quartus II EDA Netlist Writer
    Info: Version 11.0 Build 208 07/03/2011 Service Pack 1 SJ Web Edition
    Info: Processing started: Wed Nov 09 19:54:41 2011
Info: Command: quartus_eda --read_settings_files=off --write_settings_files=off Ozy_Janus -c Ozy_Janus
Info: Generated simulation netlist will be non-hierarchical because the design has SignalTap II partitions, termination control logic and/or a design partition that contains bidirectional ports
Warning: An incorrect timescale is selected for the Verilog Output (.VO) file of this PLL design. It's required that the timescale should be 1 ps when simulating a PLL design in a third party EDA tool.
Warning: An incorrect timescale is selected for the Verilog Output (.VO) file of this PLL design. It's required that the timescale should be 1 ps when simulating a PLL design in a third party EDA tool.
Info: Generated files "Ozy_Janus.vo", "Ozy_Janus_fast.vo", "Ozy_Janus_v.sdo" and "Ozy_Janus_v_fast.sdo" in directory "C:/HPSDR/trunk/Ozy_V2.1/simulation/modelsim/" for EDA simulation tool
Info: Quartus II EDA Netlist Writer was successful. 0 errors, 2 warnings
    Info: Peak virtual memory: 252 megabytes
    Info: Processing ended: Wed Nov 09 19:54:48 2011
    Info: Elapsed time: 00:00:07
    Info: Total CPU time (on all processors): 00:00:07


