Drill Listing
=============
Drill: .008  Tool: 1  Feed: 0  Speed: 0
X 348500  Y 194000
X 348000  Y 242500
X 350000  Y 245500
X 390000  Y 428000
X 389000  Y 415000
X 373000  Y 369000
X 409000  Y 328500
X 382500  Y 327500
X 386245  Y 323754
X 397500  Y 312500
X 393500  Y 312500
X 405500  Y 308500
X 408922  Y 304500
X 401500  Y 304500
X 394500  Y 304000
X 398500  Y 304000
X 409000  Y 300500
X 401500  Y 300500
X 381500  Y 300500
X 405000  Y 296500
X 401000  Y 296500
X 377598  Y 296451
X 382500  Y 296000
X 378000  Y 293000
X 389500  Y 292500
X 405000  Y 292500
X 409000  Y 289000
X 402017  Y 288482
X 397500  Y 285000
X 402000  Y 284000
X 398000  Y 280500
X 390500  Y 280500
X 394100  Y 280400
X 401000  Y 277000
X 398000  Y 276500
X 390400  Y 276500
X 394000  Y 276500
X 386500  Y 276500
X 385500  Y 273000
X 397922  Y 272577
X 393952  Y 272547
X 382500  Y 272500
X 393500  Y 269000
X 409000  Y 269000
X 397500  Y 269000
X 382017  Y 268482
X 380000  Y 253500
X 374500  Y 248500
X 398500  Y 238000
X 388500  Y 228000
X 385500  Y 226000
X 395500  Y 224000
X 398400  Y 220000
X 388000  Y 217000
X 361500  Y 204500
X 389000  Y 199500
X 376500  Y 191000
X 383500  Y 165000
X 397000  Y 160000
X 416500  Y 180000
X 416500  Y 190000
X 420500  Y 196500
X 418000  Y 209000
X 434500  Y 212000
X 428500  Y 235000
X 416000  Y 245000
X 427500  Y 247500
X 416000  Y 267500
X 414000  Y 272500
X 418000  Y 272500
X 429500  Y 272500
X 410005  Y 272500
X 410000  Y 276500
X 418000  Y 276500
X 413945  Y 280200
X 410000  Y 280500
X 410000  Y 284500
X 414000  Y 284500
X 433500  Y 288000
X 417000  Y 289000
X 413000  Y 289000
X 429500  Y 292000
X 413000  Y 292500
X 429500  Y 296000
X 425500  Y 296000
X 433500  Y 296000
X 417000  Y 296500
X 421000  Y 296500
X 425000  Y 300500
X 428500  Y 300500
X 421000  Y 300500
X 417000  Y 300500
X 432500  Y 300500
X 413000  Y 300500
X 430000  Y 304000
X 421000  Y 304500
X 417000  Y 304500
X 413000  Y 304500
X 421000  Y 308500
X 413000  Y 308500
X 417000  Y 308500
X 418000  Y 319500
X 425500  Y 327500
X 410202  Y 331297
X 425500  Y 346000
X 426500  Y 364000
X 437000  Y 409500
X 438500  Y 346000
X 454000  Y 337500
X 442030  Y 328500
X 437000  Y 324500
X 441845  Y 316500
X 441500  Y 312000
X 453500  Y 309500
X 437555  Y 308000
X 441112  Y 307887
X 436500  Y 304500
X 442030  Y 302030
X 456000  Y 299500
X 442030  Y 298030
X 442130  Y 294130
X 453500  Y 292000
X 451000  Y 292000
X 442030  Y 290530
X 436500  Y 273000
X 442500  Y 270500
X 452500  Y 268000
X 444500  Y 259000
X 441500  Y 235500
X 447500  Y 212000
X 438000  Y 182500
X 440000  Y 180500
X 440000  Y 161000
X 440000  Y 156000
X 506500  Y 212000
X 506500  Y 224000
X 494000  Y 225000
X 509000  Y 227000
X 477000  Y 228000
X 462000  Y 228000
X 506500  Y 229500
X 493500  Y 231000
X 495500  Y 237500
X 494000  Y 249000
X 506500  Y 255000
X 506500  Y 262500
X 472500  Y 265500
X 495000  Y 271500
X 487500  Y 273500
X 495000  Y 273900
X 490604  Y 274195
X 495000  Y 279900
X 467500  Y 287000
X 480500  Y 287000
X 494000  Y 289500
X 506500  Y 290100
X 509144  Y 290355
X 506500  Y 294900
X 506500  Y 298500
X 506500  Y 319000
X 478500  Y 322000
X 471500  Y 324000
X 460000  Y 332000
X 508000  Y 404000
X 487500  Y 440500
X 487500  Y 445500
X 487500  Y 450500
X 528000  Y 436500
X 512500  Y 428000
X 528000  Y 427000
X 528000  Y 404000
X 525000  Y 404000
X 528000  Y 395000
X 533500  Y 379000
X 518500  Y 364000
X 512757  Y 334742
X 534700  Y 331000
X 531100  Y 331000
X 517000  Y 330500
X 518000  Y 324500
X 514400  Y 324500
X 530000  Y 324500
X 522800  Y 324500
X 514000  Y 313500
X 533400  Y 313500
X 532500  Y 267000
X 514000  Y 265118
X 515000  Y 244500
X 514000  Y 235000
X 517500  Y 212500
X 526200  Y 209100
X 518500  Y 208500
X 520000  Y 206500
X 517000  Y 206500
X 526044  Y 206355
X 533100  Y 195500
X 527500  Y 195500
X 510000  Y 195500
X 524000  Y 194000
X 556000  Y 190000
X 543000  Y 192500
X 549000  Y 195500
X 558600  Y 195500
X 535500  Y 195500
X 545000  Y 206500
X 553000  Y 207105
X 558000  Y 207500
X 551000  Y 208500
X 543000  Y 212000
X 541500  Y 258500
X 548000  Y 270000
X 556500  Y 273000
X 549000  Y 274000
X 555500  Y 304000
X 557900  Y 304347
X 545000  Y 304514
X 547406  Y 305600
X 547000  Y 308000
X 542500  Y 310500
X 537000  Y 313500
X 537500  Y 324500
X 545000  Y 324500
X 559000  Y 324500
X 549000  Y 325000
X 547500  Y 327000
X 537000  Y 327500
X 553500  Y 329000
X 540000  Y 330000
X 539500  Y 332500
X 540500  Y 365500
X 547500  Y 370000
X 538500  Y 381500
X 557500  Y 383000
X 536500  Y 387500
X 540500  Y 427000
X 537000  Y 429500
X 538447  Y 431447
X 543500  Y 431500
X 545500  Y 434500
X 540000  Y 436000
X 537500  Y 439000
X 547500  Y 442000
X 548243  Y 445000
X 542643  Y 446000
X 562000  Y 446000
X 580000  Y 446000
X 562401  Y 400431
X 570000  Y 394000
X 577500  Y 394000
X 568600  Y 385000
X 561400  Y 385000
X 573211  Y 385000
X 565000  Y 384000
X 571355  Y 383144
X 567197  Y 382802
X 575500  Y 380000
X 569000  Y 324500
X 571400  Y 324500
X 580500  Y 324500
X 561500  Y 307000
X 568000  Y 305000
X 576500  Y 297500
X 564000  Y 296500
X 574500  Y 291500
X 583500  Y 289700
X 562000  Y 288100
X 573000  Y 287000
X 570500  Y 282500
X 582000  Y 280000
X 582500  Y 276070
X 583500  Y 270000
X 571000  Y 268500
X 566500  Y 218000
X 567000  Y 210500
X 569000  Y 206500
X 573000  Y 206500
X 584500  Y 195500
X 561000  Y 195500
X 578000  Y 195500
X 578000  Y 193100
X 566000  Y 189500
X 579000  Y 186000
X 588500  Y 195500
X 598500  Y 195500
X 602500  Y 195500
X 604900  Y 195500
X 586500  Y 206500
X 594000  Y 209000
X 597000  Y 212000
X 604100  Y 214500
X 590500  Y 219500
X 596000  Y 238500
X 589500  Y 264500
X 598000  Y 273500
X 587000  Y 282000
X 594037  Y 285637
X 593500  Y 288500
X 599500  Y 295000
X 595500  Y 296000
X 599500  Y 297400
X 600500  Y 300000
X 603697  Y 301697
X 589500  Y 309900
X 586969  Y 312460
X 595500  Y 313500
X 590000  Y 313500
X 592500  Y 324500
X 586523  Y 383476
X 593500  Y 385000
X 609700  Y 402000
X 609500  Y 446000
X 607100  Y 446000
X 591600  Y 446000
X 594000  Y 446000
X 613000  Y 438500
X 624500  Y 419000
X 623000  Y 417000
X 624000  Y 410500
X 622000  Y 408500
X 613000  Y 405900
X 613000  Y 403500
X 623000  Y 403000
X 617000  Y 388500
X 628500  Y 388000
X 623000  Y 357000
X 617500  Y 330500
X 630500  Y 330000
X 612500  Y 319000
X 613500  Y 308000
X 629000  Y 290500
X 613500  Y 278500
X 613500  Y 271000
X 624500  Y 270500
X 624500  Y 248000
X 613500  Y 248000
X 613500  Y 243500
X 630620  Y 239620
X 613500  Y 238000
X 624500  Y 237500
X 625894  Y 235500
X 627000  Y 226000
X 613500  Y 221500
X 613500  Y 217500
X 634000  Y 216000
X 612500  Y 185500
X 625500  Y 184000
X 631000  Y 166500
X 651000  Y 132500
X 643000  Y 149000
X 638500  Y 151500
X 643000  Y 185000
X 649802  Y 190302
X 651000  Y 192500
X 639000  Y 210500
X 650000  Y 213000
X 643000  Y 215300
X 642500  Y 218000
X 639000  Y 225500
X 644000  Y 235000
X 647000  Y 242000
X 650000  Y 358500
X 647000  Y 368000
X 640000  Y 428500
X 661500  Y 402500
X 686000  Y 396000
X 678500  Y 370000
X 691500  Y 370000
X 661000  Y 345500
X 661000  Y 335500
X 661000  Y 325000
X 661000  Y 315500
X 661000  Y 280500
X 665000  Y 251000
X 689000  Y 237500
X 662600  Y 223000
X 689000  Y 177500
X 661357  Y 170357

Drill: .01  Tool: 2  Feed: 95  Speed: 300
X 155000  Y 112000
X 155000  Y 129000
X 133000  Y 134000
X 159000  Y 144000
X 156000  Y 157000
X 145000  Y 245000
X 130000  Y 245000
X 158000  Y 288000
X 158000  Y 296000
X 110000  Y 300000
X 138177  Y 307149
X 138100  Y 312833
X 138254  Y 318364
X 133000  Y 338000
X 153000  Y 340000
X 110000  Y 345500
X 155000  Y 350000
X 130000  Y 360000
X 110000  Y 360500
X 136000  Y 362000
X 152000  Y 363000
X 110000  Y 375500
X 110000  Y 390500
X 110000  Y 408000
X 155000  Y 440000
X 190000  Y 460000
X 166000  Y 457000
X 189000  Y 454000
X 172000  Y 442000
X 185000  Y 440000
X 160000  Y 415000
X 175000  Y 415000
X 205000  Y 415000
X 190000  Y 415000
X 185000  Y 390000
X 160000  Y 390000
X 205000  Y 335000
X 190000  Y 335000
X 170000  Y 335000
X 177323  Y 310109
X 207900  Y 310000
X 190000  Y 300000
X 205000  Y 300000
X 205000  Y 285000
X 183957  Y 274975
X 165000  Y 245000
X 200000  Y 245000
X 180000  Y 245000
X 175000  Y 175000
X 195000  Y 157000
X 177000  Y 157000
X 192056  Y 142019
X 179000  Y 124000
X 215000  Y 129000
X 215000  Y 144000
X 232000  Y 150000
X 230000  Y 157000
X 250000  Y 220000
X 245000  Y 230000
X 230000  Y 245000
X 225000  Y 260000
X 235000  Y 260000
X 245000  Y 296000
X 235000  Y 300000
X 225000  Y 310000
X 248000  Y 316000
X 235000  Y 320000
X 250000  Y 325000
X 220000  Y 335000
X 235000  Y 335000
X 250000  Y 335000
X 235000  Y 350000
X 220000  Y 415000
X 235000  Y 415000
X 250000  Y 415000
X 235000  Y 440000
X 235000  Y 445000
X 254000  Y 455000
X 275000  Y 460000
X 284000  Y 445000
X 266000  Y 442000
X 266000  Y 414000
X 281000  Y 407000
X 260000  Y 370000
X 260000  Y 350000
X 280000  Y 350000
X 265000  Y 335000
X 280000  Y 335000
X 270000  Y 325000
X 275000  Y 304000
X 275000  Y 285000
X 270000  Y 245000
X 265000  Y 205000
X 265000  Y 195000
X 261000  Y 157000
X 281000  Y 157000
X 271000  Y 148000
X 260000  Y 143000
X 274000  Y 143000
X 265000  Y 129000
X 298000  Y 126000
X 299000  Y 139000
X 306000  Y 139000
X 295000  Y 195000
X 287000  Y 212000
X 305000  Y 220000
X 287000  Y 238000
X 295000  Y 255000
X 300000  Y 260000
X 285000  Y 260000
X 285000  Y 270000
X 305000  Y 325000
X 290000  Y 325000
X 300000  Y 335000
X 300000  Y 415000
X 290000  Y 440000
X 332000  Y 480500
X 332000  Y 465500
X 310000  Y 440000
X 330000  Y 440000
X 333000  Y 420000
X 315000  Y 415000
X 334000  Y 380500
X 334000  Y 365500
X 320000  Y 335000
X 310000  Y 335000
X 326351  Y 224910
X 315000  Y 200000
X 333987  Y 174782
X 311000  Y 149000
X 330000  Y 139000
X 316000  Y 139000
X 323000  Y 139000
X 354000  Y 110000
X 348000  Y 120000
X 348000  Y 127000
X 348000  Y 134000
X 338000  Y 139000
X 352000  Y 149000
X 345000  Y 170000
X 350000  Y 180000
X 352500  Y 189000
X 345000  Y 198000
X 345000  Y 205000
X 355000  Y 215000
X 343000  Y 232000
X 355000  Y 235000
X 343000  Y 244000
X 341390  Y 258362
X 340000  Y 335000
X 408500  Y 470000
X 369000  Y 408000
X 367000  Y 370000
X 383779  Y 351278
X 377500  Y 329500
X 371561  Y 253438
X 377828  Y 237281
X 400977  Y 233060
X 409000  Y 231000
X 394500  Y 211500
X 386470  Y 200929
X 383100  Y 195000
X 393500  Y 192500
X 380000  Y 185500
X 365000  Y 180500
X 383100  Y 175000
X 363000  Y 170000
X 361000  Y 142000
X 376000  Y 135000
X 448500  Y 180000
X 426115  Y 183868
X 418000  Y 216000
X 412000  Y 243000
X 439000  Y 333000
X 434921  Y 335578
X 440000  Y 340500
X 447219  Y 414581
X 447394  Y 431573
X 455500  Y 438000
X 449961  Y 447868
X 446979  Y 457990
X 435046  Y 457993
X 450082  Y 471392
X 447226  Y 489707
X 476000  Y 494000
X 463000  Y 485500
X 482840  Y 468347
X 480153  Y 453022
X 482675  Y 442943
X 480214  Y 436713
X 484977  Y 428394
X 476000  Y 304500
X 477000  Y 247188
X 472500  Y 243000
X 470816  Y 224291
X 475000  Y 181000
X 465925  Y 175146
X 483274  Y 170087
X 473373  Y 167123
X 460000  Y 155000
X 511362  Y 149955
X 498164  Y 150011
X 518001  Y 170049
X 531462  Y 170115
X 496507  Y 170167
X 521300  Y 195000
X 512800  Y 195412
X 531500  Y 208700
X 495000  Y 213500
X 513622  Y 230000
X 511500  Y 232500
X 531000  Y 239500
X 507000  Y 251000
X 494000  Y 253000
X 508403  Y 270100
X 506800  Y 303700
X 495100  Y 314100
X 523400  Y 331000
X 498500  Y 333000
X 514600  Y 359500
X 508500  Y 371500
X 511000  Y 375000
X 513500  Y 377500
X 514700  Y 387300
X 508500  Y 387500
X 523000  Y 409000
X 487000  Y 457000
X 506234  Y 489419
X 492327  Y 489547
X 553045  Y 488968
X 541341  Y 472079
X 556000  Y 455500
X 545443  Y 445600
X 541000  Y 441000
X 538252  Y 424752
X 538500  Y 408500
X 541460  Y 406934
X 553700  Y 394400
X 551000  Y 383000
X 557500  Y 345500
X 556112  Y 312361
X 551261  Y 297798
X 551079  Y 261301
X 556500  Y 261000
X 554000  Y 259000
X 544000  Y 255500
X 539921  Y 195078
X 553039  Y 170181
X 567127  Y 170167
X 599612  Y 170409
X 569000  Y 195000
X 564200  Y 195412
X 574000  Y 195412
X 564935  Y 206712
X 587921  Y 222578
X 600000  Y 225000
X 609237  Y 235262
X 580000  Y 239000
X 605000  Y 248000
X 607500  Y 255500
X 584300  Y 299456
X 591947  Y 311487
X 601500  Y 327500
X 580000  Y 330000
X 561500  Y 342000
X 602872  Y 382761
X 609500  Y 394500
X 564967  Y 394731
X 560000  Y 397500
X 571997  Y 401666
X 602587  Y 401951
X 607000  Y 415000
X 560000  Y 442000
X 586500  Y 445000
X 590000  Y 467000
X 601591  Y 489125
X 598500  Y 495500
X 644441  Y 484892
X 657909  Y 484892
X 612432  Y 472000
X 634000  Y 464000
X 636500  Y 438000
X 622700  Y 413000
X 639300  Y 402700
X 626500  Y 400500
X 639500  Y 392500
X 650700  Y 392500
X 627097  Y 382761
X 625935  Y 347529
X 628500  Y 341500
X 641921  Y 339156
X 638500  Y 317500
X 625000  Y 306500
X 641816  Y 282056
X 658402  Y 264548
X 641868  Y 249159
X 625171  Y 243201
X 641500  Y 239500
X 625000  Y 232700
X 624770  Y 227729
X 617510  Y 202088
X 625000  Y 199500
X 647048  Y 196424
X 645500  Y 158000
X 648000  Y 145000
X 645579  Y 139925
X 626000  Y 136000
X 678200  Y 147500
X 689400  Y 162500
X 669990  Y 204823
X 666500  Y 225000
X 691238  Y 229894
X 674067  Y 230085
X 672972  Y 405573

Drill: .033  Tool: 3  Feed: 197  Speed: 550
X 144000  Y 112000
X 166000  Y 112000
X 204000  Y 112000
X 226000  Y 112000
X 350000  Y 445000
X 350000  Y 435000
X 350000  Y 410000
X 350000  Y 400000
X 350000  Y 340000
X 350000  Y 330000
X 350000  Y 320000
X 340000  Y 320000
X 350000  Y 310000
X 340000  Y 310000
X 350000  Y 300000
X 340000  Y 300000
X 254000  Y 112000
X 277000  Y 112000
X 450000  Y 140000
X 383000  Y 380000
X 383000  Y 400000
X 383000  Y 439000
X 383000  Y 459000
X 460000  Y 420000
X 470000  Y 420000
X 480000  Y 420000
X 490000  Y 420000
X 480000  Y 405000
X 470000  Y 405000
X 490000  Y 405000
X 460000  Y 405000
X 470000  Y 140000
X 525000  Y 460000
X 550000  Y 460000
X 535000  Y 460000
X 577000  Y 487000
X 647000  Y 468000
X 635000  Y 275000
X 635000  Y 265000
X 635000  Y 255000
X 635000  Y 245000

Drill: .035  Tool: 4  Feed: 197  Speed: 550
X 460000  Y 370000
X 470000  Y 370000
X 480000  Y 370000
X 470000  Y 380000
X 460000  Y 380000
X 480000  Y 380000
X 490000  Y 380000
X 500000  Y 380000
X 500000  Y 370000
X 490000  Y 370000
X 680000  Y 255000
X 680000  Y 265000
X 680000  Y 275000
X 680000  Y 285000
X 680000  Y 295000
X 680000  Y 310000
X 680000  Y 320000
X 680000  Y 330000
X 680000  Y 340000
X 680000  Y 350000
X 690000  Y 350000
X 690000  Y 340000
X 690000  Y 330000
X 690000  Y 320000
X 690000  Y 310000
X 690000  Y 295000
X 690000  Y 285000
X 690000  Y 275000
X 690000  Y 265000
X 690000  Y 255000

Drill: .03622  Tool: 5  Feed: 197  Speed: 550
X 660000  Y 435157
X 667874  Y 435157
X 660000  Y 445000
X 667874  Y 445000

Drill: .037  Tool: 6  Feed: 197  Speed: 550
X 110000  Y 180000
X 130000  Y 200000
X 110000  Y 215000
X 130000  Y 220000
X 120000  Y 225000
X 110000  Y 230000
X 130000  Y 235000
X 110000  Y 245000
X 110000  Y 255000
X 110000  Y 270000
X 133000  Y 283000
X 110000  Y 285000
X 110000  Y 315000
X 110000  Y 330000
X 130000  Y 375000
X 130000  Y 390000
X 130000  Y 405000
X 130000  Y 415000
X 110000  Y 425000
X 125000  Y 425000
X 110000  Y 445000
X 110000  Y 470000
X 135000  Y 490000
X 150000  Y 490000
X 165000  Y 490000
X 180000  Y 490000
X 155000  Y 475000
X 165000  Y 465000
X 140000  Y 425000
X 170000  Y 425000
X 155000  Y 425000
X 145000  Y 415000
X 142000  Y 380000
X 172000  Y 362000
X 180000  Y 350000
X 165000  Y 320000
X 165000  Y 305000
X 176000  Y 279000
X 161000  Y 279000
X 160000  Y 235000
X 145000  Y 235000
X 145000  Y 220000
X 160000  Y 220000
X 160000  Y 205000
X 160000  Y 190000
X 205000  Y 185000
X 225000  Y 190000
X 205000  Y 200000
X 225000  Y 205000
X 198000  Y 231000
X 215000  Y 245000
X 225000  Y 300000
X 190000  Y 320000
X 225000  Y 320000
X 225000  Y 355000
X 215000  Y 355000
X 188000  Y 361000
X 200000  Y 425000
X 185000  Y 425000
X 215000  Y 425000
X 230000  Y 425000
X 215000  Y 445000
X 215000  Y 455000
X 195000  Y 490000
X 225000  Y 490000
X 210000  Y 490000
X 240000  Y 490000
X 255000  Y 490000
X 270000  Y 490000
X 235000  Y 460000
X 260000  Y 460000
X 260000  Y 425000
X 245000  Y 425000
X 273000  Y 393000
X 252000  Y 361000
X 270000  Y 360000
X 235000  Y 310000
X 255000  Y 245000
X 260000  Y 215000
X 250000  Y 205000
X 290000  Y 175000
X 305000  Y 205000
X 295000  Y 210000
X 295000  Y 225000
X 295000  Y 240000
X 295000  Y 270000
X 295000  Y 360000
X 295000  Y 375000
X 295000  Y 390000
X 300000  Y 425000
X 285000  Y 425000
X 290000  Y 455000
X 300000  Y 465000
X 290000  Y 475000
X 285000  Y 490000
X 300000  Y 490000
X 315000  Y 490000
X 330000  Y 490000
X 350000  Y 490000
X 310000  Y 475000
X 310000  Y 455000
X 350000  Y 455000
X 315000  Y 425000
X 350000  Y 425000
X 330000  Y 425000
X 340000  Y 390000
X 310000  Y 390000
X 310000  Y 375000
X 310000  Y 360000
X 340000  Y 355000
X 315000  Y 210000
X 360000  Y 110000
X 370000  Y 110000
X 430000  Y 110000
X 450000  Y 110000
X 440000  Y 110000
X 440000  Y 120000
X 430000  Y 120000
X 450000  Y 120000
X 421083  Y 436552
X 470000  Y 120000
X 480000  Y 120000
X 460000  Y 120000
X 490000  Y 120000
X 500000  Y 120000
X 480000  Y 110000
X 490000  Y 110000
X 500000  Y 110000
X 470000  Y 110000
X 460000  Y 110000
X 520000  Y 110000
X 510000  Y 110000
X 530000  Y 110000
X 540000  Y 110000
X 550000  Y 110000
X 530000  Y 120000
X 520000  Y 120000
X 550000  Y 120000
X 510000  Y 120000
X 540000  Y 120000
X 514833  Y 472000
X 567000  Y 472000
X 587000  Y 472000
X 570000  Y 120000
X 560000  Y 120000
X 580000  Y 120000
X 590000  Y 120000
X 600000  Y 120000
X 570000  Y 110000
X 600000  Y 110000
X 590000  Y 110000
X 560000  Y 110000
X 580000  Y 110000
X 620000  Y 110000
X 630000  Y 110000
X 610000  Y 110000
X 650000  Y 110000
X 640000  Y 110000
X 630000  Y 120000
X 620000  Y 120000
X 640000  Y 120000
X 650000  Y 120000
X 610000  Y 120000
X 625000  Y 150000
X 610000  Y 150000
X 625000  Y 160000
X 610000  Y 160000
X 610000  Y 170000
X 625000  Y 170000
X 625000  Y 490000
X 615000  Y 490000
X 660000  Y 120000
X 660000  Y 110000

Drill: .045  Tool: 7  Feed: 139  Speed: 550
X 520000  Y 490000
X 535600  Y 490000

Drill: .046  Tool: 8  Feed: 139  Speed: 550
X 130000  Y 180000
X 130000  Y 450000

Drill: .067  Tool: 9  Feed: 89  Speed: 550
X 120000  Y 170000
X 140000  Y 170000
X 140000  Y 190000
X 120000  Y 190000
X 120000  Y 440000
X 140000  Y 440000
X 120000  Y 460000
X 140000  Y 460000

Drill: .075  Tool: 10  Feed: 81  Speed: 550
X 258000  Y 293000

Drill: .09055  Tool: 11  Feed: 66  Speed: 550
X 678543  Y 416377
X 678543  Y 463779

Drill: .144  Tool: 12  Feed: 35  Speed: 900
X 115000  Y 115000
X 115000  Y 485000
X 400000  Y 485000
X 400000  Y 115000
X 685000  Y 115000
X 685000  Y 485000

End of Listing
