C:\USERS\DOUG\DESKTOP\OPENHPSDR\W5WC\POWERSDR_HPSDR_2_RX2\BIN\DEBUG\PA19.DLL
C:\USERS\DOUG\DESKTOP\OPENHPSDR\W5WC\POWERSDR_HPSDR_2_RX2\BIN\DEBUG\PA19.ILK
C:\USERS\DOUG\DESKTOP\OPENHPSDR\W5WC\POWERSDR_HPSDR_2_RX2\LIB\PORTAUDIO_VS2008\BUILD\MSVC\WIN32\DEBUG\ASIO.OBJ
C:\USERS\DOUG\DESKTOP\OPENHPSDR\W5WC\POWERSDR_HPSDR_2_RX2\LIB\PORTAUDIO_VS2008\BUILD\MSVC\WIN32\DEBUG\ASIOCONVERTSAMPLES.OBJ
C:\USERS\DOUG\DESKTOP\OPENHPSDR\W5WC\POWERSDR_HPSDR_2_RX2\LIB\PORTAUDIO_VS2008\BUILD\MSVC\WIN32\DEBUG\ASIODRIVERS.OBJ
C:\USERS\DOUG\DESKTOP\OPENHPSDR\W5WC\POWERSDR_HPSDR_2_RX2\LIB\PORTAUDIO_VS2008\BUILD\MSVC\WIN32\DEBUG\ASIOLIST.OBJ
C:\Users\Doug\Desktop\OpenHPSDR\W5WC\PowerSDR_HPSDR_2_RX2\lib\portaudio_VS2008\build\msvc\Win32\Debug\cl.command.1.tlog
C:\Users\Doug\Desktop\OpenHPSDR\W5WC\PowerSDR_HPSDR_2_RX2\lib\portaudio_VS2008\build\msvc\Win32\Debug\CL.read.1.tlog
C:\Users\Doug\Desktop\OpenHPSDR\W5WC\PowerSDR_HPSDR_2_RX2\lib\portaudio_VS2008\build\msvc\Win32\Debug\CL.write.1.tlog
C:\USERS\DOUG\DESKTOP\OPENHPSDR\W5WC\POWERSDR_HPSDR_2_RX2\LIB\PORTAUDIO_VS2008\BUILD\MSVC\WIN32\DEBUG\COMBASE.OBJ
C:\USERS\DOUG\DESKTOP\OPENHPSDR\W5WC\POWERSDR_HPSDR_2_RX2\LIB\PORTAUDIO_VS2008\BUILD\MSVC\WIN32\DEBUG\DEBUGMESSAGE.OBJ
C:\USERS\DOUG\DESKTOP\OPENHPSDR\W5WC\POWERSDR_HPSDR_2_RX2\LIB\PORTAUDIO_VS2008\BUILD\MSVC\WIN32\DEBUG\IASIOTHISCALLRESOLVER.OBJ
C:\Users\Doug\Desktop\OpenHPSDR\W5WC\PowerSDR_HPSDR_2_RX2\lib\portaudio_VS2008\build\msvc\Win32\Debug\link.4152.read.1.tlog
C:\Users\Doug\Desktop\OpenHPSDR\W5WC\PowerSDR_HPSDR_2_RX2\lib\portaudio_VS2008\build\msvc\Win32\Debug\link.4152.write.1.tlog
C:\Users\Doug\Desktop\OpenHPSDR\W5WC\PowerSDR_HPSDR_2_RX2\lib\portaudio_VS2008\build\msvc\Win32\Debug\link.4152-cvtres.read.1.tlog
C:\Users\Doug\Desktop\OpenHPSDR\W5WC\PowerSDR_HPSDR_2_RX2\lib\portaudio_VS2008\build\msvc\Win32\Debug\link.4152-cvtres.write.1.tlog
C:\Users\Doug\Desktop\OpenHPSDR\W5WC\PowerSDR_HPSDR_2_RX2\lib\portaudio_VS2008\build\msvc\Win32\Debug\link.command.1.tlog
C:\Users\Doug\Desktop\OpenHPSDR\W5WC\PowerSDR_HPSDR_2_RX2\lib\portaudio_VS2008\build\msvc\Win32\Debug\link.read.1.tlog
C:\Users\Doug\Desktop\OpenHPSDR\W5WC\PowerSDR_HPSDR_2_RX2\lib\portaudio_VS2008\build\msvc\Win32\Debug\link.write.1.tlog
C:\Users\Doug\Desktop\OpenHPSDR\W5WC\PowerSDR_HPSDR_2_RX2\lib\portaudio_VS2008\build\msvc\Win32\Debug\link-cvtres.read.1.tlog
C:\Users\Doug\Desktop\OpenHPSDR\W5WC\PowerSDR_HPSDR_2_RX2\lib\portaudio_VS2008\build\msvc\Win32\Debug\link-cvtres.write.1.tlog
C:\Users\Doug\Desktop\OpenHPSDR\W5WC\PowerSDR_HPSDR_2_RX2\lib\portaudio_VS2008\build\msvc\Win32\Debug\mt.command.1.tlog
C:\Users\Doug\Desktop\OpenHPSDR\W5WC\PowerSDR_HPSDR_2_RX2\lib\portaudio_VS2008\build\msvc\Win32\Debug\mt.read.1.tlog
C:\Users\Doug\Desktop\OpenHPSDR\W5WC\PowerSDR_HPSDR_2_RX2\lib\portaudio_VS2008\build\msvc\Win32\Debug\mt.write.1.tlog
C:\USERS\DOUG\DESKTOP\OPENHPSDR\W5WC\POWERSDR_HPSDR_2_RX2\LIB\PORTAUDIO_VS2008\BUILD\MSVC\WIN32\DEBUG\PA_ALLOCATION.OBJ
C:\USERS\DOUG\DESKTOP\OPENHPSDR\W5WC\POWERSDR_HPSDR_2_RX2\LIB\PORTAUDIO_VS2008\BUILD\MSVC\WIN32\DEBUG\PA_ASIO.OBJ
C:\USERS\DOUG\DESKTOP\OPENHPSDR\W5WC\POWERSDR_HPSDR_2_RX2\LIB\PORTAUDIO_VS2008\BUILD\MSVC\WIN32\DEBUG\PA_CONVERTERS.OBJ
C:\USERS\DOUG\DESKTOP\OPENHPSDR\W5WC\POWERSDR_HPSDR_2_RX2\LIB\PORTAUDIO_VS2008\BUILD\MSVC\WIN32\DEBUG\PA_CPULOAD.OBJ
C:\USERS\DOUG\DESKTOP\OPENHPSDR\W5WC\POWERSDR_HPSDR_2_RX2\LIB\PORTAUDIO_VS2008\BUILD\MSVC\WIN32\DEBUG\PA_DEBUGPRINT.OBJ
C:\USERS\DOUG\DESKTOP\OPENHPSDR\W5WC\POWERSDR_HPSDR_2_RX2\LIB\PORTAUDIO_VS2008\BUILD\MSVC\WIN32\DEBUG\PA_DITHER.OBJ
C:\USERS\DOUG\DESKTOP\OPENHPSDR\W5WC\POWERSDR_HPSDR_2_RX2\LIB\PORTAUDIO_VS2008\BUILD\MSVC\WIN32\DEBUG\PA_FRONT.OBJ
C:\USERS\DOUG\DESKTOP\OPENHPSDR\W5WC\POWERSDR_HPSDR_2_RX2\LIB\PORTAUDIO_VS2008\BUILD\MSVC\WIN32\DEBUG\PA_PROCESS.OBJ
C:\USERS\DOUG\DESKTOP\OPENHPSDR\W5WC\POWERSDR_HPSDR_2_RX2\LIB\PORTAUDIO_VS2008\BUILD\MSVC\WIN32\DEBUG\PA_RINGBUFFER.OBJ
C:\USERS\DOUG\DESKTOP\OPENHPSDR\W5WC\POWERSDR_HPSDR_2_RX2\LIB\PORTAUDIO_VS2008\BUILD\MSVC\WIN32\DEBUG\PA_SKELETON.OBJ
C:\USERS\DOUG\DESKTOP\OPENHPSDR\W5WC\POWERSDR_HPSDR_2_RX2\LIB\PORTAUDIO_VS2008\BUILD\MSVC\WIN32\DEBUG\PA_STREAM.OBJ
C:\USERS\DOUG\DESKTOP\OPENHPSDR\W5WC\POWERSDR_HPSDR_2_RX2\LIB\PORTAUDIO_VS2008\BUILD\MSVC\WIN32\DEBUG\PA_TRACE.OBJ
C:\USERS\DOUG\DESKTOP\OPENHPSDR\W5WC\POWERSDR_HPSDR_2_RX2\LIB\PORTAUDIO_VS2008\BUILD\MSVC\WIN32\DEBUG\PA_WIN_DS.OBJ
C:\USERS\DOUG\DESKTOP\OPENHPSDR\W5WC\POWERSDR_HPSDR_2_RX2\LIB\PORTAUDIO_VS2008\BUILD\MSVC\WIN32\DEBUG\PA_WIN_DS_DYNLINK.OBJ
C:\USERS\DOUG\DESKTOP\OPENHPSDR\W5WC\POWERSDR_HPSDR_2_RX2\LIB\PORTAUDIO_VS2008\BUILD\MSVC\WIN32\DEBUG\PA_WIN_HOSTAPIS.OBJ
C:\USERS\DOUG\DESKTOP\OPENHPSDR\W5WC\POWERSDR_HPSDR_2_RX2\LIB\PORTAUDIO_VS2008\BUILD\MSVC\WIN32\DEBUG\PA_WIN_UTIL.OBJ
C:\USERS\DOUG\DESKTOP\OPENHPSDR\W5WC\POWERSDR_HPSDR_2_RX2\LIB\PORTAUDIO_VS2008\BUILD\MSVC\WIN32\DEBUG\PA_WIN_WASAPI.OBJ
C:\USERS\DOUG\DESKTOP\OPENHPSDR\W5WC\POWERSDR_HPSDR_2_RX2\LIB\PORTAUDIO_VS2008\BUILD\MSVC\WIN32\DEBUG\PA_WIN_WAVEFORMAT.OBJ
C:\USERS\DOUG\DESKTOP\OPENHPSDR\W5WC\POWERSDR_HPSDR_2_RX2\LIB\PORTAUDIO_VS2008\BUILD\MSVC\WIN32\DEBUG\PA_WIN_WDMKS.OBJ
C:\USERS\DOUG\DESKTOP\OPENHPSDR\W5WC\POWERSDR_HPSDR_2_RX2\LIB\PORTAUDIO_VS2008\BUILD\MSVC\WIN32\DEBUG\PA_WIN_WDMKS_UTILS.OBJ
C:\USERS\DOUG\DESKTOP\OPENHPSDR\W5WC\POWERSDR_HPSDR_2_RX2\LIB\PORTAUDIO_VS2008\BUILD\MSVC\WIN32\DEBUG\PA_WIN_WMME.OBJ
C:\USERS\DOUG\DESKTOP\OPENHPSDR\W5WC\POWERSDR_HPSDR_2_RX2\LIB\PORTAUDIO_VS2008\BUILD\MSVC\WIN32\DEBUG\PA_X86_PLAIN_CONVERTERS.OBJ
C:\Users\Doug\Desktop\OpenHPSDR\W5WC\PowerSDR_HPSDR_2_RX2\lib\portaudio_VS2008\build\msvc\Win32\Debug\PA19.exp
C:\Users\Doug\Desktop\OpenHPSDR\W5WC\PowerSDR_HPSDR_2_RX2\lib\portaudio_VS2008\build\msvc\Win32\Debug\PA19.lib
C:\USERS\DOUG\DESKTOP\OPENHPSDR\W5WC\POWERSDR_HPSDR_2_RX2\LIB\PORTAUDIO_VS2008\BUILD\MSVC\WIN32\DEBUG\PA19.OBJ
C:\USERS\DOUG\DESKTOP\OPENHPSDR\W5WC\POWERSDR_HPSDR_2_RX2\LIB\PORTAUDIO_VS2008\BUILD\MSVC\WIN32\DEBUG\PA19.PDB
C:\USERS\DOUG\DESKTOP\OPENHPSDR\W5WC\POWERSDR_HPSDR_2_RX2\LIB\PORTAUDIO_VS2008\BUILD\MSVC\WIN32\DEBUG\PORTAUDIO.DLL.EMBED.MANIFEST
C:\USERS\DOUG\DESKTOP\OPENHPSDR\W5WC\POWERSDR_HPSDR_2_RX2\LIB\PORTAUDIO_VS2008\BUILD\MSVC\WIN32\DEBUG\PORTAUDIO.DLL.EMBED.MANIFEST.RES
C:\USERS\DOUG\DESKTOP\OPENHPSDR\W5WC\POWERSDR_HPSDR_2_RX2\LIB\PORTAUDIO_VS2008\BUILD\MSVC\WIN32\DEBUG\PORTAUDIO.DLL.INTERMEDIATE.MANIFEST
C:\Users\Doug\Desktop\OpenHPSDR\W5WC\PowerSDR_HPSDR_2_RX2\lib\portaudio_VS2008\build\msvc\Win32\Debug\portaudio.write.1.tlog
C:\Users\Doug\Desktop\OpenHPSDR\W5WC\PowerSDR_HPSDR_2_RX2\lib\portaudio_VS2008\build\msvc\Win32\Debug\portaudio_manifest.rc
C:\Users\Doug\Desktop\OpenHPSDR\W5WC\PowerSDR_HPSDR_2_RX2\lib\portaudio_VS2008\build\msvc\Win32\Debug\rc.command.1.tlog
C:\Users\Doug\Desktop\OpenHPSDR\W5WC\PowerSDR_HPSDR_2_RX2\lib\portaudio_VS2008\build\msvc\Win32\Debug\rc.read.1.tlog
C:\Users\Doug\Desktop\OpenHPSDR\W5WC\PowerSDR_HPSDR_2_RX2\lib\portaudio_VS2008\build\msvc\Win32\Debug\rc.write.1.tlog
C:\USERS\DOUG\DESKTOP\OPENHPSDR\W5WC\POWERSDR_HPSDR_2_RX2\LIB\PORTAUDIO_VS2008\BUILD\MSVC\WIN32\DEBUG\REGISTER.OBJ
C:\Users\Doug\Desktop\OpenHPSDR\W5WC\PowerSDR_HPSDR_2_RX2\lib\portaudio_VS2008\build\msvc\Win32\Debug\vc100.idb
C:\USERS\DOUG\DESKTOP\OPENHPSDR\W5WC\POWERSDR_HPSDR_2_RX2\LIB\PORTAUDIO_VS2008\BUILD\MSVC\WIN32\DEBUG\VC100.PDB
