Assembler report for Ozy_Janus
Tue Aug 18 20:31:00 2009
Quartus II Version 9.0 Build 132 02/25/2009 SJ Web Edition


---------------------
; Table of Contents ;
---------------------
  1. Legal Notice
  2. Assembler Summary
  3. Assembler Settings
  4. Assembler Generated Files
  5. Assembler Device Options: C:/HPSDR/trunk/Kirks Code/HPSDR Aug 13 2009/OzyJanus/Ozy_Janus.sof
  6. Assembler Device Options: C:/HPSDR/trunk/Kirks Code/HPSDR Aug 13 2009/OzyJanus/Ozy_Janus.pof
  7. Assembler Device Options: C:/HPSDR/trunk/Kirks Code/HPSDR Aug 13 2009/OzyJanus/Ozy_Janus.rbf
  8. Assembler Messages



----------------
; Legal Notice ;
----------------
Copyright (C) 1991-2009 Altera Corporation
Your use of Altera Corporation's design tools, logic functions 
and other software and tools, and its AMPP partner logic 
functions, and any output files from any of the foregoing 
(including device programming or simulation files), and any 
associated documentation or information are expressly subject 
to the terms and conditions of the Altera Program License 
Subscription Agreement, Altera MegaCore Function License 
Agreement, or other applicable license agreement, including, 
without limitation, that your use is for the sole purpose of 
programming logic devices manufactured by Altera and sold by 
Altera or its authorized distributors.  Please refer to the 
applicable agreement for further details.



+---------------------------------------------------------------+
; Assembler Summary                                             ;
+-----------------------+---------------------------------------+
; Assembler Status      ; Successful - Tue Aug 18 20:31:00 2009 ;
; Revision Name         ; Ozy_Janus                             ;
; Top-level Entity Name ; Ozy_Janus                             ;
; Family                ; Cyclone II                            ;
; Device                ; EP2C8Q208C8                           ;
+-----------------------+---------------------------------------+


+--------------------------------------------------------------------------------------------------------+
; Assembler Settings                                                                                     ;
+-----------------------------------------------------------------------------+----------+---------------+
; Option                                                                      ; Setting  ; Default Value ;
+-----------------------------------------------------------------------------+----------+---------------+
; Use smart compilation                                                       ; On       ; Off           ;
; Generate Raw Binary File (.rbf) For Target Device                           ; On       ; Off           ;
; Generate compressed bitstreams                                              ; On       ; On            ;
; Compression mode                                                            ; Off      ; Off           ;
; Clock source for configuration device                                       ; Internal ; Internal      ;
; Clock frequency of the configuration device                                 ; 10 MHZ   ; 10 MHz        ;
; Divide clock frequency by                                                   ; 1        ; 1             ;
; Auto user code                                                              ; Off      ; Off           ;
; Use configuration device                                                    ; On       ; On            ;
; Configuration device                                                        ; Auto     ; Auto          ;
; Configuration device auto user code                                         ; Off      ; Off           ;
; Generate Tabular Text File (.ttf) For Target Device                         ; Off      ; Off           ;
; Generate Hexadecimal (Intel-Format) Output File (.hexout) for Target Device ; Off      ; Off           ;
; Hexadecimal Output File start address                                       ; 0        ; 0             ;
; Hexadecimal Output File count direction                                     ; Up       ; Up            ;
; Release clears before tri-states                                            ; Off      ; Off           ;
; Auto-restart configuration after error                                      ; On       ; On            ;
; Maintain Compatibility with All Cyclone II M4K Versions                     ; On       ; On            ;
; Generate Serial Vector Format File (.svf) for Target Device                 ; Off      ; Off           ;
; Generate a JEDEC STAPL Format File (.jam) for Target Device                 ; Off      ; Off           ;
; Generate a compressed Jam STAPL Byte Code 2.0 File (.jbc) for Target Device ; Off      ; Off           ;
; Generate a compressed Jam STAPL Byte Code 2.0 File (.jbc) for Target Device ; On       ; On            ;
+-----------------------------------------------------------------------------+----------+---------------+


+--------------------------------------------------------------------+
; Assembler Generated Files                                          ;
+--------------------------------------------------------------------+
; File Name                                                          ;
+--------------------------------------------------------------------+
; C:/HPSDR/trunk/Kirks Code/HPSDR Aug 13 2009/OzyJanus/Ozy_Janus.sof ;
; C:/HPSDR/trunk/Kirks Code/HPSDR Aug 13 2009/OzyJanus/Ozy_Janus.pof ;
; C:/HPSDR/trunk/Kirks Code/HPSDR Aug 13 2009/OzyJanus/Ozy_Janus.rbf ;
+--------------------------------------------------------------------+


+----------------------------------------------------------------------------------------------+
; Assembler Device Options: C:/HPSDR/trunk/Kirks Code/HPSDR Aug 13 2009/OzyJanus/Ozy_Janus.sof ;
+----------------+-----------------------------------------------------------------------------+
; Option         ; Setting                                                                     ;
+----------------+-----------------------------------------------------------------------------+
; Device         ; EP2C8Q208C8                                                                 ;
; JTAG usercode  ; 0xFFFFFFFF                                                                  ;
; Checksum       ; 0x003B7F52                                                                  ;
+----------------+-----------------------------------------------------------------------------+


+----------------------------------------------------------------------------------------------+
; Assembler Device Options: C:/HPSDR/trunk/Kirks Code/HPSDR Aug 13 2009/OzyJanus/Ozy_Janus.pof ;
+--------------------+-------------------------------------------------------------------------+
; Option             ; Setting                                                                 ;
+--------------------+-------------------------------------------------------------------------+
; Device             ; EPCS4                                                                   ;
; JTAG usercode      ; 0x00000000                                                              ;
; Checksum           ; 0x06AD0295                                                              ;
; Compression Ratio  ; 2                                                                       ;
+--------------------+-------------------------------------------------------------------------+


+----------------------------------------------------------------------------------------------+
; Assembler Device Options: C:/HPSDR/trunk/Kirks Code/HPSDR Aug 13 2009/OzyJanus/Ozy_Janus.rbf ;
+---------------------+------------------------------------------------------------------------+
; Option              ; Setting                                                                ;
+---------------------+------------------------------------------------------------------------+
; Raw Binary File     ;                                                                        ;
;  Compression Ratio  ; 2                                                                      ;
+---------------------+------------------------------------------------------------------------+


+--------------------+
; Assembler Messages ;
+--------------------+
Info: *******************************************************************
Info: Running Quartus II Assembler
    Info: Version 9.0 Build 132 02/25/2009 SJ Web Edition
    Info: Processing started: Tue Aug 18 20:30:56 2009
Info: Command: quartus_asm --read_settings_files=off --write_settings_files=off Ozy_Janus -c Ozy_Janus
Info: Writing out detailed assembly data for power analysis
Info: Assembler is generating device programming files
Info: Quartus II Assembler was successful. 0 errors, 0 warnings
    Info: Peak virtual memory: 172 megabytes
    Info: Processing ended: Tue Aug 18 20:31:00 2009
    Info: Elapsed time: 00:00:04
    Info: Total CPU time (on all processors): 00:00:03


