Analysis & Synthesis report for Janus
Tue Nov 28 15:47:43 2006
Version 6.0 Build 202 06/20/2006 Service Pack 1 SJ Web Edition


---------------------
; Table of Contents ;
---------------------
  1. Legal Notice
  2. Analysis & Synthesis Summary
  3. Analysis & Synthesis Settings
  4. Analysis & Synthesis Source Files Read
  5. Analysis & Synthesis Resource Usage Summary
  6. Analysis & Synthesis Resource Utilization by Entity
  7. General Register Statistics
  8. Inverted Register Statistics
  9. Parameter Settings for User Entity Instance: counter1:counter1|lpm_counter:lpm_counter_component
 10. Parameter Settings for User Entity Instance: counter2:counter2|lpm_counter:lpm_counter_component
 11. Analysis & Synthesis Messages



----------------
; Legal Notice ;
----------------
Copyright (C) 1991-2006 Altera Corporation
Your use of Altera Corporation's design tools, logic functions 
and other software and tools, and its AMPP partner logic 
functions, and any output files any of the foregoing 
(including device programming or simulation files), and any 
associated documentation or information are expressly subject 
to the terms and conditions of the Altera Program License 
Subscription Agreement, Altera MegaCore Function License 
Agreement, or other applicable license agreement, including, 
without limitation, that your use is for the sole purpose of 
programming logic devices manufactured by Altera and sold by 
Altera or its authorized distributors.  Please refer to the 
applicable agreement for further details.



+----------------------------------------------------------------------------+
; Analysis & Synthesis Summary                                               ;
+-----------------------------+----------------------------------------------+
; Analysis & Synthesis Status ; Successful - Tue Nov 28 15:47:43 2006        ;
; Quartus II Version          ; 6.0 Build 202 06/20/2006 SP 1 SJ Web Edition ;
; Revision Name               ; Janus                                        ;
; Top-level Entity Name       ; Janus                                        ;
; Family                      ; MAX II                                       ;
; Total logic elements        ; 40                                           ;
; Total pins                  ; 46                                           ;
; Total virtual pins          ; 0                                            ;
; UFM blocks                  ; 0                                            ;
+-----------------------------+----------------------------------------------+


+--------------------------------------------------------------------------------------------------------------+
; Analysis & Synthesis Settings                                                                                ;
+--------------------------------------------------------------------+--------------------+--------------------+
; Option                                                             ; Setting            ; Default Value      ;
+--------------------------------------------------------------------+--------------------+--------------------+
; Device                                                             ; EPM240T100C5       ;                    ;
; Top-level entity name                                              ; Janus              ; Janus              ;
; Family name                                                        ; MAX II             ; Stratix            ;
; Use smart compilation                                              ; Off                ; Off                ;
; Restructure Multiplexers                                           ; Auto               ; Auto               ;
; Create Debugging Nodes for IP Cores                                ; Off                ; Off                ;
; Preserve fewer node names                                          ; On                 ; On                 ;
; Disable OpenCore Plus hardware evaluation                          ; Off                ; Off                ;
; Verilog Version                                                    ; Verilog_2001       ; Verilog_2001       ;
; VHDL Version                                                       ; VHDL93             ; VHDL93             ;
; State Machine Processing                                           ; Auto               ; Auto               ;
; Extract Verilog State Machines                                     ; On                 ; On                 ;
; Extract VHDL State Machines                                        ; On                 ; On                 ;
; Add Pass-Through Logic to Inferred RAMs                            ; On                 ; On                 ;
; NOT Gate Push-Back                                                 ; On                 ; On                 ;
; Power-Up Don't Care                                                ; On                 ; On                 ;
; Remove Redundant Logic Cells                                       ; Off                ; Off                ;
; Remove Duplicate Registers                                         ; On                 ; On                 ;
; Ignore CARRY Buffers                                               ; Off                ; Off                ;
; Ignore CASCADE Buffers                                             ; Off                ; Off                ;
; Ignore GLOBAL Buffers                                              ; Off                ; Off                ;
; Ignore ROW GLOBAL Buffers                                          ; Off                ; Off                ;
; Ignore LCELL Buffers                                               ; Off                ; Off                ;
; Ignore SOFT Buffers                                                ; On                 ; On                 ;
; Limit AHDL Integers to 32 Bits                                     ; Off                ; Off                ;
; Optimization Technique -- MAX II                                   ; Balanced           ; Balanced           ;
; Carry Chain Length -- Stratix/Stratix GX/Cyclone/MAX II/Cyclone II ; 70                 ; 70                 ;
; Auto Carry Chains                                                  ; On                 ; On                 ;
; Auto Open-Drain Pins                                               ; On                 ; On                 ;
; Remove Duplicate Logic                                             ; On                 ; On                 ;
; Perform WYSIWYG Primitive Resynthesis                              ; Off                ; Off                ;
; Perform gate-level register retiming                               ; Off                ; Off                ;
; Allow register retiming to trade off Tsu/Tco with Fmax             ; On                 ; On                 ;
; Auto Shift Register Replacement                                    ; On                 ; On                 ;
; Auto Clock Enable Replacement                                      ; On                 ; On                 ;
; Allow Synchronous Control Signals                                  ; On                 ; On                 ;
; Force Use of Synchronous Clear Signals                             ; Off                ; Off                ;
; Auto RAM Block Balancing                                           ; On                 ; On                 ;
; Auto Resource Sharing                                              ; Off                ; Off                ;
; Maximum Number of M512 Memory Blocks                               ; Unlimited          ; Unlimited          ;
; Maximum Number of M4K Memory Blocks                                ; Unlimited          ; Unlimited          ;
; Maximum Number of M-RAM Memory Blocks                              ; Unlimited          ; Unlimited          ;
; Ignore translate_off and translate_on Synthesis Directives         ; Off                ; Off                ;
; Show Parameter Settings Tables in Synthesis Report                 ; On                 ; On                 ;
; Ignore Maximum Fan-Out Assignments                                 ; Off                ; Off                ;
; Retiming Meta-Stability Register Sequence Length                   ; 2                  ; 2                  ;
; PowerPlay Power Optimization                                       ; Normal compilation ; Normal compilation ;
; HDL message level                                                  ; Level2             ; Level2             ;
+--------------------------------------------------------------------+--------------------+--------------------+


+---------------------------------------------------------------------------------------------------------------------------------------------------------------+
; Analysis & Synthesis Source Files Read                                                                                                                        ;
+----------------------------------+-----------------+------------------------------------+---------------------------------------------------------------------+
; File Name with User-Entered Path ; Used in Netlist ; File Type                          ; File Name with Absolute Path                                        ;
+----------------------------------+-----------------+------------------------------------+---------------------------------------------------------------------+
; counter2.v                       ; yes             ; User Verilog HDL File              ; C:/HPSDR/trunk/Janus-CPLDV2/counter2.v                              ;
; counter1.v                       ; yes             ; User Verilog HDL File              ; C:/HPSDR/trunk/Janus-CPLDV2/counter1.v                              ;
; pfd.bdf                          ; yes             ; User Block Diagram/Schematic File  ; C:/HPSDR/trunk/Janus-CPLDV2/pfd.bdf                                 ;
; Janus.v                          ; yes             ; User Verilog HDL File              ; C:/HPSDR/trunk/Janus-CPLDV2/Janus.v                                 ;
; lpm_counter.tdf                  ; yes             ; Megafunction                       ; c:/altera/quartus60/libraries/megafunctions/lpm_counter.tdf         ;
; lpm_constant.inc                 ; yes             ; Other                              ; c:/altera/quartus60/libraries/megafunctions/lpm_constant.inc        ;
; lpm_decode.inc                   ; yes             ; Other                              ; c:/altera/quartus60/libraries/megafunctions/lpm_decode.inc          ;
; lpm_add_sub.inc                  ; yes             ; Other                              ; c:/altera/quartus60/libraries/megafunctions/lpm_add_sub.inc         ;
; cmpconst.inc                     ; yes             ; Other                              ; c:/altera/quartus60/libraries/megafunctions/cmpconst.inc            ;
; lpm_compare.inc                  ; yes             ; Other                              ; c:/altera/quartus60/libraries/megafunctions/lpm_compare.inc         ;
; lpm_counter.inc                  ; yes             ; Other                              ; c:/altera/quartus60/libraries/megafunctions/lpm_counter.inc         ;
; dffeea.inc                       ; yes             ; Other                              ; c:/altera/quartus60/libraries/megafunctions/dffeea.inc              ;
; alt_synch_counter.inc            ; yes             ; Other                              ; c:/altera/quartus60/libraries/megafunctions/alt_synch_counter.inc   ;
; alt_synch_counter_f.inc          ; yes             ; Other                              ; c:/altera/quartus60/libraries/megafunctions/alt_synch_counter_f.inc ;
; alt_counter_f10ke.inc            ; yes             ; Other                              ; c:/altera/quartus60/libraries/megafunctions/alt_counter_f10ke.inc   ;
; alt_counter_stratix.inc          ; yes             ; Other                              ; c:/altera/quartus60/libraries/megafunctions/alt_counter_stratix.inc ;
; aglobal60.inc                    ; yes             ; Other                              ; c:/altera/quartus60/libraries/megafunctions/aglobal60.inc           ;
; db/cntr_45j.tdf                  ; yes             ; Auto-Generated Megafunction        ; C:/HPSDR/trunk/Janus-CPLDV2/db/cntr_45j.tdf                         ;
; db/cntr_c5j.tdf                  ; yes             ; Auto-Generated Megafunction        ; C:/HPSDR/trunk/Janus-CPLDV2/db/cntr_c5j.tdf                         ;
+----------------------------------+-----------------+------------------------------------+---------------------------------------------------------------------+


+-----------------------------------------------------+
; Analysis & Synthesis Resource Usage Summary         ;
+---------------------------------------------+-------+
; Resource                                    ; Usage ;
+---------------------------------------------+-------+
; Total logic elements                        ; 40    ;
;     -- Combinational with no register       ; 13    ;
;     -- Register only                        ; 1     ;
;     -- Combinational with a register        ; 26    ;
;                                             ;       ;
; Logic element usage by number of LUT inputs ;       ;
;     -- 4 input functions                    ; 7     ;
;     -- 3 input functions                    ; 2     ;
;     -- 2 input functions                    ; 21    ;
;     -- 1 input functions                    ; 7     ;
;     -- 0 input functions                    ; 2     ;
;         -- Combinational cells for routing  ; 0     ;
;                                             ;       ;
; Logic elements by mode                      ;       ;
;     -- normal mode                          ; 20    ;
;     -- arithmetic mode                      ; 20    ;
;     -- qfbk mode                            ; 0     ;
;     -- register cascade mode                ; 0     ;
;     -- synchronous clear/load mode          ; 20    ;
;     -- asynchronous clear/load mode         ; 3     ;
;                                             ;       ;
; Total registers                             ; 27    ;
; Total logic cells in carry chains           ; 22    ;
; I/O pins                                    ; 46    ;
; Maximum fan-out node                        ; ~GND  ;
; Maximum fan-out                             ; 20    ;
; Total fan-out                               ; 174   ;
; Average fan-out                             ; 2.02  ;
+---------------------------------------------+-------+


+-------------------------------------------------------------------------------------------------------------------------------------------------------------------------------------------------------------------------------------------------------------------------------------+
; Analysis & Synthesis Resource Utilization by Entity                                                                                                                                                                                                                                 ;
+-------------------------------------------+-------------+--------------+------------+------+--------------+--------------+-------------------+------------------+-----------------+------------+------------------------------------------------------------------------------------+
; Compilation Hierarchy Node                ; Logic Cells ; LC Registers ; UFM Blocks ; Pins ; Virtual Pins ; LUT-Only LCs ; Register-Only LCs ; LUT/Register LCs ; Carry Chain LCs ; Packed LCs ; Full Hierarchy Name                                                                ;
+-------------------------------------------+-------------+--------------+------------+------+--------------+--------------+-------------------+------------------+-----------------+------------+------------------------------------------------------------------------------------+
; |Janus                                    ; 40 (7)      ; 27           ; 0          ; 46   ; 0            ; 13 (4)       ; 1 (0)             ; 26 (3)           ; 22 (0)          ; 0 (0)      ; |Janus                                                                             ;
;    |counter1:counter1|                    ; 14 (0)      ; 10           ; 0          ; 0    ; 0            ; 4 (0)        ; 0 (0)             ; 10 (0)           ; 11 (0)          ; 0 (0)      ; |Janus|counter1:counter1                                                           ;
;       |lpm_counter:lpm_counter_component| ; 14 (0)      ; 10           ; 0          ; 0    ; 0            ; 4 (0)        ; 0 (0)             ; 10 (0)           ; 11 (0)          ; 0 (0)      ; |Janus|counter1:counter1|lpm_counter:lpm_counter_component                         ;
;          |cntr_45j:auto_generated|        ; 14 (14)     ; 10           ; 0          ; 0    ; 0            ; 4 (4)        ; 0 (0)             ; 10 (10)          ; 11 (11)         ; 0 (0)      ; |Janus|counter1:counter1|lpm_counter:lpm_counter_component|cntr_45j:auto_generated ;
;    |counter2:counter2|                    ; 14 (0)      ; 10           ; 0          ; 0    ; 0            ; 4 (0)        ; 0 (0)             ; 10 (0)           ; 11 (0)          ; 0 (0)      ; |Janus|counter2:counter2                                                           ;
;       |lpm_counter:lpm_counter_component| ; 14 (0)      ; 10           ; 0          ; 0    ; 0            ; 4 (0)        ; 0 (0)             ; 10 (0)           ; 11 (0)          ; 0 (0)      ; |Janus|counter2:counter2|lpm_counter:lpm_counter_component                         ;
;          |cntr_c5j:auto_generated|        ; 14 (14)     ; 10           ; 0          ; 0    ; 0            ; 4 (4)        ; 0 (0)             ; 10 (10)          ; 11 (11)         ; 0 (0)      ; |Janus|counter2:counter2|lpm_counter:lpm_counter_component|cntr_c5j:auto_generated ;
;    |pfd:Janus_pfd|                        ; 5 (5)       ; 4            ; 0          ; 0    ; 0            ; 1 (1)        ; 1 (1)             ; 3 (3)            ; 0 (0)           ; 0 (0)      ; |Janus|pfd:Janus_pfd                                                               ;
+-------------------------------------------+-------------+--------------+------------+------+--------------+--------------+-------------------+------------------+-----------------+------------+------------------------------------------------------------------------------------+
Note: For table entries with two numbers listed, the numbers in parentheses indicate the number of resources of the given type used by the specific entity alone. The numbers listed outside of parentheses indicate the total resources of the given type used by the specific entity and all of its sub-entities in the hierarchy.


+------------------------------------------------------+
; General Register Statistics                          ;
+----------------------------------------------+-------+
; Statistic                                    ; Value ;
+----------------------------------------------+-------+
; Total registers                              ; 27    ;
; Number of registers using Synchronous Clear  ; 0     ;
; Number of registers using Synchronous Load   ; 20    ;
; Number of registers using Asynchronous Clear ; 3     ;
; Number of registers using Asynchronous Load  ; 0     ;
; Number of registers using Clock Enable       ; 0     ;
; Number of registers using Preset             ; 0     ;
+----------------------------------------------+-------+


+--------------------------------------------------+
; Inverted Register Statistics                     ;
+----------------------------------------+---------+
; Inverted Register                      ; Fan out ;
+----------------------------------------+---------+
; pfd:Janus_pfd|inst4                    ; 3       ;
; Total number of inverted registers = 1 ;         ;
+----------------------------------------+---------+


+--------------------------------------------------------------------------------------------------+
; Parameter Settings for User Entity Instance: counter1:counter1|lpm_counter:lpm_counter_component ;
+------------------------+-------------+-----------------------------------------------------------+
; Parameter Name         ; Value       ; Type                                                      ;
+------------------------+-------------+-----------------------------------------------------------+
; AUTO_CARRY_CHAINS      ; ON          ; AUTO_CARRY                                                ;
; IGNORE_CARRY_BUFFERS   ; OFF         ; IGNORE_CARRY                                              ;
; AUTO_CASCADE_CHAINS    ; ON          ; AUTO_CASCADE                                              ;
; IGNORE_CASCADE_BUFFERS ; OFF         ; IGNORE_CASCADE                                            ;
; LPM_WIDTH              ; 10          ; Integer                                                   ;
; LPM_DIRECTION          ; UP          ; Untyped                                                   ;
; LPM_MODULUS            ; 625         ; Integer                                                   ;
; LPM_AVALUE             ; UNUSED      ; Untyped                                                   ;
; LPM_SVALUE             ; UNUSED      ; Untyped                                                   ;
; LPM_PORT_UPDOWN        ; PORT_UNUSED ; Untyped                                                   ;
; DEVICE_FAMILY          ; MAX II      ; Untyped                                                   ;
; CARRY_CHAIN            ; MANUAL      ; Untyped                                                   ;
; CARRY_CHAIN_LENGTH     ; 48          ; CARRY_CHAIN_LENGTH                                        ;
; NOT_GATE_PUSH_BACK     ; ON          ; NOT_GATE_PUSH_BACK                                        ;
; CARRY_CNT_EN           ; SMART       ; Untyped                                                   ;
; LABWIDE_SCLR           ; ON          ; Untyped                                                   ;
; USE_NEW_VERSION        ; TRUE        ; Untyped                                                   ;
; CBXI_PARAMETER         ; cntr_45j    ; Untyped                                                   ;
+------------------------+-------------+-----------------------------------------------------------+
Note: In order to hide this table in the UI and the text report file, please set the "Show Parameter Settings Tables in Synthesis Report" option in "Analysis and Synthesis Settings -> More Settings" to "Off".


+--------------------------------------------------------------------------------------------------+
; Parameter Settings for User Entity Instance: counter2:counter2|lpm_counter:lpm_counter_component ;
+------------------------+-------------+-----------------------------------------------------------+
; Parameter Name         ; Value       ; Type                                                      ;
+------------------------+-------------+-----------------------------------------------------------+
; AUTO_CARRY_CHAINS      ; ON          ; AUTO_CARRY                                                ;
; IGNORE_CARRY_BUFFERS   ; OFF         ; IGNORE_CARRY                                              ;
; AUTO_CASCADE_CHAINS    ; ON          ; AUTO_CASCADE                                              ;
; IGNORE_CASCADE_BUFFERS ; OFF         ; IGNORE_CASCADE                                            ;
; LPM_WIDTH              ; 10          ; Integer                                                   ;
; LPM_DIRECTION          ; UP          ; Untyped                                                   ;
; LPM_MODULUS            ; 768         ; Integer                                                   ;
; LPM_AVALUE             ; UNUSED      ; Untyped                                                   ;
; LPM_SVALUE             ; UNUSED      ; Untyped                                                   ;
; LPM_PORT_UPDOWN        ; PORT_UNUSED ; Untyped                                                   ;
; DEVICE_FAMILY          ; MAX II      ; Untyped                                                   ;
; CARRY_CHAIN            ; MANUAL      ; Untyped                                                   ;
; CARRY_CHAIN_LENGTH     ; 48          ; CARRY_CHAIN_LENGTH                                        ;
; NOT_GATE_PUSH_BACK     ; ON          ; NOT_GATE_PUSH_BACK                                        ;
; CARRY_CNT_EN           ; SMART       ; Untyped                                                   ;
; LABWIDE_SCLR           ; ON          ; Untyped                                                   ;
; USE_NEW_VERSION        ; TRUE        ; Untyped                                                   ;
; CBXI_PARAMETER         ; cntr_c5j    ; Untyped                                                   ;
+------------------------+-------------+-----------------------------------------------------------+
Note: In order to hide this table in the UI and the text report file, please set the "Show Parameter Settings Tables in Synthesis Report" option in "Analysis and Synthesis Settings -> More Settings" to "Off".


+-------------------------------+
; Analysis & Synthesis Messages ;
+-------------------------------+
Info: *******************************************************************
Info: Running Quartus II Analysis & Synthesis
    Info: Version 6.0 Build 202 06/20/2006 Service Pack 1 SJ Web Edition
    Info: Processing started: Tue Nov 28 15:47:42 2006
Info: Command: quartus_map --read_settings_files=on --write_settings_files=off Janus -c Janus
Info: Found 1 design units, including 1 entities, in source file counter2.v
    Info: Found entity 1: counter2
Info: Found 1 design units, including 1 entities, in source file counter1.v
    Info: Found entity 1: counter1
Info: Found 1 design units, including 1 entities, in source file pfd.bdf
    Info: Found entity 1: pfd
Warning (10236): Verilog HDL net warning at Janus.v(235): created undeclared net "pfd_out"
Warning (10236): Verilog HDL net warning at Janus.v(235): created undeclared net "lock"
Info: Found 1 design units, including 1 entities, in source file Janus.v
    Info: Found entity 1: Janus
Info: Elaborating entity "Janus" for the top level hierarchy
Info: Elaborating entity "counter1" for hierarchy "counter1:counter1"
Info: Found 1 design units, including 1 entities, in source file ../../../altera/quartus60/libraries/megafunctions/lpm_counter.tdf
    Info: Found entity 1: lpm_counter
Info: Elaborating entity "lpm_counter" for hierarchy "counter1:counter1|lpm_counter:lpm_counter_component"
Info: Elaborated megafunction instantiation "counter1:counter1|lpm_counter:lpm_counter_component"
Info: Found 1 design units, including 1 entities, in source file db/cntr_45j.tdf
    Info: Found entity 1: cntr_45j
Info: Elaborating entity "cntr_45j" for hierarchy "counter1:counter1|lpm_counter:lpm_counter_component|cntr_45j:auto_generated"
Info: Elaborating entity "counter2" for hierarchy "counter2:counter2"
Info: Elaborating entity "lpm_counter" for hierarchy "counter2:counter2|lpm_counter:lpm_counter_component"
Info: Elaborated megafunction instantiation "counter2:counter2|lpm_counter:lpm_counter_component"
Info: Found 1 design units, including 1 entities, in source file db/cntr_c5j.tdf
    Info: Found entity 1: cntr_c5j
Info: Elaborating entity "cntr_c5j" for hierarchy "counter2:counter2|lpm_counter:lpm_counter_component|cntr_c5j:auto_generated"
Info: Elaborating entity "pfd" for hierarchy "pfd:Janus_pfd"
Warning: Inserted an always-enabled tri-state buffer between logic and the tri-state bus C15~0 that it feeds
Warning: TRI or OPNDRN buffers permanently enabled
    Warning: Node "C15~1"
Warning: Output pins are stuck at VCC or GND
    Warning: Pin "CMODE" stuck at GND
    Warning: Pin "EXP4" stuck at GND
    Warning: Pin "HPF" stuck at VCC
    Warning: Pin "nCS" stuck at GND
    Warning: Pin "SMODE1" stuck at VCC
    Warning: Pin "SMODE2" stuck at VCC
    Warning: Pin "ZCAL" stuck at VCC
Info: Registers with preset signals will power-up high
Warning: Design contains 4 input pin(s) that do not drive logic
    Warning: No output dependent on input pin "CAL"
    Warning: No output dependent on input pin "FSYNC"
    Warning: No output dependent on input pin "SSCK"
    Warning: No output dependent on input pin "MOSI"
Info: Implemented 86 device resources after synthesis - the final resource count might be different
    Info: Implemented 19 input pins
    Info: Implemented 26 output pins
    Info: Implemented 1 bidirectional pins
    Info: Implemented 40 logic cells
Info: Quartus II Analysis & Synthesis was successful. 0 errors, 18 warnings
    Info: Processing ended: Tue Nov 28 15:47:43 2006
    Info: Elapsed time: 00:00:01


