                              1 ;--------------------------------------------------------
                              2 ; File Created by SDCC : FreeWare ANSI-C Compiler
                              3 ; Version 2.5.0 #1020 (May  8 2005)
                              4 ; This file generated Mon Jul 24 15:01:46 2006
                              5 ;--------------------------------------------------------
                              6 	.module hpsdr_main
                              7 	.optsdcc -mmcs51 --model-small
                              8 	
                              9 ;--------------------------------------------------------
                             10 ; Public variables in this module
                             11 ;--------------------------------------------------------
                             12 	.globl _main
                             13 	.globl _patch_usb_descriptors
                             14 	.globl _isr_tick
                             15 	.globl _app_vendor_IN_cmd
                             16 	.globl _app_vendor_OUT_cmd
                             17 	.globl _bitALTERA_DCLK
                             18 	.globl _bitALTERA_DATA0
                             19 	.globl _bitS_IN
                             20 	.globl _bitS_OUT
                             21 	.globl _bitS_CLK
                             22 	.globl _EIPX6
                             23 	.globl _EIPX5
                             24 	.globl _EIPX4
                             25 	.globl _PI2C
                             26 	.globl _PUSB
                             27 	.globl _EIEX6
                             28 	.globl _EIEX5
                             29 	.globl _EIEX4
                             30 	.globl _EI2C
                             31 	.globl _EIUSB
                             32 	.globl _SMOD1
                             33 	.globl _ERESI
                             34 	.globl _RESI
                             35 	.globl _INT6
                             36 	.globl _CY
                             37 	.globl _AC
                             38 	.globl _F0
                             39 	.globl _RS1
                             40 	.globl _RS0
                             41 	.globl _OV
                             42 	.globl _FL
                             43 	.globl _P
                             44 	.globl _TF2
                             45 	.globl _EXF2
                             46 	.globl _RCLK
                             47 	.globl _TCLK
                             48 	.globl _EXEN2
                             49 	.globl _TR2
                             50 	.globl _C_T2
                             51 	.globl _CP_RL2
                             52 	.globl _SM01
                             53 	.globl _SM11
                             54 	.globl _SM21
                             55 	.globl _REN1
                             56 	.globl _TB81
                             57 	.globl _RB81
                             58 	.globl _TI1
                             59 	.globl _RI1
                             60 	.globl _PS1
                             61 	.globl _PT2
                             62 	.globl _PS0
                             63 	.globl _PT1
                             64 	.globl _PX1
                             65 	.globl _PT0
                             66 	.globl _PX0
                             67 	.globl _EA
                             68 	.globl _ES1
                             69 	.globl _ET2
                             70 	.globl _ES0
                             71 	.globl _ET1
                             72 	.globl _EX1
                             73 	.globl _ET0
                             74 	.globl _EX0
                             75 	.globl _SM0
                             76 	.globl _SM1
                             77 	.globl _SM2
                             78 	.globl _REN
                             79 	.globl _TB8
                             80 	.globl _RB8
                             81 	.globl _TI
                             82 	.globl _RI
                             83 	.globl _TF1
                             84 	.globl _TR1
                             85 	.globl _TF0
                             86 	.globl _TR0
                             87 	.globl _IE1
                             88 	.globl _IT1
                             89 	.globl _IE0
                             90 	.globl _IT0
                             91 	.globl _SEL
                             92 	.globl _EIP
                             93 	.globl _B
                             94 	.globl _EIE
                             95 	.globl _ACC
                             96 	.globl _EICON
                             97 	.globl _PSW
                             98 	.globl _TH2
                             99 	.globl _TL2
                            100 	.globl _RCAP2H
                            101 	.globl _RCAP2L
                            102 	.globl _T2CON
                            103 	.globl _SBUF1
                            104 	.globl _SCON1
                            105 	.globl _GPIFSGLDATLNOX
                            106 	.globl _GPIFSGLDATLX
                            107 	.globl _GPIFSGLDATH
                            108 	.globl _GPIFTRIG
                            109 	.globl _EP01STAT
                            110 	.globl _IP
                            111 	.globl _OEE
                            112 	.globl _OED
                            113 	.globl _OEC
                            114 	.globl _OEB
                            115 	.globl _OEA
                            116 	.globl _IOE
                            117 	.globl _IOD
                            118 	.globl _AUTOPTRSETUP
                            119 	.globl _EP68FIFOFLGS
                            120 	.globl _EP24FIFOFLGS
                            121 	.globl _EP2468STAT
                            122 	.globl _IE
                            123 	.globl _INT4CLR
                            124 	.globl _INT2CLR
                            125 	.globl _IOC
                            126 	.globl _AUTODAT2
                            127 	.globl _AUTOPTRL2
                            128 	.globl _AUTOPTRH2
                            129 	.globl _AUTODAT1
                            130 	.globl _APTR1L
                            131 	.globl _APTR1H
                            132 	.globl _SBUF0
                            133 	.globl _SCON0
                            134 	.globl _MPAGE
                            135 	.globl _EXIF
                            136 	.globl _IOB
                            137 	.globl _CKCON
                            138 	.globl _TH1
                            139 	.globl _TH0
                            140 	.globl _TL1
                            141 	.globl _TL0
                            142 	.globl _TMOD
                            143 	.globl _TCON
                            144 	.globl _PCON
                            145 	.globl _DPS
                            146 	.globl _DPH1
                            147 	.globl _DPL1
                            148 	.globl _DPH
                            149 	.globl _DPL
                            150 	.globl _SP
                            151 	.globl _IOA
                            152 	.globl _EP8FIFOBUF
                            153 	.globl _EP6FIFOBUF
                            154 	.globl _EP4FIFOBUF
                            155 	.globl _EP2FIFOBUF
                            156 	.globl _EP1INBUF
                            157 	.globl _EP1OUTBUF
                            158 	.globl _EP0BUF
                            159 	.globl _CT4
                            160 	.globl _CT3
                            161 	.globl _CT2
                            162 	.globl _CT1
                            163 	.globl _USBTEST
                            164 	.globl _TESTCFG
                            165 	.globl _DBUG
                            166 	.globl _UDMACRCQUAL
                            167 	.globl _UDMACRCL
                            168 	.globl _UDMACRCH
                            169 	.globl _GPIFHOLDAMOUNT
                            170 	.globl _FLOWSTBHPERIOD
                            171 	.globl _FLOWSTBEDGE
                            172 	.globl _FLOWSTB
                            173 	.globl _FLOWHOLDOFF
                            174 	.globl _FLOWEQ1CTL
                            175 	.globl _FLOWEQ0CTL
                            176 	.globl _FLOWLOGIC
                            177 	.globl _FLOWSTATE
                            178 	.globl _GPIFABORT
                            179 	.globl _GPIFREADYSTAT
                            180 	.globl _GPIFREADYCFG
                            181 	.globl _XGPIFSGLDATLNOX
                            182 	.globl _XGPIFSGLDATLX
                            183 	.globl _XGPIFSGLDATH
                            184 	.globl _EP8GPIFTRIG
                            185 	.globl _EP8GPIFPFSTOP
                            186 	.globl _EP8GPIFFLGSEL
                            187 	.globl _EP6GPIFTRIG
                            188 	.globl _EP6GPIFPFSTOP
                            189 	.globl _EP6GPIFFLGSEL
                            190 	.globl _EP4GPIFTRIG
                            191 	.globl _EP4GPIFPFSTOP
                            192 	.globl _EP4GPIFFLGSEL
                            193 	.globl _EP2GPIFTRIG
                            194 	.globl _EP2GPIFPFSTOP
                            195 	.globl _EP2GPIFFLGSEL
                            196 	.globl _GPIFTCB0
                            197 	.globl _GPIFTCB1
                            198 	.globl _GPIFTCB2
                            199 	.globl _GPIFTCB3
                            200 	.globl _GPIFADRL
                            201 	.globl _GPIFADRH
                            202 	.globl _GPIFCTLCFG
                            203 	.globl _GPIFIDLECTL
                            204 	.globl _GPIFIDLECS
                            205 	.globl _GPIFWFSELECT
                            206 	.globl _SETUPDAT
                            207 	.globl _SUDPTRCTL
                            208 	.globl _SUDPTRL
                            209 	.globl _SUDPTRH
                            210 	.globl _EP8FIFOBCL
                            211 	.globl _EP8FIFOBCH
                            212 	.globl _EP6FIFOBCL
                            213 	.globl _EP6FIFOBCH
                            214 	.globl _EP4FIFOBCL
                            215 	.globl _EP4FIFOBCH
                            216 	.globl _EP2FIFOBCL
                            217 	.globl _EP2FIFOBCH
                            218 	.globl _EP8FIFOFLGS
                            219 	.globl _EP6FIFOFLGS
                            220 	.globl _EP4FIFOFLGS
                            221 	.globl _EP2FIFOFLGS
                            222 	.globl _EP8CS
                            223 	.globl _EP6CS
                            224 	.globl _EP4CS
                            225 	.globl _EP2CS
                            226 	.globl _EP1INCS
                            227 	.globl _EP1OUTCS
                            228 	.globl _EP0CS
                            229 	.globl _EP8BCL
                            230 	.globl _EP8BCH
                            231 	.globl _EP6BCL
                            232 	.globl _EP6BCH
                            233 	.globl _EP4BCL
                            234 	.globl _EP4BCH
                            235 	.globl _EP2BCL
                            236 	.globl _EP2BCH
                            237 	.globl _EP1INBC
                            238 	.globl _EP1OUTBC
                            239 	.globl _EP0BCL
                            240 	.globl _EP0BCH
                            241 	.globl _FNADDR
                            242 	.globl _MICROFRAME
                            243 	.globl _USBFRAMEL
                            244 	.globl _USBFRAMEH
                            245 	.globl _TOGCTL
                            246 	.globl _WAKEUPCS
                            247 	.globl _SUSPEND
                            248 	.globl _USBCS
                            249 	.globl _XAUTODAT2
                            250 	.globl _XAUTODAT1
                            251 	.globl _I2CTL
                            252 	.globl _I2DAT
                            253 	.globl _I2CS
                            254 	.globl _PORTECFG
                            255 	.globl _PORTCCFG
                            256 	.globl _PORTACFG
                            257 	.globl _INTSETUP
                            258 	.globl _INT4IVEC
                            259 	.globl _INT2IVEC
                            260 	.globl _CLRERRCNT
                            261 	.globl _ERRCNTLIM
                            262 	.globl _USBERRIRQ
                            263 	.globl _USBERRIE
                            264 	.globl _GPIFIRQ
                            265 	.globl _GPIFIE
                            266 	.globl _EPIRQ
                            267 	.globl _EPIE
                            268 	.globl _USBIRQ
                            269 	.globl _USBIE
                            270 	.globl _NAKIRQ
                            271 	.globl _NAKIE
                            272 	.globl _IBNIRQ
                            273 	.globl _IBNIE
                            274 	.globl _EP8FIFOIRQ
                            275 	.globl _EP8FIFOIE
                            276 	.globl _EP6FIFOIRQ
                            277 	.globl _EP6FIFOIE
                            278 	.globl _EP4FIFOIRQ
                            279 	.globl _EP4FIFOIE
                            280 	.globl _EP2FIFOIRQ
                            281 	.globl _EP2FIFOIE
                            282 	.globl _OUTPKTEND
                            283 	.globl _INPKTEND
                            284 	.globl _EP8ISOINPKTS
                            285 	.globl _EP6ISOINPKTS
                            286 	.globl _EP4ISOINPKTS
                            287 	.globl _EP2ISOINPKTS
                            288 	.globl _EP8FIFOPFL
                            289 	.globl _EP8FIFOPFH
                            290 	.globl _EP6FIFOPFL
                            291 	.globl _EP6FIFOPFH
                            292 	.globl _EP4FIFOPFL
                            293 	.globl _EP4FIFOPFH
                            294 	.globl _EP2FIFOPFL
                            295 	.globl _EP2FIFOPFH
                            296 	.globl _EP8AUTOINLENL
                            297 	.globl _EP8AUTOINLENH
                            298 	.globl _EP6AUTOINLENL
                            299 	.globl _EP6AUTOINLENH
                            300 	.globl _EP4AUTOINLENL
                            301 	.globl _EP4AUTOINLENH
                            302 	.globl _EP2AUTOINLENL
                            303 	.globl _EP2AUTOINLENH
                            304 	.globl _EP8FIFOCFG
                            305 	.globl _EP6FIFOCFG
                            306 	.globl _EP4FIFOCFG
                            307 	.globl _EP2FIFOCFG
                            308 	.globl _EP8CFG
                            309 	.globl _EP6CFG
                            310 	.globl _EP4CFG
                            311 	.globl _EP2CFG
                            312 	.globl _EP1INCFG
                            313 	.globl _EP1OUTCFG
                            314 	.globl _REVCTL
                            315 	.globl _REVID
                            316 	.globl _FIFOPINPOLAR
                            317 	.globl _UART230
                            318 	.globl _BPADDRL
                            319 	.globl _BPADDRH
                            320 	.globl _BREAKPT
                            321 	.globl _FIFORESET
                            322 	.globl _PINFLAGSCD
                            323 	.globl _PINFLAGSAB
                            324 	.globl _IFCONFIG
                            325 	.globl _CPUCS
                            326 	.globl _RES_WAVEDATA_END
                            327 	.globl _GPIF_WAVE_DATA
                            328 	.globl _app_vendor_cmd
                            329 ;--------------------------------------------------------
                            330 ; special function registers
                            331 ;--------------------------------------------------------
                            332 	.area RSEG    (DATA)
                    0080    333 _IOA	=	0x0080
                    0081    334 _SP	=	0x0081
                    0082    335 _DPL	=	0x0082
                    0083    336 _DPH	=	0x0083
                    0084    337 _DPL1	=	0x0084
                    0085    338 _DPH1	=	0x0085
                    0086    339 _DPS	=	0x0086
                    0087    340 _PCON	=	0x0087
                    0088    341 _TCON	=	0x0088
                    0089    342 _TMOD	=	0x0089
                    008A    343 _TL0	=	0x008a
                    008B    344 _TL1	=	0x008b
                    008C    345 _TH0	=	0x008c
                    008D    346 _TH1	=	0x008d
                    008E    347 _CKCON	=	0x008e
                    0090    348 _IOB	=	0x0090
                    0091    349 _EXIF	=	0x0091
                    0092    350 _MPAGE	=	0x0092
                    0098    351 _SCON0	=	0x0098
                    0099    352 _SBUF0	=	0x0099
                    009A    353 _APTR1H	=	0x009a
                    009B    354 _APTR1L	=	0x009b
                    009C    355 _AUTODAT1	=	0x009c
                    009D    356 _AUTOPTRH2	=	0x009d
                    009E    357 _AUTOPTRL2	=	0x009e
                    009F    358 _AUTODAT2	=	0x009f
                    00A0    359 _IOC	=	0x00a0
                    00A1    360 _INT2CLR	=	0x00a1
                    00A2    361 _INT4CLR	=	0x00a2
                    00A8    362 _IE	=	0x00a8
                    00AA    363 _EP2468STAT	=	0x00aa
                    00AB    364 _EP24FIFOFLGS	=	0x00ab
                    00AC    365 _EP68FIFOFLGS	=	0x00ac
                    00AF    366 _AUTOPTRSETUP	=	0x00af
                    00B0    367 _IOD	=	0x00b0
                    00B1    368 _IOE	=	0x00b1
                    00B2    369 _OEA	=	0x00b2
                    00B3    370 _OEB	=	0x00b3
                    00B4    371 _OEC	=	0x00b4
                    00B5    372 _OED	=	0x00b5
                    00B6    373 _OEE	=	0x00b6
                    00B8    374 _IP	=	0x00b8
                    00BA    375 _EP01STAT	=	0x00ba
                    00BB    376 _GPIFTRIG	=	0x00bb
                    00BD    377 _GPIFSGLDATH	=	0x00bd
                    00BE    378 _GPIFSGLDATLX	=	0x00be
                    00BF    379 _GPIFSGLDATLNOX	=	0x00bf
                    00C0    380 _SCON1	=	0x00c0
                    00C1    381 _SBUF1	=	0x00c1
                    00C8    382 _T2CON	=	0x00c8
                    00CA    383 _RCAP2L	=	0x00ca
                    00CB    384 _RCAP2H	=	0x00cb
                    00CC    385 _TL2	=	0x00cc
                    00CD    386 _TH2	=	0x00cd
                    00D0    387 _PSW	=	0x00d0
                    00D8    388 _EICON	=	0x00d8
                    00E0    389 _ACC	=	0x00e0
                    00E8    390 _EIE	=	0x00e8
                    00F0    391 _B	=	0x00f0
                    00F8    392 _EIP	=	0x00f8
                            393 ;--------------------------------------------------------
                            394 ; special function bits 
                            395 ;--------------------------------------------------------
                            396 	.area RSEG    (DATA)
                    0086    397 _SEL	=	0x0086
                    0088    398 _IT0	=	0x0088
                    0089    399 _IE0	=	0x0089
                    008A    400 _IT1	=	0x008a
                    008B    401 _IE1	=	0x008b
                    008C    402 _TR0	=	0x008c
                    008D    403 _TF0	=	0x008d
                    008E    404 _TR1	=	0x008e
                    008F    405 _TF1	=	0x008f
                    0098    406 _RI	=	0x0098
                    0099    407 _TI	=	0x0099
                    009A    408 _RB8	=	0x009a
                    009B    409 _TB8	=	0x009b
                    009C    410 _REN	=	0x009c
                    009D    411 _SM2	=	0x009d
                    009E    412 _SM1	=	0x009e
                    009F    413 _SM0	=	0x009f
                    00A8    414 _EX0	=	0x00a8
                    00A9    415 _ET0	=	0x00a9
                    00AA    416 _EX1	=	0x00aa
                    00AB    417 _ET1	=	0x00ab
                    00AC    418 _ES0	=	0x00ac
                    00AD    419 _ET2	=	0x00ad
                    00AE    420 _ES1	=	0x00ae
                    00AF    421 _EA	=	0x00af
                    00B8    422 _PX0	=	0x00b8
                    00B9    423 _PT0	=	0x00b9
                    00BA    424 _PX1	=	0x00ba
                    00BB    425 _PT1	=	0x00bb
                    00BC    426 _PS0	=	0x00bc
                    00BD    427 _PT2	=	0x00bd
                    00BE    428 _PS1	=	0x00be
                    00C0    429 _RI1	=	0x00c0
                    00C1    430 _TI1	=	0x00c1
                    00C2    431 _RB81	=	0x00c2
                    00C3    432 _TB81	=	0x00c3
                    00C4    433 _REN1	=	0x00c4
                    00C5    434 _SM21	=	0x00c5
                    00C6    435 _SM11	=	0x00c6
                    00C7    436 _SM01	=	0x00c7
                    00C8    437 _CP_RL2	=	0x00c8
                    00C9    438 _C_T2	=	0x00c9
                    00CA    439 _TR2	=	0x00ca
                    00CB    440 _EXEN2	=	0x00cb
                    00CC    441 _TCLK	=	0x00cc
                    00CD    442 _RCLK	=	0x00cd
                    00CE    443 _EXF2	=	0x00ce
                    00CF    444 _TF2	=	0x00cf
                    00D0    445 _P	=	0x00d0
                    00D1    446 _FL	=	0x00d1
                    00D2    447 _OV	=	0x00d2
                    00D3    448 _RS0	=	0x00d3
                    00D4    449 _RS1	=	0x00d4
                    00D5    450 _F0	=	0x00d5
                    00D6    451 _AC	=	0x00d6
                    00D7    452 _CY	=	0x00d7
                    00DB    453 _INT6	=	0x00db
                    00DC    454 _RESI	=	0x00dc
                    00DD    455 _ERESI	=	0x00dd
                    00DF    456 _SMOD1	=	0x00df
                    00E8    457 _EIUSB	=	0x00e8
                    00E9    458 _EI2C	=	0x00e9
                    00EA    459 _EIEX4	=	0x00ea
                    00EB    460 _EIEX5	=	0x00eb
                    00EC    461 _EIEX6	=	0x00ec
                    00F8    462 _PUSB	=	0x00f8
                    00F9    463 _PI2C	=	0x00f9
                    00FA    464 _EIPX4	=	0x00fa
                    00FB    465 _EIPX5	=	0x00fb
                    00FC    466 _EIPX6	=	0x00fc
                    0080    467 _bitS_CLK	=	0x0080
                    0081    468 _bitS_OUT	=	0x0081
                    0083    469 _bitS_IN	=	0x0083
                    00A0    470 _bitALTERA_DATA0	=	0x00a0
                    00A2    471 _bitALTERA_DCLK	=	0x00a2
                            472 ;--------------------------------------------------------
                            473 ; overlayable register banks 
                            474 ;--------------------------------------------------------
                            475 	.area REG_BANK_0	(REL,OVR,DATA)
   0000                     476 	.ds 8
                            477 ;--------------------------------------------------------
                            478 ; internal ram data
                            479 ;--------------------------------------------------------
                            480 	.area DSEG    (DATA)
   0000                     481 _isr_tick_count_1_1:
   0000                     482 	.ds 1
                            483 ;--------------------------------------------------------
                            484 ; overlayable items in internal ram 
                            485 ;--------------------------------------------------------
                            486 	.area OSEG    (OVR,DATA)
                            487 ;--------------------------------------------------------
                            488 ; Stack segment in internal ram 
                            489 ;--------------------------------------------------------
                            490 	.area	SSEG	(DATA)
   0000                     491 __start__stack:
   0000                     492 	.ds	1
                            493 
                            494 ;--------------------------------------------------------
                            495 ; indirectly addressable internal ram data
                            496 ;--------------------------------------------------------
                            497 	.area ISEG    (DATA)
                            498 ;--------------------------------------------------------
                            499 ; bit data
                            500 ;--------------------------------------------------------
                            501 	.area BSEG    (BIT)
                            502 ;--------------------------------------------------------
                            503 ; paged external ram data
                            504 ;--------------------------------------------------------
                            505 	.area PSEG    (PAG,XDATA)
                            506 ;--------------------------------------------------------
                            507 ; external ram data
                            508 ;--------------------------------------------------------
                            509 	.area XSEG    (XDATA)
                    E400    510 _GPIF_WAVE_DATA	=	0xe400
                    E480    511 _RES_WAVEDATA_END	=	0xe480
                    E600    512 _CPUCS	=	0xe600
                    E601    513 _IFCONFIG	=	0xe601
                    E602    514 _PINFLAGSAB	=	0xe602
                    E603    515 _PINFLAGSCD	=	0xe603
                    E604    516 _FIFORESET	=	0xe604
                    E605    517 _BREAKPT	=	0xe605
                    E606    518 _BPADDRH	=	0xe606
                    E607    519 _BPADDRL	=	0xe607
                    E608    520 _UART230	=	0xe608
                    E609    521 _FIFOPINPOLAR	=	0xe609
                    E60A    522 _REVID	=	0xe60a
                    E60B    523 _REVCTL	=	0xe60b
                    E610    524 _EP1OUTCFG	=	0xe610
                    E611    525 _EP1INCFG	=	0xe611
                    E612    526 _EP2CFG	=	0xe612
                    E613    527 _EP4CFG	=	0xe613
                    E614    528 _EP6CFG	=	0xe614
                    E615    529 _EP8CFG	=	0xe615
                    E618    530 _EP2FIFOCFG	=	0xe618
                    E619    531 _EP4FIFOCFG	=	0xe619
                    E61A    532 _EP6FIFOCFG	=	0xe61a
                    E61B    533 _EP8FIFOCFG	=	0xe61b
                    E620    534 _EP2AUTOINLENH	=	0xe620
                    E621    535 _EP2AUTOINLENL	=	0xe621
                    E622    536 _EP4AUTOINLENH	=	0xe622
                    E623    537 _EP4AUTOINLENL	=	0xe623
                    E624    538 _EP6AUTOINLENH	=	0xe624
                    E625    539 _EP6AUTOINLENL	=	0xe625
                    E626    540 _EP8AUTOINLENH	=	0xe626
                    E627    541 _EP8AUTOINLENL	=	0xe627
                    E630    542 _EP2FIFOPFH	=	0xe630
                    E631    543 _EP2FIFOPFL	=	0xe631
                    E632    544 _EP4FIFOPFH	=	0xe632
                    E633    545 _EP4FIFOPFL	=	0xe633
                    E634    546 _EP6FIFOPFH	=	0xe634
                    E635    547 _EP6FIFOPFL	=	0xe635
                    E636    548 _EP8FIFOPFH	=	0xe636
                    E637    549 _EP8FIFOPFL	=	0xe637
                    E640    550 _EP2ISOINPKTS	=	0xe640
                    E641    551 _EP4ISOINPKTS	=	0xe641
                    E642    552 _EP6ISOINPKTS	=	0xe642
                    E643    553 _EP8ISOINPKTS	=	0xe643
                    E648    554 _INPKTEND	=	0xe648
                    E649    555 _OUTPKTEND	=	0xe649
                    E650    556 _EP2FIFOIE	=	0xe650
                    E651    557 _EP2FIFOIRQ	=	0xe651
                    E652    558 _EP4FIFOIE	=	0xe652
                    E653    559 _EP4FIFOIRQ	=	0xe653
                    E654    560 _EP6FIFOIE	=	0xe654
                    E655    561 _EP6FIFOIRQ	=	0xe655
                    E656    562 _EP8FIFOIE	=	0xe656
                    E657    563 _EP8FIFOIRQ	=	0xe657
                    E658    564 _IBNIE	=	0xe658
                    E659    565 _IBNIRQ	=	0xe659
                    E65A    566 _NAKIE	=	0xe65a
                    E65B    567 _NAKIRQ	=	0xe65b
                    E65C    568 _USBIE	=	0xe65c
                    E65D    569 _USBIRQ	=	0xe65d
                    E65E    570 _EPIE	=	0xe65e
                    E65F    571 _EPIRQ	=	0xe65f
                    E660    572 _GPIFIE	=	0xe660
                    E661    573 _GPIFIRQ	=	0xe661
                    E662    574 _USBERRIE	=	0xe662
                    E663    575 _USBERRIRQ	=	0xe663
                    E664    576 _ERRCNTLIM	=	0xe664
                    E665    577 _CLRERRCNT	=	0xe665
                    E666    578 _INT2IVEC	=	0xe666
                    E667    579 _INT4IVEC	=	0xe667
                    E668    580 _INTSETUP	=	0xe668
                    E670    581 _PORTACFG	=	0xe670
                    E671    582 _PORTCCFG	=	0xe671
                    E672    583 _PORTECFG	=	0xe672
                    E678    584 _I2CS	=	0xe678
                    E679    585 _I2DAT	=	0xe679
                    E67A    586 _I2CTL	=	0xe67a
                    E67B    587 _XAUTODAT1	=	0xe67b
                    E67C    588 _XAUTODAT2	=	0xe67c
                    E680    589 _USBCS	=	0xe680
                    E681    590 _SUSPEND	=	0xe681
                    E682    591 _WAKEUPCS	=	0xe682
                    E683    592 _TOGCTL	=	0xe683
                    E684    593 _USBFRAMEH	=	0xe684
                    E685    594 _USBFRAMEL	=	0xe685
                    E686    595 _MICROFRAME	=	0xe686
                    E687    596 _FNADDR	=	0xe687
                    E68A    597 _EP0BCH	=	0xe68a
                    E68B    598 _EP0BCL	=	0xe68b
                    E68D    599 _EP1OUTBC	=	0xe68d
                    E68F    600 _EP1INBC	=	0xe68f
                    E690    601 _EP2BCH	=	0xe690
                    E691    602 _EP2BCL	=	0xe691
                    E694    603 _EP4BCH	=	0xe694
                    E695    604 _EP4BCL	=	0xe695
                    E698    605 _EP6BCH	=	0xe698
                    E699    606 _EP6BCL	=	0xe699
                    E69C    607 _EP8BCH	=	0xe69c
                    E69D    608 _EP8BCL	=	0xe69d
                    E6A0    609 _EP0CS	=	0xe6a0
                    E6A1    610 _EP1OUTCS	=	0xe6a1
                    E6A2    611 _EP1INCS	=	0xe6a2
                    E6A3    612 _EP2CS	=	0xe6a3
                    E6A4    613 _EP4CS	=	0xe6a4
                    E6A5    614 _EP6CS	=	0xe6a5
                    E6A6    615 _EP8CS	=	0xe6a6
                    E6A7    616 _EP2FIFOFLGS	=	0xe6a7
                    E6A8    617 _EP4FIFOFLGS	=	0xe6a8
                    E6A9    618 _EP6FIFOFLGS	=	0xe6a9
                    E6AA    619 _EP8FIFOFLGS	=	0xe6aa
                    E6AB    620 _EP2FIFOBCH	=	0xe6ab
                    E6AC    621 _EP2FIFOBCL	=	0xe6ac
                    E6AD    622 _EP4FIFOBCH	=	0xe6ad
                    E6AE    623 _EP4FIFOBCL	=	0xe6ae
                    E6AF    624 _EP6FIFOBCH	=	0xe6af
                    E6B0    625 _EP6FIFOBCL	=	0xe6b0
                    E6B1    626 _EP8FIFOBCH	=	0xe6b1
                    E6B2    627 _EP8FIFOBCL	=	0xe6b2
                    E6B3    628 _SUDPTRH	=	0xe6b3
                    E6B4    629 _SUDPTRL	=	0xe6b4
                    E6B5    630 _SUDPTRCTL	=	0xe6b5
                    E6B8    631 _SETUPDAT	=	0xe6b8
                    E6C0    632 _GPIFWFSELECT	=	0xe6c0
                    E6C1    633 _GPIFIDLECS	=	0xe6c1
                    E6C2    634 _GPIFIDLECTL	=	0xe6c2
                    E6C3    635 _GPIFCTLCFG	=	0xe6c3
                    E6C4    636 _GPIFADRH	=	0xe6c4
                    E6C5    637 _GPIFADRL	=	0xe6c5
                    E6CE    638 _GPIFTCB3	=	0xe6ce
                    E6CF    639 _GPIFTCB2	=	0xe6cf
                    E6D0    640 _GPIFTCB1	=	0xe6d0
                    E6D1    641 _GPIFTCB0	=	0xe6d1
                    E6D2    642 _EP2GPIFFLGSEL	=	0xe6d2
                    E6D3    643 _EP2GPIFPFSTOP	=	0xe6d3
                    E6D4    644 _EP2GPIFTRIG	=	0xe6d4
                    E6DA    645 _EP4GPIFFLGSEL	=	0xe6da
                    E6DB    646 _EP4GPIFPFSTOP	=	0xe6db
                    E6DC    647 _EP4GPIFTRIG	=	0xe6dc
                    E6E2    648 _EP6GPIFFLGSEL	=	0xe6e2
                    E6E3    649 _EP6GPIFPFSTOP	=	0xe6e3
                    E6E4    650 _EP6GPIFTRIG	=	0xe6e4
                    E6EA    651 _EP8GPIFFLGSEL	=	0xe6ea
                    E6EB    652 _EP8GPIFPFSTOP	=	0xe6eb
                    E6EC    653 _EP8GPIFTRIG	=	0xe6ec
                    E6F0    654 _XGPIFSGLDATH	=	0xe6f0
                    E6F1    655 _XGPIFSGLDATLX	=	0xe6f1
                    E6F2    656 _XGPIFSGLDATLNOX	=	0xe6f2
                    E6F3    657 _GPIFREADYCFG	=	0xe6f3
                    E6F4    658 _GPIFREADYSTAT	=	0xe6f4
                    E6F5    659 _GPIFABORT	=	0xe6f5
                    E6C6    660 _FLOWSTATE	=	0xe6c6
                    E6C7    661 _FLOWLOGIC	=	0xe6c7
                    E6C8    662 _FLOWEQ0CTL	=	0xe6c8
                    E6C9    663 _FLOWEQ1CTL	=	0xe6c9
                    E6CA    664 _FLOWHOLDOFF	=	0xe6ca
                    E6CB    665 _FLOWSTB	=	0xe6cb
                    E6CC    666 _FLOWSTBEDGE	=	0xe6cc
                    E6CD    667 _FLOWSTBHPERIOD	=	0xe6cd
                    E60C    668 _GPIFHOLDAMOUNT	=	0xe60c
                    E67D    669 _UDMACRCH	=	0xe67d
                    E67E    670 _UDMACRCL	=	0xe67e
                    E67F    671 _UDMACRCQUAL	=	0xe67f
                    E6F8    672 _DBUG	=	0xe6f8
                    E6F9    673 _TESTCFG	=	0xe6f9
                    E6FA    674 _USBTEST	=	0xe6fa
                    E6FB    675 _CT1	=	0xe6fb
                    E6FC    676 _CT2	=	0xe6fc
                    E6FD    677 _CT3	=	0xe6fd
                    E6FE    678 _CT4	=	0xe6fe
                    E740    679 _EP0BUF	=	0xe740
                    E780    680 _EP1OUTBUF	=	0xe780
                    E7C0    681 _EP1INBUF	=	0xe7c0
                    F000    682 _EP2FIFOBUF	=	0xf000
                    F400    683 _EP4FIFOBUF	=	0xf400
                    F800    684 _EP6FIFOBUF	=	0xf800
                    FC00    685 _EP8FIFOBUF	=	0xfc00
   0000                     686 _patch_usb_descriptors_hw_rev_1_1:
   0000                     687 	.ds 1
   0001                     688 _patch_usb_descriptors_serial_no_1_1:
   0001                     689 	.ds 8
                            690 ;--------------------------------------------------------
                            691 ; external initialized ram data
                            692 ;--------------------------------------------------------
                            693 	.area CSEG    (CODE)
                            694 	.area GSINIT0 (CODE)
                            695 	.area GSINIT1 (CODE)
                            696 	.area GSINIT2 (CODE)
                            697 	.area GSINIT3 (CODE)
                            698 	.area GSINIT4 (CODE)
                            699 	.area GSINIT5 (CODE)
                            700 ;--------------------------------------------------------
                            701 ; interrupt vector 
                            702 ;--------------------------------------------------------
                            703 	.area CSEG    (CODE)
   0000                     704 __interrupt_vect:
   0000 02s00r00            705 	ljmp	__sdcc_gsinit_startup
                            706 ;--------------------------------------------------------
                            707 ; global & static initialisations
                            708 ;--------------------------------------------------------
                            709 	.area CSEG    (CODE)
                            710 	.area GSINIT  (CODE)
                            711 	.area GSFINAL (CODE)
                            712 	.area GSINIT  (CODE)
                            713 	.globl __sdcc_gsinit_startup
                            714 	.globl __sdcc_program_startup
                            715 	.globl __start__stack
                            716 	.globl __mcs51_genRAMCLEAR
                            717 ;------------------------------------------------------------
                            718 ;Allocation info for local variables in function 'isr_tick'
                            719 ;------------------------------------------------------------
                            720 ;count                     Allocated with name '_isr_tick_count_1_1'
                            721 ;------------------------------------------------------------
                            722 ;Initial/src/hpsdr_main.c:201: static unsigned char	count = 1;
                            723 ;     genAssign
   0000 75*00 01            724 	mov	_isr_tick_count_1_1,#0x01
                            725 	.area GSFINAL (CODE)
   0000 02s00r03            726 	ljmp	__sdcc_program_startup
                            727 ;--------------------------------------------------------
                            728 ; Home
                            729 ;--------------------------------------------------------
                            730 	.area HOME    (CODE)
                            731 	.area CSEG    (CODE)
                            732 ;--------------------------------------------------------
                            733 ; code
                            734 ;--------------------------------------------------------
                            735 	.area CSEG    (CODE)
   0003                     736 __sdcc_program_startup:
   0003 12s02r34            737 	lcall	_main
                            738 ;	return from main will lock up
   0006 80 FE               739 	sjmp .
                            740 ;------------------------------------------------------------
                            741 ;Allocation info for local variables in function 'get_ep0_data'
                            742 ;------------------------------------------------------------
                            743 ;------------------------------------------------------------
                            744 ;Initial/src/hpsdr_main.c:53: get_ep0_data (void)
                            745 ;	-----------------------------------------
                            746 ;	 function get_ep0_data
                            747 ;	-----------------------------------------
   0008                     748 _get_ep0_data:
                    0002    749 	ar2 = 0x02
                    0003    750 	ar3 = 0x03
                    0004    751 	ar4 = 0x04
                    0005    752 	ar5 = 0x05
                    0006    753 	ar6 = 0x06
                    0007    754 	ar7 = 0x07
                    0000    755 	ar0 = 0x00
                    0001    756 	ar1 = 0x01
                            757 ;Initial/src/hpsdr_main.c:55: EP0BCL = 0;			// arm EP0 for OUT xfer.  This sets the busy bit
                            758 ;     genAssign
   0008 90 E6 8B            759 	mov	dptr,#_EP0BCL
                            760 ;	Peephole 181	changed mov to clr
   000B E4                  761 	clr	a
   000C F0                  762 	movx	@dptr,a
                            763 ;Initial/src/hpsdr_main.c:56: while (EP0CS & bmEPBUSY);	// wait for busy to clear
   000D                     764 00101$:
                            765 ;     genAssign
   000D 90 E6 A0            766 	mov	dptr,#_EP0CS
   0010 E0                  767 	movx	a,@dptr
                            768 ;     genAnd
                            769 ;	Peephole 105	removed redundant mov
   0011 FA                  770 	mov	r2,a
                            771 ;     genIfxJump
                            772 ;	Peephole 112.a	removed ljmp by inverse jump logic
   0012 20 E1 F8            773 	jb	acc.1,00101$
   0015                     774 00107$:
   0015                     775 00104$:
   0015 22                  776 	ret
                            777 ;------------------------------------------------------------
                            778 ;Allocation info for local variables in function 'app_vendor_OUT_cmd'
                            779 ;------------------------------------------------------------
                            780 ;------------------------------------------------------------
                            781 ;Initial/src/hpsdr_main.c:64: unsigned char app_vendor_OUT_cmd(void)
                            782 ;	-----------------------------------------
                            783 ;	 function app_vendor_OUT_cmd
                            784 ;	-----------------------------------------
   0016                     785 _app_vendor_OUT_cmd:
                            786 ;Initial/src/hpsdr_main.c:66: switch (bRequest)
                            787 ;     genPointerGet
                            788 ;     genFarPointerGet
   0016 90 E6 B9            789 	mov	dptr,#(_SETUPDAT + 0x0001)
   0019 E0                  790 	movx	a,@dptr
   001A FA                  791 	mov	r2,a
                            792 ;     genCmpEq
   001B BA 01 02            793 	cjne	r2,#0x01,00139$
                            794 ;	Peephole 112.b	changed ljmp to sjmp
   001E 80 1A               795 	sjmp	00101$
   0020                     796 00139$:
                            797 ;     genCmpEq
   0020 BA 02 02            798 	cjne	r2,#0x02,00140$
                            799 ;	Peephole 112.b	changed ljmp to sjmp
   0023 80 3F               800 	sjmp	00106$
   0025                     801 00140$:
                            802 ;     genCmpEq
   0025 BA 08 03            803 	cjne	r2,#0x08,00141$
   0028 02s00r8E            804 	ljmp	00112$
   002B                     805 00141$:
                            806 ;     genCmpEq
   002B BA 09 03            807 	cjne	r2,#0x09,00142$
   002E 02s00rAE            808 	ljmp	00115$
   0031                     809 00142$:
                            810 ;     genCmpEq
   0031 BA 0B 03            811 	cjne	r2,#0x0B,00143$
   0034 02s00rE0            812 	ljmp	00118$
   0037                     813 00143$:
   0037 02s00rFC            814 	ljmp	00122$
                            815 ;Initial/src/hpsdr_main.c:69: case VRQ_SET_LED:
   003A                     816 00101$:
                            817 ;Initial/src/hpsdr_main.c:71: switch (wIndexL)
                            818 ;     genPointerGet
                            819 ;     genFarPointerGet
   003A 90 E6 BC            820 	mov	dptr,#(_SETUPDAT + 0x0004)
   003D E0                  821 	movx	a,@dptr
                            822 ;     genCmpEq
                            823 ;	Peephole 112.b	changed ljmp to sjmp
                            824 ;	Peephole 115.b	jump optimization
   003E FA                  825 	mov	r2,a
   003F 60 05               826 	jz	00102$
   0041                     827 00144$:
                            828 ;     genCmpEq
                            829 ;	Peephole 112.b	changed ljmp to sjmp
                            830 ;Initial/src/hpsdr_main.c:73: case 0:
                            831 ;	Peephole 112.b	changed ljmp to sjmp
                            832 ;	Peephole 199	optimized misc jump sequence
   0041 BA 01 1C            833 	cjne	r2,#0x01,00104$
   0044 80 0D               834 	sjmp	00103$
                            835 ;00145$:
   0046                     836 00102$:
                            837 ;Initial/src/hpsdr_main.c:74: set_led_0 (wValueL);
                            838 ;     genPointerGet
                            839 ;     genFarPointerGet
   0046 90 E6 BA            840 	mov	dptr,#(_SETUPDAT + 0x0002)
   0049 E0                  841 	movx	a,@dptr
                            842 ;     genCall
                            843 ;	Peephole 244.c	loading dpl from a instead of r2
   004A FA                  844 	mov	r2,a
   004B F5 82               845 	mov	dpl,a
   004D 12s00r00            846 	lcall	_set_led_0
                            847 ;Initial/src/hpsdr_main.c:75: break;
   0050 02s01r00            848 	ljmp	00123$
                            849 ;Initial/src/hpsdr_main.c:77: case 1:
   0053                     850 00103$:
                            851 ;Initial/src/hpsdr_main.c:78: set_led_1 (wValueL);
                            852 ;     genPointerGet
                            853 ;     genFarPointerGet
   0053 90 E6 BA            854 	mov	dptr,#(_SETUPDAT + 0x0002)
   0056 E0                  855 	movx	a,@dptr
                            856 ;     genCall
                            857 ;	Peephole 244.c	loading dpl from a instead of r2
   0057 FA                  858 	mov	r2,a
   0058 F5 82               859 	mov	dpl,a
   005A 12s00r00            860 	lcall	_set_led_1
                            861 ;Initial/src/hpsdr_main.c:79: break;
   005D 02s01r00            862 	ljmp	00123$
                            863 ;Initial/src/hpsdr_main.c:81: default:
   0060                     864 00104$:
                            865 ;Initial/src/hpsdr_main.c:82: return 0;
                            866 ;     genRet
   0060 75 82 00            867 	mov	dpl,#0x00
                            868 ;	Peephole 251.a	replaced ljmp to ret with ret
   0063 22                  869 	ret
                            870 ;Initial/src/hpsdr_main.c:86: case VRQ_FPGA_LOAD:
   0064                     871 00106$:
                            872 ;Initial/src/hpsdr_main.c:88: switch (wIndexL)			// sub-command
                            873 ;     genPointerGet
                            874 ;     genFarPointerGet
   0064 90 E6 BC            875 	mov	dptr,#(_SETUPDAT + 0x0004)
   0067 E0                  876 	movx	a,@dptr
                            877 ;     genCmpEq
                            878 ;	Peephole 112.b	changed ljmp to sjmp
                            879 ;	Peephole 115.b	jump optimization
   0068 FA                  880 	mov	r2,a
   0069 60 0A               881 	jz	00107$
   006B                     882 00146$:
                            883 ;     genCmpEq
   006B BA 01 02            884 	cjne	r2,#0x01,00147$
                            885 ;	Peephole 112.b	changed ljmp to sjmp
   006E 80 08               886 	sjmp	00108$
   0070                     887 00147$:
                            888 ;     genCmpEq
                            889 ;	Peephole 112.b	changed ljmp to sjmp
                            890 ;Initial/src/hpsdr_main.c:90: case FL_BEGIN:
                            891 ;	Peephole 112.b	changed ljmp to sjmp
                            892 ;	Peephole 199	optimized misc jump sequence
   0070 BA 02 17            893 	cjne	r2,#0x02,00110$
   0073 80 12               894 	sjmp	00109$
                            895 ;00148$:
   0075                     896 00107$:
                            897 ;Initial/src/hpsdr_main.c:91: return fpga_load_begin ();
                            898 ;     genCall
                            899 ;     genRet
                            900 ;	Peephole 251.a	replaced ljmp to ret with ret
                            901 ;	Peephole 253.a	replaced lcall/ret with ljmp
   0075 02s00r00            902 	ljmp	_fpga_load_begin
                            903 ;Initial/src/hpsdr_main.c:93: case FL_XFER:
   0078                     904 00108$:
                            905 ;Initial/src/hpsdr_main.c:94: get_ep0_data ();
                            906 ;     genCall
   0078 12s00r08            907 	lcall	_get_ep0_data
                            908 ;Initial/src/hpsdr_main.c:95: return fpga_load_xfer (EP0BUF, EP0BCL);
                            909 ;     genAssign
   007B 90 E6 8B            910 	mov	dptr,#_EP0BCL
   007E E0                  911 	movx	a,@dptr
   007F F5*00               912 	mov	_fpga_load_xfer_PARM_2,a
                            913 ;     genCall
                            914 ;	Peephole 182.a	used 16 bit load of DPTR
   0081 90 E7 40            915 	mov	dptr,#_EP0BUF
                            916 ;     genRet
                            917 ;	Peephole 251.a	replaced ljmp to ret with ret
                            918 ;	Peephole 253.a	replaced lcall/ret with ljmp
   0084 02s00r00            919 	ljmp	_fpga_load_xfer
                            920 ;Initial/src/hpsdr_main.c:97: case FL_END:
   0087                     921 00109$:
                            922 ;Initial/src/hpsdr_main.c:98: return fpga_load_end ();
                            923 ;     genCall
                            924 ;     genRet
                            925 ;	Peephole 251.a	replaced ljmp to ret with ret
                            926 ;	Peephole 253.a	replaced lcall/ret with ljmp
   0087 02s00r00            927 	ljmp	_fpga_load_end
                            928 ;Initial/src/hpsdr_main.c:100: default:
   008A                     929 00110$:
                            930 ;Initial/src/hpsdr_main.c:101: return 0;
                            931 ;     genRet
   008A 75 82 00            932 	mov	dpl,#0x00
                            933 ;	Peephole 251.a	replaced ljmp to ret with ret
   008D 22                  934 	ret
                            935 ;Initial/src/hpsdr_main.c:105: case VRQ_I2C_WRITE:
   008E                     936 00112$:
                            937 ;Initial/src/hpsdr_main.c:107: get_ep0_data ();
                            938 ;     genCall
   008E 12s00r08            939 	lcall	_get_ep0_data
                            940 ;Initial/src/hpsdr_main.c:108: if (!i2c_write (wValueL, EP0BUF, EP0BCL))
                            941 ;     genPointerGet
                            942 ;     genFarPointerGet
   0091 90 E6 BA            943 	mov	dptr,#(_SETUPDAT + 0x0002)
   0094 E0                  944 	movx	a,@dptr
   0095 FA                  945 	mov	r2,a
                            946 ;     genAddrOf
   0096 75*00 40            947 	mov	_i2c_write_PARM_2,#_EP0BUF
   0099 75*01 E7            948 	mov	(_i2c_write_PARM_2 + 1),#(_EP0BUF >> 8)
                            949 ;     genAssign
   009C 90 E6 8B            950 	mov	dptr,#_EP0BCL
   009F E0                  951 	movx	a,@dptr
   00A0 F5*00               952 	mov	_i2c_write_PARM_3,a
                            953 ;     genCall
   00A2 8A 82               954 	mov	dpl,r2
   00A4 12s00r00            955 	lcall	_i2c_write
   00A7 E5 82               956 	mov	a,dpl
                            957 ;     genIfx
                            958 ;     genIfxJump
                            959 ;	Peephole 109	removed ljmp by inverse jump logic
                            960 ;Initial/src/hpsdr_main.c:109: return 0;
                            961 ;     genRet
                            962 ;	Peephole 256.c	loading dpl with zero from a
   00A9 70 55               963 	jnz	00123$
   00AB                     964 00149$:
   00AB F5 82               965 	mov	dpl,a
                            966 ;Initial/src/hpsdr_main.c:112: case VRQ_SPI_WRITE:
                            967 ;	Peephole 112.b	changed ljmp to sjmp
                            968 ;	Peephole 251.b	replaced sjmp to ret with ret
   00AD 22                  969 	ret
   00AE                     970 00115$:
                            971 ;Initial/src/hpsdr_main.c:114: get_ep0_data ();
                            972 ;     genCall
   00AE 12s00r08            973 	lcall	_get_ep0_data
                            974 ;Initial/src/hpsdr_main.c:115: if (!spi_write (wValueH, wValueL, wIndexH, wIndexL, EP0BUF, EP0BCL))
                            975 ;     genPointerGet
                            976 ;     genFarPointerGet
   00B1 90 E6 BB            977 	mov	dptr,#(_SETUPDAT + 0x0003)
   00B4 E0                  978 	movx	a,@dptr
   00B5 FA                  979 	mov	r2,a
                            980 ;     genPointerGet
                            981 ;     genFarPointerGet
   00B6 90 E6 BA            982 	mov	dptr,#(_SETUPDAT + 0x0002)
   00B9 E0                  983 	movx	a,@dptr
   00BA F5*00               984 	mov	_spi_write_PARM_2,a
                            985 ;     genPointerGet
                            986 ;     genFarPointerGet
   00BC 90 E6 BD            987 	mov	dptr,#(_SETUPDAT + 0x0005)
   00BF E0                  988 	movx	a,@dptr
   00C0 F5*00               989 	mov	_spi_write_PARM_3,a
                            990 ;     genPointerGet
                            991 ;     genFarPointerGet
   00C2 90 E6 BC            992 	mov	dptr,#(_SETUPDAT + 0x0004)
   00C5 E0                  993 	movx	a,@dptr
   00C6 F5*00               994 	mov	_spi_write_PARM_4,a
                            995 ;     genAddrOf
   00C8 75*00 40            996 	mov	_spi_write_PARM_5,#_EP0BUF
   00CB 75*01 E7            997 	mov	(_spi_write_PARM_5 + 1),#(_EP0BUF >> 8)
                            998 ;     genAssign
   00CE 90 E6 8B            999 	mov	dptr,#_EP0BCL
   00D1 E0                 1000 	movx	a,@dptr
   00D2 F5*00              1001 	mov	_spi_write_PARM_6,a
                           1002 ;     genCall
   00D4 8A 82              1003 	mov	dpl,r2
   00D6 12s00r00           1004 	lcall	_spi_write
   00D9 E5 82              1005 	mov	a,dpl
                           1006 ;     genIfx
                           1007 ;     genIfxJump
                           1008 ;	Peephole 109	removed ljmp by inverse jump logic
                           1009 ;Initial/src/hpsdr_main.c:116: return 0;
                           1010 ;     genRet
                           1011 ;	Peephole 256.c	loading dpl with zero from a
   00DB 70 23              1012 	jnz	00123$
   00DD                    1013 00150$:
   00DD F5 82              1014 	mov	dpl,a
                           1015 ;Initial/src/hpsdr_main.c:119: case VRQ_I2C_SPEED_SET:
                           1016 ;	Peephole 112.b	changed ljmp to sjmp
                           1017 ;	Peephole 251.b	replaced sjmp to ret with ret
   00DF 22                 1018 	ret
   00E0                    1019 00118$:
                           1020 ;Initial/src/hpsdr_main.c:120: if (wValueL == 1)
                           1021 ;     genPointerGet
                           1022 ;     genFarPointerGet
   00E0 90 E6 BA           1023 	mov	dptr,#(_SETUPDAT + 0x0002)
   00E3 E0                 1024 	movx	a,@dptr
   00E4 FA                 1025 	mov	r2,a
                           1026 ;     genCmpEq
                           1027 ;	Peephole 112.b	changed ljmp to sjmp
                           1028 ;	Peephole 199	optimized misc jump sequence
   00E5 BA 01 0A           1029 	cjne	r2,#0x01,00120$
                           1030 ;00151$:
                           1031 ;	Peephole 200	removed redundant sjmp
   00E8                    1032 00152$:
                           1033 ;Initial/src/hpsdr_main.c:121: I2CTL |= bm400KHZ;
                           1034 ;     genAssign
                           1035 ;     genOr
                           1036 ;	Peephole 248.a	optimized or to xdata
   00E8 90 E6 7A           1037 	mov	dptr,#_I2CTL
   00EB E0                 1038 	movx	a,@dptr
   00EC FA                 1039 	mov	r2,a
   00ED 44 01              1040 	orl	a,#0x01
   00EF F0                 1041 	movx	@dptr,a
                           1042 ;	Peephole 112.b	changed ljmp to sjmp
   00F0 80 0E              1043 	sjmp	00123$
   00F2                    1044 00120$:
                           1045 ;Initial/src/hpsdr_main.c:123: I2CTL &= ~bm400KHZ;
                           1046 ;     genAssign
                           1047 ;     genAnd
                           1048 ;	Peephole 248.b	optimized and to xdata
   00F2 90 E6 7A           1049 	mov	dptr,#_I2CTL
   00F5 E0                 1050 	movx	a,@dptr
   00F6 FA                 1051 	mov	r2,a
   00F7 54 FE              1052 	anl	a,#0xFE
   00F9 F0                 1053 	movx	@dptr,a
                           1054 ;Initial/src/hpsdr_main.c:124: break;
                           1055 ;Initial/src/hpsdr_main.c:126: default:
                           1056 ;	Peephole 112.b	changed ljmp to sjmp
   00FA 80 04              1057 	sjmp	00123$
   00FC                    1058 00122$:
                           1059 ;Initial/src/hpsdr_main.c:127: return 0;
                           1060 ;     genRet
   00FC 75 82 00           1061 	mov	dpl,#0x00
                           1062 ;Initial/src/hpsdr_main.c:128: }
                           1063 ;	Peephole 112.b	changed ljmp to sjmp
                           1064 ;Initial/src/hpsdr_main.c:129: return 1;
                           1065 ;     genRet
                           1066 ;	Peephole 237.a	removed sjmp to ret
   00FF 22                 1067 	ret
   0100                    1068 00123$:
   0100 75 82 01           1069 	mov	dpl,#0x01
   0103                    1070 00124$:
   0103 22                 1071 	ret
                           1072 ;------------------------------------------------------------
                           1073 ;Allocation info for local variables in function 'app_vendor_IN_cmd'
                           1074 ;------------------------------------------------------------
                           1075 ;------------------------------------------------------------
                           1076 ;Initial/src/hpsdr_main.c:132: unsigned char app_vendor_IN_cmd(void)
                           1077 ;	-----------------------------------------
                           1078 ;	 function app_vendor_IN_cmd
                           1079 ;	-----------------------------------------
   0104                    1080 _app_vendor_IN_cmd:
                           1081 ;Initial/src/hpsdr_main.c:134: switch (bRequest)
                           1082 ;     genPointerGet
                           1083 ;     genFarPointerGet
   0104 90 E6 B9           1084 	mov	dptr,#(_SETUPDAT + 0x0001)
   0107 E0                 1085 	movx	a,@dptr
   0108 FA                 1086 	mov	r2,a
                           1087 ;     genCmpEq
   0109 BA 81 02           1088 	cjne	r2,#0x81,00119$
                           1089 ;	Peephole 112.b	changed ljmp to sjmp
   010C 80 14              1090 	sjmp	00101$
   010E                    1091 00119$:
                           1092 ;     genCmpEq
   010E BA 82 02           1093 	cjne	r2,#0x82,00120$
                           1094 ;	Peephole 112.b	changed ljmp to sjmp
   0111 80 3D              1095 	sjmp	00104$
   0113                    1096 00120$:
                           1097 ;     genCmpEq
   0113 BA 84 03           1098 	cjne	r2,#0x84,00121$
   0116 02s01r8F           1099 	ljmp	00107$
   0119                    1100 00121$:
                           1101 ;     genCmpEq
   0119 BA 85 03           1102 	cjne	r2,#0x85,00122$
   011C 02s01rA9           1103 	ljmp	00108$
   011F                    1104 00122$:
   011F 02s01rC3           1105 	ljmp	00109$
                           1106 ;Initial/src/hpsdr_main.c:136: case VRQ_I2C_READ:
   0122                    1107 00101$:
                           1108 ;Initial/src/hpsdr_main.c:137: if (!i2c_read (wValueL, EP0BUF, wLengthL))
                           1109 ;     genPointerGet
                           1110 ;     genFarPointerGet
   0122 90 E6 BA           1111 	mov	dptr,#(_SETUPDAT + 0x0002)
   0125 E0                 1112 	movx	a,@dptr
   0126 FA                 1113 	mov	r2,a
                           1114 ;     genAddrOf
   0127 75*00 40           1115 	mov	_i2c_read_PARM_2,#_EP0BUF
   012A 75*01 E7           1116 	mov	(_i2c_read_PARM_2 + 1),#(_EP0BUF >> 8)
                           1117 ;     genPointerGet
                           1118 ;     genFarPointerGet
   012D 90 E6 BE           1119 	mov	dptr,#(_SETUPDAT + 0x0006)
   0130 E0                 1120 	movx	a,@dptr
   0131 F5*00              1121 	mov	_i2c_read_PARM_3,a
                           1122 ;     genCall
   0133 8A 82              1123 	mov	dpl,r2
   0135 12s00r00           1124 	lcall	_i2c_read
   0138 E5 82              1125 	mov	a,dpl
                           1126 ;     genIfx
                           1127 ;     genIfxJump
                           1128 ;	Peephole 109	removed ljmp by inverse jump logic
                           1129 ;Initial/src/hpsdr_main.c:138: return 0;
                           1130 ;     genRet
                           1131 ;	Peephole 256.c	loading dpl with zero from a
   013A 70 03              1132 	jnz	00103$
   013C                    1133 00123$:
   013C F5 82              1134 	mov	dpl,a
                           1135 ;	Peephole 251.a	replaced ljmp to ret with ret
   013E 22                 1136 	ret
   013F                    1137 00103$:
                           1138 ;Initial/src/hpsdr_main.c:139: EP0BCH = 0;
                           1139 ;     genAssign
   013F 90 E6 8A           1140 	mov	dptr,#_EP0BCH
                           1141 ;	Peephole 181	changed mov to clr
   0142 E4                 1142 	clr	a
   0143 F0                 1143 	movx	@dptr,a
                           1144 ;Initial/src/hpsdr_main.c:140: EP0BCL = wLengthL;
                           1145 ;     genPointerGet
                           1146 ;     genFarPointerGet
   0144 90 E6 BE           1147 	mov	dptr,#(_SETUPDAT + 0x0006)
   0147 E0                 1148 	movx	a,@dptr
                           1149 ;     genAssign
                           1150 ;	Peephole 100	removed redundant mov
   0148 FA                 1151 	mov	r2,a
   0149 90 E6 8B           1152 	mov	dptr,#_EP0BCL
   014C F0                 1153 	movx	@dptr,a
                           1154 ;Initial/src/hpsdr_main.c:141: break;
   014D 02s01rC7           1155 	ljmp	00110$
                           1156 ;Initial/src/hpsdr_main.c:143: case VRQ_SPI_READ:
   0150                    1157 00104$:
                           1158 ;Initial/src/hpsdr_main.c:144: if (!spi_read (wValueH, wValueL, wIndexH, wIndexL, EP0BUF, wLengthL))
                           1159 ;     genPointerGet
                           1160 ;     genFarPointerGet
   0150 90 E6 BB           1161 	mov	dptr,#(_SETUPDAT + 0x0003)
   0153 E0                 1162 	movx	a,@dptr
   0154 FA                 1163 	mov	r2,a
                           1164 ;     genPointerGet
                           1165 ;     genFarPointerGet
   0155 90 E6 BA           1166 	mov	dptr,#(_SETUPDAT + 0x0002)
   0158 E0                 1167 	movx	a,@dptr
   0159 F5*00              1168 	mov	_spi_read_PARM_2,a
                           1169 ;     genPointerGet
                           1170 ;     genFarPointerGet
   015B 90 E6 BD           1171 	mov	dptr,#(_SETUPDAT + 0x0005)
   015E E0                 1172 	movx	a,@dptr
   015F F5*00              1173 	mov	_spi_read_PARM_3,a
                           1174 ;     genPointerGet
                           1175 ;     genFarPointerGet
   0161 90 E6 BC           1176 	mov	dptr,#(_SETUPDAT + 0x0004)
   0164 E0                 1177 	movx	a,@dptr
   0165 F5*00              1178 	mov	_spi_read_PARM_4,a
                           1179 ;     genAddrOf
   0167 75*00 40           1180 	mov	_spi_read_PARM_5,#_EP0BUF
   016A 75*01 E7           1181 	mov	(_spi_read_PARM_5 + 1),#(_EP0BUF >> 8)
                           1182 ;     genPointerGet
                           1183 ;     genFarPointerGet
   016D 90 E6 BE           1184 	mov	dptr,#(_SETUPDAT + 0x0006)
   0170 E0                 1185 	movx	a,@dptr
   0171 F5*00              1186 	mov	_spi_read_PARM_6,a
                           1187 ;     genCall
   0173 8A 82              1188 	mov	dpl,r2
   0175 12s00r00           1189 	lcall	_spi_read
   0178 E5 82              1190 	mov	a,dpl
                           1191 ;     genIfx
                           1192 ;     genIfxJump
                           1193 ;	Peephole 109	removed ljmp by inverse jump logic
                           1194 ;Initial/src/hpsdr_main.c:145: return 0;
                           1195 ;     genRet
                           1196 ;	Peephole 256.c	loading dpl with zero from a
   017A 70 03              1197 	jnz	00106$
   017C                    1198 00124$:
   017C F5 82              1199 	mov	dpl,a
                           1200 ;	Peephole 112.b	changed ljmp to sjmp
                           1201 ;	Peephole 251.b	replaced sjmp to ret with ret
   017E 22                 1202 	ret
   017F                    1203 00106$:
                           1204 ;Initial/src/hpsdr_main.c:146: EP0BCH = 0;
                           1205 ;     genAssign
   017F 90 E6 8A           1206 	mov	dptr,#_EP0BCH
                           1207 ;	Peephole 181	changed mov to clr
   0182 E4                 1208 	clr	a
   0183 F0                 1209 	movx	@dptr,a
                           1210 ;Initial/src/hpsdr_main.c:147: EP0BCL = wLengthL;
                           1211 ;     genPointerGet
                           1212 ;     genFarPointerGet
   0184 90 E6 BE           1213 	mov	dptr,#(_SETUPDAT + 0x0006)
   0187 E0                 1214 	movx	a,@dptr
                           1215 ;     genAssign
                           1216 ;	Peephole 100	removed redundant mov
   0188 FA                 1217 	mov	r2,a
   0189 90 E6 8B           1218 	mov	dptr,#_EP0BCL
   018C F0                 1219 	movx	@dptr,a
                           1220 ;Initial/src/hpsdr_main.c:148: break;
                           1221 ;Initial/src/hpsdr_main.c:150: case VRQ_EEPROM_TYPE_READ:
                           1222 ;	Peephole 112.b	changed ljmp to sjmp
   018D 80 38              1223 	sjmp	00110$
   018F                    1224 00107$:
                           1225 ;Initial/src/hpsdr_main.c:151: EP0BUF[0] = I2CS & bmID; // 16 = 2 byte, 8 = 1 byte
                           1226 ;     genAssign
   018F 90 E6 78           1227 	mov	dptr,#_I2CS
   0192 E0                 1228 	movx	a,@dptr
   0193 FA                 1229 	mov	r2,a
                           1230 ;     genAnd
   0194 53 02 18           1231 	anl	ar2,#0x18
                           1232 ;     genPointerSet
                           1233 ;     genFarPointerSet
   0197 90 E7 40           1234 	mov	dptr,#_EP0BUF
   019A EA                 1235 	mov	a,r2
   019B F0                 1236 	movx	@dptr,a
                           1237 ;Initial/src/hpsdr_main.c:152: EP0BCH = 0;
                           1238 ;     genAssign
   019C 90 E6 8A           1239 	mov	dptr,#_EP0BCH
                           1240 ;	Peephole 181	changed mov to clr
   019F E4                 1241 	clr	a
   01A0 F0                 1242 	movx	@dptr,a
                           1243 ;Initial/src/hpsdr_main.c:153: EP0BCL = 1;
                           1244 ;     genAssign
   01A1 90 E6 8B           1245 	mov	dptr,#_EP0BCL
   01A4 74 01              1246 	mov	a,#0x01
   01A6 F0                 1247 	movx	@dptr,a
                           1248 ;Initial/src/hpsdr_main.c:154: break;
                           1249 ;Initial/src/hpsdr_main.c:156: case VRQ_I2C_SPEED_READ:
                           1250 ;	Peephole 112.b	changed ljmp to sjmp
   01A7 80 1E              1251 	sjmp	00110$
   01A9                    1252 00108$:
                           1253 ;Initial/src/hpsdr_main.c:157: EP0BUF[0] = I2CTL & bm400KHZ; // 0 = 100 kHz, 1 = 400 kHz
                           1254 ;     genAssign
   01A9 90 E6 7A           1255 	mov	dptr,#_I2CTL
   01AC E0                 1256 	movx	a,@dptr
   01AD FA                 1257 	mov	r2,a
                           1258 ;     genAnd
   01AE 53 02 01           1259 	anl	ar2,#0x01
                           1260 ;     genPointerSet
                           1261 ;     genFarPointerSet
   01B1 90 E7 40           1262 	mov	dptr,#_EP0BUF
   01B4 EA                 1263 	mov	a,r2
   01B5 F0                 1264 	movx	@dptr,a
                           1265 ;Initial/src/hpsdr_main.c:158: EP0BCH = 0;
                           1266 ;     genAssign
   01B6 90 E6 8A           1267 	mov	dptr,#_EP0BCH
                           1268 ;	Peephole 181	changed mov to clr
   01B9 E4                 1269 	clr	a
   01BA F0                 1270 	movx	@dptr,a
                           1271 ;Initial/src/hpsdr_main.c:159: EP0BCL = 1;
                           1272 ;     genAssign
   01BB 90 E6 8B           1273 	mov	dptr,#_EP0BCL
   01BE 74 01              1274 	mov	a,#0x01
   01C0 F0                 1275 	movx	@dptr,a
                           1276 ;Initial/src/hpsdr_main.c:160: break;
                           1277 ;Initial/src/hpsdr_main.c:162: default:
                           1278 ;	Peephole 112.b	changed ljmp to sjmp
   01C1 80 04              1279 	sjmp	00110$
   01C3                    1280 00109$:
                           1281 ;Initial/src/hpsdr_main.c:163: return 0;
                           1282 ;     genRet
   01C3 75 82 00           1283 	mov	dpl,#0x00
                           1284 ;Initial/src/hpsdr_main.c:164: }
                           1285 ;	Peephole 112.b	changed ljmp to sjmp
                           1286 ;Initial/src/hpsdr_main.c:165: return 1;
                           1287 ;     genRet
                           1288 ;	Peephole 237.a	removed sjmp to ret
   01C6 22                 1289 	ret
   01C7                    1290 00110$:
   01C7 75 82 01           1291 	mov	dpl,#0x01
   01CA                    1292 00111$:
   01CA 22                 1293 	ret
                           1294 ;------------------------------------------------------------
                           1295 ;Allocation info for local variables in function 'app_vendor_cmd'
                           1296 ;------------------------------------------------------------
                           1297 ;------------------------------------------------------------
                           1298 ;Initial/src/hpsdr_main.c:169: app_vendor_cmd (void)
                           1299 ;	-----------------------------------------
                           1300 ;	 function app_vendor_cmd
                           1301 ;	-----------------------------------------
   01CB                    1302 _app_vendor_cmd:
                           1303 ;Initial/src/hpsdr_main.c:171: if (bRequestType == VRT_VENDOR_IN)
                           1304 ;     genPointerGet
                           1305 ;     genFarPointerGet
   01CB 90 E6 B8           1306 	mov	dptr,#_SETUPDAT
   01CE E0                 1307 	movx	a,@dptr
   01CF FA                 1308 	mov	r2,a
                           1309 ;     genCmpEq
                           1310 ;	Peephole 112.b	changed ljmp to sjmp
                           1311 ;	Peephole 199	optimized misc jump sequence
   01D0 BA C0 03           1312 	cjne	r2,#0xC0,00105$
                           1313 ;00111$:
                           1314 ;	Peephole 200	removed redundant sjmp
   01D3                    1315 00112$:
                           1316 ;Initial/src/hpsdr_main.c:172: return app_vendor_IN_cmd();
                           1317 ;     genCall
                           1318 ;     genRet
                           1319 ;	Peephole 112.b	changed ljmp to sjmp
                           1320 ;	Peephole 251.b	replaced sjmp to ret with ret
                           1321 ;	Peephole 253.a	replaced lcall/ret with ljmp
   01D3 02s01r04           1322 	ljmp	_app_vendor_IN_cmd
   01D6                    1323 00105$:
                           1324 ;Initial/src/hpsdr_main.c:173: else if (bRequestType == VRT_VENDOR_OUT)
                           1325 ;     genPointerGet
                           1326 ;     genFarPointerGet
   01D6 90 E6 B8           1327 	mov	dptr,#_SETUPDAT
   01D9 E0                 1328 	movx	a,@dptr
   01DA FA                 1329 	mov	r2,a
                           1330 ;     genCmpEq
                           1331 ;	Peephole 112.b	changed ljmp to sjmp
                           1332 ;	Peephole 199	optimized misc jump sequence
   01DB BA 40 03           1333 	cjne	r2,#0x40,00102$
                           1334 ;00113$:
                           1335 ;	Peephole 200	removed redundant sjmp
   01DE                    1336 00114$:
                           1337 ;Initial/src/hpsdr_main.c:174: return app_vendor_OUT_cmd();
                           1338 ;     genCall
                           1339 ;     genRet
                           1340 ;	Peephole 112.b	changed ljmp to sjmp
                           1341 ;Initial/src/hpsdr_main.c:176: return 0;    // invalid bRequestType
                           1342 ;     genRet
                           1343 ;	Peephole 237.a	removed sjmp to ret
                           1344 ;	Peephole 253.a	replaced lcall/ret with ljmp
   01DE 02s00r16           1345 	ljmp	_app_vendor_OUT_cmd
   01E1                    1346 00102$:
   01E1 75 82 00           1347 	mov	dpl,#0x00
   01E4                    1348 00107$:
   01E4 22                 1349 	ret
                           1350 ;------------------------------------------------------------
                           1351 ;Allocation info for local variables in function 'main_loop'
                           1352 ;------------------------------------------------------------
                           1353 ;------------------------------------------------------------
                           1354 ;Initial/src/hpsdr_main.c:180: main_loop (void)
                           1355 ;	-----------------------------------------
                           1356 ;	 function main_loop
                           1357 ;	-----------------------------------------
   01E5                    1358 _main_loop:
                           1359 ;Initial/src/hpsdr_main.c:183: while (1)
   01E5                    1360 00105$:
                           1361 ;Initial/src/hpsdr_main.c:185: if (usb_setup_packet_avail ())
                           1362 ;     genIfx
                           1363 ;     genIfxJump
                           1364 ;	Peephole 111	removed ljmp by inverse jump logic
   01E5 30*00 05           1365 	jnb	__usb_got_SUDAV,00102$
   01E8                    1366 00111$:
                           1367 ;Initial/src/hpsdr_main.c:186: usb_handle_setup_packet ();
                           1368 ;     genCall
   01E8 12s00r00           1369 	lcall	_usb_handle_setup_packet
                           1370 ;	Peephole 112.b	changed ljmp to sjmp
   01EB 80 F8              1371 	sjmp	00105$
   01ED                    1372 00102$:
                           1373 ;Initial/src/hpsdr_main.c:188: putchar(32);
                           1374 ;     genCall
   01ED 75 82 20           1375 	mov	dpl,#0x20
   01F0 12s00r00           1376 	lcall	_putchar
                           1377 ;	Peephole 112.b	changed ljmp to sjmp
   01F3 80 F0              1378 	sjmp	00105$
   01F5                    1379 00107$:
   01F5 22                 1380 	ret
                           1381 ;------------------------------------------------------------
                           1382 ;Allocation info for local variables in function 'isr_tick'
                           1383 ;------------------------------------------------------------
                           1384 ;count                     Allocated with name '_isr_tick_count_1_1'
                           1385 ;------------------------------------------------------------
                           1386 ;Initial/src/hpsdr_main.c:199: isr_tick (void) interrupt
                           1387 ;	-----------------------------------------
                           1388 ;	 function isr_tick
                           1389 ;	-----------------------------------------
   01F6                    1390 _isr_tick:
   01F6 C0 E0              1391 	push	acc
                           1392 ;Initial/src/hpsdr_main.c:202: if (--count == 0)
                           1393 ;     genMinus
                           1394 ;     genMinusDec
   01F8 15*00              1395 	dec	_isr_tick_count_1_1
                           1396 ;     genCmpEq
   01FA E5*00              1397 	mov	a,_isr_tick_count_1_1
                           1398 ;	Peephole 162	removed sjmp by inverse jump logic
   01FC 60 02              1399 	jz	00107$
   01FE                    1400 00106$:
                           1401 ;	Peephole 112.b	changed ljmp to sjmp
   01FE 80 06              1402 	sjmp	00102$
   0200                    1403 00107$:
                           1404 ;Initial/src/hpsdr_main.c:204: count = 50;
                           1405 ;     genAssign
   0200 75*00 32           1406 	mov	_isr_tick_count_1_1,#0x32
                           1407 ;Initial/src/hpsdr_main.c:205: HPSDR_LED_REG ^= bmLED0;
                           1408 ;     genXor
   0203 63 A0 40           1409 	xrl	_IOC,#0x40
   0206                    1410 00102$:
                           1411 ;Initial/src/hpsdr_main.c:207: clear_timer_irq ();
                           1412 ;     genAssign
   0206 C2 CF              1413 	clr	_TF2
   0208                    1414 00103$:
   0208 D0 E0              1415 	pop	acc
   020A 32                 1416 	reti
                           1417 ;	eliminated unneeded push/pop psw
                           1418 ;	eliminated unneeded push/pop dpl
                           1419 ;	eliminated unneeded push/pop dph
                           1420 ;	eliminated unneeded push/pop b
                           1421 ;------------------------------------------------------------
                           1422 ;Allocation info for local variables in function 'patch_usb_descriptors'
                           1423 ;------------------------------------------------------------
                           1424 ;hw_rev                    Allocated with name '_patch_usb_descriptors_hw_rev_1_1'
                           1425 ;serial_no                 Allocated with name '_patch_usb_descriptors_serial_no_1_1'
                           1426 ;------------------------------------------------------------
                           1427 ;Initial/src/hpsdr_main.c:215: patch_usb_descriptors(void)
                           1428 ;	-----------------------------------------
                           1429 ;	 function patch_usb_descriptors
                           1430 ;	-----------------------------------------
   020B                    1431 _patch_usb_descriptors:
                           1432 ;Initial/src/hpsdr_main.c:220: eeprom_read(I2C_ADDR_BOOT, HW_REV_OFFSET, &hw_rev, 1);	// LSB of device id
                           1433 ;     genAddrOf
   020B 75*00r00           1434 	mov	_eeprom_read_PARM_3,#_patch_usb_descriptors_hw_rev_1_1
   020E 75*01s00           1435 	mov	(_eeprom_read_PARM_3 + 1),#(_patch_usb_descriptors_hw_rev_1_1 >> 8)
                           1436 ;     genAssign
   0211 75*00 05           1437 	mov	_eeprom_read_PARM_2,#0x05
                           1438 ;     genAssign
   0214 75*00 01           1439 	mov	_eeprom_read_PARM_4,#0x01
                           1440 ;     genCall
   0217 75 82 51           1441 	mov	dpl,#0x51
   021A 12s00r00           1442 	lcall	_eeprom_read
                           1443 ;Initial/src/hpsdr_main.c:222: usb_desc_hw_rev_binary_patch_location_0[0] = hw_rev;
                           1444 ;     genAssign
   021D 90s00r00           1445 	mov	dptr,#_patch_usb_descriptors_hw_rev_1_1
   0220 E0                 1446 	movx	a,@dptr
                           1447 ;     genPointerSet
                           1448 ;     genFarPointerSet
                           1449 ;	Peephole 100	removed redundant mov
   0221 FA                 1450 	mov	r2,a
   0222 90s00r00           1451 	mov	dptr,#_usb_desc_hw_rev_binary_patch_location_0
   0225 F0                 1452 	movx	@dptr,a
                           1453 ;Initial/src/hpsdr_main.c:223: usb_desc_hw_rev_binary_patch_location_1[0] = hw_rev;
                           1454 ;     genPointerSet
                           1455 ;     genFarPointerSet
   0226 90s00r00           1456 	mov	dptr,#_usb_desc_hw_rev_binary_patch_location_1
   0229 EA                 1457 	mov	a,r2
   022A F0                 1458 	movx	@dptr,a
                           1459 ;Initial/src/hpsdr_main.c:224: usb_desc_hw_rev_ascii_patch_location_0[0] = hw_rev + '0';     // FIXME if we get > 9
                           1460 ;     genPlus
   022B 74 30              1461 	mov	a,#0x30
                           1462 ;	Peephole 236.a	used r2 instead of ar2
   022D 2A                 1463 	add	a,r2
                           1464 ;     genPointerSet
                           1465 ;     genFarPointerSet
                           1466 ;	Peephole 100	removed redundant mov
   022E FA                 1467 	mov	r2,a
   022F 90s00r00           1468 	mov	dptr,#_usb_desc_hw_rev_ascii_patch_location_0
   0232 F0                 1469 	movx	@dptr,a
   0233                    1470 00101$:
   0233 22                 1471 	ret
                           1472 ;------------------------------------------------------------
                           1473 ;Allocation info for local variables in function 'main'
                           1474 ;------------------------------------------------------------
                           1475 ;------------------------------------------------------------
                           1476 ;Initial/src/hpsdr_main.c:235: main (void)
                           1477 ;	-----------------------------------------
                           1478 ;	 function main
                           1479 ;	-----------------------------------------
   0234                    1480 _main:
                           1481 ;Initial/src/hpsdr_main.c:237: init_hpsdr();
                           1482 ;     genCall
   0234 12s00r00           1483 	lcall	_init_hpsdr
                           1484 ;Initial/src/hpsdr_main.c:239: set_led_0 (1);
                           1485 ;     genCall
   0237 75 82 01           1486 	mov	dpl,#0x01
   023A 12s00r00           1487 	lcall	_set_led_0
                           1488 ;Initial/src/hpsdr_main.c:240: set_led_1 (0);
                           1489 ;     genCall
   023D 75 82 00           1490 	mov	dpl,#0x00
   0240 12s00r00           1491 	lcall	_set_led_1
                           1492 ;Initial/src/hpsdr_main.c:242: EA = 0;		// disable all interrupts
                           1493 ;     genAssign
   0243 C2 AF              1494 	clr	_EA
                           1495 ;Initial/src/hpsdr_main.c:244: patch_usb_descriptors();
                           1496 ;     genCall
   0245 12s02r0B           1497 	lcall	_patch_usb_descriptors
                           1498 ;Initial/src/hpsdr_main.c:246: setup_autovectors ();
                           1499 ;     genCall
   0248 12s00r00           1500 	lcall	_setup_autovectors
                           1501 ;Initial/src/hpsdr_main.c:247: usb_install_handlers ();
                           1502 ;     genCall
   024B 12s00r00           1503 	lcall	_usb_install_handlers
                           1504 ;Initial/src/hpsdr_main.c:248: hook_timer_tick ((unsigned short) isr_tick);
                           1505 ;     genCast
   024E 7ArF6              1506 	mov	r2,#_isr_tick
   0250 7Bs01              1507 	mov	r3,#(_isr_tick >> 8)
                           1508 ;     genCall
   0252 8A 82              1509 	mov	dpl,r2
   0254 8B 83              1510 	mov	dph,r3
   0256 12s00r00           1511 	lcall	_hook_timer_tick
                           1512 ;Initial/src/hpsdr_main.c:250: EIEX4 = 1;	// disable INT4 FIXME
                           1513 ;     genAssign
   0259 D2 EA              1514 	setb	_EIEX4
                           1515 ;Initial/src/hpsdr_main.c:251: EA = 1;			// global interrupt enable
                           1516 ;     genAssign
   025B D2 AF              1517 	setb	_EA
                           1518 ;Initial/src/hpsdr_main.c:253: fx2_renumerate ();	// simulates disconnect / reconnect
                           1519 ;     genCall
   025D 12s00r00           1520 	lcall	_fx2_renumerate
                           1521 ;Initial/src/hpsdr_main.c:255: main_loop ();
                           1522 ;     genCall
                           1523 ;	Peephole 253.b	replaced lcall/ret with ljmp
   0260 02s01rE5           1524 	ljmp	_main_loop
                           1525 	.area CSEG    (CODE)
