Flow report for Penelope
Tue Mar 11 21:27:27 2008
Quartus II Version 6.1 Build 201 11/27/2006 SJ Web Edition


---------------------
; Table of Contents ;
---------------------
  1. Legal Notice
  2. Flow Summary
  3. Flow Settings
  4. Flow Non-Default Global Settings
  5. Flow Elapsed Time
  6. Flow Log



----------------
; Legal Notice ;
----------------
Copyright (C) 1991-2006 Altera Corporation
Your use of Altera Corporation's design tools, logic functions 
and other software and tools, and its AMPP partner logic 
functions, and any output files from any of the foregoing 
(including device programming or simulation files), and any 
associated documentation or information are expressly subject 
to the terms and conditions of the Altera Program License 
Subscription Agreement, Altera MegaCore Function License 
Agreement, or other applicable license agreement, including, 
without limitation, that your use is for the sole purpose of 
programming logic devices manufactured by Altera and sold by 
Altera or its authorized distributors.  Please refer to the 
applicable agreement for further details.



+------------------------------------------------------------------------------+
; Flow Summary                                                                 ;
+------------------------------------+-----------------------------------------+
; Flow Status                        ; Successful - Tue Mar 11 21:27:26 2008   ;
; Quartus II Version                 ; 6.1 Build 201 11/27/2006 SJ Web Edition ;
; Revision Name                      ; Penelope                                ;
; Top-level Entity Name              ; Penelope                                ;
; Family                             ; Cyclone II                              ;
; Device                             ; EP2C8Q208C8                             ;
; Timing Models                      ; Final                                   ;
; Met timing requirements            ; No                                      ;
; Total logic elements               ; 3,417 / 8,256 ( 41 % )                  ;
;     Total combinational functions  ; 3,049 / 8,256 ( 37 % )                  ;
;     Dedicated logic registers      ; 2,098 / 8,256 ( 25 % )                  ;
; Total registers                    ; 2098                                    ;
; Total pins                         ; 60 / 138 ( 43 % )                       ;
; Total virtual pins                 ; 0                                       ;
; Total memory bits                  ; 0 / 165,888 ( 0 % )                     ;
; Embedded Multiplier 9-bit elements ; 8 / 36 ( 22 % )                         ;
; Total PLLs                         ; 0 / 2 ( 0 % )                           ;
+------------------------------------+-----------------------------------------+


+-----------------------------------------+
; Flow Settings                           ;
+-------------------+---------------------+
; Option            ; Setting             ;
+-------------------+---------------------+
; Start date & time ; 03/11/2008 21:23:29 ;
; Main task         ; Compilation         ;
; Revision Name     ; Penelope            ;
+-------------------+---------------------+


+------------------------------------------------------------------------------------------------------------------------------------------------------------------+
; Flow Non-Default Global Settings                                                                                                                                 ;
+-------------------------------+---------------------------------------------------------------------------------------+---------------+-------------+------------+
; Assignment Name               ; Value                                                                                 ; Default Value ; Entity Name ; Section Id ;
+-------------------------------+---------------------------------------------------------------------------------------+---------------+-------------+------------+
; FMAX_REQUIREMENT              ; 125 MHz                                                                               ; --            ; --          ; --         ;
; MESSAGE_SUPPRESSION_RULE_FILE ; Penelope.srf                                                                          ; --            ; --          ; --         ;
; PARTITION_NETLIST_TYPE        ; SOURCE                                                                                ; --            ; --          ; Top        ;
; USER_LIBRARIES                ; C:/HPDSDR/trunk/VK6APH/I2C new/db/;C:/FPGA/Mercury/megafunctions/;C:/FPGA/Mercury/db/ ; --            ; --          ; --         ;
+-------------------------------+---------------------------------------------------------------------------------------+---------------+-------------+------------+


+----------------------------------------+
; Flow Elapsed Time                      ;
+-------------------------+--------------+
; Module Name             ; Elapsed Time ;
+-------------------------+--------------+
; Analysis & Synthesis    ; 00:01:02     ;
; Partition Merge         ; 00:00:01     ;
; Fitter                  ; 00:02:28     ;
; Assembler               ; 00:00:09     ;
; Classic Timing Analyzer ; 00:00:06     ;
; Total                   ; 00:03:46     ;
+-------------------------+--------------+


------------
; Flow Log ;
------------
quartus_map --read_settings_files=on --write_settings_files=off Penelope -c Penelope
quartus_cdb --read_settings_files=off --write_settings_files=off Penelope -c Penelope --merge=on
quartus_fit --read_settings_files=off --write_settings_files=off Penelope -c Penelope
quartus_asm --read_settings_files=off --write_settings_files=off Penelope -c Penelope
quartus_tan --read_settings_files=off --write_settings_files=off Penelope -c Penelope --timing_analysis_only



