Flow report for Bootloader
Tue Mar 01 15:17:40 2011
Quartus II Version 9.1 Build 350 03/24/2010 Service Pack 2 SJ Web Edition


---------------------
; Table of Contents ;
---------------------
  1. Legal Notice
  2. Flow Summary
  3. Flow Settings
  4. Flow Non-Default Global Settings
  5. Flow Elapsed Time
  6. Flow OS Summary
  7. Flow Log



----------------
; Legal Notice ;
----------------
Copyright (C) 1991-2010 Altera Corporation
Your use of Altera Corporation's design tools, logic functions 
and other software and tools, and its AMPP partner logic 
functions, and any output files from any of the foregoing 
(including device programming or simulation files), and any 
associated documentation or information are expressly subject 
to the terms and conditions of the Altera Program License 
Subscription Agreement, Altera MegaCore Function License 
Agreement, or other applicable license agreement, including, 
without limitation, that your use is for the sole purpose of 
programming logic devices manufactured by Altera and sold by 
Altera or its authorized distributors.  Please refer to the 
applicable agreement for further details.



+-----------------------------------------------------------------------------------+
; Flow Summary                                                                      ;
+------------------------------------+----------------------------------------------+
; Flow Status                        ; Successful - Tue Mar 01 15:17:40 2011        ;
; Quartus II Version                 ; 9.1 Build 350 03/24/2010 SP 2 SJ Web Edition ;
; Revision Name                      ; Bootloader                                   ;
; Top-level Entity Name              ; Bootloader                                   ;
; Family                             ; Cyclone III                                  ;
; Device                             ; EP3C40Q240C8                                 ;
; Timing Models                      ; Final                                        ;
; Met timing requirements            ; No                                           ;
; Total logic elements               ; 2,731 / 39,600 ( 7 % )                       ;
;     Total combinational functions  ; 2,323 / 39,600 ( 6 % )                       ;
;     Dedicated logic registers      ; 1,697 / 39,600 ( 4 % )                       ;
; Total registers                    ; 1697                                         ;
; Total pins                         ; 50 / 129 ( 39 % )                            ;
; Total virtual pins                 ; 0                                            ;
; Total memory bits                  ; 20,608 / 1,161,216 ( 2 % )                   ;
; Embedded Multiplier 9-bit elements ; 0 / 252 ( 0 % )                              ;
; Total PLLs                         ; 1 / 4 ( 25 % )                               ;
+------------------------------------+----------------------------------------------+


+-----------------------------------------+
; Flow Settings                           ;
+-------------------+---------------------+
; Option            ; Setting             ;
+-------------------+---------------------+
; Start date & time ; 03/01/2011 15:15:12 ;
; Main task         ; Compilation         ;
; Revision Name     ; Bootloader          ;
+-------------------+---------------------+


+----------------------------------------------------------------------------------------------------------------------------------------------------------+
; Flow Non-Default Global Settings                                                                                                                         ;
+------------------------------------+----------------------------------------------------------------------+---------------+-------------+----------------+
; Assignment Name                    ; Value                                                                ; Default Value ; Entity Name ; Section Id     ;
+------------------------------------+----------------------------------------------------------------------+---------------+-------------+----------------+
; ALLOW_POWER_UP_DONT_CARE           ; Off                                                                  ; On            ; --          ; --             ;
; COMPILER_SIGNATURE_ID              ; 85160415004.129896371210872                                          ; --            ; --          ; --             ;
; MAX_CORE_JUNCTION_TEMP             ; 85                                                                   ; --            ; --          ; --             ;
; MIN_CORE_JUNCTION_TEMP             ; 0                                                                    ; --            ; --          ; --             ;
; MISC_FILE                          ; C:/HPSDR/WIP/OzyII/Verilog/Beta Code/Bootloader/Bootloader.dpf       ; --            ; --          ; --             ;
; MISC_FILE                          ; C:/HPSDR/trunk/WIP/OzyII/Verilog/Beta Code/Bootloader/Bootloader.dpf ; --            ; --          ; --             ;
; NOMINAL_CORE_SUPPLY_VOLTAGE        ; 1.2V                                                                 ; --            ; --          ; --             ;
; PARTITION_COLOR                    ; 16764057                                                             ; --            ; --          ; Top            ;
; PARTITION_COLOR                    ; 16764057                                                             ; --            ; OzyII       ; Top            ;
; PARTITION_NETLIST_TYPE             ; SOURCE                                                               ; --            ; --          ; Top            ;
; PARTITION_NETLIST_TYPE             ; SOURCE                                                               ; --            ; OzyII       ; Top            ;
; USE_GENERATED_PHYSICAL_CONSTRAINTS ; Off                                                                  ; --            ; --          ; eda_blast_fpga ;
; USE_TIMEQUEST_TIMING_ANALYZER      ; Off                                                                  ; On            ; --          ; --             ;
+------------------------------------+----------------------------------------------------------------------+---------------+-------------+----------------+


+-----------------------------------------------------------------------------------------------------------------------------+
; Flow Elapsed Time                                                                                                           ;
+-------------------------+--------------+-------------------------+---------------------+------------------------------------+
; Module Name             ; Elapsed Time ; Average Processors Used ; Peak Virtual Memory ; Total CPU Time (on all processors) ;
+-------------------------+--------------+-------------------------+---------------------+------------------------------------+
; Analysis & Synthesis    ; 00:01:22     ; 1.0                     ; 200 MB              ; 00:01:15                           ;
; Fitter                  ; 00:00:45     ; 1.0                     ; 234 MB              ; 00:00:42                           ;
; Assembler               ; 00:00:07     ; 1.0                     ; 231 MB              ; 00:00:06                           ;
; Classic Timing Analyzer ; 00:00:04     ; 1.0                     ; 143 MB              ; 00:00:03                           ;
; Total                   ; 00:02:18     ; --                      ; --                  ; 00:02:06                           ;
+-------------------------+--------------+-------------------------+---------------------+------------------------------------+


+---------------------------------------------------------------------------------------+
; Flow OS Summary                                                                       ;
+-------------------------+------------------+------------+------------+----------------+
; Module Name             ; Machine Hostname ; OS Name    ; OS Version ; Processor type ;
+-------------------------+------------------+------------+------------+----------------+
; Analysis & Synthesis    ; pcphil           ; Windows XP ; 5.1        ; i1586          ;
; Fitter                  ; pcphil           ; Windows XP ; 5.1        ; i1586          ;
; Assembler               ; pcphil           ; Windows XP ; 5.1        ; i1586          ;
; Classic Timing Analyzer ; pcphil           ; Windows XP ; 5.1        ; i1586          ;
+-------------------------+------------------+------------+------------+----------------+


------------
; Flow Log ;
------------
quartus_map --read_settings_files=on --write_settings_files=off Bootloader -c Bootloader
quartus_fit --read_settings_files=off --write_settings_files=off Bootloader -c Bootloader
quartus_asm --read_settings_files=off --write_settings_files=off Bootloader -c Bootloader
quartus_tan --read_settings_files=off --write_settings_files=off Bootloader -c Bootloader --timing_analysis_only



