Flow report for RefCounter
Fri Jan 13 08:38:47 2006
Version 5.1 Build 176 10/26/2005 SJ Web Edition


---------------------
; Table of Contents ;
---------------------
  1. Legal Notice
  2. Flow Summary
  3. Flow Settings
  4. Flow Elapsed Time
  5. Flow Log



----------------
; Legal Notice ;
----------------
Copyright (C) 1991-2005 Altera Corporation
Your use of Altera Corporation's design tools, logic functions 
and other software and tools, and its AMPP partner logic 
functions, and any output files any of the foregoing 
(including device programming or simulation files), and any 
associated documentation or information are expressly subject 
to the terms and conditions of the Altera Program License 
Subscription Agreement, Altera MegaCore Function License 
Agreement, or other applicable license agreement, including, 
without limitation, that your use is for the sole purpose of 
programming logic devices manufactured by Altera and sold by 
Altera or its authorized distributors.  Please refer to the 
applicable agreement for further details.



+-------------------------------------------------------------------+
; Flow Summary                                                      ;
+-------------------------+-----------------------------------------+
; Flow Status             ; Successful - Fri Jan 13 08:38:46 2006   ;
; Quartus II Version      ; 5.1 Build 176 10/26/2005 SJ Web Edition ;
; Revision Name           ; RefCounter                              ;
; Top-level Entity Name   ; RefCounter                              ;
; Family                  ; Cyclone                                 ;
; Device                  ; EP1C3T100C8                             ;
; Timing Models           ; Final                                   ;
; Met timing requirements ; Yes                                     ;
; Total logic elements    ; 450 / 2,910 ( 15 % )                    ;
; Total pins              ; 33 / 65 ( 51 % )                        ;
; Total virtual pins      ; 0                                       ;
; Total memory bits       ; 512 / 59,904 ( < 1 % )                  ;
; Total PLLs              ; 0 / 1 ( 0 % )                           ;
+-------------------------+-----------------------------------------+


+-----------------------------------------+
; Flow Settings                           ;
+-------------------+---------------------+
; Option            ; Setting             ;
+-------------------+---------------------+
; Start date & time ; 01/13/2006 08:37:59 ;
; Main task         ; Compilation         ;
; Revision Name     ; RefCounter          ;
+-------------------+---------------------+


+-------------------------------------+
; Flow Elapsed Time                   ;
+----------------------+--------------+
; Module Name          ; Elapsed Time ;
+----------------------+--------------+
; Analysis & Synthesis ; 00:00:20     ;
; Fitter               ; 00:00:16     ;
; Assembler            ; 00:00:02     ;
; Timing Analyzer      ; 00:00:02     ;
; Total                ; 00:00:40     ;
+----------------------+--------------+


------------
; Flow Log ;
------------
quartus_map --read_settings_files=on --write_settings_files=off RefCounter -c RefCounter
quartus_fit --read_settings_files=off --write_settings_files=off RefCounter -c RefCounter
quartus_asm --read_settings_files=off --write_settings_files=off RefCounter -c RefCounter
quartus_tan --read_settings_files=off --write_settings_files=off RefCounter -c RefCounter --timing_analysis_only



