Archive Project report for Mercury
Wed Nov 09 19:49:39 2011
Quartus II Version 11.0 Build 208 07/03/2011 Service Pack 1 SJ Web Edition


---------------------
; Table of Contents ;
---------------------
  1. Legal Notice
  2. Archive Project Summary
  3. Archive Project Messages
  4. Files Archived



----------------
; Legal Notice ;
----------------
Copyright (C) 1991-2011 Altera Corporation
Your use of Altera Corporation's design tools, logic functions 
and other software and tools, and its AMPP partner logic 
functions, and any output files from any of the foregoing 
(including device programming or simulation files), and any 
associated documentation or information are expressly subject 
to the terms and conditions of the Altera Program License 
Subscription Agreement, Altera MegaCore Function License 
Agreement, or other applicable license agreement, including, 
without limitation, that your use is for the sole purpose of 
programming logic devices manufactured by Altera and sold by 
Altera or its authorized distributors.  Please refer to the 
applicable agreement for further details.



+----------------------------------------------------------------+
; Archive Project Summary                                        ;
+------------------------+---------------------------------------+
; Archive Project Status ; Successful - Wed Nov 09 19:49:39 2011 ;
; Revision Name          ; Mercury                               ;
; Top-level Entity Name  ; Mercury                               ;
; Family                 ; Cyclone III                           ;
+------------------------+---------------------------------------+


+--------------------------+
; Archive Project Messages ;
+--------------------------+
Info: File Set 'Source control' contains:
    Info: Project source and settings files
    Info: Automatically detected source files
Critical Warning: Setting INCREMENTAL_COMPILATION to "OFF" is no longer supported. Assignment is ignored. To disable partitions, set the IGNORE_PARTITIONS global assignment to "ON" instead.
Info: ----------------------------------------------------------
Info: ----------------------------------------------------------
Info: Generated archive 'C:/HPSDR/trunk/Mercury_V3.1/Mercury.qar'
Info: ----------------------------------------------------------
Info: ----------------------------------------------------------
Info: Generated report 'Mercury.archive.rpt'
Info: Evaluation of Tcl script c:/altera/11.0sp1/quartus/common/tcl/apps/qpm/qar.tcl was successful
Info: Quartus II Shell was successful. 0 errors, 1 warning
    Info: Peak virtual memory: 175 megabytes
    Info: Processing ended: Wed Nov 09 19:49:39 2011
    Info: Elapsed time: 00:00:03
    Info: Total CPU time (on all processors): 00:00:03


+-------------------------------------------------------------+
; Files Archived                                              ;
+-------------------------------------------------------------+
; File Name                                                   ;
+-------------------------------------------------------------+
; assignment_defaults.qdf                                     ;
; C10_PLL.ppf                                                 ;
; C10_PLL.qip                                                 ;
; C10_PLL.v                                                   ;
; C122_PLL.ppf                                                ;
; C122_PLL.qip                                                ;
; C122_PLL.v                                                  ;
; C:/HPSDR/trunk/VK6APH/Mercury/megafunctions/altdpram.inc    ;
; C:/HPSDR/trunk/VK6APH/Mercury/megafunctions/cbx.lst         ;
; C:/HPSDR/trunk/VK6APH/Mercury/megafunctions/lpm_add_sub.inc ;
; C:/HPSDR/trunk/VK6APH/Mercury/megafunctions/lpm_compare.inc ;
; C:/HPSDR/trunk/VK6APH/Mercury/megafunctions/lpm_counter.inc ;
; CC_decoder.v                                                ;
; cic.v                                                       ;
; cic_comb.v                                                  ;
; cic_integrator.v                                            ;
; common/clk_div.v                                            ;
; common/clk_lrclk_gen.v                                      ;
; common/I2S_xmit.v                                           ;
; common/NWire_rcv.v                                          ;
; common/NWire_xmit.v                                         ;
; cordic.v                                                    ;
; FIFO.v                                                      ;
; fir.v                                                       ;
; fir_coeffs.v                                                ;
; fir_coeffs_rom.hex                                          ;
; fir_coeffs_rom.v                                            ;
; fir_mac.v                                                   ;
; fir_shiftreg.qip                                            ;
; fir_shiftreg.v                                              ;
; HPF_select.v                                                ;
; incremental_db/compiled_partitions/Mercury.db_info          ;
; LPF_select.v                                                ;
; mac.v                                                       ;
; memcic.v                                                    ;
; memcic_ram.v                                                ;
; memreceiver.v                                               ;
; Mercury.qpf                                                 ;
; Mercury.qsf                                                 ;
; Mercury.stp                                                 ;
; Mercury.v                                                   ;
; Mercury.vwf                                                 ;
; Mercury_assignment_defaults.qdf                             ;
; mult_24Sx24S.v                                              ;
; NWire_rcv.stp                                               ;
; oddClockDiv.v                                               ;
; receiver.v                                                  ;
; SP_fifo.bsf                                                 ;
; SP_fifo.qip                                                 ;
; SP_fifo.v                                                   ;
; SP_fifo_bb.v                                                ;
; SP_fifo_inst.v                                              ;
; sp_xmit_ctrl.v                                              ;
; spectrum.stp                                                ;
; SPI.v                                                       ;
; TestModeChecker.v                                           ;
; varcic.v                                                    ;
+-------------------------------------------------------------+


