This file contains any messages produced by compilers while
running configure, to aid debugging if configure makes a mistake.

It was created by dttsp configure new, which was
generated by GNU Autoconf 2.63.  Invocation command line was

  $ ./configure 

## --------- ##
## Platform. ##
## --------- ##

hostname = Ubuntu-904-32bit
uname -m = i686
uname -r = 2.6.28-11-generic
uname -s = Linux
uname -v = #42-Ubuntu SMP Fri Apr 17 01:57:59 UTC 2009

/usr/bin/uname -p = unknown
/bin/uname -X     = unknown

/bin/arch              = unknown
/usr/bin/arch -k       = unknown
/usr/convex/getsysinfo = unknown
/usr/bin/hostinfo      = unknown
/bin/machine           = unknown
/usr/bin/oslevel       = unknown
/bin/universe          = unknown

PATH: /usr/local/sbin
PATH: /usr/local/bin
PATH: /usr/sbin
PATH: /usr/bin
PATH: /sbin
PATH: /bin
PATH: /usr/games


## ----------- ##
## Core tests. ##
## ----------- ##

configure:1884: checking for a BSD-compatible install
configure:1952: result: /usr/bin/install -c
configure:1963: checking whether build environment is sane
configure:2006: result: yes
configure:2031: checking for a thread-safe mkdir -p
configure:2070: result: /bin/mkdir -p
configure:2083: checking for gawk
configure:2113: result: no
configure:2083: checking for mawk
configure:2099: found /usr/bin/mawk
configure:2110: result: mawk
configure:2121: checking whether make sets $(MAKE)
configure:2143: result: yes
configure:2336: checking build system type
configure:2354: result: i686-pc-linux-gnu
configure:2376: checking host system type
configure:2391: result: i686-pc-linux-gnu
configure:2463: checking for gcc
configure:2479: found /usr/bin/gcc
configure:2490: result: gcc
configure:2722: checking for C compiler version
configure:2730: gcc --version >&5
gcc (Ubuntu 4.3.3-5ubuntu4) 4.3.3
Copyright (C) 2008 Free Software Foundation, Inc.
This is free software; see the source for copying conditions.  There is NO
warranty; not even for MERCHANTABILITY or FITNESS FOR A PARTICULAR PURPOSE.

configure:2734: $? = 0
configure:2741: gcc -v >&5
Using built-in specs.
Target: i486-linux-gnu
Configured with: ../src/configure -v --with-pkgversion='Ubuntu 4.3.3-5ubuntu4' --with-bugurl=file:///usr/share/doc/gcc-4.3/README.Bugs --enable-languages=c,c++,fortran,objc,obj-c++ --prefix=/usr --enable-shared --with-system-zlib --libexecdir=/usr/lib --without-included-gettext --enable-threads=posix --enable-nls --with-gxx-include-dir=/usr/include/c++/4.3 --program-suffix=-4.3 --enable-clocale=gnu --enable-libstdcxx-debug --enable-objc-gc --enable-mpfr --enable-targets=all --with-tune=generic --enable-checking=release --build=i486-linux-gnu --host=i486-linux-gnu --target=i486-linux-gnu
Thread model: posix
gcc version 4.3.3 (Ubuntu 4.3.3-5ubuntu4) 
configure:2745: $? = 0
configure:2752: gcc -V >&5
gcc: '-V' option must have argument
configure:2756: $? = 1
configure:2779: checking for C compiler default output file name
configure:2801: gcc    conftest.c  >&5
configure:2805: $? = 0
configure:2843: result: a.out
configure:2862: checking whether the C compiler works
configure:2872: ./a.out
configure:2876: $? = 0
configure:2895: result: yes
configure:2902: checking whether we are cross compiling
configure:2904: result: no
configure:2907: checking for suffix of executables
configure:2914: gcc -o conftest    conftest.c  >&5
configure:2918: $? = 0
configure:2944: result: 
configure:2950: checking for suffix of object files
configure:2976: gcc -c   conftest.c >&5
configure:2980: $? = 0
configure:3005: result: o
configure:3009: checking whether we are using the GNU C compiler
configure:3038: gcc -c   conftest.c >&5
configure:3045: $? = 0
configure:3062: result: yes
configure:3071: checking whether gcc accepts -g
configure:3101: gcc -c -g  conftest.c >&5
configure:3108: $? = 0
configure:3209: result: yes
configure:3226: checking for gcc option to accept ISO C89
configure:3300: gcc  -c -g -O2  conftest.c >&5
configure:3307: $? = 0
configure:3330: result: none needed
configure:3359: checking for style of include used by make
configure:3387: result: GNU
configure:3412: checking dependency style of gcc
configure:3503: result: gcc3
configure:3561: checking for ranlib
configure:3577: found /usr/bin/ranlib
configure:3588: result: ranlib
configure:3621: checking for fftwf_execute in -lfftw3f
configure:3656: gcc -o conftest -g -O2   conftest.c -lfftw3f   >&5
configure:3663: $? = 0
configure:3684: result: yes
configure:3700: checking for jack_connect in -ljack
configure:3735: gcc -o conftest -g -O2   conftest.c -ljack  -lfftw3f  >&5
configure:3742: $? = 0
configure:3763: result: yes
configure:3779: checking for pow in -lm
configure:3814: gcc -o conftest -g -O2   conftest.c -lm  -ljack -lfftw3f  >&5
conftest.c:19: warning: conflicting types for built-in function 'pow'
configure:3821: $? = 0
configure:3842: result: yes
configure:3854: checking for pthread_create in -lpthread
configure:3889: gcc -o conftest -g -O2   conftest.c -lpthread  -lm -ljack -lfftw3f  >&5
configure:3896: $? = 0
configure:3917: result: yes
configure:3929: checking for lo_address_new in -llo
configure:3964: gcc -o conftest -g -O2   conftest.c -llo  -lpthread -lm -ljack -lfftw3f  >&5
configure:3971: $? = 0
configure:3992: result: yes
configure:4014: checking how to run the C preprocessor
configure:4054: gcc -E  conftest.c
configure:4061: $? = 0
configure:4092: gcc -E  conftest.c
conftest.c:15:28: error: ac_nonexistent.h: No such file or directory
configure:4099: $? = 1
configure: failed program was:
| /* confdefs.h.  */
| #define PACKAGE_NAME "dttsp"
| #define PACKAGE_TARNAME "dttsp"
| #define PACKAGE_VERSION "new"
| #define PACKAGE_STRING "dttsp new"
| #define PACKAGE_BUGREPORT "ab2kt@arrl.net> or <rwmcgwier@gmail.com"
| #define PACKAGE "dttsp"
| #define VERSION "new"
| #define HAVE_LIBFFTW3F 1
| #define HAVE_LIBJACK 1
| #define HAVE_LIBM 1
| #define HAVE_LIBPTHREAD 1
| #define HAVE_LIBLO 1
| /* end confdefs.h.  */
| #include <ac_nonexistent.h>
configure:4132: result: gcc -E
configure:4161: gcc -E  conftest.c
configure:4168: $? = 0
configure:4199: gcc -E  conftest.c
conftest.c:15:28: error: ac_nonexistent.h: No such file or directory
configure:4206: $? = 1
configure: failed program was:
| /* confdefs.h.  */
| #define PACKAGE_NAME "dttsp"
| #define PACKAGE_TARNAME "dttsp"
| #define PACKAGE_VERSION "new"
| #define PACKAGE_STRING "dttsp new"
| #define PACKAGE_BUGREPORT "ab2kt@arrl.net> or <rwmcgwier@gmail.com"
| #define PACKAGE "dttsp"
| #define VERSION "new"
| #define HAVE_LIBFFTW3F 1
| #define HAVE_LIBJACK 1
| #define HAVE_LIBM 1
| #define HAVE_LIBPTHREAD 1
| #define HAVE_LIBLO 1
| /* end confdefs.h.  */
| #include <ac_nonexistent.h>
configure:4246: checking for grep that handles long lines and -e
configure:4306: result: /bin/grep
configure:4311: checking for egrep
configure:4375: result: /bin/grep -E
configure:4380: checking for ANSI C header files
configure:4410: gcc -c -g -O2  conftest.c >&5
configure:4417: $? = 0
configure:4516: gcc -o conftest -g -O2   conftest.c -llo -lpthread -lm -ljack -lfftw3f  >&5
configure:4520: $? = 0
configure:4526: ./conftest
configure:4530: $? = 0
configure:4548: result: yes
configure:4558: checking for sys/wait.h that is POSIX.1 compatible
configure:4594: gcc -c -g -O2  conftest.c >&5
configure:4601: $? = 0
configure:4616: result: yes
configure:4640: checking for sys/types.h
configure:4661: gcc -c -g -O2  conftest.c >&5
configure:4668: $? = 0
configure:4685: result: yes
configure:4640: checking for sys/stat.h
configure:4661: gcc -c -g -O2  conftest.c >&5
configure:4668: $? = 0
configure:4685: result: yes
configure:4640: checking for stdlib.h
configure:4661: gcc -c -g -O2  conftest.c >&5
configure:4668: $? = 0
configure:4685: result: yes
configure:4640: checking for string.h
configure:4661: gcc -c -g -O2  conftest.c >&5
configure:4668: $? = 0
configure:4685: result: yes
configure:4640: checking for memory.h
configure:4661: gcc -c -g -O2  conftest.c >&5
configure:4668: $? = 0
configure:4685: result: yes
configure:4640: checking for strings.h
configure:4661: gcc -c -g -O2  conftest.c >&5
configure:4668: $? = 0
configure:4685: result: yes
configure:4640: checking for inttypes.h
configure:4661: gcc -c -g -O2  conftest.c >&5
configure:4668: $? = 0
configure:4685: result: yes
configure:4640: checking for stdint.h
configure:4661: gcc -c -g -O2  conftest.c >&5
configure:4668: $? = 0
configure:4685: result: yes
configure:4640: checking for unistd.h
configure:4661: gcc -c -g -O2  conftest.c >&5
configure:4668: $? = 0
configure:4685: result: yes
configure:4722: checking fcntl.h usability
configure:4739: gcc -c -g -O2  conftest.c >&5
configure:4746: $? = 0
configure:4760: result: yes
configure:4764: checking fcntl.h presence
configure:4779: gcc -E  conftest.c
configure:4786: $? = 0
configure:4800: result: yes
configure:4833: checking for fcntl.h
configure:4842: result: yes
configure:4711: checking for stdlib.h
configure:4718: result: yes
configure:4711: checking for string.h
configure:4718: result: yes
configure:4722: checking sys/ioctl.h usability
configure:4739: gcc -c -g -O2  conftest.c >&5
configure:4746: $? = 0
configure:4760: result: yes
configure:4764: checking sys/ioctl.h presence
configure:4779: gcc -E  conftest.c
configure:4786: $? = 0
configure:4800: result: yes
configure:4833: checking for sys/ioctl.h
configure:4842: result: yes
configure:4722: checking sys/param.h usability
configure:4739: gcc -c -g -O2  conftest.c >&5
configure:4746: $? = 0
configure:4760: result: yes
configure:4764: checking sys/param.h presence
configure:4779: gcc -E  conftest.c
configure:4786: $? = 0
configure:4800: result: yes
configure:4833: checking for sys/param.h
configure:4842: result: yes
configure:4722: checking sys/socket.h usability
configure:4739: gcc -c -g -O2  conftest.c >&5
configure:4746: $? = 0
configure:4760: result: yes
configure:4764: checking sys/socket.h presence
configure:4779: gcc -E  conftest.c
configure:4786: $? = 0
configure:4800: result: yes
configure:4833: checking for sys/socket.h
configure:4842: result: yes
configure:4722: checking sys/time.h usability
configure:4739: gcc -c -g -O2  conftest.c >&5
configure:4746: $? = 0
configure:4760: result: yes
configure:4764: checking sys/time.h presence
configure:4779: gcc -E  conftest.c
configure:4786: $? = 0
configure:4800: result: yes
configure:4833: checking for sys/time.h
configure:4842: result: yes
configure:4711: checking for unistd.h
configure:4718: result: yes
configure:4859: checking for an ANSI C-conforming const
configure:4934: gcc -c -g -O2  conftest.c >&5
configure:4941: $? = 0
configure:4956: result: yes
configure:4966: checking for inline
configure:4992: gcc -c -g -O2  conftest.c >&5
configure:4999: $? = 0
configure:5017: result: inline
configure:5036: checking for size_t
configure:5064: gcc -c -g -O2  conftest.c >&5
configure:5071: $? = 0
configure:5098: gcc -c -g -O2  conftest.c >&5
conftest.c: In function 'main':
conftest.c:70: error: expected expression before ')' token
configure:5105: $? = 1
configure: failed program was:
| /* confdefs.h.  */
| #define PACKAGE_NAME "dttsp"
| #define PACKAGE_TARNAME "dttsp"
| #define PACKAGE_VERSION "new"
| #define PACKAGE_STRING "dttsp new"
| #define PACKAGE_BUGREPORT "ab2kt@arrl.net> or <rwmcgwier@gmail.com"
| #define PACKAGE "dttsp"
| #define VERSION "new"
| #define HAVE_LIBFFTW3F 1
| #define HAVE_LIBJACK 1
| #define HAVE_LIBM 1
| #define HAVE_LIBPTHREAD 1
| #define HAVE_LIBLO 1
| #define STDC_HEADERS 1
| #define HAVE_SYS_WAIT_H 1
| #define HAVE_SYS_TYPES_H 1
| #define HAVE_SYS_STAT_H 1
| #define HAVE_STDLIB_H 1
| #define HAVE_STRING_H 1
| #define HAVE_MEMORY_H 1
| #define HAVE_STRINGS_H 1
| #define HAVE_INTTYPES_H 1
| #define HAVE_STDINT_H 1
| #define HAVE_UNISTD_H 1
| #define HAVE_FCNTL_H 1
| #define HAVE_STDLIB_H 1
| #define HAVE_STRING_H 1
| #define HAVE_SYS_IOCTL_H 1
| #define HAVE_SYS_PARAM_H 1
| #define HAVE_SYS_SOCKET_H 1
| #define HAVE_SYS_TIME_H 1
| #define HAVE_UNISTD_H 1
| /* end confdefs.h.  */
| #include <stdio.h>
| #ifdef HAVE_SYS_TYPES_H
| # include <sys/types.h>
| #endif
| #ifdef HAVE_SYS_STAT_H
| # include <sys/stat.h>
| #endif
| #ifdef STDC_HEADERS
| # include <stdlib.h>
| # include <stddef.h>
| #else
| # ifdef HAVE_STDLIB_H
| #  include <stdlib.h>
| # endif
| #endif
| #ifdef HAVE_STRING_H
| # if !defined STDC_HEADERS && defined HAVE_MEMORY_H
| #  include <memory.h>
| # endif
| # include <string.h>
| #endif
| #ifdef HAVE_STRINGS_H
| # include <strings.h>
| #endif
| #ifdef HAVE_INTTYPES_H
| # include <inttypes.h>
| #endif
| #ifdef HAVE_STDINT_H
| # include <stdint.h>
| #endif
| #ifdef HAVE_UNISTD_H
| # include <unistd.h>
| #endif
| int
| main ()
| {
| if (sizeof ((size_t)))
| 	  return 0;
|   ;
|   return 0;
| }
configure:5128: result: yes
configure:5140: checking whether time.h and sys/time.h may both be included
configure:5170: gcc -c -g -O2  conftest.c >&5
configure:5177: $? = 0
configure:5192: result: yes
configure:5202: checking for stdbool.h that conforms to C99
configure:5297: gcc -c -g -O2  conftest.c >&5
configure:5304: $? = 0
configure:5319: result: yes
configure:5321: checking for _Bool
configure:5349: gcc -c -g -O2  conftest.c >&5
configure:5356: $? = 0
configure:5383: gcc -c -g -O2  conftest.c >&5
conftest.c: In function 'main':
conftest.c:71: error: expected expression before ')' token
configure:5390: $? = 1
configure: failed program was:
| /* confdefs.h.  */
| #define PACKAGE_NAME "dttsp"
| #define PACKAGE_TARNAME "dttsp"
| #define PACKAGE_VERSION "new"
| #define PACKAGE_STRING "dttsp new"
| #define PACKAGE_BUGREPORT "ab2kt@arrl.net> or <rwmcgwier@gmail.com"
| #define PACKAGE "dttsp"
| #define VERSION "new"
| #define HAVE_LIBFFTW3F 1
| #define HAVE_LIBJACK 1
| #define HAVE_LIBM 1
| #define HAVE_LIBPTHREAD 1
| #define HAVE_LIBLO 1
| #define STDC_HEADERS 1
| #define HAVE_SYS_WAIT_H 1
| #define HAVE_SYS_TYPES_H 1
| #define HAVE_SYS_STAT_H 1
| #define HAVE_STDLIB_H 1
| #define HAVE_STRING_H 1
| #define HAVE_MEMORY_H 1
| #define HAVE_STRINGS_H 1
| #define HAVE_INTTYPES_H 1
| #define HAVE_STDINT_H 1
| #define HAVE_UNISTD_H 1
| #define HAVE_FCNTL_H 1
| #define HAVE_STDLIB_H 1
| #define HAVE_STRING_H 1
| #define HAVE_SYS_IOCTL_H 1
| #define HAVE_SYS_PARAM_H 1
| #define HAVE_SYS_SOCKET_H 1
| #define HAVE_SYS_TIME_H 1
| #define HAVE_UNISTD_H 1
| #define TIME_WITH_SYS_TIME 1
| /* end confdefs.h.  */
| #include <stdio.h>
| #ifdef HAVE_SYS_TYPES_H
| # include <sys/types.h>
| #endif
| #ifdef HAVE_SYS_STAT_H
| # include <sys/stat.h>
| #endif
| #ifdef STDC_HEADERS
| # include <stdlib.h>
| # include <stddef.h>
| #else
| # ifdef HAVE_STDLIB_H
| #  include <stdlib.h>
| # endif
| #endif
| #ifdef HAVE_STRING_H
| # if !defined STDC_HEADERS && defined HAVE_MEMORY_H
| #  include <memory.h>
| # endif
| # include <string.h>
| #endif
| #ifdef HAVE_STRINGS_H
| # include <strings.h>
| #endif
| #ifdef HAVE_INTTYPES_H
| # include <inttypes.h>
| #endif
| #ifdef HAVE_STDINT_H
| # include <stdint.h>
| #endif
| #ifdef HAVE_UNISTD_H
| # include <unistd.h>
| #endif
| int
| main ()
| {
| if (sizeof ((_Bool)))
| 	  return 0;
|   ;
|   return 0;
| }
configure:5413: result: yes
configure:5432: checking for uid_t in sys/types.h
configure:5455: result: yes
configure:5473: checking whether gcc needs -traditional
configure:5515: result: no
configure:5522: checking whether lstat dereferences a symlink specified with a trailing slash
configure:5558: gcc -o conftest -g -O2   conftest.c -llo -lpthread -lm -ljack -lfftw3f  >&5
configure:5562: $? = 0
configure:5568: ./conftest
configure:5572: $? = 0
configure:5596: result: yes
configure:5615: checking whether stat accepts an empty string
configure:5645: gcc -o conftest -g -O2   conftest.c -llo -lpthread -lm -ljack -lfftw3f  >&5
configure:5649: $? = 0
configure:5655: ./conftest
configure:5659: $? = 0
configure:5676: result: no
configure:5700: checking for floor
configure:5756: gcc -o conftest -g -O2   conftest.c -llo -lpthread -lm -ljack -lfftw3f  >&5
conftest.c:61: warning: conflicting types for built-in function 'floor'
configure:5763: $? = 0
configure:5785: result: yes
configure:5700: checking for gettimeofday
configure:5756: gcc -o conftest -g -O2   conftest.c -llo -lpthread -lm -ljack -lfftw3f  >&5
configure:5763: $? = 0
configure:5785: result: yes
configure:5700: checking for memset
configure:5756: gcc -o conftest -g -O2   conftest.c -llo -lpthread -lm -ljack -lfftw3f  >&5
conftest.c:63: warning: conflicting types for built-in function 'memset'
configure:5763: $? = 0
configure:5785: result: yes
configure:5700: checking for pow
configure:5756: gcc -o conftest -g -O2   conftest.c -llo -lpthread -lm -ljack -lfftw3f  >&5
conftest.c:64: warning: conflicting types for built-in function 'pow'
configure:5763: $? = 0
configure:5785: result: yes
configure:5700: checking for sqrt
configure:5756: gcc -o conftest -g -O2   conftest.c -llo -lpthread -lm -ljack -lfftw3f  >&5
conftest.c:65: warning: conflicting types for built-in function 'sqrt'
configure:5763: $? = 0
configure:5785: result: yes
configure:5952: creating ./config.status

## ---------------------- ##
## Running config.status. ##
## ---------------------- ##

This file was extended by dttsp config.status new, which was
generated by GNU Autoconf 2.63.  Invocation command line was

  CONFIG_FILES    = 
  CONFIG_HEADERS  = 
  CONFIG_LINKS    = 
  CONFIG_COMMANDS = 
  $ ./config.status 

on Ubuntu-904-32bit

config.status:703: creating Makefile
config.status:914: executing depfiles commands

## ---------------- ##
## Cache variables. ##
## ---------------- ##

ac_cv_build=i686-pc-linux-gnu
ac_cv_c_compiler_gnu=yes
ac_cv_c_const=yes
ac_cv_c_inline=inline
ac_cv_env_CC_set=
ac_cv_env_CC_value=
ac_cv_env_CFLAGS_set=
ac_cv_env_CFLAGS_value=
ac_cv_env_CPPFLAGS_set=
ac_cv_env_CPPFLAGS_value=
ac_cv_env_CPP_set=
ac_cv_env_CPP_value=
ac_cv_env_LDFLAGS_set=
ac_cv_env_LDFLAGS_value=
ac_cv_env_LIBS_set=
ac_cv_env_LIBS_value=
ac_cv_env_build_alias_set=
ac_cv_env_build_alias_value=
ac_cv_env_host_alias_set=
ac_cv_env_host_alias_value=
ac_cv_env_target_alias_set=
ac_cv_env_target_alias_value=
ac_cv_func_floor=yes
ac_cv_func_gettimeofday=yes
ac_cv_func_lstat_dereferences_slashed_symlink=yes
ac_cv_func_memset=yes
ac_cv_func_pow=yes
ac_cv_func_sqrt=yes
ac_cv_func_stat_empty_string_bug=no
ac_cv_header_fcntl_h=yes
ac_cv_header_inttypes_h=yes
ac_cv_header_memory_h=yes
ac_cv_header_stdbool_h=yes
ac_cv_header_stdc=yes
ac_cv_header_stdint_h=yes
ac_cv_header_stdlib_h=yes
ac_cv_header_string_h=yes
ac_cv_header_strings_h=yes
ac_cv_header_sys_ioctl_h=yes
ac_cv_header_sys_param_h=yes
ac_cv_header_sys_socket_h=yes
ac_cv_header_sys_stat_h=yes
ac_cv_header_sys_time_h=yes
ac_cv_header_sys_types_h=yes
ac_cv_header_sys_wait_h=yes
ac_cv_header_time=yes
ac_cv_header_unistd_h=yes
ac_cv_host=i686-pc-linux-gnu
ac_cv_lib_fftw3f_fftwf_execute=yes
ac_cv_lib_jack_jack_connect=yes
ac_cv_lib_lo_lo_address_new=yes
ac_cv_lib_m_pow=yes
ac_cv_lib_pthread_pthread_create=yes
ac_cv_objext=o
ac_cv_path_EGREP='/bin/grep -E'
ac_cv_path_GREP=/bin/grep
ac_cv_path_install='/usr/bin/install -c'
ac_cv_path_mkdir=/bin/mkdir
ac_cv_prog_AWK=mawk
ac_cv_prog_CPP='gcc -E'
ac_cv_prog_ac_ct_CC=gcc
ac_cv_prog_ac_ct_RANLIB=ranlib
ac_cv_prog_cc_c89=
ac_cv_prog_cc_g=yes
ac_cv_prog_gcc_traditional=no
ac_cv_prog_make_make_set=yes
ac_cv_type__Bool=yes
ac_cv_type_size_t=yes
ac_cv_type_uid_t=yes
am_cv_CC_dependencies_compiler_type=gcc3

## ----------------- ##
## Output variables. ##
## ----------------- ##

ACLOCAL='${SHELL} /home/jm57878/ghpsdr/DttSP/missing --run aclocal-1.10'
AMDEPBACKSLASH='\'
AMDEP_FALSE='#'
AMDEP_TRUE=''
AMTAR='${SHELL} /home/jm57878/ghpsdr/DttSP/missing --run tar'
AUTOCONF='${SHELL} /home/jm57878/ghpsdr/DttSP/missing --run autoconf'
AUTOHEADER='${SHELL} /home/jm57878/ghpsdr/DttSP/missing --run autoheader'
AUTOMAKE='${SHELL} /home/jm57878/ghpsdr/DttSP/missing --run automake-1.10'
AWK='mawk'
CC='gcc'
CCDEPMODE='depmode=gcc3'
CFLAGS='-g -O2'
CPP='gcc -E'
CPPFLAGS=''
CYGPATH_W='echo'
DEFS='-DPACKAGE_NAME=\"dttsp\" -DPACKAGE_TARNAME=\"dttsp\" -DPACKAGE_VERSION=\"new\" -DPACKAGE_STRING=\"dttsp\ new\" -DPACKAGE_BUGREPORT=\"ab2kt@arrl.net\>\ or\ \<rwmcgwier@gmail.com\" -DPACKAGE=\"dttsp\" -DVERSION=\"new\" -DHAVE_LIBFFTW3F=1 -DHAVE_LIBJACK=1 -DHAVE_LIBM=1 -DHAVE_LIBPTHREAD=1 -DHAVE_LIBLO=1 -DSTDC_HEADERS=1 -DHAVE_SYS_WAIT_H=1 -DHAVE_SYS_TYPES_H=1 -DHAVE_SYS_STAT_H=1 -DHAVE_STDLIB_H=1 -DHAVE_STRING_H=1 -DHAVE_MEMORY_H=1 -DHAVE_STRINGS_H=1 -DHAVE_INTTYPES_H=1 -DHAVE_STDINT_H=1 -DHAVE_UNISTD_H=1 -DHAVE_FCNTL_H=1 -DHAVE_STDLIB_H=1 -DHAVE_STRING_H=1 -DHAVE_SYS_IOCTL_H=1 -DHAVE_SYS_PARAM_H=1 -DHAVE_SYS_SOCKET_H=1 -DHAVE_SYS_TIME_H=1 -DHAVE_UNISTD_H=1 -DTIME_WITH_SYS_TIME=1 -DHAVE__BOOL=1 -DHAVE_STDBOOL_H=1 -DLSTAT_FOLLOWS_SLASHED_SYMLINK=1 -DHAVE_FLOOR=1 -DHAVE_GETTIMEOFDAY=1 -DHAVE_MEMSET=1 -DHAVE_POW=1 -DHAVE_SQRT=1'
DEPDIR='.deps'
ECHO_C=''
ECHO_N='-n'
ECHO_T=''
EGREP='/bin/grep -E'
EXEEXT=''
GREP='/bin/grep'
INSTALL_DATA='${INSTALL} -m 644'
INSTALL_PROGRAM='${INSTALL}'
INSTALL_SCRIPT='${INSTALL}'
INSTALL_STRIP_PROGRAM='$(install_sh) -c -s'
LDFLAGS=''
LIBOBJS=''
LIBS='-llo -lpthread -lm -ljack -lfftw3f '
LTLIBOBJS=''
MAKEINFO='${SHELL} /home/jm57878/ghpsdr/DttSP/missing --run makeinfo'
MKDIR_P='/bin/mkdir -p'
OBJEXT='o'
PACKAGE='dttsp'
PACKAGE_BUGREPORT='ab2kt@arrl.net> or <rwmcgwier@gmail.com'
PACKAGE_NAME='dttsp'
PACKAGE_STRING='dttsp new'
PACKAGE_TARNAME='dttsp'
PACKAGE_VERSION='new'
PATH_SEPARATOR=':'
RANLIB='ranlib'
SET_MAKE=''
SHELL='/bin/bash'
STRIP=''
VERSION='new'
ac_ct_CC='gcc'
am__fastdepCC_FALSE='#'
am__fastdepCC_TRUE=''
am__include='include'
am__isrc=''
am__leading_dot='.'
am__quote=''
am__tar='${AMTAR} chof - "$$tardir"'
am__untar='${AMTAR} xf -'
bindir='${exec_prefix}/bin'
build='i686-pc-linux-gnu'
build_alias=''
build_cpu='i686'
build_os='linux-gnu'
build_vendor='pc'
datadir='${datarootdir}'
datarootdir='${prefix}/share'
docdir='${datarootdir}/doc/${PACKAGE_TARNAME}'
dvidir='${docdir}'
exec_prefix='${prefix}'
host='i686-pc-linux-gnu'
host_alias=''
host_cpu='i686'
host_os='linux-gnu'
host_vendor='pc'
htmldir='${docdir}'
includedir='${prefix}/include'
infodir='${datarootdir}/info'
install_sh='$(SHELL) /home/jm57878/ghpsdr/DttSP/install-sh'
libdir='${exec_prefix}/lib'
libexecdir='${exec_prefix}/libexec'
localedir='${datarootdir}/locale'
localstatedir='${prefix}/var'
mandir='${datarootdir}/man'
mkdir_p='/bin/mkdir -p'
oldincludedir='/usr/include'
pdfdir='${docdir}'
prefix='/usr/local'
program_transform_name='s,x,x,'
psdir='${docdir}'
sbindir='${exec_prefix}/sbin'
sharedstatedir='${prefix}/com'
sysconfdir='${prefix}/etc'
target_alias=''

## ----------- ##
## confdefs.h. ##
## ----------- ##

#define PACKAGE_NAME "dttsp"
#define PACKAGE_TARNAME "dttsp"
#define PACKAGE_VERSION "new"
#define PACKAGE_STRING "dttsp new"
#define PACKAGE_BUGREPORT "ab2kt@arrl.net> or <rwmcgwier@gmail.com"
#define PACKAGE "dttsp"
#define VERSION "new"
#define HAVE_LIBFFTW3F 1
#define HAVE_LIBJACK 1
#define HAVE_LIBM 1
#define HAVE_LIBPTHREAD 1
#define HAVE_LIBLO 1
#define STDC_HEADERS 1
#define HAVE_SYS_WAIT_H 1
#define HAVE_SYS_TYPES_H 1
#define HAVE_SYS_STAT_H 1
#define HAVE_STDLIB_H 1
#define HAVE_STRING_H 1
#define HAVE_MEMORY_H 1
#define HAVE_STRINGS_H 1
#define HAVE_INTTYPES_H 1
#define HAVE_STDINT_H 1
#define HAVE_UNISTD_H 1
#define HAVE_FCNTL_H 1
#define HAVE_STDLIB_H 1
#define HAVE_STRING_H 1
#define HAVE_SYS_IOCTL_H 1
#define HAVE_SYS_PARAM_H 1
#define HAVE_SYS_SOCKET_H 1
#define HAVE_SYS_TIME_H 1
#define HAVE_UNISTD_H 1
#define TIME_WITH_SYS_TIME 1
#define HAVE__BOOL 1
#define HAVE_STDBOOL_H 1
#define LSTAT_FOLLOWS_SLASHED_SYMLINK 1
#define HAVE_FLOOR 1
#define HAVE_GETTIMEOFDAY 1
#define HAVE_MEMSET 1
#define HAVE_POW 1
#define HAVE_SQRT 1

configure: exit 0
