2008.02.28 16:11 B C:\Documents and Settings\Owner\Desktop\Repos_DDUtil\bin\Release\PortAddr.htm --> K5FR.com /public_html/ddutilwiki PortAddr.htm
2008.02.28 16:11 B C:\Documents and Settings\Owner\Desktop\Repos_DDUtil\bin\Release\PortsFind.JPG --> K5FR.com /public_html/ddutilwiki PortsFind.JPG
2008.02.28 16:16 B C:\Documents and Settings\Owner\Desktop\Repos_DDUtil\bin\Release\Calc1.JPG --> K5FR.com /public_html/ddutilwiki Calc1.JPG
2008.02.28 16:16 B C:\Documents and Settings\Owner\Desktop\Repos_DDUtil\bin\Release\Calc2.JPG --> K5FR.com /public_html/ddutilwiki Calc2.JPG
2008.02.28 16:16 B C:\Documents and Settings\Owner\Desktop\Repos_DDUtil\bin\Release\coua.css --> K5FR.com /public_html/ddutilwiki coua.css
2008.02.28 16:16 B C:\Documents and Settings\Owner\Desktop\Repos_DDUtil\bin\Release\DDUtilPorts1.JPG --> K5FR.com /public_html/ddutilwiki DDUtilPorts1.JPG
2008.02.28 16:16 B C:\Documents and Settings\Owner\Desktop\Repos_DDUtil\bin\Release\htmlhelp.css --> K5FR.com /public_html/ddutilwiki htmlhelp.css
2008.02.28 16:16 B C:\Documents and Settings\Owner\Desktop\Repos_DDUtil\bin\Release\LEDs.pdf --> K5FR.com /public_html/ddutilwiki LEDs.pdf
2008.02.28 16:16 B C:\Documents and Settings\Owner\Desktop\Repos_DDUtil\bin\Release\Port1.JPG --> K5FR.com /public_html/ddutilwiki Port1.JPG
2008.02.28 16:16 B C:\Documents and Settings\Owner\Desktop\Repos_DDUtil\bin\Release\Port2.JPG --> K5FR.com /public_html/ddutilwiki Port2.JPG
2008.02.28 16:16 B C:\Documents and Settings\Owner\Desktop\Repos_DDUtil\bin\Release\PortsFind1.JPG --> K5FR.com /public_html/ddutilwiki PortsFind1.JPG
2008.02.28 16:19 B C:\Documents and Settings\Owner\Desktop\Repos_DDUtil\bin\Release\Cables.pdf --> K5FR.com /public_html/ddutilwiki Cables.pdf
2008.04.24 16:24 B C:\Documents and Settings\Owner\Desktop\Repos_DDUtil\bin\Release\Cables.pdf --> K5FR.com /public_html/ddutilwiki/images Cables.pdf
2008.04.24 16:24 B C:\Documents and Settings\Owner\Desktop\Repos_DDUtil\bin\Release\Cables.pdf --> K5FR.com /public_html/images Cables.pdf
2008.05.06 09:45 B C:\Documents and Settings\Owner\Desktop\Repos_DDUtil\bin\Release\DDUtilFlow.pdf --> K5FR.com /public_html/ddutilwiki/images DDUtilFlow.pdf
2008.05.06 11:25 B C:\Documents and Settings\Owner\Desktop\Repos_DDUtil\bin\Release\DDUtilFlow.pdf --> K5FR.com /public_html/ddutilwiki/images DDUtilFlow.pdf
2008.05.07 14:33 B C:\Documents and Settings\Owner\Desktop\Repos_DDUtil\bin\Release\DDUtilFlow.pdf --> K5FR.com /public_html/ddutilwiki/images DDUtilFlow.pdf
2008.05.07 16:53 B C:\Documents and Settings\Owner\Desktop\Repos_DDUtil\bin\Release\ShrinkMenu.JPG --> K5FR.com /public_html/ddutilwiki/images ShrinkMenu.JPG
2008.05.07 18:52 B C:\Documents and Settings\Owner\Desktop\Repos_DDUtil\bin\Release\Cables.pdf --> K5FR.com /public_html/ddutilwiki/images Cables.pdf
2008.05.07 18:53 B C:\Documents and Settings\Owner\Desktop\Repos_DDUtil\bin\Release\Cables.pdf --> K5FR.com /public_html/ddutilwiki/images Cables.pdf
2008.05.15 11:52 B C:\Documents and Settings\Owner\Desktop\Repos_DDUtil\bin\Release\DDUtilFlow.pdf --> K5FR.com /public_html/ddutilwiki/images DDUtilFlow.pdf
