Flow report for Metis
Mon Dec 03 19:12:06 2012
Quartus II 32-bit Version 11.1 Build 259 01/25/2012 Service Pack 2 SJ Web Edition


---------------------
; Table of Contents ;
---------------------
  1. Legal Notice
  2. Flow Summary
  3. Flow Settings
  4. Flow Non-Default Global Settings
  5. Flow Elapsed Time
  6. Flow OS Summary
  7. Flow Log



----------------
; Legal Notice ;
----------------
Copyright (C) 1991-2011 Altera Corporation
Your use of Altera Corporation's design tools, logic functions 
and other software and tools, and its AMPP partner logic 
functions, and any output files from any of the foregoing 
(including device programming or simulation files), and any 
associated documentation or information are expressly subject 
to the terms and conditions of the Altera Program License 
Subscription Agreement, Altera MegaCore Function License 
Agreement, or other applicable license agreement, including, 
without limitation, that your use is for the sole purpose of 
programming logic devices manufactured by Altera and sold by 
Altera or its authorized distributors.  Please refer to the 
applicable agreement for further details.



+------------------------------------------------------------------------------------+
; Flow Summary                                                                       ;
+------------------------------------+-----------------------------------------------+
; Flow Status                        ; Successful - Mon Dec 03 19:11:39 2012         ;
; Quartus II 32-bit Version          ; 11.1 Build 259 01/25/2012 SP 2 SJ Web Edition ;
; Revision Name                      ; Metis                                         ;
; Top-level Entity Name              ; Metis                                         ;
; Family                             ; Cyclone III                                   ;
; Device                             ; EP3C40Q240C8                                  ;
; Timing Models                      ; Final                                         ;
; Total logic elements               ; 13,541 / 39,600 ( 34 % )                      ;
;     Total combinational functions  ; 11,601 / 39,600 ( 29 % )                      ;
;     Dedicated logic registers      ; 6,719 / 39,600 ( 17 % )                       ;
; Total registers                    ; 6719                                          ;
; Total pins                         ; 72 / 129 ( 56 % )                             ;
; Total virtual pins                 ; 0                                             ;
; Total memory bits                  ; 290,816 / 1,161,216 ( 25 % )                  ;
; Embedded Multiplier 9-bit elements ; 8 / 252 ( 3 % )                               ;
; Total PLLs                         ; 1 / 4 ( 25 % )                                ;
+------------------------------------+-----------------------------------------------+


+-----------------------------------------+
; Flow Settings                           ;
+-------------------+---------------------+
; Option            ; Setting             ;
+-------------------+---------------------+
; Start date & time ; 12/03/2012 19:07:21 ;
; Main task         ; Compilation         ;
; Revision Name     ; Metis               ;
+-------------------+---------------------+


+-------------------------------------------------------------------------------------------------------------------------------+
; Flow Non-Default Global Settings                                                                                              ;
+-------------------------------------+------------------------------------------+---------------+-------------+----------------+
; Assignment Name                     ; Value                                    ; Default Value ; Entity Name ; Section Id     ;
+-------------------------------------+------------------------------------------+---------------+-------------+----------------+
; ALLOW_POWER_UP_DONT_CARE            ; Off                                      ; On            ; --          ; --             ;
; COMPILER_SIGNATURE_ID               ; 694449418451.135453284104976             ; --            ; --          ; --             ;
; FMAX_REQUIREMENT                    ; 25 MHz                                   ; --            ; --          ; --             ;
; IP_TOOL_NAME                        ; FIFO                                     ; --            ; --          ; --             ;
; IP_TOOL_NAME                        ; FIFO                                     ; --            ; --          ; --             ;
; IP_TOOL_VERSION                     ; 9.1                                      ; --            ; --          ; --             ;
; IP_TOOL_VERSION                     ; 9.1                                      ; --            ; --          ; --             ;
; MAX_CORE_JUNCTION_TEMP              ; 85                                       ; --            ; --          ; --             ;
; MIN_CORE_JUNCTION_TEMP              ; 0                                        ; --            ; --          ; --             ;
; MISC_FILE                           ; Metis.dpf                                ; --            ; --          ; --             ;
; MISC_FILE                           ; EPCS_fifo.bsf                            ; --            ; --          ; --             ;
; MISC_FILE                           ; SP_fifo.bsf                              ; --            ; --          ; --             ;
; NOMINAL_CORE_SUPPLY_VOLTAGE         ; 1.2V                                     ; --            ; --          ; --             ;
; PARTITION_COLOR                     ; 16764057                                 ; --            ; --          ; Top            ;
; PARTITION_COLOR                     ; 16764057                                 ; --            ; OzyII       ; Top            ;
; PARTITION_FITTER_PRESERVATION_LEVEL ; PLACEMENT_AND_ROUTING                    ; --            ; --          ; Top            ;
; PARTITION_NETLIST_TYPE              ; SOURCE                                   ; --            ; --          ; Top            ;
; PARTITION_NETLIST_TYPE              ; SOURCE                                   ; --            ; OzyII       ; Top            ;
; SEARCH_PATH                         ; C:\HPSDR\trunk\WIP\OzyII\Verilog\common/ ; --            ; --          ; --             ;
; SEARCH_PATH                         ; common/                                  ; --            ; --          ; --             ;
; USE_GENERATED_PHYSICAL_CONSTRAINTS  ; Off                                      ; --            ; --          ; eda_blast_fpga ;
; VERILOG_INPUT_VERSION               ; SystemVerilog_2005                       ; Verilog_2001  ; --          ; --             ;
; VERILOG_SHOW_LMF_MAPPING_MESSAGES   ; Off                                      ; --            ; --          ; --             ;
+-------------------------------------+------------------------------------------+---------------+-------------+----------------+


+-------------------------------------------------------------------------------------------------------------------------------+
; Flow Elapsed Time                                                                                                             ;
+---------------------------+--------------+-------------------------+---------------------+------------------------------------+
; Module Name               ; Elapsed Time ; Average Processors Used ; Peak Virtual Memory ; Total CPU Time (on all processors) ;
+---------------------------+--------------+-------------------------+---------------------+------------------------------------+
; Analysis & Synthesis      ; 00:02:00     ; 1.0                     ; 367 MB              ; 00:01:56                           ;
; Fitter                    ; 00:01:56     ; 1.0                     ; 520 MB              ; 00:01:54                           ;
; Assembler                 ; 00:00:06     ; 1.0                     ; 367 MB              ; 00:00:05                           ;
; TimeQuest Timing Analyzer ; 00:00:33     ; 1.0                     ; 398 MB              ; 00:00:33                           ;
; Total                     ; 00:04:35     ; --                      ; --                  ; 00:04:28                           ;
+---------------------------+--------------+-------------------------+---------------------+------------------------------------+


+----------------------------------------------------------------------------------------+
; Flow OS Summary                                                                        ;
+---------------------------+------------------+-----------+------------+----------------+
; Module Name               ; Machine Hostname ; OS Name   ; OS Version ; Processor type ;
+---------------------------+------------------+-----------+------------+----------------+
; Analysis & Synthesis      ; Shack_PC         ; Windows 7 ; 6.1        ; x86_64         ;
; Fitter                    ; Shack_PC         ; Windows 7 ; 6.1        ; x86_64         ;
; Assembler                 ; Shack_PC         ; Windows 7 ; 6.1        ; x86_64         ;
; TimeQuest Timing Analyzer ; Shack_PC         ; Windows 7 ; 6.1        ; x86_64         ;
+---------------------------+------------------+-----------+------------+----------------+


------------
; Flow Log ;
------------
quartus_map --read_settings_files=on --write_settings_files=off Metis -c Metis
quartus_fit --read_settings_files=off --write_settings_files=off Metis -c Metis
quartus_asm --read_settings_files=off --write_settings_files=off Metis -c Metis
quartus_sta Metis -c Metis



