Analysis & Synthesis report for init_load
Fri Dec 29 13:46:36 2006
Quartus II Version 6.1 Build 201 11/27/2006 SJ Web Edition


---------------------
; Table of Contents ;
---------------------
  1. Legal Notice
  2. Analysis & Synthesis Summary
  3. Analysis & Synthesis Settings
  4. Analysis & Synthesis Source Files Read
  5. Analysis & Synthesis Resource Usage Summary
  6. Analysis & Synthesis Resource Utilization by Entity
  7. Registers Removed During Synthesis
  8. General Register Statistics
  9. Multiplexer Restructuring Statistics (Restructuring Performed)
 10. Analysis & Synthesis Messages



----------------
; Legal Notice ;
----------------
Copyright (C) 1991-2006 Altera Corporation
Your use of Altera Corporation's design tools, logic functions 
and other software and tools, and its AMPP partner logic 
functions, and any output files from any of the foregoing 
(including device programming or simulation files), and any 
associated documentation or information are expressly subject 
to the terms and conditions of the Altera Program License 
Subscription Agreement, Altera MegaCore Function License 
Agreement, or other applicable license agreement, including, 
without limitation, that your use is for the sole purpose of 
programming logic devices manufactured by Altera and sold by 
Altera or its authorized distributors.  Please refer to the 
applicable agreement for further details.



+-----------------------------------------------------------------------+
; Analysis & Synthesis Summary                                          ;
+-----------------------------+-----------------------------------------+
; Analysis & Synthesis Status ; Successful - Fri Dec 29 13:46:36 2006   ;
; Quartus II Version          ; 6.1 Build 201 11/27/2006 SJ Web Edition ;
; Revision Name               ; init_load                               ;
; Top-level Entity Name       ; init_load                               ;
; Family                      ; MAX II                                  ;
; Total logic elements        ; 122                                     ;
; Total pins                  ; 80                                      ;
; Total virtual pins          ; 0                                       ;
; UFM blocks                  ; 0                                       ;
+-----------------------------+-----------------------------------------+


+--------------------------------------------------------------------------------------------------------------+
; Analysis & Synthesis Settings                                                                                ;
+--------------------------------------------------------------------+--------------------+--------------------+
; Option                                                             ; Setting            ; Default Value      ;
+--------------------------------------------------------------------+--------------------+--------------------+
; Device                                                             ; EPM240T100C5       ;                    ;
; Top-level entity name                                              ; init_load          ; init_load          ;
; Family name                                                        ; MAX II             ; Stratix            ;
; Optimization Technique -- MAX II                                   ; Area               ; Balanced           ;
; Use smart compilation                                              ; On                 ; Off                ;
; Restructure Multiplexers                                           ; Auto               ; Auto               ;
; Create Debugging Nodes for IP Cores                                ; Off                ; Off                ;
; Preserve fewer node names                                          ; On                 ; On                 ;
; Disable OpenCore Plus hardware evaluation                          ; Off                ; Off                ;
; Verilog Version                                                    ; Verilog_2001       ; Verilog_2001       ;
; VHDL Version                                                       ; VHDL93             ; VHDL93             ;
; State Machine Processing                                           ; Auto               ; Auto               ;
; Safe State Machine                                                 ; Off                ; Off                ;
; Extract Verilog State Machines                                     ; On                 ; On                 ;
; Extract VHDL State Machines                                        ; On                 ; On                 ;
; Ignore Verilog initial constructs                                  ; Off                ; Off                ;
; Add Pass-Through Logic to Inferred RAMs                            ; On                 ; On                 ;
; NOT Gate Push-Back                                                 ; On                 ; On                 ;
; Power-Up Don't Care                                                ; On                 ; On                 ;
; Remove Redundant Logic Cells                                       ; Off                ; Off                ;
; Remove Duplicate Registers                                         ; On                 ; On                 ;
; Ignore CARRY Buffers                                               ; Off                ; Off                ;
; Ignore CASCADE Buffers                                             ; Off                ; Off                ;
; Ignore GLOBAL Buffers                                              ; Off                ; Off                ;
; Ignore ROW GLOBAL Buffers                                          ; Off                ; Off                ;
; Ignore LCELL Buffers                                               ; Off                ; Off                ;
; Ignore SOFT Buffers                                                ; On                 ; On                 ;
; Limit AHDL Integers to 32 Bits                                     ; Off                ; Off                ;
; Carry Chain Length -- Stratix/Stratix GX/Cyclone/MAX II/Cyclone II ; 70                 ; 70                 ;
; Auto Carry Chains                                                  ; On                 ; On                 ;
; Auto Open-Drain Pins                                               ; On                 ; On                 ;
; Perform WYSIWYG Primitive Resynthesis                              ; Off                ; Off                ;
; Perform gate-level register retiming                               ; Off                ; Off                ;
; Allow register retiming to trade off Tsu/Tco with Fmax             ; On                 ; On                 ;
; Auto Shift Register Replacement                                    ; On                 ; On                 ;
; Auto Clock Enable Replacement                                      ; On                 ; On                 ;
; Allow Synchronous Control Signals                                  ; On                 ; On                 ;
; Force Use of Synchronous Clear Signals                             ; Off                ; Off                ;
; Auto RAM Block Balancing                                           ; On                 ; On                 ;
; Auto Resource Sharing                                              ; Off                ; Off                ;
; Ignore translate_off and synthesis_off directives                  ; Off                ; Off                ;
; Show Parameter Settings Tables in Synthesis Report                 ; On                 ; On                 ;
; Ignore Maximum Fan-Out Assignments                                 ; Off                ; Off                ;
; Retiming Meta-Stability Register Sequence Length                   ; 2                  ; 2                  ;
; PowerPlay Power Optimization                                       ; Normal compilation ; Normal compilation ;
; HDL message level                                                  ; Level2             ; Level2             ;
; Suppress Register Optimization Related Messages                    ; Off                ; Off                ;
; Number of Removed Registers Reported in Synthesis Report           ; 100                ; 100                ;
+--------------------------------------------------------------------+--------------------+--------------------+


+------------------------------------------------------------------------------------------------------------------------------------------------------+
; Analysis & Synthesis Source Files Read                                                                                                               ;
+----------------------------------+-----------------+------------------------+------------------------------------------------------------------------+
; File Name with User-Entered Path ; Used in Netlist ; File Type              ; File Name with Absolute Path                                           ;
+----------------------------------+-----------------+------------------------+------------------------------------------------------------------------+
; init_load.v                      ; yes             ; User Verilog HDL File  ; C:/Data/QS/QuickSilver/trunk/QS1R_AB_QUARTUS/QS1R_AB_MAXII/init_load.v ;
+----------------------------------+-----------------+------------------------+------------------------------------------------------------------------+


+------------------------------------------------------+
; Analysis & Synthesis Resource Usage Summary          ;
+---------------------------------------------+--------+
; Resource                                    ; Usage  ;
+---------------------------------------------+--------+
; Total logic elements                        ; 122    ;
;     -- Combinational with no register       ; 57     ;
;     -- Register only                        ; 41     ;
;     -- Combinational with a register        ; 24     ;
;                                             ;        ;
; Logic element usage by number of LUT inputs ;        ;
;     -- 4 input functions                    ; 34     ;
;     -- 3 input functions                    ; 22     ;
;     -- 2 input functions                    ; 23     ;
;     -- 1 input functions                    ; 2      ;
;     -- 0 input functions                    ; 0      ;
;                                             ;        ;
; Logic elements by mode                      ;        ;
;     -- normal mode                          ; 115    ;
;     -- arithmetic mode                      ; 7      ;
;     -- qfbk mode                            ; 0      ;
;     -- register cascade mode                ; 0      ;
;     -- synchronous clear/load mode          ; 13     ;
;     -- asynchronous clear/load mode         ; 0      ;
;                                             ;        ;
; Total registers                             ; 65     ;
; Total logic cells in carry chains           ; 8      ;
; I/O pins                                    ; 80     ;
; Maximum fan-out node                        ; FX2CLK ;
; Maximum fan-out                             ; 65     ;
; Total fan-out                               ; 487    ;
; Average fan-out                             ; 2.41   ;
+---------------------------------------------+--------+


+-------------------------------------------------------------------------------------------------------------------------------------------------------------------------------------------------------+
; Analysis & Synthesis Resource Utilization by Entity                                                                                                                                                   ;
+----------------------------+-------------+--------------+------------+------+--------------+--------------+-------------------+------------------+-----------------+------------+---------------------+
; Compilation Hierarchy Node ; Logic Cells ; LC Registers ; UFM Blocks ; Pins ; Virtual Pins ; LUT-Only LCs ; Register-Only LCs ; LUT/Register LCs ; Carry Chain LCs ; Packed LCs ; Full Hierarchy Name ;
+----------------------------+-------------+--------------+------------+------+--------------+--------------+-------------------+------------------+-----------------+------------+---------------------+
; |init_load                 ; 122 (122)   ; 65           ; 0          ; 80   ; 0            ; 57 (57)      ; 41 (41)           ; 24 (24)          ; 8 (8)           ; 0 (0)      ; |init_load          ;
+----------------------------+-------------+--------------+------------+------+--------------+--------------+-------------------+------------------+-----------------+------------+---------------------+
Note: For table entries with two numbers listed, the numbers in parentheses indicate the number of resources of the given type used by the specific entity alone. The numbers listed outside of parentheses indicate the total resources of the given type used by the specific entity and all of its sub-entities in the hierarchy.


+----------------------------------------------------------------+
; Registers Removed During Synthesis                             ;
+---------------------------------------+------------------------+
; Register name                         ; Reason for Removal     ;
+---------------------------------------+------------------------+
; CPLD_RESET_OUT~reg0                   ; Merged with CPLD_reset ;
; Total Number of Removed Registers = 1 ;                        ;
+---------------------------------------+------------------------+


+------------------------------------------------------+
; General Register Statistics                          ;
+----------------------------------------------+-------+
; Statistic                                    ; Value ;
+----------------------------------------------+-------+
; Total registers                              ; 65    ;
; Number of registers using Synchronous Clear  ; 0     ;
; Number of registers using Synchronous Load   ; 13    ;
; Number of registers using Asynchronous Clear ; 0     ;
; Number of registers using Asynchronous Load  ; 0     ;
; Number of registers using Clock Enable       ; 54    ;
; Number of registers using Preset             ; 0     ;
+----------------------------------------------+-------+


+-----------------------------------------------------------------------------------------------------------------------------------------------+
; Multiplexer Restructuring Statistics (Restructuring Performed)                                                                                ;
+--------------------+-----------+---------------+----------------------+------------------------+------------+---------------------------------+
; Multiplexer Inputs ; Bus Width ; Baseline Area ; Area if Restructured ; Saving if Restructured ; Registered ; Example Multiplexer Output      ;
+--------------------+-----------+---------------+----------------------+------------------------+------------+---------------------------------+
; 4:1                ; 3 bits    ; 6 LEs         ; 3 LEs                ; 3 LEs                  ; Yes        ; |init_load|RFFE_CNTRL_REG[0]    ;
; 4:1                ; 5 bits    ; 10 LEs        ; 5 LEs                ; 5 LEs                  ; Yes        ; |init_load|RFFE_CNTRL_REG[4]    ;
; 4:1                ; 8 bits    ; 16 LEs        ; 8 LEs                ; 8 LEs                  ; Yes        ; |init_load|ATTN_REG[1]          ;
; 4:1                ; 7 bits    ; 14 LEs        ; 7 LEs                ; 7 LEs                  ; Yes        ; |init_load|DEBUG_LED_REG[4]     ;
; 4:1                ; 7 bits    ; 14 LEs        ; 7 LEs                ; 7 LEs                  ; Yes        ; |init_load|LTC2208_CNTRL_REG[4] ;
; 4:1                ; 2 bits    ; 4 LEs         ; 2 LEs                ; 2 LEs                  ; Yes        ; |init_load|DDC_CNTRL_REG[0]     ;
; 4:1                ; 6 bits    ; 12 LEs        ; 6 LEs                ; 6 LEs                  ; Yes        ; |init_load|DDC_CNTRL_REG[5]     ;
; 4:1                ; 4 bits    ; 8 LEs         ; 8 LEs                ; 0 LEs                  ; Yes        ; |init_load|CPLD_GPIO_REG[4]     ;
; 4:1                ; 4 bits    ; 8 LEs         ; 8 LEs                ; 0 LEs                  ; Yes        ; |init_load|CPLD_GPIO_REG[0]     ;
; 70:1               ; 8 bits    ; 368 LEs       ; 32 LEs               ; 336 LEs                ; Yes        ; |init_load|data[7]              ;
+--------------------+-----------+---------------+----------------------+------------------------+------------+---------------------------------+


+-------------------------------+
; Analysis & Synthesis Messages ;
+-------------------------------+
Info: *******************************************************************
Info: Running Quartus II Analysis & Synthesis
    Info: Version 6.1 Build 201 11/27/2006 SJ Web Edition
    Info: Processing started: Fri Dec 29 13:46:34 2006
Info: Command: quartus_map --read_settings_files=on --write_settings_files=off init_load -c init_load
Info: Found 1 design units, including 1 entities, in source file init_load.v
    Info: Found entity 1: init_load
Info: Elaborating entity "init_load" for the top level hierarchy
Info: Duplicate registers merged to single register
    Info: Duplicate register "CPLD_RESET_OUT~reg0" merged to single register "CPLD_reset"
Warning: Replaced VCC or GND feeding tri-state bus CS_FPGA_M_N~0 with an always-enabled tri-state buffer
Warning: TRI or OPNDRN buffers permanently enabled
    Warning: Node "CS_FPGA_M_N~1"
Warning: Output pins are stuck at VCC or GND
    Warning: Pin "FX2_INT4" stuck at GND
Warning: Design contains 10 input pin(s) that do not drive logic
    Warning: No output dependent on input pin "CLKA"
    Warning: No output dependent on input pin "DDC0_CLK"
    Warning: No output dependent on input pin "DDC1_CLK"
    Warning: No output dependent on input pin "FX2_SDA"
    Warning: No output dependent on input pin "FX2_SCL"
    Warning: No output dependent on input pin "FPGA_INIT_DONE"
    Warning: No output dependent on input pin "CS_CPLD_N"
    Warning: No output dependent on input pin "FX2_SDI"
    Warning: No output dependent on input pin "FX2_SDO"
    Warning: No output dependent on input pin "FX2_SCLK"
Info: Implemented 202 device resources after synthesis - the final resource count might be different
    Info: Implemented 26 input pins
    Info: Implemented 38 output pins
    Info: Implemented 16 bidirectional pins
    Info: Implemented 122 logic cells
Info: Quartus II Analysis & Synthesis was successful. 0 errors, 16 warnings
    Info: Allocated 123 megabytes of memory during processing
    Info: Processing ended: Fri Dec 29 13:46:36 2006
    Info: Elapsed time: 00:00:02


