Fitter report for init_load
Fri Dec 29 13:46:40 2006
Quartus II Version 6.1 Build 201 11/27/2006 SJ Web Edition


---------------------
; Table of Contents ;
---------------------
  1. Legal Notice
  2. Fitter Summary
  3. Fitter Settings
  4. Pin-Out File
  5. Fitter Resource Usage Summary
  6. Input Pins
  7. Output Pins
  8. Bidir Pins
  9. I/O Bank Usage
 10. All Package Pins
 11. Output Pin Default Load For Reported TCO
 12. Fitter Resource Utilization by Entity
 13. Delay Chain Summary
 14. Control Signals
 15. Global & Other Fast Signals
 16. Non-Global High Fan-Out Signals
 17. Interconnect Usage Summary
 18. LAB Logic Elements
 19. LAB-wide Signals
 20. LAB Signals Sourced
 21. LAB Signals Sourced Out
 22. LAB Distinct Inputs
 23. Fitter Device Options
 24. Advanced Data - General
 25. Advanced Data - Placement Preparation
 26. Advanced Data - Placement
 27. Advanced Data - Routing
 28. Fitter Messages



----------------
; Legal Notice ;
----------------
Copyright (C) 1991-2006 Altera Corporation
Your use of Altera Corporation's design tools, logic functions 
and other software and tools, and its AMPP partner logic 
functions, and any output files from any of the foregoing 
(including device programming or simulation files), and any 
associated documentation or information are expressly subject 
to the terms and conditions of the Altera Program License 
Subscription Agreement, Altera MegaCore Function License 
Agreement, or other applicable license agreement, including, 
without limitation, that your use is for the sole purpose of 
programming logic devices manufactured by Altera and sold by 
Altera or its authorized distributors.  Please refer to the 
applicable agreement for further details.



+-----------------------------------------------------------------+
; Fitter Summary                                                  ;
+-----------------------+-----------------------------------------+
; Fitter Status         ; Successful - Fri Dec 29 13:46:40 2006   ;
; Quartus II Version    ; 6.1 Build 201 11/27/2006 SJ Web Edition ;
; Revision Name         ; init_load                               ;
; Top-level Entity Name ; init_load                               ;
; Family                ; MAX II                                  ;
; Device                ; EPM240T100C5                            ;
; Timing Models         ; Final                                   ;
; Total logic elements  ; 94 / 240 ( 39 % )                       ;
; Total pins            ; 80 / 80 ( 100 % )                       ;
; Total virtual pins    ; 0                                       ;
; UFM blocks            ; 0 / 1 ( 0 % )                           ;
+-----------------------+-----------------------------------------+


+--------------------------------------------------------------------------------------------------------------------------+
; Fitter Settings                                                                                                          ;
+--------------------------------------------------------+--------------------------------+--------------------------------+
; Option                                                 ; Setting                        ; Default Value                  ;
+--------------------------------------------------------+--------------------------------+--------------------------------+
; Device                                                 ; EPM240T100C5                   ;                                ;
; Fit Attempts to Skip                                   ; 0                              ; 0.0                            ;
; Use smart compilation                                  ; On                             ; Off                            ;
; Always Enable Input Buffers                            ; Off                            ; Off                            ;
; Router Timing Optimization Level                       ; Normal                         ; Normal                         ;
; Placement Effort Multiplier                            ; 1.0                            ; 1.0                            ;
; Router Effort Multiplier                               ; 1.0                            ; 1.0                            ;
; Optimize Hold Timing                                   ; IO Paths and Minimum TPD Paths ; IO Paths and Minimum TPD Paths ;
; Optimize Fast-Corner Timing                            ; Off                            ; Off                            ;
; Guarantee I/O Paths Have Zero Hold Time at Fast Corner ; On                             ; On                             ;
; PowerPlay Power Optimization                           ; Normal compilation             ; Normal compilation             ;
; Optimize Timing                                        ; Normal compilation             ; Normal compilation             ;
; Optimize IOC Register Placement for Timing             ; On                             ; On                             ;
; Limit to One Fitting Attempt                           ; Off                            ; Off                            ;
; Final Placement Optimizations                          ; Automatically                  ; Automatically                  ;
; Fitter Aggressive Routability Optimizations            ; Automatically                  ; Automatically                  ;
; Fitter Initial Placement Seed                          ; 1                              ; 1                              ;
; Slow Slew Rate                                         ; Off                            ; Off                            ;
; PCI I/O                                                ; Off                            ; Off                            ;
; Weak Pull-Up Resistor                                  ; Off                            ; Off                            ;
; Enable Bus-Hold Circuitry                              ; Off                            ; Off                            ;
; Auto Delay Chains                                      ; On                             ; On                             ;
; Perform Physical Synthesis for Combinational Logic     ; Off                            ; Off                            ;
; Perform Register Duplication                           ; Off                            ; Off                            ;
; Perform Register Retiming                              ; Off                            ; Off                            ;
; Perform Asynchronous Signal Pipelining                 ; Off                            ; Off                            ;
; Fitter Effort                                          ; Auto Fit                       ; Auto Fit                       ;
; Physical Synthesis Effort Level                        ; Normal                         ; Normal                         ;
; Logic Cell Insertion - Logic Duplication               ; Auto                           ; Auto                           ;
; Auto Register Duplication                              ; Auto                           ; Auto                           ;
; Auto Global Clock                                      ; On                             ; On                             ;
; Auto Global Register Control Signals                   ; On                             ; On                             ;
; Stop After Congestion Map Generation                   ; Off                            ; Off                            ;
+--------------------------------------------------------+--------------------------------+--------------------------------+


+--------------+
; Pin-Out File ;
+--------------+
The pin-out file can be found in C:/Data/QS/QuickSilver/trunk/QS1R_AB_QUARTUS/QS1R_AB_MAXII/init_load.pin.


+-----------------------------------------------------------------+
; Fitter Resource Usage Summary                                   ;
+---------------------------------------------+-------------------+
; Resource                                    ; Usage             ;
+---------------------------------------------+-------------------+
; Total logic elements                        ; 94 / 240 ( 39 % ) ;
;     -- Combinational with no register       ; 29                ;
;     -- Register only                        ; 13                ;
;     -- Combinational with a register        ; 52                ;
;                                             ;                   ;
; Logic element usage by number of LUT inputs ;                   ;
;     -- 4 input functions                    ; 34                ;
;     -- 3 input functions                    ; 22                ;
;     -- 2 input functions                    ; 23                ;
;     -- 1 input functions                    ; 5                 ;
;     -- 0 input functions                    ; 10                ;
;                                             ;                   ;
; Logic elements by mode                      ;                   ;
;     -- normal mode                          ; 87                ;
;     -- arithmetic mode                      ; 7                 ;
;     -- qfbk mode                            ; 18                ;
;     -- register cascade mode                ; 0                 ;
;     -- synchronous clear/load mode          ; 41                ;
;     -- asynchronous clear/load mode         ; 0                 ;
;                                             ;                   ;
; Total registers                             ; 65 / 240 ( 27 % ) ;
; Total LABs                                  ; 13 / 24 ( 54 % )  ;
; Logic elements in carry chains              ; 8                 ;
; User inserted logic elements                ; 0                 ;
; Virtual pins                                ; 0                 ;
; I/O pins                                    ; 80 / 80 ( 100 % ) ;
;     -- Clock pins                           ; 4                 ;
; Global signals                              ; 1                 ;
; UFM blocks                                  ; 0 / 1 ( 0 % )     ;
; Global clocks                               ; 1 / 4 ( 25 % )    ;
; Average interconnect usage                  ; 21%               ;
; Peak interconnect usage                     ; 21%               ;
; Maximum fan-out node                        ; FX2CLK            ;
; Maximum fan-out                             ; 65                ;
; Highest non-global fan-out signal           ; CPLD_reset        ;
; Highest non-global fan-out                  ; 25                ;
; Total fan-out                               ; 455               ;
; Average fan-out                             ; 2.61              ;
+---------------------------------------------+-------------------+


+-----------------------------------------------------------------------------------------------------------------------------------------------------------------------------------------------------------------------+
; Input Pins                                                                                                                                                                                                            ;
+----------------+-------+----------+--------------+--------------+-------------+-----------------------+--------------------+--------+-----------------+----------+--------------+--------------+----------------------+
; Name           ; Pin # ; I/O Bank ; X coordinate ; Y coordinate ; Cell number ; Combinational Fan-Out ; Registered Fan-Out ; Global ; PCI I/O Enabled ; Bus Hold ; Weak Pull Up ; I/O Standard ; Location assigned by ;
+----------------+-------+----------+--------------+--------------+-------------+-----------------------+--------------------+--------+-----------------+----------+--------------+--------------+----------------------+
; A13            ; 91    ; 2        ; 4            ; 5            ; 2           ; 1                     ; 0                  ; no     ; no              ; no       ; Off          ; 3.3-V LVTTL  ; User                 ;
; A[0]           ; 78    ; 2        ; 7            ; 5            ; 3           ; 20                    ; 0                  ; no     ; no              ; no       ; Off          ; 3.3-V LVTTL  ; User                 ;
; A[10]          ; 90    ; 2        ; 4            ; 5            ; 1           ; 1                     ; 0                  ; no     ; no              ; no       ; Off          ; 3.3-V LVTTL  ; User                 ;
; A[1]           ; 81    ; 2        ; 6            ; 5            ; 0           ; 9                     ; 0                  ; no     ; no              ; no       ; Off          ; 3.3-V LVTTL  ; User                 ;
; A[2]           ; 82    ; 2        ; 6            ; 5            ; 1           ; 21                    ; 0                  ; no     ; no              ; no       ; Off          ; 3.3-V LVTTL  ; User                 ;
; A[3]           ; 83    ; 2        ; 6            ; 5            ; 2           ; 2                     ; 0                  ; no     ; no              ; no       ; Off          ; 3.3-V LVTTL  ; User                 ;
; A[4]           ; 84    ; 2        ; 6            ; 5            ; 3           ; 3                     ; 0                  ; no     ; no              ; no       ; Off          ; 3.3-V LVTTL  ; User                 ;
; A[5]           ; 85    ; 2        ; 5            ; 5            ; 0           ; 2                     ; 0                  ; no     ; no              ; no       ; Off          ; 3.3-V LVTTL  ; User                 ;
; A[6]           ; 86    ; 2        ; 5            ; 5            ; 1           ; 1                     ; 0                  ; no     ; no              ; no       ; Off          ; 3.3-V LVTTL  ; User                 ;
; A[7]           ; 87    ; 2        ; 5            ; 5            ; 2           ; 1                     ; 0                  ; no     ; no              ; no       ; Off          ; 3.3-V LVTTL  ; User                 ;
; A[8]           ; 88    ; 2        ; 5            ; 5            ; 3           ; 1                     ; 0                  ; no     ; no              ; no       ; Off          ; 3.3-V LVTTL  ; User                 ;
; A[9]           ; 89    ; 2        ; 4            ; 5            ; 0           ; 1                     ; 0                  ; no     ; no              ; no       ; Off          ; 3.3-V LVTTL  ; User                 ;
; CLKA           ; 14    ; 1        ; 1            ; 2            ; 0           ; 0                     ; 0                  ; no     ; no              ; no       ; Off          ; 3.3-V LVTTL  ; User                 ;
; CS_CPLD_N      ; 72    ; 2        ; 8            ; 4            ; 2           ; 0                     ; 0                  ; no     ; no              ; no       ; Off          ; 3.3-V LVTTL  ; User                 ;
; DDC0_CLK       ; 64    ; 2        ; 8            ; 3            ; 4           ; 0                     ; 0                  ; no     ; no              ; no       ; Off          ; 3.3-V LVTTL  ; User                 ;
; DDC1_CLK       ; 62    ; 2        ; 8            ; 2            ; 0           ; 0                     ; 0                  ; no     ; no              ; no       ; Off          ; 3.3-V LVTTL  ; User                 ;
; FPGA_INIT_DONE ; 53    ; 2        ; 8            ; 1            ; 3           ; 0                     ; 0                  ; no     ; no              ; no       ; Off          ; 3.3-V LVTTL  ; User                 ;
; FX2CLK         ; 12    ; 1        ; 1            ; 3            ; 3           ; 65                    ; 0                  ; yes    ; no              ; no       ; Off          ; 3.3-V LVTTL  ; User                 ;
; FX2_SCL        ; 52    ; 2        ; 8            ; 1            ; 4           ; 0                     ; 0                  ; no     ; no              ; no       ; Off          ; 3.3-V LVTTL  ; User                 ;
; FX2_SCLK       ; 75    ; 2        ; 7            ; 5            ; 0           ; 0                     ; 0                  ; no     ; no              ; no       ; Off          ; 3.3-V LVTTL  ; User                 ;
; FX2_SDA        ; 51    ; 1        ; 7            ; 0            ; 0           ; 0                     ; 0                  ; no     ; no              ; no       ; Off          ; 3.3-V LVTTL  ; User                 ;
; FX2_SDI        ; 73    ; 2        ; 8            ; 4            ; 1           ; 0                     ; 0                  ; no     ; no              ; no       ; Off          ; 3.3-V LVTTL  ; User                 ;
; FX2_SDO        ; 74    ; 2        ; 8            ; 4            ; 0           ; 0                     ; 0                  ; no     ; no              ; no       ; Off          ; 3.3-V LVTTL  ; User                 ;
; OVERFLOW       ; 19    ; 1        ; 1            ; 1            ; 1           ; 1                     ; 0                  ; no     ; no              ; no       ; Off          ; 3.3-V LVTTL  ; User                 ;
; RD_N           ; 76    ; 2        ; 7            ; 5            ; 1           ; 5                     ; 0                  ; no     ; no              ; no       ; Off          ; 3.3-V LVTTL  ; User                 ;
; WR_N           ; 77    ; 2        ; 7            ; 5            ; 2           ; 8                     ; 0                  ; no     ; no              ; no       ; Off          ; 3.3-V LVTTL  ; User                 ;
+----------------+-------+----------+--------------+--------------+-------------+-----------------------+--------------------+--------+-----------------+----------+--------------+--------------+----------------------+


+-------------------------------------------------------------------------------------------------------------------------------------------------------------------------------------------------------------------------------------------------------------------------------------+
; Output Pins                                                                                                                                                                                                                                                                         ;
+----------------+-------+----------+--------------+--------------+-------------+-----------------+----------------+-----------------+------------+---------------+----------+--------------+--------------+------------------+------------------------+----------------------+-------+
; Name           ; Pin # ; I/O Bank ; X coordinate ; Y coordinate ; Cell number ; Output Register ; Slow Slew Rate ; PCI I/O Enabled ; Open Drain ; TRI Primitive ; Bus Hold ; Weak Pull Up ; I/O Standard ; Current Strength ; Fast Output Connection ; Location assigned by ; Load  ;
+----------------+-------+----------+--------------+--------------+-------------+-----------------+----------------+-----------------+------------+---------------+----------+--------------+--------------+------------------+------------------------+----------------------+-------+
; ADC_OVFL_IND   ; 20    ; 1        ; 1            ; 1            ; 2           ; no              ; no             ; no              ; no         ; no            ; no       ; Off          ; 3.3-V LVTTL  ; 16mA             ; no                     ; User                 ; 10 pF ;
; ATTN[0]        ; 34    ; 1        ; 3            ; 0            ; 1           ; no              ; no             ; no              ; no         ; no            ; no       ; Off          ; 3.3-V LVTTL  ; 16mA             ; no                     ; User                 ; 10 pF ;
; ATTN[1]        ; 35    ; 1        ; 3            ; 0            ; 0           ; no              ; no             ; no              ; no         ; no            ; no       ; Off          ; 3.3-V LVTTL  ; 16mA             ; no                     ; User                 ; 10 pF ;
; ATTN[2]        ; 36    ; 1        ; 4            ; 0            ; 2           ; no              ; no             ; no              ; no         ; no            ; no       ; Off          ; 3.3-V LVTTL  ; 16mA             ; no                     ; User                 ; 10 pF ;
; ATTN[3]        ; 37    ; 1        ; 4            ; 0            ; 1           ; no              ; no             ; no              ; no         ; no            ; no       ; Off          ; 3.3-V LVTTL  ; 16mA             ; no                     ; User                 ; 10 pF ;
; ATTN[4]        ; 38    ; 1        ; 4            ; 0            ; 0           ; no              ; no             ; no              ; no         ; no            ; no       ; Off          ; 3.3-V LVTTL  ; 16mA             ; no                     ; User                 ; 10 pF ;
; ATTN[5]        ; 39    ; 1        ; 5            ; 0            ; 3           ; no              ; no             ; no              ; no         ; no            ; no       ; Off          ; 3.3-V LVTTL  ; 16mA             ; no                     ; User                 ; 10 pF ;
; CPLD_RESET_OUT ; 21    ; 1        ; 1            ; 1            ; 3           ; no              ; no             ; no              ; no         ; no            ; no       ; Off          ; 3.3-V LVTTL  ; 16mA             ; no                     ; User                 ; 10 pF ;
; CS_DDC0_N      ; 99    ; 2        ; 2            ; 5            ; 1           ; no              ; no             ; no              ; no         ; no            ; no       ; Off          ; 3.3-V LVTTL  ; 16mA             ; no                     ; User                 ; 10 pF ;
; CS_DDC1_N      ; 100   ; 2        ; 2            ; 5            ; 2           ; no              ; no             ; no              ; no         ; no            ; no       ; Off          ; 3.3-V LVTTL  ; 16mA             ; no                     ; User                 ; 10 pF ;
; DDC0_PAR_SER   ; 55    ; 2        ; 8            ; 1            ; 1           ; no              ; no             ; no              ; no         ; no            ; no       ; Off          ; 3.3-V LVTTL  ; 16mA             ; no                     ; User                 ; 10 pF ;
; DDC0_RESET_N   ; 57    ; 2        ; 8            ; 2            ; 3           ; no              ; no             ; no              ; no         ; no            ; no       ; Off          ; 3.3-V LVTTL  ; 16mA             ; no                     ; User                 ; 10 pF ;
; DDC1_PAR_SER   ; 54    ; 2        ; 8            ; 1            ; 2           ; no              ; no             ; no              ; no         ; no            ; no       ; Off          ; 3.3-V LVTTL  ; 16mA             ; no                     ; User                 ; 10 pF ;
; DDC1_RESET_N   ; 56    ; 2        ; 8            ; 1            ; 0           ; no              ; no             ; no              ; no         ; no            ; no       ; Off          ; 3.3-V LVTTL  ; 16mA             ; no                     ; User                 ; 10 pF ;
; DDC_A[0]       ; 92    ; 2        ; 3            ; 5            ; 0           ; no              ; no             ; no              ; no         ; no            ; no       ; Off          ; 3.3-V LVTTL  ; 16mA             ; no                     ; Fitter               ; 10 pF ;
; DDC_A[1]       ; 95    ; 2        ; 3            ; 5            ; 1           ; no              ; no             ; no              ; no         ; no            ; no       ; Off          ; 3.3-V LVTTL  ; 16mA             ; no                     ; Fitter               ; 10 pF ;
; DDC_A[2]       ; 96    ; 2        ; 3            ; 5            ; 2           ; no              ; no             ; no              ; no         ; no            ; no       ; Off          ; 3.3-V LVTTL  ; 16mA             ; no                     ; Fitter               ; 10 pF ;
; DDC_RD_N       ; 97    ; 2        ; 3            ; 5            ; 3           ; no              ; no             ; no              ; no         ; no            ; no       ; Off          ; 3.3-V LVTTL  ; 16mA             ; no                     ; User                 ; 10 pF ;
; DDC_WR_N       ; 98    ; 2        ; 2            ; 5            ; 0           ; no              ; no             ; no              ; no         ; no            ; no       ; Off          ; 3.3-V LVTTL  ; 16mA             ; no                     ; User                 ; 10 pF ;
; DEBUG_LED[0]   ; 40    ; 1        ; 5            ; 0            ; 2           ; no              ; no             ; no              ; no         ; no            ; no       ; Off          ; 3.3-V LVTTL  ; 16mA             ; no                     ; User                 ; 10 pF ;
; DEBUG_LED[1]   ; 41    ; 1        ; 5            ; 0            ; 1           ; no              ; no             ; no              ; no         ; no            ; no       ; Off          ; 3.3-V LVTTL  ; 16mA             ; no                     ; User                 ; 10 pF ;
; DEBUG_LED[2]   ; 42    ; 1        ; 5            ; 0            ; 0           ; no              ; no             ; no              ; no         ; no            ; no       ; Off          ; 3.3-V LVTTL  ; 16mA             ; no                     ; User                 ; 10 pF ;
; DEBUG_LED[3]   ; 43    ; 1        ; 6            ; 0            ; 3           ; no              ; no             ; no              ; no         ; no            ; no       ; Off          ; 3.3-V LVTTL  ; 16mA             ; no                     ; User                 ; 10 pF ;
; DEBUG_LED[4]   ; 44    ; 1        ; 6            ; 0            ; 2           ; no              ; no             ; no              ; no         ; no            ; no       ; Off          ; 3.3-V LVTTL  ; 16mA             ; no                     ; User                 ; 10 pF ;
; DITH           ; 15    ; 1        ; 1            ; 2            ; 1           ; no              ; no             ; no              ; no         ; no            ; no       ; Off          ; 3.3-V LVTTL  ; 16mA             ; no                     ; User                 ; 10 pF ;
; FX2_INT4       ; 67    ; 2        ; 8            ; 3            ; 2           ; no              ; no             ; no              ; no         ; no            ; no       ; Off          ; 3.3-V LVTTL  ; 16mA             ; no                     ; User                 ; 10 pF ;
; HPF_BYPASS     ; 26    ; 1        ; 2            ; 0            ; 3           ; no              ; no             ; no              ; no         ; no            ; no       ; Off          ; 3.3-V LVTTL  ; 16mA             ; no                     ; User                 ; 10 pF ;
; HPF_BYPASS_N   ; 27    ; 1        ; 2            ; 0            ; 2           ; no              ; no             ; no              ; no         ; no            ; no       ; Off          ; 3.3-V LVTTL  ; 16mA             ; no                     ; User                 ; 10 pF ;
; LPF_BYPASS     ; 28    ; 1        ; 2            ; 0            ; 1           ; no              ; no             ; no              ; no         ; no            ; no       ; Off          ; 3.3-V LVTTL  ; 16mA             ; no                     ; User                 ; 10 pF ;
; LPF_BYPASS_N   ; 29    ; 1        ; 2            ; 0            ; 0           ; no              ; no             ; no              ; no         ; no            ; no       ; Off          ; 3.3-V LVTTL  ; 16mA             ; no                     ; User                 ; 10 pF ;
; PGA            ; 18    ; 1        ; 1            ; 1            ; 0           ; no              ; no             ; no              ; no         ; no            ; no       ; Off          ; 3.3-V LVTTL  ; 16mA             ; no                     ; User                 ; 10 pF ;
; RAND           ; 17    ; 1        ; 1            ; 2            ; 3           ; no              ; no             ; no              ; no         ; no            ; no       ; Off          ; 3.3-V LVTTL  ; 16mA             ; no                     ; User                 ; 10 pF ;
; RFA_BYPASS     ; 30    ; 1        ; 3            ; 0            ; 3           ; no              ; no             ; no              ; no         ; no            ; no       ; Off          ; 3.3-V LVTTL  ; 16mA             ; no                     ; User                 ; 10 pF ;
; RFA_BYPASS_N   ; 33    ; 1        ; 3            ; 0            ; 2           ; no              ; no             ; no              ; no         ; no            ; no       ; Off          ; 3.3-V LVTTL  ; 16mA             ; no                     ; User                 ; 10 pF ;
; SHDN           ; 16    ; 1        ; 1            ; 2            ; 2           ; no              ; no             ; no              ; no         ; no            ; no       ; Off          ; 3.3-V LVTTL  ; 16mA             ; no                     ; User                 ; 10 pF ;
; SYNC_CIC       ; 61    ; 2        ; 8            ; 2            ; 1           ; no              ; no             ; no              ; no         ; no            ; no       ; Off          ; 3.3-V LVTTL  ; 16mA             ; no                     ; User                 ; 10 pF ;
; SYNC_NCO       ; 66    ; 2        ; 8            ; 3            ; 3           ; no              ; no             ; no              ; no         ; no            ; no       ; Off          ; 3.3-V LVTTL  ; 16mA             ; no                     ; User                 ; 10 pF ;
; SYNC_RCF       ; 58    ; 2        ; 8            ; 2            ; 2           ; no              ; no             ; no              ; no         ; no            ; no       ; Off          ; 3.3-V LVTTL  ; 16mA             ; no                     ; User                 ; 10 pF ;
+----------------+-------+----------+--------------+--------------+-------------+-----------------+----------------+-----------------+------------+---------------+----------+--------------+--------------+------------------+------------------------+----------------------+-------+


+-------------------------------------------------------------------------------------------------------------------------------------------------------------------------------------------------------------------------------------------------------------------------------------------------------------------------+
; Bidir Pins                                                                                                                                                                                                                                                                                                              ;
+--------------+-------+----------+--------------+--------------+-------------+-----------------------+--------------------+--------+-----------------+----------------+-----------------+------------+----------+--------------+--------------+------------------+------------------------+----------------------+-------+
; Name         ; Pin # ; I/O Bank ; X coordinate ; Y coordinate ; Cell number ; Combinational Fan-Out ; Registered Fan-Out ; Global ; Output Register ; Slow Slew Rate ; PCI I/O Enabled ; Open Drain ; Bus Hold ; Weak Pull Up ; I/O Standard ; Current Strength ; Fast Output Connection ; Location assigned by ; Load  ;
+--------------+-------+----------+--------------+--------------+-------------+-----------------------+--------------------+--------+-----------------+----------------+-----------------+------------+----------+--------------+--------------+------------------+------------------------+----------------------+-------+
; CPLD_GPIO[0] ; 47    ; 1        ; 6            ; 0            ; 1           ; 1                     ; 0                  ; no     ; no              ; no             ; no              ; no         ; no       ; Off          ; 3.3-V LVTTL  ; 16mA             ; no                     ; User                 ; 10 pF ;
; CPLD_GPIO[1] ; 48    ; 1        ; 6            ; 0            ; 0           ; 1                     ; 0                  ; no     ; no              ; no             ; no              ; no         ; no       ; Off          ; 3.3-V LVTTL  ; 16mA             ; no                     ; User                 ; 10 pF ;
; CPLD_GPIO[2] ; 49    ; 1        ; 7            ; 0            ; 2           ; 1                     ; 0                  ; no     ; no              ; no             ; no              ; no         ; no       ; Off          ; 3.3-V LVTTL  ; 16mA             ; yes                    ; User                 ; 10 pF ;
; CPLD_GPIO[3] ; 50    ; 1        ; 7            ; 0            ; 1           ; 1                     ; 0                  ; no     ; no              ; no             ; no              ; no         ; no       ; Off          ; 3.3-V LVTTL  ; 16mA             ; yes                    ; User                 ; 10 pF ;
; CS_FPGA_M_N  ; 68    ; 2        ; 8            ; 3            ; 1           ; 0                     ; 0                  ; no     ; no              ; no             ; no              ; no         ; no       ; Off          ; 3.3-V LVTTL  ; 16mA             ; no                     ; User                 ; 10 pF ;
; D[0]         ; 1     ; 2        ; 2            ; 5            ; 3           ; 3                     ; 0                  ; no     ; no              ; no             ; no              ; no         ; no       ; Off          ; 3.3-V LVTTL  ; 16mA             ; no                     ; User                 ; 10 pF ;
; D[1]         ; 2     ; 1        ; 1            ; 4            ; 0           ; 3                     ; 0                  ; no     ; no              ; no             ; no              ; no         ; no       ; Off          ; 3.3-V LVTTL  ; 16mA             ; no                     ; User                 ; 10 pF ;
; D[2]         ; 3     ; 1        ; 1            ; 4            ; 1           ; 2                     ; 0                  ; no     ; no              ; no             ; no              ; no         ; no       ; Off          ; 3.3-V LVTTL  ; 16mA             ; no                     ; User                 ; 10 pF ;
; D[3]         ; 4     ; 1        ; 1            ; 4            ; 2           ; 1                     ; 0                  ; no     ; no              ; no             ; no              ; no         ; no       ; Off          ; 3.3-V LVTTL  ; 16mA             ; no                     ; User                 ; 10 pF ;
; D[4]         ; 5     ; 1        ; 1            ; 4            ; 3           ; 2                     ; 0                  ; no     ; no              ; no             ; no              ; no         ; no       ; Off          ; 3.3-V LVTTL  ; 16mA             ; no                     ; User                 ; 10 pF ;
; D[5]         ; 6     ; 1        ; 1            ; 3            ; 0           ; 2                     ; 0                  ; no     ; no              ; no             ; no              ; no         ; no       ; Off          ; 3.3-V LVTTL  ; 16mA             ; no                     ; User                 ; 10 pF ;
; D[6]         ; 7     ; 1        ; 1            ; 3            ; 1           ; 2                     ; 0                  ; no     ; no              ; no             ; no              ; no         ; no       ; Off          ; 3.3-V LVTTL  ; 16mA             ; no                     ; User                 ; 10 pF ;
; D[7]         ; 8     ; 1        ; 1            ; 3            ; 2           ; 2                     ; 0                  ; no     ; no              ; no             ; no              ; no         ; no       ; Off          ; 3.3-V LVTTL  ; 16mA             ; no                     ; User                 ; 10 pF ;
; SCLK_M       ; 71    ; 2        ; 8            ; 4            ; 3           ; 0                     ; 0                  ; no     ; no              ; no             ; no              ; yes        ; no       ; Off          ; 3.3-V LVTTL  ; 16mA             ; no                     ; User                 ; 10 pF ;
; SDI_M        ; 69    ; 2        ; 8            ; 3            ; 0           ; 0                     ; 0                  ; no     ; no              ; no             ; no              ; yes        ; no       ; Off          ; 3.3-V LVTTL  ; 16mA             ; no                     ; User                 ; 10 pF ;
; SDO_M        ; 70    ; 2        ; 8            ; 4            ; 4           ; 0                     ; 0                  ; no     ; no              ; no             ; no              ; yes        ; no       ; Off          ; 3.3-V LVTTL  ; 16mA             ; no                     ; User                 ; 10 pF ;
+--------------+-------+----------+--------------+--------------+-------------+-----------------------+--------------------+--------+-----------------+----------------+-----------------+------------+----------+--------------+--------------+------------------+------------------------+----------------------+-------+


+-------------------------------------------------------------+
; I/O Bank Usage                                              ;
+----------+-------------------+---------------+--------------+
; I/O Bank ; Usage             ; VCCIO Voltage ; VREF Voltage ;
+----------+-------------------+---------------+--------------+
; 1        ; 38 / 38 ( 100 % ) ; 3.3V          ; --           ;
; 2        ; 42 / 42 ( 100 % ) ; 3.3V          ; --           ;
+----------+-------------------+---------------+--------------+


+----------------------------------------------------------------------------------------------------------------------------------------------+
; All Package Pins                                                                                                                             ;
+----------+------------+----------+----------------+--------+--------------+---------+------------+-----------------+----------+--------------+
; Location ; Pad Number ; I/O Bank ; Pin Name/Usage ; Dir.   ; I/O Standard ; Voltage ; I/O Type   ; User Assignment ; Bus Hold ; Weak Pull Up ;
+----------+------------+----------+----------------+--------+--------------+---------+------------+-----------------+----------+--------------+
; 1        ; 83         ; 2        ; D[0]           ; bidir  ; 3.3-V LVTTL  ;         ; Column I/O ; Y               ; no       ; Off          ;
; 2        ; 0          ; 1        ; D[1]           ; bidir  ; 3.3-V LVTTL  ;         ; Row I/O    ; Y               ; no       ; Off          ;
; 3        ; 1          ; 1        ; D[2]           ; bidir  ; 3.3-V LVTTL  ;         ; Row I/O    ; Y               ; no       ; Off          ;
; 4        ; 2          ; 1        ; D[3]           ; bidir  ; 3.3-V LVTTL  ;         ; Row I/O    ; Y               ; no       ; Off          ;
; 5        ; 3          ; 1        ; D[4]           ; bidir  ; 3.3-V LVTTL  ;         ; Row I/O    ; Y               ; no       ; Off          ;
; 6        ; 4          ; 1        ; D[5]           ; bidir  ; 3.3-V LVTTL  ;         ; Row I/O    ; Y               ; no       ; Off          ;
; 7        ; 5          ; 1        ; D[6]           ; bidir  ; 3.3-V LVTTL  ;         ; Row I/O    ; Y               ; no       ; Off          ;
; 8        ; 6          ; 1        ; D[7]           ; bidir  ; 3.3-V LVTTL  ;         ; Row I/O    ; Y               ; no       ; Off          ;
; 9        ;            ; 1        ; VCCIO1         ; power  ;              ; 3.3V    ; --         ;                 ; --       ; --           ;
; 10       ;            ;          ; GNDIO          ; gnd    ;              ;         ; --         ;                 ; --       ; --           ;
; 11       ;            ;          ; GNDINT         ; gnd    ;              ;         ; --         ;                 ; --       ; --           ;
; 12       ; 7          ; 1        ; FX2CLK         ; input  ; 3.3-V LVTTL  ;         ; Row I/O    ; Y               ; no       ; Off          ;
; 13       ;            ;          ; VCCINT         ; power  ;              ; 3.3V    ; --         ;                 ; --       ; --           ;
; 14       ; 8          ; 1        ; CLKA           ; input  ; 3.3-V LVTTL  ;         ; Row I/O    ; Y               ; no       ; Off          ;
; 15       ; 9          ; 1        ; DITH           ; output ; 3.3-V LVTTL  ;         ; Row I/O    ; Y               ; no       ; Off          ;
; 16       ; 10         ; 1        ; SHDN           ; output ; 3.3-V LVTTL  ;         ; Row I/O    ; Y               ; no       ; Off          ;
; 17       ; 11         ; 1        ; RAND           ; output ; 3.3-V LVTTL  ;         ; Row I/O    ; Y               ; no       ; Off          ;
; 18       ; 12         ; 1        ; PGA            ; output ; 3.3-V LVTTL  ;         ; Row I/O    ; Y               ; no       ; Off          ;
; 19       ; 13         ; 1        ; OVERFLOW       ; input  ; 3.3-V LVTTL  ;         ; Row I/O    ; Y               ; no       ; Off          ;
; 20       ; 14         ; 1        ; ADC_OVFL_IND   ; output ; 3.3-V LVTTL  ;         ; Row I/O    ; Y               ; no       ; Off          ;
; 21       ; 15         ; 1        ; CPLD_RESET_OUT ; output ; 3.3-V LVTTL  ;         ; Row I/O    ; Y               ; no       ; Off          ;
; 22       ; 16         ; 1        ; #TMS           ; input  ;              ;         ; --         ;                 ; --       ; --           ;
; 23       ; 17         ; 1        ; #TDI           ; input  ;              ;         ; --         ;                 ; --       ; --           ;
; 24       ; 18         ; 1        ; #TCK           ; input  ;              ;         ; --         ;                 ; --       ; --           ;
; 25       ; 19         ; 1        ; #TDO           ; output ;              ;         ; --         ;                 ; --       ; --           ;
; 26       ; 20         ; 1        ; HPF_BYPASS     ; output ; 3.3-V LVTTL  ;         ; Column I/O ; Y               ; no       ; Off          ;
; 27       ; 21         ; 1        ; HPF_BYPASS_N   ; output ; 3.3-V LVTTL  ;         ; Column I/O ; Y               ; no       ; Off          ;
; 28       ; 22         ; 1        ; LPF_BYPASS     ; output ; 3.3-V LVTTL  ;         ; Column I/O ; Y               ; no       ; Off          ;
; 29       ; 23         ; 1        ; LPF_BYPASS_N   ; output ; 3.3-V LVTTL  ;         ; Column I/O ; Y               ; no       ; Off          ;
; 30       ; 24         ; 1        ; RFA_BYPASS     ; output ; 3.3-V LVTTL  ;         ; Column I/O ; Y               ; no       ; Off          ;
; 31       ;            ; 1        ; VCCIO1         ; power  ;              ; 3.3V    ; --         ;                 ; --       ; --           ;
; 32       ;            ;          ; GNDIO          ; gnd    ;              ;         ; --         ;                 ; --       ; --           ;
; 33       ; 25         ; 1        ; RFA_BYPASS_N   ; output ; 3.3-V LVTTL  ;         ; Column I/O ; Y               ; no       ; Off          ;
; 34       ; 26         ; 1        ; ATTN[0]        ; output ; 3.3-V LVTTL  ;         ; Column I/O ; Y               ; no       ; Off          ;
; 35       ; 27         ; 1        ; ATTN[1]        ; output ; 3.3-V LVTTL  ;         ; Column I/O ; Y               ; no       ; Off          ;
; 36       ; 28         ; 1        ; ATTN[2]        ; output ; 3.3-V LVTTL  ;         ; Column I/O ; Y               ; no       ; Off          ;
; 37       ; 29         ; 1        ; ATTN[3]        ; output ; 3.3-V LVTTL  ;         ; Column I/O ; Y               ; no       ; Off          ;
; 38       ; 30         ; 1        ; ATTN[4]        ; output ; 3.3-V LVTTL  ;         ; Column I/O ; Y               ; no       ; Off          ;
; 39       ; 31         ; 1        ; ATTN[5]        ; output ; 3.3-V LVTTL  ;         ; Column I/O ; Y               ; no       ; Off          ;
; 40       ; 32         ; 1        ; DEBUG_LED[0]   ; output ; 3.3-V LVTTL  ;         ; Column I/O ; Y               ; no       ; Off          ;
; 41       ; 33         ; 1        ; DEBUG_LED[1]   ; output ; 3.3-V LVTTL  ;         ; Column I/O ; Y               ; no       ; Off          ;
; 42       ; 34         ; 1        ; DEBUG_LED[2]   ; output ; 3.3-V LVTTL  ;         ; Column I/O ; Y               ; no       ; Off          ;
; 43       ; 35         ; 1        ; DEBUG_LED[3]   ; output ; 3.3-V LVTTL  ;         ; Column I/O ; Y               ; no       ; Off          ;
; 44       ; 36         ; 1        ; DEBUG_LED[4]   ; output ; 3.3-V LVTTL  ;         ; Column I/O ; Y               ; no       ; Off          ;
; 45       ;            ; 1        ; VCCIO1         ; power  ;              ; 3.3V    ; --         ;                 ; --       ; --           ;
; 46       ;            ;          ; GNDIO          ; gnd    ;              ;         ; --         ;                 ; --       ; --           ;
; 47       ; 37         ; 1        ; CPLD_GPIO[0]   ; bidir  ; 3.3-V LVTTL  ;         ; Column I/O ; Y               ; no       ; Off          ;
; 48       ; 38         ; 1        ; CPLD_GPIO[1]   ; bidir  ; 3.3-V LVTTL  ;         ; Column I/O ; Y               ; no       ; Off          ;
; 49       ; 39         ; 1        ; CPLD_GPIO[2]   ; bidir  ; 3.3-V LVTTL  ;         ; Column I/O ; Y               ; no       ; Off          ;
; 50       ; 40         ; 1        ; CPLD_GPIO[3]   ; bidir  ; 3.3-V LVTTL  ;         ; Column I/O ; Y               ; no       ; Off          ;
; 51       ; 41         ; 1        ; FX2_SDA        ; input  ; 3.3-V LVTTL  ;         ; Column I/O ; Y               ; no       ; Off          ;
; 52       ; 42         ; 2        ; FX2_SCL        ; input  ; 3.3-V LVTTL  ;         ; Row I/O    ; Y               ; no       ; Off          ;
; 53       ; 43         ; 2        ; FPGA_INIT_DONE ; input  ; 3.3-V LVTTL  ;         ; Row I/O    ; Y               ; no       ; Off          ;
; 54       ; 44         ; 2        ; DDC1_PAR_SER   ; output ; 3.3-V LVTTL  ;         ; Row I/O    ; Y               ; no       ; Off          ;
; 55       ; 45         ; 2        ; DDC0_PAR_SER   ; output ; 3.3-V LVTTL  ;         ; Row I/O    ; Y               ; no       ; Off          ;
; 56       ; 46         ; 2        ; DDC1_RESET_N   ; output ; 3.3-V LVTTL  ;         ; Row I/O    ; Y               ; no       ; Off          ;
; 57       ; 47         ; 2        ; DDC0_RESET_N   ; output ; 3.3-V LVTTL  ;         ; Row I/O    ; Y               ; no       ; Off          ;
; 58       ; 48         ; 2        ; SYNC_RCF       ; output ; 3.3-V LVTTL  ;         ; Row I/O    ; Y               ; no       ; Off          ;
; 59       ;            ; 2        ; VCCIO2         ; power  ;              ; 3.3V    ; --         ;                 ; --       ; --           ;
; 60       ;            ;          ; GNDIO          ; gnd    ;              ;         ; --         ;                 ; --       ; --           ;
; 61       ; 49         ; 2        ; SYNC_CIC       ; output ; 3.3-V LVTTL  ;         ; Row I/O    ; Y               ; no       ; Off          ;
; 62       ; 50         ; 2        ; DDC1_CLK       ; input  ; 3.3-V LVTTL  ;         ; Row I/O    ; Y               ; no       ; Off          ;
; 63       ;            ;          ; VCCINT         ; power  ;              ; 3.3V    ; --         ;                 ; --       ; --           ;
; 64       ; 51         ; 2        ; DDC0_CLK       ; input  ; 3.3-V LVTTL  ;         ; Row I/O    ; Y               ; no       ; Off          ;
; 65       ;            ;          ; GNDINT         ; gnd    ;              ;         ; --         ;                 ; --       ; --           ;
; 66       ; 52         ; 2        ; SYNC_NCO       ; output ; 3.3-V LVTTL  ;         ; Row I/O    ; Y               ; no       ; Off          ;
; 67       ; 53         ; 2        ; FX2_INT4       ; output ; 3.3-V LVTTL  ;         ; Row I/O    ; Y               ; no       ; Off          ;
; 68       ; 54         ; 2        ; CS_FPGA_M_N    ; bidir  ; 3.3-V LVTTL  ;         ; Row I/O    ; Y               ; no       ; Off          ;
; 69       ; 55         ; 2        ; SDI_M          ; bidir  ; 3.3-V LVTTL  ;         ; Row I/O    ; Y               ; no       ; Off          ;
; 70       ; 56         ; 2        ; SDO_M          ; bidir  ; 3.3-V LVTTL  ;         ; Row I/O    ; Y               ; no       ; Off          ;
; 71       ; 57         ; 2        ; SCLK_M         ; bidir  ; 3.3-V LVTTL  ;         ; Row I/O    ; Y               ; no       ; Off          ;
; 72       ; 58         ; 2        ; CS_CPLD_N      ; input  ; 3.3-V LVTTL  ;         ; Row I/O    ; Y               ; no       ; Off          ;
; 73       ; 59         ; 2        ; FX2_SDI        ; input  ; 3.3-V LVTTL  ;         ; Row I/O    ; Y               ; no       ; Off          ;
; 74       ; 60         ; 2        ; FX2_SDO        ; input  ; 3.3-V LVTTL  ;         ; Row I/O    ; Y               ; no       ; Off          ;
; 75       ; 61         ; 2        ; FX2_SCLK       ; input  ; 3.3-V LVTTL  ;         ; Column I/O ; Y               ; no       ; Off          ;
; 76       ; 62         ; 2        ; RD_N           ; input  ; 3.3-V LVTTL  ;         ; Column I/O ; Y               ; no       ; Off          ;
; 77       ; 63         ; 2        ; WR_N           ; input  ; 3.3-V LVTTL  ;         ; Column I/O ; Y               ; no       ; Off          ;
; 78       ; 64         ; 2        ; A[0]           ; input  ; 3.3-V LVTTL  ;         ; Column I/O ; Y               ; no       ; Off          ;
; 79       ;            ;          ; GNDIO          ; gnd    ;              ;         ; --         ;                 ; --       ; --           ;
; 80       ;            ; 2        ; VCCIO2         ; power  ;              ; 3.3V    ; --         ;                 ; --       ; --           ;
; 81       ; 65         ; 2        ; A[1]           ; input  ; 3.3-V LVTTL  ;         ; Column I/O ; Y               ; no       ; Off          ;
; 82       ; 66         ; 2        ; A[2]           ; input  ; 3.3-V LVTTL  ;         ; Column I/O ; Y               ; no       ; Off          ;
; 83       ; 67         ; 2        ; A[3]           ; input  ; 3.3-V LVTTL  ;         ; Column I/O ; Y               ; no       ; Off          ;
; 84       ; 68         ; 2        ; A[4]           ; input  ; 3.3-V LVTTL  ;         ; Column I/O ; Y               ; no       ; Off          ;
; 85       ; 69         ; 2        ; A[5]           ; input  ; 3.3-V LVTTL  ;         ; Column I/O ; Y               ; no       ; Off          ;
; 86       ; 70         ; 2        ; A[6]           ; input  ; 3.3-V LVTTL  ;         ; Column I/O ; Y               ; no       ; Off          ;
; 87       ; 71         ; 2        ; A[7]           ; input  ; 3.3-V LVTTL  ;         ; Column I/O ; Y               ; no       ; Off          ;
; 88       ; 72         ; 2        ; A[8]           ; input  ; 3.3-V LVTTL  ;         ; Column I/O ; Y               ; no       ; Off          ;
; 89       ; 73         ; 2        ; A[9]           ; input  ; 3.3-V LVTTL  ;         ; Column I/O ; Y               ; no       ; Off          ;
; 90       ; 74         ; 2        ; A[10]          ; input  ; 3.3-V LVTTL  ;         ; Column I/O ; Y               ; no       ; Off          ;
; 91       ; 75         ; 2        ; A13            ; input  ; 3.3-V LVTTL  ;         ; Column I/O ; Y               ; no       ; Off          ;
; 92       ; 76         ; 2        ; DDC_A[0]       ; output ; 3.3-V LVTTL  ;         ; Column I/O ; N               ; no       ; Off          ;
; 93       ;            ;          ; GNDIO          ; gnd    ;              ;         ; --         ;                 ; --       ; --           ;
; 94       ;            ; 2        ; VCCIO2         ; power  ;              ; 3.3V    ; --         ;                 ; --       ; --           ;
; 95       ; 77         ; 2        ; DDC_A[1]       ; output ; 3.3-V LVTTL  ;         ; Column I/O ; N               ; no       ; Off          ;
; 96       ; 78         ; 2        ; DDC_A[2]       ; output ; 3.3-V LVTTL  ;         ; Column I/O ; N               ; no       ; Off          ;
; 97       ; 79         ; 2        ; DDC_RD_N       ; output ; 3.3-V LVTTL  ;         ; Column I/O ; Y               ; no       ; Off          ;
; 98       ; 80         ; 2        ; DDC_WR_N       ; output ; 3.3-V LVTTL  ;         ; Column I/O ; Y               ; no       ; Off          ;
; 99       ; 81         ; 2        ; CS_DDC0_N      ; output ; 3.3-V LVTTL  ;         ; Column I/O ; Y               ; no       ; Off          ;
; 100      ; 82         ; 2        ; CS_DDC1_N      ; output ; 3.3-V LVTTL  ;         ; Column I/O ; Y               ; no       ; Off          ;
+----------+------------+----------+----------------+--------+--------------+---------+------------+-----------------+----------+--------------+


+-------------------------------------------------------------+
; Output Pin Default Load For Reported TCO                    ;
+----------------------------+-------+------------------------+
; I/O Standard               ; Load  ; Termination Resistance ;
+----------------------------+-------+------------------------+
; 3.3-V LVTTL                ; 10 pF ; Not Available          ;
; 3.3-V LVCMOS               ; 10 pF ; Not Available          ;
; 2.5 V                      ; 10 pF ; Not Available          ;
; 1.8 V                      ; 10 pF ; Not Available          ;
; 1.5 V                      ; 10 pF ; Not Available          ;
; 3.3V Schmitt Trigger Input ; 10 pF ; Not Available          ;
; 2.5V Schmitt Trigger Input ; 10 pF ; Not Available          ;
+----------------------------+-------+------------------------+
Note: User assignments will override these defaults. The user specified values are listed in the Output Pins and Bidir Pins tables.


+-------------------------------------------------------------------------------------------------------------------------------------------------------------------------------------------------------+
; Fitter Resource Utilization by Entity                                                                                                                                                                 ;
+----------------------------+-------------+--------------+------------+------+--------------+--------------+-------------------+------------------+-----------------+------------+---------------------+
; Compilation Hierarchy Node ; Logic Cells ; LC Registers ; UFM Blocks ; Pins ; Virtual Pins ; LUT-Only LCs ; Register-Only LCs ; LUT/Register LCs ; Carry Chain LCs ; Packed LCs ; Full Hierarchy Name ;
+----------------------------+-------------+--------------+------------+------+--------------+--------------+-------------------+------------------+-----------------+------------+---------------------+
; |init_load                 ; 94 (94)     ; 65           ; 0          ; 80   ; 0            ; 29 (29)      ; 13 (13)           ; 52 (52)          ; 8 (8)           ; 18 (18)    ; |init_load          ;
+----------------------------+-------------+--------------+------------+------+--------------+--------------+-------------------+------------------+-----------------+------------+---------------------+
Note: For table entries with two numbers listed, the numbers in parentheses indicate the number of resources of the given type used by the specific entity alone. The numbers listed outside of parentheses indicate the total resources of the given type used by the specific entity and all of its sub-entities in the hierarchy.


+-------------------------------------------+
; Delay Chain Summary                       ;
+----------------+----------+---------------+
; Name           ; Pin Type ; Pad to Core 0 ;
+----------------+----------+---------------+
; CLKA           ; Input    ; 0             ;
; DDC0_CLK       ; Input    ; 0             ;
; DDC1_CLK       ; Input    ; 0             ;
; FX2_SDA        ; Input    ; 0             ;
; FX2_SCL        ; Input    ; 0             ;
; FPGA_INIT_DONE ; Input    ; 0             ;
; CS_CPLD_N      ; Input    ; 0             ;
; FX2_SDI        ; Input    ; 0             ;
; FX2_SDO        ; Input    ; 0             ;
; FX2_SCLK       ; Input    ; 0             ;
; OVERFLOW       ; Input    ; 0             ;
; A[0]           ; Input    ; 0             ;
; A[1]           ; Input    ; 0             ;
; A[2]           ; Input    ; 0             ;
; RD_N           ; Input    ; 0             ;
; WR_N           ; Input    ; 0             ;
; A[5]           ; Input    ; 0             ;
; A[8]           ; Input    ; 0             ;
; A[10]          ; Input    ; 0             ;
; A[9]           ; Input    ; 0             ;
; A[6]           ; Input    ; 0             ;
; A[7]           ; Input    ; 0             ;
; A13            ; Input    ; 0             ;
; A[4]           ; Input    ; 0             ;
; A[3]           ; Input    ; 0             ;
; FX2CLK         ; Input    ; 0             ;
; DITH           ; Output   ; --            ;
; SHDN           ; Output   ; --            ;
; RAND           ; Output   ; --            ;
; PGA            ; Output   ; --            ;
; ADC_OVFL_IND   ; Output   ; --            ;
; CPLD_RESET_OUT ; Output   ; --            ;
; HPF_BYPASS     ; Output   ; --            ;
; HPF_BYPASS_N   ; Output   ; --            ;
; LPF_BYPASS     ; Output   ; --            ;
; LPF_BYPASS_N   ; Output   ; --            ;
; RFA_BYPASS     ; Output   ; --            ;
; RFA_BYPASS_N   ; Output   ; --            ;
; ATTN[0]        ; Output   ; --            ;
; ATTN[1]        ; Output   ; --            ;
; ATTN[2]        ; Output   ; --            ;
; ATTN[3]        ; Output   ; --            ;
; ATTN[4]        ; Output   ; --            ;
; ATTN[5]        ; Output   ; --            ;
; DEBUG_LED[0]   ; Output   ; --            ;
; DEBUG_LED[1]   ; Output   ; --            ;
; DEBUG_LED[2]   ; Output   ; --            ;
; DEBUG_LED[3]   ; Output   ; --            ;
; DEBUG_LED[4]   ; Output   ; --            ;
; DDC1_PAR_SER   ; Output   ; --            ;
; DDC0_PAR_SER   ; Output   ; --            ;
; DDC1_RESET_N   ; Output   ; --            ;
; DDC0_RESET_N   ; Output   ; --            ;
; SYNC_RCF       ; Output   ; --            ;
; SYNC_CIC       ; Output   ; --            ;
; SYNC_NCO       ; Output   ; --            ;
; FX2_INT4       ; Output   ; --            ;
; DDC_A[0]       ; Output   ; --            ;
; DDC_A[1]       ; Output   ; --            ;
; DDC_A[2]       ; Output   ; --            ;
; DDC_RD_N       ; Output   ; --            ;
; DDC_WR_N       ; Output   ; --            ;
; CS_DDC0_N      ; Output   ; --            ;
; CS_DDC1_N      ; Output   ; --            ;
; D[0]           ; Bidir    ; 0             ;
; D[1]           ; Bidir    ; 0             ;
; D[2]           ; Bidir    ; 0             ;
; D[3]           ; Bidir    ; 0             ;
; D[4]           ; Bidir    ; 0             ;
; D[5]           ; Bidir    ; 0             ;
; D[6]           ; Bidir    ; 0             ;
; D[7]           ; Bidir    ; 0             ;
; CPLD_GPIO[0]   ; Bidir    ; 0             ;
; CPLD_GPIO[1]   ; Bidir    ; 0             ;
; CPLD_GPIO[2]   ; Bidir    ; 0             ;
; CPLD_GPIO[3]   ; Bidir    ; 0             ;
; CS_FPGA_M_N    ; Bidir    ; 0             ;
; SDI_M          ; Bidir    ; 0             ;
; SDO_M          ; Bidir    ; 0             ;
; SCLK_M         ; Bidir    ; 0             ;
+----------------+----------+---------------+


+---------------------------------------------------------------------------------------------------------------------+
; Control Signals                                                                                                     ;
+--------------------------+-------------+---------+---------------+--------+----------------------+------------------+
; Name                     ; Location    ; Fan-Out ; Usage         ; Global ; Global Resource Used ; Global Line Name ;
+--------------------------+-------------+---------+---------------+--------+----------------------+------------------+
; ATTN_REG[1]~668          ; LC_X4_Y3_N6 ; 8       ; Clock enable  ; no     ; --                   ; --               ;
; CPLD_GPIO_REG[4]         ; LC_X7_Y1_N1 ; 2       ; Output enable ; no     ; --                   ; --               ;
; CPLD_GPIO_REG[5]         ; LC_X7_Y1_N9 ; 2       ; Output enable ; no     ; --                   ; --               ;
; CPLD_GPIO_REG[6]         ; LC_X7_Y1_N8 ; 2       ; Output enable ; no     ; --                   ; --               ;
; CPLD_GPIO_REG[7]         ; LC_X7_Y1_N5 ; 2       ; Output enable ; no     ; --                   ; --               ;
; CPLD_GPIO_REG[7]~2213    ; LC_X4_Y1_N2 ; 8       ; Clock enable  ; no     ; --                   ; --               ;
; CPLD_GPIO_REG[7]~2222    ; LC_X7_Y1_N0 ; 8       ; Clock enable  ; no     ; --                   ; --               ;
; CPLD_reset               ; LC_X4_Y3_N2 ; 25      ; Sync. load    ; no     ; --                   ; --               ;
; DDC_CNTRL_REG[0]~723     ; LC_X5_Y4_N5 ; 8       ; Clock enable  ; no     ; --                   ; --               ;
; DEBUG_LED_REG[4]~642     ; LC_X4_Y4_N3 ; 7       ; Clock enable  ; no     ; --                   ; --               ;
; FX2CLK                   ; PIN_12      ; 65      ; Clock         ; yes    ; Global Clock         ; GCLK0            ;
; LTC2208_CNTRL_REG[4]~658 ; LC_X6_Y3_N3 ; 7       ; Clock enable  ; no     ; --                   ; --               ;
; LessThan0~105            ; LC_X4_Y2_N8 ; 9       ; Sync. load    ; no     ; --                   ; --               ;
; RFFE_CNTRL_REG[0]~718    ; LC_X5_Y4_N0 ; 8       ; Clock enable  ; no     ; --                   ; --               ;
; data[7]~210              ; LC_X4_Y1_N1 ; 14      ; Sync. load    ; no     ; --                   ; --               ;
; do_read~39               ; LC_X2_Y4_N6 ; 8       ; Output enable ; no     ; --                   ; --               ;
+--------------------------+-------------+---------+---------------+--------+----------------------+------------------+


+-----------------------------------------------------------------------+
; Global & Other Fast Signals                                           ;
+--------+----------+---------+----------------------+------------------+
; Name   ; Location ; Fan-Out ; Global Resource Used ; Global Line Name ;
+--------+----------+---------+----------------------+------------------+
; FX2CLK ; PIN_12   ; 65      ; Global Clock         ; GCLK0            ;
+--------+----------+---------+----------------------+------------------+


+------------------------------------+
; Non-Global High Fan-Out Signals    ;
+--------------------------+---------+
; Name                     ; Fan-Out ;
+--------------------------+---------+
; CPLD_reset               ; 25      ;
; A[2]                     ; 21      ;
; A[0]                     ; 20      ;
; data[7]~210              ; 14      ;
; A[1]                     ; 9       ;
; LessThan0~105            ; 9       ;
; WR_N                     ; 8       ;
; CPLD_GPIO_REG[7]~2222    ; 8       ;
; CPLD_GPIO_REG[7]~2213    ; 8       ;
; data[7]~212              ; 8       ;
; do_read~39               ; 8       ;
; DDC_CNTRL_REG[0]~723     ; 8       ;
; ATTN_REG[1]~668          ; 8       ;
; RFFE_CNTRL_REG[0]~718    ; 8       ;
; DEBUG_LED_REG[4]~642     ; 7       ;
; LTC2208_CNTRL_REG[4]~658 ; 7       ;
; Decoder0~292             ; 6       ;
; RD_N                     ; 5       ;
; LTC2208_CNTRL_REG~661    ; 5       ;
; DDC_CNTRL_REG~725        ; 4       ;
; DDC_CNTRL_REG~724        ; 4       ;
; ATTN_REG~671             ; 4       ;
; ATTN_REG~670             ; 4       ;
; DEBUG_LED_REG[0]         ; 4       ;
; LTC2208_CNTRL_REG[1]     ; 4       ;
; D[1]~6                   ; 3       ;
; D[0]~7                   ; 3       ;
; A[4]                     ; 3       ;
; ATTN_REG~669             ; 3       ;
; CPLD_GPIO_REG[7]~2210    ; 3       ;
; reset_counter[4]~128     ; 3       ;
; LTC2208_CNTRL_REG~660    ; 3       ;
; RFFE_CNTRL_REG[1]        ; 3       ;
; D[7]~0                   ; 2       ;
; D[6]~1                   ; 2       ;
; D[5]~2                   ; 2       ;
; D[4]~3                   ; 2       ;
; D[2]~5                   ; 2       ;
; A[3]                     ; 2       ;
; A[5]                     ; 2       ;
; RFFE_CNTRL_REG[2]        ; 2       ;
; RFFE_CNTRL_REG[0]        ; 2       ;
; data[7]~211              ; 2       ;
; CPLD_GPIO_REG[7]         ; 2       ;
; CPLD_GPIO_REG[6]         ; 2       ;
; CPLD_GPIO_REG[5]         ; 2       ;
; CPLD_GPIO_REG[4]         ; 2       ;
; DDC_CNTRL_REG[6]         ; 2       ;
; Decoder0~295             ; 2       ;
; ATTN_REG[5]              ; 2       ;
+--------------------------+---------+


+-------------------------------------------------+
; Interconnect Usage Summary                      ;
+----------------------------+--------------------+
; Interconnect Resource Type ; Usage              ;
+----------------------------+--------------------+
; C4s                        ; 157 / 784 ( 20 % ) ;
; Direct links               ; 12 / 888 ( 1 % )   ;
; Global clocks              ; 1 / 4 ( 25 % )     ;
; LAB clocks                 ; 6 / 32 ( 19 % )    ;
; LUT chains                 ; 7 / 216 ( 3 % )    ;
; Local interconnects        ; 225 / 888 ( 25 % ) ;
; R4s                        ; 151 / 704 ( 21 % ) ;
+----------------------------+--------------------+


+---------------------------------------------------------------------------+
; LAB Logic Elements                                                        ;
+--------------------------------------------+------------------------------+
; Number of Logic Elements  (Average = 7.23) ; Number of LABs  (Total = 13) ;
+--------------------------------------------+------------------------------+
; 1                                          ; 1                            ;
; 2                                          ; 0                            ;
; 3                                          ; 2                            ;
; 4                                          ; 0                            ;
; 5                                          ; 1                            ;
; 6                                          ; 0                            ;
; 7                                          ; 0                            ;
; 8                                          ; 2                            ;
; 9                                          ; 4                            ;
; 10                                         ; 3                            ;
+--------------------------------------------+------------------------------+


+-------------------------------------------------------------------+
; LAB-wide Signals                                                  ;
+------------------------------------+------------------------------+
; LAB-wide Signals  (Average = 1.69) ; Number of LABs  (Total = 13) ;
+------------------------------------+------------------------------+
; 1 Clock                            ; 12                           ;
; 1 Clock enable                     ; 4                            ;
; 1 Sync. load                       ; 2                            ;
; 2 Clock enables                    ; 4                            ;
+------------------------------------+------------------------------+


+----------------------------------------------------------------------------+
; LAB Signals Sourced                                                        ;
+---------------------------------------------+------------------------------+
; Number of Signals Sourced  (Average = 8.69) ; Number of LABs  (Total = 13) ;
+---------------------------------------------+------------------------------+
; 0                                           ; 0                            ;
; 1                                           ; 1                            ;
; 2                                           ; 0                            ;
; 3                                           ; 2                            ;
; 4                                           ; 0                            ;
; 5                                           ; 0                            ;
; 6                                           ; 1                            ;
; 7                                           ; 0                            ;
; 8                                           ; 1                            ;
; 9                                           ; 1                            ;
; 10                                          ; 3                            ;
; 11                                          ; 0                            ;
; 12                                          ; 2                            ;
; 13                                          ; 1                            ;
; 14                                          ; 0                            ;
; 15                                          ; 0                            ;
; 16                                          ; 1                            ;
+---------------------------------------------+------------------------------+


+--------------------------------------------------------------------------------+
; LAB Signals Sourced Out                                                        ;
+-------------------------------------------------+------------------------------+
; Number of Signals Sourced Out  (Average = 6.85) ; Number of LABs  (Total = 13) ;
+-------------------------------------------------+------------------------------+
; 0                                               ; 0                            ;
; 1                                               ; 1                            ;
; 2                                               ; 1                            ;
; 3                                               ; 1                            ;
; 4                                               ; 1                            ;
; 5                                               ; 1                            ;
; 6                                               ; 2                            ;
; 7                                               ; 0                            ;
; 8                                               ; 1                            ;
; 9                                               ; 1                            ;
; 10                                              ; 1                            ;
; 11                                              ; 2                            ;
; 12                                              ; 0                            ;
; 13                                              ; 1                            ;
+-------------------------------------------------+------------------------------+


+-----------------------------------------------------------------------------+
; LAB Distinct Inputs                                                         ;
+----------------------------------------------+------------------------------+
; Number of Distinct Inputs  (Average = 13.08) ; Number of LABs  (Total = 13) ;
+----------------------------------------------+------------------------------+
; 0                                            ; 0                            ;
; 1                                            ; 0                            ;
; 2                                            ; 1                            ;
; 3                                            ; 0                            ;
; 4                                            ; 1                            ;
; 5                                            ; 0                            ;
; 6                                            ; 0                            ;
; 7                                            ; 0                            ;
; 8                                            ; 0                            ;
; 9                                            ; 0                            ;
; 10                                           ; 0                            ;
; 11                                           ; 1                            ;
; 12                                           ; 2                            ;
; 13                                           ; 2                            ;
; 14                                           ; 0                            ;
; 15                                           ; 2                            ;
; 16                                           ; 1                            ;
; 17                                           ; 1                            ;
; 18                                           ; 0                            ;
; 19                                           ; 0                            ;
; 20                                           ; 2                            ;
+----------------------------------------------+------------------------------+


+--------------------------------------------------------------------+
; Fitter Device Options                                              ;
+----------------------------------------------+---------------------+
; Option                                       ; Setting             ;
+----------------------------------------------+---------------------+
; Enable user-supplied start-up clock (CLKUSR) ; Off                 ;
; Enable device-wide reset (DEV_CLRn)          ; Off                 ;
; Enable device-wide output enable (DEV_OE)    ; Off                 ;
; Enable INIT_DONE output                      ; Off                 ;
; Configuration scheme                         ; Passive Serial      ;
; Reserve all unused pins                      ; As input tri-stated ;
; Base pin-out file on sameframe device        ; Off                 ;
+----------------------------------------------+---------------------+


+----------------------------+
; Advanced Data - General    ;
+--------------------+-------+
; Name               ; Value ;
+--------------------+-------+
; Status Code        ; 0     ;
; Desired User Slack ; 0     ;
; Fit Attempts       ; 1     ;
+--------------------+-------+


+-----------------------------------------------------------------------------------------------+
; Advanced Data - Placement Preparation                                                         ;
+--------------------------------------------------------------------------------+--------------+
; Name                                                                           ; Value        ;
+--------------------------------------------------------------------------------+--------------+
; Mid Wire Use - Fit Attempt 1                                                   ; 41           ;
; Mid Slack - Fit Attempt 1                                                      ; -13364       ;
; Internal Atom Count - Fit Attempt 1                                            ; 94           ;
; LE/ALM Count - Fit Attempt 1                                                   ; 94           ;
; LAB Count - Fit Attempt 1                                                      ; 13           ;
; Outputs per Lab - Fit Attempt 1                                                ; 6.846        ;
; Inputs per LAB - Fit Attempt 1                                                 ; 12.385       ;
; Global Inputs per LAB - Fit Attempt 1                                          ; 0.923        ;
; LAB Constraint 'non-global clock / CE pair + async load' - Fit Attempt 1       ; 0:13         ;
; LAB Constraint 'ce + sync load' - Fit Attempt 1                                ; 0:1;1:3;2:9  ;
; LAB Constraint 'non-global controls' - Fit Attempt 1                           ; 0:1;1:3;2:9  ;
; LAB Constraint 'un-route combination' - Fit Attempt 1                          ; 0:1;1:3;2:9  ;
; LAB Constraint 'non-global with asyn_clear' - Fit Attempt 1                    ; 0:1;1:3;2:9  ;
; LAB Constraint 'un-route with async_clear' - Fit Attempt 1                     ; 0:1;1:3;2:9  ;
; LAB Constraint 'non-global async clear + sync clear' - Fit Attempt 1           ; 0:13         ;
; LAB Constraint 'global non-clock/non-asynch_clear' - Fit Attempt 1             ; 0:13         ;
; LAB Constraint 'ygr_cl_ngclk_gclkce_sload_aload_constraint' - Fit Attempt 1    ; 0:1;1:10;2:2 ;
; LAB Constraint 'global control signals' - Fit Attempt 1                        ; 0:1;1:12     ;
; LAB Constraint 'clock / ce pair constraint' - Fit Attempt 1                    ; 0:1;1:4;2:8  ;
; LAB Constraint 'aload_aclr pair with aload used' - Fit Attempt 1               ; 0:13         ;
; LAB Constraint 'aload_aclr pair' - Fit Attempt 1                               ; 0:1;1:12     ;
; LAB Constraint 'sload_sclear pair' - Fit Attempt 1                             ; 0:2;1:11     ;
; LAB Constraint 'invert_a constraint' - Fit Attempt 1                           ; 1:13         ;
; LAB Constraint 'has placement constraint' - Fit Attempt 1                      ; 0:13         ;
; LAB Constraint 'use of ADATA or SDATA by registers constraint' - Fit Attempt 1 ; 0:13         ;
; LEs in Chains - Fit Attempt 1                                                  ; 8            ;
; LEs in Long Chains - Fit Attempt 1                                             ; 0            ;
; LABs with Chains - Fit Attempt 1                                               ; 1            ;
; LABs with Multiple Chains - Fit Attempt 1                                      ; 0            ;
; Time - Fit Attempt 1                                                           ; 0            ;
; Time in tsm_tan.dll - Fit Attempt 1                                            ; 0.031        ;
+--------------------------------------------------------------------------------+--------------+


+----------------------------------------------+
; Advanced Data - Placement                    ;
+-------------------------------------+--------+
; Name                                ; Value  ;
+-------------------------------------+--------+
; Auto Fit Point 2 - Fit Attempt 1    ; ff     ;
; Early Wire Use - Fit Attempt 1      ; 10     ;
; Early Slack - Fit Attempt 1         ; -12486 ;
; Auto Fit Point 3 - Fit Attempt 1    ; ff     ;
; Auto Fit Point 4 - Fit Attempt 1    ; ff     ;
; Mid Wire Use - Fit Attempt 1        ; 22     ;
; Mid Slack - Fit Attempt 1           ; -11338 ;
; Late Wire Use - Fit Attempt 1       ; 25     ;
; Late Slack - Fit Attempt 1          ; -11338 ;
; Peak Regional Wire - Fit Attempt 1  ; 0.000  ;
; Auto Fit Point 5 - Fit Attempt 1    ; ff     ;
; Time - Fit Attempt 1                ; 0      ;
; Time in tsm_tan.dll - Fit Attempt 1 ; 0.016  ;
+-------------------------------------+--------+


+---------------------------------------------+
; Advanced Data - Routing                     ;
+-------------------------------------+-------+
; Name                                ; Value ;
+-------------------------------------+-------+
; Early Slack - Fit Attempt 1         ; -8262 ;
; Early Wire Use - Fit Attempt 1      ; 23    ;
; Peak Regional Wire - Fit Attempt 1  ; 21    ;
; Mid Slack - Fit Attempt 1           ; -9990 ;
; Late Slack - Fit Attempt 1          ; -9990 ;
; Late Wire Use - Fit Attempt 1       ; 25    ;
; Time - Fit Attempt 1                ; 0     ;
; Time in tsm_tan.dll - Fit Attempt 1 ; 0.109 ;
+-------------------------------------+-------+


+-----------------+
; Fitter Messages ;
+-----------------+
Info: *******************************************************************
Info: Running Quartus II Fitter
    Info: Version 6.1 Build 201 11/27/2006 SJ Web Edition
    Info: Processing started: Fri Dec 29 13:46:37 2006
Info: Command: quartus_fit --read_settings_files=off --write_settings_files=off init_load -c init_load
Info: Selected device EPM240T100C5 for design "init_load"
Info: Fitter is performing an Auto Fit compilation, which may decrease Fitter effort to reduce compilation time
Info: Device migration not selected. If you intend to use device migration later, you may need to change the pin assignments as they may be incompatible with other devices
    Info: Device EPM240T100I5 is compatible
    Info: Device EPM570T100C5 is compatible
    Info: Device EPM570T100I5 is compatible
Warning: No exact pin location assignment(s) for 3 pins of 80 total pins
    Info: Pin DDC_A[0] not assigned to an exact location on the device
    Info: Pin DDC_A[1] not assigned to an exact location on the device
    Info: Pin DDC_A[2] not assigned to an exact location on the device
Info: Fitter is using the Classic Timing Analyzer
Info: Timing requirements not specified -- optimizing circuit to achieve the following default global requirements
    Info: Assuming a global fmax requirement of 1000 MHz
    Info: Assuming a global tsu requirement of 2.0 ns
    Info: Assuming a global tco requirement of 1.0 ns
    Info: Assuming a global tpd requirement of 1.0 ns
Extra Info: Performing register packing on registers with non-logic cell location assignments
Extra Info: Completed register packing on registers with non-logic cell location assignments
Info: Completed User Assigned Global Signals Promotion Operation
Info: Automatically promoted signal "FX2CLK" to use Global clock in PIN 12
Info: Completed Auto Global Promotion Operation
Info: Starting register packing
Info: Fitter is using Normal packing mode for logic elements with Auto setting for Auto Packed Registers logic option
Extra Info: Moving registers into LUTs to improve timing and density
Info: Started processing fast register assignments
Info: Finished processing fast register assignments
Extra Info: Finished moving registers into LUTs: elapsed time is 00:00:00
Info: Finished register packing: elapsed time is 00:00:00
Info: Statistics of I/O pins that need to be placed that use the same VCCIO and VREF, before I/O pin placement
    Info: Number of I/O pins in group: 3 (unused VREF, 3.30 VCCIO, 0 input, 3 output, 0 bidirectional)
        Info: I/O standards used: 3.3-V LVTTL.
Info: I/O bank details before I/O pin placement
    Info: Statistics of I/O banks
        Info: I/O bank number 1 does not use VREF pins and has 3.30V VCCIO pins. 38 total pin(s) used --  0 pins available
        Info: I/O bank number 2 does not use VREF pins and has 3.30V VCCIO pins. 39 total pin(s) used --  3 pins available
Warning: Ignored locations or region assignments to the following nodes
    Warning: Node "DDC_A0" is assigned to location or region, but does not exist in design
    Warning: Node "DDC_A1" is assigned to location or region, but does not exist in design
    Warning: Node "DDC_A2" is assigned to location or region, but does not exist in design
Info: Fitter placement preparation operations beginning
Info: Fitter placement preparation operations ending: elapsed time is 00:00:00
Info: Fitter placement operations beginning
Info: Fitter placement was successful
Info: Fitter placement operations ending: elapsed time is 00:00:00
Info: Estimated most critical path is pin to pin delay of 11.075 ns
    Info: 1: + IC(0.000 ns) + CELL(1.132 ns) = 1.132 ns; Loc. = PIN_88; Fanout = 1; PIN Node = 'A[8]'
    Info: 2: + IC(2.373 ns) + CELL(0.740 ns) = 4.245 ns; Loc. = LAB_X2_Y4; Fanout = 1; COMB Node = 'decode_ddc1~79'
    Info: 3: + IC(0.266 ns) + CELL(0.914 ns) = 5.425 ns; Loc. = LAB_X2_Y4; Fanout = 2; COMB Node = 'decode_ddc1~80'
    Info: 4: + IC(0.440 ns) + CELL(0.740 ns) = 6.605 ns; Loc. = LAB_X2_Y4; Fanout = 2; COMB Node = 'decode_ddc1~3'
    Info: 5: + IC(0.669 ns) + CELL(0.511 ns) = 7.785 ns; Loc. = LAB_X2_Y4; Fanout = 8; COMB Node = 'do_read~39'
    Info: 6: + IC(1.686 ns) + CELL(1.604 ns) = 11.075 ns; Loc. = PIN_6; Fanout = 0; PIN Node = 'D[5]'
    Info: Total cell delay = 5.641 ns ( 50.93 % )
    Info: Total interconnect delay = 5.434 ns ( 49.07 % )
Info: Fitter routing operations beginning
Info: Average interconnect usage is 21% of the available device resources. Peak interconnect usage is 21%
    Info: The peak interconnect region extends from location X0_Y0 to location X8_Y5
Info: Fitter routing operations ending: elapsed time is 00:00:00
Info: The Fitter performed an Auto Fit compilation.  Optimizations were skipped to reduce compilation time.
    Info: Optimizations that may affect the design's routability were skipped
    Info: Optimizations that may affect the design's timing were skipped
Warning: Following 4 pins have no output enable or a GND or VCC output enable - later changes to this connectivity may change fitting results
    Info: Pin CS_FPGA_M_N has a permanently enabled output enable
    Info: Pin SDI_M has a permanently disabled output enable
    Info: Pin SDO_M has a permanently disabled output enable
    Info: Pin SCLK_M has a permanently disabled output enable
Warning: Following 5 pins have nothing, GND, or VCC driving datain port -- changes to this connectivity may change fitting results
    Info: Pin FX2_INT4 has GND driving its datain port
    Info: Pin CS_FPGA_M_N has VCC driving its datain port
    Info: Pin SDI_M has VCC driving its datain port
    Info: Pin SDO_M has VCC driving its datain port
    Info: Pin SCLK_M has VCC driving its datain port
Info: Following groups of pins have the same output enable
    Info: Following pins have the same output enable: do_read~39
        Info: Type bidirectional pin D[0] uses the 3.3-V LVTTL I/O standard
        Info: Type bidirectional pin D[4] uses the 3.3-V LVTTL I/O standard
        Info: Type bidirectional pin D[1] uses the 3.3-V LVTTL I/O standard
        Info: Type bidirectional pin D[3] uses the 3.3-V LVTTL I/O standard
        Info: Type bidirectional pin D[5] uses the 3.3-V LVTTL I/O standard
        Info: Type bidirectional pin D[7] uses the 3.3-V LVTTL I/O standard
        Info: Type bidirectional pin D[2] uses the 3.3-V LVTTL I/O standard
        Info: Type bidirectional pin D[6] uses the 3.3-V LVTTL I/O standard
    Info: Following pins have the same output enable: CPLD_GPIO_REG[4] (inverted)
        Info: Type bidirectional pin CPLD_GPIO[0] uses the 3.3-V LVTTL I/O standard
    Info: Following pins have the same output enable: CPLD_GPIO_REG[5] (inverted)
        Info: Type bidirectional pin CPLD_GPIO[1] uses the 3.3-V LVTTL I/O standard
    Info: Following pins have the same output enable: CPLD_GPIO_REG[7] (inverted)
        Info: Type bidirectional pin CPLD_GPIO[3] uses the 3.3-V LVTTL I/O standard
    Info: Following pins have the same output enable: CPLD_GPIO_REG[6] (inverted)
        Info: Type bidirectional pin CPLD_GPIO[2] uses the 3.3-V LVTTL I/O standard
Info: Quartus II Fitter was successful. 0 errors, 7 warnings
    Info: Allocated 154 megabytes of memory during processing
    Info: Processing ended: Fri Dec 29 13:46:40 2006
    Info: Elapsed time: 00:00:03


