E:\DOCUMENTS\HAM RADIO\1 HPSDR\1 WDSP\2013-11-08 MRX\BIN\RELEASE\PA19.DLL
E:\DOCUMENTS\HAM RADIO\1 HPSDR\1 WDSP\2013-11-08 MRX\LIB\PORTAUDIO_VS2008\BUILD\MSVC\WIN32\RELEASE\ASIO.OBJ
E:\DOCUMENTS\HAM RADIO\1 HPSDR\1 WDSP\2013-11-08 MRX\LIB\PORTAUDIO_VS2008\BUILD\MSVC\WIN32\RELEASE\ASIOCONVERTSAMPLES.OBJ
E:\DOCUMENTS\HAM RADIO\1 HPSDR\1 WDSP\2013-11-08 MRX\LIB\PORTAUDIO_VS2008\BUILD\MSVC\WIN32\RELEASE\ASIODRIVERS.OBJ
E:\DOCUMENTS\HAM RADIO\1 HPSDR\1 WDSP\2013-11-08 MRX\LIB\PORTAUDIO_VS2008\BUILD\MSVC\WIN32\RELEASE\ASIOLIST.OBJ
E:\Documents\Ham Radio\1 HPSDR\1 WDSP\2013-11-08 mRX\lib\portaudio_VS2008\build\msvc\Win32\Release\cl.command.1.tlog
E:\Documents\Ham Radio\1 HPSDR\1 WDSP\2013-11-08 mRX\lib\portaudio_VS2008\build\msvc\Win32\Release\CL.read.1.tlog
E:\Documents\Ham Radio\1 HPSDR\1 WDSP\2013-11-08 mRX\lib\portaudio_VS2008\build\msvc\Win32\Release\CL.write.1.tlog
E:\DOCUMENTS\HAM RADIO\1 HPSDR\1 WDSP\2013-11-08 MRX\LIB\PORTAUDIO_VS2008\BUILD\MSVC\WIN32\RELEASE\COMBASE.OBJ
E:\DOCUMENTS\HAM RADIO\1 HPSDR\1 WDSP\2013-11-08 MRX\LIB\PORTAUDIO_VS2008\BUILD\MSVC\WIN32\RELEASE\DEBUGMESSAGE.OBJ
E:\DOCUMENTS\HAM RADIO\1 HPSDR\1 WDSP\2013-11-08 MRX\LIB\PORTAUDIO_VS2008\BUILD\MSVC\WIN32\RELEASE\IASIOTHISCALLRESOLVER.OBJ
E:\Documents\Ham Radio\1 HPSDR\1 WDSP\2013-11-08 mRX\lib\portaudio_VS2008\build\msvc\Win32\Release\link.command.1.tlog
E:\Documents\Ham Radio\1 HPSDR\1 WDSP\2013-11-08 mRX\lib\portaudio_VS2008\build\msvc\Win32\Release\link.read.1.tlog
E:\Documents\Ham Radio\1 HPSDR\1 WDSP\2013-11-08 mRX\lib\portaudio_VS2008\build\msvc\Win32\Release\link.write.1.tlog
E:\Documents\Ham Radio\1 HPSDR\1 WDSP\2013-11-08 mRX\lib\portaudio_VS2008\build\msvc\Win32\Release\mt.command.1.tlog
E:\Documents\Ham Radio\1 HPSDR\1 WDSP\2013-11-08 mRX\lib\portaudio_VS2008\build\msvc\Win32\Release\mt.read.1.tlog
E:\Documents\Ham Radio\1 HPSDR\1 WDSP\2013-11-08 mRX\lib\portaudio_VS2008\build\msvc\Win32\Release\mt.write.1.tlog
E:\DOCUMENTS\HAM RADIO\1 HPSDR\1 WDSP\2013-11-08 MRX\LIB\PORTAUDIO_VS2008\BUILD\MSVC\WIN32\RELEASE\PA_ALLOCATION.OBJ
E:\DOCUMENTS\HAM RADIO\1 HPSDR\1 WDSP\2013-11-08 MRX\LIB\PORTAUDIO_VS2008\BUILD\MSVC\WIN32\RELEASE\PA_ASIO.OBJ
E:\DOCUMENTS\HAM RADIO\1 HPSDR\1 WDSP\2013-11-08 MRX\LIB\PORTAUDIO_VS2008\BUILD\MSVC\WIN32\RELEASE\PA_CONVERTERS.OBJ
E:\DOCUMENTS\HAM RADIO\1 HPSDR\1 WDSP\2013-11-08 MRX\LIB\PORTAUDIO_VS2008\BUILD\MSVC\WIN32\RELEASE\PA_CPULOAD.OBJ
E:\DOCUMENTS\HAM RADIO\1 HPSDR\1 WDSP\2013-11-08 MRX\LIB\PORTAUDIO_VS2008\BUILD\MSVC\WIN32\RELEASE\PA_DEBUGPRINT.OBJ
E:\DOCUMENTS\HAM RADIO\1 HPSDR\1 WDSP\2013-11-08 MRX\LIB\PORTAUDIO_VS2008\BUILD\MSVC\WIN32\RELEASE\PA_DITHER.OBJ
E:\DOCUMENTS\HAM RADIO\1 HPSDR\1 WDSP\2013-11-08 MRX\LIB\PORTAUDIO_VS2008\BUILD\MSVC\WIN32\RELEASE\PA_FRONT.OBJ
E:\DOCUMENTS\HAM RADIO\1 HPSDR\1 WDSP\2013-11-08 MRX\LIB\PORTAUDIO_VS2008\BUILD\MSVC\WIN32\RELEASE\PA_PROCESS.OBJ
E:\DOCUMENTS\HAM RADIO\1 HPSDR\1 WDSP\2013-11-08 MRX\LIB\PORTAUDIO_VS2008\BUILD\MSVC\WIN32\RELEASE\PA_RINGBUFFER.OBJ
E:\DOCUMENTS\HAM RADIO\1 HPSDR\1 WDSP\2013-11-08 MRX\LIB\PORTAUDIO_VS2008\BUILD\MSVC\WIN32\RELEASE\PA_SKELETON.OBJ
E:\DOCUMENTS\HAM RADIO\1 HPSDR\1 WDSP\2013-11-08 MRX\LIB\PORTAUDIO_VS2008\BUILD\MSVC\WIN32\RELEASE\PA_STREAM.OBJ
E:\DOCUMENTS\HAM RADIO\1 HPSDR\1 WDSP\2013-11-08 MRX\LIB\PORTAUDIO_VS2008\BUILD\MSVC\WIN32\RELEASE\PA_TRACE.OBJ
E:\DOCUMENTS\HAM RADIO\1 HPSDR\1 WDSP\2013-11-08 MRX\LIB\PORTAUDIO_VS2008\BUILD\MSVC\WIN32\RELEASE\PA_WIN_DS.OBJ
E:\DOCUMENTS\HAM RADIO\1 HPSDR\1 WDSP\2013-11-08 MRX\LIB\PORTAUDIO_VS2008\BUILD\MSVC\WIN32\RELEASE\PA_WIN_DS_DYNLINK.OBJ
E:\DOCUMENTS\HAM RADIO\1 HPSDR\1 WDSP\2013-11-08 MRX\LIB\PORTAUDIO_VS2008\BUILD\MSVC\WIN32\RELEASE\PA_WIN_HOSTAPIS.OBJ
E:\DOCUMENTS\HAM RADIO\1 HPSDR\1 WDSP\2013-11-08 MRX\LIB\PORTAUDIO_VS2008\BUILD\MSVC\WIN32\RELEASE\PA_WIN_UTIL.OBJ
E:\DOCUMENTS\HAM RADIO\1 HPSDR\1 WDSP\2013-11-08 MRX\LIB\PORTAUDIO_VS2008\BUILD\MSVC\WIN32\RELEASE\PA_WIN_WASAPI.OBJ
E:\DOCUMENTS\HAM RADIO\1 HPSDR\1 WDSP\2013-11-08 MRX\LIB\PORTAUDIO_VS2008\BUILD\MSVC\WIN32\RELEASE\PA_WIN_WAVEFORMAT.OBJ
E:\DOCUMENTS\HAM RADIO\1 HPSDR\1 WDSP\2013-11-08 MRX\LIB\PORTAUDIO_VS2008\BUILD\MSVC\WIN32\RELEASE\PA_WIN_WDMKS.OBJ
E:\DOCUMENTS\HAM RADIO\1 HPSDR\1 WDSP\2013-11-08 MRX\LIB\PORTAUDIO_VS2008\BUILD\MSVC\WIN32\RELEASE\PA_WIN_WDMKS_UTILS.OBJ
E:\DOCUMENTS\HAM RADIO\1 HPSDR\1 WDSP\2013-11-08 MRX\LIB\PORTAUDIO_VS2008\BUILD\MSVC\WIN32\RELEASE\PA_WIN_WMME.OBJ
E:\DOCUMENTS\HAM RADIO\1 HPSDR\1 WDSP\2013-11-08 MRX\LIB\PORTAUDIO_VS2008\BUILD\MSVC\WIN32\RELEASE\PA_X86_PLAIN_CONVERTERS.OBJ
E:\Documents\Ham Radio\1 HPSDR\1 WDSP\2013-11-08 mRX\lib\portaudio_VS2008\build\msvc\Win32\Release\PA19.exp
E:\Documents\Ham Radio\1 HPSDR\1 WDSP\2013-11-08 mRX\lib\portaudio_VS2008\build\msvc\Win32\Release\PA19.lib
E:\DOCUMENTS\HAM RADIO\1 HPSDR\1 WDSP\2013-11-08 MRX\LIB\PORTAUDIO_VS2008\BUILD\MSVC\WIN32\RELEASE\PA19.OBJ
E:\DOCUMENTS\HAM RADIO\1 HPSDR\1 WDSP\2013-11-08 MRX\LIB\PORTAUDIO_VS2008\BUILD\MSVC\WIN32\RELEASE\PORTAUDIO.DLL.INTERMEDIATE.MANIFEST
E:\Documents\Ham Radio\1 HPSDR\1 WDSP\2013-11-08 mRX\lib\portaudio_VS2008\build\msvc\Win32\Release\portaudio.write.1.tlog
E:\DOCUMENTS\HAM RADIO\1 HPSDR\1 WDSP\2013-11-08 MRX\LIB\PORTAUDIO_VS2008\BUILD\MSVC\WIN32\RELEASE\REGISTER.OBJ
E:\DOCUMENTS\HAM RADIO\1 HPSDR\1 WDSP\2013-11-08 MRX\LIB\PORTAUDIO_VS2008\BUILD\MSVC\WIN32\RELEASE\VC100.PDB
