C:\USERS\DOUG\DESKTOP\OPENHPSDR\W5WC\POWERSDR_HPSDR_2_RX2\BIN\DEBUG\PTHREADVC.DLL
C:\USERS\DOUG\DESKTOP\OPENHPSDR\W5WC\POWERSDR_HPSDR_2_RX2\LIB\PTHREAD\WIN32\DEBUG\PTHREAD.BSC
C:\Users\Doug\Desktop\OpenHPSDR\W5WC\PowerSDR_HPSDR_2_RX2\lib\pthread\Win32\Debug\temp\BscMake.command.1.tlog
C:\Users\Doug\Desktop\OpenHPSDR\W5WC\PowerSDR_HPSDR_2_RX2\lib\pthread\Win32\Debug\temp\bscmake.read.1.tlog
C:\Users\Doug\Desktop\OpenHPSDR\W5WC\PowerSDR_HPSDR_2_RX2\lib\pthread\Win32\Debug\temp\bscmake.write.1.tlog
C:\Users\Doug\Desktop\OpenHPSDR\W5WC\PowerSDR_HPSDR_2_RX2\lib\pthread\Win32\Debug\temp\cl.command.1.tlog
C:\Users\Doug\Desktop\OpenHPSDR\W5WC\PowerSDR_HPSDR_2_RX2\lib\pthread\Win32\Debug\temp\CL.read.1.tlog
C:\Users\Doug\Desktop\OpenHPSDR\W5WC\PowerSDR_HPSDR_2_RX2\lib\pthread\Win32\Debug\temp\CL.write.1.tlog
C:\Users\Doug\Desktop\OpenHPSDR\W5WC\PowerSDR_HPSDR_2_RX2\lib\pthread\Win32\Debug\temp\link.command.1.tlog
C:\Users\Doug\Desktop\OpenHPSDR\W5WC\PowerSDR_HPSDR_2_RX2\lib\pthread\Win32\Debug\temp\link.read.1.tlog
C:\Users\Doug\Desktop\OpenHPSDR\W5WC\PowerSDR_HPSDR_2_RX2\lib\pthread\Win32\Debug\temp\link.write.1.tlog
C:\Users\Doug\Desktop\OpenHPSDR\W5WC\PowerSDR_HPSDR_2_RX2\lib\pthread\Win32\Debug\temp\link-cvtres.read.1.tlog
C:\Users\Doug\Desktop\OpenHPSDR\W5WC\PowerSDR_HPSDR_2_RX2\lib\pthread\Win32\Debug\temp\link-cvtres.write.1.tlog
C:\Users\Doug\Desktop\OpenHPSDR\W5WC\PowerSDR_HPSDR_2_RX2\lib\pthread\Win32\Debug\temp\mt.command.1.tlog
C:\Users\Doug\Desktop\OpenHPSDR\W5WC\PowerSDR_HPSDR_2_RX2\lib\pthread\Win32\Debug\temp\mt.read.1.tlog
C:\Users\Doug\Desktop\OpenHPSDR\W5WC\PowerSDR_HPSDR_2_RX2\lib\pthread\Win32\Debug\temp\mt.write.1.tlog
C:\USERS\DOUG\DESKTOP\OPENHPSDR\W5WC\POWERSDR_HPSDR_2_RX2\LIB\PTHREAD\WIN32\DEBUG\TEMP\PTHREAD.DLL.INTERMEDIATE.MANIFEST
C:\USERS\DOUG\DESKTOP\OPENHPSDR\W5WC\POWERSDR_HPSDR_2_RX2\LIB\PTHREAD\WIN32\DEBUG\TEMP\PTHREAD.OBJ
C:\USERS\DOUG\DESKTOP\OPENHPSDR\W5WC\POWERSDR_HPSDR_2_RX2\LIB\PTHREAD\WIN32\DEBUG\TEMP\PTHREAD.SBR
C:\Users\Doug\Desktop\OpenHPSDR\W5WC\PowerSDR_HPSDR_2_RX2\lib\pthread\Win32\Debug\temp\pthread.write.1.tlog
C:\Users\Doug\Desktop\OpenHPSDR\W5WC\PowerSDR_HPSDR_2_RX2\lib\pthread\Win32\Debug\temp\pthreadVC.exp
C:\Users\Doug\Desktop\OpenHPSDR\W5WC\PowerSDR_HPSDR_2_RX2\lib\pthread\Win32\Debug\temp\pthreadVC.lib
C:\USERS\DOUG\DESKTOP\OPENHPSDR\W5WC\POWERSDR_HPSDR_2_RX2\LIB\PTHREAD\WIN32\DEBUG\TEMP\PTHREADVC.MAP
C:\Users\Doug\Desktop\OpenHPSDR\W5WC\PowerSDR_HPSDR_2_RX2\lib\pthread\Win32\Debug\temp\rc.command.1.tlog
C:\Users\Doug\Desktop\OpenHPSDR\W5WC\PowerSDR_HPSDR_2_RX2\lib\pthread\Win32\Debug\temp\rc.read.1.tlog
C:\Users\Doug\Desktop\OpenHPSDR\W5WC\PowerSDR_HPSDR_2_RX2\lib\pthread\Win32\Debug\temp\rc.write.1.tlog
C:\USERS\DOUG\DESKTOP\OPENHPSDR\W5WC\POWERSDR_HPSDR_2_RX2\LIB\PTHREAD\WIN32\DEBUG\TEMP\VERSION.RES
Win32\Debug\pthread.bsc
