Flow report for Mercury
Tue Aug 29 20:27:20 2006
Version 6.0 Build 202 06/20/2006 Service Pack 1 SJ Web Edition


---------------------
; Table of Contents ;
---------------------
  1. Legal Notice
  2. Flow Summary
  3. Flow Settings
  4. Flow Non-Default Global Settings
  5. Flow Elapsed Time
  6. Flow Log



----------------
; Legal Notice ;
----------------
Copyright (C) 1991-2006 Altera Corporation
Your use of Altera Corporation's design tools, logic functions 
and other software and tools, and its AMPP partner logic 
functions, and any output files any of the foregoing 
(including device programming or simulation files), and any 
associated documentation or information are expressly subject 
to the terms and conditions of the Altera Program License 
Subscription Agreement, Altera MegaCore Function License 
Agreement, or other applicable license agreement, including, 
without limitation, that your use is for the sole purpose of 
programming logic devices manufactured by Altera and sold by 
Altera or its authorized distributors.  Please refer to the 
applicable agreement for further details.



+-----------------------------------------------------------------------------------+
; Flow Summary                                                                      ;
+------------------------------------+----------------------------------------------+
; Flow Status                        ; Successful - Tue Aug 29 20:27:20 2006        ;
; Quartus II Version                 ; 6.0 Build 202 06/20/2006 SP 1 SJ Web Edition ;
; Revision Name                      ; Mercury                                      ;
; Top-level Entity Name              ; Mercury                                      ;
; Family                             ; Cyclone II                                   ;
; Device                             ; EP2C5Q208C8                                  ;
; Timing Models                      ; Final                                        ;
; Met timing requirements            ; No                                           ;
; Total logic elements               ; 2,612 / 4,608 ( 57 % )                       ;
; Total registers                    ; 1553                                         ;
; Total pins                         ; 50 / 142 ( 35 % )                            ;
; Total virtual pins                 ; 0                                            ;
; Total memory bits                  ; 32,768 / 119,808 ( 27 % )                    ;
; Embedded Multiplier 9-bit elements ; 0 / 26 ( 0 % )                               ;
; Total PLLs                         ; 0 / 2 ( 0 % )                                ;
+------------------------------------+----------------------------------------------+


+-----------------------------------------+
; Flow Settings                           ;
+-------------------+---------------------+
; Option            ; Setting             ;
+-------------------+---------------------+
; Start date & time ; 08/29/2006 20:24:08 ;
; Main task         ; Compilation         ;
; Revision Name     ; Mercury             ;
+-------------------+---------------------+


+-------------------------------------------------------------------------------------------------------------------------------------------------------------------------------------------------------------------------------------------------------------------------------------------------------------------+
; Flow Non-Default Global Settings                                                                                                                                                                                                                                                                                  ;
+----------------------------------+--------------------------------------------------------------------------------------------------------------------------------------------------------------------------------------------------------------------+--------------------------------+-------------+------------+
; Assignment Name                  ; Value                                                                                                                                                                                                              ; Default Value                  ; Entity Name ; Section Id ;
+----------------------------------+--------------------------------------------------------------------------------------------------------------------------------------------------------------------------------------------------------------------+--------------------------------+-------------+------------+
; CYCLONEII_OPTIMIZATION_TECHNIQUE ; Speed                                                                                                                                                                                                              ; Balanced                       ; --          ; --         ;
; FITTER_EFFORT                    ; Standard Fit                                                                                                                                                                                                       ; Auto Fit                       ; --          ; --         ;
; OPTIMIZE_HOLD_TIMING             ; All paths                                                                                                                                                                                                          ; IO Paths and Minimum TPD Paths ; --          ; --         ;
; USER_LIBRARIES                   ; C:/HPDSDR/trunk/VK6APH/Mercury/megafunctions/;C:/HPDSDR/trunk/VK6APH/Mercury/db/;C:/HPSDR/trunk/VK6APH/Mercury/megafunctions/;C:/HPSDR/trunk/VK6APH/Mercury/db/;C:/FPGA/Mercury/megafunctions/;C:/FPGA/Mercury/db/ ; --                             ; --          ; --         ;
+----------------------------------+--------------------------------------------------------------------------------------------------------------------------------------------------------------------------------------------------------------------+--------------------------------+-------------+------------+


+-------------------------------------+
; Flow Elapsed Time                   ;
+----------------------+--------------+
; Module Name          ; Elapsed Time ;
+----------------------+--------------+
; Analysis & Synthesis ; 00:00:41     ;
; Fitter               ; 00:02:11     ;
; Assembler            ; 00:00:04     ;
; Timing Analyzer      ; 00:00:05     ;
; Total                ; 00:03:01     ;
+----------------------+--------------+


------------
; Flow Log ;
------------
quartus_map --read_settings_files=on --write_settings_files=off Mercury -c Mercury
quartus_fit --read_settings_files=off --write_settings_files=off Mercury -c Mercury
quartus_asm --read_settings_files=off --write_settings_files=off Mercury -c Mercury
quartus_tan --read_settings_files=off --write_settings_files=off Mercury -c Mercury --timing_analysis_only



