Flow report for Ozy_Janus
Wed Aug 15 12:51:54 2007
Quartus II Version 7.1 Build 156 04/30/2007 SJ Web Edition


---------------------
; Table of Contents ;
---------------------
  1. Legal Notice
  2. Flow Summary
  3. Flow Settings
  4. Flow Non-Default Global Settings
  5. Flow Elapsed Time
  6. Flow Log



----------------
; Legal Notice ;
----------------
Copyright (C) 1991-2007 Altera Corporation
Your use of Altera Corporation's design tools, logic functions 
and other software and tools, and its AMPP partner logic 
functions, and any output files from any of the foregoing 
(including device programming or simulation files), and any 
associated documentation or information are expressly subject 
to the terms and conditions of the Altera Program License 
Subscription Agreement, Altera MegaCore Function License 
Agreement, or other applicable license agreement, including, 
without limitation, that your use is for the sole purpose of 
programming logic devices manufactured by Altera and sold by 
Altera or its authorized distributors.  Please refer to the 
applicable agreement for further details.



+------------------------------------------------------------------------------+
; Flow Summary                                                                 ;
+------------------------------------+-----------------------------------------+
; Flow Status                        ; Successful - Wed Aug 15 12:51:54 2007   ;
; Quartus II Version                 ; 7.1 Build 156 04/30/2007 SJ Web Edition ;
; Revision Name                      ; Ozy_Janus                               ;
; Top-level Entity Name              ; usb_blaster_emulation                   ;
; Family                             ; Cyclone II                              ;
; Device                             ; EP2C8Q208C8                             ;
; Timing Models                      ; Final                                   ;
; Met timing requirements            ; Yes                                     ;
; Total logic elements               ; 0 / 8,256 ( 0 % )                       ;
;     Total combinational functions  ; 0 / 8,256 ( 0 % )                       ;
;     Dedicated logic registers      ; 0 / 8,256 ( 0 % )                       ;
; Total registers                    ; 0                                       ;
; Total pins                         ; 8 / 138 ( 6 % )                         ;
; Total virtual pins                 ; 0                                       ;
; Total memory bits                  ; 0 / 165,888 ( 0 % )                     ;
; Embedded Multiplier 9-bit elements ; 0 / 36 ( 0 % )                          ;
; Total PLLs                         ; 0 / 2 ( 0 % )                           ;
+------------------------------------+-----------------------------------------+


+-----------------------------------------+
; Flow Settings                           ;
+-------------------+---------------------+
; Option            ; Setting             ;
+-------------------+---------------------+
; Start date & time ; 08/15/2007 12:51:41 ;
; Main task         ; Compilation         ;
; Revision Name     ; Ozy_Janus           ;
+-------------------+---------------------+


+-------------------------------------------------------------------------------------------------------------------------------------------------+
; Flow Non-Default Global Settings                                                                                                                ;
+---------------------------------------------------+-----------------------+--------------------------------+-----------------------+------------+
; Assignment Name                                   ; Value                 ; Default Value                  ; Entity Name           ; Section Id ;
+---------------------------------------------------+-----------------------+--------------------------------+-----------------------+------------+
; FITTER_EFFORT                                     ; Standard Fit          ; Auto Fit                       ; --                    ; --         ;
; FMAX_REQUIREMENT                                  ; 48 MHz                ; --                             ; --                    ; --         ;
; OPTIMIZE_HOLD_TIMING                              ; All paths             ; IO Paths and Minimum TPD Paths ; --                    ; --         ;
; PARTITION_NETLIST_TYPE                            ; SOURCE                ; --                             ; usb_blaster_emulation ; Top        ;
; PHYSICAL_SYNTHESIS_ASYNCHRONOUS_SIGNAL_PIPELINING ; On                    ; Off                            ; --                    ; --         ;
; PHYSICAL_SYNTHESIS_COMBO_LOGIC                    ; On                    ; Off                            ; --                    ; --         ;
; PHYSICAL_SYNTHESIS_REGISTER_DUPLICATION           ; On                    ; Off                            ; --                    ; --         ;
; PHYSICAL_SYNTHESIS_REGISTER_RETIMING              ; On                    ; Off                            ; --                    ; --         ;
; TOP_LEVEL_ENTITY                                  ; usb_blaster_emulation ; Ozy_Janus                      ; --                    ; --         ;
+---------------------------------------------------+-----------------------+--------------------------------+-----------------------+------------+


+----------------------------------------+
; Flow Elapsed Time                      ;
+-------------------------+--------------+
; Module Name             ; Elapsed Time ;
+-------------------------+--------------+
; Analysis & Synthesis    ; 00:00:01     ;
; Fitter                  ; 00:00:04     ;
; Assembler               ; 00:00:06     ;
; Classic Timing Analyzer ; 00:00:01     ;
; Total                   ; 00:00:12     ;
+-------------------------+--------------+


------------
; Flow Log ;
------------
quartus_map --read_settings_files=on --write_settings_files=off usb_blaster -c Ozy_Janus
quartus_fit --read_settings_files=off --write_settings_files=off usb_blaster -c Ozy_Janus
quartus_asm --read_settings_files=off --write_settings_files=off usb_blaster -c Ozy_Janus
quartus_tan --read_settings_files=off --write_settings_files=off usb_blaster -c Ozy_Janus --timing_analysis_only



