#
# A fatal error has been detected by the Java Runtime Environment:
#
#  SIGFPE (0x8) at pc=0x00007f8004fbd331, pid=1406, tid=140187838314240
#
# JRE version: Java(TM) SE Runtime Environment (8.0_20-b26) (build 1.8.0_20-b26)
# Java VM: Java HotSpot(TM) 64-Bit Server VM (25.20-b23 mixed mode linux-amd64 compressed oops)
# Problematic frame:
# C  [libwdspj.so+0x21331]  pre_main_build+0x31c
#
# Failed to write core dump. Core dumps have been disabled. To enable core dumping, try "ulimit -c unlimited" before starting Java again
#
# If you would like to submit a bug report, please visit:
#   http://bugreport.sun.com/bugreport/crash.jsp
# The crash happened outside the Java Virtual Machine in native code.
# See problematic frame for where to report the bug.
#

---------------  T H R E A D  ---------------

Current thread (0x00007f804c246000):  JavaThread "AWT-EventQueue-0" [_thread_in_native, id=1438, stack(0x00007f80063df000,0x00007f80064e0000)]

siginfo: si_signo: 8 (SIGFPE), si_code: 1 (FPE_INTDIV), si_addr: 0x00007f8004fbd331

Registers:
RAX=0x000000000000bb80, RBX=0x0000000000000000, RCX=0x0000000000000400, RDX=0x0000000000000000
RSP=0x00007f80064dbdb0, RBP=0x00007f80064dbdd0, RSI=0x000000000000bb80, RDI=0x00007f80051f4c40
R8 =0x000000000000bb80, R9 =0x0000000000000000, R10=0x00007f80064dbba0, R11=0x00007f8004fbd015
R12=0x0000000000000000, R13=0x00007f803cce0018, R14=0x00007f80064dc050, R15=0x00007f804c246000
RIP=0x00007f8004fbd331, EFLAGS=0x0000000000010206, CSGSFS=0x0000000000000033, ERR=0x0000000000000000
  TRAPNO=0x0000000000000000

Top of Stack: (sp=0x00007f80064dbdb0)
0x00007f80064dbdb0:   0000000000000000 000000000000bb80
0x00007f80064dbdc0:   0000000000000000 000000000000bb80
0x00007f80064dbdd0:   00007f80064dbdf0 00007f8004fbd646
0x00007f80064dbde0:   0000000000000000 00000000ec057480
0x00007f80064dbdf0:   00007f80064dbe40 00007f8004fbd8b9
0x00007f80064dbe00:   3f847ae147ae147b 3f847ae147ae147b
0x00007f80064dbe10:   0000000000000000 3f9999999999999a
0x00007f80064dbe20:   3f847ae147ae147b 0000bb8000000000
0x00007f80064dbe30:   000004000000bb80 0000000000000400
0x00007f80064dbe40:   00007f80064dbec0 00007f8004fe676d
0x00007f80064dbe50:   00007f8000000000 00007f8000000001
0x00007f80064dbe60:   0000000000000000 3f847ae147ae147b
0x00007f80064dbe70:   3f847ae147ae147b 0000000000000000
0x00007f80064dbe80:   3f9999999999999a 3f847ae147ae147b
0x00007f80064dbe90:   000004000000bb80 0000000000000400
0x00007f80064dbea0:   00007f80064dc050 00007f804c2461e8
0x00007f80064dbeb0:   00007f80064dbfa8 00007f803cce0018
0x00007f80064dbec0:   00007f80064dbfa8 00007f803d0134d4
0x00007f80064dbed0:   000000000000bb80 0000000000000000
0x00007f80064dbee0:   0000000000000000 0000000000000001
0x00007f80064dbef0:   0000000000000000 00007f803cce0018
0x00007f80064dbf00:   00007f804c246000 00007f803cce3280
0x00007f80064dbf10:   00007f80064dbf50 00007f805256a05f
0x00007f80064dbf20:   00007f804c246000 00007f804c246000
0x00007f80064dbf30:   00007f804c246000 00007f8000000000
0x00007f80064dbf40:   00007f803cce0018 0000000000000000
0x00007f80064dbf50:   00007f80064dbfa8 00007f803d013267
0x00007f80064dbf60:   00007f803d013222 00007f80064dbf68
0x00007f80064dbf70:   00007f803cce0018 00007f80064dc050
0x00007f80064dbf80:   00007f803cce3138 0000000000000000
0x00007f80064dbf90:   00007f803cce0018 0000000000000000
0x00007f80064dbfa0:   00007f80064dbfc8 00007f80064dc098 

Instructions: (pc=0x00007f8004fbd331)
0x00007f8004fbd311:   ec 48 98 48 c1 e0 05 48 8d 14 c5 00 00 00 00 48
0x00007f8004fbd321:   29 c2 48 8d 04 17 48 83 c0 10 8b 58 0c 89 f0 99
0x00007f8004fbd331:   f7 fb 89 c3 89 c8 99 f7 fb 89 c1 48 8b 35 2d 6c
0x00007f8004fbd341:   23 00 8b 45 ec 48 98 48 c1 e0 05 48 8d 14 c5 00 

Register to memory mapping:

RAX=0x000000000000bb80 is an unknown value
RBX=0x0000000000000000 is an unknown value
RCX=0x0000000000000400 is an unknown value
RDX=0x0000000000000000 is an unknown value
RSP=0x00007f80064dbdb0 is pointing into the stack for thread: 0x00007f804c246000
RBP=0x00007f80064dbdd0 is pointing into the stack for thread: 0x00007f804c246000
RSI=0x000000000000bb80 is an unknown value
RDI=0x00007f80051f4c40: ch+0 in /usr/local/lib/libwdspj.so at 0x00007f8004f9c000
R8 =0x000000000000bb80 is an unknown value
R9 =0x0000000000000000 is an unknown value
R10=0x00007f80064dbba0 is pointing into the stack for thread: 0x00007f804c246000
R11=0x00007f8004fbd015: pre_main_build+0 in /usr/local/lib/libwdspj.so at 0x00007f8004f9c000
R12=0x0000000000000000 is an unknown value
R13={method} {0x00007f803cce0018} 'OpenChannel' '(IIIIIIIIDDDDI)V' in 'org/g0orx/openhpsdr/wdsp/WDSP'
R14=0x00007f80064dc050 is pointing into the stack for thread: 0x00007f804c246000
R15=0x00007f804c246000 is a thread


Stack: [0x00007f80063df000,0x00007f80064e0000],  sp=0x00007f80064dbdb0,  free space=1011k
Native frames: (J=compiled Java code, j=interpreted, Vv=VM code, C=native code)
C  [libwdspj.so+0x21331]  pre_main_build+0x31c
C  [libwdspj.so+0x21646]  build_channel+0x15
C  [libwdspj.so+0x218b9]  OpenChannel+0x25d
C  [libwdspj.so+0x4a76d]  Java_org_g0orx_openhpsdr_wdsp_WDSP_OpenChannel+0xa4
j  org.g0orx.openhpsdr.wdsp.WDSP.OpenChannel(IIIIIIIIDDDDI)V+0
j  org.g0orx.openhpsdr.Radio.start()V+295
j  org.g0orx.openhpsdr.Radio.jButtonStartActionPerformed(Ljava/awt/event/ActionEvent;)V+8
j  org.g0orx.openhpsdr.Radio.access$300(Lorg/g0orx/openhpsdr/Radio;Ljava/awt/event/ActionEvent;)V+2
j  org.g0orx.openhpsdr.Radio$4.actionPerformed(Ljava/awt/event/ActionEvent;)V+5
j  javax.swing.AbstractButton.fireActionPerformed(Ljava/awt/event/ActionEvent;)V+83
j  javax.swing.AbstractButton$Handler.actionPerformed(Ljava/awt/event/ActionEvent;)V+5
j  javax.swing.DefaultButtonModel.fireActionPerformed(Ljava/awt/event/ActionEvent;)V+34
j  javax.swing.DefaultButtonModel.setPressed(Z)V+117
j  javax.swing.plaf.basic.BasicButtonListener.mouseReleased(Ljava/awt/event/MouseEvent;)V+35
j  java.awt.Component.processMouseEvent(Ljava/awt/event/MouseEvent;)V+64
j  javax.swing.JComponent.processMouseEvent(Ljava/awt/event/MouseEvent;)V+23
j  java.awt.Component.processEvent(Ljava/awt/AWTEvent;)V+81
j  java.awt.Container.processEvent(Ljava/awt/AWTEvent;)V+18
J 806 C1 java.awt.Component.dispatchEventImpl(Ljava/awt/AWTEvent;)V (883 bytes) @ 0x00007f803d2f709c [0x00007f803d2f1c20+0x547c]
J 691 C1 java.awt.Container.dispatchEventImpl(Ljava/awt/AWTEvent;)V (129 bytes) @ 0x00007f803d26ca24 [0x00007f803d26c8e0+0x144]
J 690 C1 java.awt.Component.dispatchEvent(Ljava/awt/AWTEvent;)V (6 bytes) @ 0x00007f803d26d9c4 [0x00007f803d26d8c0+0x104]
j  java.awt.LightweightDispatcher.retargetMouseEvent(Ljava/awt/Component;ILjava/awt/event/MouseEvent;)V+327
j  java.awt.LightweightDispatcher.processMouseEvent(Ljava/awt/event/MouseEvent;)Z+143
J 813 C1 java.awt.LightweightDispatcher.dispatchEvent(Ljava/awt/AWTEvent;)Z (73 bytes) @ 0x00007f803d303af4 [0x00007f803d3036c0+0x434]
J 691 C1 java.awt.Container.dispatchEventImpl(Ljava/awt/AWTEvent;)V (129 bytes) @ 0x00007f803d26c9c4 [0x00007f803d26c8e0+0xe4]
J 800 C1 java.awt.Window.dispatchEventImpl(Ljava/awt/AWTEvent;)V (23 bytes) @ 0x00007f803d2ed984 [0x00007f803d2ed3a0+0x5e4]
J 690 C1 java.awt.Component.dispatchEvent(Ljava/awt/AWTEvent;)V (6 bytes) @ 0x00007f803d26d9c4 [0x00007f803d26d8c0+0x104]
j  java.awt.EventQueue.dispatchEventImpl(Ljava/awt/AWTEvent;Ljava/lang/Object;)V+41
J 855 C1 java.awt.EventQueue$3.run()Ljava/lang/Void; (60 bytes) @ 0x00007f803d322b84 [0x00007f803d322980+0x204]
J 854 C1 java.awt.EventQueue$3.run()Ljava/lang/Object; (5 bytes) @ 0x00007f803d32260c [0x00007f803d322580+0x8c]
v  ~StubRoutines::call_stub
V  [libjvm.so+0x663ce6]  JavaCalls::call_helper(JavaValue*, methodHandle*, JavaCallArguments*, Thread*)+0x1056
V  [libjvm.so+0x6f7d7c]  JVM_DoPrivileged+0x27c
J 638  java.security.AccessController.doPrivileged(Ljava/security/PrivilegedAction;Ljava/security/AccessControlContext;)Ljava/lang/Object; (0 bytes) @ 0x00007f803d24fc95 [0x00007f803d24fbc0+0xd5]
J 642 C1 java.security.ProtectionDomain$1.doIntersectionPrivilege(Ljava/security/PrivilegedAction;Ljava/security/AccessControlContext;Ljava/security/AccessControlContext;)Ljava/lang/Object; (32 bytes) @ 0x00007f803d253cfc [0x00007f803d253a00+0x2fc]
J 805 C1 java.awt.EventQueue$4.run()Ljava/lang/Object; (5 bytes) @ 0x00007f803d2f0d54 [0x00007f803d2f0960+0x3f4]
v  ~StubRoutines::call_stub
V  [libjvm.so+0x663ce6]  JavaCalls::call_helper(JavaValue*, methodHandle*, JavaCallArguments*, Thread*)+0x1056
V  [libjvm.so+0x6f7d7c]  JVM_DoPrivileged+0x27c
J 638  java.security.AccessController.doPrivileged(Ljava/security/PrivilegedAction;Ljava/security/AccessControlContext;)Ljava/lang/Object; (0 bytes) @ 0x00007f803d24fc95 [0x00007f803d24fbc0+0xd5]
J 642 C1 java.security.ProtectionDomain$1.doIntersectionPrivilege(Ljava/security/PrivilegedAction;Ljava/security/AccessControlContext;Ljava/security/AccessControlContext;)Ljava/lang/Object; (32 bytes) @ 0x00007f803d253cfc [0x00007f803d253a00+0x2fc]
j  java.awt.EventQueue.dispatchEvent(Ljava/awt/AWTEvent;)V+73
J 756 C1 java.awt.EventDispatchThread.pumpOneEventForFilters(I)V (295 bytes) @ 0x00007f803d29b3cc [0x00007f803d299880+0x1b4c]
j  java.awt.EventDispatchThread.pumpEventsForFilter(ILjava/awt/Conditional;Ljava/awt/EventFilter;)V+35
j  java.awt.EventDispatchThread.pumpEventsForHierarchy(ILjava/awt/Conditional;Ljava/awt/Component;)V+11
j  java.awt.EventDispatchThread.pumpEvents(ILjava/awt/Conditional;)V+4
j  java.awt.EventDispatchThread.pumpEvents(Ljava/awt/Conditional;)V+3
j  java.awt.EventDispatchThread.run()V+9
v  ~StubRoutines::call_stub
V  [libjvm.so+0x663ce6]  JavaCalls::call_helper(JavaValue*, methodHandle*, JavaCallArguments*, Thread*)+0x1056
V  [libjvm.so+0x6641f1]  JavaCalls::call_virtual(JavaValue*, KlassHandle, Symbol*, Symbol*, JavaCallArguments*, Thread*)+0x321
V  [libjvm.so+0x664697]  JavaCalls::call_virtual(JavaValue*, Handle, KlassHandle, Symbol*, Symbol*, Thread*)+0x47
V  [libjvm.so+0x6f1990]  thread_entry(JavaThread*, Thread*)+0xa0
V  [libjvm.so+0xa2990f]  JavaThread::thread_main_inner()+0xdf
V  [libjvm.so+0xa29a3c]  JavaThread::run()+0x11c
V  [libjvm.so+0x8e75f8]  java_start(Thread*)+0x108
C  [libpthread.so.0+0x8182]  start_thread+0xc2

Java frames: (J=compiled Java code, j=interpreted, Vv=VM code)
j  org.g0orx.openhpsdr.wdsp.WDSP.OpenChannel(IIIIIIIIDDDDI)V+0
j  org.g0orx.openhpsdr.Radio.start()V+295
j  org.g0orx.openhpsdr.Radio.jButtonStartActionPerformed(Ljava/awt/event/ActionEvent;)V+8
j  org.g0orx.openhpsdr.Radio.access$300(Lorg/g0orx/openhpsdr/Radio;Ljava/awt/event/ActionEvent;)V+2
j  org.g0orx.openhpsdr.Radio$4.actionPerformed(Ljava/awt/event/ActionEvent;)V+5
j  javax.swing.AbstractButton.fireActionPerformed(Ljava/awt/event/ActionEvent;)V+83
j  javax.swing.AbstractButton$Handler.actionPerformed(Ljava/awt/event/ActionEvent;)V+5
j  javax.swing.DefaultButtonModel.fireActionPerformed(Ljava/awt/event/ActionEvent;)V+34
j  javax.swing.DefaultButtonModel.setPressed(Z)V+117
j  javax.swing.plaf.basic.BasicButtonListener.mouseReleased(Ljava/awt/event/MouseEvent;)V+35
j  java.awt.Component.processMouseEvent(Ljava/awt/event/MouseEvent;)V+64
j  javax.swing.JComponent.processMouseEvent(Ljava/awt/event/MouseEvent;)V+23
j  java.awt.Component.processEvent(Ljava/awt/AWTEvent;)V+81
j  java.awt.Container.processEvent(Ljava/awt/AWTEvent;)V+18
J 806 C1 java.awt.Component.dispatchEventImpl(Ljava/awt/AWTEvent;)V (883 bytes) @ 0x00007f803d2f709c [0x00007f803d2f1c20+0x547c]
J 691 C1 java.awt.Container.dispatchEventImpl(Ljava/awt/AWTEvent;)V (129 bytes) @ 0x00007f803d26ca24 [0x00007f803d26c8e0+0x144]
J 690 C1 java.awt.Component.dispatchEvent(Ljava/awt/AWTEvent;)V (6 bytes) @ 0x00007f803d26d9c4 [0x00007f803d26d8c0+0x104]
j  java.awt.LightweightDispatcher.retargetMouseEvent(Ljava/awt/Component;ILjava/awt/event/MouseEvent;)V+327
j  java.awt.LightweightDispatcher.processMouseEvent(Ljava/awt/event/MouseEvent;)Z+143
J 813 C1 java.awt.LightweightDispatcher.dispatchEvent(Ljava/awt/AWTEvent;)Z (73 bytes) @ 0x00007f803d303af4 [0x00007f803d3036c0+0x434]
J 691 C1 java.awt.Container.dispatchEventImpl(Ljava/awt/AWTEvent;)V (129 bytes) @ 0x00007f803d26c9c4 [0x00007f803d26c8e0+0xe4]
J 800 C1 java.awt.Window.dispatchEventImpl(Ljava/awt/AWTEvent;)V (23 bytes) @ 0x00007f803d2ed984 [0x00007f803d2ed3a0+0x5e4]
J 690 C1 java.awt.Component.dispatchEvent(Ljava/awt/AWTEvent;)V (6 bytes) @ 0x00007f803d26d9c4 [0x00007f803d26d8c0+0x104]
j  java.awt.EventQueue.dispatchEventImpl(Ljava/awt/AWTEvent;Ljava/lang/Object;)V+41
J 855 C1 java.awt.EventQueue$3.run()Ljava/lang/Void; (60 bytes) @ 0x00007f803d322b84 [0x00007f803d322980+0x204]
J 854 C1 java.awt.EventQueue$3.run()Ljava/lang/Object; (5 bytes) @ 0x00007f803d32260c [0x00007f803d322580+0x8c]
v  ~StubRoutines::call_stub
J 638  java.security.AccessController.doPrivileged(Ljava/security/PrivilegedAction;Ljava/security/AccessControlContext;)Ljava/lang/Object; (0 bytes) @ 0x00007f803d24fc23 [0x00007f803d24fbc0+0x63]
J 642 C1 java.security.ProtectionDomain$1.doIntersectionPrivilege(Ljava/security/PrivilegedAction;Ljava/security/AccessControlContext;Ljava/security/AccessControlContext;)Ljava/lang/Object; (32 bytes) @ 0x00007f803d253cfc [0x00007f803d253a00+0x2fc]
J 805 C1 java.awt.EventQueue$4.run()Ljava/lang/Object; (5 bytes) @ 0x00007f803d2f0d54 [0x00007f803d2f0960+0x3f4]
v  ~StubRoutines::call_stub
J 638  java.security.AccessController.doPrivileged(Ljava/security/PrivilegedAction;Ljava/security/AccessControlContext;)Ljava/lang/Object; (0 bytes) @ 0x00007f803d24fc23 [0x00007f803d24fbc0+0x63]
J 642 C1 java.security.ProtectionDomain$1.doIntersectionPrivilege(Ljava/security/PrivilegedAction;Ljava/security/AccessControlContext;Ljava/security/AccessControlContext;)Ljava/lang/Object; (32 bytes) @ 0x00007f803d253cfc [0x00007f803d253a00+0x2fc]
j  java.awt.EventQueue.dispatchEvent(Ljava/awt/AWTEvent;)V+73
J 756 C1 java.awt.EventDispatchThread.pumpOneEventForFilters(I)V (295 bytes) @ 0x00007f803d29b3cc [0x00007f803d299880+0x1b4c]
j  java.awt.EventDispatchThread.pumpEventsForFilter(ILjava/awt/Conditional;Ljava/awt/EventFilter;)V+35
j  java.awt.EventDispatchThread.pumpEventsForHierarchy(ILjava/awt/Conditional;Ljava/awt/Component;)V+11
j  java.awt.EventDispatchThread.pumpEvents(ILjava/awt/Conditional;)V+4
j  java.awt.EventDispatchThread.pumpEvents(Ljava/awt/Conditional;)V+3
j  java.awt.EventDispatchThread.run()V+9
v  ~StubRoutines::call_stub

---------------  P R O C E S S  ---------------

Java Threads: ( => current thread )
  0x00007f7fec055000 JavaThread "TimerQueue" daemon [_thread_blocked, id=1440, stack(0x00007f8005509000,0x00007f800560a000)]
  0x00007f804c009800 JavaThread "DestroyJavaVM" [_thread_blocked, id=1412, stack(0x00007f805398a000,0x00007f8053a8b000)]
=>0x00007f804c246000 JavaThread "AWT-EventQueue-0" [_thread_in_native, id=1438, stack(0x00007f80063df000,0x00007f80064e0000)]
  0x00007f804c244000 JavaThread "AWT-Shutdown" [_thread_blocked, id=1437, stack(0x00007f80064e0000,0x00007f80065e1000)]
  0x00007f804c20c000 JavaThread "AWT-XAWT" daemon [_thread_in_native, id=1436, stack(0x00007f80065e1000,0x00007f80066e2000)]
  0x00007f804c1e6800 JavaThread "Java2D Disposer" daemon [_thread_blocked, id=1435, stack(0x00007f8006af2000,0x00007f8006bf3000)]
  0x00007f804c0c8000 JavaThread "Service Thread" daemon [_thread_blocked, id=1424, stack(0x00007f80348d9000,0x00007f80349da000)]
  0x00007f804c0b2800 JavaThread "C1 CompilerThread2" daemon [_thread_blocked, id=1423, stack(0x00007f80349da000,0x00007f8034adb000)]
  0x00007f804c0b0800 JavaThread "C2 CompilerThread1" daemon [_thread_blocked, id=1422, stack(0x00007f8034adb000,0x00007f8034bdc000)]
  0x00007f804c0ad800 JavaThread "C2 CompilerThread0" daemon [_thread_blocked, id=1421, stack(0x00007f8034bdc000,0x00007f8034cdd000)]
  0x00007f804c0ab800 JavaThread "Signal Dispatcher" daemon [_thread_blocked, id=1420, stack(0x00007f8034cdd000,0x00007f8034dde000)]
  0x00007f804c07c000 JavaThread "Finalizer" daemon [_thread_blocked, id=1419, stack(0x00007f80354c0000,0x00007f80355c1000)]
  0x00007f804c07a000 JavaThread "Reference Handler" daemon [_thread_blocked, id=1418, stack(0x00007f80355c1000,0x00007f80356c2000)]

Other Threads:
  0x00007f804c073000 VMThread [stack: 0x00007f80356c2000,0x00007f80357c3000] [id=1417]
  0x00007f804c0ca800 WatcherThread [stack: 0x00007f80347d8000,0x00007f80348d9000] [id=1433]

VM state:not at safepoint (normal execution)

VM Mutex/Monitor currently owned by a thread: None

Heap:
 PSYoungGen      total 17408K, used 7684K [0x00000000ecb80000, 0x00000000ede80000, 0x0000000100000000)
  eden space 15360K, 50% used [0x00000000ecb80000,0x00000000ed3010e0,0x00000000eda80000)
  from space 2048K, 0% used [0x00000000edc80000,0x00000000edc80000,0x00000000ede80000)
  to   space 2048K, 0% used [0x00000000eda80000,0x00000000eda80000,0x00000000edc80000)
 ParOldGen       total 39936K, used 0K [0x00000000c6200000, 0x00000000c8900000, 0x00000000ecb80000)
  object space 39936K, 0% used [0x00000000c6200000,0x00000000c6200000,0x00000000c8900000)
 Metaspace       used 12233K, capacity 12394K, committed 12544K, reserved 1060864K
  class space    used 1461K, capacity 1514K, committed 1536K, reserved 1048576K

Card table byte_map: [0x00007f80505e3000,0x00007f80507b3000] byte_map_base: 0x00007f804ffb2000

Marking Bits: (ParMarkBitMap*) 0x00007f8052e6aac0
 Begin Bits: [0x00007f8036310000, 0x00007f8037188000)
 End Bits:   [0x00007f8037188000, 0x00007f8038000000)

Polling page: 0x00007f8053ab0000

CodeCache: size=245760Kb used=3222Kb max_used=3222Kb free=242537Kb
 bounds [0x00007f803d000000, 0x00007f803d330000, 0x00007f804c000000]
 total_blobs=1403 nmethods=859 adapters=460
 compilation: enabled

Compilation events (10 events):
Event: 6.025 Thread 0x00007f804c0b2800  855       3       java.awt.EventQueue$3::run (60 bytes)
Event: 6.026 Thread 0x00007f804c0b2800 nmethod 855 0x00007f803d3227d0 code [0x00007f803d322980, 0x00007f803d322e38]
Event: 6.079 Thread 0x00007f804c0b2800  856       3       java.awt.EventDispatchThread$1::evaluate (2 bytes)
Event: 6.079 Thread 0x00007f804c0b2800 nmethod 856 0x00007f803d323050 code [0x00007f803d3231a0, 0x00007f803d3232f0]
Event: 6.240 Thread 0x00007f804c0b2800  857       3       java.awt.EventQueue::coalesceMouseEvent (44 bytes)
Event: 6.241 Thread 0x00007f804c0b2800 nmethod 857 0x00007f803d323350 code [0x00007f803d3234e0, 0x00007f803d323928]
Event: 6.335 Thread 0x00007f804c0b2800  858       3       java.util.regex.Pattern$Branch::match (66 bytes)
Event: 6.336 Thread 0x00007f804c0b2800 nmethod 858 0x00007f803d323ad0 code [0x00007f803d323c80, 0x00007f803d324158]
Event: 7.375 Thread 0x00007f804c0b2800  859   !   3       java.awt.EventQueue::wakeup (79 bytes)
Event: 7.376 Thread 0x00007f804c0b2800 nmethod 859 0x00007f803d325350 code [0x00007f803d325580, 0x00007f803d326118]

GC Heap History (0 events):
No events

Deoptimization events (1 events):
Event: 2.677 Thread 0x00007f7fec055000 Uncommon trap: reason=unreached action=reinterpret pc=0x00007f803d24de2c method=java.util.concurrent.locks.AbstractQueuedSynchronizer.release(I)Z @ 14

Internal exceptions (10 events):
Event: 0.560 Thread 0x00007f804c246000 Exception <a 'java/security/PrivilegedActionException'> (0x00000000ecf29040) thrown at [/HUDSON/workspace/8-2-build-linux-amd64/jdk8u20/1074/hotspot/src/share/vm/prims/jvm.cpp, line 1275]
Event: 0.599 Thread 0x00007f804c246000 Exception <a 'java/security/PrivilegedActionException'> (0x00000000ecf3e860) thrown at [/HUDSON/workspace/8-2-build-linux-amd64/jdk8u20/1074/hotspot/src/share/vm/prims/jvm.cpp, line 1275]
Event: 0.708 Thread 0x00007f804c246000 Exception <a 'java/lang/UnsupportedOperationException': > (0x00000000ed142380) thrown at [/HUDSON/workspace/8-2-build-linux-amd64/jdk8u20/1074/hotspot/src/share/vm/prims/jni.cpp, line 742]
Event: 2.558 Thread 0x00007f804c2cc800 Exception <a 'java/net/SocketTimeoutException': Receive timed out> (0x00000000ed0c8628) thrown at [/HUDSON/workspace/8-2-build-linux-amd64/jdk8u20/1074/hotspot/src/share/vm/prims/jni.cpp, line 742]
Event: 2.560 Thread 0x00007f804c2cc800 Exception <a 'java/security/PrivilegedActionException'> (0x00000000ed0c91f0) thrown at [/HUDSON/workspace/8-2-build-linux-amd64/jdk8u20/1074/hotspot/src/share/vm/prims/jvm.cpp, line 1275]
Event: 2.585 Thread 0x00007f804c2cc800 Exception <a 'java/security/PrivilegedActionException'> (0x00000000ed1854c0) thrown at [/HUDSON/workspace/8-2-build-linux-amd64/jdk8u20/1074/hotspot/src/share/vm/prims/jvm.cpp, line 1275]
Event: 2.586 Thread 0x00007f804c2cc800 Exception <a 'java/security/PrivilegedActionException'> (0x00000000ed188628) thrown at [/HUDSON/workspace/8-2-build-linux-amd64/jdk8u20/1074/hotspot/src/share/vm/prims/jvm.cpp, line 1275]
Event: 2.677 Thread 0x00007f7fec055000 Implicit null exception at 0x00007f803d24ddc3 to 0x00007f803d24de1e
Event: 2.773 Thread 0x00007f804c246000 Exception <a 'java/lang/UnsupportedOperationException': > (0x00000000ed168e40) thrown at [/HUDSON/workspace/8-2-build-linux-amd64/jdk8u20/1074/hotspot/src/share/vm/prims/jni.cpp, line 742]
Event: 6.338 Thread 0x00007f804c246000 Exception <a 'java/security/PrivilegedActionException'> (0x00000000ed287a00) thrown at [/HUDSON/workspace/8-2-build-linux-amd64/jdk8u20/1074/hotspot/src/share/vm/prims/jvm.cpp, line 1275]

Events (10 events):
Event: 5.064 loading class java/util/function/Consumer done
Event: 5.064 loading class java/util/function/Predicate
Event: 5.064 loading class java/util/function/Predicate done
Event: 5.064 loading class java/io/SerialCallbackContext
Event: 5.064 loading class java/io/SerialCallbackContext done
Event: 5.074 loading class java/io/ObjectStreamClass$ExceptionInfo
Event: 5.074 loading class java/io/ObjectStreamClass$ExceptionInfo done
Event: 5.079 Thread 0x00007f804c2cc800 Thread exited: 0x00007f804c2cc800
Event: 6.338 loading class org/g0orx/openhpsdr/wdsp/WDSP
Event: 6.338 loading class org/g0orx/openhpsdr/wdsp/WDSP done


Dynamic libraries:
00400000-00401000 r-xp 00000000 08:06 28579635                           /home/john/jdk1.8.0_20/bin/java
00600000-00601000 rw-p 00000000 08:06 28579635                           /home/john/jdk1.8.0_20/bin/java
01534000-01555000 rw-p 00000000 00:00 0                                  [heap]
c6200000-c8900000 rw-p 00000000 00:00 0 
c8900000-ecb80000 ---p 00000000 00:00 0 
ecb80000-ede80000 rw-p 00000000 00:00 0 
ede80000-100000000 ---p 00000000 00:00 0 
100000000-100180000 rw-p 00000000 00:00 0 
100180000-140000000 ---p 00000000 00:00 0 
7f7fe4000000-7f7fe4021000 rw-p 00000000 00:00 0 
7f7fe4021000-7f7fe8000000 ---p 00000000 00:00 0 
7f7fe85e7000-7f7fec000000 rw-p 00000000 00:00 0 
7f7fec000000-7f7fec70d000 rw-p 00000000 00:00 0 
7f7fec70d000-7f7ff0000000 ---p 00000000 00:00 0 
7f7ff0000000-7f7ff0089000 rw-p 00000000 00:00 0 
7f7ff0089000-7f7ff4000000 ---p 00000000 00:00 0 
7f7ff4000000-7f7ff4029000 rw-p 00000000 00:00 0 
7f7ff4029000-7f7ff8000000 ---p 00000000 00:00 0 
7f7ff8000000-7f7ff8021000 rw-p 00000000 00:00 0 
7f7ff8021000-7f7ffc000000 ---p 00000000 00:00 0 
7f7ffc000000-7f7ffc021000 rw-p 00000000 00:00 0 
7f7ffc021000-7f8000000000 ---p 00000000 00:00 0 
7f8000000000-7f8000021000 rw-p 00000000 00:00 0 
7f8000021000-7f8004000000 ---p 00000000 00:00 0 
7f8004197000-7f8004f9c000 rw-p 00000000 00:00 0 
7f8004f9c000-7f8004ff4000 r-xp 00000000 08:06 27922299                   /usr/local/lib/libwdspj.so
7f8004ff4000-7f80051f3000 ---p 00058000 08:06 27922299                   /usr/local/lib/libwdspj.so
7f80051f3000-7f80051f4000 r--p 00057000 08:06 27922299                   /usr/local/lib/libwdspj.so
7f80051f4000-7f80051f5000 rw-p 00058000 08:06 27922299                   /usr/local/lib/libwdspj.so
7f80051f5000-7f80051fe000 rw-p 00000000 00:00 0 
7f80051fe000-7f8005302000 r-xp 00000000 08:06 27927958                   /usr/local/lib/libfftw3.so.3.3.2
7f8005302000-7f8005501000 ---p 00104000 08:06 27927958                   /usr/local/lib/libfftw3.so.3.3.2
7f8005501000-7f8005508000 r--p 00103000 08:06 27927958                   /usr/local/lib/libfftw3.so.3.3.2
7f8005508000-7f8005509000 rw-p 0010a000 08:06 27927958                   /usr/local/lib/libfftw3.so.3.3.2
7f8005509000-7f800550c000 ---p 00000000 00:00 0 
7f800550c000-7f80056ca000 rw-p 00000000 00:00 0                          [stack:1440]
7f80056ca000-7f800580a000 ---p 00000000 00:00 0 
7f800580a000-7f8005834000 r-xp 00000000 08:06 3146423                    /home/john/jdk1.8.0_20/jre/lib/amd64/libdcpr.so
7f8005834000-7f8005a34000 ---p 0002a000 08:06 3146423                    /home/john/jdk1.8.0_20/jre/lib/amd64/libdcpr.so
7f8005a34000-7f8005a37000 rw-p 0002a000 08:06 3146423                    /home/john/jdk1.8.0_20/jre/lib/amd64/libdcpr.so
7f8005a37000-7f8005a3a000 ---p 00000000 00:00 0 
7f8005a3a000-7f8005b38000 rw-p 00000000 00:00 0 
7f8005b38000-7f8005ba1000 r-xp 00000000 08:06 3146435                    /home/john/jdk1.8.0_20/jre/lib/amd64/libt2k.so
7f8005ba1000-7f8005da0000 ---p 00069000 08:06 3146435                    /home/john/jdk1.8.0_20/jre/lib/amd64/libt2k.so
7f8005da0000-7f8005da7000 rw-p 00068000 08:06 3146435                    /home/john/jdk1.8.0_20/jre/lib/amd64/libt2k.so
7f8005da7000-7f8005db7000 rw-p 00000000 00:00 0 
7f8005db7000-7f8005dc8000 r-xp 00000000 08:06 3146470                    /home/john/jdk1.8.0_20/jre/lib/amd64/libnio.so
7f8005dc8000-7f8005fc7000 ---p 00011000 08:06 3146470                    /home/john/jdk1.8.0_20/jre/lib/amd64/libnio.so
7f8005fc7000-7f8005fc8000 rw-p 00010000 08:06 3146470                    /home/john/jdk1.8.0_20/jre/lib/amd64/libnio.so
7f8005fc8000-7f80061c8000 rw-p 00000000 00:00 0 
7f80061c8000-7f80061de000 r-xp 00000000 08:06 3146467                    /home/john/jdk1.8.0_20/jre/lib/amd64/libnet.so
7f80061de000-7f80063de000 ---p 00016000 08:06 3146467                    /home/john/jdk1.8.0_20/jre/lib/amd64/libnet.so
7f80063de000-7f80063df000 rw-p 00016000 08:06 3146467                    /home/john/jdk1.8.0_20/jre/lib/amd64/libnet.so
7f80063df000-7f80063e2000 ---p 00000000 00:00 0 
7f80063e2000-7f80064e0000 rw-p 00000000 00:00 0                          [stack:1438]
7f80064e0000-7f80064e3000 ---p 00000000 00:00 0 
7f80064e3000-7f80065e1000 rw-p 00000000 00:00 0                          [stack:1437]
7f80065e1000-7f80065e4000 ---p 00000000 00:00 0 
7f80065e4000-7f80066e2000 rw-p 00000000 00:00 0                          [stack:1436]
7f80066e2000-7f80066e7000 r-xp 00000000 08:06 27532859                   /usr/lib/x86_64-linux-gnu/libXfixes.so.3.1.0
7f80066e7000-7f80068e6000 ---p 00005000 08:06 27532859                   /usr/lib/x86_64-linux-gnu/libXfixes.so.3.1.0
7f80068e6000-7f80068e7000 r--p 00004000 08:06 27532859                   /usr/lib/x86_64-linux-gnu/libXfixes.so.3.1.0
7f80068e7000-7f80068e8000 rw-p 00005000 08:06 27532859                   /usr/lib/x86_64-linux-gnu/libXfixes.so.3.1.0
7f80068e8000-7f80068f1000 r-xp 00000000 08:06 27532851                   /usr/lib/x86_64-linux-gnu/libXcursor.so.1.0.2
7f80068f1000-7f8006af0000 ---p 00009000 08:06 27532851                   /usr/lib/x86_64-linux-gnu/libXcursor.so.1.0.2
7f8006af0000-7f8006af1000 r--p 00008000 08:06 27532851                   /usr/lib/x86_64-linux-gnu/libXcursor.so.1.0.2
7f8006af1000-7f8006af2000 rw-p 00009000 08:06 27532851                   /usr/lib/x86_64-linux-gnu/libXcursor.so.1.0.2
7f8006af2000-7f8006af5000 ---p 00000000 00:00 0 
7f8006af5000-7f8006bf3000 rw-p 00000000 00:00 0                          [stack:1435]
7f8006bf3000-7f8006c09000 r-xp 00000000 08:06 14417925                   /lib/x86_64-linux-gnu/libgcc_s.so.1
7f8006c09000-7f8006e08000 ---p 00016000 08:06 14417925                   /lib/x86_64-linux-gnu/libgcc_s.so.1
7f8006e08000-7f8006e09000 rw-p 00015000 08:06 14417925                   /lib/x86_64-linux-gnu/libgcc_s.so.1
7f8006e09000-7f8006e6e000 r-xp 00000000 08:06 3146452                    /home/john/jdk1.8.0_20/jre/lib/amd64/libfontmanager.so
7f8006e6e000-7f800706d000 ---p 00065000 08:06 3146452                    /home/john/jdk1.8.0_20/jre/lib/amd64/libfontmanager.so
7f800706d000-7f8007071000 rw-p 00064000 08:06 3146452                    /home/john/jdk1.8.0_20/jre/lib/amd64/libfontmanager.so
7f8007071000-7f8007082000 rw-p 00000000 00:00 0 
7f8007082000-7f8007087000 r-xp 00000000 08:06 27532855                   /usr/lib/x86_64-linux-gnu/libXdmcp.so.6.0.0
7f8007087000-7f8007286000 ---p 00005000 08:06 27532855                   /usr/lib/x86_64-linux-gnu/libXdmcp.so.6.0.0
7f8007286000-7f8007287000 r--p 00004000 08:06 27532855                   /usr/lib/x86_64-linux-gnu/libXdmcp.so.6.0.0
7f8007287000-7f8007288000 rw-p 00005000 08:06 27532855                   /usr/lib/x86_64-linux-gnu/libXdmcp.so.6.0.0
7f8007288000-7f800728a000 r-xp 00000000 08:06 27532844                   /usr/lib/x86_64-linux-gnu/libXau.so.6.0.0
7f800728a000-7f800748a000 ---p 00002000 08:06 27532844                   /usr/lib/x86_64-linux-gnu/libXau.so.6.0.0
7f800748a000-7f800748b000 r--p 00002000 08:06 27532844                   /usr/lib/x86_64-linux-gnu/libXau.so.6.0.0
7f800748b000-7f800748c000 rw-p 00003000 08:06 27532844                   /usr/lib/x86_64-linux-gnu/libXau.so.6.0.0
7f800748c000-7f80074a9000 r-xp 00000000 08:06 27533914                   /usr/lib/x86_64-linux-gnu/libxcb.so.1.1.0
7f80074a9000-7f80076a9000 ---p 0001d000 08:06 27533914                   /usr/lib/x86_64-linux-gnu/libxcb.so.1.1.0
7f80076a9000-7f80076aa000 r--p 0001d000 08:06 27533914                   /usr/lib/x86_64-linux-gnu/libxcb.so.1.1.0
7f80076aa000-7f80076ab000 rw-p 0001e000 08:06 27533914                   /usr/lib/x86_64-linux-gnu/libxcb.so.1.1.0
7f80076ab000-7f80076ba000 r-xp 00000000 08:06 27532865                   /usr/lib/x86_64-linux-gnu/libXi.so.6.1.0
7f80076ba000-7f80078b9000 ---p 0000f000 08:06 27532865                   /usr/lib/x86_64-linux-gnu/libXi.so.6.1.0
7f80078b9000-7f80078ba000 r--p 0000e000 08:06 27532865                   /usr/lib/x86_64-linux-gnu/libXi.so.6.1.0
7f80078ba000-7f80078bb000 rw-p 0000f000 08:06 27532865                   /usr/lib/x86_64-linux-gnu/libXi.so.6.1.0
7f80078bb000-7f80078c0000 r-xp 00000000 08:06 27532885                   /usr/lib/x86_64-linux-gnu/libXtst.so.6.1.0
7f80078c0000-7f8007abf000 ---p 00005000 08:06 27532885                   /usr/lib/x86_64-linux-gnu/libXtst.so.6.1.0
7f8007abf000-7f8007ac0000 r--p 00004000 08:06 27532885                   /usr/lib/x86_64-linux-gnu/libXtst.so.6.1.0
7f8007ac0000-7f8007ac1000 rw-p 00005000 08:06 27532885                   /usr/lib/x86_64-linux-gnu/libXtst.so.6.1.0
7f8007ac1000-7f8007aca000 r-xp 00000000 08:06 27532879                   /usr/lib/x86_64-linux-gnu/libXrender.so.1.3.0
7f8007aca000-7f8007cc9000 ---p 00009000 08:06 27532879                   /usr/lib/x86_64-linux-gnu/libXrender.so.1.3.0
7f8007cc9000-7f8007cca000 r--p 00008000 08:06 27532879                   /usr/lib/x86_64-linux-gnu/libXrender.so.1.3.0
7f8007cca000-7f8007ccb000 rw-p 00009000 08:06 27532879                   /usr/lib/x86_64-linux-gnu/libXrender.so.1.3.0
7f8007ccb000-7f8007dfb000 r-xp 00000000 08:06 27532840                   /usr/lib/x86_64-linux-gnu/libX11.so.6.3.0
7f8007dfb000-7f8007ffb000 ---p 00130000 08:06 27532840                   /usr/lib/x86_64-linux-gnu/libX11.so.6.3.0
7f8007ffb000-7f8007ffc000 r--p 00130000 08:06 27532840                   /usr/lib/x86_64-linux-gnu/libX11.so.6.3.0
7f8007ffc000-7f8008000000 rw-p 00131000 08:06 27532840                   /usr/lib/x86_64-linux-gnu/libX11.so.6.3.0
7f8008000000-7f8008725000 rw-p 00000000 00:00 0 
7f8008725000-7f800c000000 ---p 00000000 00:00 0 
7f800c000000-7f800c021000 rw-p 00000000 00:00 0 
7f800c021000-7f8010000000 ---p 00000000 00:00 0 
7f8010000000-7f80101bc000 rw-p 00000000 00:00 0 
7f80101bc000-7f8014000000 ---p 00000000 00:00 0 
7f8014000000-7f801405f000 rw-p 00000000 00:00 0 
7f801405f000-7f8018000000 ---p 00000000 00:00 0 
7f8018000000-7f8018021000 rw-p 00000000 00:00 0 
7f8018021000-7f801c000000 ---p 00000000 00:00 0 
7f801c000000-7f801c021000 rw-p 00000000 00:00 0 
7f801c021000-7f8020000000 ---p 00000000 00:00 0 
7f8020000000-7f8020021000 rw-p 00000000 00:00 0 
7f8020021000-7f8024000000 ---p 00000000 00:00 0 
7f8024000000-7f8024021000 rw-p 00000000 00:00 0 
7f8024021000-7f8028000000 ---p 00000000 00:00 0 
7f8028000000-7f8028021000 rw-p 00000000 00:00 0 
7f8028021000-7f802c000000 ---p 00000000 00:00 0 
7f802c000000-7f802c021000 rw-p 00000000 00:00 0 
7f802c021000-7f8030000000 ---p 00000000 00:00 0 
7f8030000000-7f8030021000 rw-p 00000000 00:00 0 
7f8030021000-7f8034000000 ---p 00000000 00:00 0 
7f8034079000-7f803408a000 r-xp 00000000 08:06 27532857                   /usr/lib/x86_64-linux-gnu/libXext.so.6.4.0
7f803408a000-7f8034289000 ---p 00011000 08:06 27532857                   /usr/lib/x86_64-linux-gnu/libXext.so.6.4.0
7f8034289000-7f803428a000 r--p 00010000 08:06 27532857                   /usr/lib/x86_64-linux-gnu/libXext.so.6.4.0
7f803428a000-7f803428b000 rw-p 00011000 08:06 27532857                   /usr/lib/x86_64-linux-gnu/libXext.so.6.4.0
7f8034291000-7f80342ad000 r--s 00393000 08:06 3146303                    /home/john/jdk1.8.0_20/jre/lib/ext/cldrdata.jar
7f80342ad000-7f8034301000 r-xp 00000000 08:06 3146474                    /home/john/jdk1.8.0_20/jre/lib/amd64/libawt_xawt.so
7f8034301000-7f8034501000 ---p 00054000 08:06 3146474                    /home/john/jdk1.8.0_20/jre/lib/amd64/libawt_xawt.so
7f8034501000-7f8034505000 rw-p 00054000 08:06 3146474                    /home/john/jdk1.8.0_20/jre/lib/amd64/libawt_xawt.so
7f8034505000-7f8034506000 rw-p 00000000 00:00 0 
7f8034506000-7f80345a8000 r-xp 00000000 08:06 3146460                    /home/john/jdk1.8.0_20/jre/lib/amd64/libawt.so
7f80345a8000-7f80347a8000 ---p 000a2000 08:06 3146460                    /home/john/jdk1.8.0_20/jre/lib/amd64/libawt.so
7f80347a8000-7f80347b4000 rw-p 000a2000 08:06 3146460                    /home/john/jdk1.8.0_20/jre/lib/amd64/libawt.so
7f80347b4000-7f80347d8000 rw-p 00000000 00:00 0 
7f80347d8000-7f80347d9000 ---p 00000000 00:00 0 
7f80347d9000-7f80348d9000 rw-p 00000000 00:00 0                          [stack:1433]
7f80348d9000-7f80348dc000 ---p 00000000 00:00 0 
7f80348dc000-7f80349da000 rw-p 00000000 00:00 0                          [stack:1424]
7f80349da000-7f80349dd000 ---p 00000000 00:00 0 
7f80349dd000-7f8034adb000 rw-p 00000000 00:00 0                          [stack:1423]
7f8034adb000-7f8034ade000 ---p 00000000 00:00 0 
7f8034ade000-7f8034bdc000 rw-p 00000000 00:00 0                          [stack:1422]
7f8034bdc000-7f8034bdf000 ---p 00000000 00:00 0 
7f8034bdf000-7f8034cdd000 rw-p 00000000 00:00 0                          [stack:1421]
7f8034cdd000-7f8034ce0000 ---p 00000000 00:00 0 
7f8034ce0000-7f8034dde000 rw-p 00000000 00:00 0                          [stack:1420]
7f8034dde000-7f80354c0000 r--p 00000000 08:06 27531858                   /usr/lib/locale/locale-archive
7f80354c0000-7f80354c3000 ---p 00000000 00:00 0 
7f80354c3000-7f80355c1000 rw-p 00000000 00:00 0                          [stack:1419]
7f80355c1000-7f80355c4000 ---p 00000000 00:00 0 
7f80355c4000-7f80356c2000 rw-p 00000000 00:00 0                          [stack:1418]
7f80356c2000-7f80356c3000 ---p 00000000 00:00 0 
7f80356c3000-7f8038000000 rw-p 00000000 00:00 0                          [stack:1417]
7f8038000000-7f8038021000 rw-p 00000000 00:00 0 
7f8038021000-7f803c000000 ---p 00000000 00:00 0 
7f803c015000-7f803c45b000 rw-p 00000000 00:00 0 
7f803c45b000-7f803c631000 r--s 03ca8000 08:06 2885685                    /home/john/jdk1.8.0_20/jre/lib/rt.jar
7f803c631000-7f803d000000 rw-p 00000000 00:00 0 
7f803d000000-7f803d330000 rwxp 00000000 00:00 0 
7f803d330000-7f804c000000 ---p 00000000 00:00 0 
7f804c000000-7f804c4ae000 rw-p 00000000 00:00 0 
7f804c4ae000-7f8050000000 ---p 00000000 00:00 0 
7f8050005000-7f8050009000 rw-s 00000000 00:04 1993441298                 /SYSV00000000 (deleted)
7f8050009000-7f8050013000 r--s 00116000 08:06 3146309                    /home/john/jdk1.8.0_20/jre/lib/ext/localedata.jar
7f8050013000-7f80500aa000 rw-p 00000000 00:00 0 
7f80500aa000-7f80500ab000 ---p 00000000 00:00 0 
7f80500ab000-7f80501ab000 rw-p 00000000 00:00 0                          [stack:1416]
7f80501ab000-7f80501ac000 ---p 00000000 00:00 0 
7f80501ac000-7f80502ac000 rw-p 00000000 00:00 0                          [stack:1415]
7f80502ac000-7f80502ad000 ---p 00000000 00:00 0 
7f80502ad000-7f80503ad000 rw-p 00000000 00:00 0                          [stack:1414]
7f80503ad000-7f80503ae000 ---p 00000000 00:00 0 
7f80503ae000-7f80504c2000 rw-p 00000000 00:00 0                          [stack:1413]
7f80504c2000-7f80505e3000 ---p 00000000 00:00 0 
7f80505e3000-7f80505f7000 rw-p 00000000 00:00 0 
7f80505f7000-7f8050717000 ---p 00000000 00:00 0 
7f8050717000-7f8050722000 rw-p 00000000 00:00 0 
7f8050722000-7f80507b2000 ---p 00000000 00:00 0 
7f80507b2000-7f80507c0000 rw-p 00000000 00:00 0 
7f80507c0000-7f8050b73000 ---p 00000000 00:00 0 
7f8050b73000-7f8050b8d000 r-xp 00000000 08:06 3146463                    /home/john/jdk1.8.0_20/jre/lib/amd64/libzip.so
7f8050b8d000-7f8050d8d000 ---p 0001a000 08:06 3146463                    /home/john/jdk1.8.0_20/jre/lib/amd64/libzip.so
7f8050d8d000-7f8050d8e000 rw-p 0001a000 08:06 3146463                    /home/john/jdk1.8.0_20/jre/lib/amd64/libzip.so
7f8050d8e000-7f8050d99000 r-xp 00000000 08:06 14423904                   /lib/x86_64-linux-gnu/libnss_files-2.19.so
7f8050d99000-7f8050f98000 ---p 0000b000 08:06 14423904                   /lib/x86_64-linux-gnu/libnss_files-2.19.so
7f8050f98000-7f8050f99000 r--p 0000a000 08:06 14423904                   /lib/x86_64-linux-gnu/libnss_files-2.19.so
7f8050f99000-7f8050f9a000 rw-p 0000b000 08:06 14423904                   /lib/x86_64-linux-gnu/libnss_files-2.19.so
7f8050f9a000-7f8050fa5000 r-xp 00000000 08:06 14425471                   /lib/x86_64-linux-gnu/libnss_nis-2.19.so
7f8050fa5000-7f80511a4000 ---p 0000b000 08:06 14425471                   /lib/x86_64-linux-gnu/libnss_nis-2.19.so
7f80511a4000-7f80511a5000 r--p 0000a000 08:06 14425471                   /lib/x86_64-linux-gnu/libnss_nis-2.19.so
7f80511a5000-7f80511a6000 rw-p 0000b000 08:06 14425471                   /lib/x86_64-linux-gnu/libnss_nis-2.19.so
7f80511a6000-7f80511bd000 r-xp 00000000 08:06 14425460                   /lib/x86_64-linux-gnu/libnsl-2.19.so
7f80511bd000-7f80513bc000 ---p 00017000 08:06 14425460                   /lib/x86_64-linux-gnu/libnsl-2.19.so
7f80513bc000-7f80513bd000 r--p 00016000 08:06 14425460                   /lib/x86_64-linux-gnu/libnsl-2.19.so
7f80513bd000-7f80513be000 rw-p 00017000 08:06 14425460                   /lib/x86_64-linux-gnu/libnsl-2.19.so
7f80513be000-7f80513c0000 rw-p 00000000 00:00 0 
7f80513c0000-7f80513c9000 r-xp 00000000 08:06 14425459                   /lib/x86_64-linux-gnu/libnss_compat-2.19.so
7f80513c9000-7f80515c8000 ---p 00009000 08:06 14425459                   /lib/x86_64-linux-gnu/libnss_compat-2.19.so
7f80515c8000-7f80515c9000 r--p 00008000 08:06 14425459                   /lib/x86_64-linux-gnu/libnss_compat-2.19.so
7f80515c9000-7f80515ca000 rw-p 00009000 08:06 14425459                   /lib/x86_64-linux-gnu/libnss_compat-2.19.so
7f80515ca000-7f80515f4000 r-xp 00000000 08:06 3146458                    /home/john/jdk1.8.0_20/jre/lib/amd64/libjava.so
7f80515f4000-7f80517f4000 ---p 0002a000 08:06 3146458                    /home/john/jdk1.8.0_20/jre/lib/amd64/libjava.so
7f80517f4000-7f80517f6000 rw-p 0002a000 08:06 3146458                    /home/john/jdk1.8.0_20/jre/lib/amd64/libjava.so
7f80517f6000-7f8051803000 r-xp 00000000 08:06 3146462                    /home/john/jdk1.8.0_20/jre/lib/amd64/libverify.so
7f8051803000-7f8051a03000 ---p 0000d000 08:06 3146462                    /home/john/jdk1.8.0_20/jre/lib/amd64/libverify.so
7f8051a03000-7f8051a05000 rw-p 0000d000 08:06 3146462                    /home/john/jdk1.8.0_20/jre/lib/amd64/libverify.so
7f8051a05000-7f8051a0c000 r-xp 00000000 08:06 14425468                   /lib/x86_64-linux-gnu/librt-2.19.so
7f8051a0c000-7f8051c0b000 ---p 00007000 08:06 14425468                   /lib/x86_64-linux-gnu/librt-2.19.so
7f8051c0b000-7f8051c0c000 r--p 00006000 08:06 14425468                   /lib/x86_64-linux-gnu/librt-2.19.so
7f8051c0c000-7f8051c0d000 rw-p 00007000 08:06 14425468                   /lib/x86_64-linux-gnu/librt-2.19.so
7f8051c0d000-7f8051d12000 r-xp 00000000 08:06 14423902                   /lib/x86_64-linux-gnu/libm-2.19.so
7f8051d12000-7f8051f11000 ---p 00105000 08:06 14423902                   /lib/x86_64-linux-gnu/libm-2.19.so
7f8051f11000-7f8051f12000 r--p 00104000 08:06 14423902                   /lib/x86_64-linux-gnu/libm-2.19.so
7f8051f12000-7f8051f13000 rw-p 00105000 08:06 14423902                   /lib/x86_64-linux-gnu/libm-2.19.so
7f8051f13000-7f8052b7d000 r-xp 00000000 08:06 3146444                    /home/john/jdk1.8.0_20/jre/lib/amd64/server/libjvm.so
7f8052b7d000-7f8052d7c000 ---p 00c6a000 08:06 3146444                    /home/john/jdk1.8.0_20/jre/lib/amd64/server/libjvm.so
7f8052d7c000-7f8052e53000 rw-p 00c69000 08:06 3146444                    /home/john/jdk1.8.0_20/jre/lib/amd64/server/libjvm.so
7f8052e53000-7f8052e95000 rw-p 00000000 00:00 0 
7f8052e95000-7f8053050000 r-xp 00000000 08:06 14425465                   /lib/x86_64-linux-gnu/libc-2.19.so
7f8053050000-7f805324f000 ---p 001bb000 08:06 14425465                   /lib/x86_64-linux-gnu/libc-2.19.so
7f805324f000-7f8053253000 r--p 001ba000 08:06 14425465                   /lib/x86_64-linux-gnu/libc-2.19.so
7f8053253000-7f8053255000 rw-p 001be000 08:06 14425465                   /lib/x86_64-linux-gnu/libc-2.19.so
7f8053255000-7f805325a000 rw-p 00000000 00:00 0 
7f805325a000-7f805325d000 r-xp 00000000 08:06 14425454                   /lib/x86_64-linux-gnu/libdl-2.19.so
7f805325d000-7f805345c000 ---p 00003000 08:06 14425454                   /lib/x86_64-linux-gnu/libdl-2.19.so
7f805345c000-7f805345d000 r--p 00002000 08:06 14425454                   /lib/x86_64-linux-gnu/libdl-2.19.so
7f805345d000-7f805345e000 rw-p 00003000 08:06 14425454                   /lib/x86_64-linux-gnu/libdl-2.19.so
7f805345e000-7f8053473000 r-xp 00000000 08:06 2885489                    /home/john/jdk1.8.0_20/lib/amd64/jli/libjli.so
7f8053473000-7f8053672000 ---p 00015000 08:06 2885489                    /home/john/jdk1.8.0_20/lib/amd64/jli/libjli.so
7f8053672000-7f8053673000 rw-p 00014000 08:06 2885489                    /home/john/jdk1.8.0_20/lib/amd64/jli/libjli.so
7f8053673000-7f805368c000 r-xp 00000000 08:06 14425466                   /lib/x86_64-linux-gnu/libpthread-2.19.so
7f805368c000-7f805388b000 ---p 00019000 08:06 14425466                   /lib/x86_64-linux-gnu/libpthread-2.19.so
7f805388b000-7f805388c000 r--p 00018000 08:06 14425466                   /lib/x86_64-linux-gnu/libpthread-2.19.so
7f805388c000-7f805388d000 rw-p 00019000 08:06 14425466                   /lib/x86_64-linux-gnu/libpthread-2.19.so
7f805388d000-7f8053891000 rw-p 00000000 00:00 0 
7f8053891000-7f80538b4000 r-xp 00000000 08:06 14425462                   /lib/x86_64-linux-gnu/ld-2.19.so
7f80538b5000-7f80538b7000 rw-p 00000000 00:00 0 
7f80538b7000-7f80538b8000 r--p 00000000 08:06 664782                     /usr/share/locale-langpack/en_GB/LC_MESSAGES/libc.mo
7f80538b8000-7f805398a000 rw-p 00000000 00:00 0 
7f805398a000-7f805398d000 ---p 00000000 00:00 0 
7f805398d000-7f8053a8f000 rw-p 00000000 00:00 0                          [stack:1412]
7f8053a8f000-7f8053a94000 r--s 002f8000 08:06 2885683                    /home/john/jdk1.8.0_20/jre/lib/charsets.jar
7f8053a94000-7f8053aa7000 rw-p 00000000 00:00 0 
7f8053aa7000-7f8053aaf000 rw-s 00000000 08:06 24117560                   /tmp/hsperfdata_john/1406
7f8053aaf000-7f8053ab0000 rw-p 00000000 00:00 0 
7f8053ab0000-7f8053ab1000 r--p 00000000 00:00 0 
7f8053ab1000-7f8053ab3000 rw-p 00000000 00:00 0 
7f8053ab3000-7f8053ab4000 r--p 00022000 08:06 14425462                   /lib/x86_64-linux-gnu/ld-2.19.so
7f8053ab4000-7f8053ab5000 rw-p 00023000 08:06 14425462                   /lib/x86_64-linux-gnu/ld-2.19.so
7f8053ab5000-7f8053ab6000 rw-p 00000000 00:00 0 
7fff2c2b6000-7fff2c2d7000 rw-p 00000000 00:00 0                          [stack]
7fff2c35b000-7fff2c35d000 r-xp 00000000 00:00 0                          [vdso]
ffffffffff600000-ffffffffff601000 r-xp 00000000 00:00 0                  [vsyscall]

VM Arguments:
jvm_args: -Dfile.encoding=UTF-8 -Djava.library.path=/usr/local/lib 
java_command: org.g0orx.openhpsdr.OpenHPSDRJ
java_class_path (initial): /home/john/NetBeansProjects/openHPSDRJ/build/classes
Launcher Type: SUN_STANDARD

Environment Variables:
PATH=/usr/local/sbin:/usr/local/bin:/usr/sbin:/usr/bin:/sbin:/bin:/usr/games:/usr/local/games
LD_LIBRARY_PATH=/home/john/jdk1.8.0_20/jre/lib/amd64:/home/john/jdk1.8.0_20/jre/lib/i386:
SHELL=/bin/bash
DISPLAY=:0.0

Signal Handlers:
SIGSEGV: [libjvm.so+0xa77530], sa_mask[0]=11111111011111111101111111111110, sa_flags=SA_RESTART|SA_SIGINFO
SIGBUS: [libjvm.so+0xa77530], sa_mask[0]=11111111011111111101111111111110, sa_flags=SA_RESTART|SA_SIGINFO
SIGFPE: [libjvm.so+0x8e1d90], sa_mask[0]=11111111011111111101111111111110, sa_flags=SA_RESTART|SA_SIGINFO
SIGPIPE: [libjvm.so+0x8e1d90], sa_mask[0]=11111111011111111101111111111110, sa_flags=SA_RESTART|SA_SIGINFO
SIGXFSZ: [libjvm.so+0x8e1d90], sa_mask[0]=11111111011111111101111111111110, sa_flags=SA_RESTART|SA_SIGINFO
SIGILL: [libjvm.so+0x8e1d90], sa_mask[0]=11111111011111111101111111111110, sa_flags=SA_RESTART|SA_SIGINFO
SIGUSR1: SIG_DFL, sa_mask[0]=00000000000000000000000000000000, sa_flags=none
SIGUSR2: [libjvm.so+0x8e35c0], sa_mask[0]=00100000000000000000000000000000, sa_flags=SA_RESTART|SA_SIGINFO
SIGHUP: [libjvm.so+0x8e4980], sa_mask[0]=11111111011111111101111111111110, sa_flags=SA_RESTART|SA_SIGINFO
SIGINT: SIG_IGN, sa_mask[0]=00000000000000000000000000000000, sa_flags=none
SIGTERM: [libjvm.so+0x8e4980], sa_mask[0]=11111111011111111101111111111110, sa_flags=SA_RESTART|SA_SIGINFO
SIGQUIT: [libjvm.so+0x8e4980], sa_mask[0]=11111111011111111101111111111110, sa_flags=SA_RESTART|SA_SIGINFO


---------------  S Y S T E M  ---------------

OS:DISTRIB_ID=Ubuntu
DISTRIB_RELEASE=14.04
DISTRIB_CODENAME=trusty
DISTRIB_DESCRIPTION="Ubuntu 14.04.2 LTS"

uname:Linux 3.13.0-46-generic #79-Ubuntu SMP Tue Mar 10 20:06:50 UTC 2015 x86_64
libc:glibc 2.19 NPTL 2.19 
rlimit: STACK 8192k, CORE 0k, NPROC 29404, NOFILE 4096, AS infinity
load average:0.88 0.56 0.32

/proc/meminfo:
MemTotal:        3785356 kB
MemFree:          107824 kB
Buffers:           32720 kB
Cached:           917480 kB
SwapCached:        30008 kB
Active:          2375712 kB
Inactive:         937220 kB
Active(anon):    2061004 kB
Inactive(anon):   622784 kB
Active(file):     314708 kB
Inactive(file):   314436 kB
Unevictable:          64 kB
Mlocked:              64 kB
SwapTotal:       3926012 kB
SwapFree:        3573996 kB
Dirty:              1244 kB
Writeback:             0 kB
AnonPages:       2345088 kB
Mapped:           148384 kB
Shmem:            320984 kB
Slab:             269048 kB
SReclaimable:     235448 kB
SUnreclaim:        33600 kB
KernelStack:        4304 kB
PageTables:        34540 kB
NFS_Unstable:          0 kB
Bounce:                0 kB
WritebackTmp:          0 kB
CommitLimit:     5818688 kB
Committed_AS:    6382104 kB
VmallocTotal:   34359738367 kB
VmallocUsed:      351612 kB
VmallocChunk:   34359377680 kB
HardwareCorrupted:     0 kB
AnonHugePages:    407552 kB
HugePages_Total:       0
HugePages_Free:        0
HugePages_Rsvd:        0
HugePages_Surp:        0
Hugepagesize:       2048 kB
DirectMap4k:       79744 kB
DirectMap2M:     3848192 kB


CPU:total 4 (2 cores per cpu, 2 threads per core) family 6 model 37 stepping 2, cmov, cx8, fxsr, mmx, sse, sse2, sse3, ssse3, sse4.1, sse4.2, popcnt, aes, clmul, ht, tsc, tscinvbit

/proc/cpuinfo:
processor	: 0
vendor_id	: GenuineIntel
cpu family	: 6
model		: 37
model name	: Intel(R) Core(TM) i5 CPU         650  @ 3.20GHz
stepping	: 2
microcode	: 0x9
cpu MHz		: 1862.000
cache size	: 4096 KB
physical id	: 0
siblings	: 4
core id		: 0
cpu cores	: 2
apicid		: 0
initial apicid	: 0
fpu		: yes
fpu_exception	: yes
cpuid level	: 11
wp		: yes
flags		: fpu vme de pse tsc msr pae mce cx8 apic sep mtrr pge mca cmov pat pse36 clflush dts acpi mmx fxsr sse sse2 ss ht tm pbe syscall nx rdtscp lm constant_tsc arch_perfmon pebs bts rep_good nopl xtopology nonstop_tsc aperfmperf pni pclmulqdq dtes64 monitor ds_cpl vmx smx est tm2 ssse3 cx16 xtpr pdcm sse4_1 sse4_2 popcnt aes lahf_lm ida arat dtherm tpr_shadow vnmi flexpriority ept vpid
bogomips	: 6400.38
clflush size	: 64
cache_alignment	: 64
address sizes	: 36 bits physical, 48 bits virtual
power management:

processor	: 1
vendor_id	: GenuineIntel
cpu family	: 6
model		: 37
model name	: Intel(R) Core(TM) i5 CPU         650  @ 3.20GHz
stepping	: 2
microcode	: 0x9
cpu MHz		: 1197.000
cache size	: 4096 KB
physical id	: 0
siblings	: 4
core id		: 2
cpu cores	: 2
apicid		: 4
initial apicid	: 4
fpu		: yes
fpu_exception	: yes
cpuid level	: 11
wp		: yes
flags		: fpu vme de pse tsc msr pae mce cx8 apic sep mtrr pge mca cmov pat pse36 clflush dts acpi mmx fxsr sse sse2 ss ht tm pbe syscall nx rdtscp lm constant_tsc arch_perfmon pebs bts rep_good nopl xtopology nonstop_tsc aperfmperf pni pclmulqdq dtes64 monitor ds_cpl vmx smx est tm2 ssse3 cx16 xtpr pdcm sse4_1 sse4_2 popcnt aes lahf_lm ida arat dtherm tpr_shadow vnmi flexpriority ept vpid
bogomips	: 6400.38
clflush size	: 64
cache_alignment	: 64
address sizes	: 36 bits physical, 48 bits virtual
power management:

processor	: 2
vendor_id	: GenuineIntel
cpu family	: 6
model		: 37
model name	: Intel(R) Core(TM) i5 CPU         650  @ 3.20GHz
stepping	: 2
microcode	: 0x9
cpu MHz		: 3193.000
cache size	: 4096 KB
physical id	: 0
siblings	: 4
core id		: 0
cpu cores	: 2
apicid		: 1
initial apicid	: 1
fpu		: yes
fpu_exception	: yes
cpuid level	: 11
wp		: yes
flags		: fpu vme de pse tsc msr pae mce cx8 apic sep mtrr pge mca cmov pat pse36 clflush dts acpi mmx fxsr sse sse2 ss ht tm pbe syscall nx rdtscp lm constant_tsc arch_perfmon pebs bts rep_good nopl xtopology nonstop_tsc aperfmperf pni pclmulqdq dtes64 monitor ds_cpl vmx smx est tm2 ssse3 cx16 xtpr pdcm sse4_1 sse4_2 popcnt aes lahf_lm ida arat dtherm tpr_shadow vnmi flexpriority ept vpid
bogomips	: 6400.38
clflush size	: 64
cache_alignment	: 64
address sizes	: 36 bits physical, 48 bits virtual
power management:

processor	: 3
vendor_id	: GenuineIntel
cpu family	: 6
model		: 37
model name	: Intel(R) Core(TM) i5 CPU         650  @ 3.20GHz
stepping	: 2
microcode	: 0x9
cpu MHz		: 1197.000
cache size	: 4096 KB
physical id	: 0
siblings	: 4
core id		: 2
cpu cores	: 2
apicid		: 5
initial apicid	: 5
fpu		: yes
fpu_exception	: yes
cpuid level	: 11
wp		: yes
flags		: fpu vme de pse tsc msr pae mce cx8 apic sep mtrr pge mca cmov pat pse36 clflush dts acpi mmx fxsr sse sse2 ss ht tm pbe syscall nx rdtscp lm constant_tsc arch_perfmon pebs bts rep_good nopl xtopology nonstop_tsc aperfmperf pni pclmulqdq dtes64 monitor ds_cpl vmx smx est tm2 ssse3 cx16 xtpr pdcm sse4_1 sse4_2 popcnt aes lahf_lm ida arat dtherm tpr_shadow vnmi flexpriority ept vpid
bogomips	: 6400.38
clflush size	: 64
cache_alignment	: 64
address sizes	: 36 bits physical, 48 bits virtual
power management:



Memory: 4k page, physical 3785356k(107824k free), swap 3926012k(3573996k free)

vm_info: Java HotSpot(TM) 64-Bit Server VM (25.20-b23) for linux-amd64 JRE (1.8.0_20-b26), built on Jul 30 2014 13:13:52 by "java_re" with gcc 4.3.0 20080428 (Red Hat 4.3.0-8)

time: Tue Mar 24 22:26:01 2015
elapsed time: 8 seconds (0d 0h 0m 8s)

