#
# A fatal error has been detected by the Java Runtime Environment:
#
#  SIGSEGV (0xb) at pc=0x00007f5c4a2be690, pid=9646, tid=140034380232448
#
# JRE version: Java(TM) SE Runtime Environment (8.0_20-b26) (build 1.8.0_20-b26)
# Java VM: Java HotSpot(TM) 64-Bit Server VM (25.20-b23 mixed mode linux-amd64 compressed oops)
# Problematic frame:
# C  [libwdspj.so+0x2a690]  eq_mults+0x3f9
#
# Failed to write core dump. Core dumps have been disabled. To enable core dumping, try "ulimit -c unlimited" before starting Java again
#
# If you would like to submit a bug report, please visit:
#   http://bugreport.sun.com/bugreport/crash.jsp
# The crash happened outside the Java Virtual Machine in native code.
# See problematic frame for where to report the bug.
#

---------------  T H R E A D  ---------------

Current thread (0x00007f5c90288800):  JavaThread "AWT-EventQueue-0" [_thread_in_native, id=9667, stack(0x00007f5c4b6d7000,0x00007f5c4b7d8000)]

siginfo: si_signo: 11 (SIGSEGV), si_code: 2 (SEGV_ACCERR), si_addr: 0x00007f5c30cfa528

Registers:
RAX=0x00007f5c30cfa528, RBX=0x00007f5c30cf9fd0, RCX=0x7fffffffffffffff, RDX=0x0000000000001558
RSP=0x00007f5c4b7d3b40, RBP=0x00007f5c4b7d3c10, RSI=0x0000000040240000, RDI=0x00007f5c30cf8fd0
R8 =0x0000000000000000, R9 =0x0000000000cf9000, R10=0x00007f5c30000078, R11=0x0000000030000001
R12=0x00007f5c30c4ee20, R13=0x00007f5c30c4ee20, R14=0x00007f5c30c85b80, R15=0x0000000000005dc0
RIP=0x00007f5c4a2be690, EFLAGS=0x0000000000010206, CSGSFS=0x0000000000000033, ERR=0x0000000000000004
  TRAPNO=0x000000000000000e

Top of Stack: (sp=0x00007f5c4b7d3b40)
0x00007f5c4b7d3b40:   00007f5c30ceffd0 4024000000000000
0x00007f5c4b7d3b50:   0000000000000001 3f40000000000000
0x00007f5c4b7d3b60:   40d7700000000000 00007f5c4b7d3d50
0x00007f5c4b7d3b70:   00007f5c4b7d3cf0 000004000000000a
0x00007f5c4b7d3b80:   00007f5c4b7d3c60 0000000900000201
0x00007f5c4b7d3b90:   0000020030c4ee20 000002ab00000001
0x00007f5c4b7d3ba0:   0000000000005dc0 3f40000000000000
0x00007f5c4b7d3bb0:   00007f5c00000001 00007f5c30cac310
0x00007f5c4b7d3bc0:   00007f5c30cac230 00007f5c30cf8fd0
0x00007f5c4b7d3bd0:   0000000000000000 3ff0000000000000
0x00007f5c4b7d3be0:   3fe0000000000001 00007f5c4a2da2ce
0x00007f5c4b7d3bf0:   3fb999999999999a 00007f5c4a5e41f6
0x00007f5c4b7d3c00:   0000001000000000 0000000000000400
0x00007f5c4b7d3c10:   00007f5c4b7d3c60 00007f5c4a2bea94
0x00007f5c4b7d3c20:   40d7700000000000 00007f5c4b7d3cf0
0x00007f5c4b7d3c30:   0000000a30c4ee20 00007f5c30c4ee20
0x00007f5c4b7d3c40:   00007f5c30c4ee20 0000000000000400
0x00007f5c4b7d3c50:   00007f5c30b84aa0 00007f5c30cabf70
0x00007f5c4b7d3c60:   00007f5c4b7d3de0 00007f5c4a2d23a0
0x00007f5c4b7d3c70:   00007f5c4b7d3d50 0000000000000000
0x00007f5c4b7d3c80:   3ff3333300000001 3fabfc6d00005dc0
0x00007f5c4b7d3c90:   0000000000000000 3fd85e7a12826949
0x00007f5c4b7d3ca0:   3bf898cc51701c00 3c78a40e9b5face0
0x00007f5c4b7d3cb0:   3fed96e82f71a9dc 3c8ff61bd5d2039d
0x00007f5c4b7d3cc0:   40b3880000000000 00000002970ce60e
0x00007f5c4b7d3cd0:   42c800000000006b 0000000000000000
0x00007f5c4b7d3ce0:   3fd87de2a6aea903 3c7ffc9dfd1677f3
0x00007f5c4b7d3cf0:   0000000000000000 4040000000000000
0x00007f5c4b7d3d00:   404f800000000000 405f400000000000
0x00007f5c4b7d3d10:   406f400000000000 407f400000000000
0x00007f5c4b7d3d20:   408f400000000000 409f400000000000
0x00007f5c4b7d3d30:   40af400000000000 40bf400000000000 

Instructions: (pc=0x00007f5c4a2be690)
0x00007f5c4a2be670:   45 b8 48 01 d0 48 8b 00 48 89 45 98 8b 45 8c 48
0x00007f5c4a2be680:   98 48 8d 14 c5 00 00 00 00 48 8b 45 b8 48 01 d0
0x00007f5c4a2be690:   48 8b 00 48 89 45 a0 f2 0f 2a 45 88 f2 0f 2a 4d
0x00007f5c4a2be6a0:   84 f2 0f 5e c1 48 b8 00 00 00 00 00 00 10 40 48 

Register to memory mapping:

RAX=0x00007f5c30cfa528 is an unknown value
RBX=0x00007f5c30cf9fd0 is an unknown value
RCX=0x7fffffffffffffff is an unknown value
RDX=0x0000000000001558 is an unknown value
RSP=0x00007f5c4b7d3b40 is pointing into the stack for thread: 0x00007f5c90288800
RBP=0x00007f5c4b7d3c10 is pointing into the stack for thread: 0x00007f5c90288800
RSI=0x0000000040240000 is an unknown value
RDI=0x00007f5c30cf8fd0 is an unknown value
R8 =0x0000000000000000 is an unknown value
R9 =0x0000000000cf9000 is an unknown value
R10=0x00007f5c30000078 is an unknown value
R11=0x0000000030000001 is an unknown value
R12=0x00007f5c30c4ee20 is an unknown value
R13=0x00007f5c30c4ee20 is an unknown value
R14=0x00007f5c30c85b80 is an unknown value
R15=0x0000000000005dc0 is an unknown value


Stack: [0x00007f5c4b6d7000,0x00007f5c4b7d8000],  sp=0x00007f5c4b7d3b40,  free space=1010k
Native frames: (J=compiled Java code, j=interpreted, Vv=VM code, C=native code)
C  [libwdspj.so+0x2a690]  eq_mults+0x3f9
C  [libwdspj.so+0x2aa94]  create_eq+0x1b5
C  [libwdspj.so+0x3e3a0]  create_rxa+0x12e3
C  [libwdspj.so+0x3966f]  create_main+0x44
C  [libwdspj.so+0x21650]  build_channel+0x1f
C  [libwdspj.so+0x218b9]  OpenChannel+0x25d
C  [libwdspj.so+0x4a792]  Java_org_g0orx_openhpsdr_wdsp_WDSP_OpenChannel+0xa4
j  org.g0orx.openhpsdr.wdsp.WDSP.OpenChannel(IIIIIIIIDDDDI)V+0
j  org.g0orx.openhpsdr.Radio.start()V+764
j  org.g0orx.openhpsdr.Radio.jButtonStartActionPerformed(Ljava/awt/event/ActionEvent;)V+26
j  org.g0orx.openhpsdr.Radio.access$300(Lorg/g0orx/openhpsdr/Radio;Ljava/awt/event/ActionEvent;)V+2
j  org.g0orx.openhpsdr.Radio$4.actionPerformed(Ljava/awt/event/ActionEvent;)V+5
j  javax.swing.AbstractButton.fireActionPerformed(Ljava/awt/event/ActionEvent;)V+83
j  javax.swing.AbstractButton$Handler.actionPerformed(Ljava/awt/event/ActionEvent;)V+5
j  javax.swing.DefaultButtonModel.fireActionPerformed(Ljava/awt/event/ActionEvent;)V+34
j  javax.swing.DefaultButtonModel.setPressed(Z)V+117
j  javax.swing.plaf.basic.BasicButtonListener.mouseReleased(Ljava/awt/event/MouseEvent;)V+35
j  java.awt.Component.processMouseEvent(Ljava/awt/event/MouseEvent;)V+64
j  javax.swing.JComponent.processMouseEvent(Ljava/awt/event/MouseEvent;)V+23
j  java.awt.Component.processEvent(Ljava/awt/AWTEvent;)V+81
J 788 C1 java.awt.Container.processEvent(Ljava/awt/AWTEvent;)V (22 bytes) @ 0x00007f5c812f6884 [0x00007f5c812f6560+0x324]
J 759 C1 java.awt.Component.dispatchEventImpl(Ljava/awt/AWTEvent;)V (883 bytes) @ 0x00007f5c812d395c [0x00007f5c812ce4e0+0x547c]
J 661 C1 java.awt.Container.dispatchEventImpl(Ljava/awt/AWTEvent;)V (129 bytes) @ 0x00007f5c812605e4 [0x00007f5c812604a0+0x144]
J 660 C1 java.awt.Component.dispatchEvent(Ljava/awt/AWTEvent;)V (6 bytes) @ 0x00007f5c81260104 [0x00007f5c81260000+0x104]
j  java.awt.LightweightDispatcher.retargetMouseEvent(Ljava/awt/Component;ILjava/awt/event/MouseEvent;)V+327
j  java.awt.LightweightDispatcher.processMouseEvent(Ljava/awt/event/MouseEvent;)Z+143
J 774 C1 java.awt.LightweightDispatcher.dispatchEvent(Ljava/awt/AWTEvent;)Z (73 bytes) @ 0x00007f5c812edf34 [0x00007f5c812edb00+0x434]
J 661 C1 java.awt.Container.dispatchEventImpl(Ljava/awt/AWTEvent;)V (129 bytes) @ 0x00007f5c81260584 [0x00007f5c812604a0+0xe4]
J 758 C1 java.awt.Window.dispatchEventImpl(Ljava/awt/AWTEvent;)V (23 bytes) @ 0x00007f5c812cd784 [0x00007f5c812cd1a0+0x5e4]
J 660 C1 java.awt.Component.dispatchEvent(Ljava/awt/AWTEvent;)V (6 bytes) @ 0x00007f5c81260104 [0x00007f5c81260000+0x104]
j  java.awt.EventQueue.dispatchEventImpl(Ljava/awt/AWTEvent;Ljava/lang/Object;)V+41
j  java.awt.EventQueue.access$400(Ljava/awt/EventQueue;Ljava/awt/AWTEvent;Ljava/lang/Object;)V+3
j  java.awt.EventQueue$3.run()Ljava/lang/Void;+32
j  java.awt.EventQueue$3.run()Ljava/lang/Object;+1
v  ~StubRoutines::call_stub
V  [libjvm.so+0x663ce6]  JavaCalls::call_helper(JavaValue*, methodHandle*, JavaCallArguments*, Thread*)+0x1056
V  [libjvm.so+0x6f7d7c]  JVM_DoPrivileged+0x27c
J 622  java.security.AccessController.doPrivileged(Ljava/security/PrivilegedAction;Ljava/security/AccessControlContext;)Ljava/lang/Object; (0 bytes) @ 0x00007f5c81249f95 [0x00007f5c81249ec0+0xd5]
J 696 C1 java.security.ProtectionDomain$1.doIntersectionPrivilege(Ljava/security/PrivilegedAction;Ljava/security/AccessControlContext;Ljava/security/AccessControlContext;)Ljava/lang/Object; (32 bytes) @ 0x00007f5c8126e3bc [0x00007f5c8126e0c0+0x2fc]
J 761 C1 java.awt.EventQueue$4.run()Ljava/lang/Object; (5 bytes) @ 0x00007f5c812da714 [0x00007f5c812da320+0x3f4]
v  ~StubRoutines::call_stub
V  [libjvm.so+0x663ce6]  JavaCalls::call_helper(JavaValue*, methodHandle*, JavaCallArguments*, Thread*)+0x1056
V  [libjvm.so+0x6f7d7c]  JVM_DoPrivileged+0x27c
J 622  java.security.AccessController.doPrivileged(Ljava/security/PrivilegedAction;Ljava/security/AccessControlContext;)Ljava/lang/Object; (0 bytes) @ 0x00007f5c81249f95 [0x00007f5c81249ec0+0xd5]
J 696 C1 java.security.ProtectionDomain$1.doIntersectionPrivilege(Ljava/security/PrivilegedAction;Ljava/security/AccessControlContext;Ljava/security/AccessControlContext;)Ljava/lang/Object; (32 bytes) @ 0x00007f5c8126e3bc [0x00007f5c8126e0c0+0x2fc]
j  java.awt.EventQueue.dispatchEvent(Ljava/awt/AWTEvent;)V+73
j  java.awt.EventDispatchThread.pumpOneEventForFilters(I)V+245
j  java.awt.EventDispatchThread.pumpEventsForFilter(ILjava/awt/Conditional;Ljava/awt/EventFilter;)V+35
j  java.awt.EventDispatchThread.pumpEventsForHierarchy(ILjava/awt/Conditional;Ljava/awt/Component;)V+11
j  java.awt.EventDispatchThread.pumpEvents(ILjava/awt/Conditional;)V+4
j  java.awt.EventDispatchThread.pumpEvents(Ljava/awt/Conditional;)V+3
j  java.awt.EventDispatchThread.run()V+9
v  ~StubRoutines::call_stub
V  [libjvm.so+0x663ce6]  JavaCalls::call_helper(JavaValue*, methodHandle*, JavaCallArguments*, Thread*)+0x1056
V  [libjvm.so+0x6641f1]  JavaCalls::call_virtual(JavaValue*, KlassHandle, Symbol*, Symbol*, JavaCallArguments*, Thread*)+0x321
V  [libjvm.so+0x664697]  JavaCalls::call_virtual(JavaValue*, Handle, KlassHandle, Symbol*, Symbol*, Thread*)+0x47
V  [libjvm.so+0x6f1990]  thread_entry(JavaThread*, Thread*)+0xa0
V  [libjvm.so+0xa2990f]  JavaThread::thread_main_inner()+0xdf
V  [libjvm.so+0xa29a3c]  JavaThread::run()+0x11c
V  [libjvm.so+0x8e75f8]  java_start(Thread*)+0x108
C  [libpthread.so.0+0x8182]  start_thread+0xc2

Java frames: (J=compiled Java code, j=interpreted, Vv=VM code)
j  org.g0orx.openhpsdr.wdsp.WDSP.OpenChannel(IIIIIIIIDDDDI)V+0
j  org.g0orx.openhpsdr.Radio.start()V+764
j  org.g0orx.openhpsdr.Radio.jButtonStartActionPerformed(Ljava/awt/event/ActionEvent;)V+26
j  org.g0orx.openhpsdr.Radio.access$300(Lorg/g0orx/openhpsdr/Radio;Ljava/awt/event/ActionEvent;)V+2
j  org.g0orx.openhpsdr.Radio$4.actionPerformed(Ljava/awt/event/ActionEvent;)V+5
j  javax.swing.AbstractButton.fireActionPerformed(Ljava/awt/event/ActionEvent;)V+83
j  javax.swing.AbstractButton$Handler.actionPerformed(Ljava/awt/event/ActionEvent;)V+5
j  javax.swing.DefaultButtonModel.fireActionPerformed(Ljava/awt/event/ActionEvent;)V+34
j  javax.swing.DefaultButtonModel.setPressed(Z)V+117
j  javax.swing.plaf.basic.BasicButtonListener.mouseReleased(Ljava/awt/event/MouseEvent;)V+35
j  java.awt.Component.processMouseEvent(Ljava/awt/event/MouseEvent;)V+64
j  javax.swing.JComponent.processMouseEvent(Ljava/awt/event/MouseEvent;)V+23
j  java.awt.Component.processEvent(Ljava/awt/AWTEvent;)V+81
J 788 C1 java.awt.Container.processEvent(Ljava/awt/AWTEvent;)V (22 bytes) @ 0x00007f5c812f6884 [0x00007f5c812f6560+0x324]
J 759 C1 java.awt.Component.dispatchEventImpl(Ljava/awt/AWTEvent;)V (883 bytes) @ 0x00007f5c812d395c [0x00007f5c812ce4e0+0x547c]
J 661 C1 java.awt.Container.dispatchEventImpl(Ljava/awt/AWTEvent;)V (129 bytes) @ 0x00007f5c812605e4 [0x00007f5c812604a0+0x144]
J 660 C1 java.awt.Component.dispatchEvent(Ljava/awt/AWTEvent;)V (6 bytes) @ 0x00007f5c81260104 [0x00007f5c81260000+0x104]
j  java.awt.LightweightDispatcher.retargetMouseEvent(Ljava/awt/Component;ILjava/awt/event/MouseEvent;)V+327
j  java.awt.LightweightDispatcher.processMouseEvent(Ljava/awt/event/MouseEvent;)Z+143
J 774 C1 java.awt.LightweightDispatcher.dispatchEvent(Ljava/awt/AWTEvent;)Z (73 bytes) @ 0x00007f5c812edf34 [0x00007f5c812edb00+0x434]
J 661 C1 java.awt.Container.dispatchEventImpl(Ljava/awt/AWTEvent;)V (129 bytes) @ 0x00007f5c81260584 [0x00007f5c812604a0+0xe4]
J 758 C1 java.awt.Window.dispatchEventImpl(Ljava/awt/AWTEvent;)V (23 bytes) @ 0x00007f5c812cd784 [0x00007f5c812cd1a0+0x5e4]
J 660 C1 java.awt.Component.dispatchEvent(Ljava/awt/AWTEvent;)V (6 bytes) @ 0x00007f5c81260104 [0x00007f5c81260000+0x104]
j  java.awt.EventQueue.dispatchEventImpl(Ljava/awt/AWTEvent;Ljava/lang/Object;)V+41
j  java.awt.EventQueue.access$400(Ljava/awt/EventQueue;Ljava/awt/AWTEvent;Ljava/lang/Object;)V+3
j  java.awt.EventQueue$3.run()Ljava/lang/Void;+32
j  java.awt.EventQueue$3.run()Ljava/lang/Object;+1
v  ~StubRoutines::call_stub
J 622  java.security.AccessController.doPrivileged(Ljava/security/PrivilegedAction;Ljava/security/AccessControlContext;)Ljava/lang/Object; (0 bytes) @ 0x00007f5c81249f23 [0x00007f5c81249ec0+0x63]
J 696 C1 java.security.ProtectionDomain$1.doIntersectionPrivilege(Ljava/security/PrivilegedAction;Ljava/security/AccessControlContext;Ljava/security/AccessControlContext;)Ljava/lang/Object; (32 bytes) @ 0x00007f5c8126e3bc [0x00007f5c8126e0c0+0x2fc]
J 761 C1 java.awt.EventQueue$4.run()Ljava/lang/Object; (5 bytes) @ 0x00007f5c812da714 [0x00007f5c812da320+0x3f4]
v  ~StubRoutines::call_stub
J 622  java.security.AccessController.doPrivileged(Ljava/security/PrivilegedAction;Ljava/security/AccessControlContext;)Ljava/lang/Object; (0 bytes) @ 0x00007f5c81249f23 [0x00007f5c81249ec0+0x63]
J 696 C1 java.security.ProtectionDomain$1.doIntersectionPrivilege(Ljava/security/PrivilegedAction;Ljava/security/AccessControlContext;Ljava/security/AccessControlContext;)Ljava/lang/Object; (32 bytes) @ 0x00007f5c8126e3bc [0x00007f5c8126e0c0+0x2fc]
j  java.awt.EventQueue.dispatchEvent(Ljava/awt/AWTEvent;)V+73
j  java.awt.EventDispatchThread.pumpOneEventForFilters(I)V+245
j  java.awt.EventDispatchThread.pumpEventsForFilter(ILjava/awt/Conditional;Ljava/awt/EventFilter;)V+35
j  java.awt.EventDispatchThread.pumpEventsForHierarchy(ILjava/awt/Conditional;Ljava/awt/Component;)V+11
j  java.awt.EventDispatchThread.pumpEvents(ILjava/awt/Conditional;)V+4
j  java.awt.EventDispatchThread.pumpEvents(Ljava/awt/Conditional;)V+3
j  java.awt.EventDispatchThread.run()V+9
v  ~StubRoutines::call_stub

---------------  P R O C E S S  ---------------

Java Threads: ( => current thread )
  0x00007f5c3004f800 JavaThread "TimerQueue" daemon [_thread_blocked, id=9669, stack(0x00007f5c4a801000,0x00007f5c4a902000)]
  0x00007f5c90009800 JavaThread "DestroyJavaVM" [_thread_blocked, id=9650, stack(0x00007f5c98e2f000,0x00007f5c98f30000)]
=>0x00007f5c90288800 JavaThread "AWT-EventQueue-0" [_thread_in_native, id=9667, stack(0x00007f5c4b6d7000,0x00007f5c4b7d8000)]
  0x00007f5c90287000 JavaThread "AWT-Shutdown" [_thread_blocked, id=9666, stack(0x00007f5c4b7d8000,0x00007f5c4b8d9000)]
  0x00007f5c90254000 JavaThread "AWT-XAWT" daemon [_thread_in_native, id=9665, stack(0x00007f5c4b8d9000,0x00007f5c4b9da000)]
  0x00007f5c90224000 JavaThread "Java2D Disposer" daemon [_thread_blocked, id=9664, stack(0x00007f5c700f8000,0x00007f5c701f9000)]
  0x00007f5c900c8000 JavaThread "Service Thread" daemon [_thread_blocked, id=9662, stack(0x00007f5c800f1000,0x00007f5c801f2000)]
  0x00007f5c900b2800 JavaThread "C1 CompilerThread2" daemon [_thread_blocked, id=9661, stack(0x00007f5c801f2000,0x00007f5c802f3000)]
  0x00007f5c900b0800 JavaThread "C2 CompilerThread1" daemon [_thread_blocked, id=9660, stack(0x00007f5c802f3000,0x00007f5c803f4000)]
  0x00007f5c900ad800 JavaThread "C2 CompilerThread0" daemon [_thread_blocked, id=9659, stack(0x00007f5c803f4000,0x00007f5c804f5000)]
  0x00007f5c900ab800 JavaThread "Signal Dispatcher" daemon [_thread_blocked, id=9658, stack(0x00007f5c804f5000,0x00007f5c805f6000)]
  0x00007f5c9007c000 JavaThread "Finalizer" daemon [_thread_blocked, id=9657, stack(0x00007f5c805f6000,0x00007f5c806f7000)]
  0x00007f5c9007a000 JavaThread "Reference Handler" daemon [_thread_blocked, id=9656, stack(0x00007f5c806f7000,0x00007f5c807f8000)]

Other Threads:
  0x00007f5c90073000 VMThread [stack: 0x00007f5c807f8000,0x00007f5c808f9000] [id=9655]
  0x00007f5c900ca800 WatcherThread [stack: 0x00007f5c71b2d000,0x00007f5c71c2e000] [id=9663]

VM state:not at safepoint (normal execution)

VM Mutex/Monitor currently owned by a thread: None

Heap:
 PSYoungGen      total 17408K, used 7396K [0x00000000ecb80000, 0x00000000ede80000, 0x0000000100000000)
  eden space 15360K, 48% used [0x00000000ecb80000,0x00000000ed2b9008,0x00000000eda80000)
  from space 2048K, 0% used [0x00000000edc80000,0x00000000edc80000,0x00000000ede80000)
  to   space 2048K, 0% used [0x00000000eda80000,0x00000000eda80000,0x00000000edc80000)
 ParOldGen       total 39936K, used 0K [0x00000000c6200000, 0x00000000c8900000, 0x00000000ecb80000)
  object space 39936K, 0% used [0x00000000c6200000,0x00000000c6200000,0x00000000c8900000)
 Metaspace       used 11926K, capacity 12062K, committed 12288K, reserved 1060864K
  class space    used 1431K, capacity 1473K, committed 1536K, reserved 1048576K

Card table byte_map: [0x00007f5c95a88000,0x00007f5c95c58000] byte_map_base: 0x00007f5c95457000

Marking Bits: (ParMarkBitMap*) 0x00007f5c9830fac0
 Begin Bits: [0x00007f5c72310000, 0x00007f5c73188000)
 End Bits:   [0x00007f5c73188000, 0x00007f5c74000000)

Polling page: 0x00007f5c98f55000

CodeCache: size=245760Kb used=3075Kb max_used=3075Kb free=242684Kb
 bounds [0x00007f5c81000000, 0x00007f5c81310000, 0x00007f5c90000000]
 total_blobs=1345 nmethods=801 adapters=460
 compilation: enabled

Compilation events (10 events):
Event: 11.385 Thread 0x00007f5c900b2800  797       3       java.awt.Component::getFont (5 bytes)
Event: 11.386 Thread 0x00007f5c900b2800 nmethod 797 0x00007f5c812fd610 code [0x00007f5c812fd7a0, 0x00007f5c812fdca8]
Event: 11.482 Thread 0x00007f5c900b2800  798       3       java.awt.Component::repaint (16 bytes)
Event: 11.483 Thread 0x00007f5c900b2800 nmethod 798 0x00007f5c812fde10 code [0x00007f5c812fdf80, 0x00007f5c812fe1a8]
Event: 11.483 Thread 0x00007f5c900b2800  799   !   3       sun.awt.X11.XComponentPeer::pSetCursor (71 bytes)
Event: 11.485 Thread 0x00007f5c900b2800 nmethod 799 0x00007f5c812fe250 code [0x00007f5c812fe520, 0x00007f5c812ff688]
Event: 11.485 Thread 0x00007f5c900b2800  800       1       java.awt.Component::isMaximumSizeSet (5 bytes)
Event: 11.485 Thread 0x00007f5c900b2800 nmethod 800 0x00007f5c81300450 code [0x00007f5c813005a0, 0x00007f5c813006b0]
Event: 15.428 Thread 0x00007f5c900b2800  801   !   3       java.lang.ClassLoader::findNative (86 bytes)
Event: 15.429 Thread 0x00007f5c900b2800 nmethod 801 0x00007f5c81301510 code [0x00007f5c813016c0, 0x00007f5c81301f78]

GC Heap History (0 events):
No events

Deoptimization events (1 events):
Event: 2.550 Thread 0x00007f5c3004f800 Uncommon trap: reason=unreached action=reinterpret pc=0x00007f5c812433ec method=java.util.concurrent.locks.AbstractQueuedSynchronizer.release(I)Z @ 14

Internal exceptions (10 events):
Event: 0.437 Thread 0x00007f5c90288800 Exception <a 'java/security/PrivilegedActionException'> (0x00000000ecf40d68) thrown at [/HUDSON/workspace/8-2-build-linux-amd64/jdk8u20/1074/hotspot/src/share/vm/prims/jvm.cpp, line 1275]
Event: 0.543 Thread 0x00007f5c90288800 Exception <a 'java/lang/UnsupportedOperationException': > (0x00000000ed13c538) thrown at [/HUDSON/workspace/8-2-build-linux-amd64/jdk8u20/1074/hotspot/src/share/vm/prims/jni.cpp, line 742]
Event: 2.422 Thread 0x00007f5c902eb800 Exception <a 'java/net/SocketTimeoutException': Receive timed out> (0x00000000ed0cd0f8) thrown at [/HUDSON/workspace/8-2-build-linux-amd64/jdk8u20/1074/hotspot/src/share/vm/prims/jni.cpp, line 742]
Event: 2.423 Thread 0x00007f5c902eb800 Exception <a 'java/security/PrivilegedActionException'> (0x00000000ed0cdcc0) thrown at [/HUDSON/workspace/8-2-build-linux-amd64/jdk8u20/1074/hotspot/src/share/vm/prims/jvm.cpp, line 1275]
Event: 2.449 Thread 0x00007f5c902eb800 Exception <a 'java/security/PrivilegedActionException'> (0x00000000ed18db58) thrown at [/HUDSON/workspace/8-2-build-linux-amd64/jdk8u20/1074/hotspot/src/share/vm/prims/jvm.cpp, line 1275]
Event: 2.450 Thread 0x00007f5c902eb800 Exception <a 'java/security/PrivilegedActionException'> (0x00000000ed190cc0) thrown at [/HUDSON/workspace/8-2-build-linux-amd64/jdk8u20/1074/hotspot/src/share/vm/prims/jvm.cpp, line 1275]
Event: 2.550 Thread 0x00007f5c3004f800 Implicit null exception at 0x00007f5c81243384 to 0x00007f5c812433de
Event: 2.624 Thread 0x00007f5c90288800 Exception <a 'java/lang/UnsupportedOperationException': > (0x00000000ed163c38) thrown at [/HUDSON/workspace/8-2-build-linux-amd64/jdk8u20/1074/hotspot/src/share/vm/prims/jni.cpp, line 742]
Event: 11.481 Thread 0x00007f5c90288800 Exception <a 'java/io/FileNotFoundException'> (0x00000000ed278148) thrown at [/HUDSON/workspace/8-2-build-linux-amd64/jdk8u20/1074/hotspot/src/share/vm/prims/jni.cpp, line 716]
Event: 11.484 Thread 0x00007f5c90288800 Exception <a 'java/security/PrivilegedActionException'> (0x00000000ed27d320) thrown at [/HUDSON/workspace/8-2-build-linux-amd64/jdk8u20/1074/hotspot/src/share/vm/prims/jvm.cpp, line 1275]

Events (10 events):
Event: 4.953 loading class java/awt/KeyboardFocusManager$2 done
Event: 4.953 loading class sun/awt/SunToolkit$1
Event: 4.953 loading class sun/awt/SunToolkit$1 done
Event: 4.954 loading class sun/awt/X11/XUnmapEvent
Event: 4.954 loading class sun/awt/X11/XUnmapEvent done
Event: 4.959 loading class java/awt/Component$FlipBufferStrategy
Event: 4.959 loading class java/awt/Component$FlipBufferStrategy done
Event: 4.963 Thread 0x00007f5c902eb800 Thread exited: 0x00007f5c902eb800
Event: 11.484 loading class org/g0orx/openhpsdr/wdsp/WDSP
Event: 11.484 loading class org/g0orx/openhpsdr/wdsp/WDSP done


Dynamic libraries:
00400000-00401000 r-xp 00000000 08:06 28579635                           /home/john/jdk1.8.0_20/bin/java
00600000-00601000 rw-p 00000000 08:06 28579635                           /home/john/jdk1.8.0_20/bin/java
01d61000-01d82000 rw-p 00000000 00:00 0                                  [heap]
c6200000-c8900000 rw-p 00000000 00:00 0 
c8900000-ecb80000 ---p 00000000 00:00 0 
ecb80000-ede80000 rw-p 00000000 00:00 0 
ede80000-100000000 ---p 00000000 00:00 0 
100000000-100180000 rw-p 00000000 00:00 0 
100180000-140000000 ---p 00000000 00:00 0 
7f5c28000000-7f5c28021000 rw-p 00000000 00:00 0 
7f5c28021000-7f5c2c000000 ---p 00000000 00:00 0 
7f5c2c168000-7f5c2c169000 ---p 00000000 00:00 0 
7f5c2c169000-7f5c2d1ef000 rw-p 00000000 00:00 0                          [stack:9671]
7f5c2d1ef000-7f5c2d1f0000 ---p 00000000 00:00 0 
7f5c2d1f0000-7f5c30000000 rw-p 00000000 00:00 0                          [stack:9670]
7f5c30000000-7f5c30f80000 rw-p 00000000 00:00 0 
7f5c30f80000-7f5c34000000 ---p 00000000 00:00 0 
7f5c34000000-7f5c34053000 rw-p 00000000 00:00 0 
7f5c34053000-7f5c38000000 ---p 00000000 00:00 0 
7f5c38000000-7f5c38281000 rw-p 00000000 00:00 0 
7f5c38281000-7f5c3c000000 ---p 00000000 00:00 0 
7f5c3c000000-7f5c3c021000 rw-p 00000000 00:00 0 
7f5c3c021000-7f5c40000000 ---p 00000000 00:00 0 
7f5c40000000-7f5c40021000 rw-p 00000000 00:00 0 
7f5c40021000-7f5c44000000 ---p 00000000 00:00 0 
7f5c44000000-7f5c44021000 rw-p 00000000 00:00 0 
7f5c44021000-7f5c48000000 ---p 00000000 00:00 0 
7f5c48086000-7f5c4a294000 rw-p 00000000 00:00 0 
7f5c4a294000-7f5c4a2ec000 r-xp 00000000 08:06 27922299                   /usr/local/lib/libwdspj.so
7f5c4a2ec000-7f5c4a4eb000 ---p 00058000 08:06 27922299                   /usr/local/lib/libwdspj.so
7f5c4a4eb000-7f5c4a4ec000 r--p 00057000 08:06 27922299                   /usr/local/lib/libwdspj.so
7f5c4a4ec000-7f5c4a4ed000 rw-p 00058000 08:06 27922299                   /usr/local/lib/libwdspj.so
7f5c4a4ed000-7f5c4a4f6000 rw-p 00000000 00:00 0 
7f5c4a4f6000-7f5c4a5fa000 r-xp 00000000 08:06 27927958                   /usr/local/lib/libfftw3.so.3.3.2
7f5c4a5fa000-7f5c4a7f9000 ---p 00104000 08:06 27927958                   /usr/local/lib/libfftw3.so.3.3.2
7f5c4a7f9000-7f5c4a800000 r--p 00103000 08:06 27927958                   /usr/local/lib/libfftw3.so.3.3.2
7f5c4a800000-7f5c4a801000 rw-p 0010a000 08:06 27927958                   /usr/local/lib/libfftw3.so.3.3.2
7f5c4a801000-7f5c4a804000 ---p 00000000 00:00 0 
7f5c4a804000-7f5c4a982000 rw-p 00000000 00:00 0                          [stack:9669]
7f5c4a982000-7f5c4ab02000 ---p 00000000 00:00 0 
7f5c4ab02000-7f5c4ab2c000 r-xp 00000000 08:06 3146423                    /home/john/jdk1.8.0_20/jre/lib/amd64/libdcpr.so
7f5c4ab2c000-7f5c4ad2c000 ---p 0002a000 08:06 3146423                    /home/john/jdk1.8.0_20/jre/lib/amd64/libdcpr.so
7f5c4ad2c000-7f5c4ad2f000 rw-p 0002a000 08:06 3146423                    /home/john/jdk1.8.0_20/jre/lib/amd64/libdcpr.so
7f5c4ad2f000-7f5c4ad32000 ---p 00000000 00:00 0 
7f5c4ad32000-7f5c4b030000 rw-p 00000000 00:00 0 
7f5c4b030000-7f5c4b099000 r-xp 00000000 08:06 3146435                    /home/john/jdk1.8.0_20/jre/lib/amd64/libt2k.so
7f5c4b099000-7f5c4b298000 ---p 00069000 08:06 3146435                    /home/john/jdk1.8.0_20/jre/lib/amd64/libt2k.so
7f5c4b298000-7f5c4b29f000 rw-p 00068000 08:06 3146435                    /home/john/jdk1.8.0_20/jre/lib/amd64/libt2k.so
7f5c4b29f000-7f5c4b2af000 rw-p 00000000 00:00 0 
7f5c4b2af000-7f5c4b2c0000 r-xp 00000000 08:06 3146470                    /home/john/jdk1.8.0_20/jre/lib/amd64/libnio.so
7f5c4b2c0000-7f5c4b4bf000 ---p 00011000 08:06 3146470                    /home/john/jdk1.8.0_20/jre/lib/amd64/libnio.so
7f5c4b4bf000-7f5c4b4c0000 rw-p 00010000 08:06 3146470                    /home/john/jdk1.8.0_20/jre/lib/amd64/libnio.so
7f5c4b4c0000-7f5c4b4d6000 r-xp 00000000 08:06 3146467                    /home/john/jdk1.8.0_20/jre/lib/amd64/libnet.so
7f5c4b4d6000-7f5c4b6d6000 ---p 00016000 08:06 3146467                    /home/john/jdk1.8.0_20/jre/lib/amd64/libnet.so
7f5c4b6d6000-7f5c4b6d7000 rw-p 00016000 08:06 3146467                    /home/john/jdk1.8.0_20/jre/lib/amd64/libnet.so
7f5c4b6d7000-7f5c4b6da000 ---p 00000000 00:00 0 
7f5c4b6da000-7f5c4b7d8000 rw-p 00000000 00:00 0                          [stack:9667]
7f5c4b7d8000-7f5c4b7db000 ---p 00000000 00:00 0 
7f5c4b7db000-7f5c4b8d9000 rw-p 00000000 00:00 0                          [stack:9666]
7f5c4b8d9000-7f5c4b8dc000 ---p 00000000 00:00 0 
7f5c4b8dc000-7f5c4b9da000 rw-p 00000000 00:00 0                          [stack:9665]
7f5c4b9da000-7f5c4b9df000 r-xp 00000000 08:06 27532859                   /usr/lib/x86_64-linux-gnu/libXfixes.so.3.1.0
7f5c4b9df000-7f5c4bbde000 ---p 00005000 08:06 27532859                   /usr/lib/x86_64-linux-gnu/libXfixes.so.3.1.0
7f5c4bbde000-7f5c4bbdf000 r--p 00004000 08:06 27532859                   /usr/lib/x86_64-linux-gnu/libXfixes.so.3.1.0
7f5c4bbdf000-7f5c4bbe0000 rw-p 00005000 08:06 27532859                   /usr/lib/x86_64-linux-gnu/libXfixes.so.3.1.0
7f5c4bbe0000-7f5c4bbe9000 r-xp 00000000 08:06 27532851                   /usr/lib/x86_64-linux-gnu/libXcursor.so.1.0.2
7f5c4bbe9000-7f5c4bde8000 ---p 00009000 08:06 27532851                   /usr/lib/x86_64-linux-gnu/libXcursor.so.1.0.2
7f5c4bde8000-7f5c4bde9000 r--p 00008000 08:06 27532851                   /usr/lib/x86_64-linux-gnu/libXcursor.so.1.0.2
7f5c4bde9000-7f5c4bdea000 rw-p 00009000 08:06 27532851                   /usr/lib/x86_64-linux-gnu/libXcursor.so.1.0.2
7f5c4bdea000-7f5c4be00000 r-xp 00000000 08:06 14417925                   /lib/x86_64-linux-gnu/libgcc_s.so.1
7f5c4be00000-7f5c4bfff000 ---p 00016000 08:06 14417925                   /lib/x86_64-linux-gnu/libgcc_s.so.1
7f5c4bfff000-7f5c4c000000 rw-p 00015000 08:06 14417925                   /lib/x86_64-linux-gnu/libgcc_s.so.1
7f5c4c000000-7f5c4c6c0000 rw-p 00000000 00:00 0 
7f5c4c6c0000-7f5c50000000 ---p 00000000 00:00 0 
7f5c50000000-7f5c50021000 rw-p 00000000 00:00 0 
7f5c50021000-7f5c54000000 ---p 00000000 00:00 0 
7f5c54000000-7f5c540a6000 rw-p 00000000 00:00 0 
7f5c540a6000-7f5c58000000 ---p 00000000 00:00 0 
7f5c58000000-7f5c58071000 rw-p 00000000 00:00 0 
7f5c58071000-7f5c5c000000 ---p 00000000 00:00 0 
7f5c5c000000-7f5c5c021000 rw-p 00000000 00:00 0 
7f5c5c021000-7f5c60000000 ---p 00000000 00:00 0 
7f5c60000000-7f5c60021000 rw-p 00000000 00:00 0 
7f5c60021000-7f5c64000000 ---p 00000000 00:00 0 
7f5c64000000-7f5c64021000 rw-p 00000000 00:00 0 
7f5c64021000-7f5c68000000 ---p 00000000 00:00 0 
7f5c68000000-7f5c68021000 rw-p 00000000 00:00 0 
7f5c68021000-7f5c6c000000 ---p 00000000 00:00 0 
7f5c6c000000-7f5c6c021000 rw-p 00000000 00:00 0 
7f5c6c021000-7f5c70000000 ---p 00000000 00:00 0 
7f5c700f8000-7f5c700fb000 ---p 00000000 00:00 0 
7f5c700fb000-7f5c701f9000 rw-p 00000000 00:00 0                          [stack:9664]
7f5c701f9000-7f5c7025e000 r-xp 00000000 08:06 3146452                    /home/john/jdk1.8.0_20/jre/lib/amd64/libfontmanager.so
7f5c7025e000-7f5c7045d000 ---p 00065000 08:06 3146452                    /home/john/jdk1.8.0_20/jre/lib/amd64/libfontmanager.so
7f5c7045d000-7f5c70461000 rw-p 00064000 08:06 3146452                    /home/john/jdk1.8.0_20/jre/lib/amd64/libfontmanager.so
7f5c70461000-7f5c70472000 rw-p 00000000 00:00 0 
7f5c70472000-7f5c70477000 r-xp 00000000 08:06 27532855                   /usr/lib/x86_64-linux-gnu/libXdmcp.so.6.0.0
7f5c70477000-7f5c70676000 ---p 00005000 08:06 27532855                   /usr/lib/x86_64-linux-gnu/libXdmcp.so.6.0.0
7f5c70676000-7f5c70677000 r--p 00004000 08:06 27532855                   /usr/lib/x86_64-linux-gnu/libXdmcp.so.6.0.0
7f5c70677000-7f5c70678000 rw-p 00005000 08:06 27532855                   /usr/lib/x86_64-linux-gnu/libXdmcp.so.6.0.0
7f5c70678000-7f5c7067a000 r-xp 00000000 08:06 27532844                   /usr/lib/x86_64-linux-gnu/libXau.so.6.0.0
7f5c7067a000-7f5c7087a000 ---p 00002000 08:06 27532844                   /usr/lib/x86_64-linux-gnu/libXau.so.6.0.0
7f5c7087a000-7f5c7087b000 r--p 00002000 08:06 27532844                   /usr/lib/x86_64-linux-gnu/libXau.so.6.0.0
7f5c7087b000-7f5c7087c000 rw-p 00003000 08:06 27532844                   /usr/lib/x86_64-linux-gnu/libXau.so.6.0.0
7f5c7087c000-7f5c70899000 r-xp 00000000 08:06 27533914                   /usr/lib/x86_64-linux-gnu/libxcb.so.1.1.0
7f5c70899000-7f5c70a99000 ---p 0001d000 08:06 27533914                   /usr/lib/x86_64-linux-gnu/libxcb.so.1.1.0
7f5c70a99000-7f5c70a9a000 r--p 0001d000 08:06 27533914                   /usr/lib/x86_64-linux-gnu/libxcb.so.1.1.0
7f5c70a9a000-7f5c70a9b000 rw-p 0001e000 08:06 27533914                   /usr/lib/x86_64-linux-gnu/libxcb.so.1.1.0
7f5c70a9b000-7f5c70aaa000 r-xp 00000000 08:06 27532865                   /usr/lib/x86_64-linux-gnu/libXi.so.6.1.0
7f5c70aaa000-7f5c70ca9000 ---p 0000f000 08:06 27532865                   /usr/lib/x86_64-linux-gnu/libXi.so.6.1.0
7f5c70ca9000-7f5c70caa000 r--p 0000e000 08:06 27532865                   /usr/lib/x86_64-linux-gnu/libXi.so.6.1.0
7f5c70caa000-7f5c70cab000 rw-p 0000f000 08:06 27532865                   /usr/lib/x86_64-linux-gnu/libXi.so.6.1.0
7f5c70cab000-7f5c70cb0000 r-xp 00000000 08:06 27532885                   /usr/lib/x86_64-linux-gnu/libXtst.so.6.1.0
7f5c70cb0000-7f5c70eaf000 ---p 00005000 08:06 27532885                   /usr/lib/x86_64-linux-gnu/libXtst.so.6.1.0
7f5c70eaf000-7f5c70eb0000 r--p 00004000 08:06 27532885                   /usr/lib/x86_64-linux-gnu/libXtst.so.6.1.0
7f5c70eb0000-7f5c70eb1000 rw-p 00005000 08:06 27532885                   /usr/lib/x86_64-linux-gnu/libXtst.so.6.1.0
7f5c70eb1000-7f5c70eba000 r-xp 00000000 08:06 27532879                   /usr/lib/x86_64-linux-gnu/libXrender.so.1.3.0
7f5c70eba000-7f5c710b9000 ---p 00009000 08:06 27532879                   /usr/lib/x86_64-linux-gnu/libXrender.so.1.3.0
7f5c710b9000-7f5c710ba000 r--p 00008000 08:06 27532879                   /usr/lib/x86_64-linux-gnu/libXrender.so.1.3.0
7f5c710ba000-7f5c710bb000 rw-p 00009000 08:06 27532879                   /usr/lib/x86_64-linux-gnu/libXrender.so.1.3.0
7f5c710bb000-7f5c711eb000 r-xp 00000000 08:06 27532840                   /usr/lib/x86_64-linux-gnu/libX11.so.6.3.0
7f5c711eb000-7f5c713eb000 ---p 00130000 08:06 27532840                   /usr/lib/x86_64-linux-gnu/libX11.so.6.3.0
7f5c713eb000-7f5c713ec000 r--p 00130000 08:06 27532840                   /usr/lib/x86_64-linux-gnu/libX11.so.6.3.0
7f5c713ec000-7f5c713f0000 rw-p 00131000 08:06 27532840                   /usr/lib/x86_64-linux-gnu/libX11.so.6.3.0
7f5c713f0000-7f5c71401000 r-xp 00000000 08:06 27532857                   /usr/lib/x86_64-linux-gnu/libXext.so.6.4.0
7f5c71401000-7f5c71600000 ---p 00011000 08:06 27532857                   /usr/lib/x86_64-linux-gnu/libXext.so.6.4.0
7f5c71600000-7f5c71601000 r--p 00010000 08:06 27532857                   /usr/lib/x86_64-linux-gnu/libXext.so.6.4.0
7f5c71601000-7f5c71602000 rw-p 00011000 08:06 27532857                   /usr/lib/x86_64-linux-gnu/libXext.so.6.4.0
7f5c71602000-7f5c71656000 r-xp 00000000 08:06 3146474                    /home/john/jdk1.8.0_20/jre/lib/amd64/libawt_xawt.so
7f5c71656000-7f5c71856000 ---p 00054000 08:06 3146474                    /home/john/jdk1.8.0_20/jre/lib/amd64/libawt_xawt.so
7f5c71856000-7f5c7185a000 rw-p 00054000 08:06 3146474                    /home/john/jdk1.8.0_20/jre/lib/amd64/libawt_xawt.so
7f5c7185a000-7f5c7185b000 rw-p 00000000 00:00 0 
7f5c7185b000-7f5c718fd000 r-xp 00000000 08:06 3146460                    /home/john/jdk1.8.0_20/jre/lib/amd64/libawt.so
7f5c718fd000-7f5c71afd000 ---p 000a2000 08:06 3146460                    /home/john/jdk1.8.0_20/jre/lib/amd64/libawt.so
7f5c71afd000-7f5c71b09000 rw-p 000a2000 08:06 3146460                    /home/john/jdk1.8.0_20/jre/lib/amd64/libawt.so
7f5c71b09000-7f5c71b2d000 rw-p 00000000 00:00 0 
7f5c71b2d000-7f5c71b2e000 ---p 00000000 00:00 0 
7f5c71b2e000-7f5c71c2e000 rw-p 00000000 00:00 0                          [stack:9663]
7f5c71c2e000-7f5c72310000 r--p 00000000 08:06 27531858                   /usr/lib/locale/locale-archive
7f5c72310000-7f5c74000000 rw-p 00000000 00:00 0 
7f5c74000000-7f5c74021000 rw-p 00000000 00:00 0 
7f5c74021000-7f5c78000000 ---p 00000000 00:00 0 
7f5c78000000-7f5c78021000 rw-p 00000000 00:00 0 
7f5c78021000-7f5c7c000000 ---p 00000000 00:00 0 
7f5c7c000000-7f5c7c021000 rw-p 00000000 00:00 0 
7f5c7c021000-7f5c80000000 ---p 00000000 00:00 0 
7f5c800f1000-7f5c800f4000 ---p 00000000 00:00 0 
7f5c800f4000-7f5c801f2000 rw-p 00000000 00:00 0                          [stack:9662]
7f5c801f2000-7f5c801f5000 ---p 00000000 00:00 0 
7f5c801f5000-7f5c802f3000 rw-p 00000000 00:00 0                          [stack:9661]
7f5c802f3000-7f5c802f6000 ---p 00000000 00:00 0 
7f5c802f6000-7f5c803f4000 rw-p 00000000 00:00 0                          [stack:9660]
7f5c803f4000-7f5c803f7000 ---p 00000000 00:00 0 
7f5c803f7000-7f5c804f5000 rw-p 00000000 00:00 0                          [stack:9659]
7f5c804f5000-7f5c804f8000 ---p 00000000 00:00 0 
7f5c804f8000-7f5c805f6000 rw-p 00000000 00:00 0                          [stack:9658]
7f5c805f6000-7f5c805f9000 ---p 00000000 00:00 0 
7f5c805f9000-7f5c806f7000 rw-p 00000000 00:00 0                          [stack:9657]
7f5c806f7000-7f5c806fa000 ---p 00000000 00:00 0 
7f5c806fa000-7f5c807f8000 rw-p 00000000 00:00 0                          [stack:9656]
7f5c807f8000-7f5c807f9000 ---p 00000000 00:00 0 
7f5c807f9000-7f5c81000000 rw-p 00000000 00:00 0                          [stack:9655]
7f5c81000000-7f5c81310000 rwxp 00000000 00:00 0 
7f5c81310000-7f5c90000000 ---p 00000000 00:00 0 
7f5c90000000-7f5c90569000 rw-p 00000000 00:00 0 
7f5c90569000-7f5c94000000 ---p 00000000 00:00 0 
7f5c9402c000-7f5c94030000 rw-s 00000000 00:04 357892110                  /SYSV00000000 (deleted)
7f5c94030000-7f5c9404c000 r--s 00393000 08:06 3146303                    /home/john/jdk1.8.0_20/jre/lib/ext/cldrdata.jar
7f5c9404c000-7f5c94056000 r--s 00116000 08:06 3146309                    /home/john/jdk1.8.0_20/jre/lib/ext/localedata.jar
7f5c94056000-7f5c94934000 rw-p 00000000 00:00 0 
7f5c94934000-7f5c94b0a000 r--s 03ca8000 08:06 2885685                    /home/john/jdk1.8.0_20/jre/lib/rt.jar
7f5c94b0a000-7f5c9554f000 rw-p 00000000 00:00 0 
7f5c9554f000-7f5c95550000 ---p 00000000 00:00 0 
7f5c95550000-7f5c95650000 rw-p 00000000 00:00 0                          [stack:9654]
7f5c95650000-7f5c95651000 ---p 00000000 00:00 0 
7f5c95651000-7f5c95751000 rw-p 00000000 00:00 0                          [stack:9653]
7f5c95751000-7f5c95752000 ---p 00000000 00:00 0 
7f5c95752000-7f5c95852000 rw-p 00000000 00:00 0                          [stack:9652]
7f5c95852000-7f5c95853000 ---p 00000000 00:00 0 
7f5c95853000-7f5c95967000 rw-p 00000000 00:00 0                          [stack:9651]
7f5c95967000-7f5c95a88000 ---p 00000000 00:00 0 
7f5c95a88000-7f5c95a9c000 rw-p 00000000 00:00 0 
7f5c95a9c000-7f5c95bbc000 ---p 00000000 00:00 0 
7f5c95bbc000-7f5c95bc7000 rw-p 00000000 00:00 0 
7f5c95bc7000-7f5c95c57000 ---p 00000000 00:00 0 
7f5c95c57000-7f5c95c65000 rw-p 00000000 00:00 0 
7f5c95c65000-7f5c96018000 ---p 00000000 00:00 0 
7f5c96018000-7f5c96032000 r-xp 00000000 08:06 3146463                    /home/john/jdk1.8.0_20/jre/lib/amd64/libzip.so
7f5c96032000-7f5c96232000 ---p 0001a000 08:06 3146463                    /home/john/jdk1.8.0_20/jre/lib/amd64/libzip.so
7f5c96232000-7f5c96233000 rw-p 0001a000 08:06 3146463                    /home/john/jdk1.8.0_20/jre/lib/amd64/libzip.so
7f5c96233000-7f5c9623e000 r-xp 00000000 08:06 14423904                   /lib/x86_64-linux-gnu/libnss_files-2.19.so
7f5c9623e000-7f5c9643d000 ---p 0000b000 08:06 14423904                   /lib/x86_64-linux-gnu/libnss_files-2.19.so
7f5c9643d000-7f5c9643e000 r--p 0000a000 08:06 14423904                   /lib/x86_64-linux-gnu/libnss_files-2.19.so
7f5c9643e000-7f5c9643f000 rw-p 0000b000 08:06 14423904                   /lib/x86_64-linux-gnu/libnss_files-2.19.so
7f5c9643f000-7f5c9644a000 r-xp 00000000 08:06 14425471                   /lib/x86_64-linux-gnu/libnss_nis-2.19.so
7f5c9644a000-7f5c96649000 ---p 0000b000 08:06 14425471                   /lib/x86_64-linux-gnu/libnss_nis-2.19.so
7f5c96649000-7f5c9664a000 r--p 0000a000 08:06 14425471                   /lib/x86_64-linux-gnu/libnss_nis-2.19.so
7f5c9664a000-7f5c9664b000 rw-p 0000b000 08:06 14425471                   /lib/x86_64-linux-gnu/libnss_nis-2.19.so
7f5c9664b000-7f5c96662000 r-xp 00000000 08:06 14425460                   /lib/x86_64-linux-gnu/libnsl-2.19.so
7f5c96662000-7f5c96861000 ---p 00017000 08:06 14425460                   /lib/x86_64-linux-gnu/libnsl-2.19.so
7f5c96861000-7f5c96862000 r--p 00016000 08:06 14425460                   /lib/x86_64-linux-gnu/libnsl-2.19.so
7f5c96862000-7f5c96863000 rw-p 00017000 08:06 14425460                   /lib/x86_64-linux-gnu/libnsl-2.19.so
7f5c96863000-7f5c96865000 rw-p 00000000 00:00 0 
7f5c96865000-7f5c9686e000 r-xp 00000000 08:06 14425459                   /lib/x86_64-linux-gnu/libnss_compat-2.19.so
7f5c9686e000-7f5c96a6d000 ---p 00009000 08:06 14425459                   /lib/x86_64-linux-gnu/libnss_compat-2.19.so
7f5c96a6d000-7f5c96a6e000 r--p 00008000 08:06 14425459                   /lib/x86_64-linux-gnu/libnss_compat-2.19.so
7f5c96a6e000-7f5c96a6f000 rw-p 00009000 08:06 14425459                   /lib/x86_64-linux-gnu/libnss_compat-2.19.so
7f5c96a6f000-7f5c96a99000 r-xp 00000000 08:06 3146458                    /home/john/jdk1.8.0_20/jre/lib/amd64/libjava.so
7f5c96a99000-7f5c96c99000 ---p 0002a000 08:06 3146458                    /home/john/jdk1.8.0_20/jre/lib/amd64/libjava.so
7f5c96c99000-7f5c96c9b000 rw-p 0002a000 08:06 3146458                    /home/john/jdk1.8.0_20/jre/lib/amd64/libjava.so
7f5c96c9b000-7f5c96ca8000 r-xp 00000000 08:06 3146462                    /home/john/jdk1.8.0_20/jre/lib/amd64/libverify.so
7f5c96ca8000-7f5c96ea8000 ---p 0000d000 08:06 3146462                    /home/john/jdk1.8.0_20/jre/lib/amd64/libverify.so
7f5c96ea8000-7f5c96eaa000 rw-p 0000d000 08:06 3146462                    /home/john/jdk1.8.0_20/jre/lib/amd64/libverify.so
7f5c96eaa000-7f5c96eb1000 r-xp 00000000 08:06 14425468                   /lib/x86_64-linux-gnu/librt-2.19.so
7f5c96eb1000-7f5c970b0000 ---p 00007000 08:06 14425468                   /lib/x86_64-linux-gnu/librt-2.19.so
7f5c970b0000-7f5c970b1000 r--p 00006000 08:06 14425468                   /lib/x86_64-linux-gnu/librt-2.19.so
7f5c970b1000-7f5c970b2000 rw-p 00007000 08:06 14425468                   /lib/x86_64-linux-gnu/librt-2.19.so
7f5c970b2000-7f5c971b7000 r-xp 00000000 08:06 14423902                   /lib/x86_64-linux-gnu/libm-2.19.so
7f5c971b7000-7f5c973b6000 ---p 00105000 08:06 14423902                   /lib/x86_64-linux-gnu/libm-2.19.so
7f5c973b6000-7f5c973b7000 r--p 00104000 08:06 14423902                   /lib/x86_64-linux-gnu/libm-2.19.so
7f5c973b7000-7f5c973b8000 rw-p 00105000 08:06 14423902                   /lib/x86_64-linux-gnu/libm-2.19.so
7f5c973b8000-7f5c98022000 r-xp 00000000 08:06 3146444                    /home/john/jdk1.8.0_20/jre/lib/amd64/server/libjvm.so
7f5c98022000-7f5c98221000 ---p 00c6a000 08:06 3146444                    /home/john/jdk1.8.0_20/jre/lib/amd64/server/libjvm.so
7f5c98221000-7f5c982f8000 rw-p 00c69000 08:06 3146444                    /home/john/jdk1.8.0_20/jre/lib/amd64/server/libjvm.so
7f5c982f8000-7f5c9833a000 rw-p 00000000 00:00 0 
7f5c9833a000-7f5c984f5000 r-xp 00000000 08:06 14425465                   /lib/x86_64-linux-gnu/libc-2.19.so
7f5c984f5000-7f5c986f4000 ---p 001bb000 08:06 14425465                   /lib/x86_64-linux-gnu/libc-2.19.so
7f5c986f4000-7f5c986f8000 r--p 001ba000 08:06 14425465                   /lib/x86_64-linux-gnu/libc-2.19.so
7f5c986f8000-7f5c986fa000 rw-p 001be000 08:06 14425465                   /lib/x86_64-linux-gnu/libc-2.19.so
7f5c986fa000-7f5c986ff000 rw-p 00000000 00:00 0 
7f5c986ff000-7f5c98702000 r-xp 00000000 08:06 14425454                   /lib/x86_64-linux-gnu/libdl-2.19.so
7f5c98702000-7f5c98901000 ---p 00003000 08:06 14425454                   /lib/x86_64-linux-gnu/libdl-2.19.so
7f5c98901000-7f5c98902000 r--p 00002000 08:06 14425454                   /lib/x86_64-linux-gnu/libdl-2.19.so
7f5c98902000-7f5c98903000 rw-p 00003000 08:06 14425454                   /lib/x86_64-linux-gnu/libdl-2.19.so
7f5c98903000-7f5c98918000 r-xp 00000000 08:06 2885489                    /home/john/jdk1.8.0_20/lib/amd64/jli/libjli.so
7f5c98918000-7f5c98b17000 ---p 00015000 08:06 2885489                    /home/john/jdk1.8.0_20/lib/amd64/jli/libjli.so
7f5c98b17000-7f5c98b18000 rw-p 00014000 08:06 2885489                    /home/john/jdk1.8.0_20/lib/amd64/jli/libjli.so
7f5c98b18000-7f5c98b31000 r-xp 00000000 08:06 14425466                   /lib/x86_64-linux-gnu/libpthread-2.19.so
7f5c98b31000-7f5c98d30000 ---p 00019000 08:06 14425466                   /lib/x86_64-linux-gnu/libpthread-2.19.so
7f5c98d30000-7f5c98d31000 r--p 00018000 08:06 14425466                   /lib/x86_64-linux-gnu/libpthread-2.19.so
7f5c98d31000-7f5c98d32000 rw-p 00019000 08:06 14425466                   /lib/x86_64-linux-gnu/libpthread-2.19.so
7f5c98d32000-7f5c98d36000 rw-p 00000000 00:00 0 
7f5c98d36000-7f5c98d59000 r-xp 00000000 08:06 14425462                   /lib/x86_64-linux-gnu/ld-2.19.so
7f5c98d5a000-7f5c98d5c000 rw-p 00000000 00:00 0 
7f5c98d5c000-7f5c98d5d000 r--p 00000000 08:06 664782                     /usr/share/locale-langpack/en_GB/LC_MESSAGES/libc.mo
7f5c98d5d000-7f5c98e2f000 rw-p 00000000 00:00 0 
7f5c98e2f000-7f5c98e32000 ---p 00000000 00:00 0 
7f5c98e32000-7f5c98f34000 rw-p 00000000 00:00 0                          [stack:9650]
7f5c98f34000-7f5c98f39000 r--s 002f8000 08:06 2885683                    /home/john/jdk1.8.0_20/jre/lib/charsets.jar
7f5c98f39000-7f5c98f4c000 rw-p 00000000 00:00 0 
7f5c98f4c000-7f5c98f54000 rw-s 00000000 08:06 24117279                   /tmp/hsperfdata_john/9646
7f5c98f54000-7f5c98f55000 rw-p 00000000 00:00 0 
7f5c98f55000-7f5c98f56000 r--p 00000000 00:00 0 
7f5c98f56000-7f5c98f58000 rw-p 00000000 00:00 0 
7f5c98f58000-7f5c98f59000 r--p 00022000 08:06 14425462                   /lib/x86_64-linux-gnu/ld-2.19.so
7f5c98f59000-7f5c98f5a000 rw-p 00023000 08:06 14425462                   /lib/x86_64-linux-gnu/ld-2.19.so
7f5c98f5a000-7f5c98f5b000 rw-p 00000000 00:00 0 
7fffbb44e000-7fffbb46f000 rw-p 00000000 00:00 0                          [stack]
7fffbb530000-7fffbb532000 r-xp 00000000 00:00 0                          [vdso]
ffffffffff600000-ffffffffff601000 r-xp 00000000 00:00 0                  [vsyscall]

VM Arguments:
jvm_args: -Dfile.encoding=UTF-8 -Djava.library.path=/usr/local/lib 
java_command: org.g0orx.openhpsdr.OpenHPSDRJ
java_class_path (initial): /home/john/NetBeansProjects/openHPSDRJ/build/classes
Launcher Type: SUN_STANDARD

Environment Variables:
PATH=/usr/local/sbin:/usr/local/bin:/usr/sbin:/usr/bin:/sbin:/bin:/usr/games:/usr/local/games
LD_LIBRARY_PATH=/home/john/jdk1.8.0_20/jre/lib/amd64:/home/john/jdk1.8.0_20/jre/lib/i386:
SHELL=/bin/bash
DISPLAY=:0.0

Signal Handlers:
SIGSEGV: [libjvm.so+0xa77530], sa_mask[0]=11111111011111111101111111111110, sa_flags=SA_RESTART|SA_SIGINFO
SIGBUS: [libjvm.so+0xa77530], sa_mask[0]=11111111011111111101111111111110, sa_flags=SA_RESTART|SA_SIGINFO
SIGFPE: [libjvm.so+0x8e1d90], sa_mask[0]=11111111011111111101111111111110, sa_flags=SA_RESTART|SA_SIGINFO
SIGPIPE: [libjvm.so+0x8e1d90], sa_mask[0]=11111111011111111101111111111110, sa_flags=SA_RESTART|SA_SIGINFO
SIGXFSZ: [libjvm.so+0x8e1d90], sa_mask[0]=11111111011111111101111111111110, sa_flags=SA_RESTART|SA_SIGINFO
SIGILL: [libjvm.so+0x8e1d90], sa_mask[0]=11111111011111111101111111111110, sa_flags=SA_RESTART|SA_SIGINFO
SIGUSR1: SIG_DFL, sa_mask[0]=00000000000000000000000000000000, sa_flags=none
SIGUSR2: [libjvm.so+0x8e35c0], sa_mask[0]=00100000000000000000000000000000, sa_flags=SA_RESTART|SA_SIGINFO
SIGHUP: [libjvm.so+0x8e4980], sa_mask[0]=11111111011111111101111111111110, sa_flags=SA_RESTART|SA_SIGINFO
SIGINT: SIG_IGN, sa_mask[0]=00000000000000000000000000000000, sa_flags=none
SIGTERM: [libjvm.so+0x8e4980], sa_mask[0]=11111111011111111101111111111110, sa_flags=SA_RESTART|SA_SIGINFO
SIGQUIT: [libjvm.so+0x8e4980], sa_mask[0]=11111111011111111101111111111110, sa_flags=SA_RESTART|SA_SIGINFO


---------------  S Y S T E M  ---------------

OS:DISTRIB_ID=Ubuntu
DISTRIB_RELEASE=14.04
DISTRIB_CODENAME=trusty
DISTRIB_DESCRIPTION="Ubuntu 14.04.2 LTS"

uname:Linux 3.13.0-46-generic #79-Ubuntu SMP Tue Mar 10 20:06:50 UTC 2015 x86_64
libc:glibc 2.19 NPTL 2.19 
rlimit: STACK 8192k, CORE 0k, NPROC 29404, NOFILE 4096, AS infinity
load average:0.33 0.28 0.27

/proc/meminfo:
MemTotal:        3785356 kB
MemFree:          127508 kB
Buffers:           61956 kB
Cached:           722468 kB
SwapCached:        31804 kB
Active:          2459848 kB
Inactive:         838940 kB
Active(anon):    2227524 kB
Inactive(anon):   605040 kB
Active(file):     232324 kB
Inactive(file):   233900 kB
Unevictable:          64 kB
Mlocked:              64 kB
SwapTotal:       3926012 kB
SwapFree:        3593900 kB
Dirty:                44 kB
Writeback:             0 kB
AnonPages:       2495604 kB
Mapped:           125288 kB
Shmem:            318200 kB
Slab:             267084 kB
SReclaimable:     233708 kB
SUnreclaim:        33376 kB
KernelStack:        4208 kB
PageTables:        33096 kB
NFS_Unstable:          0 kB
Bounce:                0 kB
WritebackTmp:          0 kB
CommitLimit:     5818688 kB
Committed_AS:    6219212 kB
VmallocTotal:   34359738367 kB
VmallocUsed:      351548 kB
VmallocChunk:   34359377680 kB
HardwareCorrupted:     0 kB
AnonHugePages:    491520 kB
HugePages_Total:       0
HugePages_Free:        0
HugePages_Rsvd:        0
HugePages_Surp:        0
Hugepagesize:       2048 kB
DirectMap4k:       79744 kB
DirectMap2M:     3848192 kB


CPU:total 4 (2 cores per cpu, 2 threads per core) family 6 model 37 stepping 2, cmov, cx8, fxsr, mmx, sse, sse2, sse3, ssse3, sse4.1, sse4.2, popcnt, aes, clmul, ht, tsc, tscinvbit

/proc/cpuinfo:
processor	: 0
vendor_id	: GenuineIntel
cpu family	: 6
model		: 37
model name	: Intel(R) Core(TM) i5 CPU         650  @ 3.20GHz
stepping	: 2
microcode	: 0x9
cpu MHz		: 2261.000
cache size	: 4096 KB
physical id	: 0
siblings	: 4
core id		: 0
cpu cores	: 2
apicid		: 0
initial apicid	: 0
fpu		: yes
fpu_exception	: yes
cpuid level	: 11
wp		: yes
flags		: fpu vme de pse tsc msr pae mce cx8 apic sep mtrr pge mca cmov pat pse36 clflush dts acpi mmx fxsr sse sse2 ss ht tm pbe syscall nx rdtscp lm constant_tsc arch_perfmon pebs bts rep_good nopl xtopology nonstop_tsc aperfmperf pni pclmulqdq dtes64 monitor ds_cpl vmx smx est tm2 ssse3 cx16 xtpr pdcm sse4_1 sse4_2 popcnt aes lahf_lm ida arat dtherm tpr_shadow vnmi flexpriority ept vpid
bogomips	: 6400.38
clflush size	: 64
cache_alignment	: 64
address sizes	: 36 bits physical, 48 bits virtual
power management:

processor	: 1
vendor_id	: GenuineIntel
cpu family	: 6
model		: 37
model name	: Intel(R) Core(TM) i5 CPU         650  @ 3.20GHz
stepping	: 2
microcode	: 0x9
cpu MHz		: 1197.000
cache size	: 4096 KB
physical id	: 0
siblings	: 4
core id		: 2
cpu cores	: 2
apicid		: 4
initial apicid	: 4
fpu		: yes
fpu_exception	: yes
cpuid level	: 11
wp		: yes
flags		: fpu vme de pse tsc msr pae mce cx8 apic sep mtrr pge mca cmov pat pse36 clflush dts acpi mmx fxsr sse sse2 ss ht tm pbe syscall nx rdtscp lm constant_tsc arch_perfmon pebs bts rep_good nopl xtopology nonstop_tsc aperfmperf pni pclmulqdq dtes64 monitor ds_cpl vmx smx est tm2 ssse3 cx16 xtpr pdcm sse4_1 sse4_2 popcnt aes lahf_lm ida arat dtherm tpr_shadow vnmi flexpriority ept vpid
bogomips	: 6400.38
clflush size	: 64
cache_alignment	: 64
address sizes	: 36 bits physical, 48 bits virtual
power management:

processor	: 2
vendor_id	: GenuineIntel
cpu family	: 6
model		: 37
model name	: Intel(R) Core(TM) i5 CPU         650  @ 3.20GHz
stepping	: 2
microcode	: 0x9
cpu MHz		: 2660.000
cache size	: 4096 KB
physical id	: 0
siblings	: 4
core id		: 0
cpu cores	: 2
apicid		: 1
initial apicid	: 1
fpu		: yes
fpu_exception	: yes
cpuid level	: 11
wp		: yes
flags		: fpu vme de pse tsc msr pae mce cx8 apic sep mtrr pge mca cmov pat pse36 clflush dts acpi mmx fxsr sse sse2 ss ht tm pbe syscall nx rdtscp lm constant_tsc arch_perfmon pebs bts rep_good nopl xtopology nonstop_tsc aperfmperf pni pclmulqdq dtes64 monitor ds_cpl vmx smx est tm2 ssse3 cx16 xtpr pdcm sse4_1 sse4_2 popcnt aes lahf_lm ida arat dtherm tpr_shadow vnmi flexpriority ept vpid
bogomips	: 6400.38
clflush size	: 64
cache_alignment	: 64
address sizes	: 36 bits physical, 48 bits virtual
power management:

processor	: 3
vendor_id	: GenuineIntel
cpu family	: 6
model		: 37
model name	: Intel(R) Core(TM) i5 CPU         650  @ 3.20GHz
stepping	: 2
microcode	: 0x9
cpu MHz		: 1197.000
cache size	: 4096 KB
physical id	: 0
siblings	: 4
core id		: 2
cpu cores	: 2
apicid		: 5
initial apicid	: 5
fpu		: yes
fpu_exception	: yes
cpuid level	: 11
wp		: yes
flags		: fpu vme de pse tsc msr pae mce cx8 apic sep mtrr pge mca cmov pat pse36 clflush dts acpi mmx fxsr sse sse2 ss ht tm pbe syscall nx rdtscp lm constant_tsc arch_perfmon pebs bts rep_good nopl xtopology nonstop_tsc aperfmperf pni pclmulqdq dtes64 monitor ds_cpl vmx smx est tm2 ssse3 cx16 xtpr pdcm sse4_1 sse4_2 popcnt aes lahf_lm ida arat dtherm tpr_shadow vnmi flexpriority ept vpid
bogomips	: 6400.38
clflush size	: 64
cache_alignment	: 64
address sizes	: 36 bits physical, 48 bits virtual
power management:



Memory: 4k page, physical 3785356k(127508k free), swap 3926012k(3593900k free)

vm_info: Java HotSpot(TM) 64-Bit Server VM (25.20-b23) for linux-amd64 JRE (1.8.0_20-b26), built on Jul 30 2014 13:13:52 by "java_re" with gcc 4.3.0 20080428 (Red Hat 4.3.0-8)

time: Tue Mar 24 10:06:55 2015
elapsed time: 15 seconds (0d 0h 0m 15s)

