#
# A fatal error has been detected by the Java Runtime Environment:
#
#  SIGSEGV (0xb) at pc=0x00007f6d5a864c37, pid=4837, tid=140105658398464
#
# JRE version: Java(TM) SE Runtime Environment (8.0_20-b26) (build 1.8.0_20-b26)
# Java VM: Java HotSpot(TM) 64-Bit Server VM (25.20-b23 mixed mode linux-amd64 compressed oops)
# Problematic frame:
# C  [libpthread.so.0+0xdc37]  sem_init+0x7
#
# Failed to write core dump. Core dumps have been disabled. To enable core dumping, try "ulimit -c unlimited" before starting Java again
#
# If you would like to submit a bug report, please visit:
#   http://bugreport.sun.com/bugreport/crash.jsp
#

---------------  T H R E A D  ---------------

Current thread is native thread

siginfo: si_signo: 11 (SIGSEGV), si_code: 1 (SEGV_MAPERR), si_addr: 0x0000000000000000

Registers:
RAX=0x0000000000000000, RBX=0x0000000000000400, RCX=0x0000000000000000, RDX=0x0000000000000000
RSP=0x00007f6ce3ffee48, RBP=0x00007f6ce3ffee80, RSI=0x0000000000000000, RDI=0x0000000000000000
R8 =0x00007f6ce3ffed90, R9 =0x00007f6ce3fff700, R10=0x00007f6ce3ffec50, R11=0x00007f6d34189b9d
R12=0x0000000000000000, R13=0x0000000000000000, R14=0x00007f6ce3fff9c0, R15=0x00007f6ce3fff700
RIP=0x00007f6d5a864c37, EFLAGS=0x0000000000010297, CSGSFS=0xbf37000000000033, ERR=0x0000000000000006
  TRAPNO=0x000000000000000e

Top of Stack: (sp=0x00007f6ce3ffee48)
0x00007f6ce3ffee48:   00007f6d34189a28 0000000000000000
0x00007f6ce3ffee58:   00000000e3ffec80 00000004000003e8
0x00007f6ce3ffee68:   0000000000000000 00007f6ce3fff700
0x00007f6ce3ffee78:   00007f6cfc04f590 00007f6ce3ffeee0
0x00007f6ce3ffee88:   00007f6d341b401d 0000008000000000
0x00007f6ce3ffee98:   0000000000000000 0000000000000000
0x00007f6ce3ffeea8:   0000000000000000 0000000000000000
0x00007f6ce3ffeeb8:   0000000000000000 0000000400000000
0x00007f6ce3ffeec8:   00007f6cfc1c6070 00007f6ce3fff700
0x00007f6ce3ffeed8:   00007f6ce3fff700 00007f6ce3ffef10
0x00007f6ce3ffeee8:   00007f6d3419eb3c 00007f6d5a433878
0x00007f6ce3ffeef8:   0000000000000000 00007f6ce3fff700
0x00007f6ce3ffef08:   00000000e3fff700 0000000000000000
0x00007f6ce3ffef18:   00007f6d5a85f182 0000000000000000
0x00007f6ce3ffef28:   00007f6ce3fff700 00007f6ce3fff700
0x00007f6ce3ffef38:   fe724c409d737fab 0000000000000000
0x00007f6ce3ffef48:   0000000000000000 00007f6ce3fff9c0
0x00007f6ce3ffef58:   00007f6ce3fff700 00ab8bbf43337fab
0x00007f6ce3ffef68:   00a8f94b7fe97fab 0000000000000000
0x00007f6ce3ffef78:   0000000000000000 0000000000000000
0x00007f6ce3ffef88:   0000000000000000 0000000000000000
0x00007f6ce3ffef98:   0000000000000000 0000000000000000
0x00007f6ce3ffefa8:   0000000000000000 00007f6ce3fff700
0x00007f6ce3ffefb8:   00007f6d5a17347d 0000000000000000
0x00007f6ce3ffefc8:   0000000000000000 0000000000000000
0x00007f6ce3ffefd8:   0000000000000000 0000000000000000
0x00007f6ce3ffefe8:   0000000000000000 0000000000000000
0x00007f6ce3ffeff8:   0000000000000000 0000000000000000
0x00007f6ce3fff008:   0000000000000000 0000000000000000
0x00007f6ce3fff018:   0000000000000000 0000000000000000
0x00007f6ce3fff028:   0000000000000000 0000000000000000
0x00007f6ce3fff038:   0000000000000000 0000000000000000 

Instructions: (pc=0x00007f6d5a864c37)
0x00007f6d5a864c17:   16 00 00 00 b8 ff ff ff ff 5b c3 66 2e 0f 1f 84
0x00007f6d5a864c27:   00 00 00 00 00 0f 1f 40 00 85 d2 78 1a 83 fe 01
0x00007f6d5a864c37:   89 17 48 c7 47 08 00 00 00 00 19 c0 25 80 00 00
0x00007f6d5a864c47:   00 89 47 04 31 c0 c3 48 8b 05 33 b3 20 00 64 c7 

Register to memory mapping:

RAX=0x0000000000000000 is an unknown value
RBX=0x0000000000000400 is an unknown value
RCX=0x0000000000000000 is an unknown value
RDX=0x0000000000000000 is an unknown value
RSP=0x00007f6ce3ffee48 is an unknown value
RBP=0x00007f6ce3ffee80 is an unknown value
RSI=0x0000000000000000 is an unknown value
RDI=0x0000000000000000 is an unknown value
R8 =0x00007f6ce3ffed90 is an unknown value
R9 =0x00007f6ce3fff700 is an unknown value
R10=0x00007f6ce3ffec50 is an unknown value
R11=0x00007f6d34189b9d: CloseHandle+0 in /usr/local/lib/libwdspj.so at 0x00007f6d3417d000
R12=0x0000000000000000 is an unknown value
R13=0x0000000000000000 is an unknown value
R14=0x00007f6ce3fff9c0 is an unknown value
R15=0x00007f6ce3fff700 is an unknown value


Stack: [0x00007f6ce37ff000,0x00007f6ce4000000],  sp=0x00007f6ce3ffee48,  free space=8191k
Native frames: (J=compiled Java code, j=interpreted, Vv=VM code, C=native code)
C  [libpthread.so.0+0xdc37]  sem_init+0x7
C  [libwdspj.so+0x3701d]  flush_iobuffs+0x19d
C  [libwdspj.so+0x21b3c]  flushChannel+0x7f


---------------  P R O C E S S  ---------------

VM state:not at safepoint (normal execution)

VM Mutex/Monitor currently owned by a thread: None

Heap:
 PSYoungGen      total 17408K, used 3981K [0x00000000ecb80000, 0x00000000ede80000, 0x0000000100000000)
  eden space 15360K, 12% used [0x00000000ecb80000,0x00000000ecd6ad90,0x00000000eda80000)
  from space 2048K, 98% used [0x00000000eda80000,0x00000000edc78860,0x00000000edc80000)
  to   space 2048K, 0% used [0x00000000edc80000,0x00000000edc80000,0x00000000ede80000)
 ParOldGen       total 39936K, used 464K [0x00000000c6200000, 0x00000000c8900000, 0x00000000ecb80000)
  object space 39936K, 1% used [0x00000000c6200000,0x00000000c62740c0,0x00000000c8900000)
 Metaspace       used 12546K, capacity 12714K, committed 13056K, reserved 1060864K
  class space    used 1470K, capacity 1514K, committed 1536K, reserved 1048576K

Card table byte_map: [0x00007f6d44649000,0x00007f6d44819000] byte_map_base: 0x00007f6d44018000

Marking Bits: (ParMarkBitMap*) 0x00007f6d5a04eac0
 Begin Bits: [0x00007f6d3e310000, 0x00007f6d3f188000)
 End Bits:   [0x00007f6d3f188000, 0x00007f6d40000000)

Polling page: 0x00007f6d5ac94000

CodeCache: size=245760Kb used=4486Kb max_used=4486Kb free=241273Kb
 bounds [0x00007f6d44bd9000, 0x00007f6d45049000, 0x00007f6d53bd9000]
 total_blobs=1768 nmethods=1219 adapters=464
 compilation: enabled

Compilation events (10 events):
Event: 26.345 Thread 0x00007f6d540b2000 1215       3       java.util.ArrayList::<init> (61 bytes)
Event: 26.346 Thread 0x00007f6d540b2000 nmethod 1215 0x00007f6d4503c750 code [0x00007f6d4503c960, 0x00007f6d4503d398]
Event: 26.568 Thread 0x00007f6d540b2000 1216       3       sun.misc.FDBigInteger::mult (64 bytes)
Event: 26.568 Thread 0x00007f6d540b2000 nmethod 1216 0x00007f6d4503c090 code [0x00007f6d4503c200, 0x00007f6d4503c490]
Event: 26.568 Thread 0x00007f6d540b2000 1217       3       sun.misc.FDBigInteger::<init> (30 bytes)
Event: 26.568 Thread 0x00007f6d540b2000 nmethod 1217 0x00007f6d45030b10 code [0x00007f6d45030c80, 0x00007f6d45030e88]
Event: 26.568 Thread 0x00007f6d540b2000 1218       3       sun.misc.FDBigInteger::trimLeadingZeros (57 bytes)
Event: 26.569 Thread 0x00007f6d540b2000 nmethod 1218 0x00007f6d4503bad0 code [0x00007f6d4503bc40, 0x00007f6d4503bf70]
Event: 27.345 Thread 0x00007f6d540b2000 1219       3       org.g0orx.openhpsdr.Configuration::getInstance (20 bytes)
Event: 27.346 Thread 0x00007f6d540b2000 nmethod 1219 0x00007f6d4503b650 code [0x00007f6d4503b7c0, 0x00007f6d4503ba08]

GC Heap History (2 events):
Event: 25.148 GC heap before
{Heap before GC invocations=1 (full 0):
 PSYoungGen      total 17408K, used 15360K [0x00000000ecb80000, 0x00000000ede80000, 0x0000000100000000)
  eden space 15360K, 100% used [0x00000000ecb80000,0x00000000eda80000,0x00000000eda80000)
  from space 2048K, 0% used [0x00000000edc80000,0x00000000edc80000,0x00000000ede80000)
  to   space 2048K, 0% used [0x00000000eda80000,0x00000000eda80000,0x00000000edc80000)
 ParOldGen       total 39936K, used 0K [0x00000000c6200000, 0x00000000c8900000, 0x00000000ecb80000)
  object space 39936K, 0% used [0x00000000c6200000,0x00000000c6200000,0x00000000c8900000)
 Metaspace       used 12508K, capacity 12650K, committed 12800K, reserved 1060864K
  class space    used 1468K, capacity 1514K, committed 1536K, reserved 1048576K
Event: 25.157 GC heap after
Heap after GC invocations=1 (full 0):
 PSYoungGen      total 17408K, used 2018K [0x00000000ecb80000, 0x00000000ede80000, 0x0000000100000000)
  eden space 15360K, 0% used [0x00000000ecb80000,0x00000000ecb80000,0x00000000eda80000)
  from space 2048K, 98% used [0x00000000eda80000,0x00000000edc78860,0x00000000edc80000)
  to   space 2048K, 0% used [0x00000000edc80000,0x00000000edc80000,0x00000000ede80000)
 ParOldGen       total 39936K, used 464K [0x00000000c6200000, 0x00000000c8900000, 0x00000000ecb80000)
  object space 39936K, 1% used [0x00000000c6200000,0x00000000c62740c0,0x00000000c8900000)
 Metaspace       used 12508K, capacity 12650K, committed 12800K, reserved 1060864K
  class space    used 1468K, capacity 1514K, committed 1536K, reserved 1048576K
}

Deoptimization events (1 events):
Event: 2.522 Thread 0x00007f6cfc049000 Uncommon trap: reason=unreached action=reinterpret pc=0x00007f6d44e21a6c method=java.util.concurrent.locks.AbstractQueuedSynchronizer.release(I)Z @ 14

Internal exceptions (10 events):
Event: 2.389 Thread 0x00007f6d5433d000 Exception <a 'java/security/PrivilegedActionException'> (0x00000000ed0d3490) thrown at [/HUDSON/workspace/8-2-build-linux-amd64/jdk8u20/1074/hotspot/src/share/vm/prims/jvm.cpp, line 1275]
Event: 2.416 Thread 0x00007f6d5433d000 Exception <a 'java/security/PrivilegedActionException'> (0x00000000ed18f778) thrown at [/HUDSON/workspace/8-2-build-linux-amd64/jdk8u20/1074/hotspot/src/share/vm/prims/jvm.cpp, line 1275]
Event: 2.416 Thread 0x00007f6d5433d000 Exception <a 'java/security/PrivilegedActionException'> (0x00000000ed1928e0) thrown at [/HUDSON/workspace/8-2-build-linux-amd64/jdk8u20/1074/hotspot/src/share/vm/prims/jvm.cpp, line 1275]
Event: 2.522 Thread 0x00007f6cfc049000 Implicit null exception at 0x00007f6d44e21a04 to 0x00007f6d44e21a5e
Event: 2.596 Thread 0x00007f6d542b1800 Exception <a 'java/lang/UnsupportedOperationException': > (0x00000000ed172b98) thrown at [/HUDSON/workspace/8-2-build-linux-amd64/jdk8u20/1074/hotspot/src/share/vm/prims/jni.cpp, line 742]
Event: 11.194 Thread 0x00007f6d542b1800 Exception <a 'java/security/PrivilegedActionException'> (0x00000000ed29b210) thrown at [/HUDSON/workspace/8-2-build-linux-amd64/jdk8u20/1074/hotspot/src/share/vm/prims/jvm.cpp, line 1275]
Event: 15.143 Thread 0x00007f6d542b1800 Exception <a 'java/security/PrivilegedActionException'> (0x00000000ed2ad058) thrown at [/HUDSON/workspace/8-2-build-linux-amd64/jdk8u20/1074/hotspot/src/share/vm/prims/jvm.cpp, line 1275]
Event: 15.144 Thread 0x00007f6d542b1800 Exception <a 'java/security/PrivilegedActionException'> (0x00000000ed2b0c38) thrown at [/HUDSON/workspace/8-2-build-linux-amd64/jdk8u20/1074/hotspot/src/share/vm/prims/jvm.cpp, line 1275]
Event: 15.163 Thread 0x00007f6cfcd8e000 Exception <a 'java/security/PrivilegedActionException'> (0x00000000ed30d290) thrown at [/HUDSON/workspace/8-2-build-linux-amd64/jdk8u20/1074/hotspot/src/share/vm/prims/jvm.cpp, line 1275]
Event: 20.488 Thread 0x00007f6d542b1800 Exception <a 'java/security/PrivilegedActionException'> (0x00000000ed7502b0) thrown at [/HUDSON/workspace/8-2-build-linux-amd64/jdk8u20/1074/hotspot/src/share/vm/prims/jvm.cpp, line 1275]

Events (10 events):
Event: 25.164 loading class sun/awt/X11/XErrorEvent
Event: 25.164 loading class sun/awt/X11/XErrorEvent done
Event: 25.648 Thread 0x00007f6d542b1800 DEOPT PACKING pc=0x00007f6d44fef822 sp=0x00007f6d356bd220
Event: 25.648 Thread 0x00007f6d542b1800 DEOPT UNPACKING pc=0x00007f6d44c1ff73 sp=0x00007f6d356bcfe8 mode 0
Event: 25.945 Thread 0x00007f6cfcb4f800 DEOPT PACKING pc=0x00007f6d44ff69da sp=0x00007f6d3417b620
Event: 25.945 Thread 0x00007f6cfcb4f800 DEOPT UNPACKING pc=0x00007f6d44c1ff73 sp=0x00007f6d3417b428 mode 0
Event: 26.148 Thread 0x00007f6d542b1800 DEOPT PACKING pc=0x00007f6d44ffb1c9 sp=0x00007f6d356bd180
Event: 26.148 Thread 0x00007f6d542b1800 DEOPT UNPACKING pc=0x00007f6d44c1ff73 sp=0x00007f6d356bcf50 mode 0
Event: 26.566 loading class sun/misc/FDBigInteger
Event: 26.566 loading class sun/misc/FDBigInteger done


Dynamic libraries:
00400000-00401000 r-xp 00000000 08:06 28579635                           /home/john/jdk1.8.0_20/bin/java
00600000-00601000 rw-p 00000000 08:06 28579635                           /home/john/jdk1.8.0_20/bin/java
015c0000-015e1000 rw-p 00000000 00:00 0                                  [heap]
c6200000-c8900000 rw-p 00000000 00:00 0 
c8900000-ecb80000 ---p 00000000 00:00 0 
ecb80000-ede80000 rw-p 00000000 00:00 0 
ede80000-100000000 ---p 00000000 00:00 0 
100000000-100180000 rw-p 00000000 00:00 0 
100180000-140000000 ---p 00000000 00:00 0 
7f6cd4000000-7f6cd4021000 rw-p 00000000 00:00 0 
7f6cd4021000-7f6cd8000000 ---p 00000000 00:00 0 
7f6cdc000000-7f6cdc021000 rw-p 00000000 00:00 0 
7f6cdc021000-7f6ce0000000 ---p 00000000 00:00 0 
7f6ce27fd000-7f6ce27fe000 ---p 00000000 00:00 0 
7f6ce27fe000-7f6ce2ffe000 rw-p 00000000 00:00 0 
7f6ce2ffe000-7f6ce2fff000 ---p 00000000 00:00 0 
7f6ce2fff000-7f6ce37ff000 rw-p 00000000 00:00 0 
7f6ce37ff000-7f6ce3800000 ---p 00000000 00:00 0 
7f6ce3800000-7f6ce4000000 rw-p 00000000 00:00 0                          [stack:5216]
7f6ce4000000-7f6ce4021000 rw-p 00000000 00:00 0 
7f6ce4021000-7f6ce8000000 ---p 00000000 00:00 0 
7f6ce8757000-7f6ce8758000 ---p 00000000 00:00 0 
7f6ce8758000-7f6ce8f58000 rw-p 00000000 00:00 0                          [stack:4868]
7f6ce8f58000-7f6ce8f59000 ---p 00000000 00:00 0 
7f6ce8f59000-7f6ce9759000 rw-p 00000000 00:00 0                          [stack:4867]
7f6ce9759000-7f6ce975a000 ---p 00000000 00:00 0 
7f6ce975a000-7f6ce9f5a000 rw-p 00000000 00:00 0                          [stack:4864]
7f6ce9f5a000-7f6ce9f5b000 ---p 00000000 00:00 0 
7f6ce9f5b000-7f6ceafe1000 rw-p 00000000 00:00 0                          [stack:4863]
7f6ceafe1000-7f6ceafe2000 ---p 00000000 00:00 0 
7f6ceafe2000-7f6cf0000000 rw-p 00000000 00:00 0                          [stack:4862]
7f6cf0000000-7f6cf00d7000 rw-p 00000000 00:00 0 
7f6cf00d7000-7f6cf4000000 ---p 00000000 00:00 0 
7f6cf4000000-7f6cf4021000 rw-p 00000000 00:00 0 
7f6cf4021000-7f6cf8000000 ---p 00000000 00:00 0 
7f6cf8000000-7f6cf8021000 rw-p 00000000 00:00 0 
7f6cf8021000-7f6cfc000000 ---p 00000000 00:00 0 
7f6cfc000000-7f6cfcdfe000 rw-p 00000000 00:00 0 
7f6cfcdfe000-7f6d00000000 ---p 00000000 00:00 0 
7f6d00000000-7f6d00021000 rw-p 00000000 00:00 0 
7f6d00021000-7f6d04000000 ---p 00000000 00:00 0 
7f6d04000000-7f6d04281000 rw-p 00000000 00:00 0 
7f6d04281000-7f6d08000000 ---p 00000000 00:00 0 
7f6d08000000-7f6d08021000 rw-p 00000000 00:00 0 
7f6d08021000-7f6d0c000000 ---p 00000000 00:00 0 
7f6d0c000000-7f6d0c021000 rw-p 00000000 00:00 0 
7f6d0c021000-7f6d10000000 ---p 00000000 00:00 0 
7f6d10000000-7f6d10360000 rw-p 00000000 00:00 0 
7f6d10360000-7f6d14000000 ---p 00000000 00:00 0 
7f6d14000000-7f6d14634000 rw-p 00000000 00:00 0 
7f6d14634000-7f6d18000000 ---p 00000000 00:00 0 
7f6d18000000-7f6d18021000 rw-p 00000000 00:00 0 
7f6d18021000-7f6d1c000000 ---p 00000000 00:00 0 
7f6d1c000000-7f6d1c5a5000 rw-p 00000000 00:00 0 
7f6d1c5a5000-7f6d20000000 ---p 00000000 00:00 0 
7f6d20000000-7f6d20021000 rw-p 00000000 00:00 0 
7f6d20021000-7f6d24000000 ---p 00000000 00:00 0 
7f6d24000000-7f6d24021000 rw-p 00000000 00:00 0 
7f6d24021000-7f6d28000000 ---p 00000000 00:00 0 
7f6d28000000-7f6d28021000 rw-p 00000000 00:00 0 
7f6d28021000-7f6d2c000000 ---p 00000000 00:00 0 
7f6d2c000000-7f6d2c021000 rw-p 00000000 00:00 0 
7f6d2c021000-7f6d30000000 ---p 00000000 00:00 0 
7f6d30000000-7f6d30021000 rw-p 00000000 00:00 0 
7f6d30021000-7f6d34000000 ---p 00000000 00:00 0 
7f6d3407c000-7f6d3407f000 ---p 00000000 00:00 0 
7f6d3407f000-7f6d3417d000 rw-p 00000000 00:00 0                          [stack:4866]
7f6d3417d000-7f6d341d5000 r-xp 00000000 08:06 27922299                   /usr/local/lib/libwdspj.so
7f6d341d5000-7f6d343d4000 ---p 00058000 08:06 27922299                   /usr/local/lib/libwdspj.so
7f6d343d4000-7f6d343d5000 r--p 00057000 08:06 27922299                   /usr/local/lib/libwdspj.so
7f6d343d5000-7f6d343d6000 rw-p 00058000 08:06 27922299                   /usr/local/lib/libwdspj.so
7f6d343d6000-7f6d343df000 rw-p 00000000 00:00 0 
7f6d343df000-7f6d344e3000 r-xp 00000000 08:06 27927958                   /usr/local/lib/libfftw3.so.3.3.2
7f6d344e3000-7f6d346e2000 ---p 00104000 08:06 27927958                   /usr/local/lib/libfftw3.so.3.3.2
7f6d346e2000-7f6d346e9000 r--p 00103000 08:06 27927958                   /usr/local/lib/libfftw3.so.3.3.2
7f6d346e9000-7f6d346ea000 rw-p 0010a000 08:06 27927958                   /usr/local/lib/libfftw3.so.3.3.2
7f6d346ea000-7f6d346ed000 ---p 00000000 00:00 0 
7f6d346ed000-7f6d3492b000 rw-p 00000000 00:00 0                          [stack:4861]
7f6d3492b000-7f6d349eb000 ---p 00000000 00:00 0 
7f6d349eb000-7f6d34a15000 r-xp 00000000 08:06 3146423                    /home/john/jdk1.8.0_20/jre/lib/amd64/libdcpr.so
7f6d34a15000-7f6d34c15000 ---p 0002a000 08:06 3146423                    /home/john/jdk1.8.0_20/jre/lib/amd64/libdcpr.so
7f6d34c15000-7f6d34c18000 rw-p 0002a000 08:06 3146423                    /home/john/jdk1.8.0_20/jre/lib/amd64/libdcpr.so
7f6d34c18000-7f6d34c1b000 ---p 00000000 00:00 0 
7f6d34c1b000-7f6d34d19000 rw-p 00000000 00:00 0                          [stack:4865]
7f6d34d19000-7f6d34d82000 r-xp 00000000 08:06 3146435                    /home/john/jdk1.8.0_20/jre/lib/amd64/libt2k.so
7f6d34d82000-7f6d34f81000 ---p 00069000 08:06 3146435                    /home/john/jdk1.8.0_20/jre/lib/amd64/libt2k.so
7f6d34f81000-7f6d34f88000 rw-p 00068000 08:06 3146435                    /home/john/jdk1.8.0_20/jre/lib/amd64/libt2k.so
7f6d34f88000-7f6d35198000 rw-p 00000000 00:00 0 
7f6d35198000-7f6d351a9000 r-xp 00000000 08:06 3146470                    /home/john/jdk1.8.0_20/jre/lib/amd64/libnio.so
7f6d351a9000-7f6d353a8000 ---p 00011000 08:06 3146470                    /home/john/jdk1.8.0_20/jre/lib/amd64/libnio.so
7f6d353a8000-7f6d353a9000 rw-p 00010000 08:06 3146470                    /home/john/jdk1.8.0_20/jre/lib/amd64/libnio.so
7f6d353a9000-7f6d353bf000 r-xp 00000000 08:06 3146467                    /home/john/jdk1.8.0_20/jre/lib/amd64/libnet.so
7f6d353bf000-7f6d355bf000 ---p 00016000 08:06 3146467                    /home/john/jdk1.8.0_20/jre/lib/amd64/libnet.so
7f6d355bf000-7f6d355c0000 rw-p 00016000 08:06 3146467                    /home/john/jdk1.8.0_20/jre/lib/amd64/libnet.so
7f6d355c0000-7f6d355c3000 ---p 00000000 00:00 0 
7f6d355c3000-7f6d356c1000 rw-p 00000000 00:00 0                          [stack:4859]
7f6d356c1000-7f6d356c4000 ---p 00000000 00:00 0 
7f6d356c4000-7f6d357c2000 rw-p 00000000 00:00 0                          [stack:4858]
7f6d357c2000-7f6d357c5000 ---p 00000000 00:00 0 
7f6d357c5000-7f6d358c3000 rw-p 00000000 00:00 0                          [stack:4857]
7f6d358c3000-7f6d358c8000 r-xp 00000000 08:06 27532859                   /usr/lib/x86_64-linux-gnu/libXfixes.so.3.1.0
7f6d358c8000-7f6d35ac7000 ---p 00005000 08:06 27532859                   /usr/lib/x86_64-linux-gnu/libXfixes.so.3.1.0
7f6d35ac7000-7f6d35ac8000 r--p 00004000 08:06 27532859                   /usr/lib/x86_64-linux-gnu/libXfixes.so.3.1.0
7f6d35ac8000-7f6d35ac9000 rw-p 00005000 08:06 27532859                   /usr/lib/x86_64-linux-gnu/libXfixes.so.3.1.0
7f6d35ac9000-7f6d35ad2000 r-xp 00000000 08:06 27532851                   /usr/lib/x86_64-linux-gnu/libXcursor.so.1.0.2
7f6d35ad2000-7f6d35cd1000 ---p 00009000 08:06 27532851                   /usr/lib/x86_64-linux-gnu/libXcursor.so.1.0.2
7f6d35cd1000-7f6d35cd2000 r--p 00008000 08:06 27532851                   /usr/lib/x86_64-linux-gnu/libXcursor.so.1.0.2
7f6d35cd2000-7f6d35cd3000 rw-p 00009000 08:06 27532851                   /usr/lib/x86_64-linux-gnu/libXcursor.so.1.0.2
7f6d35cd3000-7f6d35cd6000 ---p 00000000 00:00 0 
7f6d35cd6000-7f6d35dd4000 rw-p 00000000 00:00 0                          [stack:4856]
7f6d35dd4000-7f6d35dea000 r-xp 00000000 08:06 14417925                   /lib/x86_64-linux-gnu/libgcc_s.so.1
7f6d35dea000-7f6d35fe9000 ---p 00016000 08:06 14417925                   /lib/x86_64-linux-gnu/libgcc_s.so.1
7f6d35fe9000-7f6d35fea000 rw-p 00015000 08:06 14417925                   /lib/x86_64-linux-gnu/libgcc_s.so.1
7f6d35fea000-7f6d3604f000 r-xp 00000000 08:06 3146452                    /home/john/jdk1.8.0_20/jre/lib/amd64/libfontmanager.so
7f6d3604f000-7f6d3624e000 ---p 00065000 08:06 3146452                    /home/john/jdk1.8.0_20/jre/lib/amd64/libfontmanager.so
7f6d3624e000-7f6d36252000 rw-p 00064000 08:06 3146452                    /home/john/jdk1.8.0_20/jre/lib/amd64/libfontmanager.so
7f6d36252000-7f6d36263000 rw-p 00000000 00:00 0 
7f6d36263000-7f6d36268000 r-xp 00000000 08:06 27532855                   /usr/lib/x86_64-linux-gnu/libXdmcp.so.6.0.0
7f6d36268000-7f6d36467000 ---p 00005000 08:06 27532855                   /usr/lib/x86_64-linux-gnu/libXdmcp.so.6.0.0
7f6d36467000-7f6d36468000 r--p 00004000 08:06 27532855                   /usr/lib/x86_64-linux-gnu/libXdmcp.so.6.0.0
7f6d36468000-7f6d36469000 rw-p 00005000 08:06 27532855                   /usr/lib/x86_64-linux-gnu/libXdmcp.so.6.0.0
7f6d36469000-7f6d3646b000 r-xp 00000000 08:06 27532844                   /usr/lib/x86_64-linux-gnu/libXau.so.6.0.0
7f6d3646b000-7f6d3666b000 ---p 00002000 08:06 27532844                   /usr/lib/x86_64-linux-gnu/libXau.so.6.0.0
7f6d3666b000-7f6d3666c000 r--p 00002000 08:06 27532844                   /usr/lib/x86_64-linux-gnu/libXau.so.6.0.0
7f6d3666c000-7f6d3666d000 rw-p 00003000 08:06 27532844                   /usr/lib/x86_64-linux-gnu/libXau.so.6.0.0
7f6d3666d000-7f6d3668a000 r-xp 00000000 08:06 27533914                   /usr/lib/x86_64-linux-gnu/libxcb.so.1.1.0
7f6d3668a000-7f6d3688a000 ---p 0001d000 08:06 27533914                   /usr/lib/x86_64-linux-gnu/libxcb.so.1.1.0
7f6d3688a000-7f6d3688b000 r--p 0001d000 08:06 27533914                   /usr/lib/x86_64-linux-gnu/libxcb.so.1.1.0
7f6d3688b000-7f6d3688c000 rw-p 0001e000 08:06 27533914                   /usr/lib/x86_64-linux-gnu/libxcb.so.1.1.0
7f6d3688c000-7f6d3689b000 r-xp 00000000 08:06 27532865                   /usr/lib/x86_64-linux-gnu/libXi.so.6.1.0
7f6d3689b000-7f6d36a9a000 ---p 0000f000 08:06 27532865                   /usr/lib/x86_64-linux-gnu/libXi.so.6.1.0
7f6d36a9a000-7f6d36a9b000 r--p 0000e000 08:06 27532865                   /usr/lib/x86_64-linux-gnu/libXi.so.6.1.0
7f6d36a9b000-7f6d36a9c000 rw-p 0000f000 08:06 27532865                   /usr/lib/x86_64-linux-gnu/libXi.so.6.1.0
7f6d36a9c000-7f6d36aa1000 r-xp 00000000 08:06 27532885                   /usr/lib/x86_64-linux-gnu/libXtst.so.6.1.0
7f6d36aa1000-7f6d36ca0000 ---p 00005000 08:06 27532885                   /usr/lib/x86_64-linux-gnu/libXtst.so.6.1.0
7f6d36ca0000-7f6d36ca1000 r--p 00004000 08:06 27532885                   /usr/lib/x86_64-linux-gnu/libXtst.so.6.1.0
7f6d36ca1000-7f6d36ca2000 rw-p 00005000 08:06 27532885                   /usr/lib/x86_64-linux-gnu/libXtst.so.6.1.0
7f6d36ca2000-7f6d36cab000 r-xp 00000000 08:06 27532879                   /usr/lib/x86_64-linux-gnu/libXrender.so.1.3.0
7f6d36cab000-7f6d36eaa000 ---p 00009000 08:06 27532879                   /usr/lib/x86_64-linux-gnu/libXrender.so.1.3.0
7f6d36eaa000-7f6d36eab000 r--p 00008000 08:06 27532879                   /usr/lib/x86_64-linux-gnu/libXrender.so.1.3.0
7f6d36eab000-7f6d36eac000 rw-p 00009000 08:06 27532879                   /usr/lib/x86_64-linux-gnu/libXrender.so.1.3.0
7f6d36eac000-7f6d36fdc000 r-xp 00000000 08:06 27532840                   /usr/lib/x86_64-linux-gnu/libX11.so.6.3.0
7f6d36fdc000-7f6d371dc000 ---p 00130000 08:06 27532840                   /usr/lib/x86_64-linux-gnu/libX11.so.6.3.0
7f6d371dc000-7f6d371dd000 r--p 00130000 08:06 27532840                   /usr/lib/x86_64-linux-gnu/libX11.so.6.3.0
7f6d371dd000-7f6d371e1000 rw-p 00131000 08:06 27532840                   /usr/lib/x86_64-linux-gnu/libX11.so.6.3.0
7f6d371e1000-7f6d371f2000 r-xp 00000000 08:06 27532857                   /usr/lib/x86_64-linux-gnu/libXext.so.6.4.0
7f6d371f2000-7f6d373f1000 ---p 00011000 08:06 27532857                   /usr/lib/x86_64-linux-gnu/libXext.so.6.4.0
7f6d373f1000-7f6d373f2000 r--p 00010000 08:06 27532857                   /usr/lib/x86_64-linux-gnu/libXext.so.6.4.0
7f6d373f2000-7f6d373f3000 rw-p 00011000 08:06 27532857                   /usr/lib/x86_64-linux-gnu/libXext.so.6.4.0
7f6d373f3000-7f6d37447000 r-xp 00000000 08:06 3146474                    /home/john/jdk1.8.0_20/jre/lib/amd64/libawt_xawt.so
7f6d37447000-7f6d37647000 ---p 00054000 08:06 3146474                    /home/john/jdk1.8.0_20/jre/lib/amd64/libawt_xawt.so
7f6d37647000-7f6d3764b000 rw-p 00054000 08:06 3146474                    /home/john/jdk1.8.0_20/jre/lib/amd64/libawt_xawt.so
7f6d3764b000-7f6d3764c000 rw-p 00000000 00:00 0 
7f6d3764c000-7f6d376ee000 r-xp 00000000 08:06 3146460                    /home/john/jdk1.8.0_20/jre/lib/amd64/libawt.so
7f6d376ee000-7f6d378ee000 ---p 000a2000 08:06 3146460                    /home/john/jdk1.8.0_20/jre/lib/amd64/libawt.so
7f6d378ee000-7f6d378fa000 rw-p 000a2000 08:06 3146460                    /home/john/jdk1.8.0_20/jre/lib/amd64/libawt.so
7f6d378fa000-7f6d3791e000 rw-p 00000000 00:00 0 
7f6d3791e000-7f6d38000000 r--p 00000000 08:06 27531858                   /usr/lib/locale/locale-archive
7f6d38000000-7f6d38021000 rw-p 00000000 00:00 0 
7f6d38021000-7f6d3c000000 ---p 00000000 00:00 0 
7f6d3c099000-7f6d3c0b5000 r--s 00393000 08:06 3146303                    /home/john/jdk1.8.0_20/jre/lib/ext/cldrdata.jar
7f6d3c0b5000-7f6d3c0bf000 r--s 00116000 08:06 3146309                    /home/john/jdk1.8.0_20/jre/lib/ext/localedata.jar
7f6d3c0bf000-7f6d3c0c0000 ---p 00000000 00:00 0 
7f6d3c0c0000-7f6d3c1c0000 rw-p 00000000 00:00 0                          [stack:4855]
7f6d3c1c0000-7f6d3c1c3000 ---p 00000000 00:00 0 
7f6d3c1c3000-7f6d3c2c1000 rw-p 00000000 00:00 0                          [stack:4854]
7f6d3c2c1000-7f6d3c2c4000 ---p 00000000 00:00 0 
7f6d3c2c4000-7f6d3c3c2000 rw-p 00000000 00:00 0                          [stack:4853]
7f6d3c3c2000-7f6d3c3c5000 ---p 00000000 00:00 0 
7f6d3c3c5000-7f6d3c4c3000 rw-p 00000000 00:00 0                          [stack:4852]
7f6d3c4c3000-7f6d3c4c6000 ---p 00000000 00:00 0 
7f6d3c4c6000-7f6d3c5c4000 rw-p 00000000 00:00 0                          [stack:4851]
7f6d3c5c4000-7f6d3c5c7000 ---p 00000000 00:00 0 
7f6d3c5c7000-7f6d3c6c5000 rw-p 00000000 00:00 0                          [stack:4850]
7f6d3c6c5000-7f6d3c6c8000 ---p 00000000 00:00 0 
7f6d3c6c8000-7f6d3c7c6000 rw-p 00000000 00:00 0                          [stack:4849]
7f6d3c7c6000-7f6d3c7c9000 ---p 00000000 00:00 0 
7f6d3c7c9000-7f6d3c8c7000 rw-p 00000000 00:00 0                          [stack:4848]
7f6d3c8c7000-7f6d3c8c8000 ---p 00000000 00:00 0 
7f6d3c8c8000-7f6d3d93a000 rw-p 00000000 00:00 0                          [stack:4847]
7f6d3d93a000-7f6d3db10000 r--s 03ca8000 08:06 2885685                    /home/john/jdk1.8.0_20/jre/lib/rt.jar
7f6d3db10000-7f6d40000000 rw-p 00000000 00:00 0 
7f6d40000000-7f6d40021000 rw-p 00000000 00:00 0 
7f6d40021000-7f6d44000000 ---p 00000000 00:00 0 
7f6d44000000-7f6d44245000 rw-p 00000000 00:00 0 
7f6d44245000-7f6d44246000 ---p 00000000 00:00 0 
7f6d44246000-7f6d44346000 rw-p 00000000 00:00 0                          [stack:4843]
7f6d44346000-7f6d44347000 ---p 00000000 00:00 0 
7f6d44347000-7f6d44447000 rw-p 00000000 00:00 0                          [stack:4842]
7f6d44447000-7f6d44448000 ---p 00000000 00:00 0 
7f6d44448000-7f6d44548000 rw-p 00000000 00:00 0                          [stack:4841]
7f6d44548000-7f6d44549000 ---p 00000000 00:00 0 
7f6d44549000-7f6d4465d000 rw-p 00000000 00:00 0                          [stack:4840]
7f6d4465d000-7f6d4477d000 ---p 00000000 00:00 0 
7f6d4477d000-7f6d44788000 rw-p 00000000 00:00 0 
7f6d44788000-7f6d44818000 ---p 00000000 00:00 0 
7f6d44818000-7f6d4482b000 rw-p 00000000 00:00 0 
7f6d4482b000-7f6d44bd9000 ---p 00000000 00:00 0 
7f6d44bd9000-7f6d45049000 rwxp 00000000 00:00 0 
7f6d45049000-7f6d53bd9000 ---p 00000000 00:00 0 
7f6d53bd9000-7f6d53bf3000 r-xp 00000000 08:06 3146463                    /home/john/jdk1.8.0_20/jre/lib/amd64/libzip.so
7f6d53bf3000-7f6d53df3000 ---p 0001a000 08:06 3146463                    /home/john/jdk1.8.0_20/jre/lib/amd64/libzip.so
7f6d53df3000-7f6d53df4000 rw-p 0001a000 08:06 3146463                    /home/john/jdk1.8.0_20/jre/lib/amd64/libzip.so
7f6d53df4000-7f6d53dff000 r-xp 00000000 08:06 14423904                   /lib/x86_64-linux-gnu/libnss_files-2.19.so
7f6d53dff000-7f6d53ffe000 ---p 0000b000 08:06 14423904                   /lib/x86_64-linux-gnu/libnss_files-2.19.so
7f6d53ffe000-7f6d53fff000 r--p 0000a000 08:06 14423904                   /lib/x86_64-linux-gnu/libnss_files-2.19.so
7f6d53fff000-7f6d54000000 rw-p 0000b000 08:06 14423904                   /lib/x86_64-linux-gnu/libnss_files-2.19.so
7f6d54000000-7f6d5451c000 rw-p 00000000 00:00 0 
7f6d5451c000-7f6d58000000 ---p 00000000 00:00 0 
7f6d58003000-7f6d58007000 rw-s 00000000 00:04 1020887052                 /SYSV00000000 (deleted)
7f6d58007000-7f6d5805d000 rw-p 00000000 00:00 0 
7f6d5805d000-7f6d5817e000 ---p 00000000 00:00 0 
7f6d5817e000-7f6d58189000 r-xp 00000000 08:06 14425471                   /lib/x86_64-linux-gnu/libnss_nis-2.19.so
7f6d58189000-7f6d58388000 ---p 0000b000 08:06 14425471                   /lib/x86_64-linux-gnu/libnss_nis-2.19.so
7f6d58388000-7f6d58389000 r--p 0000a000 08:06 14425471                   /lib/x86_64-linux-gnu/libnss_nis-2.19.so
7f6d58389000-7f6d5838a000 rw-p 0000b000 08:06 14425471                   /lib/x86_64-linux-gnu/libnss_nis-2.19.so
7f6d5838a000-7f6d583a1000 r-xp 00000000 08:06 14425460                   /lib/x86_64-linux-gnu/libnsl-2.19.so
7f6d583a1000-7f6d585a0000 ---p 00017000 08:06 14425460                   /lib/x86_64-linux-gnu/libnsl-2.19.so
7f6d585a0000-7f6d585a1000 r--p 00016000 08:06 14425460                   /lib/x86_64-linux-gnu/libnsl-2.19.so
7f6d585a1000-7f6d585a2000 rw-p 00017000 08:06 14425460                   /lib/x86_64-linux-gnu/libnsl-2.19.so
7f6d585a2000-7f6d585a4000 rw-p 00000000 00:00 0 
7f6d585a4000-7f6d585ad000 r-xp 00000000 08:06 14425459                   /lib/x86_64-linux-gnu/libnss_compat-2.19.so
7f6d585ad000-7f6d587ac000 ---p 00009000 08:06 14425459                   /lib/x86_64-linux-gnu/libnss_compat-2.19.so
7f6d587ac000-7f6d587ad000 r--p 00008000 08:06 14425459                   /lib/x86_64-linux-gnu/libnss_compat-2.19.so
7f6d587ad000-7f6d587ae000 rw-p 00009000 08:06 14425459                   /lib/x86_64-linux-gnu/libnss_compat-2.19.so
7f6d587ae000-7f6d587d8000 r-xp 00000000 08:06 3146458                    /home/john/jdk1.8.0_20/jre/lib/amd64/libjava.so
7f6d587d8000-7f6d589d8000 ---p 0002a000 08:06 3146458                    /home/john/jdk1.8.0_20/jre/lib/amd64/libjava.so
7f6d589d8000-7f6d589da000 rw-p 0002a000 08:06 3146458                    /home/john/jdk1.8.0_20/jre/lib/amd64/libjava.so
7f6d589da000-7f6d589e7000 r-xp 00000000 08:06 3146462                    /home/john/jdk1.8.0_20/jre/lib/amd64/libverify.so
7f6d589e7000-7f6d58be7000 ---p 0000d000 08:06 3146462                    /home/john/jdk1.8.0_20/jre/lib/amd64/libverify.so
7f6d58be7000-7f6d58be9000 rw-p 0000d000 08:06 3146462                    /home/john/jdk1.8.0_20/jre/lib/amd64/libverify.so
7f6d58be9000-7f6d58bf0000 r-xp 00000000 08:06 14425468                   /lib/x86_64-linux-gnu/librt-2.19.so
7f6d58bf0000-7f6d58def000 ---p 00007000 08:06 14425468                   /lib/x86_64-linux-gnu/librt-2.19.so
7f6d58def000-7f6d58df0000 r--p 00006000 08:06 14425468                   /lib/x86_64-linux-gnu/librt-2.19.so
7f6d58df0000-7f6d58df1000 rw-p 00007000 08:06 14425468                   /lib/x86_64-linux-gnu/librt-2.19.so
7f6d58df1000-7f6d58ef6000 r-xp 00000000 08:06 14423902                   /lib/x86_64-linux-gnu/libm-2.19.so
7f6d58ef6000-7f6d590f5000 ---p 00105000 08:06 14423902                   /lib/x86_64-linux-gnu/libm-2.19.so
7f6d590f5000-7f6d590f6000 r--p 00104000 08:06 14423902                   /lib/x86_64-linux-gnu/libm-2.19.so
7f6d590f6000-7f6d590f7000 rw-p 00105000 08:06 14423902                   /lib/x86_64-linux-gnu/libm-2.19.so
7f6d590f7000-7f6d59d61000 r-xp 00000000 08:06 3146444                    /home/john/jdk1.8.0_20/jre/lib/amd64/server/libjvm.so
7f6d59d61000-7f6d59f60000 ---p 00c6a000 08:06 3146444                    /home/john/jdk1.8.0_20/jre/lib/amd64/server/libjvm.so
7f6d59f60000-7f6d5a037000 rw-p 00c69000 08:06 3146444                    /home/john/jdk1.8.0_20/jre/lib/amd64/server/libjvm.so
7f6d5a037000-7f6d5a079000 rw-p 00000000 00:00 0 
7f6d5a079000-7f6d5a234000 r-xp 00000000 08:06 14425465                   /lib/x86_64-linux-gnu/libc-2.19.so
7f6d5a234000-7f6d5a433000 ---p 001bb000 08:06 14425465                   /lib/x86_64-linux-gnu/libc-2.19.so
7f6d5a433000-7f6d5a437000 r--p 001ba000 08:06 14425465                   /lib/x86_64-linux-gnu/libc-2.19.so
7f6d5a437000-7f6d5a439000 rw-p 001be000 08:06 14425465                   /lib/x86_64-linux-gnu/libc-2.19.so
7f6d5a439000-7f6d5a43e000 rw-p 00000000 00:00 0 
7f6d5a43e000-7f6d5a441000 r-xp 00000000 08:06 14425454                   /lib/x86_64-linux-gnu/libdl-2.19.so
7f6d5a441000-7f6d5a640000 ---p 00003000 08:06 14425454                   /lib/x86_64-linux-gnu/libdl-2.19.so
7f6d5a640000-7f6d5a641000 r--p 00002000 08:06 14425454                   /lib/x86_64-linux-gnu/libdl-2.19.so
7f6d5a641000-7f6d5a642000 rw-p 00003000 08:06 14425454                   /lib/x86_64-linux-gnu/libdl-2.19.so
7f6d5a642000-7f6d5a657000 r-xp 00000000 08:06 2885489                    /home/john/jdk1.8.0_20/lib/amd64/jli/libjli.so
7f6d5a657000-7f6d5a856000 ---p 00015000 08:06 2885489                    /home/john/jdk1.8.0_20/lib/amd64/jli/libjli.so
7f6d5a856000-7f6d5a857000 rw-p 00014000 08:06 2885489                    /home/john/jdk1.8.0_20/lib/amd64/jli/libjli.so
7f6d5a857000-7f6d5a870000 r-xp 00000000 08:06 14425466                   /lib/x86_64-linux-gnu/libpthread-2.19.so
7f6d5a870000-7f6d5aa6f000 ---p 00019000 08:06 14425466                   /lib/x86_64-linux-gnu/libpthread-2.19.so
7f6d5aa6f000-7f6d5aa70000 r--p 00018000 08:06 14425466                   /lib/x86_64-linux-gnu/libpthread-2.19.so
7f6d5aa70000-7f6d5aa71000 rw-p 00019000 08:06 14425466                   /lib/x86_64-linux-gnu/libpthread-2.19.so
7f6d5aa71000-7f6d5aa75000 rw-p 00000000 00:00 0 
7f6d5aa75000-7f6d5aa98000 r-xp 00000000 08:06 14425462                   /lib/x86_64-linux-gnu/ld-2.19.so
7f6d5aa9b000-7f6d5aa9c000 r--p 00000000 08:06 664782                     /usr/share/locale-langpack/en_GB/LC_MESSAGES/libc.mo
7f6d5aa9c000-7f6d5ab6e000 rw-p 00000000 00:00 0 
7f6d5ab6e000-7f6d5ab71000 ---p 00000000 00:00 0 
7f6d5ab71000-7f6d5ac73000 rw-p 00000000 00:00 0                          [stack:4839]
7f6d5ac73000-7f6d5ac78000 r--s 002f8000 08:06 2885683                    /home/john/jdk1.8.0_20/jre/lib/charsets.jar
7f6d5ac78000-7f6d5ac8b000 rw-p 00000000 00:00 0 
7f6d5ac8b000-7f6d5ac93000 rw-s 00000000 08:06 24117542                   /tmp/hsperfdata_john/4837
7f6d5ac93000-7f6d5ac94000 rw-p 00000000 00:00 0 
7f6d5ac94000-7f6d5ac95000 r--p 00000000 00:00 0 
7f6d5ac95000-7f6d5ac97000 rw-p 00000000 00:00 0 
7f6d5ac97000-7f6d5ac98000 r--p 00022000 08:06 14425462                   /lib/x86_64-linux-gnu/ld-2.19.so
7f6d5ac98000-7f6d5ac99000 rw-p 00023000 08:06 14425462                   /lib/x86_64-linux-gnu/ld-2.19.so
7f6d5ac99000-7f6d5ac9a000 rw-p 00000000 00:00 0 
7fffb7e7d000-7fffb7e9e000 rw-p 00000000 00:00 0                          [stack]
7fffb7f2b000-7fffb7f2d000 r-xp 00000000 00:00 0                          [vdso]
ffffffffff600000-ffffffffff601000 r-xp 00000000 00:00 0                  [vsyscall]

VM Arguments:
jvm_args: -Dfile.encoding=UTF-8 -Djava.library.path=/usr/local/lib 
java_command: org.g0orx.openhpsdr.OpenHPSDRJ
java_class_path (initial): /home/john/NetBeansProjects/openHPSDRJ/build/classes
Launcher Type: SUN_STANDARD

Environment Variables:
PATH=/usr/local/sbin:/usr/local/bin:/usr/sbin:/usr/bin:/sbin:/bin:/usr/games:/usr/local/games
LD_LIBRARY_PATH=/home/john/jdk1.8.0_20/jre/lib/amd64:/home/john/jdk1.8.0_20/jre/lib/i386:
SHELL=/bin/bash
DISPLAY=:0.0

Signal Handlers:
SIGSEGV: [libjvm.so+0xa77530], sa_mask[0]=11111111011111111101111111111110, sa_flags=SA_RESTART|SA_SIGINFO
SIGBUS: [libjvm.so+0xa77530], sa_mask[0]=11111111011111111101111111111110, sa_flags=SA_RESTART|SA_SIGINFO
SIGFPE: [libjvm.so+0x8e1d90], sa_mask[0]=11111111011111111101111111111110, sa_flags=SA_RESTART|SA_SIGINFO
SIGPIPE: [libjvm.so+0x8e1d90], sa_mask[0]=11111111011111111101111111111110, sa_flags=SA_RESTART|SA_SIGINFO
SIGXFSZ: [libjvm.so+0x8e1d90], sa_mask[0]=11111111011111111101111111111110, sa_flags=SA_RESTART|SA_SIGINFO
SIGILL: [libjvm.so+0x8e1d90], sa_mask[0]=11111111011111111101111111111110, sa_flags=SA_RESTART|SA_SIGINFO
SIGUSR1: SIG_DFL, sa_mask[0]=00000000000000000000000000000000, sa_flags=none
SIGUSR2: [libjvm.so+0x8e35c0], sa_mask[0]=00100000000000000000000000000000, sa_flags=SA_RESTART|SA_SIGINFO
SIGHUP: [libjvm.so+0x8e4980], sa_mask[0]=11111111011111111101111111111110, sa_flags=SA_RESTART|SA_SIGINFO
SIGINT: SIG_IGN, sa_mask[0]=00000000000000000000000000000000, sa_flags=none
SIGTERM: [libjvm.so+0x8e4980], sa_mask[0]=11111111011111111101111111111110, sa_flags=SA_RESTART|SA_SIGINFO
SIGQUIT: [libjvm.so+0x8e4980], sa_mask[0]=11111111011111111101111111111110, sa_flags=SA_RESTART|SA_SIGINFO


---------------  S Y S T E M  ---------------

OS:DISTRIB_ID=Ubuntu
DISTRIB_RELEASE=14.04
DISTRIB_CODENAME=trusty
DISTRIB_DESCRIPTION="Ubuntu 14.04.2 LTS"

uname:Linux 3.13.0-46-generic #79-Ubuntu SMP Tue Mar 10 20:06:50 UTC 2015 x86_64
libc:glibc 2.19 NPTL 2.19 
rlimit: STACK 8192k, CORE 0k, NPROC 29404, NOFILE 4096, AS infinity
load average:0.47 0.47 0.50

/proc/meminfo:
MemTotal:        3785356 kB
MemFree:          131032 kB
Buffers:          121416 kB
Cached:           691700 kB
SwapCached:        30420 kB
Active:          2422356 kB
Inactive:         871896 kB
Active(anon):    2144624 kB
Inactive(anon):   683548 kB
Active(file):     277732 kB
Inactive(file):   188348 kB
Unevictable:          64 kB
Mlocked:              64 kB
SwapTotal:       3926012 kB
SwapFree:        3592164 kB
Dirty:                56 kB
Writeback:             0 kB
AnonPages:       2463828 kB
Mapped:           118980 kB
Shmem:            347036 kB
Slab:             266920 kB
SReclaimable:     233492 kB
SUnreclaim:        33428 kB
KernelStack:        4288 kB
PageTables:        33312 kB
NFS_Unstable:          0 kB
Bounce:                0 kB
WritebackTmp:          0 kB
CommitLimit:     5818688 kB
Committed_AS:    6269904 kB
VmallocTotal:   34359738367 kB
VmallocUsed:      351548 kB
VmallocChunk:   34359377680 kB
HardwareCorrupted:     0 kB
AnonHugePages:    497664 kB
HugePages_Total:       0
HugePages_Free:        0
HugePages_Rsvd:        0
HugePages_Surp:        0
Hugepagesize:       2048 kB
DirectMap4k:       79744 kB
DirectMap2M:     3848192 kB


CPU:total 4 (2 cores per cpu, 2 threads per core) family 6 model 37 stepping 2, cmov, cx8, fxsr, mmx, sse, sse2, sse3, ssse3, sse4.1, sse4.2, popcnt, aes, clmul, ht, tsc, tscinvbit

/proc/cpuinfo:
processor	: 0
vendor_id	: GenuineIntel
cpu family	: 6
model		: 37
model name	: Intel(R) Core(TM) i5 CPU         650  @ 3.20GHz
stepping	: 2
microcode	: 0x9
cpu MHz		: 1197.000
cache size	: 4096 KB
physical id	: 0
siblings	: 4
core id		: 0
cpu cores	: 2
apicid		: 0
initial apicid	: 0
fpu		: yes
fpu_exception	: yes
cpuid level	: 11
wp		: yes
flags		: fpu vme de pse tsc msr pae mce cx8 apic sep mtrr pge mca cmov pat pse36 clflush dts acpi mmx fxsr sse sse2 ss ht tm pbe syscall nx rdtscp lm constant_tsc arch_perfmon pebs bts rep_good nopl xtopology nonstop_tsc aperfmperf pni pclmulqdq dtes64 monitor ds_cpl vmx smx est tm2 ssse3 cx16 xtpr pdcm sse4_1 sse4_2 popcnt aes lahf_lm ida arat dtherm tpr_shadow vnmi flexpriority ept vpid
bogomips	: 6400.38
clflush size	: 64
cache_alignment	: 64
address sizes	: 36 bits physical, 48 bits virtual
power management:

processor	: 1
vendor_id	: GenuineIntel
cpu family	: 6
model		: 37
model name	: Intel(R) Core(TM) i5 CPU         650  @ 3.20GHz
stepping	: 2
microcode	: 0x9
cpu MHz		: 3193.000
cache size	: 4096 KB
physical id	: 0
siblings	: 4
core id		: 2
cpu cores	: 2
apicid		: 4
initial apicid	: 4
fpu		: yes
fpu_exception	: yes
cpuid level	: 11
wp		: yes
flags		: fpu vme de pse tsc msr pae mce cx8 apic sep mtrr pge mca cmov pat pse36 clflush dts acpi mmx fxsr sse sse2 ss ht tm pbe syscall nx rdtscp lm constant_tsc arch_perfmon pebs bts rep_good nopl xtopology nonstop_tsc aperfmperf pni pclmulqdq dtes64 monitor ds_cpl vmx smx est tm2 ssse3 cx16 xtpr pdcm sse4_1 sse4_2 popcnt aes lahf_lm ida arat dtherm tpr_shadow vnmi flexpriority ept vpid
bogomips	: 6400.38
clflush size	: 64
cache_alignment	: 64
address sizes	: 36 bits physical, 48 bits virtual
power management:

processor	: 2
vendor_id	: GenuineIntel
cpu family	: 6
model		: 37
model name	: Intel(R) Core(TM) i5 CPU         650  @ 3.20GHz
stepping	: 2
microcode	: 0x9
cpu MHz		: 1197.000
cache size	: 4096 KB
physical id	: 0
siblings	: 4
core id		: 0
cpu cores	: 2
apicid		: 1
initial apicid	: 1
fpu		: yes
fpu_exception	: yes
cpuid level	: 11
wp		: yes
flags		: fpu vme de pse tsc msr pae mce cx8 apic sep mtrr pge mca cmov pat pse36 clflush dts acpi mmx fxsr sse sse2 ss ht tm pbe syscall nx rdtscp lm constant_tsc arch_perfmon pebs bts rep_good nopl xtopology nonstop_tsc aperfmperf pni pclmulqdq dtes64 monitor ds_cpl vmx smx est tm2 ssse3 cx16 xtpr pdcm sse4_1 sse4_2 popcnt aes lahf_lm ida arat dtherm tpr_shadow vnmi flexpriority ept vpid
bogomips	: 6400.38
clflush size	: 64
cache_alignment	: 64
address sizes	: 36 bits physical, 48 bits virtual
power management:

processor	: 3
vendor_id	: GenuineIntel
cpu family	: 6
model		: 37
model name	: Intel(R) Core(TM) i5 CPU         650  @ 3.20GHz
stepping	: 2
microcode	: 0x9
cpu MHz		: 2527.000
cache size	: 4096 KB
physical id	: 0
siblings	: 4
core id		: 2
cpu cores	: 2
apicid		: 5
initial apicid	: 5
fpu		: yes
fpu_exception	: yes
cpuid level	: 11
wp		: yes
flags		: fpu vme de pse tsc msr pae mce cx8 apic sep mtrr pge mca cmov pat pse36 clflush dts acpi mmx fxsr sse sse2 ss ht tm pbe syscall nx rdtscp lm constant_tsc arch_perfmon pebs bts rep_good nopl xtopology nonstop_tsc aperfmperf pni pclmulqdq dtes64 monitor ds_cpl vmx smx est tm2 ssse3 cx16 xtpr pdcm sse4_1 sse4_2 popcnt aes lahf_lm ida arat dtherm tpr_shadow vnmi flexpriority ept vpid
bogomips	: 6400.38
clflush size	: 64
cache_alignment	: 64
address sizes	: 36 bits physical, 48 bits virtual
power management:



Memory: 4k page, physical 3785356k(131032k free), swap 3926012k(3592164k free)

vm_info: Java HotSpot(TM) 64-Bit Server VM (25.20-b23) for linux-amd64 JRE (1.8.0_20-b26), built on Jul 30 2014 13:13:52 by "java_re" with gcc 4.3.0 20080428 (Red Hat 4.3.0-8)

time: Tue Mar 24 11:54:50 2015
elapsed time: 27 seconds (0d 0h 0m 27s)

