#
# A fatal error has been detected by the Java Runtime Environment:
#
#  SIGSEGV (0xb) at pc=0x00007f37e8dc9624, pid=4658, tid=139878125487872
#
# JRE version: Java(TM) SE Runtime Environment (8.0_20-b26) (build 1.8.0_20-b26)
# Java VM: Java HotSpot(TM) 64-Bit Server VM (25.20-b23 mixed mode linux-amd64 compressed oops)
# Problematic frame:
# C  [libwdspj.so+0x2a624]  eq_mults+0x3f9
#
# Failed to write core dump. Core dumps have been disabled. To enable core dumping, try "ulimit -c unlimited" before starting Java again
#
# If you would like to submit a bug report, please visit:
#   http://bugreport.sun.com/bugreport/crash.jsp
# The crash happened outside the Java Virtual Machine in native code.
# See problematic frame for where to report the bug.
#

---------------  T H R E A D  ---------------

Current thread (0x00007f3830207000):  JavaThread "AWT-EventQueue-0" [_thread_in_native, id=4680, stack(0x00007f37e9eb4000,0x00007f37e9fb5000)]

siginfo: si_signo: 11 (SIGSEGV), si_code: 2 (SEGV_ACCERR), si_addr: 0x00007f37d05bf2a8

Registers:
RAX=0x00007f37d05bf2a8, RBX=0x00007f37d05bed50, RCX=0x7fffffffffffffff, RDX=0x0000000000001558
RSP=0x00007f37e9fb0da0, RBP=0x00007f37e9fb0e70, RSI=0x0000000040240000, RDI=0x00007f37d05bdd50
R8 =0x0000000000000000, R9 =0x00000000005be000, R10=0x00007f37d0000078, R11=0x00000000d0000001
R12=0x00007f37d050ef00, R13=0x00007f37d050ef00, R14=0x00007f37d054c440, R15=0x0000000000005dc0
RIP=0x00007f37e8dc9624, EFLAGS=0x0000000000010202, CSGSFS=0x0000000000000033, ERR=0x0000000000000004
  TRAPNO=0x000000000000000e

Top of Stack: (sp=0x00007f37e9fb0da0)
0x00007f37e9fb0da0:   00007f37d05b55a0 4024000000000000
0x00007f37e9fb0db0:   0000000000000001 3f40000000000000
0x00007f37e9fb0dc0:   40d7700000000000 00007f37e9fb0fb0
0x00007f37e9fb0dd0:   00007f37e9fb0f50 000004000000000a
0x00007f37e9fb0de0:   00007f37e9fb0ec0 0000000900000201
0x00007f37e9fb0df0:   00000200d050ef00 000002ab00000001
0x00007f37e9fb0e00:   0000000000005dc0 3f40000000000000
0x00007f37e9fb0e10:   00007f3700000001 00007f37d0574bb0
0x00007f37e9fb0e20:   00007f37d0574aa0 00007f37d05bdd50
0x00007f37e9fb0e30:   0000000000000000 3ff0000000000000
0x00007f37e9fb0e40:   3fe0000000000001 00007f37e8de5262
0x00007f37e9fb0e50:   3fb999999999999a 00007f37e90ef1f6
0x00007f37e9fb0e60:   0000001000000400 0000000000000400
0x00007f37e9fb0e70:   00007f37e9fb0ec0 00007f37e8dc9a28
0x00007f37e9fb0e80:   40d7700000000000 00007f37e9fb0f50
0x00007f37e9fb0e90:   0000000ad050ef00 00007f37d050ef00
0x00007f37e9fb0ea0:   00007f37d050ef00 0000000000000400
0x00007f37e9fb0eb0:   00007f37e9fb0f50 00007f37d0558e90
0x00007f37e9fb0ec0:   00007f37e9fb1040 00007f37e8ddd334
0x00007f37e9fb0ed0:   00007f37e9fb0fb0 0000000000000000
0x00007f37e9fb0ee0:   3ff3333300000001 00007f3700005dc0
0x00007f37e9fb0ef0:   0000000000000000 00007f37e9fb0f10
0x00007f37e9fb0f00:   000000001be87403 00007f37e8da5b09
0x00007f37e9fb0f10:   00000000ffffffff 00007f37e9fb0f30
0x00007f37e9fb0f20:   40b3880000000000 00000000d007bd50
0x00007f37e9fb0f30:   00000000ffffffff 0000000000000000
0x00007f37e9fb0f40:   00007f37e8da1e30 00007f37d007bd50
0x00007f37e9fb0f50:   0000000000000000 4040000000000000
0x00007f37e9fb0f60:   404f800000000000 405f400000000000
0x00007f37e9fb0f70:   406f400000000000 407f400000000000
0x00007f37e9fb0f80:   408f400000000000 409f400000000000
0x00007f37e9fb0f90:   40af400000000000 40bf400000000000 

Instructions: (pc=0x00007f37e8dc9624)
0x00007f37e8dc9604:   45 b8 48 01 d0 48 8b 00 48 89 45 98 8b 45 8c 48
0x00007f37e8dc9614:   98 48 8d 14 c5 00 00 00 00 48 8b 45 b8 48 01 d0
0x00007f37e8dc9624:   48 8b 00 48 89 45 a0 f2 0f 2a 45 88 f2 0f 2a 4d
0x00007f37e8dc9634:   84 f2 0f 5e c1 48 b8 00 00 00 00 00 00 10 40 48 

Register to memory mapping:

RAX=0x00007f37d05bf2a8 is an unknown value
RBX=0x00007f37d05bed50 is an unknown value
RCX=0x7fffffffffffffff is an unknown value
RDX=0x0000000000001558 is an unknown value
RSP=0x00007f37e9fb0da0 is pointing into the stack for thread: 0x00007f3830207000
RBP=0x00007f37e9fb0e70 is pointing into the stack for thread: 0x00007f3830207000
RSI=0x0000000040240000 is an unknown value
RDI=0x00007f37d05bdd50 is an unknown value
R8 =0x0000000000000000 is an unknown value
R9 =0x00000000005be000 is an unknown value
R10=0x00007f37d0000078 is an unknown value
R11=0x00000000d0000001 is an unallocated location in the heap
R12=0x00007f37d050ef00 is an unknown value
R13=0x00007f37d050ef00 is an unknown value
R14=0x00007f37d054c440 is an unknown value
R15=0x0000000000005dc0 is an unknown value


Stack: [0x00007f37e9eb4000,0x00007f37e9fb5000],  sp=0x00007f37e9fb0da0,  free space=1011k
Native frames: (J=compiled Java code, j=interpreted, Vv=VM code, C=native code)
C  [libwdspj.so+0x2a624]  eq_mults+0x3f9
C  [libwdspj.so+0x2aa28]  create_eq+0x1b5
C  [libwdspj.so+0x3e334]  create_rxa+0x12e3
C  [libwdspj.so+0x39603]  create_main+0x44
C  [libwdspj.so+0x215e4]  build_channel+0x1f
C  [libwdspj.so+0x2184d]  OpenChannel+0x25d
C  [libwdspj.so+0x4a726]  Java_org_g0orx_openhpsdr_wdsp_WDSP_OpenChannel+0xa4
j  org.g0orx.openhpsdr.wdsp.WDSP.OpenChannel(IIIIIIIIDDDDI)V+0
j  org.g0orx.openhpsdr.Radio.start()V+197
j  org.g0orx.openhpsdr.Radio.jButtonStartActionPerformed(Ljava/awt/event/ActionEvent;)V+30
j  org.g0orx.openhpsdr.Radio.access$100(Lorg/g0orx/openhpsdr/Radio;Ljava/awt/event/ActionEvent;)V+2
j  org.g0orx.openhpsdr.Radio$2.actionPerformed(Ljava/awt/event/ActionEvent;)V+5
j  javax.swing.AbstractButton.fireActionPerformed(Ljava/awt/event/ActionEvent;)V+83
j  javax.swing.AbstractButton$Handler.actionPerformed(Ljava/awt/event/ActionEvent;)V+5
j  javax.swing.DefaultButtonModel.fireActionPerformed(Ljava/awt/event/ActionEvent;)V+34
j  javax.swing.DefaultButtonModel.setPressed(Z)V+117
j  javax.swing.plaf.basic.BasicButtonListener.mouseReleased(Ljava/awt/event/MouseEvent;)V+35
j  java.awt.Component.processMouseEvent(Ljava/awt/event/MouseEvent;)V+64
j  javax.swing.JComponent.processMouseEvent(Ljava/awt/event/MouseEvent;)V+23
j  java.awt.Component.processEvent(Ljava/awt/AWTEvent;)V+81
j  java.awt.Container.processEvent(Ljava/awt/AWTEvent;)V+18
J 1334 C1 java.awt.Component.dispatchEventImpl(Ljava/awt/AWTEvent;)V (883 bytes) @ 0x00007f3821478efc [0x00007f3821473a40+0x54bc]
J 1127 C1 java.awt.Container.dispatchEventImpl(Ljava/awt/AWTEvent;)V (129 bytes) @ 0x00007f38213c4a64 [0x00007f38213c4920+0x144]
J 899 C1 java.awt.Component.dispatchEvent(Ljava/awt/AWTEvent;)V (6 bytes) @ 0x00007f3821308c84 [0x00007f3821308b80+0x104]
j  java.awt.LightweightDispatcher.retargetMouseEvent(Ljava/awt/Component;ILjava/awt/event/MouseEvent;)V+327
j  java.awt.LightweightDispatcher.processMouseEvent(Ljava/awt/event/MouseEvent;)Z+143
j  java.awt.LightweightDispatcher.dispatchEvent(Ljava/awt/AWTEvent;)Z+50
J 1127 C1 java.awt.Container.dispatchEventImpl(Ljava/awt/AWTEvent;)V (129 bytes) @ 0x00007f38213c4a04 [0x00007f38213c4920+0xe4]
J 1451 C1 java.awt.Window.dispatchEventImpl(Ljava/awt/AWTEvent;)V (23 bytes) @ 0x00007f38214f1e44 [0x00007f38214f1860+0x5e4]
J 1361 C1 java.awt.EventQueue.dispatchEventImpl(Ljava/awt/AWTEvent;Ljava/lang/Object;)V (149 bytes) @ 0x00007f38214a2de4 [0x00007f38214a1780+0x1664]
J 1359 C1 java.awt.EventQueue$3.run()Ljava/lang/Void; (60 bytes) @ 0x00007f382148f8c4 [0x00007f382148f6c0+0x204]
J 1358 C1 java.awt.EventQueue$3.run()Ljava/lang/Object; (5 bytes) @ 0x00007f382149a3fc [0x00007f382149a380+0x7c]
v  ~StubRoutines::call_stub
V  [libjvm.so+0x663ce6]  JavaCalls::call_helper(JavaValue*, methodHandle*, JavaCallArguments*, Thread*)+0x1056
V  [libjvm.so+0x6f7d7c]  JVM_DoPrivileged+0x27c
J 633  java.security.AccessController.doPrivileged(Ljava/security/PrivilegedAction;Ljava/security/AccessControlContext;)Ljava/lang/Object; (0 bytes) @ 0x00007f3821249e15 [0x00007f3821249d40+0xd5]
J 936 C1 java.security.ProtectionDomain$1.doIntersectionPrivilege(Ljava/security/PrivilegedAction;Ljava/security/AccessControlContext;Ljava/security/AccessControlContext;)Ljava/lang/Object; (32 bytes) @ 0x00007f382132163c [0x00007f3821321340+0x2fc]
J 1354 C1 java.awt.EventQueue$4.run()Ljava/lang/Object; (5 bytes) @ 0x00007f38214a9dec [0x00007f38214a9a20+0x3cc]
v  ~StubRoutines::call_stub
V  [libjvm.so+0x663ce6]  JavaCalls::call_helper(JavaValue*, methodHandle*, JavaCallArguments*, Thread*)+0x1056
V  [libjvm.so+0x6f7d7c]  JVM_DoPrivileged+0x27c
J 633  java.security.AccessController.doPrivileged(Ljava/security/PrivilegedAction;Ljava/security/AccessControlContext;)Ljava/lang/Object; (0 bytes) @ 0x00007f3821249e15 [0x00007f3821249d40+0xd5]
J 1203 C1 java.awt.EventQueue.dispatchEvent(Ljava/awt/AWTEvent;)V (80 bytes) @ 0x00007f3821416964 [0x00007f3821415cc0+0xca4]
J 1363 C1 java.awt.EventDispatchThread.pumpOneEventForFilters(I)V (295 bytes) @ 0x00007f382149f11c [0x00007f382149d640+0x1adc]
j  java.awt.EventDispatchThread.pumpEventsForFilter(ILjava/awt/Conditional;Ljava/awt/EventFilter;)V+35
j  java.awt.EventDispatchThread.pumpEventsForHierarchy(ILjava/awt/Conditional;Ljava/awt/Component;)V+11
j  java.awt.EventDispatchThread.pumpEvents(ILjava/awt/Conditional;)V+4
j  java.awt.EventDispatchThread.pumpEvents(Ljava/awt/Conditional;)V+3
j  java.awt.EventDispatchThread.run()V+9
v  ~StubRoutines::call_stub
V  [libjvm.so+0x663ce6]  JavaCalls::call_helper(JavaValue*, methodHandle*, JavaCallArguments*, Thread*)+0x1056
V  [libjvm.so+0x6641f1]  JavaCalls::call_virtual(JavaValue*, KlassHandle, Symbol*, Symbol*, JavaCallArguments*, Thread*)+0x321
V  [libjvm.so+0x664697]  JavaCalls::call_virtual(JavaValue*, Handle, KlassHandle, Symbol*, Symbol*, Thread*)+0x47
V  [libjvm.so+0x6f1990]  thread_entry(JavaThread*, Thread*)+0xa0
V  [libjvm.so+0xa2990f]  JavaThread::thread_main_inner()+0xdf
V  [libjvm.so+0xa29a3c]  JavaThread::run()+0x11c
V  [libjvm.so+0x8e75f8]  java_start(Thread*)+0x108
C  [libpthread.so.0+0x8182]  start_thread+0xc2

Java frames: (J=compiled Java code, j=interpreted, Vv=VM code)
j  org.g0orx.openhpsdr.wdsp.WDSP.OpenChannel(IIIIIIIIDDDDI)V+0
j  org.g0orx.openhpsdr.Radio.start()V+197
j  org.g0orx.openhpsdr.Radio.jButtonStartActionPerformed(Ljava/awt/event/ActionEvent;)V+30
j  org.g0orx.openhpsdr.Radio.access$100(Lorg/g0orx/openhpsdr/Radio;Ljava/awt/event/ActionEvent;)V+2
j  org.g0orx.openhpsdr.Radio$2.actionPerformed(Ljava/awt/event/ActionEvent;)V+5
j  javax.swing.AbstractButton.fireActionPerformed(Ljava/awt/event/ActionEvent;)V+83
j  javax.swing.AbstractButton$Handler.actionPerformed(Ljava/awt/event/ActionEvent;)V+5
j  javax.swing.DefaultButtonModel.fireActionPerformed(Ljava/awt/event/ActionEvent;)V+34
j  javax.swing.DefaultButtonModel.setPressed(Z)V+117
j  javax.swing.plaf.basic.BasicButtonListener.mouseReleased(Ljava/awt/event/MouseEvent;)V+35
j  java.awt.Component.processMouseEvent(Ljava/awt/event/MouseEvent;)V+64
j  javax.swing.JComponent.processMouseEvent(Ljava/awt/event/MouseEvent;)V+23
j  java.awt.Component.processEvent(Ljava/awt/AWTEvent;)V+81
j  java.awt.Container.processEvent(Ljava/awt/AWTEvent;)V+18
J 1334 C1 java.awt.Component.dispatchEventImpl(Ljava/awt/AWTEvent;)V (883 bytes) @ 0x00007f3821478efc [0x00007f3821473a40+0x54bc]
J 1127 C1 java.awt.Container.dispatchEventImpl(Ljava/awt/AWTEvent;)V (129 bytes) @ 0x00007f38213c4a64 [0x00007f38213c4920+0x144]
J 899 C1 java.awt.Component.dispatchEvent(Ljava/awt/AWTEvent;)V (6 bytes) @ 0x00007f3821308c84 [0x00007f3821308b80+0x104]
j  java.awt.LightweightDispatcher.retargetMouseEvent(Ljava/awt/Component;ILjava/awt/event/MouseEvent;)V+327
j  java.awt.LightweightDispatcher.processMouseEvent(Ljava/awt/event/MouseEvent;)Z+143
j  java.awt.LightweightDispatcher.dispatchEvent(Ljava/awt/AWTEvent;)Z+50
J 1127 C1 java.awt.Container.dispatchEventImpl(Ljava/awt/AWTEvent;)V (129 bytes) @ 0x00007f38213c4a04 [0x00007f38213c4920+0xe4]
J 1451 C1 java.awt.Window.dispatchEventImpl(Ljava/awt/AWTEvent;)V (23 bytes) @ 0x00007f38214f1e44 [0x00007f38214f1860+0x5e4]
J 1361 C1 java.awt.EventQueue.dispatchEventImpl(Ljava/awt/AWTEvent;Ljava/lang/Object;)V (149 bytes) @ 0x00007f38214a2de4 [0x00007f38214a1780+0x1664]
J 1359 C1 java.awt.EventQueue$3.run()Ljava/lang/Void; (60 bytes) @ 0x00007f382148f8c4 [0x00007f382148f6c0+0x204]
J 1358 C1 java.awt.EventQueue$3.run()Ljava/lang/Object; (5 bytes) @ 0x00007f382149a3fc [0x00007f382149a380+0x7c]
v  ~StubRoutines::call_stub
J 633  java.security.AccessController.doPrivileged(Ljava/security/PrivilegedAction;Ljava/security/AccessControlContext;)Ljava/lang/Object; (0 bytes) @ 0x00007f3821249da3 [0x00007f3821249d40+0x63]
J 936 C1 java.security.ProtectionDomain$1.doIntersectionPrivilege(Ljava/security/PrivilegedAction;Ljava/security/AccessControlContext;Ljava/security/AccessControlContext;)Ljava/lang/Object; (32 bytes) @ 0x00007f382132163c [0x00007f3821321340+0x2fc]
J 1354 C1 java.awt.EventQueue$4.run()Ljava/lang/Object; (5 bytes) @ 0x00007f38214a9dec [0x00007f38214a9a20+0x3cc]
v  ~StubRoutines::call_stub
J 633  java.security.AccessController.doPrivileged(Ljava/security/PrivilegedAction;Ljava/security/AccessControlContext;)Ljava/lang/Object; (0 bytes) @ 0x00007f3821249da3 [0x00007f3821249d40+0x63]
J 1203 C1 java.awt.EventQueue.dispatchEvent(Ljava/awt/AWTEvent;)V (80 bytes) @ 0x00007f3821416964 [0x00007f3821415cc0+0xca4]
J 1363 C1 java.awt.EventDispatchThread.pumpOneEventForFilters(I)V (295 bytes) @ 0x00007f382149f11c [0x00007f382149d640+0x1adc]
j  java.awt.EventDispatchThread.pumpEventsForFilter(ILjava/awt/Conditional;Ljava/awt/EventFilter;)V+35
j  java.awt.EventDispatchThread.pumpEventsForHierarchy(ILjava/awt/Conditional;Ljava/awt/Component;)V+11
j  java.awt.EventDispatchThread.pumpEvents(ILjava/awt/Conditional;)V+4
j  java.awt.EventDispatchThread.pumpEvents(Ljava/awt/Conditional;)V+3
j  java.awt.EventDispatchThread.run()V+9
v  ~StubRoutines::call_stub

---------------  P R O C E S S  ---------------

Java Threads: ( => current thread )
  0x00007f3830009800 JavaThread "DestroyJavaVM" [_thread_blocked, id=4663, stack(0x00007f383740c000,0x00007f383750d000)]
=>0x00007f3830207000 JavaThread "AWT-EventQueue-0" [_thread_in_native, id=4680, stack(0x00007f37e9eb4000,0x00007f37e9fb5000)]
  0x00007f3830205800 JavaThread "AWT-Shutdown" [_thread_blocked, id=4679, stack(0x00007f37e9fb5000,0x00007f37ea0b6000)]
  0x00007f38301d2000 JavaThread "AWT-XAWT" daemon [_thread_in_native, id=4678, stack(0x00007f37ea0b6000,0x00007f37ea1b7000)]
  0x00007f38301aa000 JavaThread "Java2D Disposer" daemon [_thread_blocked, id=4677, stack(0x00007f37ea5c7000,0x00007f37ea6c8000)]
  0x00007f38300d0000 JavaThread "Service Thread" daemon [_thread_blocked, id=4675, stack(0x00007f3818341000,0x00007f3818442000)]
  0x00007f38300b2000 JavaThread "C1 CompilerThread2" daemon [_thread_blocked, id=4674, stack(0x00007f3818442000,0x00007f3818543000)]
  0x00007f38300b0800 JavaThread "C2 CompilerThread1" daemon [_thread_blocked, id=4673, stack(0x00007f3818543000,0x00007f3818644000)]
  0x00007f38300ad800 JavaThread "C2 CompilerThread0" daemon [_thread_blocked, id=4672, stack(0x00007f3818644000,0x00007f3818745000)]
  0x00007f38300ab800 JavaThread "Signal Dispatcher" daemon [_thread_blocked, id=4671, stack(0x00007f3818745000,0x00007f3818846000)]
  0x00007f383007c000 JavaThread "Finalizer" daemon [_thread_blocked, id=4670, stack(0x00007f3818f28000,0x00007f3819029000)]
  0x00007f383007a000 JavaThread "Reference Handler" daemon [_thread_blocked, id=4669, stack(0x00007f3819029000,0x00007f381912a000)]

Other Threads:
  0x00007f3830073000 VMThread [stack: 0x00007f381912a000,0x00007f381922b000] [id=4668]
  0x00007f38300da800 WatcherThread [stack: 0x00007f3818240000,0x00007f3818341000] [id=4676]

VM state:not at safepoint (normal execution)

VM Mutex/Monitor currently owned by a thread: None

Heap:
 PSYoungGen      total 17408K, used 12600K [0x00000000ecb80000, 0x00000000ede80000, 0x0000000100000000)
  eden space 15360K, 82% used [0x00000000ecb80000,0x00000000ed7ce2a0,0x00000000eda80000)
  from space 2048K, 0% used [0x00000000edc80000,0x00000000edc80000,0x00000000ede80000)
  to   space 2048K, 0% used [0x00000000eda80000,0x00000000eda80000,0x00000000edc80000)
 ParOldGen       total 39936K, used 0K [0x00000000c6200000, 0x00000000c8900000, 0x00000000ecb80000)
  object space 39936K, 0% used [0x00000000c6200000,0x00000000c6200000,0x00000000c8900000)
 Metaspace       used 11510K, capacity 11666K, committed 11776K, reserved 1060864K
  class space    used 1242K, capacity 1279K, committed 1280K, reserved 1048576K

Card table byte_map: [0x00007f3834065000,0x00007f3834235000] byte_map_base: 0x00007f3833a34000

Marking Bits: (ParMarkBitMap*) 0x00007f38368ecac0
 Begin Bits: [0x00007f381a310000, 0x00007f381b188000)
 End Bits:   [0x00007f381b188000, 0x00007f381c000000)

Polling page: 0x00007f3837532000

CodeCache: size=245760Kb used=5256Kb max_used=5256Kb free=240503Kb
 bounds [0x00007f3821000000, 0x00007f3821530000, 0x00007f3830000000]
 total_blobs=2054 nmethods=1517 adapters=452
 compilation: enabled

Compilation events (10 events):
Event: 8.931 Thread 0x00007f38300b2000 1512       1       java.lang.reflect.Field::getDeclaringClass (5 bytes)
Event: 8.932 Thread 0x00007f38300b2000 nmethod 1512 0x00007f382151f010 code [0x00007f382151f160, 0x00007f382151f270]
Event: 11.690 Thread 0x00007f38300b2000 1514       3       sun.awt.SunToolkit::getContainingWindow (24 bytes)
Event: 11.691 Thread 0x00007f38300b2000 nmethod 1514 0x00007f382151e810 code [0x00007f382151e9a0, 0x00007f382151ef10]
Event: 11.691 Thread 0x00007f38300b2000 1515   !   3       javax.swing.JComponent::recycleRectangle (27 bytes)
Event: 11.691 Thread 0x00007f38300b2000 nmethod 1515 0x00007f382151e190 code [0x00007f382151e300, 0x00007f382151e6c8]
Event: 11.826 Thread 0x00007f38300b2000 1516       3       sun.misc.MetaIndex::mayContain (51 bytes)
Event: 11.827 Thread 0x00007f38300b2000 nmethod 1516 0x00007f3821522f10 code [0x00007f38215230c0, 0x00007f3821523718]
Event: 12.312 Thread 0x00007f38300b2000 1517       3       java.awt.event.InputEvent::getModifiers (8 bytes)
Event: 12.312 Thread 0x00007f38300b2000 nmethod 1517 0x00007f38215245d0 code [0x00007f3821524720, 0x00007f3821524870]

GC Heap History (0 events):
No events

Deoptimization events (0 events):
No events

Internal exceptions (10 events):
Event: 1.899 Thread 0x00007f383025f000 Exception <a 'java/security/PrivilegedActionException'> (0x00000000ed09cac8) thrown at [/HUDSON/workspace/8-2-build-linux-amd64/jdk8u20/1074/hotspot/src/share/vm/prims/jvm.cpp, line 1275]
Event: 2.217 Thread 0x00007f383025f000 Exception <a 'java/security/PrivilegedActionException'> (0x00000000ed0beff8) thrown at [/HUDSON/workspace/8-2-build-linux-amd64/jdk8u20/1074/hotspot/src/share/vm/prims/jvm.cpp, line 1275]
Event: 2.217 Thread 0x00007f383025f000 Exception <a 'java/security/PrivilegedActionException'> (0x00000000ed0c0420) thrown at [/HUDSON/workspace/8-2-build-linux-amd64/jdk8u20/1074/hotspot/src/share/vm/prims/jvm.cpp, line 1275]
Event: 2.261 Thread 0x00007f3830207000 Exception <a 'java/lang/UnsupportedOperationException': > (0x00000000ecf359d0) thrown at [/HUDSON/workspace/8-2-build-linux-amd64/jdk8u20/1074/hotspot/src/share/vm/prims/jni.cpp, line 742]
Event: 2.277 Thread 0x00007f3830207000 Exception <a 'java/security/PrivilegedActionException'> (0x00000000ecf36fd0) thrown at [/HUDSON/workspace/8-2-build-linux-amd64/jdk8u20/1074/hotspot/src/share/vm/prims/jvm.cpp, line 1275]
Event: 2.278 Thread 0x00007f3830207000 Exception <a 'java/security/PrivilegedActionException'> (0x00000000ecf3aff8) thrown at [/HUDSON/workspace/8-2-build-linux-amd64/jdk8u20/1074/hotspot/src/share/vm/prims/jvm.cpp, line 1275]
Event: 2.278 Thread 0x00007f3830207000 Exception <a 'java/security/PrivilegedActionException'> (0x00000000ecf3e620) thrown at [/HUDSON/workspace/8-2-build-linux-amd64/jdk8u20/1074/hotspot/src/share/vm/prims/jvm.cpp, line 1275]
Event: 2.313 Thread 0x00007f3830207000 Exception <a 'java/security/PrivilegedActionException'> (0x00000000ecf4d368) thrown at [/HUDSON/workspace/8-2-build-linux-amd64/jdk8u20/1074/hotspot/src/share/vm/prims/jvm.cpp, line 1275]
Event: 4.271 Thread 0x00007f383025f000 Exception <a 'java/net/SocketTimeoutException': Receive timed out> (0x00000000ed0c5d70) thrown at [/HUDSON/workspace/8-2-build-linux-amd64/jdk8u20/1074/hotspot/src/share/vm/prims/jni.cpp, line 742]
Event: 11.826 Thread 0x00007f3830207000 Exception <a 'java/security/PrivilegedActionException'> (0x00000000ed7adb20) thrown at [/HUDSON/workspace/8-2-build-linux-amd64/jdk8u20/1074/hotspot/src/share/vm/prims/jvm.cpp, line 1275]

Events (10 events):
Event: 5.756 Executing VM operation: ForceSafepoint
Event: 5.757 Executing VM operation: ForceSafepoint done
Event: 6.263 Executing VM operation: ForceSafepoint
Event: 6.263 Executing VM operation: ForceSafepoint done
Event: 7.448 loading class java/awt/Event
Event: 7.448 loading class java/awt/Event done
Event: 11.680 loading class sun/awt/X11/XButtonEvent
Event: 11.689 loading class sun/awt/X11/XButtonEvent done
Event: 11.825 loading class org/g0orx/openhpsdr/wdsp/WDSP
Event: 11.825 loading class org/g0orx/openhpsdr/wdsp/WDSP done


Dynamic libraries:
00400000-00401000 r-xp 00000000 08:06 28579635                           /home/john/jdk1.8.0_20/bin/java
00600000-00601000 rw-p 00000000 08:06 28579635                           /home/john/jdk1.8.0_20/bin/java
01c31000-01c52000 rw-p 00000000 00:00 0                                  [heap]
c6200000-c8900000 rw-p 00000000 00:00 0 
c8900000-ecb80000 ---p 00000000 00:00 0 
ecb80000-ede80000 rw-p 00000000 00:00 0 
ede80000-100000000 ---p 00000000 00:00 0 
100000000-100140000 rw-p 00000000 00:00 0 
100140000-140000000 ---p 00000000 00:00 0 
7f37cc3e7000-7f37d0000000 rw-p 00000000 00:00 0 
7f37d0000000-7f37d0845000 rw-p 00000000 00:00 0 
7f37d0845000-7f37d4000000 ---p 00000000 00:00 0 
7f37d4000000-7f37d4021000 rw-p 00000000 00:00 0 
7f37d4021000-7f37d8000000 ---p 00000000 00:00 0 
7f37d8000000-7f37d8036000 rw-p 00000000 00:00 0 
7f37d8036000-7f37dc000000 ---p 00000000 00:00 0 
7f37dc000000-7f37dc021000 rw-p 00000000 00:00 0 
7f37dc021000-7f37e0000000 ---p 00000000 00:00 0 
7f37e0000000-7f37e0021000 rw-p 00000000 00:00 0 
7f37e0021000-7f37e4000000 ---p 00000000 00:00 0 
7f37e4000000-7f37e4021000 rw-p 00000000 00:00 0 
7f37e4021000-7f37e8000000 ---p 00000000 00:00 0 
7f37e819a000-7f37e8d9f000 rw-p 00000000 00:00 0 
7f37e8d9f000-7f37e8df7000 r-xp 00000000 08:06 27922299                   /usr/local/lib/libwdspj.so
7f37e8df7000-7f37e8ff6000 ---p 00058000 08:06 27922299                   /usr/local/lib/libwdspj.so
7f37e8ff6000-7f37e8ff7000 r--p 00057000 08:06 27922299                   /usr/local/lib/libwdspj.so
7f37e8ff7000-7f37e8ff8000 rw-p 00058000 08:06 27922299                   /usr/local/lib/libwdspj.so
7f37e8ff8000-7f37e9001000 rw-p 00000000 00:00 0 
7f37e9001000-7f37e9105000 r-xp 00000000 08:06 27927958                   /usr/local/lib/libfftw3.so.3.3.2
7f37e9105000-7f37e9304000 ---p 00104000 08:06 27927958                   /usr/local/lib/libfftw3.so.3.3.2
7f37e9304000-7f37e930b000 r--p 00103000 08:06 27927958                   /usr/local/lib/libfftw3.so.3.3.2
7f37e930b000-7f37e930c000 rw-p 0010a000 08:06 27927958                   /usr/local/lib/libfftw3.so.3.3.2
7f37e930c000-7f37e934c000 rw-p 00000000 00:00 0 
7f37e934c000-7f37e950f000 ---p 00000000 00:00 0 
7f37e950f000-7f37e980d000 rw-p 00000000 00:00 0 
7f37e980d000-7f37e9876000 r-xp 00000000 08:06 3146435                    /home/john/jdk1.8.0_20/jre/lib/amd64/libt2k.so
7f37e9876000-7f37e9a75000 ---p 00069000 08:06 3146435                    /home/john/jdk1.8.0_20/jre/lib/amd64/libt2k.so
7f37e9a75000-7f37e9a7c000 rw-p 00068000 08:06 3146435                    /home/john/jdk1.8.0_20/jre/lib/amd64/libt2k.so
7f37e9a7c000-7f37e9a8c000 rw-p 00000000 00:00 0 
7f37e9a8c000-7f37e9a9d000 r-xp 00000000 08:06 3146470                    /home/john/jdk1.8.0_20/jre/lib/amd64/libnio.so
7f37e9a9d000-7f37e9c9c000 ---p 00011000 08:06 3146470                    /home/john/jdk1.8.0_20/jre/lib/amd64/libnio.so
7f37e9c9c000-7f37e9c9d000 rw-p 00010000 08:06 3146470                    /home/john/jdk1.8.0_20/jre/lib/amd64/libnio.so
7f37e9c9d000-7f37e9cb3000 r-xp 00000000 08:06 3146467                    /home/john/jdk1.8.0_20/jre/lib/amd64/libnet.so
7f37e9cb3000-7f37e9eb3000 ---p 00016000 08:06 3146467                    /home/john/jdk1.8.0_20/jre/lib/amd64/libnet.so
7f37e9eb3000-7f37e9eb4000 rw-p 00016000 08:06 3146467                    /home/john/jdk1.8.0_20/jre/lib/amd64/libnet.so
7f37e9eb4000-7f37e9eb7000 ---p 00000000 00:00 0 
7f37e9eb7000-7f37e9fb5000 rw-p 00000000 00:00 0                          [stack:4680]
7f37e9fb5000-7f37e9fb8000 ---p 00000000 00:00 0 
7f37e9fb8000-7f37ea0b6000 rw-p 00000000 00:00 0                          [stack:4679]
7f37ea0b6000-7f37ea0b9000 ---p 00000000 00:00 0 
7f37ea0b9000-7f37ea1b7000 rw-p 00000000 00:00 0                          [stack:4678]
7f37ea1b7000-7f37ea1bc000 r-xp 00000000 08:06 27532859                   /usr/lib/x86_64-linux-gnu/libXfixes.so.3.1.0
7f37ea1bc000-7f37ea3bb000 ---p 00005000 08:06 27532859                   /usr/lib/x86_64-linux-gnu/libXfixes.so.3.1.0
7f37ea3bb000-7f37ea3bc000 r--p 00004000 08:06 27532859                   /usr/lib/x86_64-linux-gnu/libXfixes.so.3.1.0
7f37ea3bc000-7f37ea3bd000 rw-p 00005000 08:06 27532859                   /usr/lib/x86_64-linux-gnu/libXfixes.so.3.1.0
7f37ea3bd000-7f37ea3c6000 r-xp 00000000 08:06 27532851                   /usr/lib/x86_64-linux-gnu/libXcursor.so.1.0.2
7f37ea3c6000-7f37ea5c5000 ---p 00009000 08:06 27532851                   /usr/lib/x86_64-linux-gnu/libXcursor.so.1.0.2
7f37ea5c5000-7f37ea5c6000 r--p 00008000 08:06 27532851                   /usr/lib/x86_64-linux-gnu/libXcursor.so.1.0.2
7f37ea5c6000-7f37ea5c7000 rw-p 00009000 08:06 27532851                   /usr/lib/x86_64-linux-gnu/libXcursor.so.1.0.2
7f37ea5c7000-7f37ea5ca000 ---p 00000000 00:00 0 
7f37ea5ca000-7f37ea6c8000 rw-p 00000000 00:00 0                          [stack:4677]
7f37ea6c8000-7f37ea6de000 r-xp 00000000 08:06 14417925                   /lib/x86_64-linux-gnu/libgcc_s.so.1
7f37ea6de000-7f37ea8dd000 ---p 00016000 08:06 14417925                   /lib/x86_64-linux-gnu/libgcc_s.so.1
7f37ea8dd000-7f37ea8de000 rw-p 00015000 08:06 14417925                   /lib/x86_64-linux-gnu/libgcc_s.so.1
7f37ea8de000-7f37ea943000 r-xp 00000000 08:06 3146452                    /home/john/jdk1.8.0_20/jre/lib/amd64/libfontmanager.so
7f37ea943000-7f37eab42000 ---p 00065000 08:06 3146452                    /home/john/jdk1.8.0_20/jre/lib/amd64/libfontmanager.so
7f37eab42000-7f37eab46000 rw-p 00064000 08:06 3146452                    /home/john/jdk1.8.0_20/jre/lib/amd64/libfontmanager.so
7f37eab46000-7f37eab57000 rw-p 00000000 00:00 0 
7f37eab57000-7f37eab5c000 r-xp 00000000 08:06 27532855                   /usr/lib/x86_64-linux-gnu/libXdmcp.so.6.0.0
7f37eab5c000-7f37ead5b000 ---p 00005000 08:06 27532855                   /usr/lib/x86_64-linux-gnu/libXdmcp.so.6.0.0
7f37ead5b000-7f37ead5c000 r--p 00004000 08:06 27532855                   /usr/lib/x86_64-linux-gnu/libXdmcp.so.6.0.0
7f37ead5c000-7f37ead5d000 rw-p 00005000 08:06 27532855                   /usr/lib/x86_64-linux-gnu/libXdmcp.so.6.0.0
7f37ead5d000-7f37ead5f000 r-xp 00000000 08:06 27532844                   /usr/lib/x86_64-linux-gnu/libXau.so.6.0.0
7f37ead5f000-7f37eaf5f000 ---p 00002000 08:06 27532844                   /usr/lib/x86_64-linux-gnu/libXau.so.6.0.0
7f37eaf5f000-7f37eaf60000 r--p 00002000 08:06 27532844                   /usr/lib/x86_64-linux-gnu/libXau.so.6.0.0
7f37eaf60000-7f37eaf61000 rw-p 00003000 08:06 27532844                   /usr/lib/x86_64-linux-gnu/libXau.so.6.0.0
7f37eaf61000-7f37eaf7e000 r-xp 00000000 08:06 27533914                   /usr/lib/x86_64-linux-gnu/libxcb.so.1.1.0
7f37eaf7e000-7f37eb17e000 ---p 0001d000 08:06 27533914                   /usr/lib/x86_64-linux-gnu/libxcb.so.1.1.0
7f37eb17e000-7f37eb17f000 r--p 0001d000 08:06 27533914                   /usr/lib/x86_64-linux-gnu/libxcb.so.1.1.0
7f37eb17f000-7f37eb180000 rw-p 0001e000 08:06 27533914                   /usr/lib/x86_64-linux-gnu/libxcb.so.1.1.0
7f37eb180000-7f37eb18f000 r-xp 00000000 08:06 27532865                   /usr/lib/x86_64-linux-gnu/libXi.so.6.1.0
7f37eb18f000-7f37eb38e000 ---p 0000f000 08:06 27532865                   /usr/lib/x86_64-linux-gnu/libXi.so.6.1.0
7f37eb38e000-7f37eb38f000 r--p 0000e000 08:06 27532865                   /usr/lib/x86_64-linux-gnu/libXi.so.6.1.0
7f37eb38f000-7f37eb390000 rw-p 0000f000 08:06 27532865                   /usr/lib/x86_64-linux-gnu/libXi.so.6.1.0
7f37eb390000-7f37eb395000 r-xp 00000000 08:06 27532885                   /usr/lib/x86_64-linux-gnu/libXtst.so.6.1.0
7f37eb395000-7f37eb594000 ---p 00005000 08:06 27532885                   /usr/lib/x86_64-linux-gnu/libXtst.so.6.1.0
7f37eb594000-7f37eb595000 r--p 00004000 08:06 27532885                   /usr/lib/x86_64-linux-gnu/libXtst.so.6.1.0
7f37eb595000-7f37eb596000 rw-p 00005000 08:06 27532885                   /usr/lib/x86_64-linux-gnu/libXtst.so.6.1.0
7f37eb596000-7f37eb59f000 r-xp 00000000 08:06 27532879                   /usr/lib/x86_64-linux-gnu/libXrender.so.1.3.0
7f37eb59f000-7f37eb79e000 ---p 00009000 08:06 27532879                   /usr/lib/x86_64-linux-gnu/libXrender.so.1.3.0
7f37eb79e000-7f37eb79f000 r--p 00008000 08:06 27532879                   /usr/lib/x86_64-linux-gnu/libXrender.so.1.3.0
7f37eb79f000-7f37eb7a0000 rw-p 00009000 08:06 27532879                   /usr/lib/x86_64-linux-gnu/libXrender.so.1.3.0
7f37eb7a0000-7f37eb8d0000 r-xp 00000000 08:06 27532840                   /usr/lib/x86_64-linux-gnu/libX11.so.6.3.0
7f37eb8d0000-7f37ebad0000 ---p 00130000 08:06 27532840                   /usr/lib/x86_64-linux-gnu/libX11.so.6.3.0
7f37ebad0000-7f37ebad1000 r--p 00130000 08:06 27532840                   /usr/lib/x86_64-linux-gnu/libX11.so.6.3.0
7f37ebad1000-7f37ebad5000 rw-p 00131000 08:06 27532840                   /usr/lib/x86_64-linux-gnu/libX11.so.6.3.0
7f37ebad5000-7f37ebb29000 r-xp 00000000 08:06 3146474                    /home/john/jdk1.8.0_20/jre/lib/amd64/libawt_xawt.so
7f37ebb29000-7f37ebd29000 ---p 00054000 08:06 3146474                    /home/john/jdk1.8.0_20/jre/lib/amd64/libawt_xawt.so
7f37ebd29000-7f37ebd2d000 rw-p 00054000 08:06 3146474                    /home/john/jdk1.8.0_20/jre/lib/amd64/libawt_xawt.so
7f37ebd2d000-7f37ebd2e000 rw-p 00000000 00:00 0 
7f37ebd2e000-7f37ebdd0000 r-xp 00000000 08:06 3146460                    /home/john/jdk1.8.0_20/jre/lib/amd64/libawt.so
7f37ebdd0000-7f37ebfd0000 ---p 000a2000 08:06 3146460                    /home/john/jdk1.8.0_20/jre/lib/amd64/libawt.so
7f37ebfd0000-7f37ebfdc000 rw-p 000a2000 08:06 3146460                    /home/john/jdk1.8.0_20/jre/lib/amd64/libawt.so
7f37ebfdc000-7f37ec000000 rw-p 00000000 00:00 0 
7f37ec000000-7f37ec613000 rw-p 00000000 00:00 0 
7f37ec613000-7f37f0000000 ---p 00000000 00:00 0 
7f37f0000000-7f37f0021000 rw-p 00000000 00:00 0 
7f37f0021000-7f37f4000000 ---p 00000000 00:00 0 
7f37f4000000-7f37f40c6000 rw-p 00000000 00:00 0 
7f37f40c6000-7f37f8000000 ---p 00000000 00:00 0 
7f37f8000000-7f37f819f000 rw-p 00000000 00:00 0 
7f37f819f000-7f37fc000000 ---p 00000000 00:00 0 
7f37fc000000-7f37fc021000 rw-p 00000000 00:00 0 
7f37fc021000-7f3800000000 ---p 00000000 00:00 0 
7f3800000000-7f3800021000 rw-p 00000000 00:00 0 
7f3800021000-7f3804000000 ---p 00000000 00:00 0 
7f3804000000-7f3804021000 rw-p 00000000 00:00 0 
7f3804021000-7f3808000000 ---p 00000000 00:00 0 
7f3808000000-7f3808021000 rw-p 00000000 00:00 0 
7f3808021000-7f380c000000 ---p 00000000 00:00 0 
7f380c000000-7f380c021000 rw-p 00000000 00:00 0 
7f380c021000-7f3810000000 ---p 00000000 00:00 0 
7f3810000000-7f3810021000 rw-p 00000000 00:00 0 
7f3810021000-7f3814000000 ---p 00000000 00:00 0 
7f3814000000-7f3814021000 rw-p 00000000 00:00 0 
7f3814021000-7f3818000000 ---p 00000000 00:00 0 
7f3818012000-7f381802e000 r--s 00393000 08:06 3146303                    /home/john/jdk1.8.0_20/jre/lib/ext/cldrdata.jar
7f381802e000-7f381803f000 r-xp 00000000 08:06 27532857                   /usr/lib/x86_64-linux-gnu/libXext.so.6.4.0
7f381803f000-7f381823e000 ---p 00011000 08:06 27532857                   /usr/lib/x86_64-linux-gnu/libXext.so.6.4.0
7f381823e000-7f381823f000 r--p 00010000 08:06 27532857                   /usr/lib/x86_64-linux-gnu/libXext.so.6.4.0
7f381823f000-7f3818240000 rw-p 00011000 08:06 27532857                   /usr/lib/x86_64-linux-gnu/libXext.so.6.4.0
7f3818240000-7f3818241000 ---p 00000000 00:00 0 
7f3818241000-7f3818341000 rw-p 00000000 00:00 0                          [stack:4676]
7f3818341000-7f3818344000 ---p 00000000 00:00 0 
7f3818344000-7f3818442000 rw-p 00000000 00:00 0                          [stack:4675]
7f3818442000-7f3818445000 ---p 00000000 00:00 0 
7f3818445000-7f3818543000 rw-p 00000000 00:00 0                          [stack:4674]
7f3818543000-7f3818546000 ---p 00000000 00:00 0 
7f3818546000-7f3818644000 rw-p 00000000 00:00 0                          [stack:4673]
7f3818644000-7f3818647000 ---p 00000000 00:00 0 
7f3818647000-7f3818745000 rw-p 00000000 00:00 0                          [stack:4672]
7f3818745000-7f3818748000 ---p 00000000 00:00 0 
7f3818748000-7f3818846000 rw-p 00000000 00:00 0                          [stack:4671]
7f3818846000-7f3818f28000 r--p 00000000 08:06 27531858                   /usr/lib/locale/locale-archive
7f3818f28000-7f3818f2b000 ---p 00000000 00:00 0 
7f3818f2b000-7f3819029000 rw-p 00000000 00:00 0                          [stack:4670]
7f3819029000-7f381902c000 ---p 00000000 00:00 0 
7f381902c000-7f381912a000 rw-p 00000000 00:00 0                          [stack:4669]
7f381912a000-7f381912b000 ---p 00000000 00:00 0 
7f381912b000-7f381a13a000 rw-p 00000000 00:00 0                          [stack:4668]
7f381a13a000-7f381a310000 r--s 03ca8000 08:06 2885685                    /home/john/jdk1.8.0_20/jre/lib/rt.jar
7f381a310000-7f381c000000 rw-p 00000000 00:00 0 
7f381c000000-7f381c021000 rw-p 00000000 00:00 0 
7f381c021000-7f3820000000 ---p 00000000 00:00 0 
7f3820001000-7f3820005000 rw-s 00000000 00:04 1040678939                 /SYSV00000000 (deleted)
7f3820005000-7f382000f000 r--s 00116000 08:06 3146309                    /home/john/jdk1.8.0_20/jre/lib/ext/localedata.jar
7f382000f000-7f3820ac7000 rw-p 00000000 00:00 0 
7f3820ac7000-7f3820ac8000 ---p 00000000 00:00 0 
7f3820ac8000-7f3820bc8000 rw-p 00000000 00:00 0                          [stack:4667]
7f3820bc8000-7f3820bc9000 ---p 00000000 00:00 0 
7f3820bc9000-7f3820cc9000 rw-p 00000000 00:00 0                          [stack:4666]
7f3820cc9000-7f3820cca000 ---p 00000000 00:00 0 
7f3820cca000-7f3820dca000 rw-p 00000000 00:00 0                          [stack:4665]
7f3820dca000-7f3820dcb000 ---p 00000000 00:00 0 
7f3820dcb000-7f3820edf000 rw-p 00000000 00:00 0                          [stack:4664]
7f3820edf000-7f3821000000 ---p 00000000 00:00 0 
7f3821000000-7f3821530000 rwxp 00000000 00:00 0 
7f3821530000-7f3830000000 ---p 00000000 00:00 0 
7f3830000000-7f38304d6000 rw-p 00000000 00:00 0 
7f38304d6000-7f3834000000 ---p 00000000 00:00 0 
7f3834002000-7f3834079000 rw-p 00000000 00:00 0 
7f3834079000-7f3834199000 ---p 00000000 00:00 0 
7f3834199000-7f38341a4000 rw-p 00000000 00:00 0 
7f38341a4000-7f3834234000 ---p 00000000 00:00 0 
7f3834234000-7f383424a000 rw-p 00000000 00:00 0 
7f383424a000-7f38345f5000 ---p 00000000 00:00 0 
7f38345f5000-7f383460f000 r-xp 00000000 08:06 3146463                    /home/john/jdk1.8.0_20/jre/lib/amd64/libzip.so
7f383460f000-7f383480f000 ---p 0001a000 08:06 3146463                    /home/john/jdk1.8.0_20/jre/lib/amd64/libzip.so
7f383480f000-7f3834810000 rw-p 0001a000 08:06 3146463                    /home/john/jdk1.8.0_20/jre/lib/amd64/libzip.so
7f3834810000-7f383481b000 r-xp 00000000 08:06 14423904                   /lib/x86_64-linux-gnu/libnss_files-2.19.so
7f383481b000-7f3834a1a000 ---p 0000b000 08:06 14423904                   /lib/x86_64-linux-gnu/libnss_files-2.19.so
7f3834a1a000-7f3834a1b000 r--p 0000a000 08:06 14423904                   /lib/x86_64-linux-gnu/libnss_files-2.19.so
7f3834a1b000-7f3834a1c000 rw-p 0000b000 08:06 14423904                   /lib/x86_64-linux-gnu/libnss_files-2.19.so
7f3834a1c000-7f3834a27000 r-xp 00000000 08:06 14425471                   /lib/x86_64-linux-gnu/libnss_nis-2.19.so
7f3834a27000-7f3834c26000 ---p 0000b000 08:06 14425471                   /lib/x86_64-linux-gnu/libnss_nis-2.19.so
7f3834c26000-7f3834c27000 r--p 0000a000 08:06 14425471                   /lib/x86_64-linux-gnu/libnss_nis-2.19.so
7f3834c27000-7f3834c28000 rw-p 0000b000 08:06 14425471                   /lib/x86_64-linux-gnu/libnss_nis-2.19.so
7f3834c28000-7f3834c3f000 r-xp 00000000 08:06 14425460                   /lib/x86_64-linux-gnu/libnsl-2.19.so
7f3834c3f000-7f3834e3e000 ---p 00017000 08:06 14425460                   /lib/x86_64-linux-gnu/libnsl-2.19.so
7f3834e3e000-7f3834e3f000 r--p 00016000 08:06 14425460                   /lib/x86_64-linux-gnu/libnsl-2.19.so
7f3834e3f000-7f3834e40000 rw-p 00017000 08:06 14425460                   /lib/x86_64-linux-gnu/libnsl-2.19.so
7f3834e40000-7f3834e42000 rw-p 00000000 00:00 0 
7f3834e42000-7f3834e4b000 r-xp 00000000 08:06 14425459                   /lib/x86_64-linux-gnu/libnss_compat-2.19.so
7f3834e4b000-7f383504a000 ---p 00009000 08:06 14425459                   /lib/x86_64-linux-gnu/libnss_compat-2.19.so
7f383504a000-7f383504b000 r--p 00008000 08:06 14425459                   /lib/x86_64-linux-gnu/libnss_compat-2.19.so
7f383504b000-7f383504c000 rw-p 00009000 08:06 14425459                   /lib/x86_64-linux-gnu/libnss_compat-2.19.so
7f383504c000-7f3835076000 r-xp 00000000 08:06 3146458                    /home/john/jdk1.8.0_20/jre/lib/amd64/libjava.so
7f3835076000-7f3835276000 ---p 0002a000 08:06 3146458                    /home/john/jdk1.8.0_20/jre/lib/amd64/libjava.so
7f3835276000-7f3835278000 rw-p 0002a000 08:06 3146458                    /home/john/jdk1.8.0_20/jre/lib/amd64/libjava.so
7f3835278000-7f3835285000 r-xp 00000000 08:06 3146462                    /home/john/jdk1.8.0_20/jre/lib/amd64/libverify.so
7f3835285000-7f3835485000 ---p 0000d000 08:06 3146462                    /home/john/jdk1.8.0_20/jre/lib/amd64/libverify.so
7f3835485000-7f3835487000 rw-p 0000d000 08:06 3146462                    /home/john/jdk1.8.0_20/jre/lib/amd64/libverify.so
7f3835487000-7f383548e000 r-xp 00000000 08:06 14425468                   /lib/x86_64-linux-gnu/librt-2.19.so
7f383548e000-7f383568d000 ---p 00007000 08:06 14425468                   /lib/x86_64-linux-gnu/librt-2.19.so
7f383568d000-7f383568e000 r--p 00006000 08:06 14425468                   /lib/x86_64-linux-gnu/librt-2.19.so
7f383568e000-7f383568f000 rw-p 00007000 08:06 14425468                   /lib/x86_64-linux-gnu/librt-2.19.so
7f383568f000-7f3835794000 r-xp 00000000 08:06 14423902                   /lib/x86_64-linux-gnu/libm-2.19.so
7f3835794000-7f3835993000 ---p 00105000 08:06 14423902                   /lib/x86_64-linux-gnu/libm-2.19.so
7f3835993000-7f3835994000 r--p 00104000 08:06 14423902                   /lib/x86_64-linux-gnu/libm-2.19.so
7f3835994000-7f3835995000 rw-p 00105000 08:06 14423902                   /lib/x86_64-linux-gnu/libm-2.19.so
7f3835995000-7f38365ff000 r-xp 00000000 08:06 3146444                    /home/john/jdk1.8.0_20/jre/lib/amd64/server/libjvm.so
7f38365ff000-7f38367fe000 ---p 00c6a000 08:06 3146444                    /home/john/jdk1.8.0_20/jre/lib/amd64/server/libjvm.so
7f38367fe000-7f38368d5000 rw-p 00c69000 08:06 3146444                    /home/john/jdk1.8.0_20/jre/lib/amd64/server/libjvm.so
7f38368d5000-7f3836917000 rw-p 00000000 00:00 0 
7f3836917000-7f3836ad2000 r-xp 00000000 08:06 14425465                   /lib/x86_64-linux-gnu/libc-2.19.so
7f3836ad2000-7f3836cd1000 ---p 001bb000 08:06 14425465                   /lib/x86_64-linux-gnu/libc-2.19.so
7f3836cd1000-7f3836cd5000 r--p 001ba000 08:06 14425465                   /lib/x86_64-linux-gnu/libc-2.19.so
7f3836cd5000-7f3836cd7000 rw-p 001be000 08:06 14425465                   /lib/x86_64-linux-gnu/libc-2.19.so
7f3836cd7000-7f3836cdc000 rw-p 00000000 00:00 0 
7f3836cdc000-7f3836cdf000 r-xp 00000000 08:06 14425454                   /lib/x86_64-linux-gnu/libdl-2.19.so
7f3836cdf000-7f3836ede000 ---p 00003000 08:06 14425454                   /lib/x86_64-linux-gnu/libdl-2.19.so
7f3836ede000-7f3836edf000 r--p 00002000 08:06 14425454                   /lib/x86_64-linux-gnu/libdl-2.19.so
7f3836edf000-7f3836ee0000 rw-p 00003000 08:06 14425454                   /lib/x86_64-linux-gnu/libdl-2.19.so
7f3836ee0000-7f3836ef5000 r-xp 00000000 08:06 2885489                    /home/john/jdk1.8.0_20/lib/amd64/jli/libjli.so
7f3836ef5000-7f38370f4000 ---p 00015000 08:06 2885489                    /home/john/jdk1.8.0_20/lib/amd64/jli/libjli.so
7f38370f4000-7f38370f5000 rw-p 00014000 08:06 2885489                    /home/john/jdk1.8.0_20/lib/amd64/jli/libjli.so
7f38370f5000-7f383710e000 r-xp 00000000 08:06 14425466                   /lib/x86_64-linux-gnu/libpthread-2.19.so
7f383710e000-7f383730d000 ---p 00019000 08:06 14425466                   /lib/x86_64-linux-gnu/libpthread-2.19.so
7f383730d000-7f383730e000 r--p 00018000 08:06 14425466                   /lib/x86_64-linux-gnu/libpthread-2.19.so
7f383730e000-7f383730f000 rw-p 00019000 08:06 14425466                   /lib/x86_64-linux-gnu/libpthread-2.19.so
7f383730f000-7f3837313000 rw-p 00000000 00:00 0 
7f3837313000-7f3837336000 r-xp 00000000 08:06 14425462                   /lib/x86_64-linux-gnu/ld-2.19.so
7f3837337000-7f3837339000 rw-p 00000000 00:00 0 
7f3837339000-7f383733a000 r--p 00000000 08:06 664782                     /usr/share/locale-langpack/en_GB/LC_MESSAGES/libc.mo
7f383733a000-7f383740c000 rw-p 00000000 00:00 0 
7f383740c000-7f383740f000 ---p 00000000 00:00 0 
7f383740f000-7f3837511000 rw-p 00000000 00:00 0                          [stack:4663]
7f3837511000-7f3837516000 r--s 002f8000 08:06 2885683                    /home/john/jdk1.8.0_20/jre/lib/charsets.jar
7f3837516000-7f3837529000 rw-p 00000000 00:00 0 
7f3837529000-7f3837531000 rw-s 00000000 08:06 24117282                   /tmp/hsperfdata_john/4658
7f3837531000-7f3837532000 rw-p 00000000 00:00 0 
7f3837532000-7f3837533000 r--p 00000000 00:00 0 
7f3837533000-7f3837535000 rw-p 00000000 00:00 0 
7f3837535000-7f3837536000 r--p 00022000 08:06 14425462                   /lib/x86_64-linux-gnu/ld-2.19.so
7f3837536000-7f3837537000 rw-p 00023000 08:06 14425462                   /lib/x86_64-linux-gnu/ld-2.19.so
7f3837537000-7f3837538000 rw-p 00000000 00:00 0 
7fff54771000-7fff54792000 rw-p 00000000 00:00 0                          [stack]
7fff547e7000-7fff547e9000 r-xp 00000000 00:00 0                          [vdso]
ffffffffff600000-ffffffffff601000 r-xp 00000000 00:00 0                  [vsyscall]

VM Arguments:
jvm_args: -Dfile.encoding=UTF-8 -Djava.library.path=/usr/local/lib 
java_command: org.g0orx.openhpsdr.OpenHPSDRJ
java_class_path (initial): /home/john/NetBeansProjects/openHPSDRJ/build/classes
Launcher Type: SUN_STANDARD

Environment Variables:
PATH=/usr/local/sbin:/usr/local/bin:/usr/sbin:/usr/bin:/sbin:/bin:/usr/games:/usr/local/games
LD_LIBRARY_PATH=/home/john/jdk1.8.0_20/jre/lib/amd64:/home/john/jdk1.8.0_20/jre/lib/i386:
SHELL=/bin/bash
DISPLAY=:0.0

Signal Handlers:
SIGSEGV: [libjvm.so+0xa77530], sa_mask[0]=11111111011111111101111111111110, sa_flags=SA_RESTART|SA_SIGINFO
SIGBUS: [libjvm.so+0xa77530], sa_mask[0]=11111111011111111101111111111110, sa_flags=SA_RESTART|SA_SIGINFO
SIGFPE: [libjvm.so+0x8e1d90], sa_mask[0]=11111111011111111101111111111110, sa_flags=SA_RESTART|SA_SIGINFO
SIGPIPE: [libjvm.so+0x8e1d90], sa_mask[0]=11111111011111111101111111111110, sa_flags=SA_RESTART|SA_SIGINFO
SIGXFSZ: [libjvm.so+0x8e1d90], sa_mask[0]=11111111011111111101111111111110, sa_flags=SA_RESTART|SA_SIGINFO
SIGILL: [libjvm.so+0x8e1d90], sa_mask[0]=11111111011111111101111111111110, sa_flags=SA_RESTART|SA_SIGINFO
SIGUSR1: SIG_DFL, sa_mask[0]=00000000000000000000000000000000, sa_flags=none
SIGUSR2: [libjvm.so+0x8e35c0], sa_mask[0]=00100000000000000000000000000000, sa_flags=SA_RESTART|SA_SIGINFO
SIGHUP: [libjvm.so+0x8e4980], sa_mask[0]=11111111011111111101111111111110, sa_flags=SA_RESTART|SA_SIGINFO
SIGINT: SIG_IGN, sa_mask[0]=00000000000000000000000000000000, sa_flags=none
SIGTERM: [libjvm.so+0x8e4980], sa_mask[0]=11111111011111111101111111111110, sa_flags=SA_RESTART|SA_SIGINFO
SIGQUIT: [libjvm.so+0x8e4980], sa_mask[0]=11111111011111111101111111111110, sa_flags=SA_RESTART|SA_SIGINFO


---------------  S Y S T E M  ---------------

OS:DISTRIB_ID=Ubuntu
DISTRIB_RELEASE=14.04
DISTRIB_CODENAME=trusty
DISTRIB_DESCRIPTION="Ubuntu 14.04.2 LTS"

uname:Linux 3.13.0-46-generic #79-Ubuntu SMP Tue Mar 10 20:06:50 UTC 2015 x86_64
libc:glibc 2.19 NPTL 2.19 
rlimit: STACK 8192k, CORE 0k, NPROC 29404, NOFILE 4096, AS infinity
load average:0.96 0.83 0.70

/proc/meminfo:
MemTotal:        3785356 kB
MemFree:          280988 kB
Buffers:           14644 kB
Cached:           622176 kB
SwapCached:        21956 kB
Active:          2281432 kB
Inactive:         863284 kB
Active(anon):    2140840 kB
Inactive(anon):   705592 kB
Active(file):     140592 kB
Inactive(file):   157692 kB
Unevictable:          48 kB
Mlocked:              48 kB
SwapTotal:       3926012 kB
SwapFree:        3705096 kB
Dirty:               140 kB
Writeback:             0 kB
AnonPages:       2490968 kB
Mapped:           140988 kB
Shmem:            338464 kB
Slab:             266000 kB
SReclaimable:     233016 kB
SUnreclaim:        32984 kB
KernelStack:        4376 kB
PageTables:        33808 kB
NFS_Unstable:          0 kB
Bounce:                0 kB
WritebackTmp:          0 kB
CommitLimit:     5818688 kB
Committed_AS:    6615020 kB
VmallocTotal:   34359738367 kB
VmallocUsed:      351516 kB
VmallocChunk:   34359377680 kB
HardwareCorrupted:     0 kB
AnonHugePages:    247808 kB
HugePages_Total:       0
HugePages_Free:        0
HugePages_Rsvd:        0
HugePages_Surp:        0
Hugepagesize:       2048 kB
DirectMap4k:       79744 kB
DirectMap2M:     3848192 kB


CPU:total 4 (2 cores per cpu, 2 threads per core) family 6 model 37 stepping 2, cmov, cx8, fxsr, mmx, sse, sse2, sse3, ssse3, sse4.1, sse4.2, popcnt, aes, clmul, ht, tsc, tscinvbit

/proc/cpuinfo:
processor	: 0
vendor_id	: GenuineIntel
cpu family	: 6
model		: 37
model name	: Intel(R) Core(TM) i5 CPU         650  @ 3.20GHz
stepping	: 2
microcode	: 0x9
cpu MHz		: 3193.000
cache size	: 4096 KB
physical id	: 0
siblings	: 4
core id		: 0
cpu cores	: 2
apicid		: 0
initial apicid	: 0
fpu		: yes
fpu_exception	: yes
cpuid level	: 11
wp		: yes
flags		: fpu vme de pse tsc msr pae mce cx8 apic sep mtrr pge mca cmov pat pse36 clflush dts acpi mmx fxsr sse sse2 ss ht tm pbe syscall nx rdtscp lm constant_tsc arch_perfmon pebs bts rep_good nopl xtopology nonstop_tsc aperfmperf pni pclmulqdq dtes64 monitor ds_cpl vmx smx est tm2 ssse3 cx16 xtpr pdcm sse4_1 sse4_2 popcnt aes lahf_lm ida arat dtherm tpr_shadow vnmi flexpriority ept vpid
bogomips	: 6400.38
clflush size	: 64
cache_alignment	: 64
address sizes	: 36 bits physical, 48 bits virtual
power management:

processor	: 1
vendor_id	: GenuineIntel
cpu family	: 6
model		: 37
model name	: Intel(R) Core(TM) i5 CPU         650  @ 3.20GHz
stepping	: 2
microcode	: 0x9
cpu MHz		: 1197.000
cache size	: 4096 KB
physical id	: 0
siblings	: 4
core id		: 2
cpu cores	: 2
apicid		: 4
initial apicid	: 4
fpu		: yes
fpu_exception	: yes
cpuid level	: 11
wp		: yes
flags		: fpu vme de pse tsc msr pae mce cx8 apic sep mtrr pge mca cmov pat pse36 clflush dts acpi mmx fxsr sse sse2 ss ht tm pbe syscall nx rdtscp lm constant_tsc arch_perfmon pebs bts rep_good nopl xtopology nonstop_tsc aperfmperf pni pclmulqdq dtes64 monitor ds_cpl vmx smx est tm2 ssse3 cx16 xtpr pdcm sse4_1 sse4_2 popcnt aes lahf_lm ida arat dtherm tpr_shadow vnmi flexpriority ept vpid
bogomips	: 6400.38
clflush size	: 64
cache_alignment	: 64
address sizes	: 36 bits physical, 48 bits virtual
power management:

processor	: 2
vendor_id	: GenuineIntel
cpu family	: 6
model		: 37
model name	: Intel(R) Core(TM) i5 CPU         650  @ 3.20GHz
stepping	: 2
microcode	: 0x9
cpu MHz		: 3193.000
cache size	: 4096 KB
physical id	: 0
siblings	: 4
core id		: 0
cpu cores	: 2
apicid		: 1
initial apicid	: 1
fpu		: yes
fpu_exception	: yes
cpuid level	: 11
wp		: yes
flags		: fpu vme de pse tsc msr pae mce cx8 apic sep mtrr pge mca cmov pat pse36 clflush dts acpi mmx fxsr sse sse2 ss ht tm pbe syscall nx rdtscp lm constant_tsc arch_perfmon pebs bts rep_good nopl xtopology nonstop_tsc aperfmperf pni pclmulqdq dtes64 monitor ds_cpl vmx smx est tm2 ssse3 cx16 xtpr pdcm sse4_1 sse4_2 popcnt aes lahf_lm ida arat dtherm tpr_shadow vnmi flexpriority ept vpid
bogomips	: 6400.38
clflush size	: 64
cache_alignment	: 64
address sizes	: 36 bits physical, 48 bits virtual
power management:

processor	: 3
vendor_id	: GenuineIntel
cpu family	: 6
model		: 37
model name	: Intel(R) Core(TM) i5 CPU         650  @ 3.20GHz
stepping	: 2
microcode	: 0x9
cpu MHz		: 1197.000
cache size	: 4096 KB
physical id	: 0
siblings	: 4
core id		: 2
cpu cores	: 2
apicid		: 5
initial apicid	: 5
fpu		: yes
fpu_exception	: yes
cpuid level	: 11
wp		: yes
flags		: fpu vme de pse tsc msr pae mce cx8 apic sep mtrr pge mca cmov pat pse36 clflush dts acpi mmx fxsr sse sse2 ss ht tm pbe syscall nx rdtscp lm constant_tsc arch_perfmon pebs bts rep_good nopl xtopology nonstop_tsc aperfmperf pni pclmulqdq dtes64 monitor ds_cpl vmx smx est tm2 ssse3 cx16 xtpr pdcm sse4_1 sse4_2 popcnt aes lahf_lm ida arat dtherm tpr_shadow vnmi flexpriority ept vpid
bogomips	: 6400.38
clflush size	: 64
cache_alignment	: 64
address sizes	: 36 bits physical, 48 bits virtual
power management:



Memory: 4k page, physical 3785356k(280988k free), swap 3926012k(3705096k free)

vm_info: Java HotSpot(TM) 64-Bit Server VM (25.20-b23) for linux-amd64 JRE (1.8.0_20-b26), built on Jul 30 2014 13:13:52 by "java_re" with gcc 4.3.0 20080428 (Red Hat 4.3.0-8)

time: Fri Mar 20 08:46:43 2015
elapsed time: 15 seconds (0d 0h 0m 15s)

