#
# A fatal error has been detected by the Java Runtime Environment:
#
#  SIGSEGV (0xb) at pc=0x00007fe30ac0c624, pid=5692, tid=140613131400960
#
# JRE version: Java(TM) SE Runtime Environment (8.0_20-b26) (build 1.8.0_20-b26)
# Java VM: Java HotSpot(TM) 64-Bit Server VM (25.20-b23 mixed mode linux-amd64 compressed oops)
# Problematic frame:
# C  [libwdspj.so+0x2a624]  eq_mults+0x3f9
#
# Failed to write core dump. Core dumps have been disabled. To enable core dumping, try "ulimit -c unlimited" before starting Java again
#
# If you would like to submit a bug report, please visit:
#   http://bugreport.sun.com/bugreport/crash.jsp
# The crash happened outside the Java Virtual Machine in native code.
# See problematic frame for where to report the bug.
#

---------------  T H R E A D  ---------------

Current thread (0x00007fe35827f000):  JavaThread "AWT-EventQueue-0" [_thread_in_native, id=5714, stack(0x00007fe30baf7000,0x00007fe30bbf8000)]

siginfo: si_signo: 11 (SIGSEGV), si_code: 2 (SEGV_ACCERR), si_addr: 0x00007fe2fc8304f8

Registers:
RAX=0x00007fe2fc8304f8, RBX=0x00007fe2fc82ffa0, RCX=0x7fffffffffffffff, RDX=0x0000000000001558
RSP=0x00007fe30bbf3d20, RBP=0x00007fe30bbf3df0, RSI=0x0000000000000149, RDI=0x00007fe35dd821e0
R8 =0x0000000000000148, R9 =0x000000000082f000, R10=0x00007fe2fc000078, R11=0x00000000fc000001
R12=0x00007fe2fc8130e0, R13=0x0000000000005dc0, R14=0x00007fe30bbf4230, R15=0x00007fe35827f000
RIP=0x00007fe30ac0c624, EFLAGS=0x0000000000010202, CSGSFS=0x0000000000000033, ERR=0x0000000000000004
  TRAPNO=0x000000000000000e

Top of Stack: (sp=0x00007fe30bbf3d20)
0x00007fe30bbf3d20:   00007fe2fc825420 4024000000000000
0x00007fe30bbf3d30:   0000000000000001 3f40000000000000
0x00007fe30bbf3d40:   40d7700000000000 00007fe30bbf3f10
0x00007fe30bbf3d50:   00007fe30bbf3eb0 000004000000000a
0x00007fe30bbf3d60:   00007fe30bbf3e40 0000000900000201
0x00007fe30bbf3d70:   0000020000005dc0 000002ab00000001
0x00007fe30bbf3d80:   00007fe35827f000 3f20137987dd704b
0x00007fe30bbf3d90:   0000000000000001 00007fe2fc753ac0
0x00007fe30bbf3da0:   00007fe2fc544d10 00007fe2fc82efa0
0x00007fe30bbf3db0:   0000000000000000 3ff0000000000000
0x00007fe30bbf3dc0:   3fe0000000000001 00007fe30ac28262
0x00007fe30bbf3dd0:   3f9999999999999a 00007fe30af321f6
0x00007fe30bbf3de0:   000000109999999a 00007fe2fc8130e0
0x00007fe30bbf3df0:   00007fe30bbf3e40 00007fe30ac0ca28
0x00007fe30bbf3e00:   40d7700000000000 00007fe30bbf3eb0
0x00007fe30bbf3e10:   0000000afc8130e0 00007fe2fc8130e0
0x00007fe30bbf3e20:   00007fe2fc8130e0 0000000000000400
0x00007fe30bbf3e30:   0000001000000000 00007fe2fc606d20
0x00007fe30bbf3e40:   00007fe30bbf3f90 00007fe30ac25421
0x00007fe30bbf3e50:   00007fe30bbf3f10 00007fe300000000
0x00007fe30bbf3e60:   0000000000000001 3a6fd72200005dc0
0x00007fe30bbf3e70:   0000000000000000 00007fe2fc04de30
0x00007fe30bbf3e80:   42c8000000000065 0000000000000000
0x00007fe30bbf3e90:   3fefdb2325857343 3c8fffa726a99bb6
0x00007fe30bbf3ea0:   3f847ae147ae147b 000000015dd19c3f
0x00007fe30bbf3eb0:   0000000000000000 4040000000000000
0x00007fe30bbf3ec0:   404f800000000000 405f400000000000
0x00007fe30bbf3ed0:   406f400000000000 407f400000000000
0x00007fe30bbf3ee0:   408f400000000000 409f400000000000
0x00007fe30bbf3ef0:   40af400000000000 40bf400000000000
0x00007fe30bbf3f00:   40cf400000000000 00007fe35f98f557
0x00007fe30bbf3f10:   0000000000000000 c028000000000000 

Instructions: (pc=0x00007fe30ac0c624)
0x00007fe30ac0c604:   45 b8 48 01 d0 48 8b 00 48 89 45 98 8b 45 8c 48
0x00007fe30ac0c614:   98 48 8d 14 c5 00 00 00 00 48 8b 45 b8 48 01 d0
0x00007fe30ac0c624:   48 8b 00 48 89 45 a0 f2 0f 2a 45 88 f2 0f 2a 4d
0x00007fe30ac0c634:   84 f2 0f 5e c1 48 b8 00 00 00 00 00 00 10 40 48 

Register to memory mapping:

RAX=0x00007fe2fc8304f8 is an unknown value
RBX=0x00007fe2fc82ffa0 is an unknown value
RCX=0x7fffffffffffffff is an unknown value
RDX=0x0000000000001558 is an unknown value
RSP=0x00007fe30bbf3d20 is pointing into the stack for thread: 0x00007fe35827f000
RBP=0x00007fe30bbf3df0 is pointing into the stack for thread: 0x00007fe35827f000
RSI=0x0000000000000149 is an unknown value
RDI=0x00007fe35dd821e0: <offset 0x861e0> in /lib/x86_64-linux-gnu/libm.so.6 at 0x00007fe35dcfc000
R8 =0x0000000000000148 is an unknown value
R9 =0x000000000082f000 is an unknown value
R10=0x00007fe2fc000078 is an unknown value
R11=0x00000000fc000001 is an unallocated location in the heap
R12=0x00007fe2fc8130e0 is an unknown value
R13=0x0000000000005dc0 is an unknown value
R14=0x00007fe30bbf4230 is pointing into the stack for thread: 0x00007fe35827f000
R15=0x00007fe35827f000 is a thread


Stack: [0x00007fe30baf7000,0x00007fe30bbf8000],  sp=0x00007fe30bbf3d20,  free space=1011k
Native frames: (J=compiled Java code, j=interpreted, Vv=VM code, C=native code)
C  [libwdspj.so+0x2a624]  eq_mults+0x3f9
C  [libwdspj.so+0x2aa28]  create_eq+0x1b5
C  [libwdspj.so+0x43421]  create_txa+0x8c4
C  [libwdspj.so+0x3960f]  create_main+0x50
C  [libwdspj.so+0x215e4]  build_channel+0x1f
C  [libwdspj.so+0x2184d]  OpenChannel+0x25d
C  [libwdspj.so+0x4a726]  Java_org_g0orx_openhpsdr_wdsp_WDSP_OpenChannel+0xa4
j  org.g0orx.openhpsdr.wdsp.WDSP.OpenChannel(IIIIIIIIDDDDI)V+0
j  org.g0orx.openhpsdr.Radio.start()V+412
j  org.g0orx.openhpsdr.Radio.jButtonStartActionPerformed(Ljava/awt/event/ActionEvent;)V+30
j  org.g0orx.openhpsdr.Radio.access$100(Lorg/g0orx/openhpsdr/Radio;Ljava/awt/event/ActionEvent;)V+2
j  org.g0orx.openhpsdr.Radio$2.actionPerformed(Ljava/awt/event/ActionEvent;)V+5
j  javax.swing.AbstractButton.fireActionPerformed(Ljava/awt/event/ActionEvent;)V+83
j  javax.swing.AbstractButton$Handler.actionPerformed(Ljava/awt/event/ActionEvent;)V+5
j  javax.swing.DefaultButtonModel.fireActionPerformed(Ljava/awt/event/ActionEvent;)V+34
j  javax.swing.DefaultButtonModel.setPressed(Z)V+117
j  javax.swing.plaf.basic.BasicButtonListener.mouseReleased(Ljava/awt/event/MouseEvent;)V+35
j  java.awt.Component.processMouseEvent(Ljava/awt/event/MouseEvent;)V+64
j  javax.swing.JComponent.processMouseEvent(Ljava/awt/event/MouseEvent;)V+23
j  java.awt.Component.processEvent(Ljava/awt/AWTEvent;)V+81
j  java.awt.Container.processEvent(Ljava/awt/AWTEvent;)V+18
j  java.awt.Component.dispatchEventImpl(Ljava/awt/AWTEvent;)V+589
j  java.awt.Container.dispatchEventImpl(Ljava/awt/AWTEvent;)V+42
j  java.awt.Component.dispatchEvent(Ljava/awt/AWTEvent;)V+2
j  java.awt.LightweightDispatcher.retargetMouseEvent(Ljava/awt/Component;ILjava/awt/event/MouseEvent;)V+327
j  java.awt.LightweightDispatcher.processMouseEvent(Ljava/awt/event/MouseEvent;)Z+143
j  java.awt.LightweightDispatcher.dispatchEvent(Ljava/awt/AWTEvent;)Z+50
j  java.awt.Container.dispatchEventImpl(Ljava/awt/AWTEvent;)V+12
j  java.awt.Window.dispatchEventImpl(Ljava/awt/AWTEvent;)V+19
j  java.awt.Component.dispatchEvent(Ljava/awt/AWTEvent;)V+2
j  java.awt.EventQueue.dispatchEventImpl(Ljava/awt/AWTEvent;Ljava/lang/Object;)V+41
j  java.awt.EventQueue.access$400(Ljava/awt/EventQueue;Ljava/awt/AWTEvent;Ljava/lang/Object;)V+3
j  java.awt.EventQueue$3.run()Ljava/lang/Void;+32
j  java.awt.EventQueue$3.run()Ljava/lang/Object;+1
v  ~StubRoutines::call_stub
V  [libjvm.so+0x663ce6]  JavaCalls::call_helper(JavaValue*, methodHandle*, JavaCallArguments*, Thread*)+0x1056
V  [libjvm.so+0x6f7d7c]  JVM_DoPrivileged+0x27c
J 459  java.security.AccessController.doPrivileged(Ljava/security/PrivilegedAction;Ljava/security/AccessControlContext;)Ljava/lang/Object; (0 bytes) @ 0x00007fe349206e95 [0x00007fe349206dc0+0xd5]
j  java.security.ProtectionDomain$1.doIntersectionPrivilege(Ljava/security/PrivilegedAction;Ljava/security/AccessControlContext;Ljava/security/AccessControlContext;)Ljava/lang/Object;+28
j  java.security.ProtectionDomain$1.doIntersectionPrivilege(Ljava/security/PrivilegedAction;Ljava/security/AccessControlContext;)Ljava/lang/Object;+6
j  java.awt.EventQueue$4.run()Ljava/lang/Void;+11
j  java.awt.EventQueue$4.run()Ljava/lang/Object;+1
v  ~StubRoutines::call_stub
V  [libjvm.so+0x663ce6]  JavaCalls::call_helper(JavaValue*, methodHandle*, JavaCallArguments*, Thread*)+0x1056
V  [libjvm.so+0x6f7d7c]  JVM_DoPrivileged+0x27c
J 459  java.security.AccessController.doPrivileged(Ljava/security/PrivilegedAction;Ljava/security/AccessControlContext;)Ljava/lang/Object; (0 bytes) @ 0x00007fe349206e95 [0x00007fe349206dc0+0xd5]
j  java.security.ProtectionDomain$1.doIntersectionPrivilege(Ljava/security/PrivilegedAction;Ljava/security/AccessControlContext;Ljava/security/AccessControlContext;)Ljava/lang/Object;+28
j  java.awt.EventQueue.dispatchEvent(Ljava/awt/AWTEvent;)V+73
j  java.awt.EventDispatchThread.pumpOneEventForFilters(I)V+245
j  java.awt.EventDispatchThread.pumpEventsForFilter(ILjava/awt/Conditional;Ljava/awt/EventFilter;)V+35
j  java.awt.EventDispatchThread.pumpEventsForHierarchy(ILjava/awt/Conditional;Ljava/awt/Component;)V+11
j  java.awt.EventDispatchThread.pumpEvents(ILjava/awt/Conditional;)V+4
j  java.awt.EventDispatchThread.pumpEvents(Ljava/awt/Conditional;)V+3
j  java.awt.EventDispatchThread.run()V+9
v  ~StubRoutines::call_stub
V  [libjvm.so+0x663ce6]  JavaCalls::call_helper(JavaValue*, methodHandle*, JavaCallArguments*, Thread*)+0x1056
V  [libjvm.so+0x6641f1]  JavaCalls::call_virtual(JavaValue*, KlassHandle, Symbol*, Symbol*, JavaCallArguments*, Thread*)+0x321
V  [libjvm.so+0x664697]  JavaCalls::call_virtual(JavaValue*, Handle, KlassHandle, Symbol*, Symbol*, Thread*)+0x47
V  [libjvm.so+0x6f1990]  thread_entry(JavaThread*, Thread*)+0xa0
V  [libjvm.so+0xa2990f]  JavaThread::thread_main_inner()+0xdf
V  [libjvm.so+0xa29a3c]  JavaThread::run()+0x11c
V  [libjvm.so+0x8e75f8]  java_start(Thread*)+0x108
C  [libpthread.so.0+0x8182]  start_thread+0xc2

Java frames: (J=compiled Java code, j=interpreted, Vv=VM code)
j  org.g0orx.openhpsdr.wdsp.WDSP.OpenChannel(IIIIIIIIDDDDI)V+0
j  org.g0orx.openhpsdr.Radio.start()V+412
j  org.g0orx.openhpsdr.Radio.jButtonStartActionPerformed(Ljava/awt/event/ActionEvent;)V+30
j  org.g0orx.openhpsdr.Radio.access$100(Lorg/g0orx/openhpsdr/Radio;Ljava/awt/event/ActionEvent;)V+2
j  org.g0orx.openhpsdr.Radio$2.actionPerformed(Ljava/awt/event/ActionEvent;)V+5
j  javax.swing.AbstractButton.fireActionPerformed(Ljava/awt/event/ActionEvent;)V+83
j  javax.swing.AbstractButton$Handler.actionPerformed(Ljava/awt/event/ActionEvent;)V+5
j  javax.swing.DefaultButtonModel.fireActionPerformed(Ljava/awt/event/ActionEvent;)V+34
j  javax.swing.DefaultButtonModel.setPressed(Z)V+117
j  javax.swing.plaf.basic.BasicButtonListener.mouseReleased(Ljava/awt/event/MouseEvent;)V+35
j  java.awt.Component.processMouseEvent(Ljava/awt/event/MouseEvent;)V+64
j  javax.swing.JComponent.processMouseEvent(Ljava/awt/event/MouseEvent;)V+23
j  java.awt.Component.processEvent(Ljava/awt/AWTEvent;)V+81
j  java.awt.Container.processEvent(Ljava/awt/AWTEvent;)V+18
j  java.awt.Component.dispatchEventImpl(Ljava/awt/AWTEvent;)V+589
j  java.awt.Container.dispatchEventImpl(Ljava/awt/AWTEvent;)V+42
j  java.awt.Component.dispatchEvent(Ljava/awt/AWTEvent;)V+2
j  java.awt.LightweightDispatcher.retargetMouseEvent(Ljava/awt/Component;ILjava/awt/event/MouseEvent;)V+327
j  java.awt.LightweightDispatcher.processMouseEvent(Ljava/awt/event/MouseEvent;)Z+143
j  java.awt.LightweightDispatcher.dispatchEvent(Ljava/awt/AWTEvent;)Z+50
j  java.awt.Container.dispatchEventImpl(Ljava/awt/AWTEvent;)V+12
j  java.awt.Window.dispatchEventImpl(Ljava/awt/AWTEvent;)V+19
j  java.awt.Component.dispatchEvent(Ljava/awt/AWTEvent;)V+2
j  java.awt.EventQueue.dispatchEventImpl(Ljava/awt/AWTEvent;Ljava/lang/Object;)V+41
j  java.awt.EventQueue.access$400(Ljava/awt/EventQueue;Ljava/awt/AWTEvent;Ljava/lang/Object;)V+3
j  java.awt.EventQueue$3.run()Ljava/lang/Void;+32
j  java.awt.EventQueue$3.run()Ljava/lang/Object;+1
v  ~StubRoutines::call_stub
J 459  java.security.AccessController.doPrivileged(Ljava/security/PrivilegedAction;Ljava/security/AccessControlContext;)Ljava/lang/Object; (0 bytes) @ 0x00007fe349206e23 [0x00007fe349206dc0+0x63]
j  java.security.ProtectionDomain$1.doIntersectionPrivilege(Ljava/security/PrivilegedAction;Ljava/security/AccessControlContext;Ljava/security/AccessControlContext;)Ljava/lang/Object;+28
j  java.security.ProtectionDomain$1.doIntersectionPrivilege(Ljava/security/PrivilegedAction;Ljava/security/AccessControlContext;)Ljava/lang/Object;+6
j  java.awt.EventQueue$4.run()Ljava/lang/Void;+11
j  java.awt.EventQueue$4.run()Ljava/lang/Object;+1
v  ~StubRoutines::call_stub
J 459  java.security.AccessController.doPrivileged(Ljava/security/PrivilegedAction;Ljava/security/AccessControlContext;)Ljava/lang/Object; (0 bytes) @ 0x00007fe349206e23 [0x00007fe349206dc0+0x63]
j  java.security.ProtectionDomain$1.doIntersectionPrivilege(Ljava/security/PrivilegedAction;Ljava/security/AccessControlContext;Ljava/security/AccessControlContext;)Ljava/lang/Object;+28
j  java.awt.EventQueue.dispatchEvent(Ljava/awt/AWTEvent;)V+73
j  java.awt.EventDispatchThread.pumpOneEventForFilters(I)V+245
j  java.awt.EventDispatchThread.pumpEventsForFilter(ILjava/awt/Conditional;Ljava/awt/EventFilter;)V+35
j  java.awt.EventDispatchThread.pumpEventsForHierarchy(ILjava/awt/Conditional;Ljava/awt/Component;)V+11
j  java.awt.EventDispatchThread.pumpEvents(ILjava/awt/Conditional;)V+4
j  java.awt.EventDispatchThread.pumpEvents(Ljava/awt/Conditional;)V+3
j  java.awt.EventDispatchThread.run()V+9
v  ~StubRoutines::call_stub

---------------  P R O C E S S  ---------------

Java Threads: ( => current thread )
  0x00007fe358009800 JavaThread "DestroyJavaVM" [_thread_blocked, id=5697, stack(0x00007fe35fa79000,0x00007fe35fb7a000)]
=>0x00007fe35827f000 JavaThread "AWT-EventQueue-0" [_thread_in_native, id=5714, stack(0x00007fe30baf7000,0x00007fe30bbf8000)]
  0x00007fe35827d800 JavaThread "AWT-Shutdown" [_thread_blocked, id=5713, stack(0x00007fe30bbf8000,0x00007fe30bcf9000)]
  0x00007fe35824a000 JavaThread "AWT-XAWT" daemon [_thread_in_native, id=5712, stack(0x00007fe30bcf9000,0x00007fe30bdfa000)]
  0x00007fe358222000 JavaThread "Java2D Disposer" daemon [_thread_blocked, id=5711, stack(0x00007fe3382e5000,0x00007fe3383e6000)]
  0x00007fe3580d0000 JavaThread "Service Thread" daemon [_thread_blocked, id=5709, stack(0x00007fe33a031000,0x00007fe33a132000)]
  0x00007fe3580b2800 JavaThread "C1 CompilerThread2" daemon [_thread_blocked, id=5708, stack(0x00007fe33a132000,0x00007fe33a233000)]
  0x00007fe3580b0800 JavaThread "C2 CompilerThread1" daemon [_thread_blocked, id=5707, stack(0x00007fe33a233000,0x00007fe33a334000)]
  0x00007fe3580ad800 JavaThread "C2 CompilerThread0" daemon [_thread_blocked, id=5706, stack(0x00007fe33a334000,0x00007fe33a435000)]
  0x00007fe3580ab800 JavaThread "Signal Dispatcher" daemon [_thread_blocked, id=5705, stack(0x00007fe33a435000,0x00007fe33a536000)]
  0x00007fe35807c000 JavaThread "Finalizer" daemon [_thread_blocked, id=5704, stack(0x00007fe33ac18000,0x00007fe33ad19000)]
  0x00007fe35807a000 JavaThread "Reference Handler" daemon [_thread_blocked, id=5703, stack(0x00007fe33ad19000,0x00007fe33ae1a000)]

Other Threads:
  0x00007fe358073000 VMThread [stack: 0x00007fe33ae1a000,0x00007fe33af1b000] [id=5702]
  0x00007fe3580d2800 WatcherThread [stack: 0x00007fe339f30000,0x00007fe33a031000] [id=5710]

VM state:not at safepoint (normal execution)

VM Mutex/Monitor currently owned by a thread: None

Heap:
 PSYoungGen      total 305664K, used 36700K [0x00000000d5580000, 0x00000000eaa80000, 0x0000000100000000)
  eden space 262144K, 14% used [0x00000000d5580000,0x00000000d7957358,0x00000000e5580000)
  from space 43520K, 0% used [0x00000000e8000000,0x00000000e8000000,0x00000000eaa80000)
  to   space 43520K, 0% used [0x00000000e5580000,0x00000000e5580000,0x00000000e8000000)
 ParOldGen       total 699392K, used 0K [0x0000000080000000, 0x00000000aab00000, 0x00000000d5580000)
  object space 699392K, 0% used [0x0000000080000000,0x0000000080000000,0x00000000aab00000)
 Metaspace       used 10609K, capacity 10770K, committed 11008K, reserved 1058816K
  class space    used 1241K, capacity 1279K, committed 1280K, reserved 1048576K

Card table byte_map: [0x00007fe35c4a1000,0x00007fe35c8a2000] byte_map_base: 0x00007fe35c0a1000

Marking Bits: (ParMarkBitMap*) 0x00007fe35ef59ac0
 Begin Bits: [0x00007fe340000000, 0x00007fe342000000)
 End Bits:   [0x00007fe342000000, 0x00007fe344000000)

Polling page: 0x00007fe35fb9f000

CodeCache: size=245760Kb used=2101Kb max_used=2112Kb free=243658Kb
 bounds [0x00007fe349000000, 0x00007fe349270000, 0x00007fe358000000]
 total_blobs=1010 nmethods=474 adapters=452
 compilation: enabled

Compilation events (10 events):
Event: 4.681 Thread 0x00007fe3580b2800  470       1       sun.java2d.xr.GrowableEltArray::getGlyphs (5 bytes)
Event: 4.681 Thread 0x00007fe3580b2800 nmethod 470 0x00007fe34920afd0 code [0x00007fe34920b120, 0x00007fe34920b230]
Event: 4.796 Thread 0x00007fe3580b2800  471       3       java.security.ProtectionDomain$1::doIntersectionPrivilege (32 bytes)
Event: 4.797 Thread 0x00007fe3580b2800 nmethod 471 0x00007fe34920b290 code [0x00007fe34920b440, 0x00007fe34920b928]
Event: 4.797 Thread 0x00007fe3580b2800  472       3       java.security.AccessControlContext::<init> (30 bytes)
Event: 4.798 Thread 0x00007fe3580b2800 nmethod 472 0x00007fe34920bb10 code [0x00007fe34920bc80, 0x00007fe34920be70]
Event: 4.798 Thread 0x00007fe3580b2800  473       3       sun.misc.MetaIndex::mayContain (51 bytes)
Event: 4.799 Thread 0x00007fe3580b2800 nmethod 473 0x00007fe34920bf10 code [0x00007fe34920c0c0, 0x00007fe34920c718]
Event: 4.800 Thread 0x00007fe3580ad800  474       4       java.util.HashMap::hash (20 bytes)
Event: 4.802 Thread 0x00007fe3580ad800 nmethod 474 0x00007fe349210690 code [0x00007fe3492107e0, 0x00007fe349210898]

GC Heap History (0 events):
No events

Deoptimization events (0 events):
No events

Internal exceptions (10 events):
Event: 0.350 Thread 0x00007fe3582df000 Exception <a 'java/security/PrivilegedActionException'> (0x00000000d6f1bc40) thrown at [/HUDSON/workspace/8-2-build-linux-amd64/jdk8u20/1074/hotspot/src/share/vm/prims/jvm.cpp, line 1275]
Event: 0.368 Thread 0x00007fe3582df000 Exception <a 'java/security/PrivilegedActionException'> (0x00000000d6f3e170) thrown at [/HUDSON/workspace/8-2-build-linux-amd64/jdk8u20/1074/hotspot/src/share/vm/prims/jvm.cpp, line 1275]
Event: 0.368 Thread 0x00007fe3582df000 Exception <a 'java/security/PrivilegedActionException'> (0x00000000d6f3f598) thrown at [/HUDSON/workspace/8-2-build-linux-amd64/jdk8u20/1074/hotspot/src/share/vm/prims/jvm.cpp, line 1275]
Event: 0.451 Thread 0x00007fe35827f000 Exception <a 'java/lang/UnsupportedOperationException': > (0x00000000d6a17878) thrown at [/HUDSON/workspace/8-2-build-linux-amd64/jdk8u20/1074/hotspot/src/share/vm/prims/jni.cpp, line 742]
Event: 0.453 Thread 0x00007fe35827f000 Exception <a 'java/security/PrivilegedActionException'> (0x00000000d6a18ec0) thrown at [/HUDSON/workspace/8-2-build-linux-amd64/jdk8u20/1074/hotspot/src/share/vm/prims/jvm.cpp, line 1275]
Event: 0.454 Thread 0x00007fe35827f000 Exception <a 'java/security/PrivilegedActionException'> (0x00000000d6a1cee8) thrown at [/HUDSON/workspace/8-2-build-linux-amd64/jdk8u20/1074/hotspot/src/share/vm/prims/jvm.cpp, line 1275]
Event: 0.454 Thread 0x00007fe35827f000 Exception <a 'java/security/PrivilegedActionException'> (0x00000000d6a20510) thrown at [/HUDSON/workspace/8-2-build-linux-amd64/jdk8u20/1074/hotspot/src/share/vm/prims/jvm.cpp, line 1275]
Event: 0.461 Thread 0x00007fe35827f000 Exception <a 'java/security/PrivilegedActionException'> (0x00000000d6a2f0a8) thrown at [/HUDSON/workspace/8-2-build-linux-amd64/jdk8u20/1074/hotspot/src/share/vm/prims/jvm.cpp, line 1275]
Event: 2.373 Thread 0x00007fe3582df000 Exception <a 'java/net/SocketTimeoutException': Receive timed out> (0x00000000d6f44ee8) thrown at [/HUDSON/workspace/8-2-build-linux-amd64/jdk8u20/1074/hotspot/src/share/vm/prims/jni.cpp, line 742]
Event: 4.798 Thread 0x00007fe35827f000 Exception <a 'java/security/PrivilegedActionException'> (0x00000000d6a4ad30) thrown at [/HUDSON/workspace/8-2-build-linux-amd64/jdk8u20/1074/hotspot/src/share/vm/prims/jvm.cpp, line 1275]

Events (10 events):
Event: 3.310 loading class java/awt/Toolkit$ToolkitEventMulticaster
Event: 3.310 loading class java/awt/Toolkit$ToolkitEventMulticaster done
Event: 3.324 loading class java/awt/LightweightDispatcher$2
Event: 3.324 loading class java/awt/LightweightDispatcher$2 done
Event: 4.076 Executing VM operation: EnableBiasedLocking
Event: 4.076 Executing VM operation: EnableBiasedLocking done
Event: 4.676 loading class sun/awt/X11/XButtonEvent
Event: 4.677 loading class sun/awt/X11/XButtonEvent done
Event: 4.798 loading class org/g0orx/openhpsdr/wdsp/WDSP
Event: 4.798 loading class org/g0orx/openhpsdr/wdsp/WDSP done


Dynamic libraries:
00400000-00401000 r-xp 00000000 08:06 28579635                           /home/john/jdk1.8.0_20/bin/java
00600000-00601000 rw-p 00000000 08:06 28579635                           /home/john/jdk1.8.0_20/bin/java
009c0000-009e1000 rw-p 00000000 00:00 0                                  [heap]
80000000-aab00000 rw-p 00000000 00:00 0 
aab00000-d5580000 ---p 00000000 00:00 0 
d5580000-eaa80000 rw-p 00000000 00:00 0 
eaa80000-100000000 ---p 00000000 00:00 0 
100000000-100140000 rw-p 00000000 00:00 0 
100140000-140000000 ---p 00000000 00:00 0 
7fe2f0000000-7fe2f0021000 rw-p 00000000 00:00 0 
7fe2f0021000-7fe2f4000000 ---p 00000000 00:00 0 
7fe2f59f2000-7fe2f59f3000 ---p 00000000 00:00 0 
7fe2f59f3000-7fe2f8000000 rw-p 00000000 00:00 0                          [stack:5716]
7fe2f8000000-7fe2f8021000 rw-p 00000000 00:00 0 
7fe2f8021000-7fe2fc000000 ---p 00000000 00:00 0 
7fe2fc000000-7fe2fcab6000 rw-p 00000000 00:00 0 
7fe2fcab6000-7fe300000000 ---p 00000000 00:00 0 
7fe300000000-7fe300285000 rw-p 00000000 00:00 0 
7fe300285000-7fe304000000 ---p 00000000 00:00 0 
7fe304000000-7fe304021000 rw-p 00000000 00:00 0 
7fe304021000-7fe308000000 ---p 00000000 00:00 0 
7fe3081d1000-7fe30abe2000 rw-p 00000000 00:00 0 
7fe30abe2000-7fe30ac3a000 r-xp 00000000 08:06 27922299                   /usr/local/lib/libwdspj.so
7fe30ac3a000-7fe30ae39000 ---p 00058000 08:06 27922299                   /usr/local/lib/libwdspj.so
7fe30ae39000-7fe30ae3a000 r--p 00057000 08:06 27922299                   /usr/local/lib/libwdspj.so
7fe30ae3a000-7fe30ae3b000 rw-p 00058000 08:06 27922299                   /usr/local/lib/libwdspj.so
7fe30ae3b000-7fe30ae44000 rw-p 00000000 00:00 0 
7fe30ae44000-7fe30af48000 r-xp 00000000 08:06 27927958                   /usr/local/lib/libfftw3.so.3.3.2
7fe30af48000-7fe30b147000 ---p 00104000 08:06 27927958                   /usr/local/lib/libfftw3.so.3.3.2
7fe30b147000-7fe30b14e000 r--p 00103000 08:06 27927958                   /usr/local/lib/libfftw3.so.3.3.2
7fe30b14e000-7fe30b14f000 rw-p 0010a000 08:06 27927958                   /usr/local/lib/libfftw3.so.3.3.2
7fe30b14f000-7fe30b152000 ---p 00000000 00:00 0 
7fe30b152000-7fe30b3d0000 rw-p 00000000 00:00 0 
7fe30b3d0000-7fe30b450000 ---p 00000000 00:00 0 
7fe30b450000-7fe30b4b9000 r-xp 00000000 08:06 3146435                    /home/john/jdk1.8.0_20/jre/lib/amd64/libt2k.so
7fe30b4b9000-7fe30b6b8000 ---p 00069000 08:06 3146435                    /home/john/jdk1.8.0_20/jre/lib/amd64/libt2k.so
7fe30b6b8000-7fe30b6bf000 rw-p 00068000 08:06 3146435                    /home/john/jdk1.8.0_20/jre/lib/amd64/libt2k.so
7fe30b6bf000-7fe30b6cf000 rw-p 00000000 00:00 0 
7fe30b6cf000-7fe30b6e0000 r-xp 00000000 08:06 3146470                    /home/john/jdk1.8.0_20/jre/lib/amd64/libnio.so
7fe30b6e0000-7fe30b8df000 ---p 00011000 08:06 3146470                    /home/john/jdk1.8.0_20/jre/lib/amd64/libnio.so
7fe30b8df000-7fe30b8e0000 rw-p 00010000 08:06 3146470                    /home/john/jdk1.8.0_20/jre/lib/amd64/libnio.so
7fe30b8e0000-7fe30b8f6000 r-xp 00000000 08:06 3146467                    /home/john/jdk1.8.0_20/jre/lib/amd64/libnet.so
7fe30b8f6000-7fe30baf6000 ---p 00016000 08:06 3146467                    /home/john/jdk1.8.0_20/jre/lib/amd64/libnet.so
7fe30baf6000-7fe30baf7000 rw-p 00016000 08:06 3146467                    /home/john/jdk1.8.0_20/jre/lib/amd64/libnet.so
7fe30baf7000-7fe30bafa000 ---p 00000000 00:00 0 
7fe30bafa000-7fe30bbf8000 rw-p 00000000 00:00 0                          [stack:5714]
7fe30bbf8000-7fe30bbfb000 ---p 00000000 00:00 0 
7fe30bbfb000-7fe30bcf9000 rw-p 00000000 00:00 0                          [stack:5713]
7fe30bcf9000-7fe30bcfc000 ---p 00000000 00:00 0 
7fe30bcfc000-7fe30bdfa000 rw-p 00000000 00:00 0                          [stack:5712]
7fe30bdfa000-7fe30bdff000 r-xp 00000000 08:06 27532859                   /usr/lib/x86_64-linux-gnu/libXfixes.so.3.1.0
7fe30bdff000-7fe30bffe000 ---p 00005000 08:06 27532859                   /usr/lib/x86_64-linux-gnu/libXfixes.so.3.1.0
7fe30bffe000-7fe30bfff000 r--p 00004000 08:06 27532859                   /usr/lib/x86_64-linux-gnu/libXfixes.so.3.1.0
7fe30bfff000-7fe30c000000 rw-p 00005000 08:06 27532859                   /usr/lib/x86_64-linux-gnu/libXfixes.so.3.1.0
7fe30c000000-7fe30c021000 rw-p 00000000 00:00 0 
7fe30c021000-7fe310000000 ---p 00000000 00:00 0 
7fe310000000-7fe310021000 rw-p 00000000 00:00 0 
7fe310021000-7fe314000000 ---p 00000000 00:00 0 
7fe314000000-7fe31407c000 rw-p 00000000 00:00 0 
7fe31407c000-7fe318000000 ---p 00000000 00:00 0 
7fe318000000-7fe3181a7000 rw-p 00000000 00:00 0 
7fe3181a7000-7fe31c000000 ---p 00000000 00:00 0 
7fe31c000000-7fe31c021000 rw-p 00000000 00:00 0 
7fe31c021000-7fe320000000 ---p 00000000 00:00 0 
7fe320000000-7fe320118000 rw-p 00000000 00:00 0 
7fe320118000-7fe324000000 ---p 00000000 00:00 0 
7fe324000000-7fe324021000 rw-p 00000000 00:00 0 
7fe324021000-7fe328000000 ---p 00000000 00:00 0 
7fe328000000-7fe328021000 rw-p 00000000 00:00 0 
7fe328021000-7fe32c000000 ---p 00000000 00:00 0 
7fe32c000000-7fe32c021000 rw-p 00000000 00:00 0 
7fe32c021000-7fe330000000 ---p 00000000 00:00 0 
7fe330000000-7fe330021000 rw-p 00000000 00:00 0 
7fe330021000-7fe334000000 ---p 00000000 00:00 0 
7fe334000000-7fe334021000 rw-p 00000000 00:00 0 
7fe334021000-7fe338000000 ---p 00000000 00:00 0 
7fe3380db000-7fe3380e4000 r-xp 00000000 08:06 27532851                   /usr/lib/x86_64-linux-gnu/libXcursor.so.1.0.2
7fe3380e4000-7fe3382e3000 ---p 00009000 08:06 27532851                   /usr/lib/x86_64-linux-gnu/libXcursor.so.1.0.2
7fe3382e3000-7fe3382e4000 r--p 00008000 08:06 27532851                   /usr/lib/x86_64-linux-gnu/libXcursor.so.1.0.2
7fe3382e4000-7fe3382e5000 rw-p 00009000 08:06 27532851                   /usr/lib/x86_64-linux-gnu/libXcursor.so.1.0.2
7fe3382e5000-7fe3382e8000 ---p 00000000 00:00 0 
7fe3382e8000-7fe3383e6000 rw-p 00000000 00:00 0                          [stack:5711]
7fe3383e6000-7fe3383fc000 r-xp 00000000 08:06 14417925                   /lib/x86_64-linux-gnu/libgcc_s.so.1
7fe3383fc000-7fe3385fb000 ---p 00016000 08:06 14417925                   /lib/x86_64-linux-gnu/libgcc_s.so.1
7fe3385fb000-7fe3385fc000 rw-p 00015000 08:06 14417925                   /lib/x86_64-linux-gnu/libgcc_s.so.1
7fe3385fc000-7fe338661000 r-xp 00000000 08:06 3146452                    /home/john/jdk1.8.0_20/jre/lib/amd64/libfontmanager.so
7fe338661000-7fe338860000 ---p 00065000 08:06 3146452                    /home/john/jdk1.8.0_20/jre/lib/amd64/libfontmanager.so
7fe338860000-7fe338864000 rw-p 00064000 08:06 3146452                    /home/john/jdk1.8.0_20/jre/lib/amd64/libfontmanager.so
7fe338864000-7fe338875000 rw-p 00000000 00:00 0 
7fe338875000-7fe33887a000 r-xp 00000000 08:06 27532855                   /usr/lib/x86_64-linux-gnu/libXdmcp.so.6.0.0
7fe33887a000-7fe338a79000 ---p 00005000 08:06 27532855                   /usr/lib/x86_64-linux-gnu/libXdmcp.so.6.0.0
7fe338a79000-7fe338a7a000 r--p 00004000 08:06 27532855                   /usr/lib/x86_64-linux-gnu/libXdmcp.so.6.0.0
7fe338a7a000-7fe338a7b000 rw-p 00005000 08:06 27532855                   /usr/lib/x86_64-linux-gnu/libXdmcp.so.6.0.0
7fe338a7b000-7fe338a7d000 r-xp 00000000 08:06 27532844                   /usr/lib/x86_64-linux-gnu/libXau.so.6.0.0
7fe338a7d000-7fe338c7d000 ---p 00002000 08:06 27532844                   /usr/lib/x86_64-linux-gnu/libXau.so.6.0.0
7fe338c7d000-7fe338c7e000 r--p 00002000 08:06 27532844                   /usr/lib/x86_64-linux-gnu/libXau.so.6.0.0
7fe338c7e000-7fe338c7f000 rw-p 00003000 08:06 27532844                   /usr/lib/x86_64-linux-gnu/libXau.so.6.0.0
7fe338c7f000-7fe338c9c000 r-xp 00000000 08:06 27533914                   /usr/lib/x86_64-linux-gnu/libxcb.so.1.1.0
7fe338c9c000-7fe338e9c000 ---p 0001d000 08:06 27533914                   /usr/lib/x86_64-linux-gnu/libxcb.so.1.1.0
7fe338e9c000-7fe338e9d000 r--p 0001d000 08:06 27533914                   /usr/lib/x86_64-linux-gnu/libxcb.so.1.1.0
7fe338e9d000-7fe338e9e000 rw-p 0001e000 08:06 27533914                   /usr/lib/x86_64-linux-gnu/libxcb.so.1.1.0
7fe338e9e000-7fe338ead000 r-xp 00000000 08:06 27532865                   /usr/lib/x86_64-linux-gnu/libXi.so.6.1.0
7fe338ead000-7fe3390ac000 ---p 0000f000 08:06 27532865                   /usr/lib/x86_64-linux-gnu/libXi.so.6.1.0
7fe3390ac000-7fe3390ad000 r--p 0000e000 08:06 27532865                   /usr/lib/x86_64-linux-gnu/libXi.so.6.1.0
7fe3390ad000-7fe3390ae000 rw-p 0000f000 08:06 27532865                   /usr/lib/x86_64-linux-gnu/libXi.so.6.1.0
7fe3390ae000-7fe3390b3000 r-xp 00000000 08:06 27532885                   /usr/lib/x86_64-linux-gnu/libXtst.so.6.1.0
7fe3390b3000-7fe3392b2000 ---p 00005000 08:06 27532885                   /usr/lib/x86_64-linux-gnu/libXtst.so.6.1.0
7fe3392b2000-7fe3392b3000 r--p 00004000 08:06 27532885                   /usr/lib/x86_64-linux-gnu/libXtst.so.6.1.0
7fe3392b3000-7fe3392b4000 rw-p 00005000 08:06 27532885                   /usr/lib/x86_64-linux-gnu/libXtst.so.6.1.0
7fe3392b4000-7fe3392bd000 r-xp 00000000 08:06 27532879                   /usr/lib/x86_64-linux-gnu/libXrender.so.1.3.0
7fe3392bd000-7fe3394bc000 ---p 00009000 08:06 27532879                   /usr/lib/x86_64-linux-gnu/libXrender.so.1.3.0
7fe3394bc000-7fe3394bd000 r--p 00008000 08:06 27532879                   /usr/lib/x86_64-linux-gnu/libXrender.so.1.3.0
7fe3394bd000-7fe3394be000 rw-p 00009000 08:06 27532879                   /usr/lib/x86_64-linux-gnu/libXrender.so.1.3.0
7fe3394be000-7fe3395ee000 r-xp 00000000 08:06 27532840                   /usr/lib/x86_64-linux-gnu/libX11.so.6.3.0
7fe3395ee000-7fe3397ee000 ---p 00130000 08:06 27532840                   /usr/lib/x86_64-linux-gnu/libX11.so.6.3.0
7fe3397ee000-7fe3397ef000 r--p 00130000 08:06 27532840                   /usr/lib/x86_64-linux-gnu/libX11.so.6.3.0
7fe3397ef000-7fe3397f3000 rw-p 00131000 08:06 27532840                   /usr/lib/x86_64-linux-gnu/libX11.so.6.3.0
7fe3397f3000-7fe339804000 r-xp 00000000 08:06 27532857                   /usr/lib/x86_64-linux-gnu/libXext.so.6.4.0
7fe339804000-7fe339a03000 ---p 00011000 08:06 27532857                   /usr/lib/x86_64-linux-gnu/libXext.so.6.4.0
7fe339a03000-7fe339a04000 r--p 00010000 08:06 27532857                   /usr/lib/x86_64-linux-gnu/libXext.so.6.4.0
7fe339a04000-7fe339a05000 rw-p 00011000 08:06 27532857                   /usr/lib/x86_64-linux-gnu/libXext.so.6.4.0
7fe339a05000-7fe339a59000 r-xp 00000000 08:06 3146474                    /home/john/jdk1.8.0_20/jre/lib/amd64/libawt_xawt.so
7fe339a59000-7fe339c59000 ---p 00054000 08:06 3146474                    /home/john/jdk1.8.0_20/jre/lib/amd64/libawt_xawt.so
7fe339c59000-7fe339c5d000 rw-p 00054000 08:06 3146474                    /home/john/jdk1.8.0_20/jre/lib/amd64/libawt_xawt.so
7fe339c5d000-7fe339c5e000 rw-p 00000000 00:00 0 
7fe339c5e000-7fe339d00000 r-xp 00000000 08:06 3146460                    /home/john/jdk1.8.0_20/jre/lib/amd64/libawt.so
7fe339d00000-7fe339f00000 ---p 000a2000 08:06 3146460                    /home/john/jdk1.8.0_20/jre/lib/amd64/libawt.so
7fe339f00000-7fe339f0c000 rw-p 000a2000 08:06 3146460                    /home/john/jdk1.8.0_20/jre/lib/amd64/libawt.so
7fe339f0c000-7fe339f30000 rw-p 00000000 00:00 0 
7fe339f30000-7fe339f31000 ---p 00000000 00:00 0 
7fe339f31000-7fe33a031000 rw-p 00000000 00:00 0                          [stack:5710]
7fe33a031000-7fe33a034000 ---p 00000000 00:00 0 
7fe33a034000-7fe33a132000 rw-p 00000000 00:00 0                          [stack:5709]
7fe33a132000-7fe33a135000 ---p 00000000 00:00 0 
7fe33a135000-7fe33a233000 rw-p 00000000 00:00 0                          [stack:5708]
7fe33a233000-7fe33a236000 ---p 00000000 00:00 0 
7fe33a236000-7fe33a334000 rw-p 00000000 00:00 0                          [stack:5707]
7fe33a334000-7fe33a337000 ---p 00000000 00:00 0 
7fe33a337000-7fe33a435000 rw-p 00000000 00:00 0                          [stack:5706]
7fe33a435000-7fe33a438000 ---p 00000000 00:00 0 
7fe33a438000-7fe33a536000 rw-p 00000000 00:00 0                          [stack:5705]
7fe33a536000-7fe33ac18000 r--p 00000000 08:06 27531858                   /usr/lib/locale/locale-archive
7fe33ac18000-7fe33ac1b000 ---p 00000000 00:00 0 
7fe33ac1b000-7fe33ad19000 rw-p 00000000 00:00 0                          [stack:5704]
7fe33ad19000-7fe33ad1c000 ---p 00000000 00:00 0 
7fe33ad1c000-7fe33ae1a000 rw-p 00000000 00:00 0                          [stack:5703]
7fe33ae1a000-7fe33ae1b000 ---p 00000000 00:00 0 
7fe33ae1b000-7fe33be2a000 rw-p 00000000 00:00 0                          [stack:5702]
7fe33be2a000-7fe33c000000 r--s 03ca8000 08:06 2885685                    /home/john/jdk1.8.0_20/jre/lib/rt.jar
7fe33c000000-7fe33c021000 rw-p 00000000 00:00 0 
7fe33c021000-7fe340000000 ---p 00000000 00:00 0 
7fe340000000-7fe344000000 rw-p 00000000 00:00 0 
7fe344000000-7fe344021000 rw-p 00000000 00:00 0 
7fe344021000-7fe348000000 ---p 00000000 00:00 0 
7fe34804d000-7fe348069000 r--s 00393000 08:06 3146303                    /home/john/jdk1.8.0_20/jre/lib/ext/cldrdata.jar
7fe348069000-7fe348cfd000 rw-p 00000000 00:00 0 
7fe348cfd000-7fe348cfe000 ---p 00000000 00:00 0 
7fe348cfe000-7fe348dfe000 rw-p 00000000 00:00 0                          [stack:5701]
7fe348dfe000-7fe348dff000 ---p 00000000 00:00 0 
7fe348dff000-7fe348eff000 rw-p 00000000 00:00 0                          [stack:5700]
7fe348eff000-7fe348f00000 ---p 00000000 00:00 0 
7fe348f00000-7fe349000000 rw-p 00000000 00:00 0                          [stack:5699]
7fe349000000-7fe349270000 rwxp 00000000 00:00 0 
7fe349270000-7fe358000000 ---p 00000000 00:00 0 
7fe358000000-7fe358556000 rw-p 00000000 00:00 0 
7fe358556000-7fe35c000000 ---p 00000000 00:00 0 
7fe35c00f000-7fe35c0f5000 rw-p 00000000 00:00 0 
7fe35c0f5000-7fe35c0f6000 ---p 00000000 00:00 0 
7fe35c0f6000-7fe35c34c000 rw-p 00000000 00:00 0                          [stack:5698]
7fe35c34c000-7fe35c4a1000 ---p 00000000 00:00 0 
7fe35c4a1000-7fe35c5f7000 rw-p 00000000 00:00 0 
7fe35c5f7000-7fe35c74b000 ---p 00000000 00:00 0 
7fe35c74b000-7fe35c7f7000 rw-p 00000000 00:00 0 
7fe35c7f7000-7fe35c8a1000 ---p 00000000 00:00 0 
7fe35c8a1000-7fe35c8ac000 rw-p 00000000 00:00 0 
7fe35c8ac000-7fe35cc62000 ---p 00000000 00:00 0 
7fe35cc62000-7fe35cc7c000 r-xp 00000000 08:06 3146463                    /home/john/jdk1.8.0_20/jre/lib/amd64/libzip.so
7fe35cc7c000-7fe35ce7c000 ---p 0001a000 08:06 3146463                    /home/john/jdk1.8.0_20/jre/lib/amd64/libzip.so
7fe35ce7c000-7fe35ce7d000 rw-p 0001a000 08:06 3146463                    /home/john/jdk1.8.0_20/jre/lib/amd64/libzip.so
7fe35ce7d000-7fe35ce88000 r-xp 00000000 08:06 14423904                   /lib/x86_64-linux-gnu/libnss_files-2.19.so
7fe35ce88000-7fe35d087000 ---p 0000b000 08:06 14423904                   /lib/x86_64-linux-gnu/libnss_files-2.19.so
7fe35d087000-7fe35d088000 r--p 0000a000 08:06 14423904                   /lib/x86_64-linux-gnu/libnss_files-2.19.so
7fe35d088000-7fe35d089000 rw-p 0000b000 08:06 14423904                   /lib/x86_64-linux-gnu/libnss_files-2.19.so
7fe35d089000-7fe35d094000 r-xp 00000000 08:06 14425471                   /lib/x86_64-linux-gnu/libnss_nis-2.19.so
7fe35d094000-7fe35d293000 ---p 0000b000 08:06 14425471                   /lib/x86_64-linux-gnu/libnss_nis-2.19.so
7fe35d293000-7fe35d294000 r--p 0000a000 08:06 14425471                   /lib/x86_64-linux-gnu/libnss_nis-2.19.so
7fe35d294000-7fe35d295000 rw-p 0000b000 08:06 14425471                   /lib/x86_64-linux-gnu/libnss_nis-2.19.so
7fe35d295000-7fe35d2ac000 r-xp 00000000 08:06 14425460                   /lib/x86_64-linux-gnu/libnsl-2.19.so
7fe35d2ac000-7fe35d4ab000 ---p 00017000 08:06 14425460                   /lib/x86_64-linux-gnu/libnsl-2.19.so
7fe35d4ab000-7fe35d4ac000 r--p 00016000 08:06 14425460                   /lib/x86_64-linux-gnu/libnsl-2.19.so
7fe35d4ac000-7fe35d4ad000 rw-p 00017000 08:06 14425460                   /lib/x86_64-linux-gnu/libnsl-2.19.so
7fe35d4ad000-7fe35d4af000 rw-p 00000000 00:00 0 
7fe35d4af000-7fe35d4b8000 r-xp 00000000 08:06 14425459                   /lib/x86_64-linux-gnu/libnss_compat-2.19.so
7fe35d4b8000-7fe35d6b7000 ---p 00009000 08:06 14425459                   /lib/x86_64-linux-gnu/libnss_compat-2.19.so
7fe35d6b7000-7fe35d6b8000 r--p 00008000 08:06 14425459                   /lib/x86_64-linux-gnu/libnss_compat-2.19.so
7fe35d6b8000-7fe35d6b9000 rw-p 00009000 08:06 14425459                   /lib/x86_64-linux-gnu/libnss_compat-2.19.so
7fe35d6b9000-7fe35d6e3000 r-xp 00000000 08:06 3146458                    /home/john/jdk1.8.0_20/jre/lib/amd64/libjava.so
7fe35d6e3000-7fe35d8e3000 ---p 0002a000 08:06 3146458                    /home/john/jdk1.8.0_20/jre/lib/amd64/libjava.so
7fe35d8e3000-7fe35d8e5000 rw-p 0002a000 08:06 3146458                    /home/john/jdk1.8.0_20/jre/lib/amd64/libjava.so
7fe35d8e5000-7fe35d8f2000 r-xp 00000000 08:06 3146462                    /home/john/jdk1.8.0_20/jre/lib/amd64/libverify.so
7fe35d8f2000-7fe35daf2000 ---p 0000d000 08:06 3146462                    /home/john/jdk1.8.0_20/jre/lib/amd64/libverify.so
7fe35daf2000-7fe35daf4000 rw-p 0000d000 08:06 3146462                    /home/john/jdk1.8.0_20/jre/lib/amd64/libverify.so
7fe35daf4000-7fe35dafb000 r-xp 00000000 08:06 14425468                   /lib/x86_64-linux-gnu/librt-2.19.so
7fe35dafb000-7fe35dcfa000 ---p 00007000 08:06 14425468                   /lib/x86_64-linux-gnu/librt-2.19.so
7fe35dcfa000-7fe35dcfb000 r--p 00006000 08:06 14425468                   /lib/x86_64-linux-gnu/librt-2.19.so
7fe35dcfb000-7fe35dcfc000 rw-p 00007000 08:06 14425468                   /lib/x86_64-linux-gnu/librt-2.19.so
7fe35dcfc000-7fe35de01000 r-xp 00000000 08:06 14423902                   /lib/x86_64-linux-gnu/libm-2.19.so
7fe35de01000-7fe35e000000 ---p 00105000 08:06 14423902                   /lib/x86_64-linux-gnu/libm-2.19.so
7fe35e000000-7fe35e001000 r--p 00104000 08:06 14423902                   /lib/x86_64-linux-gnu/libm-2.19.so
7fe35e001000-7fe35e002000 rw-p 00105000 08:06 14423902                   /lib/x86_64-linux-gnu/libm-2.19.so
7fe35e002000-7fe35ec6c000 r-xp 00000000 08:06 3146444                    /home/john/jdk1.8.0_20/jre/lib/amd64/server/libjvm.so
7fe35ec6c000-7fe35ee6b000 ---p 00c6a000 08:06 3146444                    /home/john/jdk1.8.0_20/jre/lib/amd64/server/libjvm.so
7fe35ee6b000-7fe35ef42000 rw-p 00c69000 08:06 3146444                    /home/john/jdk1.8.0_20/jre/lib/amd64/server/libjvm.so
7fe35ef42000-7fe35ef84000 rw-p 00000000 00:00 0 
7fe35ef84000-7fe35f13f000 r-xp 00000000 08:06 14425465                   /lib/x86_64-linux-gnu/libc-2.19.so
7fe35f13f000-7fe35f33e000 ---p 001bb000 08:06 14425465                   /lib/x86_64-linux-gnu/libc-2.19.so
7fe35f33e000-7fe35f342000 r--p 001ba000 08:06 14425465                   /lib/x86_64-linux-gnu/libc-2.19.so
7fe35f342000-7fe35f344000 rw-p 001be000 08:06 14425465                   /lib/x86_64-linux-gnu/libc-2.19.so
7fe35f344000-7fe35f349000 rw-p 00000000 00:00 0 
7fe35f349000-7fe35f34c000 r-xp 00000000 08:06 14425454                   /lib/x86_64-linux-gnu/libdl-2.19.so
7fe35f34c000-7fe35f54b000 ---p 00003000 08:06 14425454                   /lib/x86_64-linux-gnu/libdl-2.19.so
7fe35f54b000-7fe35f54c000 r--p 00002000 08:06 14425454                   /lib/x86_64-linux-gnu/libdl-2.19.so
7fe35f54c000-7fe35f54d000 rw-p 00003000 08:06 14425454                   /lib/x86_64-linux-gnu/libdl-2.19.so
7fe35f54d000-7fe35f562000 r-xp 00000000 08:06 2885489                    /home/john/jdk1.8.0_20/lib/amd64/jli/libjli.so
7fe35f562000-7fe35f761000 ---p 00015000 08:06 2885489                    /home/john/jdk1.8.0_20/lib/amd64/jli/libjli.so
7fe35f761000-7fe35f762000 rw-p 00014000 08:06 2885489                    /home/john/jdk1.8.0_20/lib/amd64/jli/libjli.so
7fe35f762000-7fe35f77b000 r-xp 00000000 08:06 14425466                   /lib/x86_64-linux-gnu/libpthread-2.19.so
7fe35f77b000-7fe35f97a000 ---p 00019000 08:06 14425466                   /lib/x86_64-linux-gnu/libpthread-2.19.so
7fe35f97a000-7fe35f97b000 r--p 00018000 08:06 14425466                   /lib/x86_64-linux-gnu/libpthread-2.19.so
7fe35f97b000-7fe35f97c000 rw-p 00019000 08:06 14425466                   /lib/x86_64-linux-gnu/libpthread-2.19.so
7fe35f97c000-7fe35f980000 rw-p 00000000 00:00 0 
7fe35f980000-7fe35f9a3000 r-xp 00000000 08:06 14425462                   /lib/x86_64-linux-gnu/ld-2.19.so
7fe35f9ad000-7fe35fa79000 rw-p 00000000 00:00 0 
7fe35fa79000-7fe35fa7c000 ---p 00000000 00:00 0 
7fe35fa7c000-7fe35fb7e000 rw-p 00000000 00:00 0                          [stack:5697]
7fe35fb84000-7fe35fb86000 rw-p 00000000 00:00 0 
7fe35fb86000-7fe35fb90000 r--s 00116000 08:06 3146309                    /home/john/jdk1.8.0_20/jre/lib/ext/localedata.jar
7fe35fb90000-7fe35fb91000 r--p 00000000 08:06 664782                     /usr/share/locale-langpack/en_GB/LC_MESSAGES/libc.mo
7fe35fb91000-7fe35fb96000 r--s 002f8000 08:06 2885683                    /home/john/jdk1.8.0_20/jre/lib/charsets.jar
7fe35fb96000-7fe35fb9e000 rw-s 00000000 08:06 24117282                   /tmp/hsperfdata_john/5692
7fe35fb9e000-7fe35fb9f000 rw-p 00000000 00:00 0 
7fe35fb9f000-7fe35fba0000 r--p 00000000 00:00 0 
7fe35fba0000-7fe35fba2000 rw-p 00000000 00:00 0 
7fe35fba2000-7fe35fba3000 r--p 00022000 08:06 14425462                   /lib/x86_64-linux-gnu/ld-2.19.so
7fe35fba3000-7fe35fba4000 rw-p 00023000 08:06 14425462                   /lib/x86_64-linux-gnu/ld-2.19.so
7fe35fba4000-7fe35fba5000 rw-p 00000000 00:00 0 
7fffcbd62000-7fffcbd83000 rw-p 00000000 00:00 0                          [stack]
7fffcbdab000-7fffcbdad000 r-xp 00000000 00:00 0                          [vdso]
ffffffffff600000-ffffffffff601000 r-xp 00000000 00:00 0                  [vsyscall]

VM Arguments:
jvm_args: -Dfile.encoding=UTF-8 -Xms1024m -Xmx2048m -Djava.library.path=/usr/local/lib -XX:OnError=gdb - %p 
java_command: org.g0orx.openhpsdr.OpenHPSDRJ
java_class_path (initial): /home/john/NetBeansProjects/openHPSDRJ/build/classes
Launcher Type: SUN_STANDARD

Environment Variables:
PATH=/usr/local/sbin:/usr/local/bin:/usr/sbin:/usr/bin:/sbin:/bin:/usr/games:/usr/local/games
LD_LIBRARY_PATH=/home/john/jdk1.8.0_20/jre/lib/amd64:/home/john/jdk1.8.0_20/jre/lib/i386:
SHELL=/bin/bash
DISPLAY=:0.0

Signal Handlers:
SIGSEGV: [libjvm.so+0xa77530], sa_mask[0]=11111111011111111101111111111110, sa_flags=SA_RESTART|SA_SIGINFO
SIGBUS: [libjvm.so+0xa77530], sa_mask[0]=11111111011111111101111111111110, sa_flags=SA_RESTART|SA_SIGINFO
SIGFPE: [libjvm.so+0x8e1d90], sa_mask[0]=11111111011111111101111111111110, sa_flags=SA_RESTART|SA_SIGINFO
SIGPIPE: [libjvm.so+0x8e1d90], sa_mask[0]=11111111011111111101111111111110, sa_flags=SA_RESTART|SA_SIGINFO
SIGXFSZ: [libjvm.so+0x8e1d90], sa_mask[0]=11111111011111111101111111111110, sa_flags=SA_RESTART|SA_SIGINFO
SIGILL: [libjvm.so+0x8e1d90], sa_mask[0]=11111111011111111101111111111110, sa_flags=SA_RESTART|SA_SIGINFO
SIGUSR1: SIG_DFL, sa_mask[0]=00000000000000000000000000000000, sa_flags=none
SIGUSR2: [libjvm.so+0x8e35c0], sa_mask[0]=00100000000000000000000000000000, sa_flags=SA_RESTART|SA_SIGINFO
SIGHUP: [libjvm.so+0x8e4980], sa_mask[0]=11111111011111111101111111111110, sa_flags=SA_RESTART|SA_SIGINFO
SIGINT: SIG_IGN, sa_mask[0]=00000000000000000000000000000000, sa_flags=none
SIGTERM: [libjvm.so+0x8e4980], sa_mask[0]=11111111011111111101111111111110, sa_flags=SA_RESTART|SA_SIGINFO
SIGQUIT: [libjvm.so+0x8e4980], sa_mask[0]=11111111011111111101111111111110, sa_flags=SA_RESTART|SA_SIGINFO


---------------  S Y S T E M  ---------------

OS:DISTRIB_ID=Ubuntu
DISTRIB_RELEASE=14.04
DISTRIB_CODENAME=trusty
DISTRIB_DESCRIPTION="Ubuntu 14.04.2 LTS"

uname:Linux 3.13.0-46-generic #79-Ubuntu SMP Tue Mar 10 20:06:50 UTC 2015 x86_64
libc:glibc 2.19 NPTL 2.19 
rlimit: STACK 8192k, CORE 0k, NPROC 29404, NOFILE 4096, AS infinity
load average:0.29 0.42 0.53

/proc/meminfo:
MemTotal:        3785356 kB
MemFree:          221880 kB
Buffers:           33136 kB
Cached:           773828 kB
SwapCached:        23492 kB
Active:          2244832 kB
Inactive:         959360 kB
Active(anon):    2036812 kB
Inactive(anon):   687400 kB
Active(file):     208020 kB
Inactive(file):   271960 kB
Unevictable:          48 kB
Mlocked:              48 kB
SwapTotal:       3926012 kB
SwapFree:        3705924 kB
Dirty:               252 kB
Writeback:             0 kB
AnonPages:       2379160 kB
Mapped:           151512 kB
Shmem:            326984 kB
Slab:             266328 kB
SReclaimable:     233484 kB
SUnreclaim:        32844 kB
KernelStack:        4312 kB
PageTables:        33628 kB
NFS_Unstable:          0 kB
Bounce:                0 kB
WritebackTmp:          0 kB
CommitLimit:     5818688 kB
Committed_AS:    7526768 kB
VmallocTotal:   34359738367 kB
VmallocUsed:      351548 kB
VmallocChunk:   34359377680 kB
HardwareCorrupted:     0 kB
AnonHugePages:    292864 kB
HugePages_Total:       0
HugePages_Free:        0
HugePages_Rsvd:        0
HugePages_Surp:        0
Hugepagesize:       2048 kB
DirectMap4k:       79744 kB
DirectMap2M:     3848192 kB


CPU:total 4 (2 cores per cpu, 2 threads per core) family 6 model 37 stepping 2, cmov, cx8, fxsr, mmx, sse, sse2, sse3, ssse3, sse4.1, sse4.2, popcnt, aes, clmul, ht, tsc, tscinvbit

/proc/cpuinfo:
processor	: 0
vendor_id	: GenuineIntel
cpu family	: 6
model		: 37
model name	: Intel(R) Core(TM) i5 CPU         650  @ 3.20GHz
stepping	: 2
microcode	: 0x9
cpu MHz		: 1197.000
cache size	: 4096 KB
physical id	: 0
siblings	: 4
core id		: 0
cpu cores	: 2
apicid		: 0
initial apicid	: 0
fpu		: yes
fpu_exception	: yes
cpuid level	: 11
wp		: yes
flags		: fpu vme de pse tsc msr pae mce cx8 apic sep mtrr pge mca cmov pat pse36 clflush dts acpi mmx fxsr sse sse2 ss ht tm pbe syscall nx rdtscp lm constant_tsc arch_perfmon pebs bts rep_good nopl xtopology nonstop_tsc aperfmperf pni pclmulqdq dtes64 monitor ds_cpl vmx smx est tm2 ssse3 cx16 xtpr pdcm sse4_1 sse4_2 popcnt aes lahf_lm ida arat dtherm tpr_shadow vnmi flexpriority ept vpid
bogomips	: 6400.38
clflush size	: 64
cache_alignment	: 64
address sizes	: 36 bits physical, 48 bits virtual
power management:

processor	: 1
vendor_id	: GenuineIntel
cpu family	: 6
model		: 37
model name	: Intel(R) Core(TM) i5 CPU         650  @ 3.20GHz
stepping	: 2
microcode	: 0x9
cpu MHz		: 1197.000
cache size	: 4096 KB
physical id	: 0
siblings	: 4
core id		: 2
cpu cores	: 2
apicid		: 4
initial apicid	: 4
fpu		: yes
fpu_exception	: yes
cpuid level	: 11
wp		: yes
flags		: fpu vme de pse tsc msr pae mce cx8 apic sep mtrr pge mca cmov pat pse36 clflush dts acpi mmx fxsr sse sse2 ss ht tm pbe syscall nx rdtscp lm constant_tsc arch_perfmon pebs bts rep_good nopl xtopology nonstop_tsc aperfmperf pni pclmulqdq dtes64 monitor ds_cpl vmx smx est tm2 ssse3 cx16 xtpr pdcm sse4_1 sse4_2 popcnt aes lahf_lm ida arat dtherm tpr_shadow vnmi flexpriority ept vpid
bogomips	: 6400.38
clflush size	: 64
cache_alignment	: 64
address sizes	: 36 bits physical, 48 bits virtual
power management:

processor	: 2
vendor_id	: GenuineIntel
cpu family	: 6
model		: 37
model name	: Intel(R) Core(TM) i5 CPU         650  @ 3.20GHz
stepping	: 2
microcode	: 0x9
cpu MHz		: 3193.000
cache size	: 4096 KB
physical id	: 0
siblings	: 4
core id		: 0
cpu cores	: 2
apicid		: 1
initial apicid	: 1
fpu		: yes
fpu_exception	: yes
cpuid level	: 11
wp		: yes
flags		: fpu vme de pse tsc msr pae mce cx8 apic sep mtrr pge mca cmov pat pse36 clflush dts acpi mmx fxsr sse sse2 ss ht tm pbe syscall nx rdtscp lm constant_tsc arch_perfmon pebs bts rep_good nopl xtopology nonstop_tsc aperfmperf pni pclmulqdq dtes64 monitor ds_cpl vmx smx est tm2 ssse3 cx16 xtpr pdcm sse4_1 sse4_2 popcnt aes lahf_lm ida arat dtherm tpr_shadow vnmi flexpriority ept vpid
bogomips	: 6400.38
clflush size	: 64
cache_alignment	: 64
address sizes	: 36 bits physical, 48 bits virtual
power management:

processor	: 3
vendor_id	: GenuineIntel
cpu family	: 6
model		: 37
model name	: Intel(R) Core(TM) i5 CPU         650  @ 3.20GHz
stepping	: 2
microcode	: 0x9
cpu MHz		: 1197.000
cache size	: 4096 KB
physical id	: 0
siblings	: 4
core id		: 2
cpu cores	: 2
apicid		: 5
initial apicid	: 5
fpu		: yes
fpu_exception	: yes
cpuid level	: 11
wp		: yes
flags		: fpu vme de pse tsc msr pae mce cx8 apic sep mtrr pge mca cmov pat pse36 clflush dts acpi mmx fxsr sse sse2 ss ht tm pbe syscall nx rdtscp lm constant_tsc arch_perfmon pebs bts rep_good nopl xtopology nonstop_tsc aperfmperf pni pclmulqdq dtes64 monitor ds_cpl vmx smx est tm2 ssse3 cx16 xtpr pdcm sse4_1 sse4_2 popcnt aes lahf_lm ida arat dtherm tpr_shadow vnmi flexpriority ept vpid
bogomips	: 6400.38
clflush size	: 64
cache_alignment	: 64
address sizes	: 36 bits physical, 48 bits virtual
power management:



Memory: 4k page, physical 3785356k(221880k free), swap 3926012k(3705924k free)

vm_info: Java HotSpot(TM) 64-Bit Server VM (25.20-b23) for linux-amd64 JRE (1.8.0_20-b26), built on Jul 30 2014 13:13:52 by "java_re" with gcc 4.3.0 20080428 (Red Hat 4.3.0-8)

time: Fri Mar 20 10:11:38 2015
elapsed time: 8 seconds (0d 0h 0m 8s)

