

---------------------------------------------
DATE: 05/05/10
VER:  4.00.9511

NOTE: Currently does not handle subqueries, vt parameters, and subqueries
NOTE: You may see ERROR messages in these cases



--- temp query ---

- Inputs to Query -
Table 'DX'
- End inputs to Query -

01) Restrict rows of table DX
      by scanning
      testing expression "Not TimeZone Is Null"
02) Group result of '01)'
      store result in temporary table



--- temp query ---

- Inputs to Query -
Table 'DX'
- End inputs to Query -

01) Restrict rows of table DX
      by scanning
      testing expression "Not TimeZone Is Null"
02) Group result of '01)'
      store result in temporary table



--- temp query ---

- Inputs to Query -
Table 'DX'
- End inputs to Query -

01) Restrict rows of table DX
      using index 'PrimaryKey'
      for expression "DXCCPrefix='A5'"



--- temp query ---

- Inputs to Query -
Table 'DX'
- End inputs to Query -

01) Restrict rows of table DX
      using rushmore
      for expression "DXCCPrefix='A5'"



--- temp query ---

- Inputs to Query -
Table 'DX'
- End inputs to Query -

01) Restrict rows of table DX
      by scanning
      testing expression "DXCCName='Bhutan'"



--- temp query ---

- Inputs to Query -
Table 'DX'
- End inputs to Query -

01) Restrict rows of table DX
      by scanning
      testing expression "DXCCName='Bhutan'"


---------------------------------------------
DATE: 05/05/10
VER:  4.00.9511

NOTE: Currently does not handle subqueries, vt parameters, and subqueries
NOTE: You may see ERROR messages in these cases



--- temp query ---

- Inputs to Query -
Table 'DX'
- End inputs to Query -

01) Restrict rows of table DX
      by scanning
      testing expression "Not TimeZone Is Null"
02) Group result of '01)'
      store result in temporary table



--- temp query ---

- Inputs to Query -
Table 'DX'
- End inputs to Query -

01) Restrict rows of table DX
      by scanning
      testing expression "Not TimeZone Is Null"
02) Group result of '01)'
      store result in temporary table



--- temp query ---

- Inputs to Query -
Table 'DX'
- End inputs to Query -

01) Restrict rows of table DX
      using index 'PrimaryKey'
      for expression "DXCCPrefix='PA'"



--- temp query ---

- Inputs to Query -
Table 'DX'
- End inputs to Query -

01) Restrict rows of table DX
      using rushmore
      for expression "DXCCPrefix='PA'"



--- temp query ---

- Inputs to Query -
Table 'DX'
- End inputs to Query -

01) Restrict rows of table DX
      by scanning
      testing expression "DXCCName='Netherlands'"



--- temp query ---

- Inputs to Query -
Table 'DX'
- End inputs to Query -

01) Restrict rows of table DX
      by scanning
      testing expression "DXCCName='Netherlands'"


---------------------------------------------
DATE: 05/05/10
VER:  4.00.9511

NOTE: Currently does not handle subqueries, vt parameters, and subqueries
NOTE: You may see ERROR messages in these cases



--- temp query ---

- Inputs to Query -
Table 'DX'
- End inputs to Query -

01) Restrict rows of table DX
      by scanning
      testing expression "Not TimeZone Is Null"
02) Group result of '01)'
      store result in temporary table



--- temp query ---

- Inputs to Query -
Table 'DX'
- End inputs to Query -

01) Restrict rows of table DX
      by scanning
      testing expression "Not TimeZone Is Null"
02) Group result of '01)'
      store result in temporary table



--- temp query ---

- Inputs to Query -
Table 'DX'
- End inputs to Query -

01) Restrict rows of table DX
      using index 'PrimaryKey'
      for expression "DXCCPrefix='9N'"



--- temp query ---

- Inputs to Query -
Table 'DX'
- End inputs to Query -

01) Restrict rows of table DX
      using rushmore
      for expression "DXCCPrefix='9N'"



--- temp query ---

- Inputs to Query -
Table 'DX'
- End inputs to Query -

01) Restrict rows of table DX
      by scanning
      testing expression "DXCCName='Nepal'"



--- temp query ---

- Inputs to Query -
Table 'DX'
- End inputs to Query -

01) Restrict rows of table DX
      by scanning
      testing expression "DXCCName='Nepal'"


---------------------------------------------
DATE: 05/05/10
VER:  4.00.9511

NOTE: Currently does not handle subqueries, vt parameters, and subqueries
NOTE: You may see ERROR messages in these cases



--- temp query ---

- Inputs to Query -
Table 'DX'
- End inputs to Query -

01) Restrict rows of table DX
      by scanning
      testing expression "Not TimeZone Is Null"
02) Group result of '01)'
      store result in temporary table



--- temp query ---

- Inputs to Query -
Table 'DX'
- End inputs to Query -

01) Restrict rows of table DX
      by scanning
      testing expression "Not TimeZone Is Null"
02) Group result of '01)'
      store result in temporary table



--- temp query ---

- Inputs to Query -
Table 'DX'
- End inputs to Query -

01) Restrict rows of table DX
      using index 'PrimaryKey'
      for expression "DXCCPrefix='9J'"



--- temp query ---

- Inputs to Query -
Table 'DX'
- End inputs to Query -

01) Restrict rows of table DX
      using rushmore
      for expression "DXCCPrefix='9J'"



--- temp query ---

- Inputs to Query -
Table 'DX'
- End inputs to Query -

01) Restrict rows of table DX
      by scanning
      testing expression "DXCCName='Zambia'"



--- temp query ---

- Inputs to Query -
Table 'DX'
- End inputs to Query -

01) Restrict rows of table DX
      by scanning
      testing expression "DXCCName='Zambia'"


---------------------------------------------
DATE: 05/05/10
VER:  4.00.9511

NOTE: Currently does not handle subqueries, vt parameters, and subqueries
NOTE: You may see ERROR messages in these cases



--- temp query ---

- Inputs to Query -
Table 'DX'
- End inputs to Query -

01) Restrict rows of table DX
      by scanning
      testing expression "Not TimeZone Is Null"
02) Group result of '01)'
      store result in temporary table



--- temp query ---

- Inputs to Query -
Table 'DX'
- End inputs to Query -

01) Restrict rows of table DX
      by scanning
      testing expression "Not TimeZone Is Null"
02) Group result of '01)'
      store result in temporary table



--- temp query ---

- Inputs to Query -
Table 'DX'
- End inputs to Query -

01) Restrict rows of table DX
      using index 'PrimaryKey'
      for expression "DXCCPrefix='TG'"



--- temp query ---

- Inputs to Query -
Table 'DX'
- End inputs to Query -

01) Restrict rows of table DX
      using rushmore
      for expression "DXCCPrefix='TG'"



--- temp query ---

- Inputs to Query -
Table 'DX'
- End inputs to Query -

01) Restrict rows of table DX
      by scanning
      testing expression "DXCCName='Guatemala'"



--- temp query ---

- Inputs to Query -
Table 'DX'
- End inputs to Query -

01) Restrict rows of table DX
      by scanning
      testing expression "DXCCName='Guatemala'"


---------------------------------------------
DATE: 05/05/10
VER:  4.00.9511

NOTE: Currently does not handle subqueries, vt parameters, and subqueries
NOTE: You may see ERROR messages in these cases



--- temp query ---

- Inputs to Query -
Table 'DX'
- End inputs to Query -

01) Restrict rows of table DX
      by scanning
      testing expression "Not TimeZone Is Null"
02) Group result of '01)'
      store result in temporary table



--- temp query ---

- Inputs to Query -
Table 'DX'
- End inputs to Query -

01) Restrict rows of table DX
      by scanning
      testing expression "Not TimeZone Is Null"
02) Group result of '01)'
      store result in temporary table



--- temp query ---

- Inputs to Query -
Table 'DX'
- End inputs to Query -

01) Restrict rows of table DX
      using index 'PrimaryKey'
      for expression "DXCCPrefix='FJ'"



--- temp query ---

- Inputs to Query -
Table 'DX'
- End inputs to Query -

01) Restrict rows of table DX
      using rushmore
      for expression "DXCCPrefix='FJ'"



--- temp query ---

- Inputs to Query -
Table 'DX'
- End inputs to Query -

01) Restrict rows of table DX
      by scanning
      testing expression "DXCCName='St. Barthelemy'"



--- temp query ---

- Inputs to Query -
Table 'DX'
- End inputs to Query -

01) Restrict rows of table DX
      by scanning
      testing expression "DXCCName='St. Barthelemy'"


---------------------------------------------
DATE: 05/05/10
VER:  4.00.9511

NOTE: Currently does not handle subqueries, vt parameters, and subqueries
NOTE: You may see ERROR messages in these cases



--- temp query ---

- Inputs to Query -
Table 'DX'
- End inputs to Query -

01) Restrict rows of table DX
      by scanning
      testing expression "Not TimeZone Is Null"
02) Group result of '01)'
      store result in temporary table



--- temp query ---

- Inputs to Query -
Table 'DX'
- End inputs to Query -

01) Restrict rows of table DX
      by scanning
      testing expression "Not TimeZone Is Null"
02) Group result of '01)'
      store result in temporary table



--- temp query ---

- Inputs to Query -
Table 'DX'
- End inputs to Query -

01) Restrict rows of table DX
      using index 'PrimaryKey'
      for expression "DXCCPrefix='FW'"



--- temp query ---

- Inputs to Query -
Table 'DX'
- End inputs to Query -

01) Restrict rows of table DX
      using rushmore
      for expression "DXCCPrefix='FW'"



--- temp query ---

- Inputs to Query -
Table 'DX'
- End inputs to Query -

01) Restrict rows of table DX
      by scanning
      testing expression "DXCCName='Wallis & Futuna'"



--- temp query ---

- Inputs to Query -
Table 'DX'
- End inputs to Query -

01) Restrict rows of table DX
      by scanning
      testing expression "DXCCName='Wallis & Futuna'"
