Flow report for I2C
Tue Oct 03 20:34:26 2006
Version 6.0 Build 202 06/20/2006 Service Pack 1 SJ Web Edition


---------------------
; Table of Contents ;
---------------------
  1. Legal Notice
  2. Flow Summary
  3. Flow Settings
  4. Flow Non-Default Global Settings
  5. Flow Elapsed Time
  6. Flow Log



----------------
; Legal Notice ;
----------------
Copyright (C) 1991-2006 Altera Corporation
Your use of Altera Corporation's design tools, logic functions 
and other software and tools, and its AMPP partner logic 
functions, and any output files any of the foregoing 
(including device programming or simulation files), and any 
associated documentation or information are expressly subject 
to the terms and conditions of the Altera Program License 
Subscription Agreement, Altera MegaCore Function License 
Agreement, or other applicable license agreement, including, 
without limitation, that your use is for the sole purpose of 
programming logic devices manufactured by Altera and sold by 
Altera or its authorized distributors.  Please refer to the 
applicable agreement for further details.



+-----------------------------------------------------------------------------------+
; Flow Summary                                                                      ;
+------------------------------------+----------------------------------------------+
; Flow Status                        ; Successful - Tue Oct 03 20:34:26 2006        ;
; Quartus II Version                 ; 6.0 Build 202 06/20/2006 SP 1 SJ Web Edition ;
; Revision Name                      ; I2C                                          ;
; Top-level Entity Name              ; I2C                                          ;
; Family                             ; Cyclone II                                   ;
; Device                             ; EP2C5Q208C8                                  ;
; Timing Models                      ; Final                                        ;
; Met timing requirements            ; No                                           ;
; Total logic elements               ; 69 / 4,608 ( 1 % )                           ;
; Total registers                    ; 45                                           ;
; Total pins                         ; 21 / 142 ( 15 % )                            ;
; Total virtual pins                 ; 0                                            ;
; Total memory bits                  ; 0 / 119,808 ( 0 % )                          ;
; Embedded Multiplier 9-bit elements ; 0 / 26 ( 0 % )                               ;
; Total PLLs                         ; 0 / 2 ( 0 % )                                ;
+------------------------------------+----------------------------------------------+


+-----------------------------------------+
; Flow Settings                           ;
+-------------------+---------------------+
; Option            ; Setting             ;
+-------------------+---------------------+
; Start date & time ; 10/03/2006 20:33:55 ;
; Main task         ; Compilation         ;
; Revision Name     ; I2C                 ;
+-------------------+---------------------+


+----------------------------------------------------------------------------------------------------------------------------------------------------+
; Flow Non-Default Global Settings                                                                                                                   ;
+-----------------+---------------------------------------------------------------------------------------+---------------+-------------+------------+
; Assignment Name ; Value                                                                                 ; Default Value ; Entity Name ; Section Id ;
+-----------------+---------------------------------------------------------------------------------------+---------------+-------------+------------+
; USER_LIBRARIES  ; C:/HPDSDR/trunk/VK6APH/I2C new/db/;C:/FPGA/Mercury/megafunctions/;C:/FPGA/Mercury/db/ ; --            ; --          ; --         ;
+-----------------+---------------------------------------------------------------------------------------+---------------+-------------+------------+


+-------------------------------------+
; Flow Elapsed Time                   ;
+----------------------+--------------+
; Module Name          ; Elapsed Time ;
+----------------------+--------------+
; Analysis & Synthesis ; 00:00:04     ;
; Fitter               ; 00:00:09     ;
; Assembler            ; 00:00:03     ;
; Timing Analyzer      ; 00:00:01     ;
; Total                ; 00:00:17     ;
+----------------------+--------------+


------------
; Flow Log ;
------------
quartus_map --read_settings_files=on --write_settings_files=off I2C -c I2C
quartus_fit --read_settings_files=off --write_settings_files=off I2C -c I2C
quartus_asm --read_settings_files=off --write_settings_files=off I2C -c I2C
quartus_tan --read_settings_files=off --write_settings_files=off I2C -c I2C --timing_analysis_only



