Only in .: .svn
diff -C 5 -r -b ./correctIQ.c \sdr1000.src\svn-701\trunk\Source\DttSP/correctIQ.c
*** ./correctIQ.c	Sun Nov 12 11:14:22 2006
--- \sdr1000.src\svn-701\trunk\Source\DttSP/correctIQ.c	Tue Mar 28 13:51:25 2006
***************
*** 53,63 ****
  
  void
  correctIQ (CXB sigbuf, IQ iq)
  {
    int i;
- 
    for (i = 0; i < CXBhave (sigbuf); i++)
      {
        CXBimag (sigbuf, i) += iq->phase * CXBreal (sigbuf, i);
        CXBreal (sigbuf, i) *= iq->gain;
      }
--- 53,62 ----
diff -C 5 -r -b ./cwtones.c \sdr1000.src\svn-701\trunk\Source\DttSP/cwtones.c
*** ./cwtones.c	Sun Nov 12 10:41:09 2006
--- \sdr1000.src\svn-701\trunk\Source\DttSP/cwtones.c	Tue Mar 28 13:51:25 2006
***************
*** 91,101 ****
  	}
        // apply envelope
        // (same base as osc.gen internal buf)
        CXBdata (cwt->buf, i) = Cscl (CXBdata (cwt->buf, i), cwt->mul);
  	}
- 	CXBhave(cwt->buf) = n; /* kd5tfd added - set have field of buf so correctIQ works */ 
  
    // indicate whether it's turned itself off
    // sometime during this pass
  
    return cwt->stage != CWTone_HOLD;
--- 91,100 ----
Only in .: diff.out
diff -C 5 -r -b ./keyd.c \sdr1000.src\svn-701\trunk\Source\DttSP/keyd.c
*** ./keyd.c	Sun Nov 12 11:14:22 2006
--- \sdr1000.src\svn-701\trunk\Source\DttSP/keyd.c	Sun Sep 24 02:41:59 2006
***************
*** 140,150 ****
      }
    else
      {
        int i;
        EnterCriticalSection (cs_cw);	  
-       correctIQ(gen->buf, tx.iqfix);
        for (i = 0; i < gen->size; i++)
            {
                  float l = (float) CXBreal (gen->buf, i),
                          r = (float) CXBimag (gen->buf, i);
                  ringb_float_write (lring, (float *) &l, 1);
--- 140,149 ----
***************
*** 242,252 ****
      }
    else
      {
        EnterCriticalSection (cs_cw);
        ringb_float_write (lring, (float *) CXBbase (gen->buf), 2 * gen->size);
- #pragma message("info: need IQ correction in CW xmit path (kd5tfd 12 Nov 2006)") 
        LeaveCriticalSection (cs_cw);
      }
  }
  
  // silence -> output ringbuffer
--- 241,250 ----
diff -C 5 -r -b ./sdrexport.h \sdr1000.src\svn-701\trunk\Source\DttSP/sdrexport.h
*** ./sdrexport.h	Sun Nov  5 11:31:25 2006
--- \sdr1000.src\svn-701\trunk\Source\DttSP/sdrexport.h	Sat Sep  9 21:18:50 2006
***************
*** 363,381 ****
        {
          int i, o;
        } rb;
        int xr;
      } blow;
- #if 0
-     struct
-     {
-       int rx_count; /* -1, 0, or 1 -1, left leads by 1 sample, 0 same, +1 right leads by 1 sample */
-       int tx_count;
-       float rx_save;
-       float tx_save;
-     } sample_offset;
- #endif
    } jack;
  
    // update io
    // multiprocessing & synchronization
    struct
--- 363,372 ----
Only in .: sdrexport.h.bak
diff -C 5 -r -b ./update.c \sdr1000.src\svn-701\trunk\Source\DttSP/update.c
*** ./update.c	Sun Nov  5 16:44:08 2006
--- \sdr1000.src\svn-701\trunk\Source\DttSP/update.c	Tue Sep 26 14:45:41 2006
***************
*** 2438,2449 ****
                          break;
                  case ADC_REAL:
                          returnval = (float) uni.meter.rx.val[RL][RX_ADC_REAL];
                          break;
                  case ADC_IMAG:
!                         // returnval = (float) uni.meter.rx.val[RL][RX_ADC_REAL];
!                         returnval = (float) uni.meter.rx.val[RL][RX_ADC_IMAG];
                          break;
                  case AGC_GAIN:
                          returnval = (float) uni.meter.rx.val[RL][RX_AGC_GAIN];
                          break;
                  default:
--- 2438,2448 ----
  			break;
  		case ADC_REAL:
  			returnval = (float) uni.meter.rx.val[RL][RX_ADC_REAL];
  			break;
  		case ADC_IMAG:
! 			returnval = (float) uni.meter.rx.val[RL][RX_ADC_REAL];
  			break;
  		case AGC_GAIN:
  			returnval = (float) uni.meter.rx.val[RL][RX_AGC_GAIN];
  			break;
  		default:
Only in .: update.c.bak
