Fitter report for Ozy_Janus
Fri Aug 17 15:20:25 2007
Quartus II Version 7.1 Build 178 06/25/2007 Service Pack 1 SJ Web Edition


---------------------
; Table of Contents ;
---------------------
  1. Legal Notice
  2. Fitter Summary
  3. Fitter Settings
  4. Pin-Out File
  5. Fitter Resource Usage Summary
  6. Input Pins
  7. Output Pins
  8. I/O Bank Usage
  9. All Package Pins
 10. Output Pin Default Load For Reported TCO
 11. Fitter Resource Utilization by Entity
 12. Delay Chain Summary
 13. Pad To Core Delay Chain Fanout
 14. Control Signals
 15. Global & Other Fast Signals
 16. Non-Global High Fan-Out Signals
 17. Interconnect Usage Summary
 18. LAB Logic Elements
 19. LAB-wide Signals
 20. LAB Signals Sourced
 21. LAB Signals Sourced Out
 22. LAB Distinct Inputs
 23. Fitter Device Options
 24. Advanced Data - General
 25. Advanced Data - Placement Preparation
 26. Advanced Data - Placement
 27. Advanced Data - Routing
 28. Fitter Messages



----------------
; Legal Notice ;
----------------
Copyright (C) 1991-2007 Altera Corporation
Your use of Altera Corporation's design tools, logic functions 
and other software and tools, and its AMPP partner logic 
functions, and any output files from any of the foregoing 
(including device programming or simulation files), and any 
associated documentation or information are expressly subject 
to the terms and conditions of the Altera Program License 
Subscription Agreement, Altera MegaCore Function License 
Agreement, or other applicable license agreement, including, 
without limitation, that your use is for the sole purpose of 
programming logic devices manufactured by Altera and sold by 
Altera or its authorized distributors.  Please refer to the 
applicable agreement for further details.



+-----------------------------------------------------------------------------------+
; Fitter Summary                                                                    ;
+------------------------------------+----------------------------------------------+
; Fitter Status                      ; Successful - Fri Aug 17 15:20:25 2007        ;
; Quartus II Version                 ; 7.1 Build 178 06/25/2007 SP 1 SJ Web Edition ;
; Revision Name                      ; Ozy_Janus                                    ;
; Top-level Entity Name              ; usb_blaster_emulation                        ;
; Family                             ; Cyclone II                                   ;
; Device                             ; EP2C8Q208C8                                  ;
; Timing Models                      ; Final                                        ;
; Total logic elements               ; 25 / 8,256 ( < 1 % )                         ;
;     Total combinational functions  ; 25 / 8,256 ( < 1 % )                         ;
;     Dedicated logic registers      ; 25 / 8,256 ( < 1 % )                         ;
; Total registers                    ; 25                                           ;
; Total pins                         ; 10 / 138 ( 7 % )                             ;
; Total virtual pins                 ; 0                                            ;
; Total memory bits                  ; 0 / 165,888 ( 0 % )                          ;
; Embedded Multiplier 9-bit elements ; 0 / 36 ( 0 % )                               ;
; Total PLLs                         ; 0 / 2 ( 0 % )                                ;
+------------------------------------+----------------------------------------------+


+-----------------------------------------------------------------------------------------------------------------------------+
; Fitter Settings                                                                                                             ;
+-----------------------------------------------------------------------+--------------------+--------------------------------+
; Option                                                                ; Setting            ; Default Value                  ;
+-----------------------------------------------------------------------+--------------------+--------------------------------+
; Device                                                                ; EP2C8Q208C8        ;                                ;
; Fit Attempts to Skip                                                  ; 0                  ; 0.0                            ;
; Optimize Hold Timing                                                  ; All paths          ; IO Paths and Minimum TPD Paths ;
; Perform Physical Synthesis for Combinational Logic for Performance    ; On                 ; Off                            ;
; Perform Register Duplication for Performance                          ; On                 ; Off                            ;
; Perform Register Retiming for Performance                             ; On                 ; Off                            ;
; Perform Asynchronous Signal Pipelining                                ; On                 ; Off                            ;
; Fitter Effort                                                         ; Standard Fit       ; Auto Fit                       ;
; Always Enable Input Buffers                                           ; Off                ; Off                            ;
; Router Timing Optimization Level                                      ; Normal             ; Normal                         ;
; Placement Effort Multiplier                                           ; 1.0                ; 1.0                            ;
; Router Effort Multiplier                                              ; 1.0                ; 1.0                            ;
; Optimize Fast-Corner Timing                                           ; Off                ; Off                            ;
; PowerPlay Power Optimization                                          ; Normal compilation ; Normal compilation             ;
; Optimize Timing                                                       ; Normal compilation ; Normal compilation             ;
; Optimize IOC Register Placement for Timing                            ; On                 ; On                             ;
; Limit to One Fitting Attempt                                          ; Off                ; Off                            ;
; Final Placement Optimizations                                         ; Automatically      ; Automatically                  ;
; Fitter Aggressive Routability Optimizations                           ; Automatically      ; Automatically                  ;
; Fitter Initial Placement Seed                                         ; 1                  ; 1                              ;
; PCI I/O                                                               ; Off                ; Off                            ;
; Weak Pull-Up Resistor                                                 ; Off                ; Off                            ;
; Enable Bus-Hold Circuitry                                             ; Off                ; Off                            ;
; Auto Global Memory Control Signals                                    ; Off                ; Off                            ;
; Auto Packed Registers -- Stratix II/II GX/III Cyclone II/III Arria GX ; Auto               ; Auto                           ;
; Auto Delay Chains                                                     ; On                 ; On                             ;
; Auto Merge PLLs                                                       ; On                 ; On                             ;
; Ignore PLL Mode When Merging PLLs                                     ; Off                ; Off                            ;
; Perform Physical Synthesis for Combinational Logic for Fitting        ; Off                ; Off                            ;
; Perform Logic to Memory Mapping for Fitting                           ; Off                ; Off                            ;
; Physical Synthesis Effort Level                                       ; Normal             ; Normal                         ;
; Auto Global Clock                                                     ; On                 ; On                             ;
; Auto Global Register Control Signals                                  ; On                 ; On                             ;
; Stop After Congestion Map Generation                                  ; Off                ; Off                            ;
; Save Intermediate Fitting Results                                     ; Off                ; Off                            ;
; Use smart compilation                                                 ; Off                ; Off                            ;
+-----------------------------------------------------------------------+--------------------+--------------------------------+


+--------------+
; Pin-Out File ;
+--------------+
The pin-out file can be found in C:/HPSDR/trunk/vu3rdd/usb_blaster_fpga/Ozy_Janus.pin.


+--------------------------------------------------------------------+
; Fitter Resource Usage Summary                                      ;
+---------------------------------------------+----------------------+
; Resource                                    ; Usage                ;
+---------------------------------------------+----------------------+
; Total logic elements                        ; 25 / 8,256 ( < 1 % ) ;
;     -- Combinational with no register       ; 0                    ;
;     -- Register only                        ; 0                    ;
;     -- Combinational with a register        ; 25                   ;
;                                             ;                      ;
; Logic element usage by number of LUT inputs ;                      ;
;     -- 4 input functions                    ; 0                    ;
;     -- 3 input functions                    ; 1                    ;
;     -- <=2 input functions                  ; 24                   ;
;     -- Register only                        ; 0                    ;
;                                             ;                      ;
; Logic elements by mode                      ;                      ;
;     -- normal mode                          ; 2                    ;
;     -- arithmetic mode                      ; 23                   ;
;                                             ;                      ;
; Total registers*                            ; 25 / 8,646 ( < 1 % ) ;
;     -- Dedicated logic registers            ; 25 / 8,256 ( < 1 % ) ;
;     -- I/O registers                        ; 0 / 390 ( 0 % )      ;
;                                             ;                      ;
; Total LABs:  partially or completely used   ; 2 / 516 ( < 1 % )    ;
; User inserted logic elements                ; 0                    ;
; Virtual pins                                ; 0                    ;
; I/O pins                                    ; 10 / 138 ( 7 % )     ;
;     -- Clock pins                           ; 1 / 4 ( 25 % )       ;
; Global signals                              ; 1                    ;
; M4Ks                                        ; 0 / 36 ( 0 % )       ;
; Total memory bits                           ; 0 / 165,888 ( 0 % )  ;
; Total RAM block bits                        ; 0 / 165,888 ( 0 % )  ;
; Embedded Multiplier 9-bit elements          ; 0 / 36 ( 0 % )       ;
; PLLs                                        ; 0 / 2 ( 0 % )        ;
; Global clocks                               ; 1 / 8 ( 13 % )       ;
; Average interconnect usage                  ; 0%                   ;
; Peak interconnect usage                     ; 0%                   ;
; Maximum fan-out node                        ; IFCLK~clkctrl        ;
; Maximum fan-out                             ; 25                   ;
; Highest non-global fan-out signal           ; counter[24]          ;
; Highest non-global fan-out                  ; 2                    ;
; Total fan-out                               ; 105                  ;
; Average fan-out                             ; 1.64                 ;
+---------------------------------------------+----------------------+
*  Register count does not include registers inside RAM blocks or DSP blocks.



+-------------------------------------------------------------------------------------------------------------------------------------------------------------------------------------------------------------------------------------------------------------+
; Input Pins                                                                                                                                                                                                                                                  ;
+-------+-------+----------+--------------+--------------+-------------+-----------------------+--------------------+--------+----------------+---------------+-----------------+----------+--------------+--------------+-------------+----------------------+
; Name  ; Pin # ; I/O Bank ; X coordinate ; Y coordinate ; Cell number ; Combinational Fan-Out ; Registered Fan-Out ; Global ; Input Register ; Power Up High ; PCI I/O Enabled ; Bus Hold ; Weak Pull Up ; I/O Standard ; Termination ; Location assigned by ;
+-------+-------+----------+--------------+--------------+-------------+-----------------------+--------------------+--------+----------------+---------------+-----------------+----------+--------------+--------------+-------------+----------------------+
; A27   ; 105   ; 3        ; 34           ; 1            ; 2           ; 1                     ; 0                  ; no     ; no             ; no            ; no              ; no       ; Off          ; 3.3-V LVTTL  ; Off         ; User                 ;
; B0    ; 56    ; 4        ; 1            ; 0            ; 3           ; 1                     ; 0                  ; no     ; no             ; no            ; no              ; no       ; Off          ; 3.3-V LVTTL  ; Off         ; User                 ;
; B2    ; 58    ; 4        ; 1            ; 0            ; 1           ; 1                     ; 0                  ; no     ; no             ; no            ; no              ; no       ; Off          ; 3.3-V LVTTL  ; Off         ; User                 ;
; B3    ; 59    ; 4        ; 1            ; 0            ; 0           ; 1                     ; 0                  ; no     ; no             ; no            ; no              ; no       ; Off          ; 3.3-V LVTTL  ; Off         ; User                 ;
; IFCLK ; 24    ; 1        ; 0            ; 9            ; 1           ; 1                     ; 0                  ; yes    ; no             ; no            ; no              ; no       ; Off          ; 3.3-V LVTTL  ; Off         ; User                 ;
+-------+-------+----------+--------------+--------------+-------------+-----------------------+--------------------+--------+----------------+---------------+-----------------+----------+--------------+--------------+-------------+----------------------+


+---------------------------------------------------------------------------------------------------------------------------------------------------------------------------------------------------------------------------------------------------------------------------------------+
; Output Pins                                                                                                                                                                                                                                                                           ;
+------+-------+----------+--------------+--------------+-------------+-----------------+------------------------+---------------+-----------------+------------+---------------+----------+--------------+--------------+------------------+-------------+----------------------+------+
; Name ; Pin # ; I/O Bank ; X coordinate ; Y coordinate ; Cell number ; Output Register ; Output Enable Register ; Power Up High ; PCI I/O Enabled ; Open Drain ; TRI Primitive ; Bus Hold ; Weak Pull Up ; I/O Standard ; Current Strength ; Termination ; Location assigned by ; Load ;
+------+-------+----------+--------------+--------------+-------------+-----------------+------------------------+---------------+-----------------+------------+---------------+----------+--------------+--------------+------------------+-------------+----------------------+------+
; A23  ; 112   ; 3        ; 34           ; 3            ; 1           ; no              ; no                     ; no            ; no              ; no         ; no            ; no       ; Off          ; 3.3-V LVTTL  ; 24mA             ; Off         ; User                 ; 0 pF ;
; A24  ; 110   ; 3        ; 34           ; 3            ; 2           ; no              ; no                     ; no            ; no              ; no         ; no            ; no       ; Off          ; 3.3-V LVTTL  ; 24mA             ; Off         ; User                 ; 0 pF ;
; A29  ; 104   ; 4        ; 32           ; 0            ; 0           ; no              ; no                     ; no            ; no              ; no         ; no            ; no       ; Off          ; 3.3-V LVTTL  ; 24mA             ; Off         ; User                 ; 0 pF ;
; B1   ; 57    ; 4        ; 1            ; 0            ; 2           ; no              ; no                     ; no            ; no              ; no         ; no            ; no       ; Off          ; 3.3-V LVTTL  ; 24mA             ; Off         ; User                 ; 0 pF ;
; LED0 ; 4     ; 1        ; 0            ; 18           ; 3           ; no              ; no                     ; no            ; no              ; no         ; no            ; no       ; Off          ; 3.3-V LVTTL  ; 24mA             ; Off         ; User                 ; 0 pF ;
+------+-------+----------+--------------+--------------+-------------+-----------------+------------------------+---------------+-----------------+------------+---------------+----------+--------------+--------------+------------------+-------------+----------------------+------+


+-----------------------------------------------------------+
; I/O Bank Usage                                            ;
+----------+-----------------+---------------+--------------+
; I/O Bank ; Usage           ; VCCIO Voltage ; VREF Voltage ;
+----------+-----------------+---------------+--------------+
; 1        ; 4 / 32 ( 13 % ) ; 3.3V          ; --           ;
; 2        ; 0 / 35 ( 0 % )  ; 3.3V          ; --           ;
; 3        ; 4 / 35 ( 11 % ) ; 3.3V          ; --           ;
; 4        ; 5 / 36 ( 14 % ) ; 3.3V          ; --           ;
+----------+-----------------+---------------+--------------+


+------------------------------------------------------------------------------------------------------------------------------------------------------------------------+
; All Package Pins                                                                                                                                                       ;
+----------+------------+----------+------------------------------------------+--------+--------------+---------+------------+-----------------+----------+--------------+
; Location ; Pad Number ; I/O Bank ; Pin Name/Usage                           ; Dir.   ; I/O Standard ; Voltage ; I/O Type   ; User Assignment ; Bus Hold ; Weak Pull Up ;
+----------+------------+----------+------------------------------------------+--------+--------------+---------+------------+-----------------+----------+--------------+
; 1        ; 0          ; 1        ; ~ASDO~ / RESERVED_INPUT_WITH_WEAK_PULLUP ; input  ; 3.3-V LVTTL  ;         ; Row I/O    ; N               ; no       ; On           ;
; 2        ; 1          ; 1        ; ~nCSO~ / RESERVED_INPUT_WITH_WEAK_PULLUP ; input  ; 3.3-V LVTTL  ;         ; Row I/O    ; N               ; no       ; On           ;
; 3        ; 2          ; 1        ; RESERVED_INPUT                           ;        ;              ;         ; Row I/O    ;                 ; no       ; Off          ;
; 4        ; 3          ; 1        ; LED0                                     ; output ; 3.3-V LVTTL  ;         ; Row I/O    ; Y               ; no       ; Off          ;
; 5        ; 4          ; 1        ; RESERVED_INPUT                           ;        ;              ;         ; Row I/O    ;                 ; no       ; Off          ;
; 6        ; 5          ; 1        ; RESERVED_INPUT                           ;        ;              ;         ; Row I/O    ;                 ; no       ; Off          ;
; 7        ;            ; 1        ; VCCIO1                                   ; power  ;              ; 3.3V    ; --         ;                 ; --       ; --           ;
; 8        ; 6          ; 1        ; RESERVED_INPUT                           ;        ;              ;         ; Row I/O    ;                 ; no       ; Off          ;
; 9        ;            ;          ; GND                                      ; gnd    ;              ;         ; --         ;                 ; --       ; --           ;
; 10       ; 7          ; 1        ; RESERVED_INPUT                           ;        ;              ;         ; Row I/O    ;                 ; no       ; Off          ;
; 11       ; 8          ; 1        ; RESERVED_INPUT                           ;        ;              ;         ; Row I/O    ;                 ; no       ; Off          ;
; 12       ; 9          ; 1        ; RESERVED_INPUT                           ;        ;              ;         ; Row I/O    ;                 ; no       ; Off          ;
; 13       ; 10         ; 1        ; RESERVED_INPUT                           ;        ;              ;         ; Row I/O    ;                 ; no       ; Off          ;
; 14       ; 18         ; 1        ; RESERVED_INPUT                           ;        ;              ;         ; Row I/O    ;                 ; no       ; Off          ;
; 15       ; 19         ; 1        ; RESERVED_INPUT                           ;        ;              ;         ; Row I/O    ;                 ; no       ; Off          ;
; 16       ; 20         ; 1        ; #TDO                                     ; output ;              ;         ; --         ;                 ; --       ; --           ;
; 17       ; 21         ; 1        ; #TMS                                     ; input  ;              ;         ; --         ;                 ; --       ; --           ;
; 18       ; 22         ; 1        ; #TCK                                     ; input  ;              ;         ; --         ;                 ; --       ; --           ;
; 19       ; 23         ; 1        ; #TDI                                     ; input  ;              ;         ; --         ;                 ; --       ; --           ;
; 20       ; 24         ; 1        ; ^DATA0                                   ; input  ;              ;         ; --         ;                 ; --       ; --           ;
; 21       ; 25         ; 1        ; ^DCLK                                    ;        ;              ;         ; --         ;                 ; --       ; --           ;
; 22       ; 26         ; 1        ; ^nCE                                     ;        ;              ;         ; --         ;                 ; --       ; --           ;
; 23       ; 27         ; 1        ; GND+                                     ;        ;              ;         ; Row I/O    ;                 ; --       ; --           ;
; 24       ; 28         ; 1        ; IFCLK                                    ; input  ; 3.3-V LVTTL  ;         ; Row I/O    ; Y               ; no       ; Off          ;
; 25       ;            ;          ; GND                                      ; gnd    ;              ;         ; --         ;                 ; --       ; --           ;
; 26       ; 29         ; 1        ; ^nCONFIG                                 ;        ;              ;         ; --         ;                 ; --       ; --           ;
; 27       ; 30         ; 1        ; GND+                                     ;        ;              ;         ; Row I/O    ;                 ; --       ; --           ;
; 28       ; 31         ; 1        ; GND+                                     ;        ;              ;         ; Row I/O    ;                 ; --       ; --           ;
; 29       ;            ; 1        ; VCCIO1                                   ; power  ;              ; 3.3V    ; --         ;                 ; --       ; --           ;
; 30       ; 32         ; 1        ; RESERVED_INPUT                           ;        ;              ;         ; Row I/O    ;                 ; no       ; Off          ;
; 31       ; 33         ; 1        ; RESERVED_INPUT                           ;        ;              ;         ; Row I/O    ;                 ; no       ; Off          ;
; 32       ;            ;          ; VCCINT                                   ; power  ;              ; 1.2V    ; --         ;                 ; --       ; --           ;
; 33       ; 35         ; 1        ; RESERVED_INPUT                           ;        ;              ;         ; Row I/O    ;                 ; no       ; Off          ;
; 34       ; 36         ; 1        ; RESERVED_INPUT                           ;        ;              ;         ; Row I/O    ;                 ; no       ; Off          ;
; 35       ; 37         ; 1        ; RESERVED_INPUT                           ;        ;              ;         ; Row I/O    ;                 ; no       ; Off          ;
; 36       ;            ;          ; GND                                      ; gnd    ;              ;         ; --         ;                 ; --       ; --           ;
; 37       ; 39         ; 1        ; RESERVED_INPUT                           ;        ;              ;         ; Row I/O    ;                 ; no       ; Off          ;
; 38       ;            ;          ; GND                                      ; gnd    ;              ;         ; --         ;                 ; --       ; --           ;
; 39       ; 43         ; 1        ; RESERVED_INPUT                           ;        ;              ;         ; Row I/O    ;                 ; no       ; Off          ;
; 40       ; 44         ; 1        ; RESERVED_INPUT                           ;        ;              ;         ; Row I/O    ;                 ; no       ; Off          ;
; 41       ; 45         ; 1        ; RESERVED_INPUT                           ;        ;              ;         ; Row I/O    ;                 ; no       ; Off          ;
; 42       ;            ; 1        ; VCCIO1                                   ; power  ;              ; 3.3V    ; --         ;                 ; --       ; --           ;
; 43       ; 48         ; 1        ; RESERVED_INPUT                           ;        ;              ;         ; Row I/O    ;                 ; no       ; Off          ;
; 44       ; 49         ; 1        ; RESERVED_INPUT                           ;        ;              ;         ; Row I/O    ;                 ; no       ; Off          ;
; 45       ; 50         ; 1        ; RESERVED_INPUT                           ;        ;              ;         ; Row I/O    ;                 ; no       ; Off          ;
; 46       ; 51         ; 1        ; RESERVED_INPUT                           ;        ;              ;         ; Row I/O    ;                 ; no       ; Off          ;
; 47       ; 52         ; 1        ; RESERVED_INPUT                           ;        ;              ;         ; Row I/O    ;                 ; no       ; Off          ;
; 48       ; 53         ; 1        ; RESERVED_INPUT                           ;        ;              ;         ; Row I/O    ;                 ; no       ; Off          ;
; 49       ;            ;          ; GND                                      ; gnd    ;              ;         ; --         ;                 ; --       ; --           ;
; 50       ;            ;          ; GND_PLL1                                 ; gnd    ;              ;         ; --         ;                 ; --       ; --           ;
; 51       ;            ;          ; VCCD_PLL1                                ; power  ;              ; 1.2V    ; --         ;                 ; --       ; --           ;
; 52       ;            ;          ; GND_PLL1                                 ; gnd    ;              ;         ; --         ;                 ; --       ; --           ;
; 53       ;            ;          ; VCCA_PLL1                                ; power  ;              ; 1.2V    ; --         ;                 ; --       ; --           ;
; 54       ;            ;          ; GNDA_PLL1                                ; gnd    ;              ;         ; --         ;                 ; --       ; --           ;
; 55       ;            ;          ; GND                                      ; gnd    ;              ;         ; --         ;                 ; --       ; --           ;
; 56       ; 54         ; 4        ; B0                                       ; input  ; 3.3-V LVTTL  ;         ; Column I/O ; Y               ; no       ; Off          ;
; 57       ; 55         ; 4        ; B1                                       ; output ; 3.3-V LVTTL  ;         ; Column I/O ; Y               ; no       ; Off          ;
; 58       ; 56         ; 4        ; B2                                       ; input  ; 3.3-V LVTTL  ;         ; Column I/O ; Y               ; no       ; Off          ;
; 59       ; 57         ; 4        ; B3                                       ; input  ; 3.3-V LVTTL  ;         ; Column I/O ; Y               ; no       ; Off          ;
; 60       ; 58         ; 4        ; RESERVED_INPUT                           ;        ;              ;         ; Column I/O ;                 ; no       ; Off          ;
; 61       ; 59         ; 4        ; RESERVED_INPUT                           ;        ;              ;         ; Column I/O ;                 ; no       ; Off          ;
; 62       ;            ; 4        ; VCCIO4                                   ; power  ;              ; 3.3V    ; --         ;                 ; --       ; --           ;
; 63       ; 60         ; 4        ; RESERVED_INPUT                           ;        ;              ;         ; Column I/O ;                 ; no       ; Off          ;
; 64       ; 61         ; 4        ; RESERVED_INPUT                           ;        ;              ;         ; Column I/O ;                 ; no       ; Off          ;
; 65       ;            ;          ; GND                                      ; gnd    ;              ;         ; --         ;                 ; --       ; --           ;
; 66       ;            ;          ; VCCINT                                   ; power  ;              ; 1.2V    ; --         ;                 ; --       ; --           ;
; 67       ; 69         ; 4        ; RESERVED_INPUT                           ;        ;              ;         ; Column I/O ;                 ; no       ; Off          ;
; 68       ; 70         ; 4        ; RESERVED_INPUT                           ;        ;              ;         ; Column I/O ;                 ; no       ; Off          ;
; 69       ; 71         ; 4        ; RESERVED_INPUT                           ;        ;              ;         ; Column I/O ;                 ; no       ; Off          ;
; 70       ; 74         ; 4        ; RESERVED_INPUT                           ;        ;              ;         ; Column I/O ;                 ; no       ; Off          ;
; 71       ;            ; 4        ; VCCIO4                                   ; power  ;              ; 3.3V    ; --         ;                 ; --       ; --           ;
; 72       ; 75         ; 4        ; RESERVED_INPUT                           ;        ;              ;         ; Column I/O ;                 ; no       ; Off          ;
; 73       ;            ;          ; GND                                      ; gnd    ;              ;         ; --         ;                 ; --       ; --           ;
; 74       ; 76         ; 4        ; RESERVED_INPUT                           ;        ;              ;         ; Column I/O ;                 ; no       ; Off          ;
; 75       ; 77         ; 4        ; RESERVED_INPUT                           ;        ;              ;         ; Column I/O ;                 ; no       ; Off          ;
; 76       ; 78         ; 4        ; RESERVED_INPUT                           ;        ;              ;         ; Column I/O ;                 ; no       ; Off          ;
; 77       ; 79         ; 4        ; RESERVED_INPUT                           ;        ;              ;         ; Column I/O ;                 ; no       ; Off          ;
; 78       ;            ;          ; GND                                      ; gnd    ;              ;         ; --         ;                 ; --       ; --           ;
; 79       ;            ;          ; VCCINT                                   ; power  ;              ; 1.2V    ; --         ;                 ; --       ; --           ;
; 80       ; 82         ; 4        ; RESERVED_INPUT                           ;        ;              ;         ; Column I/O ;                 ; no       ; Off          ;
; 81       ; 83         ; 4        ; RESERVED_INPUT                           ;        ;              ;         ; Column I/O ;                 ; no       ; Off          ;
; 82       ; 84         ; 4        ; RESERVED_INPUT                           ;        ;              ;         ; Column I/O ;                 ; no       ; Off          ;
; 83       ;            ; 4        ; VCCIO4                                   ; power  ;              ; 3.3V    ; --         ;                 ; --       ; --           ;
; 84       ; 85         ; 4        ; RESERVED_INPUT                           ;        ;              ;         ; Column I/O ;                 ; no       ; Off          ;
; 85       ;            ;          ; GND                                      ; gnd    ;              ;         ; --         ;                 ; --       ; --           ;
; 86       ; 86         ; 4        ; RESERVED_INPUT                           ;        ;              ;         ; Column I/O ;                 ; no       ; Off          ;
; 87       ; 87         ; 4        ; RESERVED_INPUT                           ;        ;              ;         ; Column I/O ;                 ; no       ; Off          ;
; 88       ; 88         ; 4        ; RESERVED_INPUT                           ;        ;              ;         ; Column I/O ;                 ; no       ; Off          ;
; 89       ; 89         ; 4        ; RESERVED_INPUT                           ;        ;              ;         ; Column I/O ;                 ; no       ; Off          ;
; 90       ; 90         ; 4        ; RESERVED_INPUT                           ;        ;              ;         ; Column I/O ;                 ; no       ; Off          ;
; 91       ;            ; 4        ; VCCIO4                                   ; power  ;              ; 3.3V    ; --         ;                 ; --       ; --           ;
; 92       ; 91         ; 4        ; RESERVED_INPUT                           ;        ;              ;         ; Column I/O ;                 ; no       ; Off          ;
; 93       ;            ;          ; GND                                      ; gnd    ;              ;         ; --         ;                 ; --       ; --           ;
; 94       ; 92         ; 4        ; RESERVED_INPUT                           ;        ;              ;         ; Column I/O ;                 ; no       ; Off          ;
; 95       ; 93         ; 4        ; RESERVED_INPUT                           ;        ;              ;         ; Column I/O ;                 ; no       ; Off          ;
; 96       ; 94         ; 4        ; RESERVED_INPUT                           ;        ;              ;         ; Column I/O ;                 ; no       ; Off          ;
; 97       ; 95         ; 4        ; RESERVED_INPUT                           ;        ;              ;         ; Column I/O ;                 ; no       ; Off          ;
; 98       ;            ; 4        ; VCCIO4                                   ; power  ;              ; 3.3V    ; --         ;                 ; --       ; --           ;
; 99       ; 96         ; 4        ; RESERVED_INPUT                           ;        ;              ;         ; Column I/O ;                 ; no       ; Off          ;
; 100      ;            ;          ; GND                                      ; gnd    ;              ;         ; --         ;                 ; --       ; --           ;
; 101      ; 97         ; 4        ; RESERVED_INPUT                           ;        ;              ;         ; Column I/O ;                 ; no       ; Off          ;
; 102      ; 98         ; 4        ; RESERVED_INPUT                           ;        ;              ;         ; Column I/O ;                 ; no       ; Off          ;
; 103      ; 99         ; 4        ; RESERVED_INPUT                           ;        ;              ;         ; Column I/O ;                 ; no       ; Off          ;
; 104      ; 100        ; 4        ; A29                                      ; output ; 3.3-V LVTTL  ;         ; Column I/O ; Y               ; no       ; Off          ;
; 105      ; 101        ; 3        ; A27                                      ; input  ; 3.3-V LVTTL  ;         ; Row I/O    ; Y               ; no       ; Off          ;
; 106      ; 102        ; 3        ; RESERVED_INPUT                           ;        ;              ;         ; Row I/O    ;                 ; no       ; Off          ;
; 107      ; 105        ; 3        ; ~LVDS54n/INIT_DONE~ / RESERVED           ; output ; 3.3-V LVTTL  ;         ; Row I/O    ; N               ; no       ; Off          ;
; 108      ; 106        ; 3        ; RESERVED_INPUT                           ;        ;              ;         ; Row I/O    ;                 ; no       ; Off          ;
; 109      ;            ; 3        ; VCCIO3                                   ; power  ;              ; 3.3V    ; --         ;                 ; --       ; --           ;
; 110      ; 107        ; 3        ; A24                                      ; output ; 3.3-V LVTTL  ;         ; Row I/O    ; Y               ; no       ; Off          ;
; 111      ;            ;          ; GND                                      ; gnd    ;              ;         ; --         ;                 ; --       ; --           ;
; 112      ; 108        ; 3        ; A23                                      ; output ; 3.3-V LVTTL  ;         ; Row I/O    ; Y               ; no       ; Off          ;
; 113      ; 109        ; 3        ; RESERVED_INPUT                           ;        ;              ;         ; Row I/O    ;                 ; no       ; Off          ;
; 114      ; 110        ; 3        ; RESERVED_INPUT                           ;        ;              ;         ; Row I/O    ;                 ; no       ; Off          ;
; 115      ; 112        ; 3        ; RESERVED_INPUT                           ;        ;              ;         ; Row I/O    ;                 ; no       ; Off          ;
; 116      ; 113        ; 3        ; RESERVED_INPUT                           ;        ;              ;         ; Row I/O    ;                 ; no       ; Off          ;
; 117      ; 114        ; 3        ; RESERVED_INPUT                           ;        ;              ;         ; Row I/O    ;                 ; no       ; Off          ;
; 118      ; 117        ; 3        ; RESERVED_INPUT                           ;        ;              ;         ; Row I/O    ;                 ; no       ; Off          ;
; 119      ;            ;          ; GND                                      ; gnd    ;              ;         ; --         ;                 ; --       ; --           ;
; 120      ;            ;          ; VCCINT                                   ; power  ;              ; 1.2V    ; --         ;                 ; --       ; --           ;
; 121      ; 121        ; 3        ; ^nSTATUS                                 ;        ;              ;         ; --         ;                 ; --       ; --           ;
; 122      ;            ; 3        ; VCCIO3                                   ; power  ;              ; 3.3V    ; --         ;                 ; --       ; --           ;
; 123      ; 122        ; 3        ; ^CONF_DONE                               ;        ;              ;         ; --         ;                 ; --       ; --           ;
; 124      ;            ;          ; GND                                      ; gnd    ;              ;         ; --         ;                 ; --       ; --           ;
; 125      ; 123        ; 3        ; ^MSEL1                                   ;        ;              ;         ; --         ;                 ; --       ; --           ;
; 126      ; 124        ; 3        ; ^MSEL0                                   ;        ;              ;         ; --         ;                 ; --       ; --           ;
; 127      ; 125        ; 3        ; RESERVED_INPUT                           ;        ;              ;         ; Row I/O    ;                 ; no       ; Off          ;
; 128      ; 126        ; 3        ; RESERVED_INPUT                           ;        ;              ;         ; Row I/O    ;                 ; no       ; Off          ;
; 129      ; 127        ; 3        ; GND+                                     ;        ;              ;         ; Row I/O    ;                 ; --       ; --           ;
; 130      ; 128        ; 3        ; GND+                                     ;        ;              ;         ; Row I/O    ;                 ; --       ; --           ;
; 131      ; 129        ; 3        ; GND+                                     ;        ;              ;         ; Row I/O    ;                 ; --       ; --           ;
; 132      ; 130        ; 3        ; GND+                                     ;        ;              ;         ; Row I/O    ;                 ; --       ; --           ;
; 133      ; 131        ; 3        ; RESERVED_INPUT                           ;        ;              ;         ; Row I/O    ;                 ; no       ; Off          ;
; 134      ; 132        ; 3        ; RESERVED_INPUT                           ;        ;              ;         ; Row I/O    ;                 ; no       ; Off          ;
; 135      ; 133        ; 3        ; RESERVED_INPUT                           ;        ;              ;         ; Row I/O    ;                 ; no       ; Off          ;
; 136      ;            ; 3        ; VCCIO3                                   ; power  ;              ; 3.3V    ; --         ;                 ; --       ; --           ;
; 137      ; 134        ; 3        ; RESERVED_INPUT                           ;        ;              ;         ; Row I/O    ;                 ; no       ; Off          ;
; 138      ; 135        ; 3        ; RESERVED_INPUT                           ;        ;              ;         ; Row I/O    ;                 ; no       ; Off          ;
; 139      ; 136        ; 3        ; RESERVED_INPUT                           ;        ;              ;         ; Row I/O    ;                 ; no       ; Off          ;
; 140      ;            ;          ; GND                                      ; gnd    ;              ;         ; --         ;                 ; --       ; --           ;
; 141      ; 137        ; 3        ; RESERVED_INPUT                           ;        ;              ;         ; Row I/O    ;                 ; no       ; Off          ;
; 142      ; 138        ; 3        ; RESERVED_INPUT                           ;        ;              ;         ; Row I/O    ;                 ; no       ; Off          ;
; 143      ; 141        ; 3        ; RESERVED_INPUT                           ;        ;              ;         ; Row I/O    ;                 ; no       ; Off          ;
; 144      ; 142        ; 3        ; RESERVED_INPUT                           ;        ;              ;         ; Row I/O    ;                 ; no       ; Off          ;
; 145      ; 143        ; 3        ; RESERVED_INPUT                           ;        ;              ;         ; Row I/O    ;                 ; no       ; Off          ;
; 146      ; 149        ; 3        ; RESERVED_INPUT                           ;        ;              ;         ; Row I/O    ;                 ; no       ; Off          ;
; 147      ; 150        ; 3        ; RESERVED_INPUT                           ;        ;              ;         ; Row I/O    ;                 ; no       ; Off          ;
; 148      ;            ; 3        ; VCCIO3                                   ; power  ;              ; 3.3V    ; --         ;                 ; --       ; --           ;
; 149      ; 151        ; 3        ; RESERVED_INPUT                           ;        ;              ;         ; Row I/O    ;                 ; no       ; Off          ;
; 150      ; 152        ; 3        ; RESERVED_INPUT                           ;        ;              ;         ; Row I/O    ;                 ; no       ; Off          ;
; 151      ; 153        ; 3        ; RESERVED_INPUT                           ;        ;              ;         ; Row I/O    ;                 ; no       ; Off          ;
; 152      ; 154        ; 3        ; RESERVED_INPUT                           ;        ;              ;         ; Row I/O    ;                 ; no       ; Off          ;
; 153      ;            ;          ; GND                                      ; gnd    ;              ;         ; --         ;                 ; --       ; --           ;
; 154      ;            ;          ; GND_PLL2                                 ; gnd    ;              ;         ; --         ;                 ; --       ; --           ;
; 155      ;            ;          ; VCCD_PLL2                                ; power  ;              ; 1.2V    ; --         ;                 ; --       ; --           ;
; 156      ;            ;          ; GND_PLL2                                 ; gnd    ;              ;         ; --         ;                 ; --       ; --           ;
; 157      ;            ;          ; VCCA_PLL2                                ; power  ;              ; 1.2V    ; --         ;                 ; --       ; --           ;
; 158      ;            ;          ; GNDA_PLL2                                ; gnd    ;              ;         ; --         ;                 ; --       ; --           ;
; 159      ;            ;          ; GND                                      ; gnd    ;              ;         ; --         ;                 ; --       ; --           ;
; 160      ; 155        ; 2        ; RESERVED_INPUT                           ;        ;              ;         ; Column I/O ;                 ; no       ; Off          ;
; 161      ; 156        ; 2        ; RESERVED_INPUT                           ;        ;              ;         ; Column I/O ;                 ; no       ; Off          ;
; 162      ; 157        ; 2        ; RESERVED_INPUT                           ;        ;              ;         ; Column I/O ;                 ; no       ; Off          ;
; 163      ; 158        ; 2        ; RESERVED_INPUT                           ;        ;              ;         ; Column I/O ;                 ; no       ; Off          ;
; 164      ; 159        ; 2        ; RESERVED_INPUT                           ;        ;              ;         ; Column I/O ;                 ; no       ; Off          ;
; 165      ; 160        ; 2        ; RESERVED_INPUT                           ;        ;              ;         ; Column I/O ;                 ; no       ; Off          ;
; 166      ;            ; 2        ; VCCIO2                                   ; power  ;              ; 3.3V    ; --         ;                 ; --       ; --           ;
; 167      ;            ;          ; GND                                      ; gnd    ;              ;         ; --         ;                 ; --       ; --           ;
; 168      ; 161        ; 2        ; RESERVED_INPUT                           ;        ;              ;         ; Column I/O ;                 ; no       ; Off          ;
; 169      ; 162        ; 2        ; RESERVED_INPUT                           ;        ;              ;         ; Column I/O ;                 ; no       ; Off          ;
; 170      ; 163        ; 2        ; RESERVED_INPUT                           ;        ;              ;         ; Column I/O ;                 ; no       ; Off          ;
; 171      ; 164        ; 2        ; RESERVED_INPUT                           ;        ;              ;         ; Column I/O ;                 ; no       ; Off          ;
; 172      ;            ; 2        ; VCCIO2                                   ; power  ;              ; 3.3V    ; --         ;                 ; --       ; --           ;
; 173      ; 165        ; 2        ; RESERVED_INPUT                           ;        ;              ;         ; Column I/O ;                 ; no       ; Off          ;
; 174      ;            ;          ; GND                                      ; gnd    ;              ;         ; --         ;                 ; --       ; --           ;
; 175      ; 168        ; 2        ; RESERVED_INPUT                           ;        ;              ;         ; Column I/O ;                 ; no       ; Off          ;
; 176      ; 169        ; 2        ; RESERVED_INPUT                           ;        ;              ;         ; Column I/O ;                 ; no       ; Off          ;
; 177      ;            ;          ; GND                                      ; gnd    ;              ;         ; --         ;                 ; --       ; --           ;
; 178      ;            ;          ; VCCINT                                   ; power  ;              ; 1.2V    ; --         ;                 ; --       ; --           ;
; 179      ; 173        ; 2        ; RESERVED_INPUT                           ;        ;              ;         ; Column I/O ;                 ; no       ; Off          ;
; 180      ; 174        ; 2        ; RESERVED_INPUT                           ;        ;              ;         ; Column I/O ;                 ; no       ; Off          ;
; 181      ; 175        ; 2        ; RESERVED_INPUT                           ;        ;              ;         ; Column I/O ;                 ; no       ; Off          ;
; 182      ; 176        ; 2        ; RESERVED_INPUT                           ;        ;              ;         ; Column I/O ;                 ; no       ; Off          ;
; 183      ;            ; 2        ; VCCIO2                                   ; power  ;              ; 3.3V    ; --         ;                 ; --       ; --           ;
; 184      ;            ;          ; GND                                      ; gnd    ;              ;         ; --         ;                 ; --       ; --           ;
; 185      ; 180        ; 2        ; RESERVED_INPUT                           ;        ;              ;         ; Column I/O ;                 ; no       ; Off          ;
; 186      ;            ;          ; GND                                      ; gnd    ;              ;         ; --         ;                 ; --       ; --           ;
; 187      ; 181        ; 2        ; RESERVED_INPUT                           ;        ;              ;         ; Column I/O ;                 ; no       ; Off          ;
; 188      ; 182        ; 2        ; RESERVED_INPUT                           ;        ;              ;         ; Column I/O ;                 ; no       ; Off          ;
; 189      ; 183        ; 2        ; RESERVED_INPUT                           ;        ;              ;         ; Column I/O ;                 ; no       ; Off          ;
; 190      ;            ;          ; VCCINT                                   ; power  ;              ; 1.2V    ; --         ;                 ; --       ; --           ;
; 191      ; 184        ; 2        ; RESERVED_INPUT                           ;        ;              ;         ; Column I/O ;                 ; no       ; Off          ;
; 192      ; 185        ; 2        ; RESERVED_INPUT                           ;        ;              ;         ; Column I/O ;                 ; no       ; Off          ;
; 193      ; 186        ; 2        ; RESERVED_INPUT                           ;        ;              ;         ; Column I/O ;                 ; no       ; Off          ;
; 194      ;            ; 2        ; VCCIO2                                   ; power  ;              ; 3.3V    ; --         ;                 ; --       ; --           ;
; 195      ; 187        ; 2        ; RESERVED_INPUT                           ;        ;              ;         ; Column I/O ;                 ; no       ; Off          ;
; 196      ;            ;          ; GND                                      ; gnd    ;              ;         ; --         ;                 ; --       ; --           ;
; 197      ; 191        ; 2        ; RESERVED_INPUT                           ;        ;              ;         ; Column I/O ;                 ; no       ; Off          ;
; 198      ; 192        ; 2        ; RESERVED_INPUT                           ;        ;              ;         ; Column I/O ;                 ; no       ; Off          ;
; 199      ; 195        ; 2        ; RESERVED_INPUT                           ;        ;              ;         ; Column I/O ;                 ; no       ; Off          ;
; 200      ; 196        ; 2        ; RESERVED_INPUT                           ;        ;              ;         ; Column I/O ;                 ; no       ; Off          ;
; 201      ; 197        ; 2        ; RESERVED_INPUT                           ;        ;              ;         ; Column I/O ;                 ; no       ; Off          ;
; 202      ;            ; 2        ; VCCIO2                                   ; power  ;              ; 3.3V    ; --         ;                 ; --       ; --           ;
; 203      ; 198        ; 2        ; RESERVED_INPUT                           ;        ;              ;         ; Column I/O ;                 ; no       ; Off          ;
; 204      ;            ;          ; GND                                      ; gnd    ;              ;         ; --         ;                 ; --       ; --           ;
; 205      ; 199        ; 2        ; RESERVED_INPUT                           ;        ;              ;         ; Column I/O ;                 ; no       ; Off          ;
; 206      ; 200        ; 2        ; RESERVED_INPUT                           ;        ;              ;         ; Column I/O ;                 ; no       ; Off          ;
; 207      ; 201        ; 2        ; RESERVED_INPUT                           ;        ;              ;         ; Column I/O ;                 ; no       ; Off          ;
; 208      ; 202        ; 2        ; RESERVED_INPUT                           ;        ;              ;         ; Column I/O ;                 ; no       ; Off          ;
+----------+------------+----------+------------------------------------------+--------+--------------+---------+------------+-----------------+----------+--------------+


+-------------------------------------------------------------------------------+
; Output Pin Default Load For Reported TCO                                      ;
+----------------------------------+-------+------------------------------------+
; I/O Standard                     ; Load  ; Termination Resistance             ;
+----------------------------------+-------+------------------------------------+
; 3.3-V LVTTL                      ; 0 pF  ; Not Available                      ;
; 3.3-V LVCMOS                     ; 0 pF  ; Not Available                      ;
; 2.5 V                            ; 0 pF  ; Not Available                      ;
; 1.8 V                            ; 0 pF  ; Not Available                      ;
; 1.5 V                            ; 0 pF  ; Not Available                      ;
; 3.3-V PCI                        ; 10 pF ; 25 Ohm (Parallel)                  ;
; 3.3-V PCI-X                      ; 10 pF ; 25 Ohm (Parallel)                  ;
; SSTL-2 Class I                   ; 0 pF  ; 50 Ohm (Parallel), 25 Ohm (Serial) ;
; SSTL-2 Class II                  ; 0 pF  ; 25 Ohm (Parallel), 25 Ohm (Serial) ;
; SSTL-18 Class I                  ; 0 pF  ; 50 Ohm (Parallel), 25 Ohm (Serial) ;
; SSTL-18 Class II                 ; 0 pF  ; 25 Ohm (Parallel), 25 Ohm (Serial) ;
; 1.5-V HSTL Class I               ; 0 pF  ; 50 Ohm (Parallel)                  ;
; 1.5-V HSTL Class II              ; 0 pF  ; 25 Ohm (Parallel)                  ;
; 1.8-V HSTL Class I               ; 0 pF  ; 50 Ohm (Parallel)                  ;
; 1.8-V HSTL Class II              ; 0 pF  ; 25 Ohm (Parallel)                  ;
; Differential SSTL-2              ; 0 pF  ; (See SSTL-2)                       ;
; Differential 2.5-V SSTL Class II ; 0 pF  ; (See SSTL-2 Class II)              ;
; Differential 1.8-V SSTL Class I  ; 0 pF  ; (See 1.8-V SSTL Class I)           ;
; Differential 1.8-V SSTL Class II ; 0 pF  ; (See 1.8-V SSTL Class II)          ;
; Differential 1.5-V HSTL Class I  ; 0 pF  ; (See 1.5-V HSTL Class I)           ;
; Differential 1.5-V HSTL Class II ; 0 pF  ; (See 1.5-V HSTL Class II)          ;
; Differential 1.8-V HSTL Class I  ; 0 pF  ; (See 1.8-V HSTL Class I)           ;
; Differential 1.8-V HSTL Class II ; 0 pF  ; (See 1.8-V HSTL Class II)          ;
; LVDS                             ; 0 pF  ; 100 Ohm (Differential)             ;
; mini-LVDS                        ; 0 pF  ; 100 Ohm (Differential)             ;
; RSDS                             ; 0 pF  ; 100 Ohm (Differential)             ;
; Simple RSDS                      ; 0 pF  ; Not Available                      ;
; Differential LVPECL              ; 0 pF  ; 100 Ohm (Differential)             ;
+----------------------------------+-------+------------------------------------+
Note: User assignments will override these defaults. The user specified values are listed in the Output Pins and Bidir Pins tables.


+--------------------------------------------------------------------------------------------------------------------------------------------------------------------------------------------------------------------------------------------------------------------+
; Fitter Resource Utilization by Entity                                                                                                                                                                                                                              ;
+----------------------------+-------------+---------------------------+---------------+-------------+------+--------------+---------+-----------+------+--------------+--------------+-------------------+------------------+------------------------+--------------+
; Compilation Hierarchy Node ; Logic Cells ; Dedicated Logic Registers ; I/O Registers ; Memory Bits ; M4Ks ; DSP Elements ; DSP 9x9 ; DSP 18x18 ; Pins ; Virtual Pins ; LUT-Only LCs ; Register-Only LCs ; LUT/Register LCs ; Full Hierarchy Name    ; Library Name ;
+----------------------------+-------------+---------------------------+---------------+-------------+------+--------------+---------+-----------+------+--------------+--------------+-------------------+------------------+------------------------+--------------+
; |usb_blaster_emulation     ; 25 (25)     ; 25 (25)                   ; 0 (0)         ; 0           ; 0    ; 0            ; 0       ; 0         ; 10   ; 0            ; 0 (0)        ; 0 (0)             ; 25 (25)          ; |usb_blaster_emulation ; work         ;
+----------------------------+-------------+---------------------------+---------------+-------------+------+--------------+---------+-----------+------+--------------+--------------+-------------------+------------------+------------------------+--------------+
Note: For table entries with two numbers listed, the numbers in parentheses indicate the number of resources of the given type used by the specific entity alone. The numbers listed outside of parentheses indicate the total resources of the given type used by the specific entity and all of its sub-entities in the hierarchy.


+--------------------------------------------------------------------------------+
; Delay Chain Summary                                                            ;
+-------+----------+---------------+---------------+-----------------------+-----+
; Name  ; Pin Type ; Pad to Core 0 ; Pad to Core 1 ; Pad to Input Register ; TCO ;
+-------+----------+---------------+---------------+-----------------------+-----+
; B1    ; Output   ; --            ; --            ; --                    ; --  ;
; A23   ; Output   ; --            ; --            ; --                    ; --  ;
; A24   ; Output   ; --            ; --            ; --                    ; --  ;
; A29   ; Output   ; --            ; --            ; --                    ; --  ;
; LED0  ; Output   ; --            ; --            ; --                    ; --  ;
; A27   ; Input    ; 6             ; 6             ; --                    ; --  ;
; B3    ; Input    ; 6             ; 6             ; --                    ; --  ;
; B2    ; Input    ; 6             ; 6             ; --                    ; --  ;
; B0    ; Input    ; 6             ; 6             ; --                    ; --  ;
; IFCLK ; Input    ; 0             ; 0             ; --                    ; --  ;
+-------+----------+---------------+---------------+-----------------------+-----+


+---------------------------------------------------+
; Pad To Core Delay Chain Fanout                    ;
+---------------------+-------------------+---------+
; Source Pin / Fanout ; Pad To Core Index ; Setting ;
+---------------------+-------------------+---------+
; A27                 ;                   ;         ;
;      - B1           ; 0                 ; 6       ;
; B3                  ;                   ;         ;
;      - A23          ; 0                 ; 6       ;
; B2                  ;                   ;         ;
;      - A24          ; 0                 ; 6       ;
; B0                  ;                   ;         ;
;      - A29          ; 1                 ; 6       ;
; IFCLK               ;                   ;         ;
+---------------------+-------------------+---------+


+-------------------------------------------------------------------------------------------------------------------+
; Control Signals                                                                                                   ;
+-------+----------+---------+-------+--------+----------------------+------------------+---------------------------+
; Name  ; Location ; Fan-Out ; Usage ; Global ; Global Resource Used ; Global Line Name ; Enable Signal Source Name ;
+-------+----------+---------+-------+--------+----------------------+------------------+---------------------------+
; IFCLK ; PIN_24   ; 25      ; Clock ; yes    ; Global Clock         ; GCLK2            ; --                        ;
+-------+----------+---------+-------+--------+----------------------+------------------+---------------------------+


+--------------------------------------------------------------------------------------------------+
; Global & Other Fast Signals                                                                      ;
+-------+----------+---------+----------------------+------------------+---------------------------+
; Name  ; Location ; Fan-Out ; Global Resource Used ; Global Line Name ; Enable Signal Source Name ;
+-------+----------+---------+----------------------+------------------+---------------------------+
; IFCLK ; PIN_24   ; 25      ; Global Clock         ; GCLK2            ; --                        ;
+-------+----------+---------+----------------------+------------------+---------------------------+


+---------------------------------+
; Non-Global High Fan-Out Signals ;
+-----------------+---------------+
; Name            ; Fan-Out       ;
+-----------------+---------------+
; counter[0]      ; 2             ;
; counter[24]     ; 2             ;
; B0              ; 1             ;
; B2              ; 1             ;
; B3              ; 1             ;
; A27             ; 1             ;
; counter[0]~146  ; 1             ;
; counter[24]~98  ; 1             ;
; counter[23]~144 ; 1             ;
; counter[23]~99  ; 1             ;
; counter[22]~143 ; 1             ;
; counter[22]~100 ; 1             ;
; counter[21]~142 ; 1             ;
; counter[21]~101 ; 1             ;
; counter[20]~141 ; 1             ;
; counter[20]~102 ; 1             ;
; counter[19]~140 ; 1             ;
; counter[19]~103 ; 1             ;
; counter[18]~139 ; 1             ;
; counter[18]~104 ; 1             ;
; counter[17]~138 ; 1             ;
; counter[17]~105 ; 1             ;
; counter[16]~137 ; 1             ;
; counter[16]~106 ; 1             ;
; counter[15]~136 ; 1             ;
; counter[15]~107 ; 1             ;
; counter[14]~135 ; 1             ;
; counter[14]~108 ; 1             ;
; counter[13]~134 ; 1             ;
; counter[13]~109 ; 1             ;
; counter[12]~133 ; 1             ;
; counter[12]~110 ; 1             ;
; counter[11]~132 ; 1             ;
; counter[11]~111 ; 1             ;
; counter[10]~131 ; 1             ;
; counter[10]~112 ; 1             ;
; counter[9]~130  ; 1             ;
; counter[9]~113  ; 1             ;
; counter[8]~129  ; 1             ;
; counter[8]~114  ; 1             ;
; counter[7]~128  ; 1             ;
; counter[7]~115  ; 1             ;
; counter[6]~127  ; 1             ;
; counter[6]~116  ; 1             ;
; counter[5]~126  ; 1             ;
; counter[5]~117  ; 1             ;
; counter[4]~125  ; 1             ;
; counter[4]~118  ; 1             ;
; counter[3]~124  ; 1             ;
; counter[3]~119  ; 1             ;
+-----------------+---------------+


+---------------------------------------------------+
; Interconnect Usage Summary                        ;
+----------------------------+----------------------+
; Interconnect Resource Type ; Usage                ;
+----------------------------+----------------------+
; Block interconnects        ; 5 / 26,052 ( < 1 % ) ;
; C16 interconnects          ; 3 / 1,156 ( < 1 % )  ;
; C4 interconnects           ; 5 / 17,952 ( < 1 % ) ;
; Direct links               ; 0 / 26,052 ( 0 % )   ;
; Global clocks              ; 1 / 8 ( 13 % )       ;
; Local interconnects        ; 25 / 8,256 ( < 1 % ) ;
; R24 interconnects          ; 8 / 1,020 ( < 1 % )  ;
; R4 interconnects           ; 1 / 22,440 ( < 1 % ) ;
+----------------------------+----------------------+


+---------------------------------------------------------------------------+
; LAB Logic Elements                                                        ;
+---------------------------------------------+-----------------------------+
; Number of Logic Elements  (Average = 12.50) ; Number of LABs  (Total = 2) ;
+---------------------------------------------+-----------------------------+
; 1                                           ; 0                           ;
; 2                                           ; 0                           ;
; 3                                           ; 0                           ;
; 4                                           ; 0                           ;
; 5                                           ; 0                           ;
; 6                                           ; 0                           ;
; 7                                           ; 0                           ;
; 8                                           ; 0                           ;
; 9                                           ; 0                           ;
; 10                                          ; 0                           ;
; 11                                          ; 0                           ;
; 12                                          ; 1                           ;
; 13                                          ; 1                           ;
; 14                                          ; 0                           ;
; 15                                          ; 0                           ;
; 16                                          ; 0                           ;
+---------------------------------------------+-----------------------------+


+------------------------------------------------------------------+
; LAB-wide Signals                                                 ;
+------------------------------------+-----------------------------+
; LAB-wide Signals  (Average = 1.00) ; Number of LABs  (Total = 2) ;
+------------------------------------+-----------------------------+
; 1 Clock                            ; 2                           ;
+------------------------------------+-----------------------------+


+----------------------------------------------------------------------------+
; LAB Signals Sourced                                                        ;
+----------------------------------------------+-----------------------------+
; Number of Signals Sourced  (Average = 25.00) ; Number of LABs  (Total = 2) ;
+----------------------------------------------+-----------------------------+
; 0                                            ; 0                           ;
; 1                                            ; 0                           ;
; 2                                            ; 0                           ;
; 3                                            ; 0                           ;
; 4                                            ; 0                           ;
; 5                                            ; 0                           ;
; 6                                            ; 0                           ;
; 7                                            ; 0                           ;
; 8                                            ; 0                           ;
; 9                                            ; 0                           ;
; 10                                           ; 0                           ;
; 11                                           ; 0                           ;
; 12                                           ; 0                           ;
; 13                                           ; 0                           ;
; 14                                           ; 0                           ;
; 15                                           ; 0                           ;
; 16                                           ; 0                           ;
; 17                                           ; 0                           ;
; 18                                           ; 0                           ;
; 19                                           ; 0                           ;
; 20                                           ; 0                           ;
; 21                                           ; 0                           ;
; 22                                           ; 0                           ;
; 23                                           ; 0                           ;
; 24                                           ; 1                           ;
; 25                                           ; 0                           ;
; 26                                           ; 1                           ;
+----------------------------------------------+-----------------------------+


+-------------------------------------------------------------------------------+
; LAB Signals Sourced Out                                                       ;
+-------------------------------------------------+-----------------------------+
; Number of Signals Sourced Out  (Average = 0.50) ; Number of LABs  (Total = 2) ;
+-------------------------------------------------+-----------------------------+
; 0                                               ; 1                           ;
; 1                                               ; 1                           ;
+-------------------------------------------------+-----------------------------+


+---------------------------------------------------------------------------+
; LAB Distinct Inputs                                                       ;
+---------------------------------------------+-----------------------------+
; Number of Distinct Inputs  (Average = 1.50) ; Number of LABs  (Total = 2) ;
+---------------------------------------------+-----------------------------+
; 0                                           ; 0                           ;
; 1                                           ; 1                           ;
; 2                                           ; 1                           ;
+---------------------------------------------+-----------------------------+


+--------------------------------------------------------------------+
; Fitter Device Options                                              ;
+----------------------------------------------+---------------------+
; Option                                       ; Setting             ;
+----------------------------------------------+---------------------+
; Enable user-supplied start-up clock (CLKUSR) ; Off                 ;
; Enable device-wide reset (DEV_CLRn)          ; Off                 ;
; Enable device-wide output enable (DEV_OE)    ; Off                 ;
; Enable INIT_DONE output                      ; On                  ;
; Configuration scheme                         ; Active Serial       ;
; Error detection CRC                          ; Off                 ;
; ASDO,nCSO                                    ; As input tri-stated ;
; Reserve all unused pins                      ; As input tri-stated ;
; Base pin-out file on sameframe device        ; Off                 ;
+----------------------------------------------+---------------------+


+----------------------------+
; Advanced Data - General    ;
+--------------------+-------+
; Name               ; Value ;
+--------------------+-------+
; Desired User Slack ; 0     ;
; Fit Attempts       ; 1     ;
+--------------------+-------+


+----------------------------------------------------------------------------+
; Advanced Data - Placement Preparation                                      ;
+------------------------------------------------------------------+---------+
; Name                                                             ; Value   ;
+------------------------------------------------------------------+---------+
; Mid Wire Use - Fit Attempt 1                                     ; 0       ;
; Mid Slack - Fit Attempt 1                                        ; 15282   ;
; Internal Atom Count - Fit Attempt 1                              ; 51      ;
; LE/ALM Count - Fit Attempt 1                                     ; 26      ;
; LAB Count - Fit Attempt 1                                        ; 3       ;
; Outputs per Lab - Fit Attempt 1                                  ; 0.333   ;
; Inputs per LAB - Fit Attempt 1                                   ; 0.000   ;
; Global Inputs per LAB - Fit Attempt 1                            ; 0.667   ;
; LAB Constraint 'non-global clock + sync load' - Fit Attempt 1    ; 0:3     ;
; LAB Constraint 'non-global controls' - Fit Attempt 1             ; 0:3     ;
; LAB Constraint 'non-global + aclr' - Fit Attempt 1               ; 0:3     ;
; LAB Constraint 'global non-clock non-aclr' - Fit Attempt 1       ; 0:3     ;
; LAB Constraint 'global controls' - Fit Attempt 1                 ; 0:1;1:2 ;
; LAB Constraint 'deterministic LABSMUXA/LABXMUXB' - Fit Attempt 1 ; 0:3     ;
; LAB Constraint 'deterministic LABSMUXC/LABXMUXD' - Fit Attempt 1 ; 0:3     ;
; LAB Constraint 'clock / ce pair constraint' - Fit Attempt 1      ; 0:1;1:2 ;
; LAB Constraint 'aclr constraint' - Fit Attempt 1                 ; 0:1;1:2 ;
; LAB Constraint 'true sload_sclear pair' - Fit Attempt 1          ; 0:3     ;
; LAB Constraint 'constant sload_sclear pair' - Fit Attempt 1      ; 0:3     ;
; LAB Constraint 'has placement constraint' - Fit Attempt 1        ; 0:1;1:2 ;
; LEs in Chains - Fit Attempt 1                                    ; 24      ;
; LEs in Long Chains - Fit Attempt 1                               ; 24      ;
; LABs with Chains - Fit Attempt 1                                 ; 2       ;
; LABs with Multiple Chains - Fit Attempt 1                        ; 0       ;
; Time - Fit Attempt 1                                             ; 0       ;
; Time in tsm_tan.dll - Fit Attempt 1                              ; 0.016   ;
+------------------------------------------------------------------+---------+


+----------------------------------------------+
; Advanced Data - Placement                    ;
+--------------------------------------+-------+
; Name                                 ; Value ;
+--------------------------------------+-------+
; Early Wire Use - Fit Attempt 1       ; 0     ;
; Early Slack - Fit Attempt 1          ; 16685 ;
; Mid Wire Use - Fit Attempt 1         ; 0     ;
; Mid Slack - Fit Attempt 1            ; 16685 ;
; Late Wire Use - Fit Attempt 1        ; 0     ;
; Late Slack - Fit Attempt 1           ; 16685 ;
; Peak Regional Wire - Fit Attempt 1   ; 0.000 ;
; Time - Fit Attempt 1                 ; 2     ;
; Time in fit_fsyn.dll - Fit Attempt 1 ; 0.939 ;
; Time in tsm_tan.dll - Fit Attempt 1  ; 0.109 ;
+--------------------------------------+-------+


+--------------------------------------------+
; Advanced Data - Routing                    ;
+------------------------------------+-------+
; Name                               ; Value ;
+------------------------------------+-------+
; Early Slack - Fit Attempt 1        ; 16921 ;
; Early Wire Use - Fit Attempt 1     ; 0     ;
; Peak Regional Wire - Fit Attempt 1 ; 0     ;
; Mid Slack - Fit Attempt 1          ; 110   ;
; Late Slack - Fit Attempt 1         ; 110   ;
; Late Slack - Fit Attempt 1         ; 110   ;
; Late Wire Use - Fit Attempt 1      ; 0     ;
; Time - Fit Attempt 1               ; 0     ;
+------------------------------------+-------+


+-----------------+
; Fitter Messages ;
+-----------------+
Info: *******************************************************************
Info: Running Quartus II Fitter
    Info: Version 7.1 Build 178 06/25/2007 Service Pack 1 SJ Web Edition
    Info: Processing started: Fri Aug 17 15:20:19 2007
Info: Command: quartus_fit --read_settings_files=off --write_settings_files=off usb_blaster -c Ozy_Janus
Info: Selected device EP2C8Q208C8 for design "Ozy_Janus"
Info: Fitter is performing a Standard Fit compilation using maximum Fitter effort to optimize design performance
Info: Fitter is using the Classic Timing Analyzer
Info: Detected fmax, tsu, tco, and/or tpd requirements -- optimizing circuit to achieve only the specified requirements
Info: The Fitter has identified 1 logical partitions of which 0 have a previous placement to use
    Info: Previous placement does not exist for 60 of 60 atoms in partition Top
Info: Device migration not selected. If you intend to use device migration later, you may need to change the pin assignments as they may be incompatible with other devices
    Info: Device EP2C5Q208C8 is compatible
    Info: Device EP2C5Q208I8 is compatible
    Info: Device EP2C8Q208I8 is compatible
Info: Fitter converted 3 user pins into dedicated programming pins
    Info: Pin ~ASDO~ is reserved at location 1
    Info: Pin ~nCSO~ is reserved at location 2
    Info: Pin ~LVDS54n/INIT_DONE~ is reserved at location 107
Info: Automatically promoted node IFCLK (placed in PIN 24 (CLK1, LVDSCLK0n, Input))
    Info: Automatically promoted destinations to use location or clock signal Global Clock CLKCTRL_G2
Info: Starting register packing
Extra Info: Performing register packing on registers with non-logic cell location assignments
Extra Info: Completed register packing on registers with non-logic cell location assignments
Extra Info: Started Fast Input/Output/OE register processing
Extra Info: Finished Fast Input/Output/OE register processing
Extra Info: Moving registers into I/O cells, Multiplier Blocks, and RAM blocks to improve timing and density
Extra Info: Finished moving registers into I/O cells, Multiplier Blocks, and RAM blocks
Info: Finished register packing: elapsed time is 00:00:00
    Extra Info: No registers were packed into other blocks
Info: Starting physical synthesis optimizations for speed
Info: Starting physical synthesis algorithm automatic asynchronous signal pipelining
Info: Automatic asynchronous signal pipelining - Evaluation Phase
    Info: Found 0 asynchronous signals of which 0 will be pipelined
Info: Physical synthesis algorithm automatic asynchronous signal pipelining complete
Info: Starting physical synthesis algorithm register retiming
Info: Physical synthesis algorithm register retiming complete: estimated slack improvement of 0 ps
Info: Starting physical synthesis algorithm combinational resynthesis type r
Info: Physical synthesis algorithm combinational resynthesis type r complete: estimated slack improvement of 0 ps
Info: Physical synthesis optimizations for speed complete: elapsed time is 00:00:00
Info: Fitter placement preparation operations beginning
Info: Fitter placement preparation operations ending: elapsed time is 00:00:00
Info: Fitter placement operations beginning
Info: Starting physical synthesis optimizations for speed
Info: Starting physical synthesis algorithm automatic asynchronous signal pipelining
Info: Automatic asynchronous signal pipelining - Execution Phase
Info: Physical synthesis algorithm automatic asynchronous signal pipelining complete
Info: Starting physical synthesis algorithm register retiming
Info: Physical synthesis algorithm register retiming complete: estimated slack improvement of 0 ps
Info: Starting physical synthesis algorithm combinational resynthesis type r
Info: Physical synthesis algorithm combinational resynthesis type r complete: estimated slack improvement of 0 ps
Info: Starting physical synthesis algorithm logic and register replication
Info: Physical synthesis algorithm logic and register replication complete: estimated slack improvement of 0 ps
Info: Starting physical synthesis algorithm fanout splitting
Info: Physical synthesis algorithm fanout splitting complete: estimated slack improvement of 0 ps
Info: Physical synthesis optimizations for speed complete: elapsed time is 00:00:00
Info: Fitter placement was successful
Info: Fitter placement operations ending: elapsed time is 00:00:02
Info: Estimated most critical path is register to register delay of 3.884 ns
    Info: 1: + IC(0.000 ns) + CELL(0.000 ns) = 0.000 ns; Loc. = LAB_X1_Y18; Fanout = 3; REG Node = 'counter[0]'
    Info: 2: + IC(0.675 ns) + CELL(0.596 ns) = 1.271 ns; Loc. = LAB_X1_Y18; Fanout = 2; COMB Node = 'counter[1]~122'
    Info: 3: + IC(0.000 ns) + CELL(0.086 ns) = 1.357 ns; Loc. = LAB_X1_Y18; Fanout = 2; COMB Node = 'counter[2]~123'
    Info: 4: + IC(0.000 ns) + CELL(0.086 ns) = 1.443 ns; Loc. = LAB_X1_Y18; Fanout = 2; COMB Node = 'counter[3]~124'
    Info: 5: + IC(0.000 ns) + CELL(0.086 ns) = 1.529 ns; Loc. = LAB_X1_Y18; Fanout = 2; COMB Node = 'counter[4]~125'
    Info: 6: + IC(0.000 ns) + CELL(0.086 ns) = 1.615 ns; Loc. = LAB_X1_Y18; Fanout = 2; COMB Node = 'counter[5]~126'
    Info: 7: + IC(0.000 ns) + CELL(0.086 ns) = 1.701 ns; Loc. = LAB_X1_Y18; Fanout = 2; COMB Node = 'counter[6]~127'
    Info: 8: + IC(0.000 ns) + CELL(0.086 ns) = 1.787 ns; Loc. = LAB_X1_Y18; Fanout = 2; COMB Node = 'counter[7]~128'
    Info: 9: + IC(0.000 ns) + CELL(0.086 ns) = 1.873 ns; Loc. = LAB_X1_Y18; Fanout = 2; COMB Node = 'counter[8]~129'
    Info: 10: + IC(0.000 ns) + CELL(0.086 ns) = 1.959 ns; Loc. = LAB_X1_Y18; Fanout = 2; COMB Node = 'counter[9]~130'
    Info: 11: + IC(0.000 ns) + CELL(0.086 ns) = 2.045 ns; Loc. = LAB_X1_Y18; Fanout = 2; COMB Node = 'counter[10]~131'
    Info: 12: + IC(0.000 ns) + CELL(0.086 ns) = 2.131 ns; Loc. = LAB_X1_Y18; Fanout = 2; COMB Node = 'counter[11]~132'
    Info: 13: + IC(0.000 ns) + CELL(0.086 ns) = 2.217 ns; Loc. = LAB_X1_Y18; Fanout = 2; COMB Node = 'counter[12]~133'
    Info: 14: + IC(0.107 ns) + CELL(0.086 ns) = 2.410 ns; Loc. = LAB_X1_Y17; Fanout = 2; COMB Node = 'counter[13]~134'
    Info: 15: + IC(0.000 ns) + CELL(0.086 ns) = 2.496 ns; Loc. = LAB_X1_Y17; Fanout = 2; COMB Node = 'counter[14]~135'
    Info: 16: + IC(0.000 ns) + CELL(0.086 ns) = 2.582 ns; Loc. = LAB_X1_Y17; Fanout = 2; COMB Node = 'counter[15]~136'
    Info: 17: + IC(0.000 ns) + CELL(0.086 ns) = 2.668 ns; Loc. = LAB_X1_Y17; Fanout = 2; COMB Node = 'counter[16]~137'
    Info: 18: + IC(0.000 ns) + CELL(0.086 ns) = 2.754 ns; Loc. = LAB_X1_Y17; Fanout = 2; COMB Node = 'counter[17]~138'
    Info: 19: + IC(0.000 ns) + CELL(0.086 ns) = 2.840 ns; Loc. = LAB_X1_Y17; Fanout = 2; COMB Node = 'counter[18]~139'
    Info: 20: + IC(0.000 ns) + CELL(0.086 ns) = 2.926 ns; Loc. = LAB_X1_Y17; Fanout = 2; COMB Node = 'counter[19]~140'
    Info: 21: + IC(0.000 ns) + CELL(0.086 ns) = 3.012 ns; Loc. = LAB_X1_Y17; Fanout = 2; COMB Node = 'counter[20]~141'
    Info: 22: + IC(0.000 ns) + CELL(0.086 ns) = 3.098 ns; Loc. = LAB_X1_Y17; Fanout = 2; COMB Node = 'counter[21]~142'
    Info: 23: + IC(0.000 ns) + CELL(0.086 ns) = 3.184 ns; Loc. = LAB_X1_Y17; Fanout = 2; COMB Node = 'counter[22]~143'
    Info: 24: + IC(0.000 ns) + CELL(0.086 ns) = 3.270 ns; Loc. = LAB_X1_Y17; Fanout = 1; COMB Node = 'counter[23]~144'
    Info: 25: + IC(0.000 ns) + CELL(0.506 ns) = 3.776 ns; Loc. = LAB_X1_Y17; Fanout = 1; COMB Node = 'counter[24]~98'
    Info: 26: + IC(0.000 ns) + CELL(0.108 ns) = 3.884 ns; Loc. = LAB_X1_Y17; Fanout = 2; REG Node = 'counter[24]'
    Info: Total cell delay = 3.102 ns ( 79.87 % )
    Info: Total interconnect delay = 0.782 ns ( 20.13 % )
Info: Fitter routing operations beginning
Info: Average interconnect usage is 0% of the available device resources. Peak interconnect usage is 0%
    Info: The peak interconnect region extends from location X23_Y0 to location X34_Y9
Info: Fitter routing operations ending: elapsed time is 00:00:00
Info: Started post-fitting delay annotation
Warning: Found 5 output pins without output pin load capacitance assignment
    Info: Pin "B1" has no specified output pin load capacitance -- assuming default load capacitance of 0 pF for timing analysis
    Info: Pin "A23" has no specified output pin load capacitance -- assuming default load capacitance of 0 pF for timing analysis
    Info: Pin "A24" has no specified output pin load capacitance -- assuming default load capacitance of 0 pF for timing analysis
    Info: Pin "A29" has no specified output pin load capacitance -- assuming default load capacitance of 0 pF for timing analysis
    Info: Pin "LED0" has no specified output pin load capacitance -- assuming default load capacitance of 0 pF for timing analysis
Info: Delay annotation completed successfully
Info: Quartus II Fitter was successful. 0 errors, 1 warning
    Info: Allocated 185 megabytes of memory during processing
    Info: Processing ended: Fri Aug 17 15:20:26 2007
    Info: Elapsed time: 00:00:07


