Analysis & Synthesis report for Mercury
Sun Nov 11 22:02:39 2007
Quartus II Version 6.1 Build 201 11/27/2006 SJ Web Edition


---------------------
; Table of Contents ;
---------------------
  1. Legal Notice
  2. Analysis & Synthesis Summary
  3. Analysis & Synthesis Settings
  4. Analysis & Synthesis Source Files Read
  5. Analysis & Synthesis Resource Usage Summary
  6. Analysis & Synthesis Resource Utilization by Entity
  7. Analysis & Synthesis RAM Summary
  8. Registers Removed During Synthesis
  9. General Register Statistics
 10. Inverted Register Statistics
 11. Source assignments for RAM_4096_dualport:RAM|altsyncram:altsyncram_component|altsyncram_rkr1:auto_generated
 12. Source assignments for RAM_4096_dualport:RAM|altsyncram:altsyncram_component|altsyncram_rkr1:auto_generated|altsyncram_nsu1:altsyncram1
 13. Parameter Settings for User Entity Instance: RAM_4096_dualport:RAM|altsyncram:altsyncram_component
 14. Analysis & Synthesis Messages
 15. Analysis & Synthesis Suppressed Messages



----------------
; Legal Notice ;
----------------
Copyright (C) 1991-2006 Altera Corporation
Your use of Altera Corporation's design tools, logic functions 
and other software and tools, and its AMPP partner logic 
functions, and any output files from any of the foregoing 
(including device programming or simulation files), and any 
associated documentation or information are expressly subject 
to the terms and conditions of the Altera Program License 
Subscription Agreement, Altera MegaCore Function License 
Agreement, or other applicable license agreement, including, 
without limitation, that your use is for the sole purpose of 
programming logic devices manufactured by Altera and sold by 
Altera or its authorized distributors.  Please refer to the 
applicable agreement for further details.



+------------------------------------------------------------------------------+
; Analysis & Synthesis Summary                                                 ;
+------------------------------------+-----------------------------------------+
; Analysis & Synthesis Status        ; Successful - Sun Nov 11 22:02:39 2007   ;
; Quartus II Version                 ; 6.1 Build 201 11/27/2006 SJ Web Edition ;
; Revision Name                      ; Mercury                                 ;
; Top-level Entity Name              ; MercSpec                                ;
; Family                             ; Cyclone II                              ;
; Total logic elements               ; 39                                      ;
;     Total combinational functions  ; 39                                      ;
;     Dedicated logic registers      ; 16                                      ;
; Total registers                    ; 16                                      ;
; Total pins                         ; 46                                      ;
; Total virtual pins                 ; 0                                       ;
; Total memory bits                  ; 65,536                                  ;
; Embedded Multiplier 9-bit elements ; 0                                       ;
; Total PLLs                         ; 0                                       ;
+------------------------------------+-----------------------------------------+


+--------------------------------------------------------------------------------------------------------------+
; Analysis & Synthesis Settings                                                                                ;
+--------------------------------------------------------------------+--------------------+--------------------+
; Option                                                             ; Setting            ; Default Value      ;
+--------------------------------------------------------------------+--------------------+--------------------+
; Device                                                             ; EP2C8Q208C8        ;                    ;
; Top-level entity name                                              ; MercSpec           ; Mercury            ;
; Family name                                                        ; Cyclone II         ; Stratix            ;
; Power-Up Don't Care                                                ; Off                ; On                 ;
; Optimization Technique -- Cyclone II                               ; Speed              ; Balanced           ;
; Restructure Multiplexers                                           ; Auto               ; Auto               ;
; Create Debugging Nodes for IP Cores                                ; Off                ; Off                ;
; Preserve fewer node names                                          ; On                 ; On                 ;
; Disable OpenCore Plus hardware evaluation                          ; Off                ; Off                ;
; Verilog Version                                                    ; Verilog_2001       ; Verilog_2001       ;
; VHDL Version                                                       ; VHDL93             ; VHDL93             ;
; State Machine Processing                                           ; Auto               ; Auto               ;
; Safe State Machine                                                 ; Off                ; Off                ;
; Extract Verilog State Machines                                     ; On                 ; On                 ;
; Extract VHDL State Machines                                        ; On                 ; On                 ;
; Ignore Verilog initial constructs                                  ; Off                ; Off                ;
; Add Pass-Through Logic to Inferred RAMs                            ; On                 ; On                 ;
; DSP Block Balancing                                                ; Auto               ; Auto               ;
; Maximum DSP Block Usage                                            ; Unlimited          ; Unlimited          ;
; NOT Gate Push-Back                                                 ; On                 ; On                 ;
; Remove Redundant Logic Cells                                       ; Off                ; Off                ;
; Remove Duplicate Registers                                         ; On                 ; On                 ;
; Ignore CARRY Buffers                                               ; Off                ; Off                ;
; Ignore CASCADE Buffers                                             ; Off                ; Off                ;
; Ignore GLOBAL Buffers                                              ; Off                ; Off                ;
; Ignore ROW GLOBAL Buffers                                          ; Off                ; Off                ;
; Ignore LCELL Buffers                                               ; Off                ; Off                ;
; Ignore SOFT Buffers                                                ; On                 ; On                 ;
; Limit AHDL Integers to 32 Bits                                     ; Off                ; Off                ;
; Carry Chain Length -- Stratix/Stratix GX/Cyclone/MAX II/Cyclone II ; 70                 ; 70                 ;
; Auto Carry Chains                                                  ; On                 ; On                 ;
; Auto Open-Drain Pins                                               ; On                 ; On                 ;
; Perform WYSIWYG Primitive Resynthesis                              ; Off                ; Off                ;
; Perform gate-level register retiming                               ; Off                ; Off                ;
; Allow register retiming to trade off Tsu/Tco with Fmax             ; On                 ; On                 ;
; Auto ROM Replacement                                               ; On                 ; On                 ;
; Auto RAM Replacement                                               ; On                 ; On                 ;
; Auto Shift Register Replacement                                    ; On                 ; On                 ;
; Auto Clock Enable Replacement                                      ; On                 ; On                 ;
; Allow Synchronous Control Signals                                  ; On                 ; On                 ;
; Force Use of Synchronous Clear Signals                             ; Off                ; Off                ;
; Auto RAM to Logic Cell Conversion                                  ; Off                ; Off                ;
; Auto Resource Sharing                                              ; Off                ; Off                ;
; Allow Any RAM Size For Recognition                                 ; Off                ; Off                ;
; Allow Any ROM Size For Recognition                                 ; Off                ; Off                ;
; Allow Any Shift Register Size For Recognition                      ; Off                ; Off                ;
; Maximum Number of M4K/M9K Memory Blocks                            ; Unlimited          ; Unlimited          ;
; Ignore translate_off and synthesis_off directives                  ; Off                ; Off                ;
; Show Parameter Settings Tables in Synthesis Report                 ; On                 ; On                 ;
; Ignore Maximum Fan-Out Assignments                                 ; Off                ; Off                ;
; Retiming Meta-Stability Register Sequence Length                   ; 2                  ; 2                  ;
; PowerPlay Power Optimization                                       ; Normal compilation ; Normal compilation ;
; HDL message level                                                  ; Level2             ; Level2             ;
; Suppress Register Optimization Related Messages                    ; Off                ; Off                ;
; Number of Removed Registers Reported in Synthesis Report           ; 100                ; 100                ;
; Use smart compilation                                              ; Off                ; Off                ;
+--------------------------------------------------------------------+--------------------+--------------------+


+-------------------------------------------------------------------------------------------------------------------------------------------------------------------------+
; Analysis & Synthesis Source Files Read                                                                                                                                  ;
+----------------------------------+-----------------+------------------------------+-------------------------------------------------------------------------------------+
; File Name with User-Entered Path ; Used in Netlist ; File Type                    ; File Name with Absolute Path                                                        ;
+----------------------------------+-----------------+------------------------------+-------------------------------------------------------------------------------------+
; RAM_4096_dualport.v              ; yes             ; User Verilog HDL File        ; C:/HPSDR/trunk/VK6APH/Mercury_Spectrum_Analyser/Verilog code/RAM_4096_dualport.v    ;
; MercSpec.v                       ; yes             ; User Verilog HDL File        ; C:/HPSDR/trunk/VK6APH/Mercury_Spectrum_Analyser/Verilog code/MercSpec.v             ;
; altsyncram.tdf                   ; yes             ; Megafunction                 ; c:/altera/61/quartus/libraries/megafunctions/altsyncram.tdf                         ;
; stratix_ram_block.inc            ; yes             ; Megafunction                 ; c:/altera/61/quartus/libraries/megafunctions/stratix_ram_block.inc                  ;
; lpm_mux.inc                      ; yes             ; Megafunction                 ; c:/altera/61/quartus/libraries/megafunctions/lpm_mux.inc                            ;
; lpm_decode.inc                   ; yes             ; Megafunction                 ; c:/altera/61/quartus/libraries/megafunctions/lpm_decode.inc                         ;
; aglobal61.inc                    ; yes             ; Megafunction                 ; c:/altera/61/quartus/libraries/megafunctions/aglobal61.inc                          ;
; a_rdenreg.inc                    ; yes             ; Megafunction                 ; c:/altera/61/quartus/libraries/megafunctions/a_rdenreg.inc                          ;
; altrom.inc                       ; yes             ; Megafunction                 ; c:/altera/61/quartus/libraries/megafunctions/altrom.inc                             ;
; altram.inc                       ; yes             ; Megafunction                 ; c:/altera/61/quartus/libraries/megafunctions/altram.inc                             ;
; altdpram.inc                     ; yes             ; Megafunction                 ; C:/HPSDR/trunk/VK6APH/Mercury/megafunctions/altdpram.inc                            ;
; altqpram.inc                     ; yes             ; Megafunction                 ; c:/altera/61/quartus/libraries/megafunctions/altqpram.inc                           ;
; db/altsyncram_rkr1.tdf           ; yes             ; Auto-Generated Megafunction  ; C:/HPSDR/trunk/VK6APH/Mercury_Spectrum_Analyser/Verilog code/db/altsyncram_rkr1.tdf ;
; db/altsyncram_nsu1.tdf           ; yes             ; Auto-Generated Megafunction  ; C:/HPSDR/trunk/VK6APH/Mercury_Spectrum_Analyser/Verilog code/db/altsyncram_nsu1.tdf ;
+----------------------------------+-----------------+------------------------------+-------------------------------------------------------------------------------------+


+-----------------------------------------------------+
; Analysis & Synthesis Resource Usage Summary         ;
+---------------------------------------------+-------+
; Resource                                    ; Usage ;
+---------------------------------------------+-------+
; Estimated Total logic elements              ; 39    ;
;                                             ;       ;
; Total combinational functions               ; 39    ;
; Logic element usage by number of LUT inputs ;       ;
;     -- 4 input functions                    ; 1     ;
;     -- 3 input functions                    ; 2     ;
;     -- <=2 input functions                  ; 36    ;
;                                             ;       ;
; Logic elements by mode                      ;       ;
;     -- normal mode                          ; 29    ;
;     -- arithmetic mode                      ; 10    ;
;                                             ;       ;
; Total registers                             ; 16    ;
;     -- Dedicated logic registers            ; 16    ;
;     -- I/O registers                        ; 0     ;
;                                             ;       ;
; I/O pins                                    ; 46    ;
; Total memory bits                           ; 65536 ;
; Maximum fan-out node                        ; IFCLK ;
; Maximum fan-out                             ; 32    ;
; Total fan-out                               ; 358   ;
; Average fan-out                             ; 3.06  ;
+---------------------------------------------+-------+


+------------------------------------------------------------------------------------------------------------------------------------------------------------------------------------------------------------------------------------------------------------------------------------+
; Analysis & Synthesis Resource Utilization by Entity                                                                                                                                                                                                                                ;
+-------------------------------------------+-------------------+--------------+-------------+--------------+---------+-----------+------+--------------+----------------------------------------------------------------------------------------------------------------------------+
; Compilation Hierarchy Node                ; LC Combinationals ; LC Registers ; Memory Bits ; DSP Elements ; DSP 9x9 ; DSP 18x18 ; Pins ; Virtual Pins ; Full Hierarchy Name                                                                                                        ;
+-------------------------------------------+-------------------+--------------+-------------+--------------+---------+-----------+------+--------------+----------------------------------------------------------------------------------------------------------------------------+
; |MercSpec                                 ; 39 (39)           ; 16 (16)      ; 65536       ; 0            ; 0       ; 0         ; 46   ; 0            ; |MercSpec                                                                                                                  ;
;    |RAM_4096_dualport:RAM|                ; 0 (0)             ; 0 (0)        ; 65536       ; 0            ; 0       ; 0         ; 0    ; 0            ; |MercSpec|RAM_4096_dualport:RAM                                                                                            ;
;       |altsyncram:altsyncram_component|   ; 0 (0)             ; 0 (0)        ; 65536       ; 0            ; 0       ; 0         ; 0    ; 0            ; |MercSpec|RAM_4096_dualport:RAM|altsyncram:altsyncram_component                                                            ;
;          |altsyncram_rkr1:auto_generated| ; 0 (0)             ; 0 (0)        ; 65536       ; 0            ; 0       ; 0         ; 0    ; 0            ; |MercSpec|RAM_4096_dualport:RAM|altsyncram:altsyncram_component|altsyncram_rkr1:auto_generated                             ;
;             |altsyncram_nsu1:altsyncram1| ; 0 (0)             ; 0 (0)        ; 65536       ; 0            ; 0       ; 0         ; 0    ; 0            ; |MercSpec|RAM_4096_dualport:RAM|altsyncram:altsyncram_component|altsyncram_rkr1:auto_generated|altsyncram_nsu1:altsyncram1 ;
+-------------------------------------------+-------------------+--------------+-------------+--------------+---------+-----------+------+--------------+----------------------------------------------------------------------------------------------------------------------------+
Note: For table entries with two numbers listed, the numbers in parentheses indicate the number of resources of the given type used by the specific entity alone. The numbers listed outside of parentheses indicate the total resources of the given type used by the specific entity and all of its sub-entities in the hierarchy.


+------------------------------------------------------------------------------------------------------------------------------------------------------------------------------------------------------------------------------------------+
; Analysis & Synthesis RAM Summary                                                                                                                                                                                                         ;
+-----------------------------------------------------------------------------------------------------------------------------+------+----------------+--------------+--------------+--------------+--------------+-------+----------------+
; Name                                                                                                                        ; Type ; Mode           ; Port A Depth ; Port A Width ; Port B Depth ; Port B Width ; Size  ; MIF            ;
+-----------------------------------------------------------------------------------------------------------------------------+------+----------------+--------------+--------------+--------------+--------------+-------+----------------+
; RAM_4096_dualport:RAM|altsyncram:altsyncram_component|altsyncram_rkr1:auto_generated|altsyncram_nsu1:altsyncram1|ALTSYNCRAM ; AUTO ; True Dual Port ; 4096         ; 16           ; 4096         ; 16           ; 65536 ; sine_table.mif ;
+-----------------------------------------------------------------------------------------------------------------------------+------+----------------+--------------+--------------+--------------+--------------+-------+----------------+


+--------------------------------------------------------------------------------+
; Registers Removed During Synthesis                                             ;
+---------------------------------------+----------------------------------------+
; Register name                         ; Reason for Removal                     ;
+---------------------------------------+----------------------------------------+
; FIFO_ADR[0]~reg0                      ; Stuck at GND due to stuck port data_in ;
; SLOE~reg0                             ; Merged with FIFO_ADR[1]~reg0           ;
; FIFO_ADR[1]~reg0                      ; Merged with SLRD~reg0                  ;
; Total Number of Removed Registers = 3 ;                                        ;
+---------------------------------------+----------------------------------------+


+------------------------------------------------------+
; General Register Statistics                          ;
+----------------------------------------------+-------+
; Statistic                                    ; Value ;
+----------------------------------------------+-------+
; Total registers                              ; 16    ;
; Number of registers using Synchronous Clear  ; 0     ;
; Number of registers using Synchronous Load   ; 0     ;
; Number of registers using Asynchronous Clear ; 0     ;
; Number of registers using Asynchronous Load  ; 0     ;
; Number of registers using Clock Enable       ; 12    ;
; Number of registers using Preset             ; 0     ;
+----------------------------------------------+-------+


+---------------------------------------------------+
; Inverted Register Statistics                      ;
+-----------------------------------------+---------+
; Inverted Register                       ; Fan out ;
+-----------------------------------------+---------+
; address[0]                              ; 3       ;
; address[1]                              ; 2       ;
; address[2]                              ; 2       ;
; address[3]                              ; 2       ;
; address[4]                              ; 2       ;
; address[5]                              ; 2       ;
; address[6]                              ; 2       ;
; address[7]                              ; 2       ;
; address[8]                              ; 2       ;
; address[9]                              ; 2       ;
; address[10]                             ; 2       ;
; address[11]                             ; 2       ;
; Total number of inverted registers = 12 ;         ;
+-----------------------------------------+---------+


+-------------------------------------------------------------------------------------------------------------+
; Source assignments for RAM_4096_dualport:RAM|altsyncram:altsyncram_component|altsyncram_rkr1:auto_generated ;
+---------------------------------+--------------------+------+-----------------------------------------------+
; Assignment                      ; Value              ; From ; To                                            ;
+---------------------------------+--------------------+------+-----------------------------------------------+
; OPTIMIZE_POWER_DURING_SYNTHESIS ; NORMAL_COMPILATION ; -    ; -                                             ;
+---------------------------------+--------------------+------+-----------------------------------------------+


+-----------------------------------------------------------------------------------------------------------------------------------------+
; Source assignments for RAM_4096_dualport:RAM|altsyncram:altsyncram_component|altsyncram_rkr1:auto_generated|altsyncram_nsu1:altsyncram1 ;
+---------------------------------+--------------------+------+---------------------------------------------------------------------------+
; Assignment                      ; Value              ; From ; To                                                                        ;
+---------------------------------+--------------------+------+---------------------------------------------------------------------------+
; OPTIMIZE_POWER_DURING_SYNTHESIS ; NORMAL_COMPILATION ; -    ; -                                                                         ;
+---------------------------------+--------------------+------+---------------------------------------------------------------------------+


+----------------------------------------------------------------------------------------------------+
; Parameter Settings for User Entity Instance: RAM_4096_dualport:RAM|altsyncram:altsyncram_component ;
+------------------------------------+----------------------+----------------------------------------+
; Parameter Name                     ; Value                ; Type                                   ;
+------------------------------------+----------------------+----------------------------------------+
; BYTE_SIZE_BLOCK                    ; 8                    ; Untyped                                ;
; AUTO_CARRY_CHAINS                  ; ON                   ; AUTO_CARRY                             ;
; IGNORE_CARRY_BUFFERS               ; OFF                  ; IGNORE_CARRY                           ;
; AUTO_CASCADE_CHAINS                ; ON                   ; AUTO_CASCADE                           ;
; IGNORE_CASCADE_BUFFERS             ; OFF                  ; IGNORE_CASCADE                         ;
; OPERATION_MODE                     ; DUAL_PORT            ; Untyped                                ;
; WIDTH_A                            ; 16                   ; Signed Integer                         ;
; WIDTHAD_A                          ; 12                   ; Signed Integer                         ;
; NUMWORDS_A                         ; 4096                 ; Signed Integer                         ;
; OUTDATA_REG_A                      ; UNREGISTERED         ; Untyped                                ;
; ADDRESS_ACLR_A                     ; NONE                 ; Untyped                                ;
; OUTDATA_ACLR_A                     ; NONE                 ; Untyped                                ;
; WRCONTROL_ACLR_A                   ; NONE                 ; Untyped                                ;
; INDATA_ACLR_A                      ; NONE                 ; Untyped                                ;
; BYTEENA_ACLR_A                     ; NONE                 ; Untyped                                ;
; WIDTH_B                            ; 16                   ; Signed Integer                         ;
; WIDTHAD_B                          ; 12                   ; Signed Integer                         ;
; NUMWORDS_B                         ; 4096                 ; Signed Integer                         ;
; INDATA_REG_B                       ; CLOCK1               ; Untyped                                ;
; WRCONTROL_WRADDRESS_REG_B          ; CLOCK1               ; Untyped                                ;
; RDCONTROL_REG_B                    ; CLOCK1               ; Untyped                                ;
; ADDRESS_REG_B                      ; CLOCK1               ; Untyped                                ;
; OUTDATA_REG_B                      ; CLOCK1               ; Untyped                                ;
; BYTEENA_REG_B                      ; CLOCK1               ; Untyped                                ;
; INDATA_ACLR_B                      ; NONE                 ; Untyped                                ;
; WRCONTROL_ACLR_B                   ; NONE                 ; Untyped                                ;
; ADDRESS_ACLR_B                     ; NONE                 ; Untyped                                ;
; OUTDATA_ACLR_B                     ; NONE                 ; Untyped                                ;
; RDCONTROL_ACLR_B                   ; NONE                 ; Untyped                                ;
; BYTEENA_ACLR_B                     ; NONE                 ; Untyped                                ;
; WIDTH_BYTEENA_A                    ; 1                    ; Signed Integer                         ;
; WIDTH_BYTEENA_B                    ; 1                    ; Untyped                                ;
; RAM_BLOCK_TYPE                     ; AUTO                 ; Untyped                                ;
; BYTE_SIZE                          ; 8                    ; Untyped                                ;
; READ_DURING_WRITE_MODE_MIXED_PORTS ; DONT_CARE            ; Untyped                                ;
; READ_DURING_WRITE_MODE_PORT_A      ; NEW_DATA_NO_NBE_READ ; Untyped                                ;
; READ_DURING_WRITE_MODE_PORT_B      ; NEW_DATA_NO_NBE_READ ; Untyped                                ;
; INIT_FILE                          ; sine_table.mif       ; Untyped                                ;
; INIT_FILE_LAYOUT                   ; PORT_A               ; Untyped                                ;
; MAXIMUM_DEPTH                      ; 0                    ; Untyped                                ;
; CLOCK_ENABLE_INPUT_A               ; BYPASS               ; Untyped                                ;
; CLOCK_ENABLE_INPUT_B               ; BYPASS               ; Untyped                                ;
; CLOCK_ENABLE_OUTPUT_A              ; BYPASS               ; Untyped                                ;
; CLOCK_ENABLE_OUTPUT_B              ; BYPASS               ; Untyped                                ;
; CLOCK_ENABLE_CORE_A                ; USE_INPUT_CLKEN      ; Untyped                                ;
; CLOCK_ENABLE_CORE_B                ; USE_INPUT_CLKEN      ; Untyped                                ;
; ENABLE_ECC                         ; FALSE                ; Untyped                                ;
; DEVICE_FAMILY                      ; Cyclone II           ; Untyped                                ;
; CBXI_PARAMETER                     ; altsyncram_rkr1      ; Untyped                                ;
+------------------------------------+----------------------+----------------------------------------+
Note: In order to hide this table in the UI and the text report file, please set the "Show Parameter Settings Tables in Synthesis Report" option in "Analysis and Synthesis Settings -> More Settings" to "Off".


+-------------------------------+
; Analysis & Synthesis Messages ;
+-------------------------------+
Info: *******************************************************************
Info: Running Quartus II Analysis & Synthesis
    Info: Version 6.1 Build 201 11/27/2006 SJ Web Edition
    Info: Processing started: Sun Nov 11 22:02:37 2007
Info: Command: quartus_map --read_settings_files=on --write_settings_files=off Mercury -c Mercury
Info: Found 1 design units, including 1 entities, in source file RAM_4096_dualport.v
    Info: Found entity 1: RAM_4096_dualport
Info: Found 1 design units, including 1 entities, in source file ROM_4096.v
    Info: Found entity 1: ROM_4096
Info: Found 1 design units, including 1 entities, in source file RAM_4096.v
    Info: Found entity 1: RAM_4096
Info: Found 1 design units, including 1 entities, in source file MercSpec.v
    Info: Found entity 1: MercSpec
Info: Elaborating entity "MercSpec" for the top level hierarchy
Warning (10036): Verilog HDL or VHDL warning at MercSpec.v(53): object "SLEN" assigned a value but never read
Info: Elaborating entity "RAM_4096_dualport" for hierarchy "RAM_4096_dualport:RAM"
Info: Found 1 design units, including 1 entities, in source file ../../../../../altera/61/quartus/libraries/megafunctions/altsyncram.tdf
    Info: Found entity 1: altsyncram
Info: Elaborating entity "altsyncram" for hierarchy "RAM_4096_dualport:RAM|altsyncram:altsyncram_component"
Info: Elaborated megafunction instantiation "RAM_4096_dualport:RAM|altsyncram:altsyncram_component"
Info: Found 1 design units, including 1 entities, in source file db/altsyncram_rkr1.tdf
    Info: Found entity 1: altsyncram_rkr1
Info: Elaborating entity "altsyncram_rkr1" for hierarchy "RAM_4096_dualport:RAM|altsyncram:altsyncram_component|altsyncram_rkr1:auto_generated"
Info: Found 1 design units, including 1 entities, in source file db/altsyncram_nsu1.tdf
    Info: Found entity 1: altsyncram_nsu1
Info: Elaborating entity "altsyncram_nsu1" for hierarchy "RAM_4096_dualport:RAM|altsyncram:altsyncram_component|altsyncram_rkr1:auto_generated|altsyncram_nsu1:altsyncram1"
Warning: Port "data" on the entity instantiation of "RAM" is connected to a signal of width 1. The formal width of the signal in the module is 16.  Extra bits will be driven by GND.
Info: Duplicate registers merged to single register
    Info: Duplicate register "SLOE~reg0" merged to single register "FIFO_ADR[1]~reg0"
    Info: Duplicate register "FIFO_ADR[1]~reg0" merged to single register "SLRD~reg0"
Warning: Output pins are stuck at VCC or GND
    Warning: Pin "PKEND" stuck at VCC
    Warning: Pin "FIFO_ADR[0]" stuck at GND
    Warning: Pin "DEBUG_LED0" stuck at GND
    Warning: Pin "DEBUG_LED1" stuck at GND
    Warning: Pin "DEBUG_LED2" stuck at GND
    Warning: Pin "DEBUG_LED3" stuck at GND
Warning: Design contains 17 input pin(s) that do not drive logic
    Warning: No output dependent on input pin "ADC[0]"
    Warning: No output dependent on input pin "ADC[1]"
    Warning: No output dependent on input pin "ADC[2]"
    Warning: No output dependent on input pin "ADC[3]"
    Warning: No output dependent on input pin "ADC[4]"
    Warning: No output dependent on input pin "ADC[5]"
    Warning: No output dependent on input pin "ADC[6]"
    Warning: No output dependent on input pin "ADC[7]"
    Warning: No output dependent on input pin "ADC[8]"
    Warning: No output dependent on input pin "ADC[9]"
    Warning: No output dependent on input pin "ADC[10]"
    Warning: No output dependent on input pin "ADC[11]"
    Warning: No output dependent on input pin "ADC[12]"
    Warning: No output dependent on input pin "ADC[13]"
    Warning: No output dependent on input pin "ADC[14]"
    Warning: No output dependent on input pin "ADC[15]"
    Warning: No output dependent on input pin "FLAGA"
Info: Implemented 103 device resources after synthesis - the final resource count might be different
    Info: Implemented 20 input pins
    Info: Implemented 26 output pins
    Info: Implemented 41 logic cells
    Info: Implemented 16 RAM segments
Info: Quartus II Analysis & Synthesis was successful. 0 errors, 27 warnings
    Info: Allocated 128 megabytes of memory during processing
    Info: Processing ended: Sun Nov 11 22:02:39 2007
    Info: Elapsed time: 00:00:02


+------------------------------------------+
; Analysis & Synthesis Suppressed Messages ;
+------------------------------------------+
The suppressed messages can be found in C:/HPSDR/trunk/VK6APH/Mercury_Spectrum_Analyser/Verilog code/Mercury.map.smsg.


