Assembler report for Mercury
Sun Nov 11 22:03:02 2007
Quartus II Version 6.1 Build 201 11/27/2006 SJ Web Edition


---------------------
; Table of Contents ;
---------------------
  1. Legal Notice
  2. Assembler Summary
  3. Assembler Settings
  4. Assembler Generated Files
  5. Assembler Device Options: C:/HPSDR/trunk/VK6APH/Mercury_Spectrum_Analyser/Verilog code/Mercury.sof
  6. Assembler Device Options: C:/HPSDR/trunk/VK6APH/Mercury_Spectrum_Analyser/Verilog code/Mercury.pof
  7. Assembler Device Options: C:/HPSDR/trunk/VK6APH/Mercury_Spectrum_Analyser/Verilog code/Mercury.rbf
  8. Assembler Messages



----------------
; Legal Notice ;
----------------
Copyright (C) 1991-2006 Altera Corporation
Your use of Altera Corporation's design tools, logic functions 
and other software and tools, and its AMPP partner logic 
functions, and any output files from any of the foregoing 
(including device programming or simulation files), and any 
associated documentation or information are expressly subject 
to the terms and conditions of the Altera Program License 
Subscription Agreement, Altera MegaCore Function License 
Agreement, or other applicable license agreement, including, 
without limitation, that your use is for the sole purpose of 
programming logic devices manufactured by Altera and sold by 
Altera or its authorized distributors.  Please refer to the 
applicable agreement for further details.



+---------------------------------------------------------------+
; Assembler Summary                                             ;
+-----------------------+---------------------------------------+
; Assembler Status      ; Successful - Sun Nov 11 22:03:02 2007 ;
; Revision Name         ; Mercury                               ;
; Top-level Entity Name ; MercSpec                              ;
; Family                ; Cyclone II                            ;
; Device                ; EP2C8Q208C8                           ;
+-----------------------+---------------------------------------+


+-----------------------------------------------------------------------------------------------------------+
; Assembler Settings                                                                                        ;
+--------------------------------------------------------------------------------+----------+---------------+
; Option                                                                         ; Setting  ; Default Value ;
+--------------------------------------------------------------------------------+----------+---------------+
; Generate Raw Binary File (.rbf) For Target Device                              ; On       ; Off           ;
; Generate Serial Vector Format File (.svf) for Target Device                    ; Off      ; Off           ;
; Generate a JEDEC STAPL Format File (.jam) for Target Device                    ; Off      ; Off           ;
; Generate an uncompressed Jam STAPL Byte Code 2.0 File (.jbc) for Target Device ; Off      ; Off           ;
; Generate a compressed Jam STAPL Byte Code 2.0 File (.jbc) for Target Device    ; On       ; On            ;
; Generate compressed bitstreams                                                 ; On       ; On            ;
; Compression mode                                                               ; Off      ; Off           ;
; Clock source for configuration device                                          ; Internal ; Internal      ;
; Clock frequency of the configuration device                                    ; 10 MHZ   ; 10 MHz        ;
; Divide clock frequency by                                                      ; 1        ; 1             ;
; JTAG user code for target device                                               ; Ffffffff ; Ffffffff      ;
; Configuration device                                                           ; Auto     ; Auto          ;
; JTAG user code for configuration device                                        ; Ffffffff ; Ffffffff      ;
; Configuration device auto user code                                            ; Off      ; Off           ;
; Generate Tabular Text File (.ttf) For Target Device                            ; Off      ; Off           ;
; Generate Hexadecimal (Intel-Format) Output File (.hexout) for Target Device    ; Off      ; Off           ;
; Hexadecimal Output File start address                                          ; 0        ; 0             ;
; Hexadecimal Output File count direction                                        ; Up       ; Up            ;
; Release clears before tri-states                                               ; Off      ; Off           ;
; Auto-restart configuration after error                                         ; On       ; On            ;
; Maintain Compatibility with All Cyclone II M4K Versions                        ; On       ; On            ;
; Use smart compilation                                                          ; Off      ; Off           ;
+--------------------------------------------------------------------------------+----------+---------------+


+--------------------------------------------------------------------------+
; Assembler Generated Files                                                ;
+--------------------------------------------------------------------------+
; File Name                                                                ;
+--------------------------------------------------------------------------+
; C:/HPSDR/trunk/VK6APH/Mercury_Spectrum_Analyser/Verilog code/Mercury.sof ;
; C:/HPSDR/trunk/VK6APH/Mercury_Spectrum_Analyser/Verilog code/Mercury.pof ;
; C:/HPSDR/trunk/VK6APH/Mercury_Spectrum_Analyser/Verilog code/Mercury.rbf ;
+--------------------------------------------------------------------------+


+----------------------------------------------------------------------------------------------------+
; Assembler Device Options: C:/HPSDR/trunk/VK6APH/Mercury_Spectrum_Analyser/Verilog code/Mercury.sof ;
+----------------+-----------------------------------------------------------------------------------+
; Option         ; Setting                                                                           ;
+----------------+-----------------------------------------------------------------------------------+
; Device         ; EP2C8Q208C8                                                                       ;
; JTAG usercode  ; 0xFFFFFFFF                                                                        ;
; Checksum       ; 0x001D587A                                                                        ;
+----------------+-----------------------------------------------------------------------------------+


+----------------------------------------------------------------------------------------------------+
; Assembler Device Options: C:/HPSDR/trunk/VK6APH/Mercury_Spectrum_Analyser/Verilog code/Mercury.pof ;
+--------------------+-------------------------------------------------------------------------------+
; Option             ; Setting                                                                       ;
+--------------------+-------------------------------------------------------------------------------+
; Device             ; EPCS4                                                                         ;
; JTAG usercode      ; 0x00000000                                                                    ;
; Checksum           ; 0x06DA149B                                                                    ;
; Compression Ratio  ; 2                                                                             ;
+--------------------+-------------------------------------------------------------------------------+


+----------------------------------------------------------------------------------------------------+
; Assembler Device Options: C:/HPSDR/trunk/VK6APH/Mercury_Spectrum_Analyser/Verilog code/Mercury.rbf ;
+---------------------+------------------------------------------------------------------------------+
; Option              ; Setting                                                                      ;
+---------------------+------------------------------------------------------------------------------+
; Raw Binary File     ;                                                                              ;
;  Compression Ratio  ; 2                                                                            ;
+---------------------+------------------------------------------------------------------------------+


+--------------------+
; Assembler Messages ;
+--------------------+
Info: *******************************************************************
Info: Running Quartus II Assembler
    Info: Version 6.1 Build 201 11/27/2006 SJ Web Edition
    Info: Processing started: Sun Nov 11 22:02:54 2007
Info: Command: quartus_asm --read_settings_files=off --write_settings_files=off Mercury -c Mercury
Info: Fitter is using the Classic Timing Analyzer
Info: Detected fmax, tsu, tco, and/or tpd requirements -- optimizing circuit to achieve only the specified requirements
Info: Starting Vectorless Power Activity Estimation
Info: Completed Vectorless Power Activity Estimation
Info: Writing out detailed assembly data for power analysis
Info: Assembler is generating device programming files
Info: Quartus II Assembler was successful. 0 errors, 0 warnings
    Info: Allocated 127 megabytes of memory during processing
    Info: Processing ended: Sun Nov 11 22:03:02 2007
    Info: Elapsed time: 00:00:08


