Flow report for Cyclops
Sat Aug 29 15:41:18 2009
Quartus II Version 9.0 Build 132 02/25/2009 SJ Web Edition


---------------------
; Table of Contents ;
---------------------
  1. Legal Notice
  2. Flow Summary
  3. Flow Settings
  4. Flow Non-Default Global Settings
  5. Flow Elapsed Time
  6. Flow OS Summary
  7. Flow Log



----------------
; Legal Notice ;
----------------
Copyright (C) 1991-2009 Altera Corporation
Your use of Altera Corporation's design tools, logic functions 
and other software and tools, and its AMPP partner logic 
functions, and any output files from any of the foregoing 
(including device programming or simulation files), and any 
associated documentation or information are expressly subject 
to the terms and conditions of the Altera Program License 
Subscription Agreement, Altera MegaCore Function License 
Agreement, or other applicable license agreement, including, 
without limitation, that your use is for the sole purpose of 
programming logic devices manufactured by Altera and sold by 
Altera or its authorized distributors.  Please refer to the 
applicable agreement for further details.



+------------------------------------------------------------------------------+
; Flow Summary                                                                 ;
+------------------------------------+-----------------------------------------+
; Flow Status                        ; Successful - Sat Aug 29 15:41:18 2009   ;
; Quartus II Version                 ; 9.0 Build 132 02/25/2009 SJ Web Edition ;
; Revision Name                      ; Cyclops                                 ;
; Top-level Entity Name              ; Cyclops                                 ;
; Family                             ; Cyclone II                              ;
; Device                             ; EP2C8Q208C8                             ;
; Timing Models                      ; Final                                   ;
; Met timing requirements            ; No                                      ;
; Total logic elements               ; 4,577 / 8,256 ( 55 % )                  ;
;     Total combinational functions  ; 3,803 / 8,256 ( 46 % )                  ;
;     Dedicated logic registers      ; 2,761 / 8,256 ( 33 % )                  ;
; Total registers                    ; 2761                                    ;
; Total pins                         ; 90 / 138 ( 65 % )                       ;
; Total virtual pins                 ; 0                                       ;
; Total memory bits                  ; 114,688 / 165,888 ( 69 % )              ;
; Embedded Multiplier 9-bit elements ; 0 / 36 ( 0 % )                          ;
; Total PLLs                         ; 1 / 2 ( 50 % )                          ;
+------------------------------------+-----------------------------------------+


+-----------------------------------------+
; Flow Settings                           ;
+-------------------+---------------------+
; Option            ; Setting             ;
+-------------------+---------------------+
; Start date & time ; 08/29/2009 15:40:06 ;
; Main task         ; Compilation         ;
; Revision Name     ; Cyclops             ;
+-------------------+---------------------+


+-----------------------------------------------------------------------------------------------------------------------------------------------+
; Flow Non-Default Global Settings                                                                                                              ;
+------------------------------------+-----------------------------------------------------------+---------------+-------------+----------------+
; Assignment Name                    ; Value                                                     ; Default Value ; Entity Name ; Section Id     ;
+------------------------------------+-----------------------------------------------------------+---------------+-------------+----------------+
; ALLOW_POWER_UP_DONT_CARE           ; Off                                                       ; On            ; --          ; --             ;
; COMPILER_SIGNATURE_ID              ; 123483488765.125153160602104                              ; --            ; --          ; --             ;
; MAX_CORE_JUNCTION_TEMP             ; 85                                                        ; --            ; --          ; --             ;
; MIN_CORE_JUNCTION_TEMP             ; 0                                                         ; --            ; --          ; --             ;
; MISC_FILE                          ; O:/HPSDR/trunk/CyclopsII/Verilog Code/Cyclops/Cyclops.dpf ; --            ; --          ; --             ;
; PARTITION_COLOR                    ; 16764057                                                  ; --            ; --          ; Top            ;
; PARTITION_NETLIST_TYPE             ; SOURCE                                                    ; --            ; --          ; Top            ;
; USE_GENERATED_PHYSICAL_CONSTRAINTS ; Off                                                       ; --            ; --          ; eda_blast_fpga ;
+------------------------------------+-----------------------------------------------------------+---------------+-------------+----------------+


+-----------------------------------------------------------------------------------------------------------------------------+
; Flow Elapsed Time                                                                                                           ;
+-------------------------+--------------+-------------------------+---------------------+------------------------------------+
; Module Name             ; Elapsed Time ; Average Processors Used ; Peak Virtual Memory ; Total CPU Time (on all processors) ;
+-------------------------+--------------+-------------------------+---------------------+------------------------------------+
; Analysis & Synthesis    ; 00:00:25     ; 1.0                     ; 197 MB              ; 00:00:23                           ;
; Fitter                  ; 00:00:34     ; 1.0                     ; 199 MB              ; 00:00:33                           ;
; Assembler               ; 00:00:03     ; 1.0                     ; 172 MB              ; 00:00:03                           ;
; Classic Timing Analyzer ; 00:00:01     ; 1.0                     ; 150 MB              ; 00:00:02                           ;
; Total                   ; 00:01:03     ; --                      ; --                  ; 00:01:01                           ;
+-------------------------+--------------+-------------------------+---------------------+------------------------------------+


+---------------------------------------------------------------------------------------+
; Flow OS Summary                                                                       ;
+-------------------------+------------------+------------+------------+----------------+
; Module Name             ; Machine Hostname ; OS Name    ; OS Version ; Processor type ;
+-------------------------+------------------+------------+------------+----------------+
; Analysis & Synthesis    ; phil             ; Windows XP ; 5.1        ; i686           ;
; Fitter                  ; phil             ; Windows XP ; 5.1        ; i686           ;
; Assembler               ; phil             ; Windows XP ; 5.1        ; i686           ;
; Classic Timing Analyzer ; phil             ; Windows XP ; 5.1        ; i686           ;
+-------------------------+------------------+------------+------------+----------------+


------------
; Flow Log ;
------------
quartus_map --read_settings_files=on --write_settings_files=off Cyclops -c Cyclops
quartus_fit --read_settings_files=off --write_settings_files=off Cyclops -c Cyclops
quartus_asm --read_settings_files=off --write_settings_files=off Cyclops -c Cyclops
quartus_tan --read_settings_files=off --write_settings_files=off Cyclops -c Cyclops --timing_analysis_only



