C:\USERS\DOUG\DESKTOP\OPENHPSDR\W5WC\2015-02-18_PSDR_NR\2015-02-18_PSDR_NR\BIN\RELEASE\PA19.DLL
C:\USERS\DOUG\DESKTOP\OPENHPSDR\W5WC\2015-02-18_PSDR_NR\2015-02-18_PSDR_NR\LIB\PORTAUDIO_VS2008\BUILD\MSVC\WIN32\RELEASE\ASIO.OBJ
C:\USERS\DOUG\DESKTOP\OPENHPSDR\W5WC\2015-02-18_PSDR_NR\2015-02-18_PSDR_NR\LIB\PORTAUDIO_VS2008\BUILD\MSVC\WIN32\RELEASE\ASIOCONVERTSAMPLES.OBJ
C:\USERS\DOUG\DESKTOP\OPENHPSDR\W5WC\2015-02-18_PSDR_NR\2015-02-18_PSDR_NR\LIB\PORTAUDIO_VS2008\BUILD\MSVC\WIN32\RELEASE\ASIODRIVERS.OBJ
C:\USERS\DOUG\DESKTOP\OPENHPSDR\W5WC\2015-02-18_PSDR_NR\2015-02-18_PSDR_NR\LIB\PORTAUDIO_VS2008\BUILD\MSVC\WIN32\RELEASE\ASIOLIST.OBJ
C:\USERS\DOUG\DESKTOP\OPENHPSDR\W5WC\2015-02-18_PSDR_NR\2015-02-18_PSDR_NR\LIB\PORTAUDIO_VS2008\BUILD\MSVC\WIN32\RELEASE\COMBASE.OBJ
C:\USERS\DOUG\DESKTOP\OPENHPSDR\W5WC\2015-02-18_PSDR_NR\2015-02-18_PSDR_NR\LIB\PORTAUDIO_VS2008\BUILD\MSVC\WIN32\RELEASE\DEBUGMESSAGE.OBJ
C:\USERS\DOUG\DESKTOP\OPENHPSDR\W5WC\2015-02-18_PSDR_NR\2015-02-18_PSDR_NR\LIB\PORTAUDIO_VS2008\BUILD\MSVC\WIN32\RELEASE\IASIOTHISCALLRESOLVER.OBJ
C:\USERS\DOUG\DESKTOP\OPENHPSDR\W5WC\2015-02-18_PSDR_NR\2015-02-18_PSDR_NR\LIB\PORTAUDIO_VS2008\BUILD\MSVC\WIN32\RELEASE\PA_ALLOCATION.OBJ
C:\USERS\DOUG\DESKTOP\OPENHPSDR\W5WC\2015-02-18_PSDR_NR\2015-02-18_PSDR_NR\LIB\PORTAUDIO_VS2008\BUILD\MSVC\WIN32\RELEASE\PA_ASIO.OBJ
C:\USERS\DOUG\DESKTOP\OPENHPSDR\W5WC\2015-02-18_PSDR_NR\2015-02-18_PSDR_NR\LIB\PORTAUDIO_VS2008\BUILD\MSVC\WIN32\RELEASE\PA_CONVERTERS.OBJ
C:\USERS\DOUG\DESKTOP\OPENHPSDR\W5WC\2015-02-18_PSDR_NR\2015-02-18_PSDR_NR\LIB\PORTAUDIO_VS2008\BUILD\MSVC\WIN32\RELEASE\PA_CPULOAD.OBJ
C:\USERS\DOUG\DESKTOP\OPENHPSDR\W5WC\2015-02-18_PSDR_NR\2015-02-18_PSDR_NR\LIB\PORTAUDIO_VS2008\BUILD\MSVC\WIN32\RELEASE\PA_DEBUGPRINT.OBJ
C:\USERS\DOUG\DESKTOP\OPENHPSDR\W5WC\2015-02-18_PSDR_NR\2015-02-18_PSDR_NR\LIB\PORTAUDIO_VS2008\BUILD\MSVC\WIN32\RELEASE\PA_DITHER.OBJ
C:\USERS\DOUG\DESKTOP\OPENHPSDR\W5WC\2015-02-18_PSDR_NR\2015-02-18_PSDR_NR\LIB\PORTAUDIO_VS2008\BUILD\MSVC\WIN32\RELEASE\PA_FRONT.OBJ
C:\USERS\DOUG\DESKTOP\OPENHPSDR\W5WC\2015-02-18_PSDR_NR\2015-02-18_PSDR_NR\LIB\PORTAUDIO_VS2008\BUILD\MSVC\WIN32\RELEASE\PA_PROCESS.OBJ
C:\USERS\DOUG\DESKTOP\OPENHPSDR\W5WC\2015-02-18_PSDR_NR\2015-02-18_PSDR_NR\LIB\PORTAUDIO_VS2008\BUILD\MSVC\WIN32\RELEASE\PA_RINGBUFFER.OBJ
C:\USERS\DOUG\DESKTOP\OPENHPSDR\W5WC\2015-02-18_PSDR_NR\2015-02-18_PSDR_NR\LIB\PORTAUDIO_VS2008\BUILD\MSVC\WIN32\RELEASE\PA_SKELETON.OBJ
C:\USERS\DOUG\DESKTOP\OPENHPSDR\W5WC\2015-02-18_PSDR_NR\2015-02-18_PSDR_NR\LIB\PORTAUDIO_VS2008\BUILD\MSVC\WIN32\RELEASE\PA_STREAM.OBJ
C:\USERS\DOUG\DESKTOP\OPENHPSDR\W5WC\2015-02-18_PSDR_NR\2015-02-18_PSDR_NR\LIB\PORTAUDIO_VS2008\BUILD\MSVC\WIN32\RELEASE\PA_TRACE.OBJ
C:\USERS\DOUG\DESKTOP\OPENHPSDR\W5WC\2015-02-18_PSDR_NR\2015-02-18_PSDR_NR\LIB\PORTAUDIO_VS2008\BUILD\MSVC\WIN32\RELEASE\PA_WIN_DS.OBJ
C:\USERS\DOUG\DESKTOP\OPENHPSDR\W5WC\2015-02-18_PSDR_NR\2015-02-18_PSDR_NR\LIB\PORTAUDIO_VS2008\BUILD\MSVC\WIN32\RELEASE\PA_WIN_DS_DYNLINK.OBJ
C:\USERS\DOUG\DESKTOP\OPENHPSDR\W5WC\2015-02-18_PSDR_NR\2015-02-18_PSDR_NR\LIB\PORTAUDIO_VS2008\BUILD\MSVC\WIN32\RELEASE\PA_WIN_HOSTAPIS.OBJ
C:\USERS\DOUG\DESKTOP\OPENHPSDR\W5WC\2015-02-18_PSDR_NR\2015-02-18_PSDR_NR\LIB\PORTAUDIO_VS2008\BUILD\MSVC\WIN32\RELEASE\PA_WIN_UTIL.OBJ
C:\USERS\DOUG\DESKTOP\OPENHPSDR\W5WC\2015-02-18_PSDR_NR\2015-02-18_PSDR_NR\LIB\PORTAUDIO_VS2008\BUILD\MSVC\WIN32\RELEASE\PA_WIN_WASAPI.OBJ
C:\USERS\DOUG\DESKTOP\OPENHPSDR\W5WC\2015-02-18_PSDR_NR\2015-02-18_PSDR_NR\LIB\PORTAUDIO_VS2008\BUILD\MSVC\WIN32\RELEASE\PA_WIN_WAVEFORMAT.OBJ
C:\USERS\DOUG\DESKTOP\OPENHPSDR\W5WC\2015-02-18_PSDR_NR\2015-02-18_PSDR_NR\LIB\PORTAUDIO_VS2008\BUILD\MSVC\WIN32\RELEASE\PA_WIN_WDMKS.OBJ
C:\USERS\DOUG\DESKTOP\OPENHPSDR\W5WC\2015-02-18_PSDR_NR\2015-02-18_PSDR_NR\LIB\PORTAUDIO_VS2008\BUILD\MSVC\WIN32\RELEASE\PA_WIN_WDMKS_UTILS.OBJ
C:\USERS\DOUG\DESKTOP\OPENHPSDR\W5WC\2015-02-18_PSDR_NR\2015-02-18_PSDR_NR\LIB\PORTAUDIO_VS2008\BUILD\MSVC\WIN32\RELEASE\PA_WIN_WMME.OBJ
C:\USERS\DOUG\DESKTOP\OPENHPSDR\W5WC\2015-02-18_PSDR_NR\2015-02-18_PSDR_NR\LIB\PORTAUDIO_VS2008\BUILD\MSVC\WIN32\RELEASE\PA_X86_PLAIN_CONVERTERS.OBJ
C:\Users\Doug\Desktop\OpenHPSDR\W5WC\2015-02-18_PSDR_NR\2015-02-18_PSDR_NR\lib\portaudio_VS2008\build\msvc\Win32\Release\PA19.exp
C:\Users\Doug\Desktop\OpenHPSDR\W5WC\2015-02-18_PSDR_NR\2015-02-18_PSDR_NR\lib\portaudio_VS2008\build\msvc\Win32\Release\PA19.lib
C:\USERS\DOUG\DESKTOP\OPENHPSDR\W5WC\2015-02-18_PSDR_NR\2015-02-18_PSDR_NR\LIB\PORTAUDIO_VS2008\BUILD\MSVC\WIN32\RELEASE\PA19.OBJ
C:\USERS\DOUG\DESKTOP\OPENHPSDR\W5WC\2015-02-18_PSDR_NR\2015-02-18_PSDR_NR\LIB\PORTAUDIO_VS2008\BUILD\MSVC\WIN32\RELEASE\PORTAUDIO.DLL.INTERMEDIATE.MANIFEST
C:\USERS\DOUG\DESKTOP\OPENHPSDR\W5WC\2015-02-18_PSDR_NR\2015-02-18_PSDR_NR\LIB\PORTAUDIO_VS2008\BUILD\MSVC\WIN32\RELEASE\REGISTER.OBJ
C:\USERS\DOUG\DESKTOP\OPENHPSDR\W5WC\2015-02-18_PSDR_NR\2015-02-18_PSDR_NR\LIB\PORTAUDIO_VS2008\BUILD\MSVC\WIN32\RELEASE\VC100.PDB
C:\Users\Doug\Desktop\OpenHPSDR\W5WC\PowerSDR_HPSDR_mRX_PS\lib\portaudio_VS2008\build\msvc\Win32\Release\asio.obj
C:\Users\Doug\Desktop\OpenHPSDR\W5WC\PowerSDR_HPSDR_mRX_PS\lib\portaudio_VS2008\build\msvc\Win32\Release\ASIOConvertSamples.obj
C:\Users\Doug\Desktop\OpenHPSDR\W5WC\PowerSDR_HPSDR_mRX_PS\lib\portaudio_VS2008\build\msvc\Win32\Release\asiodrivers.obj
C:\Users\Doug\Desktop\OpenHPSDR\W5WC\PowerSDR_HPSDR_mRX_PS\lib\portaudio_VS2008\build\msvc\Win32\Release\asiolist.obj
C:\Users\Doug\Desktop\OpenHPSDR\W5WC\PowerSDR_HPSDR_mRX_PS\lib\portaudio_VS2008\build\msvc\Win32\Release\cl.command.1.tlog
C:\Users\Doug\Desktop\OpenHPSDR\W5WC\PowerSDR_HPSDR_mRX_PS\lib\portaudio_VS2008\build\msvc\Win32\Release\CL.read.1.tlog
C:\Users\Doug\Desktop\OpenHPSDR\W5WC\PowerSDR_HPSDR_mRX_PS\lib\portaudio_VS2008\build\msvc\Win32\Release\CL.write.1.tlog
C:\Users\Doug\Desktop\OpenHPSDR\W5WC\PowerSDR_HPSDR_mRX_PS\lib\portaudio_VS2008\build\msvc\Win32\Release\combase.obj
C:\Users\Doug\Desktop\OpenHPSDR\W5WC\PowerSDR_HPSDR_mRX_PS\lib\portaudio_VS2008\build\msvc\Win32\Release\debugmessage.obj
C:\Users\Doug\Desktop\OpenHPSDR\W5WC\PowerSDR_HPSDR_mRX_PS\lib\portaudio_VS2008\build\msvc\Win32\Release\iasiothiscallresolver.obj
C:\Users\Doug\Desktop\OpenHPSDR\W5WC\PowerSDR_HPSDR_mRX_PS\lib\portaudio_VS2008\build\msvc\Win32\Release\link.command.1.tlog
C:\Users\Doug\Desktop\OpenHPSDR\W5WC\PowerSDR_HPSDR_mRX_PS\lib\portaudio_VS2008\build\msvc\Win32\Release\link.read.1.tlog
C:\Users\Doug\Desktop\OpenHPSDR\W5WC\PowerSDR_HPSDR_mRX_PS\lib\portaudio_VS2008\build\msvc\Win32\Release\link.write.1.tlog
C:\Users\Doug\Desktop\OpenHPSDR\W5WC\PowerSDR_HPSDR_mRX_PS\lib\portaudio_VS2008\build\msvc\Win32\Release\mt.command.1.tlog
C:\Users\Doug\Desktop\OpenHPSDR\W5WC\PowerSDR_HPSDR_mRX_PS\lib\portaudio_VS2008\build\msvc\Win32\Release\mt.read.1.tlog
C:\Users\Doug\Desktop\OpenHPSDR\W5WC\PowerSDR_HPSDR_mRX_PS\lib\portaudio_VS2008\build\msvc\Win32\Release\mt.write.1.tlog
C:\Users\Doug\Desktop\OpenHPSDR\W5WC\PowerSDR_HPSDR_mRX_PS\lib\portaudio_VS2008\build\msvc\Win32\Release\pa_allocation.obj
C:\Users\Doug\Desktop\OpenHPSDR\W5WC\PowerSDR_HPSDR_mRX_PS\lib\portaudio_VS2008\build\msvc\Win32\Release\pa_asio.obj
C:\Users\Doug\Desktop\OpenHPSDR\W5WC\PowerSDR_HPSDR_mRX_PS\lib\portaudio_VS2008\build\msvc\Win32\Release\pa_converters.obj
C:\Users\Doug\Desktop\OpenHPSDR\W5WC\PowerSDR_HPSDR_mRX_PS\lib\portaudio_VS2008\build\msvc\Win32\Release\pa_cpuload.obj
C:\Users\Doug\Desktop\OpenHPSDR\W5WC\PowerSDR_HPSDR_mRX_PS\lib\portaudio_VS2008\build\msvc\Win32\Release\pa_debugprint.obj
C:\Users\Doug\Desktop\OpenHPSDR\W5WC\PowerSDR_HPSDR_mRX_PS\lib\portaudio_VS2008\build\msvc\Win32\Release\pa_dither.obj
C:\Users\Doug\Desktop\OpenHPSDR\W5WC\PowerSDR_HPSDR_mRX_PS\lib\portaudio_VS2008\build\msvc\Win32\Release\pa_front.obj
C:\Users\Doug\Desktop\OpenHPSDR\W5WC\PowerSDR_HPSDR_mRX_PS\lib\portaudio_VS2008\build\msvc\Win32\Release\pa_process.obj
C:\Users\Doug\Desktop\OpenHPSDR\W5WC\PowerSDR_HPSDR_mRX_PS\lib\portaudio_VS2008\build\msvc\Win32\Release\pa_ringbuffer.obj
C:\Users\Doug\Desktop\OpenHPSDR\W5WC\PowerSDR_HPSDR_mRX_PS\lib\portaudio_VS2008\build\msvc\Win32\Release\pa_skeleton.obj
C:\Users\Doug\Desktop\OpenHPSDR\W5WC\PowerSDR_HPSDR_mRX_PS\lib\portaudio_VS2008\build\msvc\Win32\Release\pa_stream.obj
C:\Users\Doug\Desktop\OpenHPSDR\W5WC\PowerSDR_HPSDR_mRX_PS\lib\portaudio_VS2008\build\msvc\Win32\Release\pa_trace.obj
C:\Users\Doug\Desktop\OpenHPSDR\W5WC\PowerSDR_HPSDR_mRX_PS\lib\portaudio_VS2008\build\msvc\Win32\Release\pa_win_ds.obj
C:\Users\Doug\Desktop\OpenHPSDR\W5WC\PowerSDR_HPSDR_mRX_PS\lib\portaudio_VS2008\build\msvc\Win32\Release\pa_win_ds_dynlink.obj
C:\Users\Doug\Desktop\OpenHPSDR\W5WC\PowerSDR_HPSDR_mRX_PS\lib\portaudio_VS2008\build\msvc\Win32\Release\pa_win_hostapis.obj
C:\Users\Doug\Desktop\OpenHPSDR\W5WC\PowerSDR_HPSDR_mRX_PS\lib\portaudio_VS2008\build\msvc\Win32\Release\pa_win_util.obj
C:\Users\Doug\Desktop\OpenHPSDR\W5WC\PowerSDR_HPSDR_mRX_PS\lib\portaudio_VS2008\build\msvc\Win32\Release\pa_win_wasapi.obj
C:\Users\Doug\Desktop\OpenHPSDR\W5WC\PowerSDR_HPSDR_mRX_PS\lib\portaudio_VS2008\build\msvc\Win32\Release\pa_win_waveformat.obj
C:\Users\Doug\Desktop\OpenHPSDR\W5WC\PowerSDR_HPSDR_mRX_PS\lib\portaudio_VS2008\build\msvc\Win32\Release\pa_win_wdmks.obj
C:\Users\Doug\Desktop\OpenHPSDR\W5WC\PowerSDR_HPSDR_mRX_PS\lib\portaudio_VS2008\build\msvc\Win32\Release\pa_win_wdmks_utils.obj
C:\Users\Doug\Desktop\OpenHPSDR\W5WC\PowerSDR_HPSDR_mRX_PS\lib\portaudio_VS2008\build\msvc\Win32\Release\pa_win_wmme.obj
C:\Users\Doug\Desktop\OpenHPSDR\W5WC\PowerSDR_HPSDR_mRX_PS\lib\portaudio_VS2008\build\msvc\Win32\Release\pa_x86_plain_converters.obj
C:\Users\Doug\Desktop\OpenHPSDR\W5WC\PowerSDR_HPSDR_mRX_PS\lib\portaudio_VS2008\build\msvc\Win32\Release\PA19.exp
C:\Users\Doug\Desktop\OpenHPSDR\W5WC\PowerSDR_HPSDR_mRX_PS\lib\portaudio_VS2008\build\msvc\Win32\Release\PA19.obj
C:\Users\Doug\Desktop\OpenHPSDR\W5WC\PowerSDR_HPSDR_mRX_PS\lib\portaudio_VS2008\build\msvc\Win32\Release\portaudio.dll.intermediate.manifest
C:\Users\Doug\Desktop\OpenHPSDR\W5WC\PowerSDR_HPSDR_mRX_PS\lib\portaudio_VS2008\build\msvc\Win32\Release\portaudio.write.1.tlog
C:\Users\Doug\Desktop\OpenHPSDR\W5WC\PowerSDR_HPSDR_mRX_PS\lib\portaudio_VS2008\build\msvc\Win32\Release\register.obj
C:\Users\Doug\Desktop\OpenHPSDR\W5WC\PowerSDR_HPSDR_mRX_PS\lib\portaudio_VS2008\build\msvc\Win32\Release\vc100.pdb
