  pa_allocation.c
  pa_converters.c
  pa_cpuload.c
  pa_debugprint.c
  pa_dither.c
  pa_front.c
  pa_process.c
  pa_ringbuffer.c
  pa_skeleton.c
  pa_stream.c
  pa_trace.c
  pa_win_ds.c
  pa_win_ds_dynlink.c
  pa_win_wmme.c
  pa_win_wasapi.c
  pa_win_wdmks.c
  pa_win_hostapis.c
  pa_win_util.c
  pa_win_waveformat.c
  pa_win_wdmks_utils.c
  Generating Code...
  Compiling...
  pa_x86_plain_converters.c
  Generating Code...
  iasiothiscallresolver.cpp
  asio.cpp
  combase.cpp
  debugmessage.cpp
  register.cpp
  ASIOConvertSamples.cpp
  asiodrivers.cpp
  asiolist.cpp
  PA19.cpp
  Generating Code...
  pa_asio.cpp
C:\Program Files (x86)\MSBuild\Microsoft.Cpp\v4.0\Microsoft.CppBuild.targets(990,5): warning MSB8012: TargetPath(C:\Users\Doug\Desktop\OpenHPSDR\W5WC\PowerSDR_HPSDR_mRX_PS\lib\portaudio_VS2008\build\msvc\Win32\Release\portaudio.dll) does not match the Linker's OutputFile property value (C:\Users\Doug\Desktop\OpenHPSDR\W5WC\PowerSDR_HPSDR_mRX_PS\bin\Release\PA19.dll). This may cause your project to build incorrectly. To correct this, please make sure that $(OutDir), $(TargetName) and $(TargetExt) property values match the value specified in %(Link.OutputFile).
C:\Program Files (x86)\MSBuild\Microsoft.Cpp\v4.0\Microsoft.CppBuild.targets(992,5): warning MSB8012: TargetName(portaudio) does not match the Linker's OutputFile property value (PA19). This may cause your project to build incorrectly. To correct this, please make sure that $(OutDir), $(TargetName) and $(TargetExt) property values match the value specified in %(Link.OutputFile).
     Creating library Win32\Release\PA19.lib and object Win32\Release\PA19.exp
  portaudio.vcxproj -> C:\Users\Doug\Desktop\OpenHPSDR\W5WC\PowerSDR_HPSDR_mRX_PS\lib\portaudio_VS2008\build\msvc\Win32\Release\portaudio.dll
