Flow report for Hermes
Sun Sep 23 19:28:43 2012
Quartus II 32-bit Version 11.1 Build 259 01/25/2012 Service Pack 2.11 SJ Web Edition


---------------------
; Table of Contents ;
---------------------
  1. Legal Notice
  2. Flow Summary
  3. Flow Settings
  4. Flow Non-Default Global Settings
  5. Flow Elapsed Time
  6. Flow OS Summary
  7. Flow Log



----------------
; Legal Notice ;
----------------
Copyright (C) 1991-2011 Altera Corporation
Your use of Altera Corporation's design tools, logic functions 
and other software and tools, and its AMPP partner logic 
functions, and any output files from any of the foregoing 
(including device programming or simulation files), and any 
associated documentation or information are expressly subject 
to the terms and conditions of the Altera Program License 
Subscription Agreement, Altera MegaCore Function License 
Agreement, or other applicable license agreement, including, 
without limitation, that your use is for the sole purpose of 
programming logic devices manufactured by Altera and sold by 
Altera or its authorized distributors.  Please refer to the 
applicable agreement for further details.



+---------------------------------------------------------------------------------------+
; Flow Summary                                                                          ;
+------------------------------------+--------------------------------------------------+
; Flow Status                        ; Successful - Sun Sep 23 19:27:42 2012            ;
; Quartus II 32-bit Version          ; 11.1 Build 259 01/25/2012 SP 2.11 SJ Web Edition ;
; Revision Name                      ; Hermes                                           ;
; Top-level Entity Name              ; Hermes                                           ;
; Family                             ; Cyclone III                                      ;
; Device                             ; EP3C40Q240C8                                     ;
; Timing Models                      ; Final                                            ;
; Total logic elements               ; 26,341 / 39,600 ( 67 % )                         ;
;     Total combinational functions  ; 21,327 / 39,600 ( 54 % )                         ;
;     Dedicated logic registers      ; 19,435 / 39,600 ( 49 % )                         ;
; Total registers                    ; 19435                                            ;
; Total pins                         ; 119 / 129 ( 92 % )                               ;
; Total virtual pins                 ; 0                                                ;
; Total memory bits                  ; 525,112 / 1,161,216 ( 45 % )                     ;
; Embedded Multiplier 9-bit elements ; 60 / 252 ( 24 % )                                ;
; Total PLLs                         ; 4 / 4 ( 100 % )                                  ;
+------------------------------------+--------------------------------------------------+


+-----------------------------------------+
; Flow Settings                           ;
+-------------------+---------------------+
; Option            ; Setting             ;
+-------------------+---------------------+
; Start date & time ; 09/23/2012 19:20:20 ;
; Main task         ; Compilation         ;
; Revision Name     ; Hermes              ;
+-------------------+---------------------+


+--------------------------------------------------------------------------------------------------------------------------------------------------+
; Flow Non-Default Global Settings                                                                                                                 ;
+-------------------------------------+-----------------------------------------------------------------+---------------+-------------+------------+
; Assignment Name                     ; Value                                                           ; Default Value ; Entity Name ; Section Id ;
+-------------------------------------+-----------------------------------------------------------------+---------------+-------------+------------+
; ALLOW_POWER_UP_DONT_CARE            ; Off                                                             ; On            ; --          ; --         ;
; COMPILER_SIGNATURE_ID               ; 345974995857.134844962000312                                    ; --            ; --          ; --         ;
; IP_TOOL_NAME                        ; ALTPLL                                                          ; --            ; --          ; --         ;
; IP_TOOL_NAME                        ; ALTPLL                                                          ; --            ; --          ; --         ;
; IP_TOOL_NAME                        ; FIFO                                                            ; --            ; --          ; --         ;
; IP_TOOL_VERSION                     ; 11.1                                                            ; --            ; --          ; --         ;
; IP_TOOL_VERSION                     ; 9.1                                                             ; --            ; --          ; --         ;
; IP_TOOL_VERSION                     ; 11.1                                                            ; --            ; --          ; --         ;
; MAX_CORE_JUNCTION_TEMP              ; 85                                                              ; --            ; --          ; --         ;
; MIN_CORE_JUNCTION_TEMP              ; 0                                                               ; --            ; --          ; --         ;
; MISC_FILE                           ; Hermes.dpf                                                      ; --            ; --          ; --         ;
; MISC_FILE                           ; C:/HPSDR/trunk/WIP/Hermes/Verilog-Hermes-Apollo-USB/Hermes.dpf  ; --            ; --          ; --         ;
; MISC_FILE                           ; E:/HPSDR/WIP/Hermes/Verilog-Hermes-Ethenet/Hermes.dpf           ; --            ; --          ; --         ;
; MISC_FILE                           ; C:/HPSDR/trunk/WIP/Ethernet_Hermes/Verilog/Hermes.dpf           ; --            ; --          ; --         ;
; MISC_FILE                           ; E:/HPSDR/WIP/Ethernet_Hermes/Verilog/Hermes.dpf                 ; --            ; --          ; --         ;
; MISC_FILE                           ; E:/HPSDR/trunk/Hermes/Source/Hermes_V1.4/Hermes.dpf             ; --            ; --          ; --         ;
; MISC_FILE                           ; E:/HPSDR/trunk/Hermes/Source/Hermes_V1.5/Hermes.dpf             ; --            ; --          ; --         ;
; MISC_FILE                           ; E:/HPSDR/trunk/Hermes/Source/Hermes_V1.7 Development/Hermes.dpf ; --            ; --          ; --         ;
; MISC_FILE                           ; PLL_IF.ppf                                                      ; --            ; --          ; --         ;
; MISC_FILE                           ; PLL_clocks.bsf                                                  ; --            ; --          ; --         ;
; MISC_FILE                           ; PLL_clocks.ppf                                                  ; --            ; --          ; --         ;
; MISC_FILE                           ; C:/Users/Joe Martin/Desktop/Hermes_v1.8/Hermes.dpf              ; --            ; --          ; --         ;
; OUTPUT_IO_TIMING_FAR_END_VMEAS      ; Half Signal Swing                                               ; --            ; --          ; --         ;
; OUTPUT_IO_TIMING_FAR_END_VMEAS      ; Half Signal Swing                                               ; --            ; --          ; --         ;
; OUTPUT_IO_TIMING_NEAR_END_VMEAS     ; Half Vccio                                                      ; --            ; --          ; --         ;
; OUTPUT_IO_TIMING_NEAR_END_VMEAS     ; Half Vccio                                                      ; --            ; --          ; --         ;
; PARTITION_COLOR                     ; 16764057                                                        ; --            ; --          ; Top        ;
; PARTITION_FITTER_PRESERVATION_LEVEL ; PLACEMENT_AND_ROUTING                                           ; --            ; --          ; Top        ;
; PARTITION_NETLIST_TYPE              ; SOURCE                                                          ; --            ; --          ; Top        ;
; POWER_BOARD_THERMAL_MODEL           ; None (CONSERVATIVE)                                             ; --            ; --          ; --         ;
; POWER_PRESET_COOLING_SOLUTION       ; 23 MM HEAT SINK WITH 200 LFPM AIRFLOW                           ; --            ; --          ; --         ;
; VERILOG_INPUT_VERSION               ; SystemVerilog_2005                                              ; Verilog_2001  ; --          ; --         ;
; VERILOG_SHOW_LMF_MAPPING_MESSAGES   ; Off                                                             ; --            ; --          ; --         ;
+-------------------------------------+-----------------------------------------------------------------+---------------+-------------+------------+


+-------------------------------------------------------------------------------------------------------------------------------+
; Flow Elapsed Time                                                                                                             ;
+---------------------------+--------------+-------------------------+---------------------+------------------------------------+
; Module Name               ; Elapsed Time ; Average Processors Used ; Peak Virtual Memory ; Total CPU Time (on all processors) ;
+---------------------------+--------------+-------------------------+---------------------+------------------------------------+
; Analysis & Synthesis      ; 00:03:11     ; 1.0                     ; 485 MB              ; 00:03:10                           ;
; Fitter                    ; 00:03:43     ; 1.0                     ; 629 MB              ; 00:03:43                           ;
; Assembler                 ; 00:00:07     ; 1.0                     ; 397 MB              ; 00:00:07                           ;
; TimeQuest Timing Analyzer ; 00:01:08     ; 1.0                     ; 506 MB              ; 00:01:07                           ;
; Total                     ; 00:08:09     ; --                      ; --                  ; 00:08:07                           ;
+---------------------------+--------------+-------------------------+---------------------+------------------------------------+


+----------------------------------------------------------------------------------------+
; Flow OS Summary                                                                        ;
+---------------------------+------------------+-----------+------------+----------------+
; Module Name               ; Machine Hostname ; OS Name   ; OS Version ; Processor type ;
+---------------------------+------------------+-----------+------------+----------------+
; Analysis & Synthesis      ; JoeMartin-PC     ; Windows 7 ; 6.1        ; x86_64         ;
; Fitter                    ; JoeMartin-PC     ; Windows 7 ; 6.1        ; x86_64         ;
; Assembler                 ; JoeMartin-PC     ; Windows 7 ; 6.1        ; x86_64         ;
; TimeQuest Timing Analyzer ; JoeMartin-PC     ; Windows 7 ; 6.1        ; x86_64         ;
+---------------------------+------------------+-----------+------------+----------------+


------------
; Flow Log ;
------------
quartus_map --read_settings_files=on --write_settings_files=off Hermes -c Hermes
quartus_fit --read_settings_files=off --write_settings_files=off Hermes -c Hermes
quartus_asm --read_settings_files=off --write_settings_files=off Hermes -c Hermes
quartus_sta Hermes -c Hermes



