This file contains any messages produced by compilers while
running configure, to aid debugging if configure makes a mistake.

It was created by hpsdr_ozy configure 0.1, which was
generated by GNU Autoconf 2.61.  Invocation command line was

  $ ./configure --enable-maintainer-mode

## --------- ##
## Platform. ##
## --------- ##

hostname = radio
uname -m = x86_64
uname -r = 2.6.23.1
uname -s = Linux
uname -v = #3 PREEMPT Mon Oct 15 20:25:32 IST 2007

/usr/bin/uname -p = unknown
/bin/uname -X     = unknown

/bin/arch              = unknown
/usr/bin/arch -k       = unknown
/usr/convex/getsysinfo = unknown
/usr/bin/hostinfo      = unknown
/bin/machine           = unknown
/usr/bin/oslevel       = unknown
/bin/universe          = unknown

PATH: /usr/local/bin
PATH: /usr/bin
PATH: /bin
PATH: /usr/bin/X11
PATH: /usr/games


## ----------- ##
## Core tests. ##
## ----------- ##

configure:1805: checking build system type
configure:1823: result: x86_64-unknown-linux-gnu
configure:1845: checking host system type
configure:1860: result: x86_64-unknown-linux-gnu
configure:1882: checking target system type
configure:1897: result: x86_64-unknown-linux-gnu
configure:1975: checking for gcc
configure:1991: found /usr/bin/gcc
configure:2002: result: gcc
configure:2240: checking for C compiler version
configure:2247: gcc --version >&5
gcc (GCC) 4.2.3 20071014 (prerelease) (Debian 4.2.2-3)
Copyright (C) 2007 Free Software Foundation, Inc.
This is free software; see the source for copying conditions.  There is NO
warranty; not even for MERCHANTABILITY or FITNESS FOR A PARTICULAR PURPOSE.

configure:2250: $? = 0
configure:2257: gcc -v >&5
Using built-in specs.
Target: x86_64-linux-gnu
Configured with: ../src/configure -v --enable-languages=c,c++,fortran,objc,obj-c++,treelang --prefix=/usr --enable-shared --with-system-zlib --libexecdir=/usr/lib --without-included-gettext --enable-threads=posix --enable-nls --with-gxx-include-dir=/usr/include/c++/4.2 --program-suffix=-4.2 --enable-clocale=gnu --enable-libstdcxx-debug --enable-mpfr --enable-checking=release --build=x86_64-linux-gnu --host=x86_64-linux-gnu --target=x86_64-linux-gnu
Thread model: posix
gcc version 4.2.3 20071014 (prerelease) (Debian 4.2.2-3)
configure:2260: $? = 0
configure:2267: gcc -V >&5
gcc: '-V' option must have argument
configure:2270: $? = 1
configure:2293: checking for C compiler default output file name
configure:2320: gcc    conftest.c  >&5
configure:2323: $? = 0
configure:2361: result: a.out
configure:2378: checking whether the C compiler works
configure:2388: ./a.out
configure:2391: $? = 0
configure:2408: result: yes
configure:2415: checking whether we are cross compiling
configure:2417: result: no
configure:2420: checking for suffix of executables
configure:2427: gcc -o conftest    conftest.c  >&5
configure:2430: $? = 0
configure:2454: result: 
configure:2460: checking for suffix of object files
configure:2486: gcc -c   conftest.c >&5
configure:2489: $? = 0
configure:2512: result: o
configure:2516: checking whether we are using the GNU C compiler
configure:2545: gcc -c   conftest.c >&5
configure:2551: $? = 0
configure:2568: result: yes
configure:2573: checking whether gcc accepts -g
configure:2603: gcc -c -g  conftest.c >&5
configure:2609: $? = 0
configure:2708: result: yes
configure:2725: checking for gcc option to accept ISO C89
configure:2799: gcc  -c -g -O2  conftest.c >&5
configure:2805: $? = 0
configure:2828: result: none needed
configure:2856: checking how to run the C preprocessor
configure:2896: gcc -E  conftest.c
configure:2902: $? = 0
configure:2933: gcc -E  conftest.c
conftest.c:8:28: error: ac_nonexistent.h: No such file or directory
configure:2939: $? = 1
configure: failed program was:
| /* confdefs.h.  */
| #define PACKAGE_NAME "hpsdr_ozy"
| #define PACKAGE_TARNAME "hpsdr_ozy"
| #define PACKAGE_VERSION "0.1"
| #define PACKAGE_STRING "hpsdr_ozy 0.1"
| #define PACKAGE_BUGREPORT "vu3rdd@gmail.com"
| /* end confdefs.h.  */
| #include <ac_nonexistent.h>
configure:2972: result: gcc -E
configure:3001: gcc -E  conftest.c
configure:3007: $? = 0
configure:3038: gcc -E  conftest.c
conftest.c:8:28: error: ac_nonexistent.h: No such file or directory
configure:3044: $? = 1
configure: failed program was:
| /* confdefs.h.  */
| #define PACKAGE_NAME "hpsdr_ozy"
| #define PACKAGE_TARNAME "hpsdr_ozy"
| #define PACKAGE_VERSION "0.1"
| #define PACKAGE_STRING "hpsdr_ozy 0.1"
| #define PACKAGE_BUGREPORT "vu3rdd@gmail.com"
| /* end confdefs.h.  */
| #include <ac_nonexistent.h>
configure:3082: checking for grep that handles long lines and -e
configure:3156: result: /bin/grep
configure:3161: checking for egrep
configure:3239: result: /bin/grep -E
configure:3244: checking for ANSI C header files
configure:3274: gcc -c -g -O2  conftest.c >&5
configure:3280: $? = 0
configure:3379: gcc -o conftest -g -O2   conftest.c  >&5
configure:3382: $? = 0
configure:3388: ./conftest
configure:3391: $? = 0
configure:3408: result: yes
configure:3432: checking for sys/types.h
configure:3453: gcc -c -g -O2  conftest.c >&5
configure:3459: $? = 0
configure:3475: result: yes
configure:3432: checking for sys/stat.h
configure:3453: gcc -c -g -O2  conftest.c >&5
configure:3459: $? = 0
configure:3475: result: yes
configure:3432: checking for stdlib.h
configure:3453: gcc -c -g -O2  conftest.c >&5
configure:3459: $? = 0
configure:3475: result: yes
configure:3432: checking for string.h
configure:3453: gcc -c -g -O2  conftest.c >&5
configure:3459: $? = 0
configure:3475: result: yes
configure:3432: checking for memory.h
configure:3453: gcc -c -g -O2  conftest.c >&5
configure:3459: $? = 0
configure:3475: result: yes
configure:3432: checking for strings.h
configure:3453: gcc -c -g -O2  conftest.c >&5
configure:3459: $? = 0
configure:3475: result: yes
configure:3432: checking for inttypes.h
configure:3453: gcc -c -g -O2  conftest.c >&5
configure:3459: $? = 0
configure:3475: result: yes
configure:3432: checking for stdint.h
configure:3453: gcc -c -g -O2  conftest.c >&5
configure:3459: $? = 0
configure:3475: result: yes
configure:3432: checking for unistd.h
configure:3453: gcc -c -g -O2  conftest.c >&5
configure:3459: $? = 0
configure:3475: result: yes
configure:3492: checking for string.h
configure:3498: result: yes
configure:3634: checking for an ANSI C-conforming const
configure:3709: gcc -c -g -O2  conftest.c >&5
configure:3715: $? = 0
configure:3730: result: yes
configure:3740: checking for working volatile
configure:3769: gcc -c -g -O2  conftest.c >&5
configure:3775: $? = 0
configure:3790: result: yes
configure:3828: checking usb.h usability
configure:3845: gcc -c -g -O2  conftest.c >&5
configure:3851: $? = 0
configure:3865: result: yes
configure:3869: checking usb.h presence
configure:3884: gcc -E  conftest.c
configure:3890: $? = 0
configure:3904: result: yes
configure:3937: checking for usb.h
configure:3945: result: yes
configure:3969: checking for library containing usb_bulk_write
configure:4010: gcc -o conftest -g -O2   conftest.c  >&5
/tmp/ccMD8MZa.o: In function `main':
/home/rkrishnan/hpsdr/repos_sdr_hpsdr/trunk/vu3rdd/hpsdr/ozy/firmware/conftest.c:31: undefined reference to `usb_bulk_write'
collect2: ld returned 1 exit status
configure:4016: $? = 1
configure: failed program was:
| /* confdefs.h.  */
| #define PACKAGE_NAME "hpsdr_ozy"
| #define PACKAGE_TARNAME "hpsdr_ozy"
| #define PACKAGE_VERSION "0.1"
| #define PACKAGE_STRING "hpsdr_ozy 0.1"
| #define PACKAGE_BUGREPORT "vu3rdd@gmail.com"
| #define STDC_HEADERS 1
| #define HAVE_SYS_TYPES_H 1
| #define HAVE_SYS_STAT_H 1
| #define HAVE_STDLIB_H 1
| #define HAVE_STRING_H 1
| #define HAVE_MEMORY_H 1
| #define HAVE_STRINGS_H 1
| #define HAVE_INTTYPES_H 1
| #define HAVE_STDINT_H 1
| #define HAVE_UNISTD_H 1
| #define HAVE_STRING_H 1
| #define HAVE_USB_H 1
| /* end confdefs.h.  */
| 
| /* Override any GCC internal prototype to avoid an error.
|    Use char because int might match the return type of a GCC
|    builtin and then its argument prototype would still apply.  */
| #ifdef __cplusplus
| extern "C"
| #endif
| char usb_bulk_write ();
| int
| main ()
| {
| return usb_bulk_write ();
|   ;
|   return 0;
| }
configure:4010: gcc -o conftest -g -O2   conftest.c -lusb   >&5
configure:4016: $? = 0
configure:4044: result: -lusb
configure:4095: checking linux/usbdevice_fs.h usability
configure:4112: gcc -c -g -O2  conftest.c >&5
configure:4118: $? = 0
configure:4132: result: yes
configure:4136: checking linux/usbdevice_fs.h presence
configure:4151: gcc -E  conftest.c
configure:4157: $? = 0
configure:4171: result: yes
configure:4204: checking for linux/usbdevice_fs.h
configure:4211: result: yes
configure:4223: checking for fast usb technique to use
configure:4283: result: linux
configure:4332: checking for sdcc
configure:4348: found /usr/bin/sdcc
configure:4360: result: sdcc -mmcs51 --no-xinit-opt
configure:4370: checking for asx8051
configure:4386: found /usr/bin/asx8051
configure:4398: result: asx8051 -plosgff
configure:4417: checking sdcc_version "2.7.0"
configure:4443: result: 2.7.0
configure:4485: checking for a BSD-compatible install
configure:4541: result: /usr/bin/install -c
configure:4552: checking whether build environment is sane
configure:4595: result: yes
configure:4623: checking for a thread-safe mkdir -p
configure:4662: result: /bin/mkdir -p
configure:4675: checking for gawk
configure:4691: found /usr/bin/gawk
configure:4702: result: gawk
configure:4713: checking whether make sets $(MAKE)
configure:4734: result: yes
configure:4764: checking for style of include used by make
configure:4792: result: GNU
configure:4985: checking dependency style of gcc
configure:5076: result: none
configure:5243: creating ./config.status

## ---------------------- ##
## Running config.status. ##
## ---------------------- ##

This file was extended by hpsdr_ozy config.status 0.1, which was
generated by GNU Autoconf 2.61.  Invocation command line was

  CONFIG_FILES    = 
  CONFIG_HEADERS  = 
  CONFIG_LINKS    = 
  CONFIG_COMMANDS = 
  $ ./config.status 

on radio

config.status:667: creating Makefile
config.status:667: creating src/Makefile
config.status:667: creating lib/Makefile
config.status:667: creating config.h
config.status:895: config.h is unchanged
config.status:941: executing depfiles commands

## ---------------- ##
## Cache variables. ##
## ---------------- ##

ac_cv_build=x86_64-unknown-linux-gnu
ac_cv_c_compiler_gnu=yes
ac_cv_c_const=yes
ac_cv_c_volatile=yes
ac_cv_env_CC_set=
ac_cv_env_CC_value=
ac_cv_env_CFLAGS_set=
ac_cv_env_CFLAGS_value=
ac_cv_env_CPPFLAGS_set=
ac_cv_env_CPPFLAGS_value=
ac_cv_env_CPP_set=
ac_cv_env_CPP_value=
ac_cv_env_LDFLAGS_set=
ac_cv_env_LDFLAGS_value=
ac_cv_env_LIBS_set=
ac_cv_env_LIBS_value=
ac_cv_env_build_alias_set=
ac_cv_env_build_alias_value=
ac_cv_env_host_alias_set=
ac_cv_env_host_alias_value=
ac_cv_env_target_alias_set=
ac_cv_env_target_alias_value=
ac_cv_header_inttypes_h=yes
ac_cv_header_linux_usbdevice_fs_h=yes
ac_cv_header_memory_h=yes
ac_cv_header_stdc=yes
ac_cv_header_stdint_h=yes
ac_cv_header_stdlib_h=yes
ac_cv_header_string_h=yes
ac_cv_header_strings_h=yes
ac_cv_header_sys_stat_h=yes
ac_cv_header_sys_types_h=yes
ac_cv_header_unistd_h=yes
ac_cv_header_usb_h=yes
ac_cv_host=x86_64-unknown-linux-gnu
ac_cv_objext=o
ac_cv_path_EGREP='/bin/grep -E'
ac_cv_path_GREP=/bin/grep
ac_cv_path_install='/usr/bin/install -c'
ac_cv_path_mkdir=/bin/mkdir
ac_cv_prog_AWK=gawk
ac_cv_prog_CPP='gcc -E'
ac_cv_prog_XAS='asx8051 -plosgff'
ac_cv_prog_XCC='sdcc -mmcs51 --no-xinit-opt'
ac_cv_prog_ac_ct_CC=gcc
ac_cv_prog_cc_c89=
ac_cv_prog_cc_g=yes
ac_cv_prog_make_make_set=yes
ac_cv_search_usb_bulk_write=-lusb
ac_cv_target=x86_64-unknown-linux-gnu
am_cv_CC_dependencies_compiler_type=none

## ----------------- ##
## Output variables. ##
## ----------------- ##

ACLOCAL='${SHELL} /home/rkrishnan/hpsdr/repos_sdr_hpsdr/trunk/vu3rdd/hpsdr/ozy/firmware/missing --run aclocal-1.10'
AMDEPBACKSLASH='\'
AMDEP_FALSE='#'
AMDEP_TRUE=''
AMTAR='${SHELL} /home/rkrishnan/hpsdr/repos_sdr_hpsdr/trunk/vu3rdd/hpsdr/ozy/firmware/missing --run tar'
AUTOCONF='${SHELL} /home/rkrishnan/hpsdr/repos_sdr_hpsdr/trunk/vu3rdd/hpsdr/ozy/firmware/missing --run autoconf'
AUTOHEADER='${SHELL} /home/rkrishnan/hpsdr/repos_sdr_hpsdr/trunk/vu3rdd/hpsdr/ozy/firmware/missing --run autoheader'
AUTOMAKE='${SHELL} /home/rkrishnan/hpsdr/repos_sdr_hpsdr/trunk/vu3rdd/hpsdr/ozy/firmware/missing --run automake-1.10'
AWK='gawk'
CC='gcc'
CCDEPMODE='depmode=none'
CFLAGS='-g -O2'
CPP='gcc -E'
CPPFLAGS=''
CYGPATH_W='echo'
DEFS='-DHAVE_CONFIG_H'
DEPDIR='.deps'
ECHO_C=''
ECHO_N='-n'
ECHO_T=''
EGREP='/bin/grep -E'
EXEEXT=''
FUSB_TECH='linux'
FUSB_TECH_darwin_FALSE=''
FUSB_TECH_darwin_TRUE='#'
FUSB_TECH_generic_FALSE=''
FUSB_TECH_generic_TRUE='#'
FUSB_TECH_linux_FALSE='#'
FUSB_TECH_linux_TRUE=''
FUSB_TECH_ra_wb_FALSE=''
FUSB_TECH_ra_wb_TRUE='#'
FUSB_TECH_win32_FALSE=''
FUSB_TECH_win32_TRUE='#'
GREP='/bin/grep'
INSTALL_DATA='${INSTALL} -m 644'
INSTALL_PROGRAM='${INSTALL}'
INSTALL_SCRIPT='${INSTALL}'
INSTALL_STRIP_PROGRAM='$(install_sh) -c -s'
LDFLAGS=''
LIBOBJS=''
LIBS=''
LTLIBOBJS=''
MAKEINFO='${SHELL} /home/rkrishnan/hpsdr/repos_sdr_hpsdr/trunk/vu3rdd/hpsdr/ozy/firmware/missing --run makeinfo'
OBJEXT='o'
PACKAGE='hpsdr'
PACKAGE_BUGREPORT='vu3rdd@gmail.com'
PACKAGE_NAME='hpsdr_ozy'
PACKAGE_STRING='hpsdr_ozy 0.1'
PACKAGE_TARNAME='hpsdr_ozy'
PACKAGE_VERSION='0.1'
PATH_SEPARATOR=':'
SET_MAKE=''
SHELL='/bin/sh'
STRIP=''
USB_LIBS='-lusb '
VERSION='0.1svn'
XAS='asx8051 -plosgff'
XCC='sdcc -mmcs51 --no-xinit-opt'
ac_ct_CC='gcc'
am__fastdepCC_FALSE=''
am__fastdepCC_TRUE='#'
am__include='include'
am__isrc=''
am__leading_dot='.'
am__quote=''
am__tar='${AMTAR} chof - "$$tardir"'
am__untar='${AMTAR} xf -'
bindir='${exec_prefix}/bin'
build='x86_64-unknown-linux-gnu'
build_alias=''
build_cpu='x86_64'
build_dirs='config'
build_os='linux-gnu'
build_vendor='unknown'
datadir='${datarootdir}'
datarootdir='${prefix}/share'
docdir='${datarootdir}/doc/${PACKAGE_TARNAME}'
dvidir='${docdir}'
exec_prefix='${prefix}'
host='x86_64-unknown-linux-gnu'
host_alias=''
host_cpu='x86_64'
host_os='linux-gnu'
host_vendor='unknown'
htmldir='${docdir}'
includedir='${prefix}/include'
infodir='${datarootdir}/info'
install_sh='$(SHELL) /home/rkrishnan/hpsdr/repos_sdr_hpsdr/trunk/vu3rdd/hpsdr/ozy/firmware/install-sh'
libdir='${exec_prefix}/lib'
libexecdir='${exec_prefix}/libexec'
localedir='${datarootdir}/locale'
localstatedir='${prefix}/var'
mandir='${datarootdir}/man'
mkdir_p='/bin/mkdir -p'
oldincludedir='/usr/include'
pdfdir='${docdir}'
prefix='/usr/local'
program_transform_name='s,x,x,'
psdir='${docdir}'
sbindir='${exec_prefix}/sbin'
sharedstatedir='${prefix}/com'
sysconfdir='${prefix}/etc'
target='x86_64-unknown-linux-gnu'
target_alias=''
target_cpu='x86_64'
target_os='linux-gnu'
target_vendor='unknown'

## ----------- ##
## confdefs.h. ##
## ----------- ##

#define PACKAGE_NAME "hpsdr_ozy"
#define PACKAGE_TARNAME "hpsdr_ozy"
#define PACKAGE_VERSION "0.1"
#define PACKAGE_STRING "hpsdr_ozy 0.1"
#define PACKAGE_BUGREPORT "vu3rdd@gmail.com"
#define STDC_HEADERS 1
#define HAVE_SYS_TYPES_H 1
#define HAVE_SYS_STAT_H 1
#define HAVE_STDLIB_H 1
#define HAVE_STRING_H 1
#define HAVE_MEMORY_H 1
#define HAVE_STRINGS_H 1
#define HAVE_INTTYPES_H 1
#define HAVE_STDINT_H 1
#define HAVE_UNISTD_H 1
#define HAVE_STRING_H 1
#define HAVE_USB_H 1
#define PACKAGE "hpsdr"
#define VERSION "0.1svn"

configure: exit 0
