./temp/Debug\fftw_wisdom.bsc
C:\Users\Doug\Desktop\OpenHPSDR\PowerSDR_5Rx\lib\fftw_wisdom\./temp/Debug\fftw_wisdom.exe.intermediate.manifest
C:\Users\Doug\Desktop\OpenHPSDR\PowerSDR_5Rx\lib\fftw_wisdom\temp\Debug\BscMake.command.1.tlog
C:\Users\Doug\Desktop\OpenHPSDR\PowerSDR_5Rx\lib\fftw_wisdom\temp\Debug\bscmake.read.1.tlog
C:\Users\Doug\Desktop\OpenHPSDR\PowerSDR_5Rx\lib\fftw_wisdom\temp\Debug\bscmake.write.1.tlog
C:\Users\Doug\Desktop\OpenHPSDR\PowerSDR_5Rx\lib\fftw_wisdom\temp\Debug\cl.command.1.tlog
C:\Users\Doug\Desktop\OpenHPSDR\PowerSDR_5Rx\lib\fftw_wisdom\temp\Debug\CL.read.1.tlog
C:\Users\Doug\Desktop\OpenHPSDR\PowerSDR_5Rx\lib\fftw_wisdom\temp\Debug\CL.write.1.tlog
C:\Users\Doug\Desktop\OpenHPSDR\PowerSDR_5Rx\lib\fftw_wisdom\temp\Debug\fftw_wisdom.bsc
C:\Users\Doug\Desktop\OpenHPSDR\PowerSDR_5Rx\lib\fftw_wisdom\temp\Debug\fftw_wisdom.exe.embed.manifest
C:\Users\Doug\Desktop\OpenHPSDR\PowerSDR_5Rx\lib\fftw_wisdom\temp\Debug\fftw_wisdom.exe.embed.manifest.res
C:\Users\Doug\Desktop\OpenHPSDR\PowerSDR_5Rx\lib\fftw_wisdom\temp\Debug\fftw_wisdom.exe.intermediate.manifest
C:\Users\Doug\Desktop\OpenHPSDR\PowerSDR_5Rx\lib\fftw_wisdom\temp\Debug\fftw_wisdom_manifest.rc
C:\Users\Doug\Desktop\OpenHPSDR\PowerSDR_5Rx\lib\fftw_wisdom\temp\Debug\link.command.1.tlog
C:\Users\Doug\Desktop\OpenHPSDR\PowerSDR_5Rx\lib\fftw_wisdom\temp\Debug\link.read.1.tlog
C:\Users\Doug\Desktop\OpenHPSDR\PowerSDR_5Rx\lib\fftw_wisdom\temp\Debug\link.write.1.tlog
C:\Users\Doug\Desktop\OpenHPSDR\PowerSDR_5Rx\lib\fftw_wisdom\temp\Debug\link-cvtres.read.1.tlog
C:\Users\Doug\Desktop\OpenHPSDR\PowerSDR_5Rx\lib\fftw_wisdom\temp\Debug\link-cvtres.write.1.tlog
C:\Users\Doug\Desktop\OpenHPSDR\PowerSDR_5Rx\lib\fftw_wisdom\temp\Debug\main.obj
C:\Users\Doug\Desktop\OpenHPSDR\PowerSDR_5Rx\lib\fftw_wisdom\temp\Debug\main.sbr
C:\Users\Doug\Desktop\OpenHPSDR\PowerSDR_5Rx\lib\fftw_wisdom\temp\Debug\mt.command.1.tlog
C:\Users\Doug\Desktop\OpenHPSDR\PowerSDR_5Rx\lib\fftw_wisdom\temp\Debug\mt.read.1.tlog
C:\Users\Doug\Desktop\OpenHPSDR\PowerSDR_5Rx\lib\fftw_wisdom\temp\Debug\mt.write.1.tlog
C:\Users\Doug\Desktop\OpenHPSDR\PowerSDR_5Rx\lib\fftw_wisdom\temp\Debug\rc.command.1.tlog
C:\Users\Doug\Desktop\OpenHPSDR\PowerSDR_5Rx\lib\fftw_wisdom\temp\Debug\rc.read.1.tlog
C:\Users\Doug\Desktop\OpenHPSDR\PowerSDR_5Rx\lib\fftw_wisdom\temp\Debug\rc.write.1.tlog
C:\Users\Doug\Desktop\OpenHPSDR\PowerSDR_5Rx\lib\fftw_wisdom\temp\Debug\vc100.idb
C:\Users\Doug\Desktop\OpenHPSDR\PowerSDR_5Rx\lib\fftw_wisdom\temp\Debug\vc100.pdb
C:\USERS\DOUG\DESKTOP\OPENHPSDR\W5WC\POWERSDR_HPSDR_2_RX4_FFT\BIN\DEBUG\FFTW_WISDOM.EXE
C:\USERS\DOUG\DESKTOP\OPENHPSDR\W5WC\POWERSDR_HPSDR_2_RX4_FFT\BIN\DEBUG\FFTW_WISDOM.ILK
C:\USERS\DOUG\DESKTOP\OPENHPSDR\W5WC\POWERSDR_HPSDR_2_RX4_FFT\LIB\FFTW_WISDOM\BIN\DEBUG\FFTW_WISDOM.PDB
C:\USERS\DOUG\DESKTOP\OPENHPSDR\W5WC\POWERSDR_HPSDR_2_RX4_FFT\LIB\FFTW_WISDOM\TEMP\DEBUG\FFTW_WISDOM.BSC
C:\USERS\DOUG\DESKTOP\OPENHPSDR\W5WC\POWERSDR_HPSDR_2_RX4_FFT\LIB\FFTW_WISDOM\TEMP\DEBUG\FFTW_WISDOM.EXE.EMBED.MANIFEST
C:\USERS\DOUG\DESKTOP\OPENHPSDR\W5WC\POWERSDR_HPSDR_2_RX4_FFT\LIB\FFTW_WISDOM\TEMP\DEBUG\FFTW_WISDOM.EXE.EMBED.MANIFEST.RES
C:\USERS\DOUG\DESKTOP\OPENHPSDR\W5WC\POWERSDR_HPSDR_2_RX4_FFT\LIB\FFTW_WISDOM\TEMP\DEBUG\FFTW_WISDOM.EXE.INTERMEDIATE.MANIFEST
C:\USERS\DOUG\DESKTOP\OPENHPSDR\W5WC\POWERSDR_HPSDR_2_RX4_FFT\LIB\FFTW_WISDOM\TEMP\DEBUG\MAIN.OBJ
C:\USERS\DOUG\DESKTOP\OPENHPSDR\W5WC\POWERSDR_HPSDR_2_RX4_FFT\LIB\FFTW_WISDOM\TEMP\DEBUG\MAIN.SBR
C:\USERS\DOUG\DESKTOP\OPENHPSDR\W5WC\POWERSDR_HPSDR_2_RX4_FFT\LIB\FFTW_WISDOM\TEMP\DEBUG\VC100.PDB
