Build started 2/22/2013 12:53:23 AM.
     1>Project "C:\Users\Doug\Desktop\OpenHPSDR\PowerSDR_5Rx\lib\fftw_wisdom\fftw_wisdom.vcxproj" on node 2 (rebuild target(s)).
     1>_PrepareForClean:
         Deleting file "./temp/Debug\fftw_wisdom.lastbuildstate".
       InitializeBuildStatus:
         Creating "./temp/Debug\fftw_wisdom.unsuccessfulbuild" because "AlwaysCreate" was specified.
       ClCompile:
         c:\Program Files (x86)\Microsoft Visual Studio 10.0\VC\bin\CL.exe /c /I..\FFTW /I. /ZI /nologo /W3 /WX- /Od /Oy- /D WIN32 /D _DEBUG /D _CONSOLE /D _VC80_UPGRADE=0x0710 /D _MBCS /Gm /EHsc /RTC1 /MTd /GS /fp:precise /Zc:wchar_t /Zc:forScope /Fo"./temp/Debug\\" /Fd"./temp/Debug\vc100.pdb" /FR"./temp/Debug\\" /Gd /TC /analyze- /errorReport:prompt main.c
         main.c
     1>c:\users\doug\desktop\openhpsdr\powersdr_5rx\lib\fftw_wisdom\main.c(30): warning C4996: 'strcpy': This function or variable may be unsafe. Consider using strcpy_s instead. To disable deprecation, use _CRT_SECURE_NO_WARNINGS. See online help for details.
                 c:\program files (x86)\microsoft visual studio 10.0\vc\include\string.h(105) : see declaration of 'strcpy'
     1>c:\users\doug\desktop\openhpsdr\powersdr_5rx\lib\fftw_wisdom\main.c(31): warning C4996: 'strcat': This function or variable may be unsafe. Consider using strcat_s instead. To disable deprecation, use _CRT_SECURE_NO_WARNINGS. See online help for details.
                 c:\program files (x86)\microsoft visual studio 10.0\vc\include\string.h(110) : see declaration of 'strcat'
     1>c:\users\doug\desktop\openhpsdr\powersdr_5rx\lib\fftw_wisdom\main.c(34): warning C4996: 'fopen': This function or variable may be unsafe. Consider using fopen_s instead. To disable deprecation, use _CRT_SECURE_NO_WARNINGS. See online help for details.
                 c:\program files (x86)\microsoft visual studio 10.0\vc\include\stdio.h(234) : see declaration of 'fopen'
       ManifestResourceCompile:
         C:\Program Files (x86)\Microsoft SDKs\Windows\v7.0A\bin\rc.exe /nologo /fo"./temp/Debug\fftw_wisdom.exe.embed.manifest.res" ./temp/Debug\fftw_wisdom_manifest.rc 
     1>C:\Program Files (x86)\MSBuild\Microsoft.Cpp\v4.0\Microsoft.CppBuild.targets(990,5): warning MSB8012: TargetPath(C:\Users\Doug\Desktop\OpenHPSDR\PowerSDR_5Rx\lib\fftw_wisdom\./temp/Debug\fftw_wisdom.exe) does not match the Linker's OutputFile property value (C:\Users\Doug\Desktop\OpenHPSDR\PowerSDR_5Rx\bin\Debug\fftw_wisdom.exe). This may cause your project to build incorrectly. To correct this, please make sure that $(OutDir), $(TargetName) and $(TargetExt) property values match the value specified in %(Link.OutputFile).
       Link:
         c:\Program Files (x86)\Microsoft Visual Studio 10.0\VC\bin\link.exe /ERRORREPORT:PROMPT /OUT:"../../bin/Debug/fftw_wisdom.exe" /INCREMENTAL /NOLOGO "../FFTW/libfftw3f-3.lib" kernel32.lib user32.lib gdi32.lib winspool.lib comdlg32.lib advapi32.lib shell32.lib ole32.lib oleaut32.lib uuid.lib odbc32.lib odbccp32.lib /MANIFEST /ManifestFile:"./temp/Debug\fftw_wisdom.exe.intermediate.manifest" /MANIFESTUAC:"level='asInvoker' uiAccess='false'" /DEBUG /PDB:"./bin/Debug/fftw_wisdom.pdb" /SUBSYSTEM:CONSOLE /TLBID:1 /DYNAMICBASE:NO /IMPLIB:"./temp/Debug\fftw_wisdom.lib" /MACHINE:X86 ./temp/Debug\fftw_wisdom.exe.embed.manifest.res
         ./temp/Debug\main.obj
       Manifest:
         Deleting file "./temp/Debug\fftw_wisdom.exe.embed.manifest".
         C:\Program Files (x86)\Microsoft SDKs\Windows\v7.0A\bin\mt.exe /nologo /verbose /out:"./temp/Debug\fftw_wisdom.exe.embed.manifest" /manifest ./temp/Debug\fftw_wisdom.exe.intermediate.manifest
         C:\Program Files (x86)\Microsoft SDKs\Windows\v7.0A\bin\rc.exe /nologo /fo"./temp/Debug\fftw_wisdom.exe.embed.manifest.res" ./temp/Debug\fftw_wisdom_manifest.rc 
       LinkEmbedManifest:
         c:\Program Files (x86)\Microsoft Visual Studio 10.0\VC\bin\link.exe /ERRORREPORT:PROMPT /OUT:"../../bin/Debug/fftw_wisdom.exe" /INCREMENTAL /NOLOGO "../FFTW/libfftw3f-3.lib" kernel32.lib user32.lib gdi32.lib winspool.lib comdlg32.lib advapi32.lib shell32.lib ole32.lib oleaut32.lib uuid.lib odbc32.lib odbccp32.lib /MANIFEST /ManifestFile:"./temp/Debug\fftw_wisdom.exe.intermediate.manifest" /MANIFESTUAC:"level='asInvoker' uiAccess='false'" /DEBUG /PDB:"./bin/Debug/fftw_wisdom.pdb" /SUBSYSTEM:CONSOLE /TLBID:1 /DYNAMICBASE:NO /IMPLIB:"./temp/Debug\fftw_wisdom.lib" /MACHINE:X86 ./temp/Debug\fftw_wisdom.exe.embed.manifest.res
         ./temp/Debug\main.obj
         fftw_wisdom.vcxproj -> C:\Users\Doug\Desktop\OpenHPSDR\PowerSDR_5Rx\lib\fftw_wisdom\./temp/Debug\fftw_wisdom.exe
       BscMake:
         c:\Program Files (x86)\Microsoft Visual Studio 10.0\VC\bin\bscmake.exe /nologo /o"./temp/Debug\fftw_wisdom.bsc" ./temp/Debug\main.sbr
       FinalizeBuildStatus:
         Deleting file "./temp/Debug\fftw_wisdom.unsuccessfulbuild".
         Touching "./temp/Debug\fftw_wisdom.lastbuildstate".
     1>Done Building Project "C:\Users\Doug\Desktop\OpenHPSDR\PowerSDR_5Rx\lib\fftw_wisdom\fftw_wisdom.vcxproj" (rebuild target(s)).

Build succeeded.

Time Elapsed 00:00:01.54
