Flow report for Mercury
Wed Nov 09 19:44:22 2011
Quartus II Version 11.0 Build 208 07/03/2011 Service Pack 1 SJ Web Edition


---------------------
; Table of Contents ;
---------------------
  1. Legal Notice
  2. Flow Summary
  3. Flow Settings
  4. Flow Non-Default Global Settings
  5. Flow Elapsed Time
  6. Flow OS Summary
  7. Flow Log



----------------
; Legal Notice ;
----------------
Copyright (C) 1991-2011 Altera Corporation
Your use of Altera Corporation's design tools, logic functions 
and other software and tools, and its AMPP partner logic 
functions, and any output files from any of the foregoing 
(including device programming or simulation files), and any 
associated documentation or information are expressly subject 
to the terms and conditions of the Altera Program License 
Subscription Agreement, Altera MegaCore Function License 
Agreement, or other applicable license agreement, including, 
without limitation, that your use is for the sole purpose of 
programming logic devices manufactured by Altera and sold by 
Altera or its authorized distributors.  Please refer to the 
applicable agreement for further details.



+------------------------------------------------------------------------------------+
; Flow Summary                                                                       ;
+------------------------------------+-----------------------------------------------+
; Flow Status                        ; Analyzed - Wed Nov 09 19:44:22 2011           ;
; Quartus II Version                 ; 11.0 Build 208 07/03/2011 SP 1 SJ Web Edition ;
; Revision Name                      ; Mercury                                       ;
; Top-level Entity Name              ; Mercury                                       ;
; Family                             ; Cyclone III                                   ;
; Device                             ; EP3C25Q240C8                                  ;
; Timing Models                      ; Final                                         ;
; Total logic elements               ; 24,113 / 24,624 ( 98 % )                      ;
;     Total combinational functions  ; 21,270 / 24,624 ( 86 % )                      ;
;     Dedicated logic registers      ; 17,594 / 24,624 ( 71 % )                      ;
; Total registers                    ; 17594                                         ;
; Total pins                         ; 76 / 149 ( 51 % )                             ;
; Total virtual pins                 ; 0                                             ;
; Total memory bits                  ; 157,296 / 608,256 ( 26 % )                    ;
; Embedded Multiplier 9-bit elements ; 88 / 132 ( 67 % )                             ;
; Total PLLs                         ; 2 / 4 ( 50 % )                                ;
+------------------------------------+-----------------------------------------------+


+-----------------------------------------+
; Flow Settings                           ;
+-------------------+---------------------+
; Option            ; Setting             ;
+-------------------+---------------------+
; Start date & time ; 11/09/2011 19:01:07 ;
; Main task         ; Compilation         ;
; Revision Name     ; Mercury             ;
+-------------------+---------------------+


+----------------------------------------------------------------------------------------------------------------------------------------+
; Flow Non-Default Global Settings                                                                                                       ;
+----------------------------------------+-----------------------------------------------+--------------------+-------------+------------+
; Assignment Name                        ; Value                                         ; Default Value      ; Entity Name ; Section Id ;
+----------------------------------------+-----------------------------------------------+--------------------+-------------+------------+
; ADV_NETLIST_OPT_SYNTH_WYSIWYG_REMAP    ; On                                            ; Off                ; --          ; --         ;
; ALLOW_POWER_UP_DONT_CARE               ; Off                                           ; On                 ; --          ; --         ;
; COMPILER_SIGNATURE_ID                  ; 694449418451.132083646705588                  ; --                 ; --          ; --         ;
; ENABLE_DRC_SETTINGS                    ; On                                            ; Off                ; --          ; --         ;
; ENABLE_SIGNALTAP                       ; Off                                           ; --                 ; --          ; --         ;
; FITTER_EFFORT                          ; Standard Fit                                  ; Auto Fit           ; --          ; --         ;
; FMAX_REQUIREMENT                       ; 122.88 MHz                                    ; --                 ; --          ; --         ;
; IP_TOOL_NAME                           ; Shift register (RAM-based)                    ; --                 ; --          ; --         ;
; IP_TOOL_NAME                           ; FIFO                                          ; --                 ; --          ; --         ;
; IP_TOOL_NAME                           ; ALTPLL                                        ; --                 ; --          ; --         ;
; IP_TOOL_NAME                           ; ALTPLL                                        ; --                 ; --          ; --         ;
; IP_TOOL_VERSION                        ; 8.1                                           ; --                 ; --          ; --         ;
; IP_TOOL_VERSION                        ; 9.0                                           ; --                 ; --          ; --         ;
; IP_TOOL_VERSION                        ; 9.1                                           ; --                 ; --          ; --         ;
; IP_TOOL_VERSION                        ; 9.1                                           ; --                 ; --          ; --         ;
; MISC_FILE                              ; Mercury.dpf                                   ; --                 ; --          ; --         ;
; MISC_FILE                              ; SP_fifo.bsf                                   ; --                 ; --          ; --         ;
; MISC_FILE                              ; SP_fifo_inst.v                                ; --                 ; --          ; --         ;
; MISC_FILE                              ; SP_fifo_bb.v                                  ; --                 ; --          ; --         ;
; MISC_FILE                              ; C122_PLL.ppf                                  ; --                 ; --          ; --         ;
; MISC_FILE                              ; C10_PLL.ppf                                   ; --                 ; --          ; --         ;
; MISC_FILE                              ; Mercury v6.8/Mercury/Mercury.dpf              ; --                 ; --          ; --         ;
; MISC_FILE                              ; Mercury v6.9/Mercury/Mercury.dpf              ; --                 ; --          ; --         ;
; MISC_FILE                              ; Mercury_v3.1/Mercury/Mercury.dpf              ; --                 ; --          ; --         ;
; MUX_RESTRUCTURE                        ; Off                                           ; Auto               ; --          ; --         ;
; NOMINAL_CORE_SUPPLY_VOLTAGE            ; 1.2V                                          ; --                 ; --          ; --         ;
; NUMBER_OF_PATHS_TO_REPORT              ; 2000                                          ; 200                ; --          ; --         ;
; OPTIMIZE_MULTI_CORNER_TIMING           ; On                                            ; Off                ; --          ; --         ;
; OPTIMIZE_POWER_DURING_FITTING          ; Extra effort                                  ; Normal compilation ; --          ; --         ;
; PARTITION_COLOR                        ; 16764057                                      ; --                 ; --          ; Top        ;
; PARTITION_FITTER_PRESERVATION_LEVEL    ; PLACEMENT_AND_ROUTING                         ; --                 ; --          ; Top        ;
; PARTITION_NETLIST_TYPE                 ; SOURCE                                        ; --                 ; --          ; Top        ;
; PHYSICAL_SYNTHESIS_COMBO_LOGIC         ; On                                            ; Off                ; --          ; --         ;
; POWER_BOARD_THERMAL_MODEL              ; None (CONSERVATIVE)                           ; --                 ; --          ; --         ;
; POWER_PRESET_COOLING_SOLUTION          ; 23 MM HEAT SINK WITH 200 LFPM AIRFLOW         ; --                 ; --          ; --         ;
; SEARCH_PATH                            ; C:/HPDSDR/trunk/VK6APH/Mercury/megafunctions/ ; --                 ; --          ; --         ;
; SEARCH_PATH                            ; C:/HPDSDR/trunk/VK6APH/Mercury/db/            ; --                 ; --          ; --         ;
; SEARCH_PATH                            ; C:/HPSDR/trunk/VK6APH/Mercury/megafunctions/  ; --                 ; --          ; --         ;
; SEARCH_PATH                            ; C:/HPSDR/trunk/VK6APH/Mercury/db/             ; --                 ; --          ; --         ;
; SEARCH_PATH                            ; C:/FPGA/Mercury/megafunctions/                ; --                 ; --          ; --         ;
; SEARCH_PATH                            ; C:/FPGA/Mercury/db/                           ; --                 ; --          ; --         ;
; SEARCH_PATH                            ; Mercury v6.8/Mercury/                         ; --                 ; --          ; --         ;
; SEARCH_PATH                            ; Mercury v6.9/Mercury/                         ; --                 ; --          ; --         ;
; SEARCH_PATH                            ; Mercury_v3.1/Mercury/                         ; --                 ; --          ; --         ;
; SEARCH_PATH                            ; common/                                       ; --                 ; --          ; --         ;
; STATE_MACHINE_PROCESSING               ; User-Encoded                                  ; Auto               ; --          ; --         ;
; USE_LOGICLOCK_CONSTRAINTS_IN_BALANCING ; Off                                           ; On                 ; --          ; --         ;
; USE_SIGNALTAP_FILE                     ; Mercury.stp                                   ; --                 ; --          ; --         ;
; USE_TIMEQUEST_TIMING_ANALYZER          ; Off                                           ; On                 ; --          ; --         ;
+----------------------------------------+-----------------------------------------------+--------------------+-------------+------------+


+-------------------------------------------------------------------------------------------------------------------------------+
; Flow Elapsed Time                                                                                                             ;
+---------------------------+--------------+-------------------------+---------------------+------------------------------------+
; Module Name               ; Elapsed Time ; Average Processors Used ; Peak Virtual Memory ; Total CPU Time (on all processors) ;
+---------------------------+--------------+-------------------------+---------------------+------------------------------------+
; Analysis & Synthesis      ; 00:02:03     ; 1.0                     ; 406 MB              ; 00:01:58                           ;
; Fitter                    ; 00:39:47     ; 1.0                     ; 600 MB              ; 00:39:38                           ;
; Assembler                 ; 00:00:16     ; 1.0                     ; 361 MB              ; 00:00:15                           ;
; TimeQuest Timing Analyzer ; 00:00:45     ; 1.0                     ; 418 MB              ; 00:00:45                           ;
; Design Assistant          ; 00:00:15     ; 1.0                     ; 361 MB              ; 00:00:15                           ;
; Total                     ; 00:43:06     ; --                      ; --                  ; 00:42:51                           ;
+---------------------------+--------------+-------------------------+---------------------+------------------------------------+


+-----------------------------------------------------------------------------------------+
; Flow OS Summary                                                                         ;
+---------------------------+------------------+------------+------------+----------------+
; Module Name               ; Machine Hostname ; OS Name    ; OS Version ; Processor type ;
+---------------------------+------------------+------------+------------+----------------+
; Analysis & Synthesis      ; phil             ; Windows XP ; 5.1        ; i686           ;
; Fitter                    ; phil             ; Windows XP ; 5.1        ; i686           ;
; Assembler                 ; phil             ; Windows XP ; 5.1        ; i686           ;
; TimeQuest Timing Analyzer ; phil             ; Windows XP ; 5.1        ; i686           ;
; Design Assistant          ; phil             ; Windows XP ; 5.1        ; i686           ;
+---------------------------+------------------+------------+------------+----------------+


------------
; Flow Log ;
------------
quartus_map --read_settings_files=on --write_settings_files=off Mercury -c Mercury
quartus_fit --read_settings_files=off --write_settings_files=off Mercury -c Mercury
quartus_asm --read_settings_files=off --write_settings_files=off Mercury -c Mercury
quartus_sta Mercury -c Mercury
quartus_drc --read_settings_files=off --write_settings_files=off Mercury -c Mercury



