Build started 8/1/2012 3:35:34 PM.
     1>Project "C:\Users\Doug\Desktop\PowerSDR_Personal\PowerSDR_HPSDR_RX2_vs2010\Source\OJTone\OJTone.vcxproj" on node 2 (rebuild target(s)).
     1>InitializeBuildStatus:
         Creating "Release\OJTone.unsuccessfulbuild" because "AlwaysCreate" was specified.
       ClCompile:
         C:\Program Files (x86)\Microsoft Visual Studio 10.0\VC\bin\CL.exe /c /I..\FFTW /I..\pthread /I..\DttSP /Zi /nologo /W3 /WX- /O2 /Oy- /D WIN32 /D NDEBUG /D _CONSOLE /D _VC80_UPGRADE=0x0710 /D _MBCS /Gm- /EHsc /MT /GS /fp:precise /Zc:wchar_t /Zc:forScope /Fo"Release\\" /Fd"Release\vc100.pdb" /Gd /TC /analyze- /errorReport:prompt OJTone.c
         OJTone.c
     1>C:\Users\Doug\Desktop\PowerSDR_Personal\PowerSDR_HPSDR_RX2_vs2010\Source\DttSP\fromsys.h(98): warning C4996: '__timezone': This function or variable may be unsafe. Consider using _get_timezone instead. To disable deprecation, use _CRT_SECURE_NO_WARNINGS. See online help for details.
                 C:\Program Files (x86)\Microsoft Visual Studio 10.0\VC\include\time.h(139) : see declaration of '__timezone'
     1>C:\Users\Doug\Desktop\PowerSDR_Personal\PowerSDR_HPSDR_RX2_vs2010\Source\DttSP\fromsys.h(99): warning C4996: '__daylight': This function or variable may be unsafe. Consider using _get_daylight instead. To disable deprecation, use _CRT_SECURE_NO_WARNINGS. See online help for details.
                 C:\Program Files (x86)\Microsoft Visual Studio 10.0\VC\include\time.h(131) : see declaration of '__daylight'
     1>OJTone.c(27): warning C4101: 'rc' : unreferenced local variable
     1>OJTone.c(26): warning C4101: 'ibuf' : unreferenced local variable
     1>C:\Program Files (x86)\MSBuild\Microsoft.Cpp\v4.0\Microsoft.CppBuild.targets(990,5): warning MSB8012: TargetPath(C:\Users\Doug\Desktop\PowerSDR_Personal\PowerSDR_HPSDR_RX2_vs2010\Source\OJTone\Release\OJTone.exe) does not match the Linker's OutputFile property value (C:\Users\Doug\Desktop\PowerSDR_Personal\PowerSDR_HPSDR_RX2_vs2010\bin\Release\OJTone.exe). This may cause your project to build incorrectly. To correct this, please make sure that $(OutDir), $(TargetName) and $(TargetExt) property values match the value specified in %(Link.OutputFile).
       Link:
         C:\Program Files (x86)\Microsoft Visual Studio 10.0\VC\bin\link.exe /ERRORREPORT:PROMPT /OUT:"../../bin/Release/OJTone.exe" /INCREMENTAL:NO /NOLOGO /LIBPATH:..\JanusAudio JanusAudio.lib kernel32.lib user32.lib gdi32.lib winspool.lib comdlg32.lib advapi32.lib shell32.lib ole32.lib oleaut32.lib uuid.lib odbc32.lib odbccp32.lib /MANIFEST /ManifestFile:"Release\OJTone.exe.intermediate.manifest" /MANIFESTUAC:"level='asInvoker' uiAccess='false'" /DEBUG /PDB:"C:\Users\Doug\Desktop\PowerSDR_Personal\PowerSDR_HPSDR_RX2_vs2010\Source\OJTone\Release\OJTone.pdb" /SUBSYSTEM:CONSOLE /OPT:REF /OPT:ICF /TLBID:1 /DYNAMICBASE:NO /IMPLIB:"Release\OJTone.lib" /MACHINE:X86 Release\OJTone.obj
         OJTone.vcxproj -> C:\Users\Doug\Desktop\PowerSDR_Personal\PowerSDR_HPSDR_RX2_vs2010\Source\OJTone\Release\OJTone.exe
       Manifest:
         C:\Program Files (x86)\Microsoft SDKs\Windows\v7.0A\bin\mt.exe /nologo /verbose /outputresource:"../../bin/Release/OJTone.exe;#1" /manifest Release\OJTone.exe.intermediate.manifest
       FinalizeBuildStatus:
         Deleting file "Release\OJTone.unsuccessfulbuild".
         Touching "Release\OJTone.lastbuildstate".
     1>Done Building Project "C:\Users\Doug\Desktop\PowerSDR_Personal\PowerSDR_HPSDR_RX2_vs2010\Source\OJTone\OJTone.vcxproj" (rebuild target(s)).

Build succeeded.

Time Elapsed 00:00:00.73
