#
# A fatal error has been detected by the Java Runtime Environment:
#
#  SIGSEGV (0xb) at pc=0x00007f5b48cb9c37, pid=11036, tid=140028126058240
#
# JRE version: Java(TM) SE Runtime Environment (8.0_20-b26) (build 1.8.0_20-b26)
# Java VM: Java HotSpot(TM) 64-Bit Server VM (25.20-b23 mixed mode linux-amd64 compressed oops)
# Problematic frame:
# C  [libpthread.so.0+0xdc37]  sem_init+0x7
#
# Failed to write core dump. Core dumps have been disabled. To enable core dumping, try "ulimit -c unlimited" before starting Java again
#
# If you would like to submit a bug report, please visit:
#   http://bugreport.sun.com/bugreport/crash.jsp
#

---------------  T H R E A D  ---------------

Current thread is native thread

siginfo: si_signo: 11 (SIGSEGV), si_code: 1 (SEGV_MAPERR), si_addr: 0x0000000000000000

Registers:
RAX=0x0000000000000000, RBX=0x0000000000000400, RCX=0x0000000000000000, RDX=0x0000000000000000
RSP=0x00007f5ad6b64e48, RBP=0x00007f5ad6b64e80, RSI=0x0000000000000000, RDI=0x0000000000000000
R8 =0x00007f5ad6b64d90, R9 =0x00007f5ad6b65700, R10=0x00007f5ad6b64c50, R11=0x00007f5af25b7b9d
R12=0x0000000000000000, R13=0x0000000000000000, R14=0x00007f5ad6b659c0, R15=0x00007f5ad6b65700
RIP=0x00007f5b48cb9c37, EFLAGS=0x0000000000010297, CSGSFS=0x3f6e000000000033, ERR=0x0000000000000006
  TRAPNO=0x000000000000000e

Top of Stack: (sp=0x00007f5ad6b64e48)
0x00007f5ad6b64e48:   00007f5af25b7a28 0000000000000000
0x00007f5ad6b64e58:   00000000d6b64c80 00000004000003e8
0x00007f5ad6b64e68:   0000000000000000 00007f5ad6b65700
0x00007f5ad6b64e78:   00007f5ae804dae0 00007f5ad6b64ee0
0x00007f5ad6b64e88:   00007f5af25e201d 0000008000000000
0x00007f5ad6b64e98:   0000000000000000 0000000000000000
0x00007f5ad6b64ea8:   0000000000000000 0000000000000000
0x00007f5ad6b64eb8:   0000000000000000 0000000400000000
0x00007f5ad6b64ec8:   00007f5ae81ab420 00007f5ad6b65700
0x00007f5ad6b64ed8:   00007f5ad6b65700 00007f5ad6b64f10
0x00007f5ad6b64ee8:   00007f5af25ccb3c 00007f5b48888878
0x00007f5ad6b64ef8:   0000000000000000 00007f5ad6b65700
0x00007f5ad6b64f08:   00000000d6b65700 0000000000000000
0x00007f5ad6b64f18:   00007f5b48cb4182 0000000000000000
0x00007f5ad6b64f28:   00007f5ad6b65700 00007f5ad6b65700
0x00007f5ad6b64f38:   4b030f3018433579 0000000000000000
0x00007f5ad6b64f48:   0000000000000000 00007f5ad6b659c0
0x00007f5ad6b64f58:   00007f5ad6b65700 b5b6a25c86033579
0x00007f5ad6b64f68:   b5b59ea69ad93579 0000000000000000
0x00007f5ad6b64f78:   0000000000000000 0000000000000000
0x00007f5ad6b64f88:   0000000000000000 0000000000000000
0x00007f5ad6b64f98:   0000000000000000 0000000000000000
0x00007f5ad6b64fa8:   0000000000000000 00007f5ad6b65700
0x00007f5ad6b64fb8:   00007f5b485c847d 0000000000000000
0x00007f5ad6b64fc8:   0000000000000000 0000000000000000
0x00007f5ad6b64fd8:   0000000000000000 0000000000000000
0x00007f5ad6b64fe8:   0000000000000000 0000000000000000
0x00007f5ad6b64ff8:   0000000000000000 0000000000000000
0x00007f5ad6b65008:   0000000000000000 0000000000000000
0x00007f5ad6b65018:   0000000000000000 0000000000000000
0x00007f5ad6b65028:   0000000000000000 0000000000000000
0x00007f5ad6b65038:   0000000000000000 0000000000000000 

Instructions: (pc=0x00007f5b48cb9c37)
0x00007f5b48cb9c17:   16 00 00 00 b8 ff ff ff ff 5b c3 66 2e 0f 1f 84
0x00007f5b48cb9c27:   00 00 00 00 00 0f 1f 40 00 85 d2 78 1a 83 fe 01
0x00007f5b48cb9c37:   89 17 48 c7 47 08 00 00 00 00 19 c0 25 80 00 00
0x00007f5b48cb9c47:   00 89 47 04 31 c0 c3 48 8b 05 33 b3 20 00 64 c7 

Register to memory mapping:

RAX=0x0000000000000000 is an unknown value
RBX=0x0000000000000400 is an unknown value
RCX=0x0000000000000000 is an unknown value
RDX=0x0000000000000000 is an unknown value
RSP=0x00007f5ad6b64e48 is an unknown value
RBP=0x00007f5ad6b64e80 is an unknown value
RSI=0x0000000000000000 is an unknown value
RDI=0x0000000000000000 is an unknown value
R8 =0x00007f5ad6b64d90 is an unknown value
R9 =0x00007f5ad6b65700 is an unknown value
R10=0x00007f5ad6b64c50 is an unknown value
R11=0x00007f5af25b7b9d: CloseHandle+0 in /usr/local/lib/libwdspj.so at 0x00007f5af25ab000
R12=0x0000000000000000 is an unknown value
R13=0x0000000000000000 is an unknown value
R14=0x00007f5ad6b659c0 is an unknown value
R15=0x00007f5ad6b65700 is an unknown value


Stack: [0x00007f5ad6365000,0x00007f5ad6b66000],  sp=0x00007f5ad6b64e48,  free space=8191k
Native frames: (J=compiled Java code, j=interpreted, Vv=VM code, C=native code)
C  [libpthread.so.0+0xdc37]  sem_init+0x7
C  [libwdspj.so+0x3701d]  flush_iobuffs+0x19d
C  [libwdspj.so+0x21b3c]  flushChannel+0x7f


---------------  P R O C E S S  ---------------

VM state:not at safepoint (normal execution)

VM Mutex/Monitor currently owned by a thread: None

Heap:
 PSYoungGen      total 17408K, used 10800K [0x00000000ecb80000, 0x00000000ede80000, 0x0000000100000000)
  eden space 15360K, 70% used [0x00000000ecb80000,0x00000000ed60c130,0x00000000eda80000)
  from space 2048K, 0% used [0x00000000edc80000,0x00000000edc80000,0x00000000ede80000)
  to   space 2048K, 0% used [0x00000000eda80000,0x00000000eda80000,0x00000000edc80000)
 ParOldGen       total 39936K, used 0K [0x00000000c6200000, 0x00000000c8900000, 0x00000000ecb80000)
  object space 39936K, 0% used [0x00000000c6200000,0x00000000c6200000,0x00000000c8900000)
 Metaspace       used 12367K, capacity 12522K, committed 12800K, reserved 1060864K
  class space    used 1467K, capacity 1514K, committed 1536K, reserved 1048576K

Card table byte_map: [0x00007f5b45c1c000,0x00007f5b45dec000] byte_map_base: 0x00007f5b455eb000

Marking Bits: (ParMarkBitMap*) 0x00007f5b484a3ac0
 Begin Bits: [0x00007f5b2a310000, 0x00007f5b2b188000)
 End Bits:   [0x00007f5b2b188000, 0x00007f5b2c000000)

Polling page: 0x00007f5b490e9000

CodeCache: size=245760Kb used=3762Kb max_used=3762Kb free=241997Kb
 bounds [0x00007f5b31000000, 0x00007f5b313b0000, 0x00007f5b40000000]
 total_blobs=1566 nmethods=1022 adapters=460
 compilation: enabled

Compilation events (10 events):
Event: 14.015 Thread 0x00007f5b400b2800 1018       3       sun.java2d.loops.ProcessPath::doProcessPath (1094 bytes)
Event: 14.024 Thread 0x00007f5b400b2800 nmethod 1018 0x00007f5b313aa950 code [0x00007f5b313aad80, 0x00007f5b313ad6e8]
Event: 14.024 Thread 0x00007f5b400b2800 1019       1       sun.java2d.SurfaceDataProxy::isValid (5 bytes)
Event: 14.024 Thread 0x00007f5b400b2800 nmethod 1019 0x00007f5b313ae250 code [0x00007f5b313ae3a0, 0x00007f5b313ae4b0]
Event: 14.114 Thread 0x00007f5b400b2800 1020       1       sun.awt.image.PixelConverter$Xrgb::rgbToPixel (2 bytes)
Event: 14.114 Thread 0x00007f5b400b2800 nmethod 1020 0x00007f5b313ae510 code [0x00007f5b313ae660, 0x00007f5b313ae770]
Event: 14.114 Thread 0x00007f5b400b2800 1021       3       java.awt.EventDispatchThread$1::evaluate (2 bytes)
Event: 14.114 Thread 0x00007f5b400b2800 nmethod 1021 0x00007f5b313ae7d0 code [0x00007f5b313ae920, 0x00007f5b313aea70]
Event: 14.213 Thread 0x00007f5b400b2800 1022       1       sun.awt.X11.XWindow::isEmbedded (5 bytes)
Event: 14.213 Thread 0x00007f5b400b2800 nmethod 1022 0x00007f5b313aead0 code [0x00007f5b313aec20, 0x00007f5b313aed30]

GC Heap History (0 events):
No events

Deoptimization events (1 events):
Event: 2.861 Thread 0x00007f5ae8047000 Uncommon trap: reason=unreached action=reinterpret pc=0x00007f5b312471ec method=java.util.concurrent.locks.AbstractQueuedSynchronizer.release(I)Z @ 14

Internal exceptions (10 events):
Event: 2.744 Thread 0x00007f5b402cf800 Exception <a 'java/net/SocketTimeoutException': Receive timed out> (0x00000000ed0d2140) thrown at [/HUDSON/workspace/8-2-build-linux-amd64/jdk8u20/1074/hotspot/src/share/vm/prims/jni.cpp, line 742]
Event: 2.744 Thread 0x00007f5b402cf800 Exception <a 'java/security/PrivilegedActionException'> (0x00000000ed0d2d08) thrown at [/HUDSON/workspace/8-2-build-linux-amd64/jdk8u20/1074/hotspot/src/share/vm/prims/jvm.cpp, line 1275]
Event: 2.772 Thread 0x00007f5b402cf800 Exception <a 'java/security/PrivilegedActionException'> (0x00000000ed18f190) thrown at [/HUDSON/workspace/8-2-build-linux-amd64/jdk8u20/1074/hotspot/src/share/vm/prims/jvm.cpp, line 1275]
Event: 2.772 Thread 0x00007f5b402cf800 Exception <a 'java/security/PrivilegedActionException'> (0x00000000ed1922f8) thrown at [/HUDSON/workspace/8-2-build-linux-amd64/jdk8u20/1074/hotspot/src/share/vm/prims/jvm.cpp, line 1275]
Event: 2.861 Thread 0x00007f5ae8047000 Implicit null exception at 0x00007f5b31247183 to 0x00007f5b312471de
Event: 2.943 Thread 0x00007f5b40243800 Exception <a 'java/lang/UnsupportedOperationException': > (0x00000000ed1749c0) thrown at [/HUDSON/workspace/8-2-build-linux-amd64/jdk8u20/1074/hotspot/src/share/vm/prims/jni.cpp, line 742]
Event: 6.832 Thread 0x00007f5b40243800 Exception <a 'java/security/PrivilegedActionException'> (0x00000000ed243d78) thrown at [/HUDSON/workspace/8-2-build-linux-amd64/jdk8u20/1074/hotspot/src/share/vm/prims/jvm.cpp, line 1275]
Event: 10.809 Thread 0x00007f5b40243800 Exception <a 'java/security/PrivilegedActionException'> (0x00000000ed255bc0) thrown at [/HUDSON/workspace/8-2-build-linux-amd64/jdk8u20/1074/hotspot/src/share/vm/prims/jvm.cpp, line 1275]
Event: 10.810 Thread 0x00007f5b40243800 Exception <a 'java/security/PrivilegedActionException'> (0x00000000ed2597a0) thrown at [/HUDSON/workspace/8-2-build-linux-amd64/jdk8u20/1074/hotspot/src/share/vm/prims/jvm.cpp, line 1275]
Event: 10.823 Thread 0x00007f5ae8d71800 Exception <a 'java/security/PrivilegedActionException'> (0x00000000ed30ca90) thrown at [/HUDSON/workspace/8-2-build-linux-amd64/jdk8u20/1074/hotspot/src/share/vm/prims/jvm.cpp, line 1275]

Events (10 events):
Event: 11.067 Thread 0x00007f5ae8d71800 DEOPT PACKING pc=0x00007f5b31325bc8 sp=0x00007f5af3145280
Event: 11.067 Thread 0x00007f5ae8d71800 DEOPT UNPACKING pc=0x00007f5b31046f73 sp=0x00007f5af31452e0 mode 0
Event: 11.078 Thread 0x00007f5ae8d71800 DEOPT PACKING pc=0x00007f5b31325bc8 sp=0x00007f5af3145280
Event: 11.078 Thread 0x00007f5ae8d71800 DEOPT UNPACKING pc=0x00007f5b31046f73 sp=0x00007f5af31452e0 mode 0
Event: 11.088 Thread 0x00007f5ae8d71800 DEOPT PACKING pc=0x00007f5b31325bc8 sp=0x00007f5af3145280
Event: 11.088 Thread 0x00007f5ae8d71800 DEOPT UNPACKING pc=0x00007f5b31046f73 sp=0x00007f5af31452e0 mode 0
Event: 11.099 Thread 0x00007f5ae8d71800 DEOPT PACKING pc=0x00007f5b31325bc8 sp=0x00007f5af3145280
Event: 11.099 Thread 0x00007f5ae8d71800 DEOPT UNPACKING pc=0x00007f5b31046f73 sp=0x00007f5af31452e0 mode 0
Event: 11.647 Thread 0x00007f5ae8d71800 DEOPT PACKING pc=0x00007f5b3134b517 sp=0x00007f5af3145590
Event: 11.647 Thread 0x00007f5ae8d71800 DEOPT UNPACKING pc=0x00007f5b31046f73 sp=0x00007f5af3145300 mode 0


Dynamic libraries:
00400000-00401000 r-xp 00000000 08:06 28579635                           /home/john/jdk1.8.0_20/bin/java
00600000-00601000 rw-p 00000000 08:06 28579635                           /home/john/jdk1.8.0_20/bin/java
02543000-02564000 rw-p 00000000 00:00 0                                  [heap]
c6200000-c8900000 rw-p 00000000 00:00 0 
c8900000-ecb80000 ---p 00000000 00:00 0 
ecb80000-ede80000 rw-p 00000000 00:00 0 
ede80000-100000000 ---p 00000000 00:00 0 
100000000-100180000 rw-p 00000000 00:00 0 
100180000-140000000 ---p 00000000 00:00 0 
7f5ac0000000-7f5ac0021000 rw-p 00000000 00:00 0 
7f5ac0021000-7f5ac4000000 ---p 00000000 00:00 0 
7f5ac8000000-7f5ac8021000 rw-p 00000000 00:00 0 
7f5ac8021000-7f5acc000000 ---p 00000000 00:00 0 
7f5acc000000-7f5acc021000 rw-p 00000000 00:00 0 
7f5acc021000-7f5ad0000000 ---p 00000000 00:00 0 
7f5ad0000000-7f5ad0021000 rw-p 00000000 00:00 0 
7f5ad0021000-7f5ad4000000 ---p 00000000 00:00 0 
7f5ad5363000-7f5ad5364000 ---p 00000000 00:00 0 
7f5ad5364000-7f5ad5b64000 rw-p 00000000 00:00 0 
7f5ad5b64000-7f5ad5b65000 ---p 00000000 00:00 0 
7f5ad5b65000-7f5ad6365000 rw-p 00000000 00:00 0 
7f5ad6365000-7f5ad6366000 ---p 00000000 00:00 0 
7f5ad6366000-7f5ad6b66000 rw-p 00000000 00:00 0                          [stack:11172]
7f5ad6b66000-7f5ad6b67000 ---p 00000000 00:00 0 
7f5ad6b67000-7f5ad7367000 rw-p 00000000 00:00 0                          [stack:11066]
7f5ad7367000-7f5ad7368000 ---p 00000000 00:00 0 
7f5ad7368000-7f5ad7b68000 rw-p 00000000 00:00 0                          [stack:11065]
7f5ad7b68000-7f5ad7b69000 ---p 00000000 00:00 0 
7f5ad7b69000-7f5ad8369000 rw-p 00000000 00:00 0                          [stack:11062]
7f5ad8369000-7f5ad836a000 ---p 00000000 00:00 0 
7f5ad836a000-7f5ad93f0000 rw-p 00000000 00:00 0                          [stack:11061]
7f5ad93f0000-7f5ad93f1000 ---p 00000000 00:00 0 
7f5ad93f1000-7f5adc000000 rw-p 00000000 00:00 0                          [stack:11060]
7f5adc000000-7f5adc04e000 rw-p 00000000 00:00 0 
7f5adc04e000-7f5ae0000000 ---p 00000000 00:00 0 
7f5ae0000000-7f5ae0021000 rw-p 00000000 00:00 0 
7f5ae0021000-7f5ae4000000 ---p 00000000 00:00 0 
7f5ae4000000-7f5ae4021000 rw-p 00000000 00:00 0 
7f5ae4021000-7f5ae8000000 ---p 00000000 00:00 0 
7f5ae8000000-7f5ae8de2000 rw-p 00000000 00:00 0 
7f5ae8de2000-7f5aec000000 ---p 00000000 00:00 0 
7f5aec000000-7f5aec280000 rw-p 00000000 00:00 0 
7f5aec280000-7f5af0000000 ---p 00000000 00:00 0 
7f5af009b000-7f5af009e000 ---p 00000000 00:00 0 
7f5af009e000-7f5af25ab000 rw-p 00000000 00:00 0                          [stack:11064]
7f5af25ab000-7f5af2603000 r-xp 00000000 08:06 27922299                   /usr/local/lib/libwdspj.so
7f5af2603000-7f5af2802000 ---p 00058000 08:06 27922299                   /usr/local/lib/libwdspj.so
7f5af2802000-7f5af2803000 r--p 00057000 08:06 27922299                   /usr/local/lib/libwdspj.so
7f5af2803000-7f5af2804000 rw-p 00058000 08:06 27922299                   /usr/local/lib/libwdspj.so
7f5af2804000-7f5af280d000 rw-p 00000000 00:00 0 
7f5af280d000-7f5af2911000 r-xp 00000000 08:06 27927958                   /usr/local/lib/libfftw3.so.3.3.2
7f5af2911000-7f5af2b10000 ---p 00104000 08:06 27927958                   /usr/local/lib/libfftw3.so.3.3.2
7f5af2b10000-7f5af2b17000 r--p 00103000 08:06 27927958                   /usr/local/lib/libfftw3.so.3.3.2
7f5af2b17000-7f5af2b18000 rw-p 0010a000 08:06 27927958                   /usr/local/lib/libfftw3.so.3.3.2
7f5af2b18000-7f5af2b1b000 ---p 00000000 00:00 0 
7f5af2b1b000-7f5af2d19000 rw-p 00000000 00:00 0                          [stack:11059]
7f5af2d19000-7f5af2e19000 ---p 00000000 00:00 0 
7f5af2e19000-7f5af2e43000 r-xp 00000000 08:06 3146423                    /home/john/jdk1.8.0_20/jre/lib/amd64/libdcpr.so
7f5af2e43000-7f5af3043000 ---p 0002a000 08:06 3146423                    /home/john/jdk1.8.0_20/jre/lib/amd64/libdcpr.so
7f5af3043000-7f5af3046000 rw-p 0002a000 08:06 3146423                    /home/john/jdk1.8.0_20/jre/lib/amd64/libdcpr.so
7f5af3046000-7f5af3049000 ---p 00000000 00:00 0 
7f5af3049000-7f5af3147000 rw-p 00000000 00:00 0                          [stack:11063]
7f5af3147000-7f5af31b0000 r-xp 00000000 08:06 3146435                    /home/john/jdk1.8.0_20/jre/lib/amd64/libt2k.so
7f5af31b0000-7f5af33af000 ---p 00069000 08:06 3146435                    /home/john/jdk1.8.0_20/jre/lib/amd64/libt2k.so
7f5af33af000-7f5af33b6000 rw-p 00068000 08:06 3146435                    /home/john/jdk1.8.0_20/jre/lib/amd64/libt2k.so
7f5af33b6000-7f5af35c6000 rw-p 00000000 00:00 0 
7f5af35c6000-7f5af35d7000 r-xp 00000000 08:06 3146470                    /home/john/jdk1.8.0_20/jre/lib/amd64/libnio.so
7f5af35d7000-7f5af37d6000 ---p 00011000 08:06 3146470                    /home/john/jdk1.8.0_20/jre/lib/amd64/libnio.so
7f5af37d6000-7f5af37d7000 rw-p 00010000 08:06 3146470                    /home/john/jdk1.8.0_20/jre/lib/amd64/libnio.so
7f5af37d7000-7f5af37ed000 r-xp 00000000 08:06 3146467                    /home/john/jdk1.8.0_20/jre/lib/amd64/libnet.so
7f5af37ed000-7f5af39ed000 ---p 00016000 08:06 3146467                    /home/john/jdk1.8.0_20/jre/lib/amd64/libnet.so
7f5af39ed000-7f5af39ee000 rw-p 00016000 08:06 3146467                    /home/john/jdk1.8.0_20/jre/lib/amd64/libnet.so
7f5af39ee000-7f5af39f1000 ---p 00000000 00:00 0 
7f5af39f1000-7f5af3aef000 rw-p 00000000 00:00 0                          [stack:11057]
7f5af3aef000-7f5af3af2000 ---p 00000000 00:00 0 
7f5af3af2000-7f5af3bf0000 rw-p 00000000 00:00 0                          [stack:11056]
7f5af3bf0000-7f5af3bf5000 r-xp 00000000 08:06 27532859                   /usr/lib/x86_64-linux-gnu/libXfixes.so.3.1.0
7f5af3bf5000-7f5af3df4000 ---p 00005000 08:06 27532859                   /usr/lib/x86_64-linux-gnu/libXfixes.so.3.1.0
7f5af3df4000-7f5af3df5000 r--p 00004000 08:06 27532859                   /usr/lib/x86_64-linux-gnu/libXfixes.so.3.1.0
7f5af3df5000-7f5af3df6000 rw-p 00005000 08:06 27532859                   /usr/lib/x86_64-linux-gnu/libXfixes.so.3.1.0
7f5af3df6000-7f5af3dff000 r-xp 00000000 08:06 27532851                   /usr/lib/x86_64-linux-gnu/libXcursor.so.1.0.2
7f5af3dff000-7f5af3ffe000 ---p 00009000 08:06 27532851                   /usr/lib/x86_64-linux-gnu/libXcursor.so.1.0.2
7f5af3ffe000-7f5af3fff000 r--p 00008000 08:06 27532851                   /usr/lib/x86_64-linux-gnu/libXcursor.so.1.0.2
7f5af3fff000-7f5af4000000 rw-p 00009000 08:06 27532851                   /usr/lib/x86_64-linux-gnu/libXcursor.so.1.0.2
7f5af4000000-7f5af4021000 rw-p 00000000 00:00 0 
7f5af4021000-7f5af8000000 ---p 00000000 00:00 0 
7f5af8000000-7f5af8021000 rw-p 00000000 00:00 0 
7f5af8021000-7f5afc000000 ---p 00000000 00:00 0 
7f5afc000000-7f5afc638000 rw-p 00000000 00:00 0 
7f5afc638000-7f5b00000000 ---p 00000000 00:00 0 
7f5b00000000-7f5b00021000 rw-p 00000000 00:00 0 
7f5b00021000-7f5b04000000 ---p 00000000 00:00 0 
7f5b04000000-7f5b043db000 rw-p 00000000 00:00 0 
7f5b043db000-7f5b08000000 ---p 00000000 00:00 0 
7f5b08000000-7f5b083e6000 rw-p 00000000 00:00 0 
7f5b083e6000-7f5b0c000000 ---p 00000000 00:00 0 
7f5b0c000000-7f5b0c021000 rw-p 00000000 00:00 0 
7f5b0c021000-7f5b10000000 ---p 00000000 00:00 0 
7f5b10000000-7f5b10021000 rw-p 00000000 00:00 0 
7f5b10021000-7f5b14000000 ---p 00000000 00:00 0 
7f5b14000000-7f5b14021000 rw-p 00000000 00:00 0 
7f5b14021000-7f5b18000000 ---p 00000000 00:00 0 
7f5b18000000-7f5b18021000 rw-p 00000000 00:00 0 
7f5b18021000-7f5b1c000000 ---p 00000000 00:00 0 
7f5b1c000000-7f5b1c021000 rw-p 00000000 00:00 0 
7f5b1c021000-7f5b20000000 ---p 00000000 00:00 0 
7f5b20000000-7f5b20021000 rw-p 00000000 00:00 0 
7f5b20021000-7f5b24000000 ---p 00000000 00:00 0 
7f5b24000000-7f5b24021000 rw-p 00000000 00:00 0 
7f5b24021000-7f5b28000000 ---p 00000000 00:00 0 
7f5b2809d000-7f5b280a0000 ---p 00000000 00:00 0 
7f5b280a0000-7f5b2819e000 rw-p 00000000 00:00 0                          [stack:11055]
7f5b2819e000-7f5b281a1000 ---p 00000000 00:00 0 
7f5b281a1000-7f5b2829f000 rw-p 00000000 00:00 0                          [stack:11054]
7f5b2829f000-7f5b282b5000 r-xp 00000000 08:06 14417925                   /lib/x86_64-linux-gnu/libgcc_s.so.1
7f5b282b5000-7f5b284b4000 ---p 00016000 08:06 14417925                   /lib/x86_64-linux-gnu/libgcc_s.so.1
7f5b284b4000-7f5b284b5000 rw-p 00015000 08:06 14417925                   /lib/x86_64-linux-gnu/libgcc_s.so.1
7f5b284b5000-7f5b2851a000 r-xp 00000000 08:06 3146452                    /home/john/jdk1.8.0_20/jre/lib/amd64/libfontmanager.so
7f5b2851a000-7f5b28719000 ---p 00065000 08:06 3146452                    /home/john/jdk1.8.0_20/jre/lib/amd64/libfontmanager.so
7f5b28719000-7f5b2871d000 rw-p 00064000 08:06 3146452                    /home/john/jdk1.8.0_20/jre/lib/amd64/libfontmanager.so
7f5b2871d000-7f5b2872e000 rw-p 00000000 00:00 0 
7f5b2872e000-7f5b28733000 r-xp 00000000 08:06 27532855                   /usr/lib/x86_64-linux-gnu/libXdmcp.so.6.0.0
7f5b28733000-7f5b28932000 ---p 00005000 08:06 27532855                   /usr/lib/x86_64-linux-gnu/libXdmcp.so.6.0.0
7f5b28932000-7f5b28933000 r--p 00004000 08:06 27532855                   /usr/lib/x86_64-linux-gnu/libXdmcp.so.6.0.0
7f5b28933000-7f5b28934000 rw-p 00005000 08:06 27532855                   /usr/lib/x86_64-linux-gnu/libXdmcp.so.6.0.0
7f5b28934000-7f5b28936000 r-xp 00000000 08:06 27532844                   /usr/lib/x86_64-linux-gnu/libXau.so.6.0.0
7f5b28936000-7f5b28b36000 ---p 00002000 08:06 27532844                   /usr/lib/x86_64-linux-gnu/libXau.so.6.0.0
7f5b28b36000-7f5b28b37000 r--p 00002000 08:06 27532844                   /usr/lib/x86_64-linux-gnu/libXau.so.6.0.0
7f5b28b37000-7f5b28b38000 rw-p 00003000 08:06 27532844                   /usr/lib/x86_64-linux-gnu/libXau.so.6.0.0
7f5b28b38000-7f5b28b55000 r-xp 00000000 08:06 27533914                   /usr/lib/x86_64-linux-gnu/libxcb.so.1.1.0
7f5b28b55000-7f5b28d55000 ---p 0001d000 08:06 27533914                   /usr/lib/x86_64-linux-gnu/libxcb.so.1.1.0
7f5b28d55000-7f5b28d56000 r--p 0001d000 08:06 27533914                   /usr/lib/x86_64-linux-gnu/libxcb.so.1.1.0
7f5b28d56000-7f5b28d57000 rw-p 0001e000 08:06 27533914                   /usr/lib/x86_64-linux-gnu/libxcb.so.1.1.0
7f5b28d57000-7f5b28d66000 r-xp 00000000 08:06 27532865                   /usr/lib/x86_64-linux-gnu/libXi.so.6.1.0
7f5b28d66000-7f5b28f65000 ---p 0000f000 08:06 27532865                   /usr/lib/x86_64-linux-gnu/libXi.so.6.1.0
7f5b28f65000-7f5b28f66000 r--p 0000e000 08:06 27532865                   /usr/lib/x86_64-linux-gnu/libXi.so.6.1.0
7f5b28f66000-7f5b28f67000 rw-p 0000f000 08:06 27532865                   /usr/lib/x86_64-linux-gnu/libXi.so.6.1.0
7f5b28f67000-7f5b28f6c000 r-xp 00000000 08:06 27532885                   /usr/lib/x86_64-linux-gnu/libXtst.so.6.1.0
7f5b28f6c000-7f5b2916b000 ---p 00005000 08:06 27532885                   /usr/lib/x86_64-linux-gnu/libXtst.so.6.1.0
7f5b2916b000-7f5b2916c000 r--p 00004000 08:06 27532885                   /usr/lib/x86_64-linux-gnu/libXtst.so.6.1.0
7f5b2916c000-7f5b2916d000 rw-p 00005000 08:06 27532885                   /usr/lib/x86_64-linux-gnu/libXtst.so.6.1.0
7f5b2916d000-7f5b29176000 r-xp 00000000 08:06 27532879                   /usr/lib/x86_64-linux-gnu/libXrender.so.1.3.0
7f5b29176000-7f5b29375000 ---p 00009000 08:06 27532879                   /usr/lib/x86_64-linux-gnu/libXrender.so.1.3.0
7f5b29375000-7f5b29376000 r--p 00008000 08:06 27532879                   /usr/lib/x86_64-linux-gnu/libXrender.so.1.3.0
7f5b29376000-7f5b29377000 rw-p 00009000 08:06 27532879                   /usr/lib/x86_64-linux-gnu/libXrender.so.1.3.0
7f5b29377000-7f5b294a7000 r-xp 00000000 08:06 27532840                   /usr/lib/x86_64-linux-gnu/libX11.so.6.3.0
7f5b294a7000-7f5b296a7000 ---p 00130000 08:06 27532840                   /usr/lib/x86_64-linux-gnu/libX11.so.6.3.0
7f5b296a7000-7f5b296a8000 r--p 00130000 08:06 27532840                   /usr/lib/x86_64-linux-gnu/libX11.so.6.3.0
7f5b296a8000-7f5b296ac000 rw-p 00131000 08:06 27532840                   /usr/lib/x86_64-linux-gnu/libX11.so.6.3.0
7f5b296ac000-7f5b296bd000 r-xp 00000000 08:06 27532857                   /usr/lib/x86_64-linux-gnu/libXext.so.6.4.0
7f5b296bd000-7f5b298bc000 ---p 00011000 08:06 27532857                   /usr/lib/x86_64-linux-gnu/libXext.so.6.4.0
7f5b298bc000-7f5b298bd000 r--p 00010000 08:06 27532857                   /usr/lib/x86_64-linux-gnu/libXext.so.6.4.0
7f5b298bd000-7f5b298be000 rw-p 00011000 08:06 27532857                   /usr/lib/x86_64-linux-gnu/libXext.so.6.4.0
7f5b298c4000-7f5b298e0000 r--s 00393000 08:06 3146303                    /home/john/jdk1.8.0_20/jre/lib/ext/cldrdata.jar
7f5b298e0000-7f5b29934000 r-xp 00000000 08:06 3146474                    /home/john/jdk1.8.0_20/jre/lib/amd64/libawt_xawt.so
7f5b29934000-7f5b29b34000 ---p 00054000 08:06 3146474                    /home/john/jdk1.8.0_20/jre/lib/amd64/libawt_xawt.so
7f5b29b34000-7f5b29b38000 rw-p 00054000 08:06 3146474                    /home/john/jdk1.8.0_20/jre/lib/amd64/libawt_xawt.so
7f5b29b38000-7f5b29b39000 rw-p 00000000 00:00 0 
7f5b29b39000-7f5b29bdb000 r-xp 00000000 08:06 3146460                    /home/john/jdk1.8.0_20/jre/lib/amd64/libawt.so
7f5b29bdb000-7f5b29ddb000 ---p 000a2000 08:06 3146460                    /home/john/jdk1.8.0_20/jre/lib/amd64/libawt.so
7f5b29ddb000-7f5b29de7000 rw-p 000a2000 08:06 3146460                    /home/john/jdk1.8.0_20/jre/lib/amd64/libawt.so
7f5b29de7000-7f5b29e0b000 rw-p 00000000 00:00 0 
7f5b29e0b000-7f5b29e0c000 ---p 00000000 00:00 0 
7f5b29e0c000-7f5b29f0c000 rw-p 00000000 00:00 0                          [stack:11053]
7f5b29f0c000-7f5b29f0f000 ---p 00000000 00:00 0 
7f5b29f0f000-7f5b2a00d000 rw-p 00000000 00:00 0                          [stack:11052]
7f5b2a00d000-7f5b2a010000 ---p 00000000 00:00 0 
7f5b2a010000-7f5b2a10e000 rw-p 00000000 00:00 0                          [stack:11051]
7f5b2a10e000-7f5b2a111000 ---p 00000000 00:00 0 
7f5b2a111000-7f5b2a20f000 rw-p 00000000 00:00 0                          [stack:11050]
7f5b2a20f000-7f5b2a212000 ---p 00000000 00:00 0 
7f5b2a212000-7f5b2c000000 rw-p 00000000 00:00 0                          [stack:11049]
7f5b2c000000-7f5b2c021000 rw-p 00000000 00:00 0 
7f5b2c021000-7f5b30000000 ---p 00000000 00:00 0 
7f5b30015000-7f5b30018000 ---p 00000000 00:00 0 
7f5b30018000-7f5b30116000 rw-p 00000000 00:00 0                          [stack:11048]
7f5b30116000-7f5b307f8000 r--p 00000000 08:06 27531858                   /usr/lib/locale/locale-archive
7f5b307f8000-7f5b307fb000 ---p 00000000 00:00 0 
7f5b307fb000-7f5b308f9000 rw-p 00000000 00:00 0                          [stack:11047]
7f5b308f9000-7f5b308fc000 ---p 00000000 00:00 0 
7f5b308fc000-7f5b309fa000 rw-p 00000000 00:00 0                          [stack:11046]
7f5b309fa000-7f5b309fb000 ---p 00000000 00:00 0 
7f5b309fb000-7f5b31000000 rw-p 00000000 00:00 0                          [stack:11045]
7f5b31000000-7f5b313b0000 rwxp 00000000 00:00 0 
7f5b313b0000-7f5b40000000 ---p 00000000 00:00 0 
7f5b40000000-7f5b404ae000 rw-p 00000000 00:00 0 
7f5b404ae000-7f5b44000000 ---p 00000000 00:00 0 
7f5b4400b000-7f5b4400f000 rw-s 00000000 00:04 1031536654                 /SYSV00000000 (deleted)
7f5b4400f000-7f5b44019000 r--s 00116000 08:06 3146309                    /home/john/jdk1.8.0_20/jre/lib/ext/localedata.jar
7f5b44019000-7f5b44ac8000 rw-p 00000000 00:00 0 
7f5b44ac8000-7f5b44c9e000 r--s 03ca8000 08:06 2885685                    /home/john/jdk1.8.0_20/jre/lib/rt.jar
7f5b44c9e000-7f5b456e3000 rw-p 00000000 00:00 0 
7f5b456e3000-7f5b456e4000 ---p 00000000 00:00 0 
7f5b456e4000-7f5b457e4000 rw-p 00000000 00:00 0                          [stack:11044]
7f5b457e4000-7f5b457e5000 ---p 00000000 00:00 0 
7f5b457e5000-7f5b458e5000 rw-p 00000000 00:00 0                          [stack:11043]
7f5b458e5000-7f5b458e6000 ---p 00000000 00:00 0 
7f5b458e6000-7f5b459e6000 rw-p 00000000 00:00 0                          [stack:11042]
7f5b459e6000-7f5b459e7000 ---p 00000000 00:00 0 
7f5b459e7000-7f5b45afb000 rw-p 00000000 00:00 0                          [stack:11041]
7f5b45afb000-7f5b45c1c000 ---p 00000000 00:00 0 
7f5b45c1c000-7f5b45c30000 rw-p 00000000 00:00 0 
7f5b45c30000-7f5b45d50000 ---p 00000000 00:00 0 
7f5b45d50000-7f5b45d5b000 rw-p 00000000 00:00 0 
7f5b45d5b000-7f5b45deb000 ---p 00000000 00:00 0 
7f5b45deb000-7f5b45dfb000 rw-p 00000000 00:00 0 
7f5b45dfb000-7f5b461ac000 ---p 00000000 00:00 0 
7f5b461ac000-7f5b461c6000 r-xp 00000000 08:06 3146463                    /home/john/jdk1.8.0_20/jre/lib/amd64/libzip.so
7f5b461c6000-7f5b463c6000 ---p 0001a000 08:06 3146463                    /home/john/jdk1.8.0_20/jre/lib/amd64/libzip.so
7f5b463c6000-7f5b463c7000 rw-p 0001a000 08:06 3146463                    /home/john/jdk1.8.0_20/jre/lib/amd64/libzip.so
7f5b463c7000-7f5b463d2000 r-xp 00000000 08:06 14423904                   /lib/x86_64-linux-gnu/libnss_files-2.19.so
7f5b463d2000-7f5b465d1000 ---p 0000b000 08:06 14423904                   /lib/x86_64-linux-gnu/libnss_files-2.19.so
7f5b465d1000-7f5b465d2000 r--p 0000a000 08:06 14423904                   /lib/x86_64-linux-gnu/libnss_files-2.19.so
7f5b465d2000-7f5b465d3000 rw-p 0000b000 08:06 14423904                   /lib/x86_64-linux-gnu/libnss_files-2.19.so
7f5b465d3000-7f5b465de000 r-xp 00000000 08:06 14425471                   /lib/x86_64-linux-gnu/libnss_nis-2.19.so
7f5b465de000-7f5b467dd000 ---p 0000b000 08:06 14425471                   /lib/x86_64-linux-gnu/libnss_nis-2.19.so
7f5b467dd000-7f5b467de000 r--p 0000a000 08:06 14425471                   /lib/x86_64-linux-gnu/libnss_nis-2.19.so
7f5b467de000-7f5b467df000 rw-p 0000b000 08:06 14425471                   /lib/x86_64-linux-gnu/libnss_nis-2.19.so
7f5b467df000-7f5b467f6000 r-xp 00000000 08:06 14425460                   /lib/x86_64-linux-gnu/libnsl-2.19.so
7f5b467f6000-7f5b469f5000 ---p 00017000 08:06 14425460                   /lib/x86_64-linux-gnu/libnsl-2.19.so
7f5b469f5000-7f5b469f6000 r--p 00016000 08:06 14425460                   /lib/x86_64-linux-gnu/libnsl-2.19.so
7f5b469f6000-7f5b469f7000 rw-p 00017000 08:06 14425460                   /lib/x86_64-linux-gnu/libnsl-2.19.so
7f5b469f7000-7f5b469f9000 rw-p 00000000 00:00 0 
7f5b469f9000-7f5b46a02000 r-xp 00000000 08:06 14425459                   /lib/x86_64-linux-gnu/libnss_compat-2.19.so
7f5b46a02000-7f5b46c01000 ---p 00009000 08:06 14425459                   /lib/x86_64-linux-gnu/libnss_compat-2.19.so
7f5b46c01000-7f5b46c02000 r--p 00008000 08:06 14425459                   /lib/x86_64-linux-gnu/libnss_compat-2.19.so
7f5b46c02000-7f5b46c03000 rw-p 00009000 08:06 14425459                   /lib/x86_64-linux-gnu/libnss_compat-2.19.so
7f5b46c03000-7f5b46c2d000 r-xp 00000000 08:06 3146458                    /home/john/jdk1.8.0_20/jre/lib/amd64/libjava.so
7f5b46c2d000-7f5b46e2d000 ---p 0002a000 08:06 3146458                    /home/john/jdk1.8.0_20/jre/lib/amd64/libjava.so
7f5b46e2d000-7f5b46e2f000 rw-p 0002a000 08:06 3146458                    /home/john/jdk1.8.0_20/jre/lib/amd64/libjava.so
7f5b46e2f000-7f5b46e3c000 r-xp 00000000 08:06 3146462                    /home/john/jdk1.8.0_20/jre/lib/amd64/libverify.so
7f5b46e3c000-7f5b4703c000 ---p 0000d000 08:06 3146462                    /home/john/jdk1.8.0_20/jre/lib/amd64/libverify.so
7f5b4703c000-7f5b4703e000 rw-p 0000d000 08:06 3146462                    /home/john/jdk1.8.0_20/jre/lib/amd64/libverify.so
7f5b4703e000-7f5b47045000 r-xp 00000000 08:06 14425468                   /lib/x86_64-linux-gnu/librt-2.19.so
7f5b47045000-7f5b47244000 ---p 00007000 08:06 14425468                   /lib/x86_64-linux-gnu/librt-2.19.so
7f5b47244000-7f5b47245000 r--p 00006000 08:06 14425468                   /lib/x86_64-linux-gnu/librt-2.19.so
7f5b47245000-7f5b47246000 rw-p 00007000 08:06 14425468                   /lib/x86_64-linux-gnu/librt-2.19.so
7f5b47246000-7f5b4734b000 r-xp 00000000 08:06 14423902                   /lib/x86_64-linux-gnu/libm-2.19.so
7f5b4734b000-7f5b4754a000 ---p 00105000 08:06 14423902                   /lib/x86_64-linux-gnu/libm-2.19.so
7f5b4754a000-7f5b4754b000 r--p 00104000 08:06 14423902                   /lib/x86_64-linux-gnu/libm-2.19.so
7f5b4754b000-7f5b4754c000 rw-p 00105000 08:06 14423902                   /lib/x86_64-linux-gnu/libm-2.19.so
7f5b4754c000-7f5b481b6000 r-xp 00000000 08:06 3146444                    /home/john/jdk1.8.0_20/jre/lib/amd64/server/libjvm.so
7f5b481b6000-7f5b483b5000 ---p 00c6a000 08:06 3146444                    /home/john/jdk1.8.0_20/jre/lib/amd64/server/libjvm.so
7f5b483b5000-7f5b4848c000 rw-p 00c69000 08:06 3146444                    /home/john/jdk1.8.0_20/jre/lib/amd64/server/libjvm.so
7f5b4848c000-7f5b484ce000 rw-p 00000000 00:00 0 
7f5b484ce000-7f5b48689000 r-xp 00000000 08:06 14425465                   /lib/x86_64-linux-gnu/libc-2.19.so
7f5b48689000-7f5b48888000 ---p 001bb000 08:06 14425465                   /lib/x86_64-linux-gnu/libc-2.19.so
7f5b48888000-7f5b4888c000 r--p 001ba000 08:06 14425465                   /lib/x86_64-linux-gnu/libc-2.19.so
7f5b4888c000-7f5b4888e000 rw-p 001be000 08:06 14425465                   /lib/x86_64-linux-gnu/libc-2.19.so
7f5b4888e000-7f5b48893000 rw-p 00000000 00:00 0 
7f5b48893000-7f5b48896000 r-xp 00000000 08:06 14425454                   /lib/x86_64-linux-gnu/libdl-2.19.so
7f5b48896000-7f5b48a95000 ---p 00003000 08:06 14425454                   /lib/x86_64-linux-gnu/libdl-2.19.so
7f5b48a95000-7f5b48a96000 r--p 00002000 08:06 14425454                   /lib/x86_64-linux-gnu/libdl-2.19.so
7f5b48a96000-7f5b48a97000 rw-p 00003000 08:06 14425454                   /lib/x86_64-linux-gnu/libdl-2.19.so
7f5b48a97000-7f5b48aac000 r-xp 00000000 08:06 2885489                    /home/john/jdk1.8.0_20/lib/amd64/jli/libjli.so
7f5b48aac000-7f5b48cab000 ---p 00015000 08:06 2885489                    /home/john/jdk1.8.0_20/lib/amd64/jli/libjli.so
7f5b48cab000-7f5b48cac000 rw-p 00014000 08:06 2885489                    /home/john/jdk1.8.0_20/lib/amd64/jli/libjli.so
7f5b48cac000-7f5b48cc5000 r-xp 00000000 08:06 14425466                   /lib/x86_64-linux-gnu/libpthread-2.19.so
7f5b48cc5000-7f5b48ec4000 ---p 00019000 08:06 14425466                   /lib/x86_64-linux-gnu/libpthread-2.19.so
7f5b48ec4000-7f5b48ec5000 r--p 00018000 08:06 14425466                   /lib/x86_64-linux-gnu/libpthread-2.19.so
7f5b48ec5000-7f5b48ec6000 rw-p 00019000 08:06 14425466                   /lib/x86_64-linux-gnu/libpthread-2.19.so
7f5b48ec6000-7f5b48eca000 rw-p 00000000 00:00 0 
7f5b48eca000-7f5b48eed000 r-xp 00000000 08:06 14425462                   /lib/x86_64-linux-gnu/ld-2.19.so
7f5b48ef0000-7f5b48ef1000 r--p 00000000 08:06 664782                     /usr/share/locale-langpack/en_GB/LC_MESSAGES/libc.mo
7f5b48ef1000-7f5b48fc3000 rw-p 00000000 00:00 0 
7f5b48fc3000-7f5b48fc6000 ---p 00000000 00:00 0 
7f5b48fc6000-7f5b490c8000 rw-p 00000000 00:00 0                          [stack:11040]
7f5b490c8000-7f5b490cd000 r--s 002f8000 08:06 2885683                    /home/john/jdk1.8.0_20/jre/lib/charsets.jar
7f5b490cd000-7f5b490e0000 rw-p 00000000 00:00 0 
7f5b490e0000-7f5b490e8000 rw-s 00000000 08:06 24117542                   /tmp/hsperfdata_john/11036
7f5b490e8000-7f5b490e9000 rw-p 00000000 00:00 0 
7f5b490e9000-7f5b490ea000 r--p 00000000 00:00 0 
7f5b490ea000-7f5b490ec000 rw-p 00000000 00:00 0 
7f5b490ec000-7f5b490ed000 r--p 00022000 08:06 14425462                   /lib/x86_64-linux-gnu/ld-2.19.so
7f5b490ed000-7f5b490ee000 rw-p 00023000 08:06 14425462                   /lib/x86_64-linux-gnu/ld-2.19.so
7f5b490ee000-7f5b490ef000 rw-p 00000000 00:00 0 
7fffe500b000-7fffe502c000 rw-p 00000000 00:00 0                          [stack]
7fffe5062000-7fffe5064000 r-xp 00000000 00:00 0                          [vdso]
ffffffffff600000-ffffffffff601000 r-xp 00000000 00:00 0                  [vsyscall]

VM Arguments:
jvm_args: -Dfile.encoding=UTF-8 -Djava.library.path=/usr/local/lib 
java_command: org.g0orx.openhpsdr.OpenHPSDRJ
java_class_path (initial): /home/john/NetBeansProjects/openHPSDRJ/build/classes
Launcher Type: SUN_STANDARD

Environment Variables:
PATH=/usr/local/sbin:/usr/local/bin:/usr/sbin:/usr/bin:/sbin:/bin:/usr/games:/usr/local/games
LD_LIBRARY_PATH=/home/john/jdk1.8.0_20/jre/lib/amd64:/home/john/jdk1.8.0_20/jre/lib/i386:
SHELL=/bin/bash
DISPLAY=:0.0

Signal Handlers:
SIGSEGV: [libjvm.so+0xa77530], sa_mask[0]=11111111011111111101111111111110, sa_flags=SA_RESTART|SA_SIGINFO
SIGBUS: [libjvm.so+0xa77530], sa_mask[0]=11111111011111111101111111111110, sa_flags=SA_RESTART|SA_SIGINFO
SIGFPE: [libjvm.so+0x8e1d90], sa_mask[0]=11111111011111111101111111111110, sa_flags=SA_RESTART|SA_SIGINFO
SIGPIPE: [libjvm.so+0x8e1d90], sa_mask[0]=11111111011111111101111111111110, sa_flags=SA_RESTART|SA_SIGINFO
SIGXFSZ: [libjvm.so+0x8e1d90], sa_mask[0]=11111111011111111101111111111110, sa_flags=SA_RESTART|SA_SIGINFO
SIGILL: [libjvm.so+0x8e1d90], sa_mask[0]=11111111011111111101111111111110, sa_flags=SA_RESTART|SA_SIGINFO
SIGUSR1: SIG_DFL, sa_mask[0]=00000000000000000000000000000000, sa_flags=none
SIGUSR2: [libjvm.so+0x8e35c0], sa_mask[0]=00100000000000000000000000000000, sa_flags=SA_RESTART|SA_SIGINFO
SIGHUP: [libjvm.so+0x8e4980], sa_mask[0]=11111111011111111101111111111110, sa_flags=SA_RESTART|SA_SIGINFO
SIGINT: SIG_IGN, sa_mask[0]=00000000000000000000000000000000, sa_flags=none
SIGTERM: [libjvm.so+0x8e4980], sa_mask[0]=11111111011111111101111111111110, sa_flags=SA_RESTART|SA_SIGINFO
SIGQUIT: [libjvm.so+0x8e4980], sa_mask[0]=11111111011111111101111111111110, sa_flags=SA_RESTART|SA_SIGINFO


---------------  S Y S T E M  ---------------

OS:DISTRIB_ID=Ubuntu
DISTRIB_RELEASE=14.04
DISTRIB_CODENAME=trusty
DISTRIB_DESCRIPTION="Ubuntu 14.04.2 LTS"

uname:Linux 3.13.0-46-generic #79-Ubuntu SMP Tue Mar 10 20:06:50 UTC 2015 x86_64
libc:glibc 2.19 NPTL 2.19 
rlimit: STACK 8192k, CORE 0k, NPROC 29404, NOFILE 4096, AS infinity
load average:0.48 0.49 0.50

/proc/meminfo:
MemTotal:        3785356 kB
MemFree:          198832 kB
Buffers:           71180 kB
Cached:           660620 kB
SwapCached:        35172 kB
Active:          2392424 kB
Inactive:         837856 kB
Active(anon):    2173128 kB
Inactive(anon):   666324 kB
Active(file):     219296 kB
Inactive(file):   171532 kB
Unevictable:          64 kB
Mlocked:              64 kB
SwapTotal:       3926012 kB
SwapFree:        3584428 kB
Dirty:               112 kB
Writeback:             0 kB
AnonPages:       2476452 kB
Mapped:           110628 kB
Shmem:            340972 kB
Slab:             265124 kB
SReclaimable:     231720 kB
SUnreclaim:        33404 kB
KernelStack:        4208 kB
PageTables:        33276 kB
NFS_Unstable:          0 kB
Bounce:                0 kB
WritebackTmp:          0 kB
CommitLimit:     5818688 kB
Committed_AS:    6275592 kB
VmallocTotal:   34359738367 kB
VmallocUsed:      351548 kB
VmallocChunk:   34359377680 kB
HardwareCorrupted:     0 kB
AnonHugePages:    503808 kB
HugePages_Total:       0
HugePages_Free:        0
HugePages_Rsvd:        0
HugePages_Surp:        0
Hugepagesize:       2048 kB
DirectMap4k:       79744 kB
DirectMap2M:     3848192 kB


CPU:total 4 (2 cores per cpu, 2 threads per core) family 6 model 37 stepping 2, cmov, cx8, fxsr, mmx, sse, sse2, sse3, ssse3, sse4.1, sse4.2, popcnt, aes, clmul, ht, tsc, tscinvbit

/proc/cpuinfo:
processor	: 0
vendor_id	: GenuineIntel
cpu family	: 6
model		: 37
model name	: Intel(R) Core(TM) i5 CPU         650  @ 3.20GHz
stepping	: 2
microcode	: 0x9
cpu MHz		: 1197.000
cache size	: 4096 KB
physical id	: 0
siblings	: 4
core id		: 0
cpu cores	: 2
apicid		: 0
initial apicid	: 0
fpu		: yes
fpu_exception	: yes
cpuid level	: 11
wp		: yes
flags		: fpu vme de pse tsc msr pae mce cx8 apic sep mtrr pge mca cmov pat pse36 clflush dts acpi mmx fxsr sse sse2 ss ht tm pbe syscall nx rdtscp lm constant_tsc arch_perfmon pebs bts rep_good nopl xtopology nonstop_tsc aperfmperf pni pclmulqdq dtes64 monitor ds_cpl vmx smx est tm2 ssse3 cx16 xtpr pdcm sse4_1 sse4_2 popcnt aes lahf_lm ida arat dtherm tpr_shadow vnmi flexpriority ept vpid
bogomips	: 6400.38
clflush size	: 64
cache_alignment	: 64
address sizes	: 36 bits physical, 48 bits virtual
power management:

processor	: 1
vendor_id	: GenuineIntel
cpu family	: 6
model		: 37
model name	: Intel(R) Core(TM) i5 CPU         650  @ 3.20GHz
stepping	: 2
microcode	: 0x9
cpu MHz		: 1197.000
cache size	: 4096 KB
physical id	: 0
siblings	: 4
core id		: 2
cpu cores	: 2
apicid		: 4
initial apicid	: 4
fpu		: yes
fpu_exception	: yes
cpuid level	: 11
wp		: yes
flags		: fpu vme de pse tsc msr pae mce cx8 apic sep mtrr pge mca cmov pat pse36 clflush dts acpi mmx fxsr sse sse2 ss ht tm pbe syscall nx rdtscp lm constant_tsc arch_perfmon pebs bts rep_good nopl xtopology nonstop_tsc aperfmperf pni pclmulqdq dtes64 monitor ds_cpl vmx smx est tm2 ssse3 cx16 xtpr pdcm sse4_1 sse4_2 popcnt aes lahf_lm ida arat dtherm tpr_shadow vnmi flexpriority ept vpid
bogomips	: 6400.38
clflush size	: 64
cache_alignment	: 64
address sizes	: 36 bits physical, 48 bits virtual
power management:

processor	: 2
vendor_id	: GenuineIntel
cpu family	: 6
model		: 37
model name	: Intel(R) Core(TM) i5 CPU         650  @ 3.20GHz
stepping	: 2
microcode	: 0x9
cpu MHz		: 1596.000
cache size	: 4096 KB
physical id	: 0
siblings	: 4
core id		: 0
cpu cores	: 2
apicid		: 1
initial apicid	: 1
fpu		: yes
fpu_exception	: yes
cpuid level	: 11
wp		: yes
flags		: fpu vme de pse tsc msr pae mce cx8 apic sep mtrr pge mca cmov pat pse36 clflush dts acpi mmx fxsr sse sse2 ss ht tm pbe syscall nx rdtscp lm constant_tsc arch_perfmon pebs bts rep_good nopl xtopology nonstop_tsc aperfmperf pni pclmulqdq dtes64 monitor ds_cpl vmx smx est tm2 ssse3 cx16 xtpr pdcm sse4_1 sse4_2 popcnt aes lahf_lm ida arat dtherm tpr_shadow vnmi flexpriority ept vpid
bogomips	: 6400.38
clflush size	: 64
cache_alignment	: 64
address sizes	: 36 bits physical, 48 bits virtual
power management:

processor	: 3
vendor_id	: GenuineIntel
cpu family	: 6
model		: 37
model name	: Intel(R) Core(TM) i5 CPU         650  @ 3.20GHz
stepping	: 2
microcode	: 0x9
cpu MHz		: 3193.000
cache size	: 4096 KB
physical id	: 0
siblings	: 4
core id		: 2
cpu cores	: 2
apicid		: 5
initial apicid	: 5
fpu		: yes
fpu_exception	: yes
cpuid level	: 11
wp		: yes
flags		: fpu vme de pse tsc msr pae mce cx8 apic sep mtrr pge mca cmov pat pse36 clflush dts acpi mmx fxsr sse sse2 ss ht tm pbe syscall nx rdtscp lm constant_tsc arch_perfmon pebs bts rep_good nopl xtopology nonstop_tsc aperfmperf pni pclmulqdq dtes64 monitor ds_cpl vmx smx est tm2 ssse3 cx16 xtpr pdcm sse4_1 sse4_2 popcnt aes lahf_lm ida arat dtherm tpr_shadow vnmi flexpriority ept vpid
bogomips	: 6400.38
clflush size	: 64
cache_alignment	: 64
address sizes	: 36 bits physical, 48 bits virtual
power management:



Memory: 4k page, physical 3785356k(198832k free), swap 3926012k(3584428k free)

vm_info: Java HotSpot(TM) 64-Bit Server VM (25.20-b23) for linux-amd64 JRE (1.8.0_20-b26), built on Jul 30 2014 13:13:52 by "java_re" with gcc 4.3.0 20080428 (Red Hat 4.3.0-8)

time: Tue Mar 24 12:00:32 2015
elapsed time: 15 seconds (0d 0h 0m 15s)

