#
# A fatal error has been detected by the Java Runtime Environment:
#
#  SIGSEGV (0xb) at pc=0x00007f4595c39690, pid=8716, tid=139936858785536
#
# JRE version: Java(TM) SE Runtime Environment (8.0_20-b26) (build 1.8.0_20-b26)
# Java VM: Java HotSpot(TM) 64-Bit Server VM (25.20-b23 mixed mode linux-amd64 compressed oops)
# Problematic frame:
# C  [libwdspj.so+0x2a690]  eq_mults+0x3f9
#
# Failed to write core dump. Core dumps have been disabled. To enable core dumping, try "ulimit -c unlimited" before starting Java again
#
# If you would like to submit a bug report, please visit:
#   http://bugreport.sun.com/bugreport/crash.jsp
# The crash happened outside the Java Virtual Machine in native code.
# See problematic frame for where to report the bug.
#

---------------  T H R E A D  ---------------

Current thread (0x00007f45e02ce800):  JavaThread "AWT-EventQueue-0" [_thread_in_native, id=8738, stack(0x00007f4596b24000,0x00007f4596c25000)]

siginfo: si_signo: 11 (SIGSEGV), si_code: 2 (SEGV_ACCERR), si_addr: 0x00007f458082b2b8

Registers:
RAX=0x00007f458082b2b8, RBX=0x00007f458082ad60, RCX=0x7fffffffffffffff, RDX=0x0000000000001558
RSP=0x00007f4596c20ce0, RBP=0x00007f4596c20db0, RSI=0x0000000000000149, RDI=0x00007f45e64341e0
R8 =0x0000000000000148, R9 =0x000000000082a000, R10=0x00007f4580000078, R11=0x0000000080000001
R12=0x00007f458080ba00, R13=0x0000000000005dc0, R14=0x00007f4596c211f0, R15=0x00007f45e02ce800
RIP=0x00007f4595c39690, EFLAGS=0x0000000000010206, CSGSFS=0x0000000000000033, ERR=0x0000000000000004
  TRAPNO=0x000000000000000e

Top of Stack: (sp=0x00007f4596c20ce0)
0x00007f4596c20ce0:   00007f4580821d50 4024000000000000
0x00007f4596c20cf0:   0000000000000001 3f40000000000000
0x00007f4596c20d00:   40d7700000000000 00007f4596c20ed0
0x00007f4596c20d10:   00007f4596c20e70 000004000000000a
0x00007f4596c20d20:   00007f4596c20e00 0000000900000201
0x00007f4596c20d30:   0000020000005dc0 000002ab00000001
0x00007f4596c20d40:   00007f45e02ce800 3f20137987dd704b
0x00007f4596c20d50:   0000000000000001 00007f45807415b0
0x00007f4596c20d60:   00007f458074a230 00007f4580829d60
0x00007f4596c20d70:   0000000000000000 3ff0000000000000
0x00007f4596c20d80:   3fe0000000000001 00007f4595c552ce
0x00007f4596c20d90:   3f9999999999999a 00007f4595f5f1f6
0x00007f4596c20da0:   000000109999999a 00007f458080ba00
0x00007f4596c20db0:   00007f4596c20e00 00007f4595c39a94
0x00007f4596c20dc0:   40d7700000000000 00007f4596c20e70
0x00007f4596c20dd0:   0000000a8080ba00 00007f458080ba00
0x00007f4596c20de0:   00007f458080ba00 0000000000000400
0x00007f4596c20df0:   0000001000000000 00007f4580741500
0x00007f4596c20e00:   00007f4596c20f50 00007f4595c5248d
0x00007f4596c20e10:   00007f4596c20ed0 00007f4500000000
0x00007f4596c20e20:   0000000000000001 3a6fd72200005dc0
0x00007f4596c20e30:   0000000000000000 00007f4580048920
0x00007f4596c20e40:   42c8000000000065 0000000000000000
0x00007f4596c20e50:   3fefdb2325857343 3c8fffa726a99bb6
0x00007f4596c20e60:   3f847ae147ae147b 00000001e63cbc3f
0x00007f4596c20e70:   0000000000000000 4040000000000000
0x00007f4596c20e80:   404f800000000000 405f400000000000
0x00007f4596c20e90:   406f400000000000 407f400000000000
0x00007f4596c20ea0:   408f400000000000 409f400000000000
0x00007f4596c20eb0:   40af400000000000 40bf400000000000
0x00007f4596c20ec0:   40cf400000000000 00007f45e8041557
0x00007f4596c20ed0:   0000000000000000 c028000000000000 

Instructions: (pc=0x00007f4595c39690)
0x00007f4595c39670:   45 b8 48 01 d0 48 8b 00 48 89 45 98 8b 45 8c 48
0x00007f4595c39680:   98 48 8d 14 c5 00 00 00 00 48 8b 45 b8 48 01 d0
0x00007f4595c39690:   48 8b 00 48 89 45 a0 f2 0f 2a 45 88 f2 0f 2a 4d
0x00007f4595c396a0:   84 f2 0f 5e c1 48 b8 00 00 00 00 00 00 10 40 48 

Register to memory mapping:

RAX=0x00007f458082b2b8 is an unknown value
RBX=0x00007f458082ad60 is an unknown value
RCX=0x7fffffffffffffff is an unknown value
RDX=0x0000000000001558 is an unknown value
RSP=0x00007f4596c20ce0 is pointing into the stack for thread: 0x00007f45e02ce800
RBP=0x00007f4596c20db0 is pointing into the stack for thread: 0x00007f45e02ce800
RSI=0x0000000000000149 is an unknown value
RDI=0x00007f45e64341e0: <offset 0x861e0> in /lib/x86_64-linux-gnu/libm.so.6 at 0x00007f45e63ae000
R8 =0x0000000000000148 is an unknown value
R9 =0x000000000082a000 is an unknown value
R10=0x00007f4580000078 is an unknown value
R11=0x0000000080000001 is an unknown value
R12=0x00007f458080ba00 is an unknown value
R13=0x0000000000005dc0 is an unknown value
R14=0x00007f4596c211f0 is pointing into the stack for thread: 0x00007f45e02ce800
R15=0x00007f45e02ce800 is a thread


Stack: [0x00007f4596b24000,0x00007f4596c25000],  sp=0x00007f4596c20ce0,  free space=1011k
Native frames: (J=compiled Java code, j=interpreted, Vv=VM code, C=native code)
C  [libwdspj.so+0x2a690]  eq_mults+0x3f9
C  [libwdspj.so+0x2aa94]  create_eq+0x1b5
C  [libwdspj.so+0x4348d]  create_txa+0x8c4
C  [libwdspj.so+0x3967b]  create_main+0x50
C  [libwdspj.so+0x21650]  build_channel+0x1f
C  [libwdspj.so+0x218b9]  OpenChannel+0x25d
C  [libwdspj.so+0x4a792]  Java_org_g0orx_openhpsdr_wdsp_WDSP_OpenChannel+0xa4
j  org.g0orx.openhpsdr.wdsp.WDSP.OpenChannel(IIIIIIIIDDDDI)V+0
j  org.g0orx.openhpsdr.Radio.start()V+415
j  org.g0orx.openhpsdr.Radio.jButtonStartActionPerformed(Ljava/awt/event/ActionEvent;)V+30
j  org.g0orx.openhpsdr.Radio.access$100(Lorg/g0orx/openhpsdr/Radio;Ljava/awt/event/ActionEvent;)V+2
j  org.g0orx.openhpsdr.Radio$2.actionPerformed(Ljava/awt/event/ActionEvent;)V+5
j  javax.swing.AbstractButton.fireActionPerformed(Ljava/awt/event/ActionEvent;)V+83
j  javax.swing.AbstractButton$Handler.actionPerformed(Ljava/awt/event/ActionEvent;)V+5
j  javax.swing.DefaultButtonModel.fireActionPerformed(Ljava/awt/event/ActionEvent;)V+34
j  javax.swing.DefaultButtonModel.setPressed(Z)V+117
j  javax.swing.plaf.basic.BasicButtonListener.mouseReleased(Ljava/awt/event/MouseEvent;)V+35
j  java.awt.Component.processMouseEvent(Ljava/awt/event/MouseEvent;)V+64
j  javax.swing.JComponent.processMouseEvent(Ljava/awt/event/MouseEvent;)V+23
j  java.awt.Component.processEvent(Ljava/awt/AWTEvent;)V+81
j  java.awt.Container.processEvent(Ljava/awt/AWTEvent;)V+18
j  java.awt.Component.dispatchEventImpl(Ljava/awt/AWTEvent;)V+589
j  java.awt.Container.dispatchEventImpl(Ljava/awt/AWTEvent;)V+42
j  java.awt.Component.dispatchEvent(Ljava/awt/AWTEvent;)V+2
j  java.awt.LightweightDispatcher.retargetMouseEvent(Ljava/awt/Component;ILjava/awt/event/MouseEvent;)V+327
j  java.awt.LightweightDispatcher.processMouseEvent(Ljava/awt/event/MouseEvent;)Z+143
j  java.awt.LightweightDispatcher.dispatchEvent(Ljava/awt/AWTEvent;)Z+50
j  java.awt.Container.dispatchEventImpl(Ljava/awt/AWTEvent;)V+12
j  java.awt.Window.dispatchEventImpl(Ljava/awt/AWTEvent;)V+19
j  java.awt.Component.dispatchEvent(Ljava/awt/AWTEvent;)V+2
j  java.awt.EventQueue.dispatchEventImpl(Ljava/awt/AWTEvent;Ljava/lang/Object;)V+41
j  java.awt.EventQueue.access$400(Ljava/awt/EventQueue;Ljava/awt/AWTEvent;Ljava/lang/Object;)V+3
j  java.awt.EventQueue$3.run()Ljava/lang/Void;+32
j  java.awt.EventQueue$3.run()Ljava/lang/Object;+1
v  ~StubRoutines::call_stub
V  [libjvm.so+0x663ce6]  JavaCalls::call_helper(JavaValue*, methodHandle*, JavaCallArguments*, Thread*)+0x1056
V  [libjvm.so+0x6f7d7c]  JVM_DoPrivileged+0x27c
J 472  java.security.AccessController.doPrivileged(Ljava/security/PrivilegedAction;Ljava/security/AccessControlContext;)Ljava/lang/Object; (0 bytes) @ 0x00007f45d120f455 [0x00007f45d120f380+0xd5]
J 480 C1 java.security.ProtectionDomain$1.doIntersectionPrivilege(Ljava/security/PrivilegedAction;Ljava/security/AccessControlContext;Ljava/security/AccessControlContext;)Ljava/lang/Object; (32 bytes) @ 0x00007f45d121207c [0x00007f45d1211d80+0x2fc]
j  java.security.ProtectionDomain$1.doIntersectionPrivilege(Ljava/security/PrivilegedAction;Ljava/security/AccessControlContext;)Ljava/lang/Object;+6
j  java.awt.EventQueue$4.run()Ljava/lang/Void;+11
j  java.awt.EventQueue$4.run()Ljava/lang/Object;+1
v  ~StubRoutines::call_stub
V  [libjvm.so+0x663ce6]  JavaCalls::call_helper(JavaValue*, methodHandle*, JavaCallArguments*, Thread*)+0x1056
V  [libjvm.so+0x6f7d7c]  JVM_DoPrivileged+0x27c
J 472  java.security.AccessController.doPrivileged(Ljava/security/PrivilegedAction;Ljava/security/AccessControlContext;)Ljava/lang/Object; (0 bytes) @ 0x00007f45d120f455 [0x00007f45d120f380+0xd5]
J 480 C1 java.security.ProtectionDomain$1.doIntersectionPrivilege(Ljava/security/PrivilegedAction;Ljava/security/AccessControlContext;Ljava/security/AccessControlContext;)Ljava/lang/Object; (32 bytes) @ 0x00007f45d121207c [0x00007f45d1211d80+0x2fc]
j  java.awt.EventQueue.dispatchEvent(Ljava/awt/AWTEvent;)V+73
j  java.awt.EventDispatchThread.pumpOneEventForFilters(I)V+245
j  java.awt.EventDispatchThread.pumpEventsForFilter(ILjava/awt/Conditional;Ljava/awt/EventFilter;)V+35
j  java.awt.EventDispatchThread.pumpEventsForHierarchy(ILjava/awt/Conditional;Ljava/awt/Component;)V+11
j  java.awt.EventDispatchThread.pumpEvents(ILjava/awt/Conditional;)V+4
j  java.awt.EventDispatchThread.pumpEvents(Ljava/awt/Conditional;)V+3
j  java.awt.EventDispatchThread.run()V+9
v  ~StubRoutines::call_stub
V  [libjvm.so+0x663ce6]  JavaCalls::call_helper(JavaValue*, methodHandle*, JavaCallArguments*, Thread*)+0x1056
V  [libjvm.so+0x6641f1]  JavaCalls::call_virtual(JavaValue*, KlassHandle, Symbol*, Symbol*, JavaCallArguments*, Thread*)+0x321
V  [libjvm.so+0x664697]  JavaCalls::call_virtual(JavaValue*, Handle, KlassHandle, Symbol*, Symbol*, Thread*)+0x47
V  [libjvm.so+0x6f1990]  thread_entry(JavaThread*, Thread*)+0xa0
V  [libjvm.so+0xa2990f]  JavaThread::thread_main_inner()+0xdf
V  [libjvm.so+0xa29a3c]  JavaThread::run()+0x11c
V  [libjvm.so+0x8e75f8]  java_start(Thread*)+0x108
C  [libpthread.so.0+0x8182]  start_thread+0xc2

Java frames: (J=compiled Java code, j=interpreted, Vv=VM code)
j  org.g0orx.openhpsdr.wdsp.WDSP.OpenChannel(IIIIIIIIDDDDI)V+0
j  org.g0orx.openhpsdr.Radio.start()V+415
j  org.g0orx.openhpsdr.Radio.jButtonStartActionPerformed(Ljava/awt/event/ActionEvent;)V+30
j  org.g0orx.openhpsdr.Radio.access$100(Lorg/g0orx/openhpsdr/Radio;Ljava/awt/event/ActionEvent;)V+2
j  org.g0orx.openhpsdr.Radio$2.actionPerformed(Ljava/awt/event/ActionEvent;)V+5
j  javax.swing.AbstractButton.fireActionPerformed(Ljava/awt/event/ActionEvent;)V+83
j  javax.swing.AbstractButton$Handler.actionPerformed(Ljava/awt/event/ActionEvent;)V+5
j  javax.swing.DefaultButtonModel.fireActionPerformed(Ljava/awt/event/ActionEvent;)V+34
j  javax.swing.DefaultButtonModel.setPressed(Z)V+117
j  javax.swing.plaf.basic.BasicButtonListener.mouseReleased(Ljava/awt/event/MouseEvent;)V+35
j  java.awt.Component.processMouseEvent(Ljava/awt/event/MouseEvent;)V+64
j  javax.swing.JComponent.processMouseEvent(Ljava/awt/event/MouseEvent;)V+23
j  java.awt.Component.processEvent(Ljava/awt/AWTEvent;)V+81
j  java.awt.Container.processEvent(Ljava/awt/AWTEvent;)V+18
j  java.awt.Component.dispatchEventImpl(Ljava/awt/AWTEvent;)V+589
j  java.awt.Container.dispatchEventImpl(Ljava/awt/AWTEvent;)V+42
j  java.awt.Component.dispatchEvent(Ljava/awt/AWTEvent;)V+2
j  java.awt.LightweightDispatcher.retargetMouseEvent(Ljava/awt/Component;ILjava/awt/event/MouseEvent;)V+327
j  java.awt.LightweightDispatcher.processMouseEvent(Ljava/awt/event/MouseEvent;)Z+143
j  java.awt.LightweightDispatcher.dispatchEvent(Ljava/awt/AWTEvent;)Z+50
j  java.awt.Container.dispatchEventImpl(Ljava/awt/AWTEvent;)V+12
j  java.awt.Window.dispatchEventImpl(Ljava/awt/AWTEvent;)V+19
j  java.awt.Component.dispatchEvent(Ljava/awt/AWTEvent;)V+2
j  java.awt.EventQueue.dispatchEventImpl(Ljava/awt/AWTEvent;Ljava/lang/Object;)V+41
j  java.awt.EventQueue.access$400(Ljava/awt/EventQueue;Ljava/awt/AWTEvent;Ljava/lang/Object;)V+3
j  java.awt.EventQueue$3.run()Ljava/lang/Void;+32
j  java.awt.EventQueue$3.run()Ljava/lang/Object;+1
v  ~StubRoutines::call_stub
J 472  java.security.AccessController.doPrivileged(Ljava/security/PrivilegedAction;Ljava/security/AccessControlContext;)Ljava/lang/Object; (0 bytes) @ 0x00007f45d120f3e3 [0x00007f45d120f380+0x63]
J 480 C1 java.security.ProtectionDomain$1.doIntersectionPrivilege(Ljava/security/PrivilegedAction;Ljava/security/AccessControlContext;Ljava/security/AccessControlContext;)Ljava/lang/Object; (32 bytes) @ 0x00007f45d121207c [0x00007f45d1211d80+0x2fc]
j  java.security.ProtectionDomain$1.doIntersectionPrivilege(Ljava/security/PrivilegedAction;Ljava/security/AccessControlContext;)Ljava/lang/Object;+6
j  java.awt.EventQueue$4.run()Ljava/lang/Void;+11
j  java.awt.EventQueue$4.run()Ljava/lang/Object;+1
v  ~StubRoutines::call_stub
J 472  java.security.AccessController.doPrivileged(Ljava/security/PrivilegedAction;Ljava/security/AccessControlContext;)Ljava/lang/Object; (0 bytes) @ 0x00007f45d120f3e3 [0x00007f45d120f380+0x63]
J 480 C1 java.security.ProtectionDomain$1.doIntersectionPrivilege(Ljava/security/PrivilegedAction;Ljava/security/AccessControlContext;Ljava/security/AccessControlContext;)Ljava/lang/Object; (32 bytes) @ 0x00007f45d121207c [0x00007f45d1211d80+0x2fc]
j  java.awt.EventQueue.dispatchEvent(Ljava/awt/AWTEvent;)V+73
j  java.awt.EventDispatchThread.pumpOneEventForFilters(I)V+245
j  java.awt.EventDispatchThread.pumpEventsForFilter(ILjava/awt/Conditional;Ljava/awt/EventFilter;)V+35
j  java.awt.EventDispatchThread.pumpEventsForHierarchy(ILjava/awt/Conditional;Ljava/awt/Component;)V+11
j  java.awt.EventDispatchThread.pumpEvents(ILjava/awt/Conditional;)V+4
j  java.awt.EventDispatchThread.pumpEvents(Ljava/awt/Conditional;)V+3
j  java.awt.EventDispatchThread.run()V+9
v  ~StubRoutines::call_stub

---------------  P R O C E S S  ---------------

Java Threads: ( => current thread )
  0x00007f45e0009800 JavaThread "DestroyJavaVM" [_thread_blocked, id=8718, stack(0x00007f45e812b000,0x00007f45e822c000)]
=>0x00007f45e02ce800 JavaThread "AWT-EventQueue-0" [_thread_in_native, id=8738, stack(0x00007f4596b24000,0x00007f4596c25000)]
  0x00007f45e02cd000 JavaThread "AWT-Shutdown" [_thread_blocked, id=8737, stack(0x00007f4596c25000,0x00007f4596d26000)]
  0x00007f45e0299800 JavaThread "AWT-XAWT" daemon [_thread_in_native, id=8736, stack(0x00007f4596d26000,0x00007f4596e27000)]
  0x00007f45e0271800 JavaThread "Java2D Disposer" daemon [_thread_blocked, id=8735, stack(0x00007f4597237000,0x00007f4597338000)]
  0x00007f45e00b7800 JavaThread "Service Thread" daemon [_thread_blocked, id=8733, stack(0x00007f45cd097000,0x00007f45cd198000)]
  0x00007f45e00b2800 JavaThread "C1 CompilerThread2" daemon [_thread_blocked, id=8732, stack(0x00007f45cd198000,0x00007f45cd299000)]
  0x00007f45e00b0800 JavaThread "C2 CompilerThread1" daemon [_thread_blocked, id=8731, stack(0x00007f45cd299000,0x00007f45cd39a000)]
  0x00007f45e00ad800 JavaThread "C2 CompilerThread0" daemon [_thread_blocked, id=8730, stack(0x00007f45cd39a000,0x00007f45cd49b000)]
  0x00007f45e00ab800 JavaThread "Signal Dispatcher" daemon [_thread_blocked, id=8729, stack(0x00007f45cd49b000,0x00007f45cd59c000)]
  0x00007f45e007c000 JavaThread "Finalizer" daemon [_thread_blocked, id=8728, stack(0x00007f45cdc7e000,0x00007f45cdd7f000)]
  0x00007f45e007a000 JavaThread "Reference Handler" daemon [_thread_blocked, id=8727, stack(0x00007f45cdd7f000,0x00007f45cde80000)]

Other Threads:
  0x00007f45e0073000 VMThread [stack: 0x00007f45cde80000,0x00007f45cdf81000] [id=8726]
  0x00007f45e00ba000 WatcherThread [stack: 0x00007f45ccf96000,0x00007f45cd097000] [id=8734]

VM state:not at safepoint (normal execution)

VM Mutex/Monitor currently owned by a thread: None

Heap:
 PSYoungGen      total 17408K, used 5840K [0x00000000ecb80000, 0x00000000ede80000, 0x0000000100000000)
  eden space 15360K, 38% used [0x00000000ecb80000,0x00000000ed134330,0x00000000eda80000)
  from space 2048K, 0% used [0x00000000edc80000,0x00000000edc80000,0x00000000ede80000)
  to   space 2048K, 0% used [0x00000000eda80000,0x00000000eda80000,0x00000000edc80000)
 ParOldGen       total 39936K, used 0K [0x00000000c6200000, 0x00000000c8900000, 0x00000000ecb80000)
  object space 39936K, 0% used [0x00000000c6200000,0x00000000c6200000,0x00000000c8900000)
 Metaspace       used 10627K, capacity 10770K, committed 11008K, reserved 1058816K
  class space    used 1240K, capacity 1279K, committed 1280K, reserved 1048576K

Card table byte_map: [0x00007f45e4d84000,0x00007f45e4f54000] byte_map_base: 0x00007f45e4753000

Marking Bits: (ParMarkBitMap*) 0x00007f45e760bac0
 Begin Bits: [0x00007f45cf310000, 0x00007f45d0188000)
 End Bits:   [0x00007f45d0188000, 0x00007f45d1000000)

Polling page: 0x00007f45e8251000

CodeCache: size=245760Kb used=2159Kb max_used=2159Kb free=243601Kb
 bounds [0x00007f45d1000000, 0x00007f45d1270000, 0x00007f45e0000000]
 total_blobs=1035 nmethods=499 adapters=452
 compilation: enabled

Compilation events (10 events):
Event: 3.840 Thread 0x00007f45e00b2800  494       3       sun.java2d.xr.GrowableRectArray::pushRectValues (72 bytes)
Event: 3.841 Thread 0x00007f45e00b2800 nmethod 494 0x00007f45d1217f50 code [0x00007f45d12180c0, 0x00007f45d12183c8]
Event: 3.934 Thread 0x00007f45e00b2800  495       3       sun.misc.MetaIndex::mayContain (51 bytes)
Event: 3.935 Thread 0x00007f45e00b2800 nmethod 495 0x00007f45d1218790 code [0x00007f45d1218940, 0x00007f45d1218f98]
Event: 4.092 Thread 0x00007f45e00b2800  496       1       sun.awt.X11.XWindow::getEventSource (5 bytes)
Event: 4.093 Thread 0x00007f45e00b2800 nmethod 496 0x00007f45d121a250 code [0x00007f45d121a3a0, 0x00007f45d121a4b0]
Event: 4.532 Thread 0x00007f45e00b2800  497       3       java.util.concurrent.locks.ReentrantLock$Sync::isHeldExclusively (16 bytes)
Event: 4.533 Thread 0x00007f45e00b2800 nmethod 497 0x00007f45d121a510 code [0x00007f45d121a680, 0x00007f45d121a8f0]
Event: 4.744 Thread 0x00007f45e00b2800  498   !   3       sun.awt.X11.XToolkit::getNextTaskTime (55 bytes)
Event: 4.745 Thread 0x00007f45e00b2800 nmethod 498 0x00007f45d121acd0 code [0x00007f45d121af00, 0x00007f45d121bc58]

GC Heap History (0 events):
No events

Deoptimization events (0 events):
No events

Internal exceptions (10 events):
Event: 0.385 Thread 0x00007f45e0326800 Exception <a 'java/security/PrivilegedActionException'> (0x00000000ed04fc98) thrown at [/HUDSON/workspace/8-2-build-linux-amd64/jdk8u20/1074/hotspot/src/share/vm/prims/jvm.cpp, line 1275]
Event: 0.405 Thread 0x00007f45e0326800 Exception <a 'java/security/PrivilegedActionException'> (0x00000000ed0721c8) thrown at [/HUDSON/workspace/8-2-build-linux-amd64/jdk8u20/1074/hotspot/src/share/vm/prims/jvm.cpp, line 1275]
Event: 0.405 Thread 0x00007f45e0326800 Exception <a 'java/security/PrivilegedActionException'> (0x00000000ed0735f0) thrown at [/HUDSON/workspace/8-2-build-linux-amd64/jdk8u20/1074/hotspot/src/share/vm/prims/jvm.cpp, line 1275]
Event: 0.496 Thread 0x00007f45e02ce800 Exception <a 'java/lang/UnsupportedOperationException': > (0x00000000eceeee00) thrown at [/HUDSON/workspace/8-2-build-linux-amd64/jdk8u20/1074/hotspot/src/share/vm/prims/jni.cpp, line 742]
Event: 0.497 Thread 0x00007f45e02ce800 Exception <a 'java/security/PrivilegedActionException'> (0x00000000ecef0400) thrown at [/HUDSON/workspace/8-2-build-linux-amd64/jdk8u20/1074/hotspot/src/share/vm/prims/jvm.cpp, line 1275]
Event: 0.498 Thread 0x00007f45e02ce800 Exception <a 'java/security/PrivilegedActionException'> (0x00000000ecef4428) thrown at [/HUDSON/workspace/8-2-build-linux-amd64/jdk8u20/1074/hotspot/src/share/vm/prims/jvm.cpp, line 1275]
Event: 0.499 Thread 0x00007f45e02ce800 Exception <a 'java/security/PrivilegedActionException'> (0x00000000ecef7a50) thrown at [/HUDSON/workspace/8-2-build-linux-amd64/jdk8u20/1074/hotspot/src/share/vm/prims/jvm.cpp, line 1275]
Event: 0.505 Thread 0x00007f45e02ce800 Exception <a 'java/security/PrivilegedActionException'> (0x00000000ecf06608) thrown at [/HUDSON/workspace/8-2-build-linux-amd64/jdk8u20/1074/hotspot/src/share/vm/prims/jvm.cpp, line 1275]
Event: 2.411 Thread 0x00007f45e0326800 Exception <a 'java/net/SocketTimeoutException': Receive timed out> (0x00000000ed078f40) thrown at [/HUDSON/workspace/8-2-build-linux-amd64/jdk8u20/1074/hotspot/src/share/vm/prims/jni.cpp, line 742]
Event: 3.934 Thread 0x00007f45e02ce800 Exception <a 'java/security/PrivilegedActionException'> (0x00000000ed0ef7e0) thrown at [/HUDSON/workspace/8-2-build-linux-amd64/jdk8u20/1074/hotspot/src/share/vm/prims/jvm.cpp, line 1275]

Events (10 events):
Event: 2.621 loading class java/awt/LightweightDispatcher$2
Event: 2.621 loading class java/awt/LightweightDispatcher$2 done
Event: 2.621 loading class java/awt/Event
Event: 2.621 loading class java/awt/Event done
Event: 3.837 loading class sun/awt/X11/XButtonEvent
Event: 3.837 loading class sun/awt/X11/XButtonEvent done
Event: 3.934 loading class org/g0orx/openhpsdr/wdsp/WDSP
Event: 3.934 loading class org/g0orx/openhpsdr/wdsp/WDSP done
Event: 4.101 Executing VM operation: EnableBiasedLocking
Event: 4.102 Executing VM operation: EnableBiasedLocking done


Dynamic libraries:
00400000-00401000 r-xp 00000000 08:06 28579635                           /home/john/jdk1.8.0_20/bin/java
00600000-00601000 rw-p 00000000 08:06 28579635                           /home/john/jdk1.8.0_20/bin/java
00fd3000-00ff4000 rw-p 00000000 00:00 0                                  [heap]
c6200000-c8900000 rw-p 00000000 00:00 0 
c8900000-ecb80000 ---p 00000000 00:00 0 
ecb80000-ede80000 rw-p 00000000 00:00 0 
ede80000-100000000 ---p 00000000 00:00 0 
100000000-100140000 rw-p 00000000 00:00 0 
100140000-140000000 ---p 00000000 00:00 0 
7f457cbed000-7f457cbee000 ---p 00000000 00:00 0 
7f457cbee000-7f4580000000 rw-p 00000000 00:00 0                          [stack:8740]
7f4580000000-7f4580ab0000 rw-p 00000000 00:00 0 
7f4580ab0000-7f4584000000 ---p 00000000 00:00 0 
7f4584000000-7f4584021000 rw-p 00000000 00:00 0 
7f4584021000-7f4588000000 ---p 00000000 00:00 0 
7f4588000000-7f4588029000 rw-p 00000000 00:00 0 
7f4588029000-7f458c000000 ---p 00000000 00:00 0 
7f458c000000-7f458c021000 rw-p 00000000 00:00 0 
7f458c021000-7f4590000000 ---p 00000000 00:00 0 
7f4590000000-7f4590021000 rw-p 00000000 00:00 0 
7f4590021000-7f4594000000 ---p 00000000 00:00 0 
7f4594003000-7f4595c0f000 rw-p 00000000 00:00 0 
7f4595c0f000-7f4595c67000 r-xp 00000000 08:06 27922299                   /usr/local/lib/libwdspj.so
7f4595c67000-7f4595e66000 ---p 00058000 08:06 27922299                   /usr/local/lib/libwdspj.so
7f4595e66000-7f4595e67000 r--p 00057000 08:06 27922299                   /usr/local/lib/libwdspj.so
7f4595e67000-7f4595e68000 rw-p 00058000 08:06 27922299                   /usr/local/lib/libwdspj.so
7f4595e68000-7f4595e71000 rw-p 00000000 00:00 0 
7f4595e71000-7f4595f75000 r-xp 00000000 08:06 27927958                   /usr/local/lib/libfftw3.so.3.3.2
7f4595f75000-7f4596174000 ---p 00104000 08:06 27927958                   /usr/local/lib/libfftw3.so.3.3.2
7f4596174000-7f459617b000 r--p 00103000 08:06 27927958                   /usr/local/lib/libfftw3.so.3.3.2
7f459617b000-7f459617c000 rw-p 0010a000 08:06 27927958                   /usr/local/lib/libfftw3.so.3.3.2
7f459617c000-7f459617f000 ---p 00000000 00:00 0 
7f459617f000-7f45963fd000 rw-p 00000000 00:00 0 
7f45963fd000-7f459647d000 ---p 00000000 00:00 0 
7f459647d000-7f45964e6000 r-xp 00000000 08:06 3146435                    /home/john/jdk1.8.0_20/jre/lib/amd64/libt2k.so
7f45964e6000-7f45966e5000 ---p 00069000 08:06 3146435                    /home/john/jdk1.8.0_20/jre/lib/amd64/libt2k.so
7f45966e5000-7f45966ec000 rw-p 00068000 08:06 3146435                    /home/john/jdk1.8.0_20/jre/lib/amd64/libt2k.so
7f45966ec000-7f45966fc000 rw-p 00000000 00:00 0 
7f45966fc000-7f459670d000 r-xp 00000000 08:06 3146470                    /home/john/jdk1.8.0_20/jre/lib/amd64/libnio.so
7f459670d000-7f459690c000 ---p 00011000 08:06 3146470                    /home/john/jdk1.8.0_20/jre/lib/amd64/libnio.so
7f459690c000-7f459690d000 rw-p 00010000 08:06 3146470                    /home/john/jdk1.8.0_20/jre/lib/amd64/libnio.so
7f459690d000-7f4596923000 r-xp 00000000 08:06 3146467                    /home/john/jdk1.8.0_20/jre/lib/amd64/libnet.so
7f4596923000-7f4596b23000 ---p 00016000 08:06 3146467                    /home/john/jdk1.8.0_20/jre/lib/amd64/libnet.so
7f4596b23000-7f4596b24000 rw-p 00016000 08:06 3146467                    /home/john/jdk1.8.0_20/jre/lib/amd64/libnet.so
7f4596b24000-7f4596b27000 ---p 00000000 00:00 0 
7f4596b27000-7f4596c25000 rw-p 00000000 00:00 0                          [stack:8738]
7f4596c25000-7f4596c28000 ---p 00000000 00:00 0 
7f4596c28000-7f4596d26000 rw-p 00000000 00:00 0                          [stack:8737]
7f4596d26000-7f4596d29000 ---p 00000000 00:00 0 
7f4596d29000-7f4596e27000 rw-p 00000000 00:00 0                          [stack:8736]
7f4596e27000-7f4596e2c000 r-xp 00000000 08:06 27532859                   /usr/lib/x86_64-linux-gnu/libXfixes.so.3.1.0
7f4596e2c000-7f459702b000 ---p 00005000 08:06 27532859                   /usr/lib/x86_64-linux-gnu/libXfixes.so.3.1.0
7f459702b000-7f459702c000 r--p 00004000 08:06 27532859                   /usr/lib/x86_64-linux-gnu/libXfixes.so.3.1.0
7f459702c000-7f459702d000 rw-p 00005000 08:06 27532859                   /usr/lib/x86_64-linux-gnu/libXfixes.so.3.1.0
7f459702d000-7f4597036000 r-xp 00000000 08:06 27532851                   /usr/lib/x86_64-linux-gnu/libXcursor.so.1.0.2
7f4597036000-7f4597235000 ---p 00009000 08:06 27532851                   /usr/lib/x86_64-linux-gnu/libXcursor.so.1.0.2
7f4597235000-7f4597236000 r--p 00008000 08:06 27532851                   /usr/lib/x86_64-linux-gnu/libXcursor.so.1.0.2
7f4597236000-7f4597237000 rw-p 00009000 08:06 27532851                   /usr/lib/x86_64-linux-gnu/libXcursor.so.1.0.2
7f4597237000-7f459723a000 ---p 00000000 00:00 0 
7f459723a000-7f4597338000 rw-p 00000000 00:00 0                          [stack:8735]
7f4597338000-7f459734e000 r-xp 00000000 08:06 14417925                   /lib/x86_64-linux-gnu/libgcc_s.so.1
7f459734e000-7f459754d000 ---p 00016000 08:06 14417925                   /lib/x86_64-linux-gnu/libgcc_s.so.1
7f459754d000-7f459754e000 rw-p 00015000 08:06 14417925                   /lib/x86_64-linux-gnu/libgcc_s.so.1
7f459754e000-7f45975b3000 r-xp 00000000 08:06 3146452                    /home/john/jdk1.8.0_20/jre/lib/amd64/libfontmanager.so
7f45975b3000-7f45977b2000 ---p 00065000 08:06 3146452                    /home/john/jdk1.8.0_20/jre/lib/amd64/libfontmanager.so
7f45977b2000-7f45977b6000 rw-p 00064000 08:06 3146452                    /home/john/jdk1.8.0_20/jre/lib/amd64/libfontmanager.so
7f45977b6000-7f45977c7000 rw-p 00000000 00:00 0 
7f45977c7000-7f45977cc000 r-xp 00000000 08:06 27532855                   /usr/lib/x86_64-linux-gnu/libXdmcp.so.6.0.0
7f45977cc000-7f45979cb000 ---p 00005000 08:06 27532855                   /usr/lib/x86_64-linux-gnu/libXdmcp.so.6.0.0
7f45979cb000-7f45979cc000 r--p 00004000 08:06 27532855                   /usr/lib/x86_64-linux-gnu/libXdmcp.so.6.0.0
7f45979cc000-7f45979cd000 rw-p 00005000 08:06 27532855                   /usr/lib/x86_64-linux-gnu/libXdmcp.so.6.0.0
7f45979cd000-7f45979cf000 r-xp 00000000 08:06 27532844                   /usr/lib/x86_64-linux-gnu/libXau.so.6.0.0
7f45979cf000-7f4597bcf000 ---p 00002000 08:06 27532844                   /usr/lib/x86_64-linux-gnu/libXau.so.6.0.0
7f4597bcf000-7f4597bd0000 r--p 00002000 08:06 27532844                   /usr/lib/x86_64-linux-gnu/libXau.so.6.0.0
7f4597bd0000-7f4597bd1000 rw-p 00003000 08:06 27532844                   /usr/lib/x86_64-linux-gnu/libXau.so.6.0.0
7f4597bd1000-7f4597bee000 r-xp 00000000 08:06 27533914                   /usr/lib/x86_64-linux-gnu/libxcb.so.1.1.0
7f4597bee000-7f4597dee000 ---p 0001d000 08:06 27533914                   /usr/lib/x86_64-linux-gnu/libxcb.so.1.1.0
7f4597dee000-7f4597def000 r--p 0001d000 08:06 27533914                   /usr/lib/x86_64-linux-gnu/libxcb.so.1.1.0
7f4597def000-7f4597df0000 rw-p 0001e000 08:06 27533914                   /usr/lib/x86_64-linux-gnu/libxcb.so.1.1.0
7f4597df0000-7f4597dff000 r-xp 00000000 08:06 27532865                   /usr/lib/x86_64-linux-gnu/libXi.so.6.1.0
7f4597dff000-7f4597ffe000 ---p 0000f000 08:06 27532865                   /usr/lib/x86_64-linux-gnu/libXi.so.6.1.0
7f4597ffe000-7f4597fff000 r--p 0000e000 08:06 27532865                   /usr/lib/x86_64-linux-gnu/libXi.so.6.1.0
7f4597fff000-7f4598000000 rw-p 0000f000 08:06 27532865                   /usr/lib/x86_64-linux-gnu/libXi.so.6.1.0
7f4598000000-7f4598021000 rw-p 00000000 00:00 0 
7f4598021000-7f459c000000 ---p 00000000 00:00 0 
7f459c000000-7f459c021000 rw-p 00000000 00:00 0 
7f459c021000-7f45a0000000 ---p 00000000 00:00 0 
7f45a0000000-7f45a0081000 rw-p 00000000 00:00 0 
7f45a0081000-7f45a4000000 ---p 00000000 00:00 0 
7f45a4000000-7f45a41a9000 rw-p 00000000 00:00 0 
7f45a41a9000-7f45a8000000 ---p 00000000 00:00 0 
7f45a8000000-7f45a8021000 rw-p 00000000 00:00 0 
7f45a8021000-7f45ac000000 ---p 00000000 00:00 0 
7f45ac000000-7f45ac0ce000 rw-p 00000000 00:00 0 
7f45ac0ce000-7f45b0000000 ---p 00000000 00:00 0 
7f45b0000000-7f45b0021000 rw-p 00000000 00:00 0 
7f45b0021000-7f45b4000000 ---p 00000000 00:00 0 
7f45b4000000-7f45b4021000 rw-p 00000000 00:00 0 
7f45b4021000-7f45b8000000 ---p 00000000 00:00 0 
7f45b8000000-7f45b8021000 rw-p 00000000 00:00 0 
7f45b8021000-7f45bc000000 ---p 00000000 00:00 0 
7f45bc000000-7f45bc021000 rw-p 00000000 00:00 0 
7f45bc021000-7f45c0000000 ---p 00000000 00:00 0 
7f45c0000000-7f45c0021000 rw-p 00000000 00:00 0 
7f45c0021000-7f45c4000000 ---p 00000000 00:00 0 
7f45c4000000-7f45c4021000 rw-p 00000000 00:00 0 
7f45c4021000-7f45c8000000 ---p 00000000 00:00 0 
7f45c8000000-7f45c8021000 rw-p 00000000 00:00 0 
7f45c8021000-7f45cc000000 ---p 00000000 00:00 0 
7f45cc0c1000-7f45cc0f2000 rw-p 00000000 00:00 0 
7f45cc0f2000-7f45cc0f7000 r-xp 00000000 08:06 27532885                   /usr/lib/x86_64-linux-gnu/libXtst.so.6.1.0
7f45cc0f7000-7f45cc2f6000 ---p 00005000 08:06 27532885                   /usr/lib/x86_64-linux-gnu/libXtst.so.6.1.0
7f45cc2f6000-7f45cc2f7000 r--p 00004000 08:06 27532885                   /usr/lib/x86_64-linux-gnu/libXtst.so.6.1.0
7f45cc2f7000-7f45cc2f8000 rw-p 00005000 08:06 27532885                   /usr/lib/x86_64-linux-gnu/libXtst.so.6.1.0
7f45cc2f8000-7f45cc301000 r-xp 00000000 08:06 27532879                   /usr/lib/x86_64-linux-gnu/libXrender.so.1.3.0
7f45cc301000-7f45cc500000 ---p 00009000 08:06 27532879                   /usr/lib/x86_64-linux-gnu/libXrender.so.1.3.0
7f45cc500000-7f45cc501000 r--p 00008000 08:06 27532879                   /usr/lib/x86_64-linux-gnu/libXrender.so.1.3.0
7f45cc501000-7f45cc502000 rw-p 00009000 08:06 27532879                   /usr/lib/x86_64-linux-gnu/libXrender.so.1.3.0
7f45cc502000-7f45cc632000 r-xp 00000000 08:06 27532840                   /usr/lib/x86_64-linux-gnu/libX11.so.6.3.0
7f45cc632000-7f45cc832000 ---p 00130000 08:06 27532840                   /usr/lib/x86_64-linux-gnu/libX11.so.6.3.0
7f45cc832000-7f45cc833000 r--p 00130000 08:06 27532840                   /usr/lib/x86_64-linux-gnu/libX11.so.6.3.0
7f45cc833000-7f45cc837000 rw-p 00131000 08:06 27532840                   /usr/lib/x86_64-linux-gnu/libX11.so.6.3.0
7f45cc837000-7f45cc848000 r-xp 00000000 08:06 27532857                   /usr/lib/x86_64-linux-gnu/libXext.so.6.4.0
7f45cc848000-7f45cca47000 ---p 00011000 08:06 27532857                   /usr/lib/x86_64-linux-gnu/libXext.so.6.4.0
7f45cca47000-7f45cca48000 r--p 00010000 08:06 27532857                   /usr/lib/x86_64-linux-gnu/libXext.so.6.4.0
7f45cca48000-7f45cca49000 rw-p 00011000 08:06 27532857                   /usr/lib/x86_64-linux-gnu/libXext.so.6.4.0
7f45cca4b000-7f45cca4f000 rw-s 00000000 00:04 1309736991                 /SYSV00000000 (deleted)
7f45cca4f000-7f45cca6b000 r--s 00393000 08:06 3146303                    /home/john/jdk1.8.0_20/jre/lib/ext/cldrdata.jar
7f45cca6b000-7f45ccabf000 r-xp 00000000 08:06 3146474                    /home/john/jdk1.8.0_20/jre/lib/amd64/libawt_xawt.so
7f45ccabf000-7f45cccbf000 ---p 00054000 08:06 3146474                    /home/john/jdk1.8.0_20/jre/lib/amd64/libawt_xawt.so
7f45cccbf000-7f45cccc3000 rw-p 00054000 08:06 3146474                    /home/john/jdk1.8.0_20/jre/lib/amd64/libawt_xawt.so
7f45cccc3000-7f45cccc4000 rw-p 00000000 00:00 0 
7f45cccc4000-7f45ccd66000 r-xp 00000000 08:06 3146460                    /home/john/jdk1.8.0_20/jre/lib/amd64/libawt.so
7f45ccd66000-7f45ccf66000 ---p 000a2000 08:06 3146460                    /home/john/jdk1.8.0_20/jre/lib/amd64/libawt.so
7f45ccf66000-7f45ccf72000 rw-p 000a2000 08:06 3146460                    /home/john/jdk1.8.0_20/jre/lib/amd64/libawt.so
7f45ccf72000-7f45ccf96000 rw-p 00000000 00:00 0 
7f45ccf96000-7f45ccf97000 ---p 00000000 00:00 0 
7f45ccf97000-7f45cd097000 rw-p 00000000 00:00 0                          [stack:8734]
7f45cd097000-7f45cd09a000 ---p 00000000 00:00 0 
7f45cd09a000-7f45cd198000 rw-p 00000000 00:00 0                          [stack:8733]
7f45cd198000-7f45cd19b000 ---p 00000000 00:00 0 
7f45cd19b000-7f45cd299000 rw-p 00000000 00:00 0                          [stack:8732]
7f45cd299000-7f45cd29c000 ---p 00000000 00:00 0 
7f45cd29c000-7f45cd39a000 rw-p 00000000 00:00 0                          [stack:8731]
7f45cd39a000-7f45cd39d000 ---p 00000000 00:00 0 
7f45cd39d000-7f45cd49b000 rw-p 00000000 00:00 0                          [stack:8730]
7f45cd49b000-7f45cd49e000 ---p 00000000 00:00 0 
7f45cd49e000-7f45cd59c000 rw-p 00000000 00:00 0                          [stack:8729]
7f45cd59c000-7f45cdc7e000 r--p 00000000 08:06 27531858                   /usr/lib/locale/locale-archive
7f45cdc7e000-7f45cdc81000 ---p 00000000 00:00 0 
7f45cdc81000-7f45cdd7f000 rw-p 00000000 00:00 0                          [stack:8728]
7f45cdd7f000-7f45cdd82000 ---p 00000000 00:00 0 
7f45cdd82000-7f45cde80000 rw-p 00000000 00:00 0                          [stack:8727]
7f45cde80000-7f45cde81000 ---p 00000000 00:00 0 
7f45cde81000-7f45d1000000 rw-p 00000000 00:00 0                          [stack:8726]
7f45d1000000-7f45d1270000 rwxp 00000000 00:00 0 
7f45d1270000-7f45e0000000 ---p 00000000 00:00 0 
7f45e0000000-7f45e0330000 rw-p 00000000 00:00 0 
7f45e0330000-7f45e4000000 ---p 00000000 00:00 0 
7f45e4001000-7f45e400b000 r--s 00116000 08:06 3146309                    /home/john/jdk1.8.0_20/jre/lib/ext/localedata.jar
7f45e400b000-7f45e4430000 rw-p 00000000 00:00 0 
7f45e4430000-7f45e4606000 r--s 03ca8000 08:06 2885685                    /home/john/jdk1.8.0_20/jre/lib/rt.jar
7f45e4606000-7f45e484b000 rw-p 00000000 00:00 0 
7f45e484b000-7f45e484c000 ---p 00000000 00:00 0 
7f45e484c000-7f45e494c000 rw-p 00000000 00:00 0                          [stack:8725]
7f45e494c000-7f45e494d000 ---p 00000000 00:00 0 
7f45e494d000-7f45e4a4d000 rw-p 00000000 00:00 0                          [stack:8724]
7f45e4a4d000-7f45e4a4e000 ---p 00000000 00:00 0 
7f45e4a4e000-7f45e4b4e000 rw-p 00000000 00:00 0                          [stack:8723]
7f45e4b4e000-7f45e4b4f000 ---p 00000000 00:00 0 
7f45e4b4f000-7f45e4c63000 rw-p 00000000 00:00 0                          [stack:8722]
7f45e4c63000-7f45e4d84000 ---p 00000000 00:00 0 
7f45e4d84000-7f45e4d98000 rw-p 00000000 00:00 0 
7f45e4d98000-7f45e4eb8000 ---p 00000000 00:00 0 
7f45e4eb8000-7f45e4ec3000 rw-p 00000000 00:00 0 
7f45e4ec3000-7f45e4f53000 ---p 00000000 00:00 0 
7f45e4f53000-7f45e4f5e000 rw-p 00000000 00:00 0 
7f45e4f5e000-7f45e5314000 ---p 00000000 00:00 0 
7f45e5314000-7f45e532e000 r-xp 00000000 08:06 3146463                    /home/john/jdk1.8.0_20/jre/lib/amd64/libzip.so
7f45e532e000-7f45e552e000 ---p 0001a000 08:06 3146463                    /home/john/jdk1.8.0_20/jre/lib/amd64/libzip.so
7f45e552e000-7f45e552f000 rw-p 0001a000 08:06 3146463                    /home/john/jdk1.8.0_20/jre/lib/amd64/libzip.so
7f45e552f000-7f45e553a000 r-xp 00000000 08:06 14423904                   /lib/x86_64-linux-gnu/libnss_files-2.19.so
7f45e553a000-7f45e5739000 ---p 0000b000 08:06 14423904                   /lib/x86_64-linux-gnu/libnss_files-2.19.so
7f45e5739000-7f45e573a000 r--p 0000a000 08:06 14423904                   /lib/x86_64-linux-gnu/libnss_files-2.19.so
7f45e573a000-7f45e573b000 rw-p 0000b000 08:06 14423904                   /lib/x86_64-linux-gnu/libnss_files-2.19.so
7f45e573b000-7f45e5746000 r-xp 00000000 08:06 14425471                   /lib/x86_64-linux-gnu/libnss_nis-2.19.so
7f45e5746000-7f45e5945000 ---p 0000b000 08:06 14425471                   /lib/x86_64-linux-gnu/libnss_nis-2.19.so
7f45e5945000-7f45e5946000 r--p 0000a000 08:06 14425471                   /lib/x86_64-linux-gnu/libnss_nis-2.19.so
7f45e5946000-7f45e5947000 rw-p 0000b000 08:06 14425471                   /lib/x86_64-linux-gnu/libnss_nis-2.19.so
7f45e5947000-7f45e595e000 r-xp 00000000 08:06 14425460                   /lib/x86_64-linux-gnu/libnsl-2.19.so
7f45e595e000-7f45e5b5d000 ---p 00017000 08:06 14425460                   /lib/x86_64-linux-gnu/libnsl-2.19.so
7f45e5b5d000-7f45e5b5e000 r--p 00016000 08:06 14425460                   /lib/x86_64-linux-gnu/libnsl-2.19.so
7f45e5b5e000-7f45e5b5f000 rw-p 00017000 08:06 14425460                   /lib/x86_64-linux-gnu/libnsl-2.19.so
7f45e5b5f000-7f45e5b61000 rw-p 00000000 00:00 0 
7f45e5b61000-7f45e5b6a000 r-xp 00000000 08:06 14425459                   /lib/x86_64-linux-gnu/libnss_compat-2.19.so
7f45e5b6a000-7f45e5d69000 ---p 00009000 08:06 14425459                   /lib/x86_64-linux-gnu/libnss_compat-2.19.so
7f45e5d69000-7f45e5d6a000 r--p 00008000 08:06 14425459                   /lib/x86_64-linux-gnu/libnss_compat-2.19.so
7f45e5d6a000-7f45e5d6b000 rw-p 00009000 08:06 14425459                   /lib/x86_64-linux-gnu/libnss_compat-2.19.so
7f45e5d6b000-7f45e5d95000 r-xp 00000000 08:06 3146458                    /home/john/jdk1.8.0_20/jre/lib/amd64/libjava.so
7f45e5d95000-7f45e5f95000 ---p 0002a000 08:06 3146458                    /home/john/jdk1.8.0_20/jre/lib/amd64/libjava.so
7f45e5f95000-7f45e5f97000 rw-p 0002a000 08:06 3146458                    /home/john/jdk1.8.0_20/jre/lib/amd64/libjava.so
7f45e5f97000-7f45e5fa4000 r-xp 00000000 08:06 3146462                    /home/john/jdk1.8.0_20/jre/lib/amd64/libverify.so
7f45e5fa4000-7f45e61a4000 ---p 0000d000 08:06 3146462                    /home/john/jdk1.8.0_20/jre/lib/amd64/libverify.so
7f45e61a4000-7f45e61a6000 rw-p 0000d000 08:06 3146462                    /home/john/jdk1.8.0_20/jre/lib/amd64/libverify.so
7f45e61a6000-7f45e61ad000 r-xp 00000000 08:06 14425468                   /lib/x86_64-linux-gnu/librt-2.19.so
7f45e61ad000-7f45e63ac000 ---p 00007000 08:06 14425468                   /lib/x86_64-linux-gnu/librt-2.19.so
7f45e63ac000-7f45e63ad000 r--p 00006000 08:06 14425468                   /lib/x86_64-linux-gnu/librt-2.19.so
7f45e63ad000-7f45e63ae000 rw-p 00007000 08:06 14425468                   /lib/x86_64-linux-gnu/librt-2.19.so
7f45e63ae000-7f45e64b3000 r-xp 00000000 08:06 14423902                   /lib/x86_64-linux-gnu/libm-2.19.so
7f45e64b3000-7f45e66b2000 ---p 00105000 08:06 14423902                   /lib/x86_64-linux-gnu/libm-2.19.so
7f45e66b2000-7f45e66b3000 r--p 00104000 08:06 14423902                   /lib/x86_64-linux-gnu/libm-2.19.so
7f45e66b3000-7f45e66b4000 rw-p 00105000 08:06 14423902                   /lib/x86_64-linux-gnu/libm-2.19.so
7f45e66b4000-7f45e731e000 r-xp 00000000 08:06 3146444                    /home/john/jdk1.8.0_20/jre/lib/amd64/server/libjvm.so
7f45e731e000-7f45e751d000 ---p 00c6a000 08:06 3146444                    /home/john/jdk1.8.0_20/jre/lib/amd64/server/libjvm.so
7f45e751d000-7f45e75f4000 rw-p 00c69000 08:06 3146444                    /home/john/jdk1.8.0_20/jre/lib/amd64/server/libjvm.so
7f45e75f4000-7f45e7636000 rw-p 00000000 00:00 0 
7f45e7636000-7f45e77f1000 r-xp 00000000 08:06 14425465                   /lib/x86_64-linux-gnu/libc-2.19.so
7f45e77f1000-7f45e79f0000 ---p 001bb000 08:06 14425465                   /lib/x86_64-linux-gnu/libc-2.19.so
7f45e79f0000-7f45e79f4000 r--p 001ba000 08:06 14425465                   /lib/x86_64-linux-gnu/libc-2.19.so
7f45e79f4000-7f45e79f6000 rw-p 001be000 08:06 14425465                   /lib/x86_64-linux-gnu/libc-2.19.so
7f45e79f6000-7f45e79fb000 rw-p 00000000 00:00 0 
7f45e79fb000-7f45e79fe000 r-xp 00000000 08:06 14425454                   /lib/x86_64-linux-gnu/libdl-2.19.so
7f45e79fe000-7f45e7bfd000 ---p 00003000 08:06 14425454                   /lib/x86_64-linux-gnu/libdl-2.19.so
7f45e7bfd000-7f45e7bfe000 r--p 00002000 08:06 14425454                   /lib/x86_64-linux-gnu/libdl-2.19.so
7f45e7bfe000-7f45e7bff000 rw-p 00003000 08:06 14425454                   /lib/x86_64-linux-gnu/libdl-2.19.so
7f45e7bff000-7f45e7c14000 r-xp 00000000 08:06 2885489                    /home/john/jdk1.8.0_20/lib/amd64/jli/libjli.so
7f45e7c14000-7f45e7e13000 ---p 00015000 08:06 2885489                    /home/john/jdk1.8.0_20/lib/amd64/jli/libjli.so
7f45e7e13000-7f45e7e14000 rw-p 00014000 08:06 2885489                    /home/john/jdk1.8.0_20/lib/amd64/jli/libjli.so
7f45e7e14000-7f45e7e2d000 r-xp 00000000 08:06 14425466                   /lib/x86_64-linux-gnu/libpthread-2.19.so
7f45e7e2d000-7f45e802c000 ---p 00019000 08:06 14425466                   /lib/x86_64-linux-gnu/libpthread-2.19.so
7f45e802c000-7f45e802d000 r--p 00018000 08:06 14425466                   /lib/x86_64-linux-gnu/libpthread-2.19.so
7f45e802d000-7f45e802e000 rw-p 00019000 08:06 14425466                   /lib/x86_64-linux-gnu/libpthread-2.19.so
7f45e802e000-7f45e8032000 rw-p 00000000 00:00 0 
7f45e8032000-7f45e8055000 r-xp 00000000 08:06 14425462                   /lib/x86_64-linux-gnu/ld-2.19.so
7f45e8056000-7f45e8058000 rw-p 00000000 00:00 0 
7f45e8058000-7f45e8059000 r--p 00000000 08:06 664782                     /usr/share/locale-langpack/en_GB/LC_MESSAGES/libc.mo
7f45e8059000-7f45e812b000 rw-p 00000000 00:00 0 
7f45e812b000-7f45e812e000 ---p 00000000 00:00 0 
7f45e812e000-7f45e8230000 rw-p 00000000 00:00 0                          [stack:8718]
7f45e8230000-7f45e8235000 r--s 002f8000 08:06 2885683                    /home/john/jdk1.8.0_20/jre/lib/charsets.jar
7f45e8235000-7f45e8248000 rw-p 00000000 00:00 0 
7f45e8248000-7f45e8250000 rw-s 00000000 08:06 24117422                   /tmp/hsperfdata_john/8716
7f45e8250000-7f45e8251000 rw-p 00000000 00:00 0 
7f45e8251000-7f45e8252000 r--p 00000000 00:00 0 
7f45e8252000-7f45e8254000 rw-p 00000000 00:00 0 
7f45e8254000-7f45e8255000 r--p 00022000 08:06 14425462                   /lib/x86_64-linux-gnu/ld-2.19.so
7f45e8255000-7f45e8256000 rw-p 00023000 08:06 14425462                   /lib/x86_64-linux-gnu/ld-2.19.so
7f45e8256000-7f45e8257000 rw-p 00000000 00:00 0 
7fffdb802000-7fffdb823000 rw-p 00000000 00:00 0                          [stack]
7fffdb996000-7fffdb998000 r-xp 00000000 00:00 0                          [vdso]
ffffffffff600000-ffffffffff601000 r-xp 00000000 00:00 0                  [vsyscall]

VM Arguments:
jvm_args: -Dfile.encoding=UTF-8 -Djava.library.path=/usr/local/lib 
java_command: org.g0orx.openhpsdr.OpenHPSDRJ
java_class_path (initial): /home/john/NetBeansProjects/openHPSDRJ/build/classes
Launcher Type: SUN_STANDARD

Environment Variables:
PATH=/usr/local/sbin:/usr/local/bin:/usr/sbin:/usr/bin:/sbin:/bin:/usr/games:/usr/local/games
LD_LIBRARY_PATH=/home/john/jdk1.8.0_20/jre/lib/amd64:/home/john/jdk1.8.0_20/jre/lib/i386:
SHELL=/bin/bash
DISPLAY=:0.0

Signal Handlers:
SIGSEGV: [libjvm.so+0xa77530], sa_mask[0]=11111111011111111101111111111110, sa_flags=SA_RESTART|SA_SIGINFO
SIGBUS: [libjvm.so+0xa77530], sa_mask[0]=11111111011111111101111111111110, sa_flags=SA_RESTART|SA_SIGINFO
SIGFPE: [libjvm.so+0x8e1d90], sa_mask[0]=11111111011111111101111111111110, sa_flags=SA_RESTART|SA_SIGINFO
SIGPIPE: [libjvm.so+0x8e1d90], sa_mask[0]=11111111011111111101111111111110, sa_flags=SA_RESTART|SA_SIGINFO
SIGXFSZ: [libjvm.so+0x8e1d90], sa_mask[0]=11111111011111111101111111111110, sa_flags=SA_RESTART|SA_SIGINFO
SIGILL: [libjvm.so+0x8e1d90], sa_mask[0]=11111111011111111101111111111110, sa_flags=SA_RESTART|SA_SIGINFO
SIGUSR1: SIG_DFL, sa_mask[0]=00000000000000000000000000000000, sa_flags=none
SIGUSR2: [libjvm.so+0x8e35c0], sa_mask[0]=00100000000000000000000000000000, sa_flags=SA_RESTART|SA_SIGINFO
SIGHUP: [libjvm.so+0x8e4980], sa_mask[0]=11111111011111111101111111111110, sa_flags=SA_RESTART|SA_SIGINFO
SIGINT: SIG_IGN, sa_mask[0]=00000000000000000000000000000000, sa_flags=none
SIGTERM: [libjvm.so+0x8e4980], sa_mask[0]=11111111011111111101111111111110, sa_flags=SA_RESTART|SA_SIGINFO
SIGQUIT: [libjvm.so+0x8e4980], sa_mask[0]=11111111011111111101111111111110, sa_flags=SA_RESTART|SA_SIGINFO


---------------  S Y S T E M  ---------------

OS:DISTRIB_ID=Ubuntu
DISTRIB_RELEASE=14.04
DISTRIB_CODENAME=trusty
DISTRIB_DESCRIPTION="Ubuntu 14.04.2 LTS"

uname:Linux 3.13.0-46-generic #79-Ubuntu SMP Tue Mar 10 20:06:50 UTC 2015 x86_64
libc:glibc 2.19 NPTL 2.19 
rlimit: STACK 8192k, CORE 0k, NPROC 29404, NOFILE 4096, AS infinity
load average:0.21 0.31 0.26

/proc/meminfo:
MemTotal:        3785356 kB
MemFree:          232168 kB
Buffers:           22464 kB
Cached:           790688 kB
SwapCached:        23676 kB
Active:          2267228 kB
Inactive:         925016 kB
Active(anon):    2008528 kB
Inactive(anon):   696132 kB
Active(file):     258700 kB
Inactive(file):   228884 kB
Unevictable:          48 kB
Mlocked:              48 kB
SwapTotal:       3926012 kB
SwapFree:        3706036 kB
Dirty:              1404 kB
Writeback:             0 kB
AnonPages:       2360912 kB
Mapped:           153100 kB
Shmem:            325560 kB
Slab:             267584 kB
SReclaimable:     234784 kB
SUnreclaim:        32800 kB
KernelStack:        4328 kB
PageTables:        33688 kB
NFS_Unstable:          0 kB
Bounce:                0 kB
WritebackTmp:          0 kB
CommitLimit:     5818688 kB
Committed_AS:    6461520 kB
VmallocTotal:   34359738367 kB
VmallocUsed:      351580 kB
VmallocChunk:   34359377680 kB
HardwareCorrupted:     0 kB
AnonHugePages:    301056 kB
HugePages_Total:       0
HugePages_Free:        0
HugePages_Rsvd:        0
HugePages_Surp:        0
Hugepagesize:       2048 kB
DirectMap4k:       79744 kB
DirectMap2M:     3848192 kB


CPU:total 4 (2 cores per cpu, 2 threads per core) family 6 model 37 stepping 2, cmov, cx8, fxsr, mmx, sse, sse2, sse3, ssse3, sse4.1, sse4.2, popcnt, aes, clmul, ht, tsc, tscinvbit

/proc/cpuinfo:
processor	: 0
vendor_id	: GenuineIntel
cpu family	: 6
model		: 37
model name	: Intel(R) Core(TM) i5 CPU         650  @ 3.20GHz
stepping	: 2
microcode	: 0x9
cpu MHz		: 3193.000
cache size	: 4096 KB
physical id	: 0
siblings	: 4
core id		: 0
cpu cores	: 2
apicid		: 0
initial apicid	: 0
fpu		: yes
fpu_exception	: yes
cpuid level	: 11
wp		: yes
flags		: fpu vme de pse tsc msr pae mce cx8 apic sep mtrr pge mca cmov pat pse36 clflush dts acpi mmx fxsr sse sse2 ss ht tm pbe syscall nx rdtscp lm constant_tsc arch_perfmon pebs bts rep_good nopl xtopology nonstop_tsc aperfmperf pni pclmulqdq dtes64 monitor ds_cpl vmx smx est tm2 ssse3 cx16 xtpr pdcm sse4_1 sse4_2 popcnt aes lahf_lm ida arat dtherm tpr_shadow vnmi flexpriority ept vpid
bogomips	: 6400.38
clflush size	: 64
cache_alignment	: 64
address sizes	: 36 bits physical, 48 bits virtual
power management:

processor	: 1
vendor_id	: GenuineIntel
cpu family	: 6
model		: 37
model name	: Intel(R) Core(TM) i5 CPU         650  @ 3.20GHz
stepping	: 2
microcode	: 0x9
cpu MHz		: 1729.000
cache size	: 4096 KB
physical id	: 0
siblings	: 4
core id		: 2
cpu cores	: 2
apicid		: 4
initial apicid	: 4
fpu		: yes
fpu_exception	: yes
cpuid level	: 11
wp		: yes
flags		: fpu vme de pse tsc msr pae mce cx8 apic sep mtrr pge mca cmov pat pse36 clflush dts acpi mmx fxsr sse sse2 ss ht tm pbe syscall nx rdtscp lm constant_tsc arch_perfmon pebs bts rep_good nopl xtopology nonstop_tsc aperfmperf pni pclmulqdq dtes64 monitor ds_cpl vmx smx est tm2 ssse3 cx16 xtpr pdcm sse4_1 sse4_2 popcnt aes lahf_lm ida arat dtherm tpr_shadow vnmi flexpriority ept vpid
bogomips	: 6400.38
clflush size	: 64
cache_alignment	: 64
address sizes	: 36 bits physical, 48 bits virtual
power management:

processor	: 2
vendor_id	: GenuineIntel
cpu family	: 6
model		: 37
model name	: Intel(R) Core(TM) i5 CPU         650  @ 3.20GHz
stepping	: 2
microcode	: 0x9
cpu MHz		: 1197.000
cache size	: 4096 KB
physical id	: 0
siblings	: 4
core id		: 0
cpu cores	: 2
apicid		: 1
initial apicid	: 1
fpu		: yes
fpu_exception	: yes
cpuid level	: 11
wp		: yes
flags		: fpu vme de pse tsc msr pae mce cx8 apic sep mtrr pge mca cmov pat pse36 clflush dts acpi mmx fxsr sse sse2 ss ht tm pbe syscall nx rdtscp lm constant_tsc arch_perfmon pebs bts rep_good nopl xtopology nonstop_tsc aperfmperf pni pclmulqdq dtes64 monitor ds_cpl vmx smx est tm2 ssse3 cx16 xtpr pdcm sse4_1 sse4_2 popcnt aes lahf_lm ida arat dtherm tpr_shadow vnmi flexpriority ept vpid
bogomips	: 6400.38
clflush size	: 64
cache_alignment	: 64
address sizes	: 36 bits physical, 48 bits virtual
power management:

processor	: 3
vendor_id	: GenuineIntel
cpu family	: 6
model		: 37
model name	: Intel(R) Core(TM) i5 CPU         650  @ 3.20GHz
stepping	: 2
microcode	: 0x9
cpu MHz		: 3193.000
cache size	: 4096 KB
physical id	: 0
siblings	: 4
core id		: 2
cpu cores	: 2
apicid		: 5
initial apicid	: 5
fpu		: yes
fpu_exception	: yes
cpuid level	: 11
wp		: yes
flags		: fpu vme de pse tsc msr pae mce cx8 apic sep mtrr pge mca cmov pat pse36 clflush dts acpi mmx fxsr sse sse2 ss ht tm pbe syscall nx rdtscp lm constant_tsc arch_perfmon pebs bts rep_good nopl xtopology nonstop_tsc aperfmperf pni pclmulqdq dtes64 monitor ds_cpl vmx smx est tm2 ssse3 cx16 xtpr pdcm sse4_1 sse4_2 popcnt aes lahf_lm ida arat dtherm tpr_shadow vnmi flexpriority ept vpid
bogomips	: 6400.38
clflush size	: 64
cache_alignment	: 64
address sizes	: 36 bits physical, 48 bits virtual
power management:



Memory: 4k page, physical 3785356k(232168k free), swap 3926012k(3706036k free)

vm_info: Java HotSpot(TM) 64-Bit Server VM (25.20-b23) for linux-amd64 JRE (1.8.0_20-b26), built on Jul 30 2014 13:13:52 by "java_re" with gcc 4.3.0 20080428 (Red Hat 4.3.0-8)

time: Fri Mar 20 11:15:42 2015
elapsed time: 7 seconds (0d 0h 0m 7s)

