#
# A fatal error has been detected by the Java Runtime Environment:
#
#  SIGSEGV (0xb) at pc=0x00007fbbc5a2dffe, pid=26513, tid=140443625002752
#
# JRE version: Java(TM) SE Runtime Environment (8.0_20-b26) (build 1.8.0_20-b26)
# Java VM: Java HotSpot(TM) 64-Bit Server VM (25.20-b23 mixed mode linux-amd64 compressed oops)
# Problematic frame:
# C  [libc.so.6+0x97ffe]
#
# Failed to write core dump. Core dumps have been disabled. To enable core dumping, try "ulimit -c unlimited" before starting Java again
#
# If you would like to submit a bug report, please visit:
#   http://bugreport.sun.com/bugreport/crash.jsp
# The crash happened outside the Java Virtual Machine in native code.
# See problematic frame for where to report the bug.
#

---------------  T H R E A D  ---------------

Current thread (0x00007fbb693c1000):  JavaThread "Thread-1" [_thread_in_native, id=26539, stack(0x00007fbb94511000,0x00007fbb94612000)]

siginfo: si_signo: 11 (SIGSEGV), si_code: 2 (SEGV_ACCERR), si_addr: 0x00007fbb5c030710

Registers:
RAX=0xfffffffff9b3d710, RBX=0x00007fbbadad0b20, RCX=0x0000000000008000, RDX=0x0000000000004000
RSP=0x00007fbb94610618, RBP=0x00007fbb94610660, RSI=0x00007fbb5c02c720, RDI=0x00007fbb624eb010
R8 =0xfffffffff993f720, R9 =0xfffffffff993f710, R10=0xfffffffff993f700, R11=0x00007fbb940980eb
R12=0x0000000000000000, R13=0x00007fbbadad0b20, R14=0x00007fbb94610780, R15=0x00007fbb693c1000
RIP=0x00007fbbc5a2dffe, EFLAGS=0x0000000000010202, CSGSFS=0x0000000000000033, ERR=0x0000000000000004
  TRAPNO=0x000000000000000e

Top of Stack: (sp=0x00007fbb94610618)
0x00007fbb94610618:   00007fbb94098227 00007fbb5c02c720
0x00007fbb94610628:   00007fbb5c02b710 0000000000000000
0x00007fbb94610638:   0000000000000000 0000000000000000
0x00007fbb94610648:   00007fbb680508e0 00007fbb626ec010
0x00007fbb94610658:   00007fbb624eb010 00007fbb946106b0
0x00007fbb94610668:   00007fbb940cd8af 00007fbb693c1000
0x00007fbb94610678:   00007fbb94610760 0000000000000000
0x00007fbb94610688:   0000000000000000 00007fbb94610780
0x00007fbb94610698:   00007fbb693c11e8 00007fbb5c02b710
0x00007fbb946106a8:   00007fbb5c02c720 00007fbb94610738
0x00007fbb946106b8:   00007fbbb05bc4d4 00007fbb94610758
0x00007fbb946106c8:   0000000000000000 00007fbbadad0b20
0x00007fbb946106d8:   0000000000000000 00007fbb94610738
0x00007fbb946106e8:   00007fbbb05bc267 00007fbbb05bc222
0x00007fbb946106f8:   00007fbb946106f8 00007fbbadad0b20
0x00007fbb94610708:   00007fbb94610780 00007fbbadad1180
0x00007fbb94610718:   0000000000000000 00007fbbadad0b20
0x00007fbb94610728:   0000000000000000 00007fbb94610758
0x00007fbb94610738:   00007fbb946107c8 00007fbbb05b098d
0x00007fbb94610748:   0000000000000000 00007fbbb05b82b8
0x00007fbb94610758:   00000000ed168ba8 00000000ed169bb8
0x00007fbb94610768:   0000000000000000 0000000000000000
0x00007fbb94610778:   0000000000000000 00000000ed168b98
0x00007fbb94610788:   00007fbb94610788 00007fbbada9d1ce
0x00007fbb94610798:   00007fbb94610818 00007fbbada9f628
0x00007fbb946107a8:   0000000000000000 00007fbbada9d4a0
0x00007fbb946107b8:   00007fbb94610758 00007fbb94610808
0x00007fbb946107c8:   00007fbb94610860 00007fbbb05b098d
0x00007fbb946107d8:   0000000000000000 0000000000000001
0x00007fbb946107e8:   000000000000008f 0000000000000000
0x00007fbb946107f8:   00000000ed1a67a0 00000000ed1a66d8
0x00007fbb94610808:   0000000000000008 00000000ed156240 

Instructions: (pc=0x00007fbbc5a2dffe)
0x00007fbbc5a2dfde:   39 c8 0f 82 07 01 00 00 48 83 fa 10 0f 86 8b 01
0x00007fbbc5a2dfee:   00 00 f3 44 0f 6f 06 48 83 fa 20 f3 44 0f 7f 07
0x00007fbbc5a2dffe:   f3 44 0f 6f 44 16 f0 f3 44 0f 7f 44 17 f0 77 12
0x00007fbbc5a2e00e:   48 89 f8 c3 66 66 66 66 66 2e 0f 1f 84 00 00 00 

Register to memory mapping:

RAX=0xfffffffff9b3d710 is an unknown value
RBX={method} {0x00007fbbadad0b20} 'Spectrum' '(III[F[F)V' in 'org/g0orx/openhpsdr/wdsp/WDSP'
RCX=0x0000000000008000 is an unknown value
RDX=0x0000000000004000 is an unknown value
RSP=0x00007fbb94610618 is pointing into the stack for thread: 0x00007fbb693c1000
RBP=0x00007fbb94610660 is pointing into the stack for thread: 0x00007fbb693c1000
RSI=0x00007fbb5c02c720 is an unknown value
RDI=0x00007fbb624eb010 is an unknown value
R8 =0xfffffffff993f720 is an unknown value
R9 =0xfffffffff993f710 is an unknown value
R10=0xfffffffff993f700 is an unknown value
R11=0x00007fbb940980eb: Spectrum+0 in /usr/local/lib/libwdspj.so at 0x00007fbb94082000
R12=0x0000000000000000 is an unknown value
R13={method} {0x00007fbbadad0b20} 'Spectrum' '(III[F[F)V' in 'org/g0orx/openhpsdr/wdsp/WDSP'
R14=0x00007fbb94610780 is pointing into the stack for thread: 0x00007fbb693c1000
R15=0x00007fbb693c1000 is a thread


Stack: [0x00007fbb94511000,0x00007fbb94612000],  sp=0x00007fbb94610618,  free space=1021k
Native frames: (J=compiled Java code, j=interpreted, Vv=VM code, C=native code)
C  [libc.so.6+0x97ffe]
C  [libwdspj.so+0x4b8af]  Java_org_g0orx_openhpsdr_wdsp_WDSP_Spectrum+0x81
j  org.g0orx.openhpsdr.wdsp.WDSP.Spectrum(III[F[F)V+0
j  org.g0orx.openhpsdr.Metis.demuxBuffer([BI)V+1798
j  org.g0orx.openhpsdr.Metis.run()V+384
v  ~StubRoutines::call_stub
V  [libjvm.so+0x663ce6]  JavaCalls::call_helper(JavaValue*, methodHandle*, JavaCallArguments*, Thread*)+0x1056
V  [libjvm.so+0x6641f1]  JavaCalls::call_virtual(JavaValue*, KlassHandle, Symbol*, Symbol*, JavaCallArguments*, Thread*)+0x321
V  [libjvm.so+0x664697]  JavaCalls::call_virtual(JavaValue*, Handle, KlassHandle, Symbol*, Symbol*, Thread*)+0x47
V  [libjvm.so+0x6f1990]  thread_entry(JavaThread*, Thread*)+0xa0
V  [libjvm.so+0xa2990f]  JavaThread::thread_main_inner()+0xdf
V  [libjvm.so+0xa29a3c]  JavaThread::run()+0x11c
V  [libjvm.so+0x8e75f8]  java_start(Thread*)+0x108
C  [libpthread.so.0+0x8182]  start_thread+0xc2

Java frames: (J=compiled Java code, j=interpreted, Vv=VM code)
j  org.g0orx.openhpsdr.wdsp.WDSP.Spectrum(III[F[F)V+0
j  org.g0orx.openhpsdr.Metis.demuxBuffer([BI)V+1798
j  org.g0orx.openhpsdr.Metis.run()V+384
v  ~StubRoutines::call_stub

---------------  P R O C E S S  ---------------

Java Threads: ( => current thread )
  0x00007fbb693c1800 JavaThread "Timer-0" [_thread_blocked, id=26540, stack(0x00007fbb596b3000,0x00007fbb597b4000)]
=>0x00007fbb693c1000 JavaThread "Thread-1" [_thread_in_native, id=26539, stack(0x00007fbb94511000,0x00007fbb94612000)]
  0x00007fbbc0009800 JavaThread "DestroyJavaVM" [_thread_blocked, id=26517, stack(0x00007fbbc648b000,0x00007fbbc658c000)]
  0x00007fbbc02d4000 JavaThread "AWT-EventQueue-0" [_thread_blocked, id=26534, stack(0x00007fbb94eb9000,0x00007fbb94fba000)]
  0x00007fbbc02d2000 JavaThread "AWT-Shutdown" [_thread_blocked, id=26533, stack(0x00007fbb94fba000,0x00007fbb950bb000)]
  0x00007fbbc029c800 JavaThread "AWT-XAWT" daemon [_thread_in_native, id=26532, stack(0x00007fbb950bb000,0x00007fbb951bc000)]
  0x00007fbbc0276800 JavaThread "Java2D Disposer" daemon [_thread_blocked, id=26531, stack(0x00007fbb955cc000,0x00007fbb956cd000)]
  0x00007fbbc00d0000 JavaThread "Service Thread" daemon [_thread_blocked, id=26529, stack(0x00007fbb97318000,0x00007fbb97419000)]
  0x00007fbbc00b2800 JavaThread "C1 CompilerThread2" daemon [_thread_blocked, id=26528, stack(0x00007fbb97419000,0x00007fbb9751a000)]
  0x00007fbbc00b0800 JavaThread "C2 CompilerThread1" daemon [_thread_blocked, id=26527, stack(0x00007fbb9751a000,0x00007fbb9761b000)]
  0x00007fbbc00ad800 JavaThread "C2 CompilerThread0" daemon [_thread_blocked, id=26526, stack(0x00007fbb9761b000,0x00007fbb9771c000)]
  0x00007fbbc00ab800 JavaThread "Signal Dispatcher" daemon [_thread_blocked, id=26525, stack(0x00007fbb9771c000,0x00007fbb9781d000)]
  0x00007fbbc007c000 JavaThread "Finalizer" daemon [_thread_blocked, id=26524, stack(0x00007fbb97eff000,0x00007fbb98000000)]
  0x00007fbbc007a000 JavaThread "Reference Handler" daemon [_thread_blocked, id=26523, stack(0x00007fbbac0d7000,0x00007fbbac1d8000)]

Other Threads:
  0x00007fbbc0073000 VMThread [stack: 0x00007fbbac1d8000,0x00007fbbac2d9000] [id=26522]
  0x00007fbbc00d2800 WatcherThread [stack: 0x00007fbb97217000,0x00007fbb97318000] [id=26530]

VM state:not at safepoint (normal execution)

VM Mutex/Monitor currently owned by a thread: None

Heap:
 PSYoungGen      total 17408K, used 7375K [0x00000000ecb80000, 0x00000000ede80000, 0x0000000100000000)
  eden space 15360K, 48% used [0x00000000ecb80000,0x00000000ed2b3e80,0x00000000eda80000)
  from space 2048K, 0% used [0x00000000edc80000,0x00000000edc80000,0x00000000ede80000)
  to   space 2048K, 0% used [0x00000000eda80000,0x00000000eda80000,0x00000000edc80000)
 ParOldGen       total 39936K, used 0K [0x00000000c6200000, 0x00000000c8900000, 0x00000000ecb80000)
  object space 39936K, 0% used [0x00000000c6200000,0x00000000c6200000,0x00000000c8900000)
 Metaspace       used 11080K, capacity 11204K, committed 11392K, reserved 1058816K
  class space    used 1299K, capacity 1353K, committed 1408K, reserved 1048576K

Card table byte_map: [0x00007fbbb0019000,0x00007fbbb01e9000] byte_map_base: 0x00007fbbaf9e8000

Marking Bits: (ParMarkBitMap*) 0x00007fbbc596bac0
 Begin Bits: [0x00007fbbaddf0000, 0x00007fbbaec68000)
 End Bits:   [0x00007fbbaec68000, 0x00007fbbafae0000)

Polling page: 0x00007fbbc65b1000

CodeCache: size=245760Kb used=2307Kb max_used=2319Kb free=243452Kb
 bounds [0x00007fbbb05a9000, 0x00007fbbb0819000, 0x00007fbbbf5a9000]
 total_blobs=1168 nmethods=628 adapters=456
 compilation: enabled

Compilation events (10 events):
Event: 10.772 Thread 0x00007fbbc00b2800 nmethod 622 0x00007fbbb07e9550 code [0x00007fbbb07e96a0, 0x00007fbbb07e97b0]
Event: 10.772 Thread 0x00007fbbc00b2800  623       1       javax.swing.AbstractButton::getHorizontalAlignment (5 bytes)
Event: 10.772 Thread 0x00007fbbc00b2800 nmethod 623 0x00007fbbb07e9810 code [0x00007fbbb07e9960, 0x00007fbbb07e9a70]
Event: 10.772 Thread 0x00007fbbc00b2800  624       1       javax.swing.AbstractButton::getVerticalTextPosition (5 bytes)
Event: 10.772 Thread 0x00007fbbc00b2800 nmethod 624 0x00007fbbb07e9ad0 code [0x00007fbbb07e9c20, 0x00007fbbb07e9d30]
Event: 10.772 Thread 0x00007fbbc00b2800  625       1       javax.swing.AbstractButton::getHorizontalTextPosition (5 bytes)
Event: 10.772 Thread 0x00007fbbc00b2800 nmethod 625 0x00007fbbb07e9d90 code [0x00007fbbb07e9ee0, 0x00007fbbb07e9ff0]
Event: 10.772 Thread 0x00007fbbc00b2800  626       1       javax.swing.AbstractButton::getIconTextGap (5 bytes)
Event: 10.772 Thread 0x00007fbbc00b2800 nmethod 626 0x00007fbbb07ea050 code [0x00007fbbb07ea1a0, 0x00007fbbb07ea2b0]
Event: 10.774 Thread 0x00007fbbc00b0800 nmethod 610 0x00007fbbb07ed3d0 code [0x00007fbbb07ed540, 0x00007fbbb07ed9d8]

GC Heap History (0 events):
No events

Deoptimization events (0 events):
No events

Internal exceptions (10 events):
Event: 0.398 Thread 0x00007fbbc0372800 Exception <a 'java/security/PrivilegedActionException'> (0x00000000ed0bfc70) thrown at [/HUDSON/workspace/8-2-build-linux-amd64/jdk8u20/1074/hotspot/src/share/vm/prims/jvm.cpp, line 1275]
Event: 0.404 Thread 0x00007fbbc02d4000 Exception <a 'java/security/PrivilegedActionException'> (0x00000000ecf1fb08) thrown at [/HUDSON/workspace/8-2-build-linux-amd64/jdk8u20/1074/hotspot/src/share/vm/prims/jvm.cpp, line 1275]
Event: 0.405 Thread 0x00007fbbc02d4000 Exception <a 'java/security/PrivilegedActionException'> (0x00000000ecf23d48) thrown at [/HUDSON/workspace/8-2-build-linux-amd64/jdk8u20/1074/hotspot/src/share/vm/prims/jvm.cpp, line 1275]
Event: 0.405 Thread 0x00007fbbc02d4000 Exception <a 'java/security/PrivilegedActionException'> (0x00000000ecf27500) thrown at [/HUDSON/workspace/8-2-build-linux-amd64/jdk8u20/1074/hotspot/src/share/vm/prims/jvm.cpp, line 1275]
Event: 0.419 Thread 0x00007fbbc02d4000 Exception <a 'java/security/PrivilegedActionException'> (0x00000000ecf3b888) thrown at [/HUDSON/workspace/8-2-build-linux-amd64/jdk8u20/1074/hotspot/src/share/vm/prims/jvm.cpp, line 1275]
Event: 0.569 Thread 0x00007fbbc02d4000 Exception <a 'java/lang/UnsupportedOperationException': > (0x00000000ed13dc50) thrown at [/HUDSON/workspace/8-2-build-linux-amd64/jdk8u20/1074/hotspot/src/share/vm/prims/jni.cpp, line 742]
Event: 2.404 Thread 0x00007fbbc0372800 Exception <a 'java/net/SocketTimeoutException': Receive timed out> (0x00000000ed0c55c0) thrown at [/HUDSON/workspace/8-2-build-linux-amd64/jdk8u20/1074/hotspot/src/share/vm/prims/jni.cpp, line 742]
Event: 4.476 Thread 0x00007fbbc02d4000 Exception <a 'java/security/PrivilegedActionException'> (0x00000000ed163710) thrown at [/HUDSON/workspace/8-2-build-linux-amd64/jdk8u20/1074/hotspot/src/share/vm/prims/jvm.cpp, line 1275]
Event: 10.757 Thread 0x00007fbbc02d4000 Exception <a 'java/security/PrivilegedActionException'> (0x00000000ed17b9e8) thrown at [/HUDSON/workspace/8-2-build-linux-amd64/jdk8u20/1074/hotspot/src/share/vm/prims/jvm.cpp, line 1275]
Event: 10.758 Thread 0x00007fbbc02d4000 Exception <a 'java/security/PrivilegedActionException'> (0x00000000ed17f690) thrown at [/HUDSON/workspace/8-2-build-linux-amd64/jdk8u20/1074/hotspot/src/share/vm/prims/jvm.cpp, line 1275]

Events (10 events):
Event: 10.760 loading class java/util/TaskQueue done
Event: 10.760 loading class java/util/TimerThread
Event: 10.760 loading class java/util/TimerThread done
Event: 10.760 loading class java/util/Timer$1
Event: 10.760 loading class java/util/Timer$1 done
Event: 10.761 Thread 0x00007fbb693c1800 Thread added: 0x00007fbb693c1800
Event: 10.761 Executing VM operation: RevokeBias
Event: 10.761 Executing VM operation: RevokeBias done
Event: 10.762 loading class javax/swing/RepaintManager$3
Event: 10.762 loading class javax/swing/RepaintManager$3 done


Dynamic libraries:
00400000-00401000 r-xp 00000000 08:06 28579635                           /home/john/jdk1.8.0_20/bin/java
00600000-00601000 rw-p 00000000 08:06 28579635                           /home/john/jdk1.8.0_20/bin/java
01fa3000-01fc4000 rw-p 00000000 00:00 0                                  [heap]
c6200000-c8900000 rw-p 00000000 00:00 0 
c8900000-ecb80000 ---p 00000000 00:00 0 
ecb80000-ede80000 rw-p 00000000 00:00 0 
ede80000-100000000 ---p 00000000 00:00 0 
100000000-100160000 rw-p 00000000 00:00 0 
100160000-140000000 ---p 00000000 00:00 0 
7fbb54000000-7fbb54021000 rw-p 00000000 00:00 0 
7fbb54021000-7fbb58000000 ---p 00000000 00:00 0 
7fbb596b3000-7fbb596b6000 ---p 00000000 00:00 0 
7fbb596b6000-7fbb597b4000 rw-p 00000000 00:00 0                          [stack:26540]
7fbb597b4000-7fbb597b5000 ---p 00000000 00:00 0 
7fbb597b5000-7fbb59fb5000 rw-p 00000000 00:00 0                          [stack:26538]
7fbb59fb5000-7fbb59fb6000 ---p 00000000 00:00 0 
7fbb59fb6000-7fbb5abfa000 rw-p 00000000 00:00 0                          [stack:26537]
7fbb5abfa000-7fbb5abfb000 ---p 00000000 00:00 0 
7fbb5abfb000-7fbb5c000000 rw-p 00000000 00:00 0                          [stack:26536]
7fbb5c000000-7fbb5c2c7000 rw-p 00000000 00:00 0 
7fbb5c2c7000-7fbb60000000 ---p 00000000 00:00 0 
7fbb600dc000-7fbb63cf5000 rw-p 00000000 00:00 0 
7fbb63cf5000-7fbb63df9000 r-xp 00000000 08:06 27927958                   /usr/local/lib/libfftw3.so.3.3.2
7fbb63df9000-7fbb63ff8000 ---p 00104000 08:06 27927958                   /usr/local/lib/libfftw3.so.3.3.2
7fbb63ff8000-7fbb63fff000 r--p 00103000 08:06 27927958                   /usr/local/lib/libfftw3.so.3.3.2
7fbb63fff000-7fbb64000000 rw-p 0010a000 08:06 27927958                   /usr/local/lib/libfftw3.so.3.3.2
7fbb64000000-7fbb64021000 rw-p 00000000 00:00 0 
7fbb64021000-7fbb68000000 ---p 00000000 00:00 0 
7fbb68000000-7fbb69472000 rw-p 00000000 00:00 0 
7fbb69472000-7fbb6c000000 ---p 00000000 00:00 0 
7fbb6c000000-7fbb6c021000 rw-p 00000000 00:00 0 
7fbb6c021000-7fbb70000000 ---p 00000000 00:00 0 
7fbb70000000-7fbb70280000 rw-p 00000000 00:00 0 
7fbb70280000-7fbb74000000 ---p 00000000 00:00 0 
7fbb74000000-7fbb74021000 rw-p 00000000 00:00 0 
7fbb74021000-7fbb78000000 ---p 00000000 00:00 0 
7fbb78000000-7fbb78021000 rw-p 00000000 00:00 0 
7fbb78021000-7fbb7c000000 ---p 00000000 00:00 0 
7fbb7c000000-7fbb7c098000 rw-p 00000000 00:00 0 
7fbb7c098000-7fbb80000000 ---p 00000000 00:00 0 
7fbb80000000-7fbb801df000 rw-p 00000000 00:00 0 
7fbb801df000-7fbb84000000 ---p 00000000 00:00 0 
7fbb84000000-7fbb84021000 rw-p 00000000 00:00 0 
7fbb84021000-7fbb88000000 ---p 00000000 00:00 0 
7fbb88000000-7fbb880a0000 rw-p 00000000 00:00 0 
7fbb880a0000-7fbb8c000000 ---p 00000000 00:00 0 
7fbb8c000000-7fbb8c021000 rw-p 00000000 00:00 0 
7fbb8c021000-7fbb90000000 ---p 00000000 00:00 0 
7fbb90000000-7fbb90021000 rw-p 00000000 00:00 0 
7fbb90021000-7fbb94000000 ---p 00000000 00:00 0 
7fbb94082000-7fbb940da000 r-xp 00000000 08:06 27922299                   /usr/local/lib/libwdspj.so
7fbb940da000-7fbb942d9000 ---p 00058000 08:06 27922299                   /usr/local/lib/libwdspj.so
7fbb942d9000-7fbb942da000 r--p 00057000 08:06 27922299                   /usr/local/lib/libwdspj.so
7fbb942da000-7fbb942db000 rw-p 00058000 08:06 27922299                   /usr/local/lib/libwdspj.so
7fbb942db000-7fbb942e4000 rw-p 00000000 00:00 0 
7fbb942e4000-7fbb9430e000 r-xp 00000000 08:06 3146423                    /home/john/jdk1.8.0_20/jre/lib/amd64/libdcpr.so
7fbb9430e000-7fbb9450e000 ---p 0002a000 08:06 3146423                    /home/john/jdk1.8.0_20/jre/lib/amd64/libdcpr.so
7fbb9450e000-7fbb94511000 rw-p 0002a000 08:06 3146423                    /home/john/jdk1.8.0_20/jre/lib/amd64/libdcpr.so
7fbb94511000-7fbb94514000 ---p 00000000 00:00 0 
7fbb94514000-7fbb94612000 rw-p 00000000 00:00 0                          [stack:26539]
7fbb94612000-7fbb9467b000 r-xp 00000000 08:06 3146435                    /home/john/jdk1.8.0_20/jre/lib/amd64/libt2k.so
7fbb9467b000-7fbb9487a000 ---p 00069000 08:06 3146435                    /home/john/jdk1.8.0_20/jre/lib/amd64/libt2k.so
7fbb9487a000-7fbb94881000 rw-p 00068000 08:06 3146435                    /home/john/jdk1.8.0_20/jre/lib/amd64/libt2k.so
7fbb94881000-7fbb94891000 rw-p 00000000 00:00 0 
7fbb94891000-7fbb948a2000 r-xp 00000000 08:06 3146470                    /home/john/jdk1.8.0_20/jre/lib/amd64/libnio.so
7fbb948a2000-7fbb94aa1000 ---p 00011000 08:06 3146470                    /home/john/jdk1.8.0_20/jre/lib/amd64/libnio.so
7fbb94aa1000-7fbb94aa2000 rw-p 00010000 08:06 3146470                    /home/john/jdk1.8.0_20/jre/lib/amd64/libnio.so
7fbb94aa2000-7fbb94c62000 rw-p 00000000 00:00 0 
7fbb94c62000-7fbb94ca2000 ---p 00000000 00:00 0 
7fbb94ca2000-7fbb94cb8000 r-xp 00000000 08:06 3146467                    /home/john/jdk1.8.0_20/jre/lib/amd64/libnet.so
7fbb94cb8000-7fbb94eb8000 ---p 00016000 08:06 3146467                    /home/john/jdk1.8.0_20/jre/lib/amd64/libnet.so
7fbb94eb8000-7fbb94eb9000 rw-p 00016000 08:06 3146467                    /home/john/jdk1.8.0_20/jre/lib/amd64/libnet.so
7fbb94eb9000-7fbb94ebc000 ---p 00000000 00:00 0 
7fbb94ebc000-7fbb94fba000 rw-p 00000000 00:00 0                          [stack:26534]
7fbb94fba000-7fbb94fbd000 ---p 00000000 00:00 0 
7fbb94fbd000-7fbb950bb000 rw-p 00000000 00:00 0                          [stack:26533]
7fbb950bb000-7fbb950be000 ---p 00000000 00:00 0 
7fbb950be000-7fbb951bc000 rw-p 00000000 00:00 0                          [stack:26532]
7fbb951bc000-7fbb951c1000 r-xp 00000000 08:06 27532859                   /usr/lib/x86_64-linux-gnu/libXfixes.so.3.1.0
7fbb951c1000-7fbb953c0000 ---p 00005000 08:06 27532859                   /usr/lib/x86_64-linux-gnu/libXfixes.so.3.1.0
7fbb953c0000-7fbb953c1000 r--p 00004000 08:06 27532859                   /usr/lib/x86_64-linux-gnu/libXfixes.so.3.1.0
7fbb953c1000-7fbb953c2000 rw-p 00005000 08:06 27532859                   /usr/lib/x86_64-linux-gnu/libXfixes.so.3.1.0
7fbb953c2000-7fbb953cb000 r-xp 00000000 08:06 27532851                   /usr/lib/x86_64-linux-gnu/libXcursor.so.1.0.2
7fbb953cb000-7fbb955ca000 ---p 00009000 08:06 27532851                   /usr/lib/x86_64-linux-gnu/libXcursor.so.1.0.2
7fbb955ca000-7fbb955cb000 r--p 00008000 08:06 27532851                   /usr/lib/x86_64-linux-gnu/libXcursor.so.1.0.2
7fbb955cb000-7fbb955cc000 rw-p 00009000 08:06 27532851                   /usr/lib/x86_64-linux-gnu/libXcursor.so.1.0.2
7fbb955cc000-7fbb955cf000 ---p 00000000 00:00 0 
7fbb955cf000-7fbb956cd000 rw-p 00000000 00:00 0                          [stack:26531]
7fbb956cd000-7fbb956e3000 r-xp 00000000 08:06 14417925                   /lib/x86_64-linux-gnu/libgcc_s.so.1
7fbb956e3000-7fbb958e2000 ---p 00016000 08:06 14417925                   /lib/x86_64-linux-gnu/libgcc_s.so.1
7fbb958e2000-7fbb958e3000 rw-p 00015000 08:06 14417925                   /lib/x86_64-linux-gnu/libgcc_s.so.1
7fbb958e3000-7fbb95948000 r-xp 00000000 08:06 3146452                    /home/john/jdk1.8.0_20/jre/lib/amd64/libfontmanager.so
7fbb95948000-7fbb95b47000 ---p 00065000 08:06 3146452                    /home/john/jdk1.8.0_20/jre/lib/amd64/libfontmanager.so
7fbb95b47000-7fbb95b4b000 rw-p 00064000 08:06 3146452                    /home/john/jdk1.8.0_20/jre/lib/amd64/libfontmanager.so
7fbb95b4b000-7fbb95b5c000 rw-p 00000000 00:00 0 
7fbb95b5c000-7fbb95b61000 r-xp 00000000 08:06 27532855                   /usr/lib/x86_64-linux-gnu/libXdmcp.so.6.0.0
7fbb95b61000-7fbb95d60000 ---p 00005000 08:06 27532855                   /usr/lib/x86_64-linux-gnu/libXdmcp.so.6.0.0
7fbb95d60000-7fbb95d61000 r--p 00004000 08:06 27532855                   /usr/lib/x86_64-linux-gnu/libXdmcp.so.6.0.0
7fbb95d61000-7fbb95d62000 rw-p 00005000 08:06 27532855                   /usr/lib/x86_64-linux-gnu/libXdmcp.so.6.0.0
7fbb95d62000-7fbb95d64000 r-xp 00000000 08:06 27532844                   /usr/lib/x86_64-linux-gnu/libXau.so.6.0.0
7fbb95d64000-7fbb95f64000 ---p 00002000 08:06 27532844                   /usr/lib/x86_64-linux-gnu/libXau.so.6.0.0
7fbb95f64000-7fbb95f65000 r--p 00002000 08:06 27532844                   /usr/lib/x86_64-linux-gnu/libXau.so.6.0.0
7fbb95f65000-7fbb95f66000 rw-p 00003000 08:06 27532844                   /usr/lib/x86_64-linux-gnu/libXau.so.6.0.0
7fbb95f66000-7fbb95f83000 r-xp 00000000 08:06 27533914                   /usr/lib/x86_64-linux-gnu/libxcb.so.1.1.0
7fbb95f83000-7fbb96183000 ---p 0001d000 08:06 27533914                   /usr/lib/x86_64-linux-gnu/libxcb.so.1.1.0
7fbb96183000-7fbb96184000 r--p 0001d000 08:06 27533914                   /usr/lib/x86_64-linux-gnu/libxcb.so.1.1.0
7fbb96184000-7fbb96185000 rw-p 0001e000 08:06 27533914                   /usr/lib/x86_64-linux-gnu/libxcb.so.1.1.0
7fbb96185000-7fbb96194000 r-xp 00000000 08:06 27532865                   /usr/lib/x86_64-linux-gnu/libXi.so.6.1.0
7fbb96194000-7fbb96393000 ---p 0000f000 08:06 27532865                   /usr/lib/x86_64-linux-gnu/libXi.so.6.1.0
7fbb96393000-7fbb96394000 r--p 0000e000 08:06 27532865                   /usr/lib/x86_64-linux-gnu/libXi.so.6.1.0
7fbb96394000-7fbb96395000 rw-p 0000f000 08:06 27532865                   /usr/lib/x86_64-linux-gnu/libXi.so.6.1.0
7fbb96395000-7fbb9639a000 r-xp 00000000 08:06 27532885                   /usr/lib/x86_64-linux-gnu/libXtst.so.6.1.0
7fbb9639a000-7fbb96599000 ---p 00005000 08:06 27532885                   /usr/lib/x86_64-linux-gnu/libXtst.so.6.1.0
7fbb96599000-7fbb9659a000 r--p 00004000 08:06 27532885                   /usr/lib/x86_64-linux-gnu/libXtst.so.6.1.0
7fbb9659a000-7fbb9659b000 rw-p 00005000 08:06 27532885                   /usr/lib/x86_64-linux-gnu/libXtst.so.6.1.0
7fbb9659b000-7fbb965a4000 r-xp 00000000 08:06 27532879                   /usr/lib/x86_64-linux-gnu/libXrender.so.1.3.0
7fbb965a4000-7fbb967a3000 ---p 00009000 08:06 27532879                   /usr/lib/x86_64-linux-gnu/libXrender.so.1.3.0
7fbb967a3000-7fbb967a4000 r--p 00008000 08:06 27532879                   /usr/lib/x86_64-linux-gnu/libXrender.so.1.3.0
7fbb967a4000-7fbb967a5000 rw-p 00009000 08:06 27532879                   /usr/lib/x86_64-linux-gnu/libXrender.so.1.3.0
7fbb967a5000-7fbb968d5000 r-xp 00000000 08:06 27532840                   /usr/lib/x86_64-linux-gnu/libX11.so.6.3.0
7fbb968d5000-7fbb96ad5000 ---p 00130000 08:06 27532840                   /usr/lib/x86_64-linux-gnu/libX11.so.6.3.0
7fbb96ad5000-7fbb96ad6000 r--p 00130000 08:06 27532840                   /usr/lib/x86_64-linux-gnu/libX11.so.6.3.0
7fbb96ad6000-7fbb96ada000 rw-p 00131000 08:06 27532840                   /usr/lib/x86_64-linux-gnu/libX11.so.6.3.0
7fbb96ada000-7fbb96aeb000 r-xp 00000000 08:06 27532857                   /usr/lib/x86_64-linux-gnu/libXext.so.6.4.0
7fbb96aeb000-7fbb96cea000 ---p 00011000 08:06 27532857                   /usr/lib/x86_64-linux-gnu/libXext.so.6.4.0
7fbb96cea000-7fbb96ceb000 r--p 00010000 08:06 27532857                   /usr/lib/x86_64-linux-gnu/libXext.so.6.4.0
7fbb96ceb000-7fbb96cec000 rw-p 00011000 08:06 27532857                   /usr/lib/x86_64-linux-gnu/libXext.so.6.4.0
7fbb96cec000-7fbb96d40000 r-xp 00000000 08:06 3146474                    /home/john/jdk1.8.0_20/jre/lib/amd64/libawt_xawt.so
7fbb96d40000-7fbb96f40000 ---p 00054000 08:06 3146474                    /home/john/jdk1.8.0_20/jre/lib/amd64/libawt_xawt.so
7fbb96f40000-7fbb96f44000 rw-p 00054000 08:06 3146474                    /home/john/jdk1.8.0_20/jre/lib/amd64/libawt_xawt.so
7fbb96f44000-7fbb96f45000 rw-p 00000000 00:00 0 
7fbb96f45000-7fbb96fe7000 r-xp 00000000 08:06 3146460                    /home/john/jdk1.8.0_20/jre/lib/amd64/libawt.so
7fbb96fe7000-7fbb971e7000 ---p 000a2000 08:06 3146460                    /home/john/jdk1.8.0_20/jre/lib/amd64/libawt.so
7fbb971e7000-7fbb971f3000 rw-p 000a2000 08:06 3146460                    /home/john/jdk1.8.0_20/jre/lib/amd64/libawt.so
7fbb971f3000-7fbb97217000 rw-p 00000000 00:00 0 
7fbb97217000-7fbb97218000 ---p 00000000 00:00 0 
7fbb97218000-7fbb97318000 rw-p 00000000 00:00 0                          [stack:26530]
7fbb97318000-7fbb9731b000 ---p 00000000 00:00 0 
7fbb9731b000-7fbb97419000 rw-p 00000000 00:00 0                          [stack:26529]
7fbb97419000-7fbb9741c000 ---p 00000000 00:00 0 
7fbb9741c000-7fbb9751a000 rw-p 00000000 00:00 0                          [stack:26528]
7fbb9751a000-7fbb9751d000 ---p 00000000 00:00 0 
7fbb9751d000-7fbb9761b000 rw-p 00000000 00:00 0                          [stack:26527]
7fbb9761b000-7fbb9761e000 ---p 00000000 00:00 0 
7fbb9761e000-7fbb9771c000 rw-p 00000000 00:00 0                          [stack:26526]
7fbb9771c000-7fbb9771f000 ---p 00000000 00:00 0 
7fbb9771f000-7fbb9781d000 rw-p 00000000 00:00 0                          [stack:26525]
7fbb9781d000-7fbb97eff000 r--p 00000000 08:06 27531858                   /usr/lib/locale/locale-archive
7fbb97eff000-7fbb97f02000 ---p 00000000 00:00 0 
7fbb97f02000-7fbb98000000 rw-p 00000000 00:00 0                          [stack:26524]
7fbb98000000-7fbb98021000 rw-p 00000000 00:00 0 
7fbb98021000-7fbb9c000000 ---p 00000000 00:00 0 
7fbb9c000000-7fbb9c021000 rw-p 00000000 00:00 0 
7fbb9c021000-7fbba0000000 ---p 00000000 00:00 0 
7fbba0000000-7fbba0021000 rw-p 00000000 00:00 0 
7fbba0021000-7fbba4000000 ---p 00000000 00:00 0 
7fbba4000000-7fbba4021000 rw-p 00000000 00:00 0 
7fbba4021000-7fbba8000000 ---p 00000000 00:00 0 
7fbba8000000-7fbba8021000 rw-p 00000000 00:00 0 
7fbba8021000-7fbbac000000 ---p 00000000 00:00 0 
7fbbac0bb000-7fbbac0d7000 r--s 00393000 08:06 3146303                    /home/john/jdk1.8.0_20/jre/lib/ext/cldrdata.jar
7fbbac0d7000-7fbbac0da000 ---p 00000000 00:00 0 
7fbbac0da000-7fbbac1d8000 rw-p 00000000 00:00 0                          [stack:26523]
7fbbac1d8000-7fbbac1d9000 ---p 00000000 00:00 0 
7fbbac1d9000-7fbbad24b000 rw-p 00000000 00:00 0                          [stack:26522]
7fbbad24b000-7fbbad421000 r--s 03ca8000 08:06 2885685                    /home/john/jdk1.8.0_20/jre/lib/rt.jar
7fbbad421000-7fbbafae0000 rw-p 00000000 00:00 0 
7fbbafae0000-7fbbafae1000 ---p 00000000 00:00 0 
7fbbafae1000-7fbbafbe1000 rw-p 00000000 00:00 0                          [stack:26521]
7fbbafbe1000-7fbbafbe2000 ---p 00000000 00:00 0 
7fbbafbe2000-7fbbafce2000 rw-p 00000000 00:00 0                          [stack:26520]
7fbbafce2000-7fbbafce3000 ---p 00000000 00:00 0 
7fbbafce3000-7fbbafde3000 rw-p 00000000 00:00 0                          [stack:26519]
7fbbafde3000-7fbbafde4000 ---p 00000000 00:00 0 
7fbbafde4000-7fbbafef8000 rw-p 00000000 00:00 0                          [stack:26518]
7fbbafef8000-7fbbb0019000 ---p 00000000 00:00 0 
7fbbb0019000-7fbbb002d000 rw-p 00000000 00:00 0 
7fbbb002d000-7fbbb014d000 ---p 00000000 00:00 0 
7fbbb014d000-7fbbb0158000 rw-p 00000000 00:00 0 
7fbbb0158000-7fbbb01e8000 ---p 00000000 00:00 0 
7fbbb01e8000-7fbbb01f3000 rw-p 00000000 00:00 0 
7fbbb01f3000-7fbbb05a9000 ---p 00000000 00:00 0 
7fbbb05a9000-7fbbb0819000 rwxp 00000000 00:00 0 
7fbbb0819000-7fbbbf5a9000 ---p 00000000 00:00 0 
7fbbbf5a9000-7fbbbf5c3000 r-xp 00000000 08:06 3146463                    /home/john/jdk1.8.0_20/jre/lib/amd64/libzip.so
7fbbbf5c3000-7fbbbf7c3000 ---p 0001a000 08:06 3146463                    /home/john/jdk1.8.0_20/jre/lib/amd64/libzip.so
7fbbbf7c3000-7fbbbf7c4000 rw-p 0001a000 08:06 3146463                    /home/john/jdk1.8.0_20/jre/lib/amd64/libzip.so
7fbbbf7c4000-7fbbbf7cf000 r-xp 00000000 08:06 14423904                   /lib/x86_64-linux-gnu/libnss_files-2.19.so
7fbbbf7cf000-7fbbbf9ce000 ---p 0000b000 08:06 14423904                   /lib/x86_64-linux-gnu/libnss_files-2.19.so
7fbbbf9ce000-7fbbbf9cf000 r--p 0000a000 08:06 14423904                   /lib/x86_64-linux-gnu/libnss_files-2.19.so
7fbbbf9cf000-7fbbbf9d0000 rw-p 0000b000 08:06 14423904                   /lib/x86_64-linux-gnu/libnss_files-2.19.so
7fbbbf9d0000-7fbbbf9db000 r-xp 00000000 08:06 14425471                   /lib/x86_64-linux-gnu/libnss_nis-2.19.so
7fbbbf9db000-7fbbbfbda000 ---p 0000b000 08:06 14425471                   /lib/x86_64-linux-gnu/libnss_nis-2.19.so
7fbbbfbda000-7fbbbfbdb000 r--p 0000a000 08:06 14425471                   /lib/x86_64-linux-gnu/libnss_nis-2.19.so
7fbbbfbdb000-7fbbbfbdc000 rw-p 0000b000 08:06 14425471                   /lib/x86_64-linux-gnu/libnss_nis-2.19.so
7fbbbfbdc000-7fbbbfbf3000 r-xp 00000000 08:06 14425460                   /lib/x86_64-linux-gnu/libnsl-2.19.so
7fbbbfbf3000-7fbbbfdf2000 ---p 00017000 08:06 14425460                   /lib/x86_64-linux-gnu/libnsl-2.19.so
7fbbbfdf2000-7fbbbfdf3000 r--p 00016000 08:06 14425460                   /lib/x86_64-linux-gnu/libnsl-2.19.so
7fbbbfdf3000-7fbbbfdf4000 rw-p 00017000 08:06 14425460                   /lib/x86_64-linux-gnu/libnsl-2.19.so
7fbbbfdf4000-7fbbbfdf6000 rw-p 00000000 00:00 0 
7fbbbfdf6000-7fbbbfdff000 r-xp 00000000 08:06 14425459                   /lib/x86_64-linux-gnu/libnss_compat-2.19.so
7fbbbfdff000-7fbbbfffe000 ---p 00009000 08:06 14425459                   /lib/x86_64-linux-gnu/libnss_compat-2.19.so
7fbbbfffe000-7fbbbffff000 r--p 00008000 08:06 14425459                   /lib/x86_64-linux-gnu/libnss_compat-2.19.so
7fbbbffff000-7fbbc0000000 rw-p 00009000 08:06 14425459                   /lib/x86_64-linux-gnu/libnss_compat-2.19.so
7fbbc0000000-7fbbc053c000 rw-p 00000000 00:00 0 
7fbbc053c000-7fbbc4000000 ---p 00000000 00:00 0 
7fbbc4005000-7fbbc4009000 rw-s 00000000 00:04 433586193                  /SYSV00000000 (deleted)
7fbbc4009000-7fbbc4013000 r--s 00116000 08:06 3146309                    /home/john/jdk1.8.0_20/jre/lib/ext/localedata.jar
7fbbc4013000-7fbbc40cb000 rw-p 00000000 00:00 0 
7fbbc40cb000-7fbbc40f5000 r-xp 00000000 08:06 3146458                    /home/john/jdk1.8.0_20/jre/lib/amd64/libjava.so
7fbbc40f5000-7fbbc42f5000 ---p 0002a000 08:06 3146458                    /home/john/jdk1.8.0_20/jre/lib/amd64/libjava.so
7fbbc42f5000-7fbbc42f7000 rw-p 0002a000 08:06 3146458                    /home/john/jdk1.8.0_20/jre/lib/amd64/libjava.so
7fbbc42f7000-7fbbc4304000 r-xp 00000000 08:06 3146462                    /home/john/jdk1.8.0_20/jre/lib/amd64/libverify.so
7fbbc4304000-7fbbc4504000 ---p 0000d000 08:06 3146462                    /home/john/jdk1.8.0_20/jre/lib/amd64/libverify.so
7fbbc4504000-7fbbc4506000 rw-p 0000d000 08:06 3146462                    /home/john/jdk1.8.0_20/jre/lib/amd64/libverify.so
7fbbc4506000-7fbbc450d000 r-xp 00000000 08:06 14425468                   /lib/x86_64-linux-gnu/librt-2.19.so
7fbbc450d000-7fbbc470c000 ---p 00007000 08:06 14425468                   /lib/x86_64-linux-gnu/librt-2.19.so
7fbbc470c000-7fbbc470d000 r--p 00006000 08:06 14425468                   /lib/x86_64-linux-gnu/librt-2.19.so
7fbbc470d000-7fbbc470e000 rw-p 00007000 08:06 14425468                   /lib/x86_64-linux-gnu/librt-2.19.so
7fbbc470e000-7fbbc4813000 r-xp 00000000 08:06 14423902                   /lib/x86_64-linux-gnu/libm-2.19.so
7fbbc4813000-7fbbc4a12000 ---p 00105000 08:06 14423902                   /lib/x86_64-linux-gnu/libm-2.19.so
7fbbc4a12000-7fbbc4a13000 r--p 00104000 08:06 14423902                   /lib/x86_64-linux-gnu/libm-2.19.so
7fbbc4a13000-7fbbc4a14000 rw-p 00105000 08:06 14423902                   /lib/x86_64-linux-gnu/libm-2.19.so
7fbbc4a14000-7fbbc567e000 r-xp 00000000 08:06 3146444                    /home/john/jdk1.8.0_20/jre/lib/amd64/server/libjvm.so
7fbbc567e000-7fbbc587d000 ---p 00c6a000 08:06 3146444                    /home/john/jdk1.8.0_20/jre/lib/amd64/server/libjvm.so
7fbbc587d000-7fbbc5954000 rw-p 00c69000 08:06 3146444                    /home/john/jdk1.8.0_20/jre/lib/amd64/server/libjvm.so
7fbbc5954000-7fbbc5996000 rw-p 00000000 00:00 0 
7fbbc5996000-7fbbc5b51000 r-xp 00000000 08:06 14425465                   /lib/x86_64-linux-gnu/libc-2.19.so
7fbbc5b51000-7fbbc5d50000 ---p 001bb000 08:06 14425465                   /lib/x86_64-linux-gnu/libc-2.19.so
7fbbc5d50000-7fbbc5d54000 r--p 001ba000 08:06 14425465                   /lib/x86_64-linux-gnu/libc-2.19.so
7fbbc5d54000-7fbbc5d56000 rw-p 001be000 08:06 14425465                   /lib/x86_64-linux-gnu/libc-2.19.so
7fbbc5d56000-7fbbc5d5b000 rw-p 00000000 00:00 0 
7fbbc5d5b000-7fbbc5d5e000 r-xp 00000000 08:06 14425454                   /lib/x86_64-linux-gnu/libdl-2.19.so
7fbbc5d5e000-7fbbc5f5d000 ---p 00003000 08:06 14425454                   /lib/x86_64-linux-gnu/libdl-2.19.so
7fbbc5f5d000-7fbbc5f5e000 r--p 00002000 08:06 14425454                   /lib/x86_64-linux-gnu/libdl-2.19.so
7fbbc5f5e000-7fbbc5f5f000 rw-p 00003000 08:06 14425454                   /lib/x86_64-linux-gnu/libdl-2.19.so
7fbbc5f5f000-7fbbc5f74000 r-xp 00000000 08:06 2885489                    /home/john/jdk1.8.0_20/lib/amd64/jli/libjli.so
7fbbc5f74000-7fbbc6173000 ---p 00015000 08:06 2885489                    /home/john/jdk1.8.0_20/lib/amd64/jli/libjli.so
7fbbc6173000-7fbbc6174000 rw-p 00014000 08:06 2885489                    /home/john/jdk1.8.0_20/lib/amd64/jli/libjli.so
7fbbc6174000-7fbbc618d000 r-xp 00000000 08:06 14425466                   /lib/x86_64-linux-gnu/libpthread-2.19.so
7fbbc618d000-7fbbc638c000 ---p 00019000 08:06 14425466                   /lib/x86_64-linux-gnu/libpthread-2.19.so
7fbbc638c000-7fbbc638d000 r--p 00018000 08:06 14425466                   /lib/x86_64-linux-gnu/libpthread-2.19.so
7fbbc638d000-7fbbc638e000 rw-p 00019000 08:06 14425466                   /lib/x86_64-linux-gnu/libpthread-2.19.so
7fbbc638e000-7fbbc6392000 rw-p 00000000 00:00 0 
7fbbc6392000-7fbbc63b5000 r-xp 00000000 08:06 14425462                   /lib/x86_64-linux-gnu/ld-2.19.so
7fbbc63b5000-7fbbc63b8000 rw-p 00000000 00:00 0 
7fbbc63b8000-7fbbc63b9000 r--p 00000000 08:06 664782                     /usr/share/locale-langpack/en_GB/LC_MESSAGES/libc.mo
7fbbc63b9000-7fbbc648b000 rw-p 00000000 00:00 0 
7fbbc648b000-7fbbc648e000 ---p 00000000 00:00 0 
7fbbc648e000-7fbbc6590000 rw-p 00000000 00:00 0                          [stack:26517]
7fbbc6590000-7fbbc6595000 r--s 002f8000 08:06 2885683                    /home/john/jdk1.8.0_20/jre/lib/charsets.jar
7fbbc6595000-7fbbc65a8000 rw-p 00000000 00:00 0 
7fbbc65a8000-7fbbc65b0000 rw-s 00000000 08:06 24117560                   /tmp/hsperfdata_john/26513
7fbbc65b0000-7fbbc65b1000 rw-p 00000000 00:00 0 
7fbbc65b1000-7fbbc65b2000 r--p 00000000 00:00 0 
7fbbc65b2000-7fbbc65b4000 rw-p 00000000 00:00 0 
7fbbc65b4000-7fbbc65b5000 r--p 00022000 08:06 14425462                   /lib/x86_64-linux-gnu/ld-2.19.so
7fbbc65b5000-7fbbc65b6000 rw-p 00023000 08:06 14425462                   /lib/x86_64-linux-gnu/ld-2.19.so
7fbbc65b6000-7fbbc65b7000 rw-p 00000000 00:00 0 
7fff0c8c6000-7fff0c8e7000 rw-p 00000000 00:00 0                          [stack]
7fff0c9c7000-7fff0c9c9000 r-xp 00000000 00:00 0                          [vdso]
ffffffffff600000-ffffffffff601000 r-xp 00000000 00:00 0                  [vsyscall]

VM Arguments:
jvm_args: -Dfile.encoding=UTF-8 -Djava.library.path=/usr/local/lib 
java_command: org.g0orx.openhpsdr.OpenHPSDRJ
java_class_path (initial): /home/john/NetBeansProjects/openHPSDRJ/build/classes
Launcher Type: SUN_STANDARD

Environment Variables:
PATH=/usr/local/sbin:/usr/local/bin:/usr/sbin:/usr/bin:/sbin:/bin:/usr/games:/usr/local/games
LD_LIBRARY_PATH=/home/john/jdk1.8.0_20/jre/lib/amd64:/home/john/jdk1.8.0_20/jre/lib/i386:
SHELL=/bin/bash
DISPLAY=:0.0

Signal Handlers:
SIGSEGV: [libjvm.so+0xa77530], sa_mask[0]=11111111011111111101111111111110, sa_flags=SA_RESTART|SA_SIGINFO
SIGBUS: [libjvm.so+0xa77530], sa_mask[0]=11111111011111111101111111111110, sa_flags=SA_RESTART|SA_SIGINFO
SIGFPE: [libjvm.so+0x8e1d90], sa_mask[0]=11111111011111111101111111111110, sa_flags=SA_RESTART|SA_SIGINFO
SIGPIPE: [libjvm.so+0x8e1d90], sa_mask[0]=11111111011111111101111111111110, sa_flags=SA_RESTART|SA_SIGINFO
SIGXFSZ: [libjvm.so+0x8e1d90], sa_mask[0]=11111111011111111101111111111110, sa_flags=SA_RESTART|SA_SIGINFO
SIGILL: [libjvm.so+0x8e1d90], sa_mask[0]=11111111011111111101111111111110, sa_flags=SA_RESTART|SA_SIGINFO
SIGUSR1: SIG_DFL, sa_mask[0]=00000000000000000000000000000000, sa_flags=none
SIGUSR2: [libjvm.so+0x8e35c0], sa_mask[0]=00100000000000000000000000000000, sa_flags=SA_RESTART|SA_SIGINFO
SIGHUP: [libjvm.so+0x8e4980], sa_mask[0]=11111111011111111101111111111110, sa_flags=SA_RESTART|SA_SIGINFO
SIGINT: SIG_IGN, sa_mask[0]=00000000000000000000000000000000, sa_flags=none
SIGTERM: [libjvm.so+0x8e4980], sa_mask[0]=11111111011111111101111111111110, sa_flags=SA_RESTART|SA_SIGINFO
SIGQUIT: [libjvm.so+0x8e4980], sa_mask[0]=11111111011111111101111111111110, sa_flags=SA_RESTART|SA_SIGINFO


---------------  S Y S T E M  ---------------

OS:DISTRIB_ID=Ubuntu
DISTRIB_RELEASE=14.04
DISTRIB_CODENAME=trusty
DISTRIB_DESCRIPTION="Ubuntu 14.04.2 LTS"

uname:Linux 3.13.0-46-generic #79-Ubuntu SMP Tue Mar 10 20:06:50 UTC 2015 x86_64
libc:glibc 2.19 NPTL 2.19 
rlimit: STACK 8192k, CORE 0k, NPROC 29404, NOFILE 4096, AS infinity
load average:1.15 0.99 0.87

/proc/meminfo:
MemTotal:        3785356 kB
MemFree:          292184 kB
Buffers:           19468 kB
Cached:           582788 kB
SwapCached:        37476 kB
Active:          2346360 kB
Inactive:         764836 kB
Active(anon):    2164880 kB
Inactive(anon):   665384 kB
Active(file):     181480 kB
Inactive(file):    99452 kB
Unevictable:          64 kB
Mlocked:              64 kB
SwapTotal:       3926012 kB
SwapFree:        3529580 kB
Dirty:              1276 kB
Writeback:             0 kB
AnonPages:       2484220 kB
Mapped:           150716 kB
Shmem:            321324 kB
Slab:             284672 kB
SReclaimable:     250420 kB
SUnreclaim:        34252 kB
KernelStack:        4472 kB
PageTables:        35668 kB
NFS_Unstable:          0 kB
Bounce:                0 kB
WritebackTmp:          0 kB
CommitLimit:     5818688 kB
Committed_AS:    6645656 kB
VmallocTotal:   34359738367 kB
VmallocUsed:      351612 kB
VmallocChunk:   34359377680 kB
HardwareCorrupted:     0 kB
AnonHugePages:    448512 kB
HugePages_Total:       0
HugePages_Free:        0
HugePages_Rsvd:        0
HugePages_Surp:        0
Hugepagesize:       2048 kB
DirectMap4k:       79744 kB
DirectMap2M:     3848192 kB


CPU:total 4 (2 cores per cpu, 2 threads per core) family 6 model 37 stepping 2, cmov, cx8, fxsr, mmx, sse, sse2, sse3, ssse3, sse4.1, sse4.2, popcnt, aes, clmul, ht, tsc, tscinvbit

/proc/cpuinfo:
processor	: 0
vendor_id	: GenuineIntel
cpu family	: 6
model		: 37
model name	: Intel(R) Core(TM) i5 CPU         650  @ 3.20GHz
stepping	: 2
microcode	: 0x9
cpu MHz		: 3193.000
cache size	: 4096 KB
physical id	: 0
siblings	: 4
core id		: 0
cpu cores	: 2
apicid		: 0
initial apicid	: 0
fpu		: yes
fpu_exception	: yes
cpuid level	: 11
wp		: yes
flags		: fpu vme de pse tsc msr pae mce cx8 apic sep mtrr pge mca cmov pat pse36 clflush dts acpi mmx fxsr sse sse2 ss ht tm pbe syscall nx rdtscp lm constant_tsc arch_perfmon pebs bts rep_good nopl xtopology nonstop_tsc aperfmperf pni pclmulqdq dtes64 monitor ds_cpl vmx smx est tm2 ssse3 cx16 xtpr pdcm sse4_1 sse4_2 popcnt aes lahf_lm ida arat dtherm tpr_shadow vnmi flexpriority ept vpid
bogomips	: 6400.38
clflush size	: 64
cache_alignment	: 64
address sizes	: 36 bits physical, 48 bits virtual
power management:

processor	: 1
vendor_id	: GenuineIntel
cpu family	: 6
model		: 37
model name	: Intel(R) Core(TM) i5 CPU         650  @ 3.20GHz
stepping	: 2
microcode	: 0x9
cpu MHz		: 1995.000
cache size	: 4096 KB
physical id	: 0
siblings	: 4
core id		: 2
cpu cores	: 2
apicid		: 4
initial apicid	: 4
fpu		: yes
fpu_exception	: yes
cpuid level	: 11
wp		: yes
flags		: fpu vme de pse tsc msr pae mce cx8 apic sep mtrr pge mca cmov pat pse36 clflush dts acpi mmx fxsr sse sse2 ss ht tm pbe syscall nx rdtscp lm constant_tsc arch_perfmon pebs bts rep_good nopl xtopology nonstop_tsc aperfmperf pni pclmulqdq dtes64 monitor ds_cpl vmx smx est tm2 ssse3 cx16 xtpr pdcm sse4_1 sse4_2 popcnt aes lahf_lm ida arat dtherm tpr_shadow vnmi flexpriority ept vpid
bogomips	: 6400.38
clflush size	: 64
cache_alignment	: 64
address sizes	: 36 bits physical, 48 bits virtual
power management:

processor	: 2
vendor_id	: GenuineIntel
cpu family	: 6
model		: 37
model name	: Intel(R) Core(TM) i5 CPU         650  @ 3.20GHz
stepping	: 2
microcode	: 0x9
cpu MHz		: 3193.000
cache size	: 4096 KB
physical id	: 0
siblings	: 4
core id		: 0
cpu cores	: 2
apicid		: 1
initial apicid	: 1
fpu		: yes
fpu_exception	: yes
cpuid level	: 11
wp		: yes
flags		: fpu vme de pse tsc msr pae mce cx8 apic sep mtrr pge mca cmov pat pse36 clflush dts acpi mmx fxsr sse sse2 ss ht tm pbe syscall nx rdtscp lm constant_tsc arch_perfmon pebs bts rep_good nopl xtopology nonstop_tsc aperfmperf pni pclmulqdq dtes64 monitor ds_cpl vmx smx est tm2 ssse3 cx16 xtpr pdcm sse4_1 sse4_2 popcnt aes lahf_lm ida arat dtherm tpr_shadow vnmi flexpriority ept vpid
bogomips	: 6400.38
clflush size	: 64
cache_alignment	: 64
address sizes	: 36 bits physical, 48 bits virtual
power management:

processor	: 3
vendor_id	: GenuineIntel
cpu family	: 6
model		: 37
model name	: Intel(R) Core(TM) i5 CPU         650  @ 3.20GHz
stepping	: 2
microcode	: 0x9
cpu MHz		: 1330.000
cache size	: 4096 KB
physical id	: 0
siblings	: 4
core id		: 2
cpu cores	: 2
apicid		: 5
initial apicid	: 5
fpu		: yes
fpu_exception	: yes
cpuid level	: 11
wp		: yes
flags		: fpu vme de pse tsc msr pae mce cx8 apic sep mtrr pge mca cmov pat pse36 clflush dts acpi mmx fxsr sse sse2 ss ht tm pbe syscall nx rdtscp lm constant_tsc arch_perfmon pebs bts rep_good nopl xtopology nonstop_tsc aperfmperf pni pclmulqdq dtes64 monitor ds_cpl vmx smx est tm2 ssse3 cx16 xtpr pdcm sse4_1 sse4_2 popcnt aes lahf_lm ida arat dtherm tpr_shadow vnmi flexpriority ept vpid
bogomips	: 6400.38
clflush size	: 64
cache_alignment	: 64
address sizes	: 36 bits physical, 48 bits virtual
power management:



Memory: 4k page, physical 3785356k(292184k free), swap 3926012k(3529580k free)

vm_info: Java HotSpot(TM) 64-Bit Server VM (25.20-b23) for linux-amd64 JRE (1.8.0_20-b26), built on Jul 30 2014 13:13:52 by "java_re" with gcc 4.3.0 20080428 (Red Hat 4.3.0-8)

time: Wed Mar 25 12:06:38 2015
elapsed time: 10 seconds (0d 0h 0m 10s)

