#
# A fatal error has been detected by the Java Runtime Environment:
#
#  SIGSEGV (0xb) at pc=0x00007f11b09b3690, pid=7014, tid=139713970824960
#
# JRE version: Java(TM) SE Runtime Environment (8.0_20-b26) (build 1.8.0_20-b26)
# Java VM: Java HotSpot(TM) 64-Bit Server VM (25.20-b23 mixed mode linux-amd64 compressed oops)
# Problematic frame:
# C  [libwdspj.so+0x2a690]  eq_mults+0x3f9
#
# Failed to write core dump. Core dumps have been disabled. To enable core dumping, try "ulimit -c unlimited" before starting Java again
#
# If you would like to submit a bug report, please visit:
#   http://bugreport.sun.com/bugreport/crash.jsp
# The crash happened outside the Java Virtual Machine in native code.
# See problematic frame for where to report the bug.
#

---------------  T H R E A D  ---------------

Current thread (0x00007f11e82b7000):  JavaThread "AWT-EventQueue-0" [_thread_in_native, id=7035, stack(0x00007f11b189e000,0x00007f11b199f000)]

siginfo: si_signo: 11 (SIGSEGV), si_code: 2 (SEGV_ACCERR), si_addr: 0x00007f11888340c8

Registers:
RAX=0x00007f11888340c8, RBX=0x00007f1188833b70, RCX=0x7fffffffffffffff, RDX=0x0000000000001558
RSP=0x00007f11b199abe0, RBP=0x00007f11b199acb0, RSI=0x0000000000000149, RDI=0x00007f11efab91e0
R8 =0x0000000000000148, R9 =0x0000000000833000, R10=0x00007f1188000078, R11=0x0000000088000001
R12=0x00007f11887b6250, R13=0x0000000000005dc0, R14=0x00007f11b199b0f0, R15=0x00007f11e82b7000
RIP=0x00007f11b09b3690, EFLAGS=0x0000000000010202, CSGSFS=0x0000000000000033, ERR=0x0000000000000004
  TRAPNO=0x000000000000000e

Top of Stack: (sp=0x00007f11b199abe0)
0x00007f11b199abe0:   00007f118882ab60 4024000000000000
0x00007f11b199abf0:   0000000000000001 3f40000000000000
0x00007f11b199ac00:   40d7700000000000 00007f11b199add0
0x00007f11b199ac10:   00007f11b199ad70 000004000000000a
0x00007f11b199ac20:   00007f11b199ad00 0000000900000201
0x00007f11b199ac30:   0000020000005dc0 000002ab00000001
0x00007f11b199ac40:   00007f11e82b7000 3f20137987dd704b
0x00007f11b199ac50:   0000000000000001 00007f1188751160
0x00007f11b199ac60:   00007f1188749200 00007f1188832b70
0x00007f11b199ac70:   0000000000000000 3ff0000000000000
0x00007f11b199ac80:   3fe0000000000001 00007f11b09cf2ce
0x00007f11b199ac90:   3f9999999999999a 00007f11b0cd91f6
0x00007f11b199aca0:   000000109999999a 00007f11887b6250
0x00007f11b199acb0:   00007f11b199ad00 00007f11b09b3a94
0x00007f11b199acc0:   40d7700000000000 00007f11b199ad70
0x00007f11b199acd0:   0000000a887b6250 00007f11887b6250
0x00007f11b199ace0:   00007f11887b6250 0000000000000400
0x00007f11b199acf0:   0000001000000000 00007f1188748d40
0x00007f11b199ad00:   00007f11b199ae50 00007f11b09cc48d
0x00007f11b199ad10:   00007f11b199add0 00007f1100000000
0x00007f11b199ad20:   0000000000000001 3a6fd72200005dc0
0x00007f11b199ad30:   0000000000000000 00007f118804dae0
0x00007f11b199ad40:   42c8000000000065 0000000000000000
0x00007f11b199ad50:   3fefdb2325857343 3c8fffa726a99bb6
0x00007f11b199ad60:   3f847ae147ae147b 00000001efa50c3f
0x00007f11b199ad70:   0000000000000000 4040000000000000
0x00007f11b199ad80:   404f800000000000 405f400000000000
0x00007f11b199ad90:   406f400000000000 407f400000000000
0x00007f11b199ada0:   408f400000000000 409f400000000000
0x00007f11b199adb0:   40af400000000000 40bf400000000000
0x00007f11b199adc0:   40cf400000000000 00007f11f16c6557
0x00007f11b199add0:   0000000000000000 c028000000000000 

Instructions: (pc=0x00007f11b09b3690)
0x00007f11b09b3670:   45 b8 48 01 d0 48 8b 00 48 89 45 98 8b 45 8c 48
0x00007f11b09b3680:   98 48 8d 14 c5 00 00 00 00 48 8b 45 b8 48 01 d0
0x00007f11b09b3690:   48 8b 00 48 89 45 a0 f2 0f 2a 45 88 f2 0f 2a 4d
0x00007f11b09b36a0:   84 f2 0f 5e c1 48 b8 00 00 00 00 00 00 10 40 48 

Register to memory mapping:

RAX=0x00007f11888340c8 is an unknown value
RBX=0x00007f1188833b70 is an unknown value
RCX=0x7fffffffffffffff is an unknown value
RDX=0x0000000000001558 is an unknown value
RSP=0x00007f11b199abe0 is pointing into the stack for thread: 0x00007f11e82b7000
RBP=0x00007f11b199acb0 is pointing into the stack for thread: 0x00007f11e82b7000
RSI=0x0000000000000149 is an unknown value
RDI=0x00007f11efab91e0: <offset 0x861e0> in /lib/x86_64-linux-gnu/libm.so.6 at 0x00007f11efa33000
R8 =0x0000000000000148 is an unknown value
R9 =0x0000000000833000 is an unknown value
R10=0x00007f1188000078 is an unknown value
R11=
[error occurred during error reporting (printing register info), id 0xb]

Stack: [0x00007f11b189e000,0x00007f11b199f000],  sp=0x00007f11b199abe0,  free space=1010k
Native frames: (J=compiled Java code, j=interpreted, Vv=VM code, C=native code)
C  [libwdspj.so+0x2a690]  eq_mults+0x3f9
C  [libwdspj.so+0x2aa94]  create_eq+0x1b5
C  [libwdspj.so+0x4348d]  create_txa+0x8c4
C  [libwdspj.so+0x3967b]  create_main+0x50
C  [libwdspj.so+0x21650]  build_channel+0x1f
C  [libwdspj.so+0x218b9]  OpenChannel+0x25d
C  [libwdspj.so+0x4a792]  Java_org_g0orx_openhpsdr_wdsp_WDSP_OpenChannel+0xa4
j  org.g0orx.openhpsdr.wdsp.WDSP.OpenChannel(IIIIIIIIDDDDI)V+0
j  org.g0orx.openhpsdr.Radio.start()V+415
j  org.g0orx.openhpsdr.Radio.jButtonStartActionPerformed(Ljava/awt/event/ActionEvent;)V+30
j  org.g0orx.openhpsdr.Radio.access$100(Lorg/g0orx/openhpsdr/Radio;Ljava/awt/event/ActionEvent;)V+2
j  org.g0orx.openhpsdr.Radio$2.actionPerformed(Ljava/awt/event/ActionEvent;)V+5
j  javax.swing.AbstractButton.fireActionPerformed(Ljava/awt/event/ActionEvent;)V+83
j  javax.swing.AbstractButton$Handler.actionPerformed(Ljava/awt/event/ActionEvent;)V+5
j  javax.swing.DefaultButtonModel.fireActionPerformed(Ljava/awt/event/ActionEvent;)V+34
j  javax.swing.DefaultButtonModel.setPressed(Z)V+117
j  javax.swing.plaf.basic.BasicButtonListener.mouseReleased(Ljava/awt/event/MouseEvent;)V+35
j  java.awt.Component.processMouseEvent(Ljava/awt/event/MouseEvent;)V+64
j  javax.swing.JComponent.processMouseEvent(Ljava/awt/event/MouseEvent;)V+23
j  java.awt.Component.processEvent(Ljava/awt/AWTEvent;)V+81
j  java.awt.Container.processEvent(Ljava/awt/AWTEvent;)V+18
j  java.awt.Component.dispatchEventImpl(Ljava/awt/AWTEvent;)V+589
j  java.awt.Container.dispatchEventImpl(Ljava/awt/AWTEvent;)V+42
j  java.awt.Component.dispatchEvent(Ljava/awt/AWTEvent;)V+2
j  java.awt.LightweightDispatcher.retargetMouseEvent(Ljava/awt/Component;ILjava/awt/event/MouseEvent;)V+327
j  java.awt.LightweightDispatcher.processMouseEvent(Ljava/awt/event/MouseEvent;)Z+143
j  java.awt.LightweightDispatcher.dispatchEvent(Ljava/awt/AWTEvent;)Z+50
j  java.awt.Container.dispatchEventImpl(Ljava/awt/AWTEvent;)V+12
j  java.awt.Window.dispatchEventImpl(Ljava/awt/AWTEvent;)V+19
j  java.awt.Component.dispatchEvent(Ljava/awt/AWTEvent;)V+2
j  java.awt.EventQueue.dispatchEventImpl(Ljava/awt/AWTEvent;Ljava/lang/Object;)V+41
j  java.awt.EventQueue.access$400(Ljava/awt/EventQueue;Ljava/awt/AWTEvent;Ljava/lang/Object;)V+3
j  java.awt.EventQueue$3.run()Ljava/lang/Void;+32
j  java.awt.EventQueue$3.run()Ljava/lang/Object;+1
v  ~StubRoutines::call_stub
V  [libjvm.so+0x663ce6]  JavaCalls::call_helper(JavaValue*, methodHandle*, JavaCallArguments*, Thread*)+0x1056
V  [libjvm.so+0x6f7d7c]  JVM_DoPrivileged+0x27c
j  java.security.AccessController.doPrivileged(Ljava/security/PrivilegedAction;Ljava/security/AccessControlContext;)Ljava/lang/Object;+0
j  java.security.ProtectionDomain$1.doIntersectionPrivilege(Ljava/security/PrivilegedAction;Ljava/security/AccessControlContext;Ljava/security/AccessControlContext;)Ljava/lang/Object;+28
j  java.security.ProtectionDomain$1.doIntersectionPrivilege(Ljava/security/PrivilegedAction;Ljava/security/AccessControlContext;)Ljava/lang/Object;+6
j  java.awt.EventQueue$4.run()Ljava/lang/Void;+11
j  java.awt.EventQueue$4.run()Ljava/lang/Object;+1
v  ~StubRoutines::call_stub
V  [libjvm.so+0x663ce6]  JavaCalls::call_helper(JavaValue*, methodHandle*, JavaCallArguments*, Thread*)+0x1056
V  [libjvm.so+0x6f7d7c]  JVM_DoPrivileged+0x27c
j  java.security.AccessController.doPrivileged(Ljava/security/PrivilegedAction;Ljava/security/AccessControlContext;)Ljava/lang/Object;+0
j  java.security.ProtectionDomain$1.doIntersectionPrivilege(Ljava/security/PrivilegedAction;Ljava/security/AccessControlContext;Ljava/security/AccessControlContext;)Ljava/lang/Object;+28
j  java.awt.EventQueue.dispatchEvent(Ljava/awt/AWTEvent;)V+73
j  java.awt.EventDispatchThread.pumpOneEventForFilters(I)V+245
j  java.awt.EventDispatchThread.pumpEventsForFilter(ILjava/awt/Conditional;Ljava/awt/EventFilter;)V+35
j  java.awt.EventDispatchThread.pumpEventsForHierarchy(ILjava/awt/Conditional;Ljava/awt/Component;)V+11
j  java.awt.EventDispatchThread.pumpEvents(ILjava/awt/Conditional;)V+4
j  java.awt.EventDispatchThread.pumpEvents(Ljava/awt/Conditional;)V+3
j  java.awt.EventDispatchThread.run()V+9
v  ~StubRoutines::call_stub
V  [libjvm.so+0x663ce6]  JavaCalls::call_helper(JavaValue*, methodHandle*, JavaCallArguments*, Thread*)+0x1056
V  [libjvm.so+0x6641f1]  JavaCalls::call_virtual(JavaValue*, KlassHandle, Symbol*, Symbol*, JavaCallArguments*, Thread*)+0x321
V  [libjvm.so+0x664697]  JavaCalls::call_virtual(JavaValue*, Handle, KlassHandle, Symbol*, Symbol*, Thread*)+0x47
V  [libjvm.so+0x6f1990]  thread_entry(JavaThread*, Thread*)+0xa0
V  [libjvm.so+0xa2990f]  JavaThread::thread_main_inner()+0xdf
V  [libjvm.so+0xa29a3c]  JavaThread::run()+0x11c
V  [libjvm.so+0x8e75f8]  java_start(Thread*)+0x108
C  [libpthread.so.0+0x8182]  start_thread+0xc2

Java frames: (J=compiled Java code, j=interpreted, Vv=VM code)
j  org.g0orx.openhpsdr.wdsp.WDSP.OpenChannel(IIIIIIIIDDDDI)V+0
j  org.g0orx.openhpsdr.Radio.start()V+415
j  org.g0orx.openhpsdr.Radio.jButtonStartActionPerformed(Ljava/awt/event/ActionEvent;)V+30
j  org.g0orx.openhpsdr.Radio.access$100(Lorg/g0orx/openhpsdr/Radio;Ljava/awt/event/ActionEvent;)V+2
j  org.g0orx.openhpsdr.Radio$2.actionPerformed(Ljava/awt/event/ActionEvent;)V+5
j  javax.swing.AbstractButton.fireActionPerformed(Ljava/awt/event/ActionEvent;)V+83
j  javax.swing.AbstractButton$Handler.actionPerformed(Ljava/awt/event/ActionEvent;)V+5
j  javax.swing.DefaultButtonModel.fireActionPerformed(Ljava/awt/event/ActionEvent;)V+34
j  javax.swing.DefaultButtonModel.setPressed(Z)V+117
j  javax.swing.plaf.basic.BasicButtonListener.mouseReleased(Ljava/awt/event/MouseEvent;)V+35
j  java.awt.Component.processMouseEvent(Ljava/awt/event/MouseEvent;)V+64
j  javax.swing.JComponent.processMouseEvent(Ljava/awt/event/MouseEvent;)V+23
j  java.awt.Component.processEvent(Ljava/awt/AWTEvent;)V+81
j  java.awt.Container.processEvent(Ljava/awt/AWTEvent;)V+18
j  java.awt.Component.dispatchEventImpl(Ljava/awt/AWTEvent;)V+589
j  java.awt.Container.dispatchEventImpl(Ljava/awt/AWTEvent;)V+42
j  java.awt.Component.dispatchEvent(Ljava/awt/AWTEvent;)V+2
j  java.awt.LightweightDispatcher.retargetMouseEvent(Ljava/awt/Component;ILjava/awt/event/MouseEvent;)V+327
j  java.awt.LightweightDispatcher.processMouseEvent(Ljava/awt/event/MouseEvent;)Z+143
j  java.awt.LightweightDispatcher.dispatchEvent(Ljava/awt/AWTEvent;)Z+50
j  java.awt.Container.dispatchEventImpl(Ljava/awt/AWTEvent;)V+12
j  java.awt.Window.dispatchEventImpl(Ljava/awt/AWTEvent;)V+19
j  java.awt.Component.dispatchEvent(Ljava/awt/AWTEvent;)V+2
j  java.awt.EventQueue.dispatchEventImpl(Ljava/awt/AWTEvent;Ljava/lang/Object;)V+41
j  java.awt.EventQueue.access$400(Ljava/awt/EventQueue;Ljava/awt/AWTEvent;Ljava/lang/Object;)V+3
j  java.awt.EventQueue$3.run()Ljava/lang/Void;+32
j  java.awt.EventQueue$3.run()Ljava/lang/Object;+1
v  ~StubRoutines::call_stub
j  java.security.AccessController.doPrivileged(Ljava/security/PrivilegedAction;Ljava/security/AccessControlContext;)Ljava/lang/Object;+0
j  java.security.ProtectionDomain$1.doIntersectionPrivilege(Ljava/security/PrivilegedAction;Ljava/security/AccessControlContext;Ljava/security/AccessControlContext;)Ljava/lang/Object;+28
j  java.security.ProtectionDomain$1.doIntersectionPrivilege(Ljava/security/PrivilegedAction;Ljava/security/AccessControlContext;)Ljava/lang/Object;+6
j  java.awt.EventQueue$4.run()Ljava/lang/Void;+11
j  java.awt.EventQueue$4.run()Ljava/lang/Object;+1
v  ~StubRoutines::call_stub
j  java.security.AccessController.doPrivileged(Ljava/security/PrivilegedAction;Ljava/security/AccessControlContext;)Ljava/lang/Object;+0
j  java.security.ProtectionDomain$1.doIntersectionPrivilege(Ljava/security/PrivilegedAction;Ljava/security/AccessControlContext;Ljava/security/AccessControlContext;)Ljava/lang/Object;+28
j  java.awt.EventQueue.dispatchEvent(Ljava/awt/AWTEvent;)V+73
j  java.awt.EventDispatchThread.pumpOneEventForFilters(I)V+245
j  java.awt.EventDispatchThread.pumpEventsForFilter(ILjava/awt/Conditional;Ljava/awt/EventFilter;)V+35
j  java.awt.EventDispatchThread.pumpEventsForHierarchy(ILjava/awt/Conditional;Ljava/awt/Component;)V+11
j  java.awt.EventDispatchThread.pumpEvents(ILjava/awt/Conditional;)V+4
j  java.awt.EventDispatchThread.pumpEvents(Ljava/awt/Conditional;)V+3
j  java.awt.EventDispatchThread.run()V+9
v  ~StubRoutines::call_stub

---------------  P R O C E S S  ---------------

Java Threads: ( => current thread )
  0x00007f11e8009800 JavaThread "DestroyJavaVM" [_thread_blocked, id=7016, stack(0x00007f11f17b0000,0x00007f11f18b1000)]
=>0x00007f11e82b7000 JavaThread "AWT-EventQueue-0" [_thread_in_native, id=7035, stack(0x00007f11b189e000,0x00007f11b199f000)]
  0x00007f11e82b5800 JavaThread "AWT-Shutdown" [_thread_blocked, id=7034, stack(0x00007f11b199f000,0x00007f11b1aa0000)]
  0x00007f11e8282000 JavaThread "AWT-XAWT" daemon [_thread_in_native, id=7033, stack(0x00007f11b1aa0000,0x00007f11b1ba1000)]
  0x00007f11e825a000 JavaThread "Java2D Disposer" daemon [_thread_blocked, id=7032, stack(0x00007f11b1fb1000,0x00007f11b20b2000)]
  0x00007f11e80df800 JavaThread "Service Thread" daemon [_thread_blocked, id=7030, stack(0x00007f11b3cfd000,0x00007f11b3dfe000)]
  0x00007f11e80b2000 JavaThread "C1 CompilerThread2" daemon [_thread_blocked, id=7029, stack(0x00007f11b3dfe000,0x00007f11b3eff000)]
  0x00007f11e80b0800 JavaThread "C2 CompilerThread1" daemon [_thread_blocked, id=7028, stack(0x00007f11b3eff000,0x00007f11b4000000)]
  0x00007f11e80ad800 JavaThread "C2 CompilerThread0" daemon [_thread_blocked, id=7027, stack(0x00007f11d8015000,0x00007f11d8116000)]
  0x00007f11e80ab800 JavaThread "Signal Dispatcher" daemon [_thread_blocked, id=7026, stack(0x00007f11d8116000,0x00007f11d8217000)]
  0x00007f11e807c000 JavaThread "Finalizer" daemon [_thread_blocked, id=7025, stack(0x00007f11d88f9000,0x00007f11d89fa000)]
  0x00007f11e807a000 JavaThread "Reference Handler" daemon [_thread_blocked, id=7024, stack(0x00007f11d89fa000,0x00007f11d8afb000)]

Other Threads:
  0x00007f11e8073000 VMThread [stack: 0x00007f11d8afb000,0x00007f11d8bfc000] [id=7023]
  0x00007f11e80e2000 WatcherThread [stack: 0x00007f11b3bfc000,0x00007f11b3cfd000] [id=7031]

VM state:not at safepoint (normal execution)

VM Mutex/Monitor currently owned by a thread: None

Heap:
 PSYoungGen      total 305664K, used 36700K [0x00000000d5580000, 0x00000000eaa80000, 0x0000000100000000)
  eden space 262144K, 14% used [0x00000000d5580000,0x00000000d7957358,0x00000000e5580000)
  from space 43520K, 0% used [0x00000000e8000000,0x00000000e8000000,0x00000000eaa80000)
  to   space 43520K, 0% used [0x00000000e5580000,0x00000000e5580000,0x00000000e8000000)
 ParOldGen       total 699392K, used 0K [0x0000000080000000, 0x00000000aab00000, 0x00000000d5580000)
  object space 699392K, 0% used [0x0000000080000000,0x0000000080000000,0x00000000aab00000)
 Metaspace       used 10595K, capacity 10770K, committed 11008K, reserved 1058816K
  class space    used 1240K, capacity 1279K, committed 1280K, reserved 1048576K

Card table byte_map: [0x00007f11ee1d8000,0x00007f11ee5d9000] byte_map_base: 0x00007f11eddd8000

Marking Bits: (ParMarkBitMap*) 0x00007f11f0c90ac0
 Begin Bits: [0x00007f11d0000000, 0x00007f11d2000000)
 End Bits:   [0x00007f11d2000000, 0x00007f11d4000000)

Polling page: 0x00007f11f18d6000

CodeCache: size=245760Kb used=2061Kb max_used=2061Kb free=243698Kb
 bounds [0x00007f11d9000000, 0x00007f11d9270000, 0x00007f11e8000000]
 total_blobs=987 nmethods=451 adapters=452
 compilation: enabled

Compilation events (10 events):
Event: 2.354 Thread 0x00007f11e80b2000  446       1       sun.java2d.xr.GrowableEltArray::getGlyphs (5 bytes)
Event: 2.354 Thread 0x00007f11e80b2000 nmethod 446 0x00007f11d9200a50 code [0x00007f11d9200ba0, 0x00007f11d9200cb0]
Event: 2.893 Thread 0x00007f11e80b2000  447       3       java.security.AccessControlContext::calculateFields (89 bytes)
Event: 2.894 Thread 0x00007f11e80b2000 nmethod 447 0x00007f11d9200d10 code [0x00007f11d9200ea0, 0x00007f11d9201258]
Event: 2.894 Thread 0x00007f11e80b2000  448       3       java.lang.Class::getInterfaces (41 bytes)
Event: 2.895 Thread 0x00007f11e80b2000 nmethod 448 0x00007f11d9201710 code [0x00007f11d92018c0, 0x00007f11d9201d18]
Event: 2.988 Thread 0x00007f11e80b2000  450       3       java.util.EventObject::<init> (24 bytes)
Event: 2.989 Thread 0x00007f11e80b2000 nmethod 450 0x00007f11d9201e90 code [0x00007f11d9202000, 0x00007f11d92022a8]
Event: 2.989 Thread 0x00007f11e80b2000  451       3       sun.misc.MetaIndex::mayContain (51 bytes)
Event: 2.990 Thread 0x00007f11e80b2000 nmethod 451 0x00007f11d9202390 code [0x00007f11d9202540, 0x00007f11d9202b98]

GC Heap History (0 events):
No events

Deoptimization events (0 events):
No events

Internal exceptions (10 events):
Event: 0.323 Thread 0x00007f11e830f000 Exception <a 'java/security/PrivilegedActionException'> (0x00000000d6f1bc40) thrown at [/HUDSON/workspace/8-2-build-linux-amd64/jdk8u20/1074/hotspot/src/share/vm/prims/jvm.cpp, line 1275]
Event: 0.338 Thread 0x00007f11e830f000 Exception <a 'java/security/PrivilegedActionException'> (0x00000000d6f3e170) thrown at [/HUDSON/workspace/8-2-build-linux-amd64/jdk8u20/1074/hotspot/src/share/vm/prims/jvm.cpp, line 1275]
Event: 0.338 Thread 0x00007f11e830f000 Exception <a 'java/security/PrivilegedActionException'> (0x00000000d6f3f598) thrown at [/HUDSON/workspace/8-2-build-linux-amd64/jdk8u20/1074/hotspot/src/share/vm/prims/jvm.cpp, line 1275]
Event: 0.439 Thread 0x00007f11e82b7000 Exception <a 'java/lang/UnsupportedOperationException': > (0x00000000d6a17038) thrown at [/HUDSON/workspace/8-2-build-linux-amd64/jdk8u20/1074/hotspot/src/share/vm/prims/jni.cpp, line 742]
Event: 0.441 Thread 0x00007f11e82b7000 Exception <a 'java/security/PrivilegedActionException'> (0x00000000d6a186c0) thrown at [/HUDSON/workspace/8-2-build-linux-amd64/jdk8u20/1074/hotspot/src/share/vm/prims/jvm.cpp, line 1275]
Event: 0.441 Thread 0x00007f11e82b7000 Exception <a 'java/security/PrivilegedActionException'> (0x00000000d6a1c6e8) thrown at [/HUDSON/workspace/8-2-build-linux-amd64/jdk8u20/1074/hotspot/src/share/vm/prims/jvm.cpp, line 1275]
Event: 0.442 Thread 0x00007f11e82b7000 Exception <a 'java/security/PrivilegedActionException'> (0x00000000d6a1fd10) thrown at [/HUDSON/workspace/8-2-build-linux-amd64/jdk8u20/1074/hotspot/src/share/vm/prims/jvm.cpp, line 1275]
Event: 0.448 Thread 0x00007f11e82b7000 Exception <a 'java/security/PrivilegedActionException'> (0x00000000d6a2ea58) thrown at [/HUDSON/workspace/8-2-build-linux-amd64/jdk8u20/1074/hotspot/src/share/vm/prims/jvm.cpp, line 1275]
Event: 2.352 Thread 0x00007f11e830f000 Exception <a 'java/net/SocketTimeoutException': Receive timed out> (0x00000000d6f44ee8) thrown at [/HUDSON/workspace/8-2-build-linux-amd64/jdk8u20/1074/hotspot/src/share/vm/prims/jni.cpp, line 742]
Event: 2.989 Thread 0x00007f11e82b7000 Exception <a 'java/security/PrivilegedActionException'> (0x00000000d6a473f8) thrown at [/HUDSON/workspace/8-2-build-linux-amd64/jdk8u20/1074/hotspot/src/share/vm/prims/jvm.cpp, line 1275]

Events (10 events):
Event: 1.461 loading class java/awt/Toolkit$ToolkitEventMulticaster done
Event: 1.507 loading class java/awt/LightweightDispatcher$2
Event: 1.507 loading class java/awt/LightweightDispatcher$2 done
Event: 2.352 Thread 0x00007f11e830f000 Thread exited: 0x00007f11e830f000
Event: 2.892 loading class sun/awt/X11/XButtonEvent
Event: 2.892 loading class sun/awt/X11/XButtonEvent done
Event: 2.989 loading class org/g0orx/openhpsdr/wdsp/WDSP
Event: 2.989 loading class org/g0orx/openhpsdr/wdsp/WDSP done
Event: 4.059 Executing VM operation: EnableBiasedLocking
Event: 4.059 Executing VM operation: EnableBiasedLocking done


Dynamic libraries:
00400000-00401000 r-xp 00000000 08:06 28579635                           /home/john/jdk1.8.0_20/bin/java
00600000-00601000 rw-p 00000000 08:06 28579635                           /home/john/jdk1.8.0_20/bin/java
0221b000-0223c000 rw-p 00000000 00:00 0                                  [heap]
80000000-aab00000 rw-p 00000000 00:00 0 
aab00000-d5580000 ---p 00000000 00:00 0 
d5580000-eaa80000 rw-p 00000000 00:00 0 
eaa80000-100000000 ---p 00000000 00:00 0 
100000000-100140000 rw-p 00000000 00:00 0 
100140000-140000000 ---p 00000000 00:00 0 
7f11837e5000-7f11837e6000 ---p 00000000 00:00 0 
7f11837e6000-7f1188000000 rw-p 00000000 00:00 0                          [stack:7037]
7f1188000000-7f1188ab9000 rw-p 00000000 00:00 0 
7f1188ab9000-7f118c000000 ---p 00000000 00:00 0 
7f118c000000-7f118c021000 rw-p 00000000 00:00 0 
7f118c021000-7f1190000000 ---p 00000000 00:00 0 
7f1190000000-7f1190283000 rw-p 00000000 00:00 0 
7f1190283000-7f1194000000 ---p 00000000 00:00 0 
7f1194000000-7f1194021000 rw-p 00000000 00:00 0 
7f1194021000-7f1198000000 ---p 00000000 00:00 0 
7f1198000000-7f1198021000 rw-p 00000000 00:00 0 
7f1198021000-7f119c000000 ---p 00000000 00:00 0 
7f119c000000-7f119c021000 rw-p 00000000 00:00 0 
7f119c021000-7f11a0000000 ---p 00000000 00:00 0 
7f11a0000000-7f11a01d6000 rw-p 00000000 00:00 0 
7f11a01d6000-7f11a4000000 ---p 00000000 00:00 0 
7f11a4000000-7f11a4021000 rw-p 00000000 00:00 0 
7f11a4021000-7f11a8000000 ---p 00000000 00:00 0 
7f11a8000000-7f11a806a000 rw-p 00000000 00:00 0 
7f11a806a000-7f11ac000000 ---p 00000000 00:00 0 
7f11ac000000-7f11ac08c000 rw-p 00000000 00:00 0 
7f11ac08c000-7f11b0000000 ---p 00000000 00:00 0 
7f11b0185000-7f11b0989000 rw-p 00000000 00:00 0 
7f11b0989000-7f11b09e1000 r-xp 00000000 08:06 27922299                   /usr/local/lib/libwdspj.so
7f11b09e1000-7f11b0be0000 ---p 00058000 08:06 27922299                   /usr/local/lib/libwdspj.so
7f11b0be0000-7f11b0be1000 r--p 00057000 08:06 27922299                   /usr/local/lib/libwdspj.so
7f11b0be1000-7f11b0be2000 rw-p 00058000 08:06 27922299                   /usr/local/lib/libwdspj.so
7f11b0be2000-7f11b0beb000 rw-p 00000000 00:00 0 
7f11b0beb000-7f11b0cef000 r-xp 00000000 08:06 27927958                   /usr/local/lib/libfftw3.so.3.3.2
7f11b0cef000-7f11b0eee000 ---p 00104000 08:06 27927958                   /usr/local/lib/libfftw3.so.3.3.2
7f11b0eee000-7f11b0ef5000 r--p 00103000 08:06 27927958                   /usr/local/lib/libfftw3.so.3.3.2
7f11b0ef5000-7f11b0ef6000 rw-p 0010a000 08:06 27927958                   /usr/local/lib/libfftw3.so.3.3.2
7f11b0ef6000-7f11b0ef9000 ---p 00000000 00:00 0 
7f11b0ef9000-7f11b1177000 rw-p 00000000 00:00 0 
7f11b1177000-7f11b11f7000 ---p 00000000 00:00 0 
7f11b11f7000-7f11b1260000 r-xp 00000000 08:06 3146435                    /home/john/jdk1.8.0_20/jre/lib/amd64/libt2k.so
7f11b1260000-7f11b145f000 ---p 00069000 08:06 3146435                    /home/john/jdk1.8.0_20/jre/lib/amd64/libt2k.so
7f11b145f000-7f11b1466000 rw-p 00068000 08:06 3146435                    /home/john/jdk1.8.0_20/jre/lib/amd64/libt2k.so
7f11b1466000-7f11b1476000 rw-p 00000000 00:00 0 
7f11b1476000-7f11b1487000 r-xp 00000000 08:06 3146470                    /home/john/jdk1.8.0_20/jre/lib/amd64/libnio.so
7f11b1487000-7f11b1686000 ---p 00011000 08:06 3146470                    /home/john/jdk1.8.0_20/jre/lib/amd64/libnio.so
7f11b1686000-7f11b1687000 rw-p 00010000 08:06 3146470                    /home/john/jdk1.8.0_20/jre/lib/amd64/libnio.so
7f11b1687000-7f11b169d000 r-xp 00000000 08:06 3146467                    /home/john/jdk1.8.0_20/jre/lib/amd64/libnet.so
7f11b169d000-7f11b189d000 ---p 00016000 08:06 3146467                    /home/john/jdk1.8.0_20/jre/lib/amd64/libnet.so
7f11b189d000-7f11b189e000 rw-p 00016000 08:06 3146467                    /home/john/jdk1.8.0_20/jre/lib/amd64/libnet.so
7f11b189e000-7f11b18a1000 ---p 00000000 00:00 0 
7f11b18a1000-7f11b199f000 rw-p 00000000 00:00 0                          [stack:7035]
7f11b199f000-7f11b19a2000 ---p 00000000 00:00 0 
7f11b19a2000-7f11b1aa0000 rw-p 00000000 00:00 0                          [stack:7034]
7f11b1aa0000-7f11b1aa3000 ---p 00000000 00:00 0 
7f11b1aa3000-7f11b1ba1000 rw-p 00000000 00:00 0                          [stack:7033]
7f11b1ba1000-7f11b1ba6000 r-xp 00000000 08:06 27532859                   /usr/lib/x86_64-linux-gnu/libXfixes.so.3.1.0
7f11b1ba6000-7f11b1da5000 ---p 00005000 08:06 27532859                   /usr/lib/x86_64-linux-gnu/libXfixes.so.3.1.0
7f11b1da5000-7f11b1da6000 r--p 00004000 08:06 27532859                   /usr/lib/x86_64-linux-gnu/libXfixes.so.3.1.0
7f11b1da6000-7f11b1da7000 rw-p 00005000 08:06 27532859                   /usr/lib/x86_64-linux-gnu/libXfixes.so.3.1.0
7f11b1da7000-7f11b1db0000 r-xp 00000000 08:06 27532851                   /usr/lib/x86_64-linux-gnu/libXcursor.so.1.0.2
7f11b1db0000-7f11b1faf000 ---p 00009000 08:06 27532851                   /usr/lib/x86_64-linux-gnu/libXcursor.so.1.0.2
7f11b1faf000-7f11b1fb0000 r--p 00008000 08:06 27532851                   /usr/lib/x86_64-linux-gnu/libXcursor.so.1.0.2
7f11b1fb0000-7f11b1fb1000 rw-p 00009000 08:06 27532851                   /usr/lib/x86_64-linux-gnu/libXcursor.so.1.0.2
7f11b1fb1000-7f11b1fb4000 ---p 00000000 00:00 0 
7f11b1fb4000-7f11b20b2000 rw-p 00000000 00:00 0                          [stack:7032]
7f11b20b2000-7f11b20c8000 r-xp 00000000 08:06 14417925                   /lib/x86_64-linux-gnu/libgcc_s.so.1
7f11b20c8000-7f11b22c7000 ---p 00016000 08:06 14417925                   /lib/x86_64-linux-gnu/libgcc_s.so.1
7f11b22c7000-7f11b22c8000 rw-p 00015000 08:06 14417925                   /lib/x86_64-linux-gnu/libgcc_s.so.1
7f11b22c8000-7f11b232d000 r-xp 00000000 08:06 3146452                    /home/john/jdk1.8.0_20/jre/lib/amd64/libfontmanager.so
7f11b232d000-7f11b252c000 ---p 00065000 08:06 3146452                    /home/john/jdk1.8.0_20/jre/lib/amd64/libfontmanager.so
7f11b252c000-7f11b2530000 rw-p 00064000 08:06 3146452                    /home/john/jdk1.8.0_20/jre/lib/amd64/libfontmanager.so
7f11b2530000-7f11b2541000 rw-p 00000000 00:00 0 
7f11b2541000-7f11b2546000 r-xp 00000000 08:06 27532855                   /usr/lib/x86_64-linux-gnu/libXdmcp.so.6.0.0
7f11b2546000-7f11b2745000 ---p 00005000 08:06 27532855                   /usr/lib/x86_64-linux-gnu/libXdmcp.so.6.0.0
7f11b2745000-7f11b2746000 r--p 00004000 08:06 27532855                   /usr/lib/x86_64-linux-gnu/libXdmcp.so.6.0.0
7f11b2746000-7f11b2747000 rw-p 00005000 08:06 27532855                   /usr/lib/x86_64-linux-gnu/libXdmcp.so.6.0.0
7f11b2747000-7f11b2749000 r-xp 00000000 08:06 27532844                   /usr/lib/x86_64-linux-gnu/libXau.so.6.0.0
7f11b2749000-7f11b2949000 ---p 00002000 08:06 27532844                   /usr/lib/x86_64-linux-gnu/libXau.so.6.0.0
7f11b2949000-7f11b294a000 r--p 00002000 08:06 27532844                   /usr/lib/x86_64-linux-gnu/libXau.so.6.0.0
7f11b294a000-7f11b294b000 rw-p 00003000 08:06 27532844                   /usr/lib/x86_64-linux-gnu/libXau.so.6.0.0
7f11b294b000-7f11b2968000 r-xp 00000000 08:06 27533914                   /usr/lib/x86_64-linux-gnu/libxcb.so.1.1.0
7f11b2968000-7f11b2b68000 ---p 0001d000 08:06 27533914                   /usr/lib/x86_64-linux-gnu/libxcb.so.1.1.0
7f11b2b68000-7f11b2b69000 r--p 0001d000 08:06 27533914                   /usr/lib/x86_64-linux-gnu/libxcb.so.1.1.0
7f11b2b69000-7f11b2b6a000 rw-p 0001e000 08:06 27533914                   /usr/lib/x86_64-linux-gnu/libxcb.so.1.1.0
7f11b2b6a000-7f11b2b79000 r-xp 00000000 08:06 27532865                   /usr/lib/x86_64-linux-gnu/libXi.so.6.1.0
7f11b2b79000-7f11b2d78000 ---p 0000f000 08:06 27532865                   /usr/lib/x86_64-linux-gnu/libXi.so.6.1.0
7f11b2d78000-7f11b2d79000 r--p 0000e000 08:06 27532865                   /usr/lib/x86_64-linux-gnu/libXi.so.6.1.0
7f11b2d79000-7f11b2d7a000 rw-p 0000f000 08:06 27532865                   /usr/lib/x86_64-linux-gnu/libXi.so.6.1.0
7f11b2d7a000-7f11b2d7f000 r-xp 00000000 08:06 27532885                   /usr/lib/x86_64-linux-gnu/libXtst.so.6.1.0
7f11b2d7f000-7f11b2f7e000 ---p 00005000 08:06 27532885                   /usr/lib/x86_64-linux-gnu/libXtst.so.6.1.0
7f11b2f7e000-7f11b2f7f000 r--p 00004000 08:06 27532885                   /usr/lib/x86_64-linux-gnu/libXtst.so.6.1.0
7f11b2f7f000-7f11b2f80000 rw-p 00005000 08:06 27532885                   /usr/lib/x86_64-linux-gnu/libXtst.so.6.1.0
7f11b2f80000-7f11b2f89000 r-xp 00000000 08:06 27532879                   /usr/lib/x86_64-linux-gnu/libXrender.so.1.3.0
7f11b2f89000-7f11b3188000 ---p 00009000 08:06 27532879                   /usr/lib/x86_64-linux-gnu/libXrender.so.1.3.0
7f11b3188000-7f11b3189000 r--p 00008000 08:06 27532879                   /usr/lib/x86_64-linux-gnu/libXrender.so.1.3.0
7f11b3189000-7f11b318a000 rw-p 00009000 08:06 27532879                   /usr/lib/x86_64-linux-gnu/libXrender.so.1.3.0
7f11b318a000-7f11b32ba000 r-xp 00000000 08:06 27532840                   /usr/lib/x86_64-linux-gnu/libX11.so.6.3.0
7f11b32ba000-7f11b34ba000 ---p 00130000 08:06 27532840                   /usr/lib/x86_64-linux-gnu/libX11.so.6.3.0
7f11b34ba000-7f11b34bb000 r--p 00130000 08:06 27532840                   /usr/lib/x86_64-linux-gnu/libX11.so.6.3.0
7f11b34bb000-7f11b34bf000 rw-p 00131000 08:06 27532840                   /usr/lib/x86_64-linux-gnu/libX11.so.6.3.0
7f11b34bf000-7f11b34d0000 r-xp 00000000 08:06 27532857                   /usr/lib/x86_64-linux-gnu/libXext.so.6.4.0
7f11b34d0000-7f11b36cf000 ---p 00011000 08:06 27532857                   /usr/lib/x86_64-linux-gnu/libXext.so.6.4.0
7f11b36cf000-7f11b36d0000 r--p 00010000 08:06 27532857                   /usr/lib/x86_64-linux-gnu/libXext.so.6.4.0
7f11b36d0000-7f11b36d1000 rw-p 00011000 08:06 27532857                   /usr/lib/x86_64-linux-gnu/libXext.so.6.4.0
7f11b36d1000-7f11b3725000 r-xp 00000000 08:06 3146474                    /home/john/jdk1.8.0_20/jre/lib/amd64/libawt_xawt.so
7f11b3725000-7f11b3925000 ---p 00054000 08:06 3146474                    /home/john/jdk1.8.0_20/jre/lib/amd64/libawt_xawt.so
7f11b3925000-7f11b3929000 rw-p 00054000 08:06 3146474                    /home/john/jdk1.8.0_20/jre/lib/amd64/libawt_xawt.so
7f11b3929000-7f11b392a000 rw-p 00000000 00:00 0 
7f11b392a000-7f11b39cc000 r-xp 00000000 08:06 3146460                    /home/john/jdk1.8.0_20/jre/lib/amd64/libawt.so
7f11b39cc000-7f11b3bcc000 ---p 000a2000 08:06 3146460                    /home/john/jdk1.8.0_20/jre/lib/amd64/libawt.so
7f11b3bcc000-7f11b3bd8000 rw-p 000a2000 08:06 3146460                    /home/john/jdk1.8.0_20/jre/lib/amd64/libawt.so
7f11b3bd8000-7f11b3bfc000 rw-p 00000000 00:00 0 
7f11b3bfc000-7f11b3bfd000 ---p 00000000 00:00 0 
7f11b3bfd000-7f11b3cfd000 rw-p 00000000 00:00 0                          [stack:7031]
7f11b3cfd000-7f11b3d00000 ---p 00000000 00:00 0 
7f11b3d00000-7f11b3dfe000 rw-p 00000000 00:00 0                          [stack:7030]
7f11b3dfe000-7f11b3e01000 ---p 00000000 00:00 0 
7f11b3e01000-7f11b3eff000 rw-p 00000000 00:00 0                          [stack:7029]
7f11b3eff000-7f11b3f02000 ---p 00000000 00:00 0 
7f11b3f02000-7f11b4000000 rw-p 00000000 00:00 0                          [stack:7028]
7f11b4000000-7f11b4021000 rw-p 00000000 00:00 0 
7f11b4021000-7f11b8000000 ---p 00000000 00:00 0 
7f11b8000000-7f11b8021000 rw-p 00000000 00:00 0 
7f11b8021000-7f11bc000000 ---p 00000000 00:00 0 
7f11bc000000-7f11bc021000 rw-p 00000000 00:00 0 
7f11bc021000-7f11c0000000 ---p 00000000 00:00 0 
7f11c0000000-7f11c0021000 rw-p 00000000 00:00 0 
7f11c0021000-7f11c4000000 ---p 00000000 00:00 0 
7f11c4000000-7f11c4021000 rw-p 00000000 00:00 0 
7f11c4021000-7f11c8000000 ---p 00000000 00:00 0 
7f11c8000000-7f11c8021000 rw-p 00000000 00:00 0 
7f11c8021000-7f11cc000000 ---p 00000000 00:00 0 
7f11cc000000-7f11cc021000 rw-p 00000000 00:00 0 
7f11cc021000-7f11d0000000 ---p 00000000 00:00 0 
7f11d0000000-7f11d4000000 rw-p 00000000 00:00 0 
7f11d4000000-7f11d4021000 rw-p 00000000 00:00 0 
7f11d4021000-7f11d8000000 ---p 00000000 00:00 0 
7f11d8015000-7f11d8018000 ---p 00000000 00:00 0 
7f11d8018000-7f11d8116000 rw-p 00000000 00:00 0                          [stack:7027]
7f11d8116000-7f11d8119000 ---p 00000000 00:00 0 
7f11d8119000-7f11d8217000 rw-p 00000000 00:00 0                          [stack:7026]
7f11d8217000-7f11d88f9000 r--p 00000000 08:06 27531858                   /usr/lib/locale/locale-archive
7f11d88f9000-7f11d88fc000 ---p 00000000 00:00 0 
7f11d88fc000-7f11d89fa000 rw-p 00000000 00:00 0                          [stack:7025]
7f11d89fa000-7f11d89fd000 ---p 00000000 00:00 0 
7f11d89fd000-7f11d8afb000 rw-p 00000000 00:00 0                          [stack:7024]
7f11d8afb000-7f11d8afc000 ---p 00000000 00:00 0 
7f11d8afc000-7f11d9000000 rw-p 00000000 00:00 0                          [stack:7023]
7f11d9000000-7f11d9270000 rwxp 00000000 00:00 0 
7f11d9270000-7f11e8000000 ---p 00000000 00:00 0 
7f11e8000000-7f11e8586000 rw-p 00000000 00:00 0 
7f11e8586000-7f11ec000000 ---p 00000000 00:00 0 
7f11ec0b2000-7f11ec0ce000 r--s 00393000 08:06 3146303                    /home/john/jdk1.8.0_20/jre/lib/ext/cldrdata.jar
7f11ec0ce000-7f11eccdd000 rw-p 00000000 00:00 0 
7f11eccdd000-7f11eceb3000 r--s 03ca8000 08:06 2885685                    /home/john/jdk1.8.0_20/jre/lib/rt.jar
7f11eceb3000-7f11edb29000 rw-p 00000000 00:00 0 
7f11edb29000-7f11edb2a000 ---p 00000000 00:00 0 
7f11edb2a000-7f11edc2a000 rw-p 00000000 00:00 0                          [stack:7022]
7f11edc2a000-7f11edc2b000 ---p 00000000 00:00 0 
7f11edc2b000-7f11edd2b000 rw-p 00000000 00:00 0                          [stack:7021]
7f11edd2b000-7f11edd2c000 ---p 00000000 00:00 0 
7f11edd2c000-7f11ede2c000 rw-p 00000000 00:00 0                          [stack:7020]
7f11ede2c000-7f11ede2d000 ---p 00000000 00:00 0 
7f11ede2d000-7f11ee083000 rw-p 00000000 00:00 0                          [stack:7019]
7f11ee083000-7f11ee1d8000 ---p 00000000 00:00 0 
7f11ee1d8000-7f11ee32e000 rw-p 00000000 00:00 0 
7f11ee32e000-7f11ee482000 ---p 00000000 00:00 0 
7f11ee482000-7f11ee52e000 rw-p 00000000 00:00 0 
7f11ee52e000-7f11ee5d8000 ---p 00000000 00:00 0 
7f11ee5d8000-7f11ee5e3000 rw-p 00000000 00:00 0 
7f11ee5e3000-7f11ee999000 ---p 00000000 00:00 0 
7f11ee999000-7f11ee9b3000 r-xp 00000000 08:06 3146463                    /home/john/jdk1.8.0_20/jre/lib/amd64/libzip.so
7f11ee9b3000-7f11eebb3000 ---p 0001a000 08:06 3146463                    /home/john/jdk1.8.0_20/jre/lib/amd64/libzip.so
7f11eebb3000-7f11eebb4000 rw-p 0001a000 08:06 3146463                    /home/john/jdk1.8.0_20/jre/lib/amd64/libzip.so
7f11eebb4000-7f11eebbf000 r-xp 00000000 08:06 14423904                   /lib/x86_64-linux-gnu/libnss_files-2.19.so
7f11eebbf000-7f11eedbe000 ---p 0000b000 08:06 14423904                   /lib/x86_64-linux-gnu/libnss_files-2.19.so
7f11eedbe000-7f11eedbf000 r--p 0000a000 08:06 14423904                   /lib/x86_64-linux-gnu/libnss_files-2.19.so
7f11eedbf000-7f11eedc0000 rw-p 0000b000 08:06 14423904                   /lib/x86_64-linux-gnu/libnss_files-2.19.so
7f11eedc0000-7f11eedcb000 r-xp 00000000 08:06 14425471                   /lib/x86_64-linux-gnu/libnss_nis-2.19.so
7f11eedcb000-7f11eefca000 ---p 0000b000 08:06 14425471                   /lib/x86_64-linux-gnu/libnss_nis-2.19.so
7f11eefca000-7f11eefcb000 r--p 0000a000 08:06 14425471                   /lib/x86_64-linux-gnu/libnss_nis-2.19.so
7f11eefcb000-7f11eefcc000 rw-p 0000b000 08:06 14425471                   /lib/x86_64-linux-gnu/libnss_nis-2.19.so
7f11eefcc000-7f11eefe3000 r-xp 00000000 08:06 14425460                   /lib/x86_64-linux-gnu/libnsl-2.19.so
7f11eefe3000-7f11ef1e2000 ---p 00017000 08:06 14425460                   /lib/x86_64-linux-gnu/libnsl-2.19.so
7f11ef1e2000-7f11ef1e3000 r--p 00016000 08:06 14425460                   /lib/x86_64-linux-gnu/libnsl-2.19.so
7f11ef1e3000-7f11ef1e4000 rw-p 00017000 08:06 14425460                   /lib/x86_64-linux-gnu/libnsl-2.19.so
7f11ef1e4000-7f11ef1e6000 rw-p 00000000 00:00 0 
7f11ef1e6000-7f11ef1ef000 r-xp 00000000 08:06 14425459                   /lib/x86_64-linux-gnu/libnss_compat-2.19.so
7f11ef1ef000-7f11ef3ee000 ---p 00009000 08:06 14425459                   /lib/x86_64-linux-gnu/libnss_compat-2.19.so
7f11ef3ee000-7f11ef3ef000 r--p 00008000 08:06 14425459                   /lib/x86_64-linux-gnu/libnss_compat-2.19.so
7f11ef3ef000-7f11ef3f0000 rw-p 00009000 08:06 14425459                   /lib/x86_64-linux-gnu/libnss_compat-2.19.so
7f11ef3f0000-7f11ef41a000 r-xp 00000000 08:06 3146458                    /home/john/jdk1.8.0_20/jre/lib/amd64/libjava.so
7f11ef41a000-7f11ef61a000 ---p 0002a000 08:06 3146458                    /home/john/jdk1.8.0_20/jre/lib/amd64/libjava.so
7f11ef61a000-7f11ef61c000 rw-p 0002a000 08:06 3146458                    /home/john/jdk1.8.0_20/jre/lib/amd64/libjava.so
7f11ef61c000-7f11ef629000 r-xp 00000000 08:06 3146462                    /home/john/jdk1.8.0_20/jre/lib/amd64/libverify.so
7f11ef629000-7f11ef829000 ---p 0000d000 08:06 3146462                    /home/john/jdk1.8.0_20/jre/lib/amd64/libverify.so
7f11ef829000-7f11ef82b000 rw-p 0000d000 08:06 3146462                    /home/john/jdk1.8.0_20/jre/lib/amd64/libverify.so
7f11ef82b000-7f11ef832000 r-xp 00000000 08:06 14425468                   /lib/x86_64-linux-gnu/librt-2.19.so
7f11ef832000-7f11efa31000 ---p 00007000 08:06 14425468                   /lib/x86_64-linux-gnu/librt-2.19.so
7f11efa31000-7f11efa32000 r--p 00006000 08:06 14425468                   /lib/x86_64-linux-gnu/librt-2.19.so
7f11efa32000-7f11efa33000 rw-p 00007000 08:06 14425468                   /lib/x86_64-linux-gnu/librt-2.19.so
7f11efa33000-7f11efb38000 r-xp 00000000 08:06 14423902                   /lib/x86_64-linux-gnu/libm-2.19.so
7f11efb38000-7f11efd37000 ---p 00105000 08:06 14423902                   /lib/x86_64-linux-gnu/libm-2.19.so
7f11efd37000-7f11efd38000 r--p 00104000 08:06 14423902                   /lib/x86_64-linux-gnu/libm-2.19.so
7f11efd38000-7f11efd39000 rw-p 00105000 08:06 14423902                   /lib/x86_64-linux-gnu/libm-2.19.so
7f11efd39000-7f11f09a3000 r-xp 00000000 08:06 3146444                    /home/john/jdk1.8.0_20/jre/lib/amd64/server/libjvm.so
7f11f09a3000-7f11f0ba2000 ---p 00c6a000 08:06 3146444                    /home/john/jdk1.8.0_20/jre/lib/amd64/server/libjvm.so
7f11f0ba2000-7f11f0c79000 rw-p 00c69000 08:06 3146444                    /home/john/jdk1.8.0_20/jre/lib/amd64/server/libjvm.so
7f11f0c79000-7f11f0cbb000 rw-p 00000000 00:00 0 
7f11f0cbb000-7f11f0e76000 r-xp 00000000 08:06 14425465                   /lib/x86_64-linux-gnu/libc-2.19.so
7f11f0e76000-7f11f1075000 ---p 001bb000 08:06 14425465                   /lib/x86_64-linux-gnu/libc-2.19.so
7f11f1075000-7f11f1079000 r--p 001ba000 08:06 14425465                   /lib/x86_64-linux-gnu/libc-2.19.so
7f11f1079000-7f11f107b000 rw-p 001be000 08:06 14425465                   /lib/x86_64-linux-gnu/libc-2.19.so
7f11f107b000-7f11f1080000 rw-p 00000000 00:00 0 
7f11f1080000-7f11f1083000 r-xp 00000000 08:06 14425454                   /lib/x86_64-linux-gnu/libdl-2.19.so
7f11f1083000-7f11f1282000 ---p 00003000 08:06 14425454                   /lib/x86_64-linux-gnu/libdl-2.19.so
7f11f1282000-7f11f1283000 r--p 00002000 08:06 14425454                   /lib/x86_64-linux-gnu/libdl-2.19.so
7f11f1283000-7f11f1284000 rw-p 00003000 08:06 14425454                   /lib/x86_64-linux-gnu/libdl-2.19.so
7f11f1284000-7f11f1299000 r-xp 00000000 08:06 2885489                    /home/john/jdk1.8.0_20/lib/amd64/jli/libjli.so
7f11f1299000-7f11f1498000 ---p 00015000 08:06 2885489                    /home/john/jdk1.8.0_20/lib/amd64/jli/libjli.so
7f11f1498000-7f11f1499000 rw-p 00014000 08:06 2885489                    /home/john/jdk1.8.0_20/lib/amd64/jli/libjli.so
7f11f1499000-7f11f14b2000 r-xp 00000000 08:06 14425466                   /lib/x86_64-linux-gnu/libpthread-2.19.so
7f11f14b2000-7f11f16b1000 ---p 00019000 08:06 14425466                   /lib/x86_64-linux-gnu/libpthread-2.19.so
7f11f16b1000-7f11f16b2000 r--p 00018000 08:06 14425466                   /lib/x86_64-linux-gnu/libpthread-2.19.so
7f11f16b2000-7f11f16b3000 rw-p 00019000 08:06 14425466                   /lib/x86_64-linux-gnu/libpthread-2.19.so
7f11f16b3000-7f11f16b7000 rw-p 00000000 00:00 0 
7f11f16b7000-7f11f16da000 r-xp 00000000 08:06 14425462                   /lib/x86_64-linux-gnu/ld-2.19.so
7f11f16e4000-7f11f17b0000 rw-p 00000000 00:00 0 
7f11f17b0000-7f11f17b3000 ---p 00000000 00:00 0 
7f11f17b3000-7f11f18b5000 rw-p 00000000 00:00 0                          [stack:7016]
7f11f18bb000-7f11f18bd000 rw-p 00000000 00:00 0 
7f11f18bd000-7f11f18c7000 r--s 00116000 08:06 3146309                    /home/john/jdk1.8.0_20/jre/lib/ext/localedata.jar
7f11f18c7000-7f11f18c8000 r--p 00000000 08:06 664782                     /usr/share/locale-langpack/en_GB/LC_MESSAGES/libc.mo
7f11f18c8000-7f11f18cd000 r--s 002f8000 08:06 2885683                    /home/john/jdk1.8.0_20/jre/lib/charsets.jar
7f11f18cd000-7f11f18d5000 rw-s 00000000 08:06 24117422                   /tmp/hsperfdata_john/7014
7f11f18d5000-7f11f18d6000 rw-p 00000000 00:00 0 
7f11f18d6000-7f11f18d7000 r--p 00000000 00:00 0 
7f11f18d7000-7f11f18d9000 rw-p 00000000 00:00 0 
7f11f18d9000-7f11f18da000 r--p 00022000 08:06 14425462                   /lib/x86_64-linux-gnu/ld-2.19.so
7f11f18da000-7f11f18db000 rw-p 00023000 08:06 14425462                   /lib/x86_64-linux-gnu/ld-2.19.so
7f11f18db000-7f11f18dc000 rw-p 00000000 00:00 0 
7fffe40da000-7fffe40fb000 rw-p 00000000 00:00 0                          [stack]
7fffe411e000-7fffe4120000 r-xp 00000000 00:00 0                          [vdso]
ffffffffff600000-ffffffffff601000 r-xp 00000000 00:00 0                  [vsyscall]

VM Arguments:
jvm_args: -Dfile.encoding=UTF-8 -Xms1024m -Xmx2048m -Djava.library.path=/usr/local/lib -XX:OnError=gdb - %p 
java_command: org.g0orx.openhpsdr.OpenHPSDRJ
java_class_path (initial): /home/john/NetBeansProjects/openHPSDRJ/build/classes
Launcher Type: SUN_STANDARD

Environment Variables:
PATH=/usr/local/sbin:/usr/local/bin:/usr/sbin:/usr/bin:/sbin:/bin:/usr/games:/usr/local/games
LD_LIBRARY_PATH=/home/john/jdk1.8.0_20/jre/lib/amd64:/home/john/jdk1.8.0_20/jre/lib/i386:
SHELL=/bin/bash
DISPLAY=:0.0

Signal Handlers:
SIGSEGV: [libjvm.so+0xa77530], sa_mask[0]=11111111011111111101111111111110, sa_flags=SA_RESTART|SA_SIGINFO
SIGBUS: [libjvm.so+0xa77530], sa_mask[0]=11111111011111111101111111111110, sa_flags=SA_RESTART|SA_SIGINFO
SIGFPE: [libjvm.so+0x8e1d90], sa_mask[0]=11111111011111111101111111111110, sa_flags=SA_RESTART|SA_SIGINFO
SIGPIPE: [libjvm.so+0x8e1d90], sa_mask[0]=11111111011111111101111111111110, sa_flags=SA_RESTART|SA_SIGINFO
SIGXFSZ: [libjvm.so+0x8e1d90], sa_mask[0]=11111111011111111101111111111110, sa_flags=SA_RESTART|SA_SIGINFO
SIGILL: [libjvm.so+0x8e1d90], sa_mask[0]=11111111011111111101111111111110, sa_flags=SA_RESTART|SA_SIGINFO
SIGUSR1: SIG_DFL, sa_mask[0]=00000000000000000000000000000000, sa_flags=none
SIGUSR2: [libjvm.so+0x8e35c0], sa_mask[0]=00100000000000000000000000000000, sa_flags=SA_RESTART|SA_SIGINFO
SIGHUP: [libjvm.so+0x8e4980], sa_mask[0]=11111111011111111101111111111110, sa_flags=SA_RESTART|SA_SIGINFO
SIGINT: SIG_IGN, sa_mask[0]=00000000000000000000000000000000, sa_flags=none
SIGTERM: [libjvm.so+0x8e4980], sa_mask[0]=11111111011111111101111111111110, sa_flags=SA_RESTART|SA_SIGINFO
SIGQUIT: [libjvm.so+0x8e4980], sa_mask[0]=11111111011111111101111111111110, sa_flags=SA_RESTART|SA_SIGINFO


---------------  S Y S T E M  ---------------

OS:DISTRIB_ID=Ubuntu
DISTRIB_RELEASE=14.04
DISTRIB_CODENAME=trusty
DISTRIB_DESCRIPTION="Ubuntu 14.04.2 LTS"

uname:Linux 3.13.0-46-generic #79-Ubuntu SMP Tue Mar 10 20:06:50 UTC 2015 x86_64
libc:glibc 2.19 NPTL 2.19 
rlimit: STACK 8192k, CORE 0k, NPROC 29404, NOFILE 4096, AS infinity
load average:0.39 0.33 0.36

/proc/meminfo:
MemTotal:        3785356 kB
MemFree:          178168 kB
Buffers:           17848 kB
Cached:           770216 kB
SwapCached:        23676 kB
Active:          2342672 kB
Inactive:         903884 kB
Active(anon):    2086176 kB
Inactive(anon):   680208 kB
Active(file):     256496 kB
Inactive(file):   223676 kB
Unevictable:          48 kB
Mlocked:              48 kB
SwapTotal:       3926012 kB
SwapFree:        3706036 kB
Dirty:              1152 kB
Writeback:             0 kB
AnonPages:       2440308 kB
Mapped:           143832 kB
Shmem:            307892 kB
Slab:             267592 kB
SReclaimable:     234600 kB
SUnreclaim:        32992 kB
KernelStack:        4352 kB
PageTables:        33752 kB
NFS_Unstable:          0 kB
Bounce:                0 kB
WritebackTmp:          0 kB
CommitLimit:     5818688 kB
Committed_AS:    7494804 kB
VmallocTotal:   34359738367 kB
VmallocUsed:      351580 kB
VmallocChunk:   34359377680 kB
HardwareCorrupted:     0 kB
AnonHugePages:    301056 kB
HugePages_Total:       0
HugePages_Free:        0
HugePages_Rsvd:        0
HugePages_Surp:        0
Hugepagesize:       2048 kB
DirectMap4k:       79744 kB
DirectMap2M:     3848192 kB


CPU:total 4 (2 cores per cpu, 2 threads per core) family 6 model 37 stepping 2, cmov, cx8, fxsr, mmx, sse, sse2, sse3, ssse3, sse4.1, sse4.2, popcnt, aes, clmul, ht, tsc, tscinvbit

/proc/cpuinfo:
processor	: 0
vendor_id	: GenuineIntel
cpu family	: 6
model		: 37
model name	: Intel(R) Core(TM) i5 CPU         650  @ 3.20GHz
stepping	: 2
microcode	: 0x9
cpu MHz		: 1197.000
cache size	: 4096 KB
physical id	: 0
siblings	: 4
core id		: 0
cpu cores	: 2
apicid		: 0
initial apicid	: 0
fpu		: yes
fpu_exception	: yes
cpuid level	: 11
wp		: yes
flags		: fpu vme de pse tsc msr pae mce cx8 apic sep mtrr pge mca cmov pat pse36 clflush dts acpi mmx fxsr sse sse2 ss ht tm pbe syscall nx rdtscp lm constant_tsc arch_perfmon pebs bts rep_good nopl xtopology nonstop_tsc aperfmperf pni pclmulqdq dtes64 monitor ds_cpl vmx smx est tm2 ssse3 cx16 xtpr pdcm sse4_1 sse4_2 popcnt aes lahf_lm ida arat dtherm tpr_shadow vnmi flexpriority ept vpid
bogomips	: 6400.38
clflush size	: 64
cache_alignment	: 64
address sizes	: 36 bits physical, 48 bits virtual
power management:

processor	: 1
vendor_id	: GenuineIntel
cpu family	: 6
model		: 37
model name	: Intel(R) Core(TM) i5 CPU         650  @ 3.20GHz
stepping	: 2
microcode	: 0x9
cpu MHz		: 1197.000
cache size	: 4096 KB
physical id	: 0
siblings	: 4
core id		: 2
cpu cores	: 2
apicid		: 4
initial apicid	: 4
fpu		: yes
fpu_exception	: yes
cpuid level	: 11
wp		: yes
flags		: fpu vme de pse tsc msr pae mce cx8 apic sep mtrr pge mca cmov pat pse36 clflush dts acpi mmx fxsr sse sse2 ss ht tm pbe syscall nx rdtscp lm constant_tsc arch_perfmon pebs bts rep_good nopl xtopology nonstop_tsc aperfmperf pni pclmulqdq dtes64 monitor ds_cpl vmx smx est tm2 ssse3 cx16 xtpr pdcm sse4_1 sse4_2 popcnt aes lahf_lm ida arat dtherm tpr_shadow vnmi flexpriority ept vpid
bogomips	: 6400.38
clflush size	: 64
cache_alignment	: 64
address sizes	: 36 bits physical, 48 bits virtual
power management:

processor	: 2
vendor_id	: GenuineIntel
cpu family	: 6
model		: 37
model name	: Intel(R) Core(TM) i5 CPU         650  @ 3.20GHz
stepping	: 2
microcode	: 0x9
cpu MHz		: 3193.000
cache size	: 4096 KB
physical id	: 0
siblings	: 4
core id		: 0
cpu cores	: 2
apicid		: 1
initial apicid	: 1
fpu		: yes
fpu_exception	: yes
cpuid level	: 11
wp		: yes
flags		: fpu vme de pse tsc msr pae mce cx8 apic sep mtrr pge mca cmov pat pse36 clflush dts acpi mmx fxsr sse sse2 ss ht tm pbe syscall nx rdtscp lm constant_tsc arch_perfmon pebs bts rep_good nopl xtopology nonstop_tsc aperfmperf pni pclmulqdq dtes64 monitor ds_cpl vmx smx est tm2 ssse3 cx16 xtpr pdcm sse4_1 sse4_2 popcnt aes lahf_lm ida arat dtherm tpr_shadow vnmi flexpriority ept vpid
bogomips	: 6400.38
clflush size	: 64
cache_alignment	: 64
address sizes	: 36 bits physical, 48 bits virtual
power management:

processor	: 3
vendor_id	: GenuineIntel
cpu family	: 6
model		: 37
model name	: Intel(R) Core(TM) i5 CPU         650  @ 3.20GHz
stepping	: 2
microcode	: 0x9
cpu MHz		: 1197.000
cache size	: 4096 KB
physical id	: 0
siblings	: 4
core id		: 2
cpu cores	: 2
apicid		: 5
initial apicid	: 5
fpu		: yes
fpu_exception	: yes
cpuid level	: 11
wp		: yes
flags		: fpu vme de pse tsc msr pae mce cx8 apic sep mtrr pge mca cmov pat pse36 clflush dts acpi mmx fxsr sse sse2 ss ht tm pbe syscall nx rdtscp lm constant_tsc arch_perfmon pebs bts rep_good nopl xtopology nonstop_tsc aperfmperf pni pclmulqdq dtes64 monitor ds_cpl vmx smx est tm2 ssse3 cx16 xtpr pdcm sse4_1 sse4_2 popcnt aes lahf_lm ida arat dtherm tpr_shadow vnmi flexpriority ept vpid
bogomips	: 6400.38
clflush size	: 64
cache_alignment	: 64
address sizes	: 36 bits physical, 48 bits virtual
power management:



Memory: 4k page, physical 3785356k(178168k free), swap 3926012k(3706036k free)

vm_info: Java HotSpot(TM) 64-Bit Server VM (25.20-b23) for linux-amd64 JRE (1.8.0_20-b26), built on Jul 30 2014 13:13:52 by "java_re" with gcc 4.3.0 20080428 (Red Hat 4.3.0-8)

time: Fri Mar 20 10:44:36 2015
elapsed time: 6 seconds (0d 0h 0m 6s)

