#
# A fatal error has been detected by the Java Runtime Environment:
#
#  SIGSEGV (0xb) at pc=0x00007f18be389910, pid=9859, tid=139743705048832
#
# JRE version: Java(TM) SE Runtime Environment (8.0_20-b26) (build 1.8.0_20-b26)
# Java VM: Java HotSpot(TM) 64-Bit Server VM (25.20-b23 mixed mode linux-amd64 compressed oops)
# Problematic frame:
# C  [libfftw3.so.3.3.2+0xe9910]  fftw_execute+0x0
#
# Failed to write core dump. Core dumps have been disabled. To enable core dumping, try "ulimit -c unlimited" before starting Java again
#
# If you would like to submit a bug report, please visit:
#   http://bugreport.sun.com/bugreport/crash.jsp
#

---------------  T H R E A D  ---------------

Current thread is native thread

siginfo: si_signo: 11 (SIGSEGV), si_code: 1 (SEGV_MAPERR), si_addr: 0x0000000000000000

Registers:
RAX=0x0000000000000000, RBX=0x00007f189de62700, RCX=0x0000000000000000, RDX=0x0000000000000084
RSP=0x00007f189de61ed8, RBP=0x00007f189de61f10, RSI=0x0000000000000000, RDI=0x0000000000000000
R8 =0x00007f189de62700, R9 =0x00007f189de62700, R10=0x00007f189de629d0, R11=0x0000000000000202
R12=0x0000000000000000, R13=0x0000000000000000, R14=0x00007f189de629c0, R15=0x00007f189de62700
RIP=0x00007f18be389910, EFLAGS=0x0000000000010206, CSGSFS=0x3ed6000000000033, ERR=0x0000000000000004
  TRAPNO=0x000000000000000e

Top of Stack: (sp=0x00007f189de61ed8)
0x00007f189de61ed8:   00007f18be0505a7 00007f190be33878
0x00007f189de61ee8:   0000000000000000 00007f1900000000
0x00007f189de61ef8:   0000000000000000 0000000000000000
0x00007f189de61f08:   00007f18a4b3e510 0000000000000000
0x00007f189de61f18:   00007f190c25f182 0000000000000000
0x00007f189de61f28:   00007f189de62700 00007f189de62700
0x00007f189de61f38:   501d0bf4b9c40c33 0000000000000000
0x00007f189de61f48:   0000000000000000 00007f189de629c0
0x00007f189de61f58:   00007f189de62700 ae2c303887840c33
0x00007f189de61f68:   ae2f13bf5b5e0c33 0000000000000000
0x00007f189de61f78:   0000000000000000 0000000000000000
0x00007f189de61f88:   0000000000000000 0000000000000000
0x00007f189de61f98:   0000000000000000 0000000000000000
0x00007f189de61fa8:   0000000000000000 00007f189de62700
0x00007f189de61fb8:   00007f190bb7347d 0000000000000000
0x00007f189de61fc8:   0000000000000000 0000000000000000
0x00007f189de61fd8:   0000000000000000 0000000000000000
0x00007f189de61fe8:   0000000000000000 0000000000000000
0x00007f189de61ff8:   0000000000000000 0000000000000000
0x00007f189de62008:   0000000000000000 0000000000000000
0x00007f189de62018:   0000000000000000 0000000000000000
0x00007f189de62028:   0000000000000000 0000000000000000
0x00007f189de62038:   0000000000000000 0000000000000000
0x00007f189de62048:   0000000000000000 0000000000000000
0x00007f189de62058:   0000000000000000 0000000000000000
0x00007f189de62068:   0000000000000000 0000000000000000
0x00007f189de62078:   0000000000000000 0000000000000000
0x00007f189de62088:   0000000000000000 0000000000000000
0x00007f189de62098:   0000000000000000 0000000000000000
0x00007f189de620a8:   0000000000000000 0000000000000000
0x00007f189de620b8:   0000000000000000 0000000000000000
0x00007f189de620c8:   0000000000000000 0000000000000000 

Instructions: (pc=0x00007f18be389910)
0x00007f18be3898f0:   89 c2 41 ff e2 66 2e 0f 1f 84 00 00 00 00 00 90
0x00007f18be389900:   48 8b 3f 48 8b 47 38 ff e0 0f 1f 80 00 00 00 00
0x00007f18be389910:   48 8b 07 48 8b 77 08 48 8b 10 48 89 c7 48 8b 12
0x00007f18be389920:   ff e2 66 2e 0f 1f 84 00 00 00 00 00 0f 1f 40 00 

Register to memory mapping:

RAX=0x0000000000000000 is an unknown value
RBX=0x00007f189de62700 is an unknown value
RCX=0x0000000000000000 is an unknown value
RDX=0x0000000000000084 is an unknown value
RSP=0x00007f189de61ed8 is an unknown value
RBP=0x00007f189de61f10 is an unknown value
RSI=0x0000000000000000 is an unknown value
RDI=0x0000000000000000 is an unknown value
R8 =0x00007f189de62700 is an unknown value
R9 =0x00007f189de62700 is an unknown value
R10=0x00007f189de629d0 is an unknown value
R11=0x0000000000000202 is an unknown value
R12=0x0000000000000000 is an unknown value
R13=0x0000000000000000 is an unknown value
R14=0x00007f189de629c0 is an unknown value
R15=0x00007f189de62700 is an unknown value


Stack: [0x00007f189d662000,0x00007f189de63000],  sp=0x00007f189de61ed8,  free space=8191k
Native frames: (J=compiled Java code, j=interpreted, Vv=VM code, C=native code)
C  [libfftw3.so.3.3.2+0xe9910]  fftw_execute+0x0


---------------  P R O C E S S  ---------------

VM state:not at safepoint (normal execution)

VM Mutex/Monitor currently owned by a thread: None

Heap:
 PSYoungGen      total 17408K, used 12908K [0x00000000ecb80000, 0x00000000ede80000, 0x0000000100000000)
  eden space 15360K, 84% used [0x00000000ecb80000,0x00000000ed81b280,0x00000000eda80000)
  from space 2048K, 0% used [0x00000000edc80000,0x00000000edc80000,0x00000000ede80000)
  to   space 2048K, 0% used [0x00000000eda80000,0x00000000eda80000,0x00000000edc80000)
 ParOldGen       total 39936K, used 0K [0x00000000c6200000, 0x00000000c8900000, 0x00000000ecb80000)
  object space 39936K, 0% used [0x00000000c6200000,0x00000000c6200000,0x00000000c8900000)
 Metaspace       used 10826K, capacity 10898K, committed 11008K, reserved 1058816K
  class space    used 1253K, capacity 1279K, committed 1280K, reserved 1048576K

Card table byte_map: [0x00007f19091c7000,0x00007f1909397000] byte_map_base: 0x00007f1908b96000

Marking Bits: (ParMarkBitMap*) 0x00007f190ba4eac0
 Begin Bits: [0x00007f18ee310000, 0x00007f18ef188000)
 End Bits:   [0x00007f18ef188000, 0x00007f18f0000000)

Polling page: 0x00007f190c694000

CodeCache: size=245760Kb used=3027Kb max_used=3027Kb free=242732Kb
 bounds [0x00007f18f5000000, 0x00007f18f5300000, 0x00007f1904000000]
 total_blobs=1207 nmethods=669 adapters=454
 compilation: enabled

Compilation events (10 events):
Event: 12.319 Thread 0x00007f19040b2000  665       3       javax.swing.JComponent::getY (5 bytes)
Event: 12.319 Thread 0x00007f19040b2000 nmethod 665 0x00007f18f52f4cd0 code [0x00007f18f52f4e40, 0x00007f18f52f4fb0]
Event: 12.319 Thread 0x00007f19040b2000  666       1       java.awt.AlphaComposite::getRule (5 bytes)
Event: 12.319 Thread 0x00007f19040b2000 nmethod 666 0x00007f18f52f5010 code [0x00007f18f52f5160, 0x00007f18f52f5270]
Event: 12.319 Thread 0x00007f19040b2000  667       3       sun.font.XRGlyphCacheEntry::getXAdvance (16 bytes)
Event: 12.319 Thread 0x00007f19040b2000 nmethod 667 0x00007f18f52f52d0 code [0x00007f18f52f5440, 0x00007f18f52f55b0]
Event: 12.319 Thread 0x00007f19040b2000  668       3       sun.font.XRGlyphCacheEntry::getYAdvance (16 bytes)
Event: 12.320 Thread 0x00007f19040b2000 nmethod 668 0x00007f18f52f5610 code [0x00007f18f52f5780, 0x00007f18f52f58f0]
Event: 12.320 Thread 0x00007f19040b2000  669       3       java.awt.Component::getFont_NoClientCode (29 bytes)
Event: 12.320 Thread 0x00007f19040b2000 nmethod 669 0x00007f18f52f5950 code [0x00007f18f52f5ae0, 0x00007f18f52f5f08]

GC Heap History (0 events):
No events

Deoptimization events (0 events):
No events

Internal exceptions (10 events):
Event: 0.468 Thread 0x00007f1904277000 Exception <a 'java/security/PrivilegedActionException'> (0x00000000ecf415b8) thrown at [/HUDSON/workspace/8-2-build-linux-amd64/jdk8u20/1074/hotspot/src/share/vm/prims/jvm.cpp, line 1275]
Event: 0.468 Thread 0x00007f1904277000 Exception <a 'java/security/PrivilegedActionException'> (0x00000000ecf44be0) thrown at [/HUDSON/workspace/8-2-build-linux-amd64/jdk8u20/1074/hotspot/src/share/vm/prims/jvm.cpp, line 1275]
Event: 0.475 Thread 0x00007f1904277000 Exception <a 'java/lang/NullPointerException'> (0x00000000ecf52e30) thrown at [/HUDSON/workspace/8-2-build-linux-amd64/jdk8u20/1074/hotspot/src/share/vm/prims/jvm.cpp, line 1279]
Event: 0.475 Thread 0x00007f1904277000 Exception <a 'java/lang/NullPointerException'> (0x00000000ecf52e30) thrown at [/HUDSON/workspace/8-2-build-linux-amd64/jdk8u20/1074/hotspot/src/share/vm/prims/jvm.cpp, line 1279]
Event: 0.479 Thread 0x00007f1904277000 Exception <a 'java/security/PrivilegedActionException'> (0x00000000ecf5cb80) thrown at [/HUDSON/workspace/8-2-build-linux-amd64/jdk8u20/1074/hotspot/src/share/vm/prims/jvm.cpp, line 1275]
Event: 2.372 Thread 0x00007f19042da800 Exception <a 'java/net/SocketTimeoutException': Receive timed out> (0x00000000ed0c6160) thrown at [/HUDSON/workspace/8-2-build-linux-amd64/jdk8u20/1074/hotspot/src/share/vm/prims/jni.cpp, line 742]
Event: 3.056 Thread 0x00007f1904277000 Exception <a 'java/security/PrivilegedActionException'> (0x00000000ed13dff8) thrown at [/HUDSON/workspace/8-2-build-linux-amd64/jdk8u20/1074/hotspot/src/share/vm/prims/jvm.cpp, line 1275]
Event: 7.072 Thread 0x00007f1904277000 Exception <a 'java/security/PrivilegedActionException'> (0x00000000ed155190) thrown at [/HUDSON/workspace/8-2-build-linux-amd64/jdk8u20/1074/hotspot/src/share/vm/prims/jvm.cpp, line 1275]
Event: 7.073 Thread 0x00007f1904277000 Exception <a 'java/security/PrivilegedActionException'> (0x00000000ed158d50) thrown at [/HUDSON/workspace/8-2-build-linux-amd64/jdk8u20/1074/hotspot/src/share/vm/prims/jvm.cpp, line 1275]
Event: 7.084 Thread 0x00007f18a4d7c800 Exception <a 'java/security/PrivilegedActionException'> (0x00000000ed182bb0) thrown at [/HUDSON/workspace/8-2-build-linux-amd64/jdk8u20/1074/hotspot/src/share/vm/prims/jvm.cpp, line 1275]

Events (10 events):
Event: 7.401 Thread 0x00007f18a4d7c800 DEOPT PACKING pc=0x00007f18f5220ea4 sp=0x00007f18be6aa580
Event: 7.401 Thread 0x00007f18a4d7c800 DEOPT UNPACKING pc=0x00007f18f5046f73 sp=0x00007f18be6aa5e0 mode 0
Event: 7.411 Thread 0x00007f18a4d7c800 DEOPT PACKING pc=0x00007f18f5220ea4 sp=0x00007f18be6aa580
Event: 7.411 Thread 0x00007f18a4d7c800 DEOPT UNPACKING pc=0x00007f18f5046f73 sp=0x00007f18be6aa5e0 mode 0
Event: 7.908 Thread 0x00007f18a4d7c800 DEOPT PACKING pc=0x00007f18f524a597 sp=0x00007f18be6aa890
Event: 7.908 Thread 0x00007f18a4d7c800 DEOPT UNPACKING pc=0x00007f18f5046f73 sp=0x00007f18be6aa600 mode 0
Event: 10.475 loading class java/awt/Scrollbar
Event: 10.491 loading class java/awt/Adjustable
Event: 10.491 loading class java/awt/Adjustable done
Event: 10.491 loading class java/awt/Scrollbar done


Dynamic libraries:
00400000-00401000 r-xp 00000000 08:06 28579635                           /home/john/jdk1.8.0_20/bin/java
00600000-00601000 rw-p 00000000 08:06 28579635                           /home/john/jdk1.8.0_20/bin/java
011d9000-011fa000 rw-p 00000000 00:00 0                                  [heap]
c6200000-c8900000 rw-p 00000000 00:00 0 
c8900000-ecb80000 ---p 00000000 00:00 0 
ecb80000-ede80000 rw-p 00000000 00:00 0 
ede80000-100000000 ---p 00000000 00:00 0 
100000000-100140000 rw-p 00000000 00:00 0 
100140000-140000000 ---p 00000000 00:00 0 
7f1888000000-7f1888021000 rw-p 00000000 00:00 0 
7f1888021000-7f188c000000 ---p 00000000 00:00 0 
7f1890000000-7f1890021000 rw-p 00000000 00:00 0 
7f1890021000-7f1894000000 ---p 00000000 00:00 0 
7f1894000000-7f1894021000 rw-p 00000000 00:00 0 
7f1894021000-7f1898000000 ---p 00000000 00:00 0 
7f1898000000-7f1898021000 rw-p 00000000 00:00 0 
7f1898021000-7f189c000000 ---p 00000000 00:00 0 
7f189c45b000-7f189d662000 rw-p 00000000 00:00 0 
7f189d662000-7f189d663000 ---p 00000000 00:00 0 
7f189d663000-7f189de63000 rw-p 00000000 00:00 0                          [stack:10052]
7f189de63000-7f189de64000 ---p 00000000 00:00 0 
7f189de64000-7f189e664000 rw-p 00000000 00:00 0                          [stack:10053]
7f189e664000-7f189e665000 ---p 00000000 00:00 0 
7f189e665000-7f189ee65000 rw-p 00000000 00:00 0                          [stack:9891]
7f189ee65000-7f189ee66000 ---p 00000000 00:00 0 
7f189ee66000-7f189f666000 rw-p 00000000 00:00 0                          [stack:9890]
7f189f666000-7f189f669000 ---p 00000000 00:00 0 
7f189f669000-7f189f767000 rw-p 00000000 00:00 0                          [stack:9889]
7f189f767000-7f189f768000 ---p 00000000 00:00 0 
7f189f768000-7f189ff68000 rw-p 00000000 00:00 0                          [stack:9887]
7f189ff68000-7f189ff69000 ---p 00000000 00:00 0 
7f189ff69000-7f18a0fef000 rw-p 00000000 00:00 0                          [stack:9886]
7f18a0fef000-7f18a0ff0000 ---p 00000000 00:00 0 
7f18a0ff0000-7f18a4000000 rw-p 00000000 00:00 0                          [stack:9885]
7f18a4000000-7f18a4de8000 rw-p 00000000 00:00 0 
7f18a4de8000-7f18a8000000 ---p 00000000 00:00 0 
7f18a8000000-7f18a8025000 rw-p 00000000 00:00 0 
7f18a8025000-7f18ac000000 ---p 00000000 00:00 0 
7f18ac000000-7f18ac27f000 rw-p 00000000 00:00 0 
7f18ac27f000-7f18b0000000 ---p 00000000 00:00 0 
7f18b0000000-7f18b0021000 rw-p 00000000 00:00 0 
7f18b0021000-7f18b4000000 ---p 00000000 00:00 0 
7f18b4000000-7f18b4021000 rw-p 00000000 00:00 0 
7f18b4021000-7f18b8000000 ---p 00000000 00:00 0 
7f18b8000000-7f18b8021000 rw-p 00000000 00:00 0 
7f18b8021000-7f18bc000000 ---p 00000000 00:00 0 
7f18bc030000-7f18be03e000 rw-p 00000000 00:00 0 
7f18be03e000-7f18be096000 r-xp 00000000 08:06 27922299                   /usr/local/lib/libwdspj.so
7f18be096000-7f18be295000 ---p 00058000 08:06 27922299                   /usr/local/lib/libwdspj.so
7f18be295000-7f18be296000 r--p 00057000 08:06 27922299                   /usr/local/lib/libwdspj.so
7f18be296000-7f18be297000 rw-p 00058000 08:06 27922299                   /usr/local/lib/libwdspj.so
7f18be297000-7f18be2a0000 rw-p 00000000 00:00 0 
7f18be2a0000-7f18be3a4000 r-xp 00000000 08:06 27927958                   /usr/local/lib/libfftw3.so.3.3.2
7f18be3a4000-7f18be5a3000 ---p 00104000 08:06 27927958                   /usr/local/lib/libfftw3.so.3.3.2
7f18be5a3000-7f18be5aa000 r--p 00103000 08:06 27927958                   /usr/local/lib/libfftw3.so.3.3.2
7f18be5aa000-7f18be5ab000 rw-p 0010a000 08:06 27927958                   /usr/local/lib/libfftw3.so.3.3.2
7f18be5ab000-7f18be5ae000 ---p 00000000 00:00 0 
7f18be5ae000-7f18be82c000 rw-p 00000000 00:00 0                          [stack:9888]
7f18be82c000-7f18be8ac000 ---p 00000000 00:00 0 
7f18be8ac000-7f18be915000 r-xp 00000000 08:06 3146435                    /home/john/jdk1.8.0_20/jre/lib/amd64/libt2k.so
7f18be915000-7f18beb14000 ---p 00069000 08:06 3146435                    /home/john/jdk1.8.0_20/jre/lib/amd64/libt2k.so
7f18beb14000-7f18beb1b000 rw-p 00068000 08:06 3146435                    /home/john/jdk1.8.0_20/jre/lib/amd64/libt2k.so
7f18beb1b000-7f18beb2b000 rw-p 00000000 00:00 0 
7f18beb2b000-7f18beb3c000 r-xp 00000000 08:06 3146470                    /home/john/jdk1.8.0_20/jre/lib/amd64/libnio.so
7f18beb3c000-7f18bed3b000 ---p 00011000 08:06 3146470                    /home/john/jdk1.8.0_20/jre/lib/amd64/libnio.so
7f18bed3b000-7f18bed3c000 rw-p 00010000 08:06 3146470                    /home/john/jdk1.8.0_20/jre/lib/amd64/libnio.so
7f18bed3c000-7f18bed52000 r-xp 00000000 08:06 3146467                    /home/john/jdk1.8.0_20/jre/lib/amd64/libnet.so
7f18bed52000-7f18bef52000 ---p 00016000 08:06 3146467                    /home/john/jdk1.8.0_20/jre/lib/amd64/libnet.so
7f18bef52000-7f18bef53000 rw-p 00016000 08:06 3146467                    /home/john/jdk1.8.0_20/jre/lib/amd64/libnet.so
7f18bef53000-7f18bef56000 ---p 00000000 00:00 0 
7f18bef56000-7f18bf054000 rw-p 00000000 00:00 0                          [stack:9880]
7f18bf054000-7f18bf057000 ---p 00000000 00:00 0 
7f18bf057000-7f18bf155000 rw-p 00000000 00:00 0                          [stack:9879]
7f18bf155000-7f18bf158000 ---p 00000000 00:00 0 
7f18bf158000-7f18bf256000 rw-p 00000000 00:00 0                          [stack:9878]
7f18bf256000-7f18bf25b000 r-xp 00000000 08:06 27532859                   /usr/lib/x86_64-linux-gnu/libXfixes.so.3.1.0
7f18bf25b000-7f18bf45a000 ---p 00005000 08:06 27532859                   /usr/lib/x86_64-linux-gnu/libXfixes.so.3.1.0
7f18bf45a000-7f18bf45b000 r--p 00004000 08:06 27532859                   /usr/lib/x86_64-linux-gnu/libXfixes.so.3.1.0
7f18bf45b000-7f18bf45c000 rw-p 00005000 08:06 27532859                   /usr/lib/x86_64-linux-gnu/libXfixes.so.3.1.0
7f18bf45c000-7f18bf465000 r-xp 00000000 08:06 27532851                   /usr/lib/x86_64-linux-gnu/libXcursor.so.1.0.2
7f18bf465000-7f18bf664000 ---p 00009000 08:06 27532851                   /usr/lib/x86_64-linux-gnu/libXcursor.so.1.0.2
7f18bf664000-7f18bf665000 r--p 00008000 08:06 27532851                   /usr/lib/x86_64-linux-gnu/libXcursor.so.1.0.2
7f18bf665000-7f18bf666000 rw-p 00009000 08:06 27532851                   /usr/lib/x86_64-linux-gnu/libXcursor.so.1.0.2
7f18bf666000-7f18bf669000 ---p 00000000 00:00 0 
7f18bf669000-7f18bf767000 rw-p 00000000 00:00 0                          [stack:9877]
7f18bf767000-7f18bf77d000 r-xp 00000000 08:06 14417925                   /lib/x86_64-linux-gnu/libgcc_s.so.1
7f18bf77d000-7f18bf97c000 ---p 00016000 08:06 14417925                   /lib/x86_64-linux-gnu/libgcc_s.so.1
7f18bf97c000-7f18bf97d000 rw-p 00015000 08:06 14417925                   /lib/x86_64-linux-gnu/libgcc_s.so.1
7f18bf97d000-7f18bf9e2000 r-xp 00000000 08:06 3146452                    /home/john/jdk1.8.0_20/jre/lib/amd64/libfontmanager.so
7f18bf9e2000-7f18bfbe1000 ---p 00065000 08:06 3146452                    /home/john/jdk1.8.0_20/jre/lib/amd64/libfontmanager.so
7f18bfbe1000-7f18bfbe5000 rw-p 00064000 08:06 3146452                    /home/john/jdk1.8.0_20/jre/lib/amd64/libfontmanager.so
7f18bfbe5000-7f18bfbf6000 rw-p 00000000 00:00 0 
7f18bfbf6000-7f18bfbfb000 r-xp 00000000 08:06 27532855                   /usr/lib/x86_64-linux-gnu/libXdmcp.so.6.0.0
7f18bfbfb000-7f18bfdfa000 ---p 00005000 08:06 27532855                   /usr/lib/x86_64-linux-gnu/libXdmcp.so.6.0.0
7f18bfdfa000-7f18bfdfb000 r--p 00004000 08:06 27532855                   /usr/lib/x86_64-linux-gnu/libXdmcp.so.6.0.0
7f18bfdfb000-7f18bfdfc000 rw-p 00005000 08:06 27532855                   /usr/lib/x86_64-linux-gnu/libXdmcp.so.6.0.0
7f18bfdfc000-7f18bfdfe000 r-xp 00000000 08:06 27532844                   /usr/lib/x86_64-linux-gnu/libXau.so.6.0.0
7f18bfdfe000-7f18bfffe000 ---p 00002000 08:06 27532844                   /usr/lib/x86_64-linux-gnu/libXau.so.6.0.0
7f18bfffe000-7f18bffff000 r--p 00002000 08:06 27532844                   /usr/lib/x86_64-linux-gnu/libXau.so.6.0.0
7f18bffff000-7f18c0000000 rw-p 00003000 08:06 27532844                   /usr/lib/x86_64-linux-gnu/libXau.so.6.0.0
7f18c0000000-7f18c056f000 rw-p 00000000 00:00 0 
7f18c056f000-7f18c4000000 ---p 00000000 00:00 0 
7f18c4000000-7f18c4021000 rw-p 00000000 00:00 0 
7f18c4021000-7f18c8000000 ---p 00000000 00:00 0 
7f18c8000000-7f18c88d4000 rw-p 00000000 00:00 0 
7f18c88d4000-7f18cc000000 ---p 00000000 00:00 0 
7f18cc000000-7f18cd827000 rw-p 00000000 00:00 0 
7f18cd827000-7f18d0000000 ---p 00000000 00:00 0 
7f18d0000000-7f18d0021000 rw-p 00000000 00:00 0 
7f18d0021000-7f18d4000000 ---p 00000000 00:00 0 
7f18d4000000-7f18d4021000 rw-p 00000000 00:00 0 
7f18d4021000-7f18d8000000 ---p 00000000 00:00 0 
7f18d8000000-7f18d8021000 rw-p 00000000 00:00 0 
7f18d8021000-7f18dc000000 ---p 00000000 00:00 0 
7f18dc000000-7f18dc021000 rw-p 00000000 00:00 0 
7f18dc021000-7f18e0000000 ---p 00000000 00:00 0 
7f18e0000000-7f18e0021000 rw-p 00000000 00:00 0 
7f18e0021000-7f18e4000000 ---p 00000000 00:00 0 
7f18e4000000-7f18e4021000 rw-p 00000000 00:00 0 
7f18e4021000-7f18e8000000 ---p 00000000 00:00 0 
7f18e8000000-7f18e8021000 rw-p 00000000 00:00 0 
7f18e8021000-7f18ec000000 ---p 00000000 00:00 0 
7f18ec074000-7f18ec091000 r-xp 00000000 08:06 27533914                   /usr/lib/x86_64-linux-gnu/libxcb.so.1.1.0
7f18ec091000-7f18ec291000 ---p 0001d000 08:06 27533914                   /usr/lib/x86_64-linux-gnu/libxcb.so.1.1.0
7f18ec291000-7f18ec292000 r--p 0001d000 08:06 27533914                   /usr/lib/x86_64-linux-gnu/libxcb.so.1.1.0
7f18ec292000-7f18ec293000 rw-p 0001e000 08:06 27533914                   /usr/lib/x86_64-linux-gnu/libxcb.so.1.1.0
7f18ec293000-7f18ec2a2000 r-xp 00000000 08:06 27532865                   /usr/lib/x86_64-linux-gnu/libXi.so.6.1.0
7f18ec2a2000-7f18ec4a1000 ---p 0000f000 08:06 27532865                   /usr/lib/x86_64-linux-gnu/libXi.so.6.1.0
7f18ec4a1000-7f18ec4a2000 r--p 0000e000 08:06 27532865                   /usr/lib/x86_64-linux-gnu/libXi.so.6.1.0
7f18ec4a2000-7f18ec4a3000 rw-p 0000f000 08:06 27532865                   /usr/lib/x86_64-linux-gnu/libXi.so.6.1.0
7f18ec4a3000-7f18ec4a8000 r-xp 00000000 08:06 27532885                   /usr/lib/x86_64-linux-gnu/libXtst.so.6.1.0
7f18ec4a8000-7f18ec6a7000 ---p 00005000 08:06 27532885                   /usr/lib/x86_64-linux-gnu/libXtst.so.6.1.0
7f18ec6a7000-7f18ec6a8000 r--p 00004000 08:06 27532885                   /usr/lib/x86_64-linux-gnu/libXtst.so.6.1.0
7f18ec6a8000-7f18ec6a9000 rw-p 00005000 08:06 27532885                   /usr/lib/x86_64-linux-gnu/libXtst.so.6.1.0
7f18ec6a9000-7f18ec6b2000 r-xp 00000000 08:06 27532879                   /usr/lib/x86_64-linux-gnu/libXrender.so.1.3.0
7f18ec6b2000-7f18ec8b1000 ---p 00009000 08:06 27532879                   /usr/lib/x86_64-linux-gnu/libXrender.so.1.3.0
7f18ec8b1000-7f18ec8b2000 r--p 00008000 08:06 27532879                   /usr/lib/x86_64-linux-gnu/libXrender.so.1.3.0
7f18ec8b2000-7f18ec8b3000 rw-p 00009000 08:06 27532879                   /usr/lib/x86_64-linux-gnu/libXrender.so.1.3.0
7f18ec8b3000-7f18ec9e3000 r-xp 00000000 08:06 27532840                   /usr/lib/x86_64-linux-gnu/libX11.so.6.3.0
7f18ec9e3000-7f18ecbe3000 ---p 00130000 08:06 27532840                   /usr/lib/x86_64-linux-gnu/libX11.so.6.3.0
7f18ecbe3000-7f18ecbe4000 r--p 00130000 08:06 27532840                   /usr/lib/x86_64-linux-gnu/libX11.so.6.3.0
7f18ecbe4000-7f18ecbe8000 rw-p 00131000 08:06 27532840                   /usr/lib/x86_64-linux-gnu/libX11.so.6.3.0
7f18ecbe8000-7f18ecbf9000 r-xp 00000000 08:06 27532857                   /usr/lib/x86_64-linux-gnu/libXext.so.6.4.0
7f18ecbf9000-7f18ecdf8000 ---p 00011000 08:06 27532857                   /usr/lib/x86_64-linux-gnu/libXext.so.6.4.0
7f18ecdf8000-7f18ecdf9000 r--p 00010000 08:06 27532857                   /usr/lib/x86_64-linux-gnu/libXext.so.6.4.0
7f18ecdf9000-7f18ecdfa000 rw-p 00011000 08:06 27532857                   /usr/lib/x86_64-linux-gnu/libXext.so.6.4.0
7f18ecdfa000-7f18ece4e000 r-xp 00000000 08:06 3146474                    /home/john/jdk1.8.0_20/jre/lib/amd64/libawt_xawt.so
7f18ece4e000-7f18ed04e000 ---p 00054000 08:06 3146474                    /home/john/jdk1.8.0_20/jre/lib/amd64/libawt_xawt.so
7f18ed04e000-7f18ed052000 rw-p 00054000 08:06 3146474                    /home/john/jdk1.8.0_20/jre/lib/amd64/libawt_xawt.so
7f18ed052000-7f18ed053000 rw-p 00000000 00:00 0 
7f18ed053000-7f18ed0f5000 r-xp 00000000 08:06 3146460                    /home/john/jdk1.8.0_20/jre/lib/amd64/libawt.so
7f18ed0f5000-7f18ed2f5000 ---p 000a2000 08:06 3146460                    /home/john/jdk1.8.0_20/jre/lib/amd64/libawt.so
7f18ed2f5000-7f18ed301000 rw-p 000a2000 08:06 3146460                    /home/john/jdk1.8.0_20/jre/lib/amd64/libawt.so
7f18ed301000-7f18ed325000 rw-p 00000000 00:00 0 
7f18ed325000-7f18ed326000 ---p 00000000 00:00 0 
7f18ed326000-7f18ed426000 rw-p 00000000 00:00 0                          [stack:9876]
7f18ed426000-7f18ed429000 ---p 00000000 00:00 0 
7f18ed429000-7f18ed527000 rw-p 00000000 00:00 0                          [stack:9875]
7f18ed527000-7f18ed52a000 ---p 00000000 00:00 0 
7f18ed52a000-7f18ed628000 rw-p 00000000 00:00 0                          [stack:9874]
7f18ed628000-7f18ed62b000 ---p 00000000 00:00 0 
7f18ed62b000-7f18ed729000 rw-p 00000000 00:00 0                          [stack:9873]
7f18ed729000-7f18ed72c000 ---p 00000000 00:00 0 
7f18ed72c000-7f18ed82a000 rw-p 00000000 00:00 0                          [stack:9872]
7f18ed82a000-7f18ed82d000 ---p 00000000 00:00 0 
7f18ed82d000-7f18ed92b000 rw-p 00000000 00:00 0                          [stack:9871]
7f18ed92b000-7f18ee00d000 r--p 00000000 08:06 27531858                   /usr/lib/locale/locale-archive
7f18ee00d000-7f18ee010000 ---p 00000000 00:00 0 
7f18ee010000-7f18ee10e000 rw-p 00000000 00:00 0                          [stack:9870]
7f18ee10e000-7f18ee111000 ---p 00000000 00:00 0 
7f18ee111000-7f18ee20f000 rw-p 00000000 00:00 0                          [stack:9869]
7f18ee20f000-7f18ee210000 ---p 00000000 00:00 0 
7f18ee210000-7f18f0000000 rw-p 00000000 00:00 0                          [stack:9868]
7f18f0000000-7f18f0021000 rw-p 00000000 00:00 0 
7f18f0021000-7f18f4000000 ---p 00000000 00:00 0 
7f18f4062000-7f18f407e000 r--s 00393000 08:06 3146303                    /home/john/jdk1.8.0_20/jre/lib/ext/cldrdata.jar
7f18f407e000-7f18f5000000 rw-p 00000000 00:00 0 
7f18f5000000-7f18f5300000 rwxp 00000000 00:00 0 
7f18f5300000-7f1904000000 ---p 00000000 00:00 0 
7f1904000000-7f1904552000 rw-p 00000000 00:00 0 
7f1904552000-7f1908000000 ---p 00000000 00:00 0 
7f1908002000-7f1908006000 rw-s 00000000 00:04 1320779807                 /SYSV00000000 (deleted)
7f1908006000-7f1908010000 r--s 00116000 08:06 3146309                    /home/john/jdk1.8.0_20/jre/lib/ext/localedata.jar
7f1908010000-7f1908073000 rw-p 00000000 00:00 0 
7f1908073000-7f1908249000 r--s 03ca8000 08:06 2885685                    /home/john/jdk1.8.0_20/jre/lib/rt.jar
7f1908249000-7f1908c8e000 rw-p 00000000 00:00 0 
7f1908c8e000-7f1908c8f000 ---p 00000000 00:00 0 
7f1908c8f000-7f1908d8f000 rw-p 00000000 00:00 0                          [stack:9867]
7f1908d8f000-7f1908d90000 ---p 00000000 00:00 0 
7f1908d90000-7f1908e90000 rw-p 00000000 00:00 0                          [stack:9866]
7f1908e90000-7f1908e91000 ---p 00000000 00:00 0 
7f1908e91000-7f1908f91000 rw-p 00000000 00:00 0                          [stack:9863]
7f1908f91000-7f1908f92000 ---p 00000000 00:00 0 
7f1908f92000-7f19090a6000 rw-p 00000000 00:00 0                          [stack:9862]
7f19090a6000-7f19091c7000 ---p 00000000 00:00 0 
7f19091c7000-7f19091db000 rw-p 00000000 00:00 0 
7f19091db000-7f19092fb000 ---p 00000000 00:00 0 
7f19092fb000-7f1909306000 rw-p 00000000 00:00 0 
7f1909306000-7f1909396000 ---p 00000000 00:00 0 
7f1909396000-7f19093a3000 rw-p 00000000 00:00 0 
7f19093a3000-7f1909757000 ---p 00000000 00:00 0 
7f1909757000-7f1909771000 r-xp 00000000 08:06 3146463                    /home/john/jdk1.8.0_20/jre/lib/amd64/libzip.so
7f1909771000-7f1909971000 ---p 0001a000 08:06 3146463                    /home/john/jdk1.8.0_20/jre/lib/amd64/libzip.so
7f1909971000-7f1909972000 rw-p 0001a000 08:06 3146463                    /home/john/jdk1.8.0_20/jre/lib/amd64/libzip.so
7f1909972000-7f190997d000 r-xp 00000000 08:06 14423904                   /lib/x86_64-linux-gnu/libnss_files-2.19.so
7f190997d000-7f1909b7c000 ---p 0000b000 08:06 14423904                   /lib/x86_64-linux-gnu/libnss_files-2.19.so
7f1909b7c000-7f1909b7d000 r--p 0000a000 08:06 14423904                   /lib/x86_64-linux-gnu/libnss_files-2.19.so
7f1909b7d000-7f1909b7e000 rw-p 0000b000 08:06 14423904                   /lib/x86_64-linux-gnu/libnss_files-2.19.so
7f1909b7e000-7f1909b89000 r-xp 00000000 08:06 14425471                   /lib/x86_64-linux-gnu/libnss_nis-2.19.so
7f1909b89000-7f1909d88000 ---p 0000b000 08:06 14425471                   /lib/x86_64-linux-gnu/libnss_nis-2.19.so
7f1909d88000-7f1909d89000 r--p 0000a000 08:06 14425471                   /lib/x86_64-linux-gnu/libnss_nis-2.19.so
7f1909d89000-7f1909d8a000 rw-p 0000b000 08:06 14425471                   /lib/x86_64-linux-gnu/libnss_nis-2.19.so
7f1909d8a000-7f1909da1000 r-xp 00000000 08:06 14425460                   /lib/x86_64-linux-gnu/libnsl-2.19.so
7f1909da1000-7f1909fa0000 ---p 00017000 08:06 14425460                   /lib/x86_64-linux-gnu/libnsl-2.19.so
7f1909fa0000-7f1909fa1000 r--p 00016000 08:06 14425460                   /lib/x86_64-linux-gnu/libnsl-2.19.so
7f1909fa1000-7f1909fa2000 rw-p 00017000 08:06 14425460                   /lib/x86_64-linux-gnu/libnsl-2.19.so
7f1909fa2000-7f1909fa4000 rw-p 00000000 00:00 0 
7f1909fa4000-7f1909fad000 r-xp 00000000 08:06 14425459                   /lib/x86_64-linux-gnu/libnss_compat-2.19.so
7f1909fad000-7f190a1ac000 ---p 00009000 08:06 14425459                   /lib/x86_64-linux-gnu/libnss_compat-2.19.so
7f190a1ac000-7f190a1ad000 r--p 00008000 08:06 14425459                   /lib/x86_64-linux-gnu/libnss_compat-2.19.so
7f190a1ad000-7f190a1ae000 rw-p 00009000 08:06 14425459                   /lib/x86_64-linux-gnu/libnss_compat-2.19.so
7f190a1ae000-7f190a1d8000 r-xp 00000000 08:06 3146458                    /home/john/jdk1.8.0_20/jre/lib/amd64/libjava.so
7f190a1d8000-7f190a3d8000 ---p 0002a000 08:06 3146458                    /home/john/jdk1.8.0_20/jre/lib/amd64/libjava.so
7f190a3d8000-7f190a3da000 rw-p 0002a000 08:06 3146458                    /home/john/jdk1.8.0_20/jre/lib/amd64/libjava.so
7f190a3da000-7f190a3e7000 r-xp 00000000 08:06 3146462                    /home/john/jdk1.8.0_20/jre/lib/amd64/libverify.so
7f190a3e7000-7f190a5e7000 ---p 0000d000 08:06 3146462                    /home/john/jdk1.8.0_20/jre/lib/amd64/libverify.so
7f190a5e7000-7f190a5e9000 rw-p 0000d000 08:06 3146462                    /home/john/jdk1.8.0_20/jre/lib/amd64/libverify.so
7f190a5e9000-7f190a5f0000 r-xp 00000000 08:06 14425468                   /lib/x86_64-linux-gnu/librt-2.19.so
7f190a5f0000-7f190a7ef000 ---p 00007000 08:06 14425468                   /lib/x86_64-linux-gnu/librt-2.19.so
7f190a7ef000-7f190a7f0000 r--p 00006000 08:06 14425468                   /lib/x86_64-linux-gnu/librt-2.19.so
7f190a7f0000-7f190a7f1000 rw-p 00007000 08:06 14425468                   /lib/x86_64-linux-gnu/librt-2.19.so
7f190a7f1000-7f190a8f6000 r-xp 00000000 08:06 14423902                   /lib/x86_64-linux-gnu/libm-2.19.so
7f190a8f6000-7f190aaf5000 ---p 00105000 08:06 14423902                   /lib/x86_64-linux-gnu/libm-2.19.so
7f190aaf5000-7f190aaf6000 r--p 00104000 08:06 14423902                   /lib/x86_64-linux-gnu/libm-2.19.so
7f190aaf6000-7f190aaf7000 rw-p 00105000 08:06 14423902                   /lib/x86_64-linux-gnu/libm-2.19.so
7f190aaf7000-7f190b761000 r-xp 00000000 08:06 3146444                    /home/john/jdk1.8.0_20/jre/lib/amd64/server/libjvm.so
7f190b761000-7f190b960000 ---p 00c6a000 08:06 3146444                    /home/john/jdk1.8.0_20/jre/lib/amd64/server/libjvm.so
7f190b960000-7f190ba37000 rw-p 00c69000 08:06 3146444                    /home/john/jdk1.8.0_20/jre/lib/amd64/server/libjvm.so
7f190ba37000-7f190ba79000 rw-p 00000000 00:00 0 
7f190ba79000-7f190bc34000 r-xp 00000000 08:06 14425465                   /lib/x86_64-linux-gnu/libc-2.19.so
7f190bc34000-7f190be33000 ---p 001bb000 08:06 14425465                   /lib/x86_64-linux-gnu/libc-2.19.so
7f190be33000-7f190be37000 r--p 001ba000 08:06 14425465                   /lib/x86_64-linux-gnu/libc-2.19.so
7f190be37000-7f190be39000 rw-p 001be000 08:06 14425465                   /lib/x86_64-linux-gnu/libc-2.19.so
7f190be39000-7f190be3e000 rw-p 00000000 00:00 0 
7f190be3e000-7f190be41000 r-xp 00000000 08:06 14425454                   /lib/x86_64-linux-gnu/libdl-2.19.so
7f190be41000-7f190c040000 ---p 00003000 08:06 14425454                   /lib/x86_64-linux-gnu/libdl-2.19.so
7f190c040000-7f190c041000 r--p 00002000 08:06 14425454                   /lib/x86_64-linux-gnu/libdl-2.19.so
7f190c041000-7f190c042000 rw-p 00003000 08:06 14425454                   /lib/x86_64-linux-gnu/libdl-2.19.so
7f190c042000-7f190c057000 r-xp 00000000 08:06 2885489                    /home/john/jdk1.8.0_20/lib/amd64/jli/libjli.so
7f190c057000-7f190c256000 ---p 00015000 08:06 2885489                    /home/john/jdk1.8.0_20/lib/amd64/jli/libjli.so
7f190c256000-7f190c257000 rw-p 00014000 08:06 2885489                    /home/john/jdk1.8.0_20/lib/amd64/jli/libjli.so
7f190c257000-7f190c270000 r-xp 00000000 08:06 14425466                   /lib/x86_64-linux-gnu/libpthread-2.19.so
7f190c270000-7f190c46f000 ---p 00019000 08:06 14425466                   /lib/x86_64-linux-gnu/libpthread-2.19.so
7f190c46f000-7f190c470000 r--p 00018000 08:06 14425466                   /lib/x86_64-linux-gnu/libpthread-2.19.so
7f190c470000-7f190c471000 rw-p 00019000 08:06 14425466                   /lib/x86_64-linux-gnu/libpthread-2.19.so
7f190c471000-7f190c475000 rw-p 00000000 00:00 0 
7f190c475000-7f190c498000 r-xp 00000000 08:06 14425462                   /lib/x86_64-linux-gnu/ld-2.19.so
7f190c49b000-7f190c49c000 r--p 00000000 08:06 664782                     /usr/share/locale-langpack/en_GB/LC_MESSAGES/libc.mo
7f190c49c000-7f190c56e000 rw-p 00000000 00:00 0 
7f190c56e000-7f190c571000 ---p 00000000 00:00 0 
7f190c571000-7f190c673000 rw-p 00000000 00:00 0                          [stack:9860]
7f190c673000-7f190c678000 r--s 002f8000 08:06 2885683                    /home/john/jdk1.8.0_20/jre/lib/charsets.jar
7f190c678000-7f190c68b000 rw-p 00000000 00:00 0 
7f190c68b000-7f190c693000 rw-s 00000000 08:06 24117422                   /tmp/hsperfdata_john/9859
7f190c693000-7f190c694000 rw-p 00000000 00:00 0 
7f190c694000-7f190c695000 r--p 00000000 00:00 0 
7f190c695000-7f190c697000 rw-p 00000000 00:00 0 
7f190c697000-7f190c698000 r--p 00022000 08:06 14425462                   /lib/x86_64-linux-gnu/ld-2.19.so
7f190c698000-7f190c699000 rw-p 00023000 08:06 14425462                   /lib/x86_64-linux-gnu/ld-2.19.so
7f190c699000-7f190c69a000 rw-p 00000000 00:00 0 
7fffad98c000-7fffad9ad000 rw-p 00000000 00:00 0                          [stack]
7fffad9ba000-7fffad9bc000 r-xp 00000000 00:00 0                          [vdso]
ffffffffff600000-ffffffffff601000 r-xp 00000000 00:00 0                  [vsyscall]

VM Arguments:
jvm_args: -Dfile.encoding=UTF-8 -Djava.library.path=/usr/local/lib 
java_command: org.g0orx.openhpsdr.OpenHPSDRJ
java_class_path (initial): /home/john/NetBeansProjects/openHPSDRJ/build/classes
Launcher Type: SUN_STANDARD

Environment Variables:
PATH=/usr/local/sbin:/usr/local/bin:/usr/sbin:/usr/bin:/sbin:/bin:/usr/games:/usr/local/games
LD_LIBRARY_PATH=/home/john/jdk1.8.0_20/jre/lib/amd64:/home/john/jdk1.8.0_20/jre/lib/i386:
SHELL=/bin/bash
DISPLAY=:0.0

Signal Handlers:
SIGSEGV: [libjvm.so+0xa77530], sa_mask[0]=11111111011111111101111111111110, sa_flags=SA_RESTART|SA_SIGINFO
SIGBUS: [libjvm.so+0xa77530], sa_mask[0]=11111111011111111101111111111110, sa_flags=SA_RESTART|SA_SIGINFO
SIGFPE: [libjvm.so+0x8e1d90], sa_mask[0]=11111111011111111101111111111110, sa_flags=SA_RESTART|SA_SIGINFO
SIGPIPE: [libjvm.so+0x8e1d90], sa_mask[0]=11111111011111111101111111111110, sa_flags=SA_RESTART|SA_SIGINFO
SIGXFSZ: [libjvm.so+0x8e1d90], sa_mask[0]=11111111011111111101111111111110, sa_flags=SA_RESTART|SA_SIGINFO
SIGILL: [libjvm.so+0x8e1d90], sa_mask[0]=11111111011111111101111111111110, sa_flags=SA_RESTART|SA_SIGINFO
SIGUSR1: SIG_DFL, sa_mask[0]=00000000000000000000000000000000, sa_flags=none
SIGUSR2: [libjvm.so+0x8e35c0], sa_mask[0]=00100000000000000000000000000000, sa_flags=SA_RESTART|SA_SIGINFO
SIGHUP: [libjvm.so+0x8e4980], sa_mask[0]=11111111011111111101111111111110, sa_flags=SA_RESTART|SA_SIGINFO
SIGINT: SIG_IGN, sa_mask[0]=00000000000000000000000000000000, sa_flags=none
SIGTERM: [libjvm.so+0x8e4980], sa_mask[0]=11111111011111111101111111111110, sa_flags=SA_RESTART|SA_SIGINFO
SIGQUIT: [libjvm.so+0x8e4980], sa_mask[0]=11111111011111111101111111111110, sa_flags=SA_RESTART|SA_SIGINFO


---------------  S Y S T E M  ---------------

OS:DISTRIB_ID=Ubuntu
DISTRIB_RELEASE=14.04
DISTRIB_CODENAME=trusty
DISTRIB_DESCRIPTION="Ubuntu 14.04.2 LTS"

uname:Linux 3.13.0-46-generic #79-Ubuntu SMP Tue Mar 10 20:06:50 UTC 2015 x86_64
libc:glibc 2.19 NPTL 2.19 
rlimit: STACK 8192k, CORE 0k, NPROC 29404, NOFILE 4096, AS infinity
load average:2.03 0.82 0.44

/proc/meminfo:
MemTotal:        3785356 kB
MemFree:          171256 kB
Buffers:           22900 kB
Cached:           775452 kB
SwapCached:        23672 kB
Active:          2344372 kB
Inactive:         909284 kB
Active(anon):    2084768 kB
Inactive(anon):   679608 kB
Active(file):     259604 kB
Inactive(file):   229676 kB
Unevictable:          48 kB
Mlocked:              48 kB
SwapTotal:       3926012 kB
SwapFree:        3706040 kB
Dirty:              1792 kB
Writeback:             0 kB
AnonPages:       2437052 kB
Mapped:           144268 kB
Shmem:            309060 kB
Slab:             267520 kB
SReclaimable:     234720 kB
SUnreclaim:        32800 kB
KernelStack:        4384 kB
PageTables:        33864 kB
NFS_Unstable:          0 kB
Bounce:                0 kB
WritebackTmp:          0 kB
CommitLimit:     5818688 kB
Committed_AS:    6557008 kB
VmallocTotal:   34359738367 kB
VmallocUsed:      351580 kB
VmallocChunk:   34359377680 kB
HardwareCorrupted:     0 kB
AnonHugePages:    301056 kB
HugePages_Total:       0
HugePages_Free:        0
HugePages_Rsvd:        0
HugePages_Surp:        0
Hugepagesize:       2048 kB
DirectMap4k:       79744 kB
DirectMap2M:     3848192 kB


CPU:total 4 (2 cores per cpu, 2 threads per core) family 6 model 37 stepping 2, cmov, cx8, fxsr, mmx, sse, sse2, sse3, ssse3, sse4.1, sse4.2, popcnt, aes, clmul, ht, tsc, tscinvbit

/proc/cpuinfo:
processor	: 0
vendor_id	: GenuineIntel
cpu family	: 6
model		: 37
model name	: Intel(R) Core(TM) i5 CPU         650  @ 3.20GHz
stepping	: 2
microcode	: 0x9
cpu MHz		: 2926.000
cache size	: 4096 KB
physical id	: 0
siblings	: 4
core id		: 0
cpu cores	: 2
apicid		: 0
initial apicid	: 0
fpu		: yes
fpu_exception	: yes
cpuid level	: 11
wp		: yes
flags		: fpu vme de pse tsc msr pae mce cx8 apic sep mtrr pge mca cmov pat pse36 clflush dts acpi mmx fxsr sse sse2 ss ht tm pbe syscall nx rdtscp lm constant_tsc arch_perfmon pebs bts rep_good nopl xtopology nonstop_tsc aperfmperf pni pclmulqdq dtes64 monitor ds_cpl vmx smx est tm2 ssse3 cx16 xtpr pdcm sse4_1 sse4_2 popcnt aes lahf_lm ida arat dtherm tpr_shadow vnmi flexpriority ept vpid
bogomips	: 6400.38
clflush size	: 64
cache_alignment	: 64
address sizes	: 36 bits physical, 48 bits virtual
power management:

processor	: 1
vendor_id	: GenuineIntel
cpu family	: 6
model		: 37
model name	: Intel(R) Core(TM) i5 CPU         650  @ 3.20GHz
stepping	: 2
microcode	: 0x9
cpu MHz		: 1197.000
cache size	: 4096 KB
physical id	: 0
siblings	: 4
core id		: 2
cpu cores	: 2
apicid		: 4
initial apicid	: 4
fpu		: yes
fpu_exception	: yes
cpuid level	: 11
wp		: yes
flags		: fpu vme de pse tsc msr pae mce cx8 apic sep mtrr pge mca cmov pat pse36 clflush dts acpi mmx fxsr sse sse2 ss ht tm pbe syscall nx rdtscp lm constant_tsc arch_perfmon pebs bts rep_good nopl xtopology nonstop_tsc aperfmperf pni pclmulqdq dtes64 monitor ds_cpl vmx smx est tm2 ssse3 cx16 xtpr pdcm sse4_1 sse4_2 popcnt aes lahf_lm ida arat dtherm tpr_shadow vnmi flexpriority ept vpid
bogomips	: 6400.38
clflush size	: 64
cache_alignment	: 64
address sizes	: 36 bits physical, 48 bits virtual
power management:

processor	: 2
vendor_id	: GenuineIntel
cpu family	: 6
model		: 37
model name	: Intel(R) Core(TM) i5 CPU         650  @ 3.20GHz
stepping	: 2
microcode	: 0x9
cpu MHz		: 3193.000
cache size	: 4096 KB
physical id	: 0
siblings	: 4
core id		: 0
cpu cores	: 2
apicid		: 1
initial apicid	: 1
fpu		: yes
fpu_exception	: yes
cpuid level	: 11
wp		: yes
flags		: fpu vme de pse tsc msr pae mce cx8 apic sep mtrr pge mca cmov pat pse36 clflush dts acpi mmx fxsr sse sse2 ss ht tm pbe syscall nx rdtscp lm constant_tsc arch_perfmon pebs bts rep_good nopl xtopology nonstop_tsc aperfmperf pni pclmulqdq dtes64 monitor ds_cpl vmx smx est tm2 ssse3 cx16 xtpr pdcm sse4_1 sse4_2 popcnt aes lahf_lm ida arat dtherm tpr_shadow vnmi flexpriority ept vpid
bogomips	: 6400.38
clflush size	: 64
cache_alignment	: 64
address sizes	: 36 bits physical, 48 bits virtual
power management:

processor	: 3
vendor_id	: GenuineIntel
cpu family	: 6
model		: 37
model name	: Intel(R) Core(TM) i5 CPU         650  @ 3.20GHz
stepping	: 2
microcode	: 0x9
cpu MHz		: 1197.000
cache size	: 4096 KB
physical id	: 0
siblings	: 4
core id		: 2
cpu cores	: 2
apicid		: 5
initial apicid	: 5
fpu		: yes
fpu_exception	: yes
cpuid level	: 11
wp		: yes
flags		: fpu vme de pse tsc msr pae mce cx8 apic sep mtrr pge mca cmov pat pse36 clflush dts acpi mmx fxsr sse sse2 ss ht tm pbe syscall nx rdtscp lm constant_tsc arch_perfmon pebs bts rep_good nopl xtopology nonstop_tsc aperfmperf pni pclmulqdq dtes64 monitor ds_cpl vmx smx est tm2 ssse3 cx16 xtpr pdcm sse4_1 sse4_2 popcnt aes lahf_lm ida arat dtherm tpr_shadow vnmi flexpriority ept vpid
bogomips	: 6400.38
clflush size	: 64
cache_alignment	: 64
address sizes	: 36 bits physical, 48 bits virtual
power management:



Memory: 4k page, physical 3785356k(170264k free), swap 3926012k(3706040k free)

vm_info: Java HotSpot(TM) 64-Bit Server VM (25.20-b23) for linux-amd64 JRE (1.8.0_20-b26), built on Jul 30 2014 13:13:52 by "java_re" with gcc 4.3.0 20080428 (Red Hat 4.3.0-8)

time: Fri Mar 20 11:17:09 2015
elapsed time: 12 seconds (0d 0h 0m 12s)

