#
# A fatal error has been detected by the Java Runtime Environment:
#
#  SIGSEGV (0xb) at pc=0x00007f7821339c37, pid=5261, tid=140151938336512
#
# JRE version: Java(TM) SE Runtime Environment (8.0_20-b26) (build 1.8.0_20-b26)
# Java VM: Java HotSpot(TM) 64-Bit Server VM (25.20-b23 mixed mode linux-amd64 compressed oops)
# Problematic frame:
# C  [libpthread.so.0+0xdc37]  sem_init+0x7
#
# Failed to write core dump. Core dumps have been disabled. To enable core dumping, try "ulimit -c unlimited" before starting Java again
#
# If you would like to submit a bug report, please visit:
#   http://bugreport.sun.com/bugreport/crash.jsp
#

---------------  T H R E A D  ---------------

Current thread is native thread

siginfo: si_signo: 11 (SIGSEGV), si_code: 1 (SEGV_MAPERR), si_addr: 0x0000000000000000

Registers:
RAX=0x0000000000000000, RBX=0x0000000000000400, RCX=0x0000000000000000, RDX=0x0000000000000000
RSP=0x00007f77aa7fbe48, RBP=0x00007f77aa7fbe80, RSI=0x0000000000000000, RDI=0x0000000000000000
R8 =0x00007f77aa7fbd90, R9 =0x00007f77aa7fc700, R10=0x00007f77aa7fbc50, R11=0x00007f77bebc9b9d
R12=0x0000000000000000, R13=0x0000000000000000, R14=0x00007f77aa7fc9c0, R15=0x00007f77aa7fc700
RIP=0x00007f7821339c37, EFLAGS=0x0000000000010297, CSGSFS=0xbf59000000000033, ERR=0x0000000000000006
  TRAPNO=0x000000000000000e

Top of Stack: (sp=0x00007f77aa7fbe48)
0x00007f77aa7fbe48:   00007f77bebc9a28 0000000000000000
0x00007f77aa7fbe58:   00000000aa7fbc80 00000004000003e8
0x00007f77aa7fbe68:   0000000000000000 00007f77aa7fc700
0x00007f77aa7fbe78:   00007f77c4055830 00007f77aa7fbee0
0x00007f77aa7fbe88:   00007f77bebf401d 0000008000000000
0x00007f77aa7fbe98:   0000000000000000 0000000000000000
0x00007f77aa7fbea8:   0000000000000000 0000000000000000
0x00007f77aa7fbeb8:   0000000000000000 0000000400000000
0x00007f77aa7fbec8:   00007f77c41dafc0 00007f77aa7fc700
0x00007f77aa7fbed8:   00007f77aa7fc700 00007f77aa7fbf10
0x00007f77aa7fbee8:   00007f77bebdeb3c 00007f7820f08878
0x00007f77aa7fbef8:   0000000000000000 00007f77aa7fc700
0x00007f77aa7fbf08:   00000000aa7fc700 0000000000000000
0x00007f77aa7fbf18:   00007f7821334182 0000000000000000
0x00007f77aa7fbf28:   00007f77aa7fc700 00007f77aa7fc700
0x00007f77aa7fbf38:   c389c42ddb5d049b 0000000000000000
0x00007f77aa7fbf48:   0000000000000000 00007f77aa7fc9c0
0x00007f77aa7fbf58:   00007f77aa7fc700 3d6690d2a51d049b
0x00007f77aa7fbf68:   3d79864b59c7049b 0000000000000000
0x00007f77aa7fbf78:   0000000000000000 0000000000000000
0x00007f77aa7fbf88:   0000000000000000 0000000000000000
0x00007f77aa7fbf98:   0000000000000000 0000000000000000
0x00007f77aa7fbfa8:   0000000000000000 00007f77aa7fc700
0x00007f77aa7fbfb8:   00007f7820c4847d 0000000000000000
0x00007f77aa7fbfc8:   0000000000000000 0000000000000000
0x00007f77aa7fbfd8:   0000000000000000 0000000000000000
0x00007f77aa7fbfe8:   0000000000000000 0000000000000000
0x00007f77aa7fbff8:   0000000000000000 0000000000000000
0x00007f77aa7fc008:   0000000000000000 0000000000000000
0x00007f77aa7fc018:   0000000000000000 0000000000000000
0x00007f77aa7fc028:   0000000000000000 0000000000000000
0x00007f77aa7fc038:   0000000000000000 0000000000000000 

Instructions: (pc=0x00007f7821339c37)
0x00007f7821339c17:   16 00 00 00 b8 ff ff ff ff 5b c3 66 2e 0f 1f 84
0x00007f7821339c27:   00 00 00 00 00 0f 1f 40 00 85 d2 78 1a 83 fe 01
0x00007f7821339c37:   89 17 48 c7 47 08 00 00 00 00 19 c0 25 80 00 00
0x00007f7821339c47:   00 89 47 04 31 c0 c3 48 8b 05 33 b3 20 00 64 c7 

Register to memory mapping:

RAX=0x0000000000000000 is an unknown value
RBX=0x0000000000000400 is an unknown value
RCX=0x0000000000000000 is an unknown value
RDX=0x0000000000000000 is an unknown value
RSP=0x00007f77aa7fbe48 is an unknown value
RBP=0x00007f77aa7fbe80 is an unknown value
RSI=0x0000000000000000 is an unknown value
RDI=0x0000000000000000 is an unknown value
R8 =0x00007f77aa7fbd90 is an unknown value
R9 =0x00007f77aa7fc700 is an unknown value
R10=0x00007f77aa7fbc50 is an unknown value
R11=0x00007f77bebc9b9d: CloseHandle+0 in /usr/local/lib/libwdspj.so at 0x00007f77bebbd000
R12=0x0000000000000000 is an unknown value
R13=0x0000000000000000 is an unknown value
R14=0x00007f77aa7fc9c0 is an unknown value
R15=0x00007f77aa7fc700 is an unknown value


Stack: [0x00007f77a9ffc000,0x00007f77aa7fd000],  sp=0x00007f77aa7fbe48,  free space=8191k
Native frames: (J=compiled Java code, j=interpreted, Vv=VM code, C=native code)
C  [libpthread.so.0+0xdc37]  sem_init+0x7
C  [libwdspj.so+0x3701d]  flush_iobuffs+0x19d
C  [libwdspj.so+0x21b3c]  flushChannel+0x7f


---------------  P R O C E S S  ---------------

VM state:not at safepoint (normal execution)

VM Mutex/Monitor currently owned by a thread: None

Heap:
 PSYoungGen      total 17408K, used 13567K [0x00000000ecb80000, 0x00000000ede80000, 0x0000000100000000)
  eden space 15360K, 88% used [0x00000000ecb80000,0x00000000ed8bfda8,0x00000000eda80000)
  from space 2048K, 0% used [0x00000000edc80000,0x00000000edc80000,0x00000000ede80000)
  to   space 2048K, 0% used [0x00000000eda80000,0x00000000eda80000,0x00000000edc80000)
 ParOldGen       total 39936K, used 0K [0x00000000c6200000, 0x00000000c8900000, 0x00000000ecb80000)
  object space 39936K, 0% used [0x00000000c6200000,0x00000000c6200000,0x00000000c8900000)
 Metaspace       used 12499K, capacity 12650K, committed 12800K, reserved 1060864K
  class space    used 1467K, capacity 1514K, committed 1536K, reserved 1048576K

Card table byte_map: [0x00007f781e29c000,0x00007f781e46c000] byte_map_base: 0x00007f781dc6b000

Marking Bits: (ParMarkBitMap*) 0x00007f7820b23ac0
 Begin Bits: [0x00007f781c073000, 0x00007f781ceeb000)
 End Bits:   [0x00007f781ceeb000, 0x00007f781dd63000)

Polling page: 0x00007f7821769000

CodeCache: size=245760Kb used=4331Kb max_used=4331Kb free=241428Kb
 bounds [0x00007f7809000000, 0x00007f7809440000, 0x00007f7818000000]
 total_blobs=1719 nmethods=1172 adapters=462
 compilation: enabled

Compilation events (10 events):
Event: 17.663 Thread 0x00007f78180b2800 1168       3       sun.java2d.pipe.Region::getIntersection (132 bytes)
Event: 17.664 Thread 0x00007f78180b2800 nmethod 1168 0x00007f7809438c10 code [0x00007f7809438de0, 0x00007f78094395e8]
Event: 17.763 Thread 0x00007f78180b2800 1169       3       sun.dc.DuctusRenderingEngine::feedConsumer (919 bytes)
Event: 17.768 Thread 0x00007f78180b2800 nmethod 1169 0x00007f780943c0d0 code [0x00007f780943c560, 0x00007f780943f018]
Event: 17.963 Thread 0x00007f78180b2800 1170       3       java.awt.Rectangle::translate (197 bytes)
Event: 17.963 Thread 0x00007f78180b2800 nmethod 1170 0x00007f7809438590 code [0x00007f7809438700, 0x00007f7809438b90]
Event: 18.063 Thread 0x00007f78180b2800 1171       1       sun.awt.image.SunVolatileImage::getWidth (5 bytes)
Event: 18.063 Thread 0x00007f78180b2800 nmethod 1171 0x00007f78094382d0 code [0x00007f7809438420, 0x00007f7809438530]
Event: 18.162 Thread 0x00007f78180b2800 1172       1       sun.awt.image.SunVolatileImage::getHeight (5 bytes)
Event: 18.162 Thread 0x00007f78180b2800 nmethod 1172 0x00007f7809438010 code [0x00007f7809438160, 0x00007f7809438270]

GC Heap History (0 events):
No events

Deoptimization events (1 events):
Event: 2.536 Thread 0x00007f77c404f000 Uncommon trap: reason=unreached action=reinterpret pc=0x00007f780923d1ac method=java.util.concurrent.locks.AbstractQueuedSynchronizer.release(I)Z @ 14

Internal exceptions (10 events):
Event: 2.400 Thread 0x00007f7818365000 Exception <a 'java/security/PrivilegedActionException'> (0x00000000ed0d2d18) thrown at [/HUDSON/workspace/8-2-build-linux-amd64/jdk8u20/1074/hotspot/src/share/vm/prims/jvm.cpp, line 1275]
Event: 2.424 Thread 0x00007f7818365000 Exception <a 'java/security/PrivilegedActionException'> (0x00000000ed18f030) thrown at [/HUDSON/workspace/8-2-build-linux-amd64/jdk8u20/1074/hotspot/src/share/vm/prims/jvm.cpp, line 1275]
Event: 2.424 Thread 0x00007f7818365000 Exception <a 'java/security/PrivilegedActionException'> (0x00000000ed192198) thrown at [/HUDSON/workspace/8-2-build-linux-amd64/jdk8u20/1074/hotspot/src/share/vm/prims/jvm.cpp, line 1275]
Event: 2.536 Thread 0x00007f77c404f000 Implicit null exception at 0x00007f780923d144 to 0x00007f780923d19e
Event: 2.625 Thread 0x00007f78182d1800 Exception <a 'java/lang/UnsupportedOperationException': > (0x00000000ed163210) thrown at [/HUDSON/workspace/8-2-build-linux-amd64/jdk8u20/1074/hotspot/src/share/vm/prims/jni.cpp, line 742]
Event: 7.228 Thread 0x00007f78182d1800 Exception <a 'java/security/PrivilegedActionException'> (0x00000000ed2cb4d8) thrown at [/HUDSON/workspace/8-2-build-linux-amd64/jdk8u20/1074/hotspot/src/share/vm/prims/jvm.cpp, line 1275]
Event: 11.160 Thread 0x00007f78182d1800 Exception <a 'java/security/PrivilegedActionException'> (0x00000000ed2dd320) thrown at [/HUDSON/workspace/8-2-build-linux-amd64/jdk8u20/1074/hotspot/src/share/vm/prims/jvm.cpp, line 1275]
Event: 11.161 Thread 0x00007f78182d1800 Exception <a 'java/security/PrivilegedActionException'> (0x00000000ed2e0f00) thrown at [/HUDSON/workspace/8-2-build-linux-amd64/jdk8u20/1074/hotspot/src/share/vm/prims/jvm.cpp, line 1275]
Event: 11.174 Thread 0x00007f77c4d86000 Exception <a 'java/security/PrivilegedActionException'> (0x00000000ed30c790) thrown at [/HUDSON/workspace/8-2-build-linux-amd64/jdk8u20/1074/hotspot/src/share/vm/prims/jvm.cpp, line 1275]
Event: 14.069 Thread 0x00007f78182d1800 Exception <a 'java/security/PrivilegedActionException'> (0x00000000ed5acbd8) thrown at [/HUDSON/workspace/8-2-build-linux-amd64/jdk8u20/1074/hotspot/src/share/vm/prims/jvm.cpp, line 1275]

Events (10 events):
Event: 11.459 Thread 0x00007f77c4d86000 DEOPT PACKING pc=0x00007f780931b5c8 sp=0x00007f77bf757300
Event: 11.459 Thread 0x00007f77c4d86000 DEOPT UNPACKING pc=0x00007f7809046f73 sp=0x00007f77bf757360 mode 0
Event: 11.470 Thread 0x00007f77c4d86000 DEOPT PACKING pc=0x00007f780931b5c8 sp=0x00007f77bf757300
Event: 11.470 Thread 0x00007f77c4d86000 DEOPT UNPACKING pc=0x00007f7809046f73 sp=0x00007f77bf757360 mode 0
Event: 12.000 Thread 0x00007f77c4d86000 DEOPT PACKING pc=0x00007f7809335517 sp=0x00007f77bf757610
Event: 12.000 Thread 0x00007f77c4d86000 DEOPT UNPACKING pc=0x00007f7809046f73 sp=0x00007f77bf757380 mode 0
Event: 14.069 loading class org/g0orx/openhpsdr/Step
Event: 14.069 loading class org/g0orx/openhpsdr/Step done
Event: 17.564 Thread 0x00007f78182d1800 DEOPT PACKING pc=0x00007f780936c301 sp=0x00007f77f81a7f60
Event: 17.564 Thread 0x00007f78182d1800 DEOPT UNPACKING pc=0x00007f7809046f73 sp=0x00007f77f81a7ce8 mode 0


Dynamic libraries:
00400000-00401000 r-xp 00000000 08:06 28579635                           /home/john/jdk1.8.0_20/bin/java
00600000-00601000 rw-p 00000000 08:06 28579635                           /home/john/jdk1.8.0_20/bin/java
007f0000-00811000 rw-p 00000000 00:00 0                                  [heap]
c6200000-c8900000 rw-p 00000000 00:00 0 
c8900000-ecb80000 ---p 00000000 00:00 0 
ecb80000-ede80000 rw-p 00000000 00:00 0 
ede80000-100000000 ---p 00000000 00:00 0 
100000000-100180000 rw-p 00000000 00:00 0 
100180000-140000000 ---p 00000000 00:00 0 
7f779c000000-7f779c021000 rw-p 00000000 00:00 0 
7f779c021000-7f77a0000000 ---p 00000000 00:00 0 
7f77a4000000-7f77a4021000 rw-p 00000000 00:00 0 
7f77a4021000-7f77a8000000 ---p 00000000 00:00 0 
7f77a97fb000-7f77a97fc000 ---p 00000000 00:00 0 
7f77a97fc000-7f77a9ffc000 rw-p 00000000 00:00 0 
7f77a9ffc000-7f77a9ffd000 ---p 00000000 00:00 0 
7f77a9ffd000-7f77aa7fd000 rw-p 00000000 00:00 0                          [stack:5505]
7f77aa7fd000-7f77aa7fe000 ---p 00000000 00:00 0 
7f77aa7fe000-7f77aaffe000 rw-p 00000000 00:00 0                          [stack:5535]
7f77aaffe000-7f77aafff000 ---p 00000000 00:00 0 
7f77aafff000-7f77ab7ff000 rw-p 00000000 00:00 0                          [stack:5291]
7f77ab7ff000-7f77ab800000 ---p 00000000 00:00 0 
7f77ab800000-7f77ac000000 rw-p 00000000 00:00 0                          [stack:5290]
7f77ac000000-7f77ac021000 rw-p 00000000 00:00 0 
7f77ac021000-7f77b0000000 ---p 00000000 00:00 0 
7f77b0000000-7f77b0021000 rw-p 00000000 00:00 0 
7f77b0021000-7f77b4000000 ---p 00000000 00:00 0 
7f77b416a000-7f77b416b000 ---p 00000000 00:00 0 
7f77b416b000-7f77b496b000 rw-p 00000000 00:00 0                          [stack:5287]
7f77b496b000-7f77b496c000 ---p 00000000 00:00 0 
7f77b496c000-7f77b59f2000 rw-p 00000000 00:00 0                          [stack:5286]
7f77b59f2000-7f77b59f3000 ---p 00000000 00:00 0 
7f77b59f3000-7f77b8000000 rw-p 00000000 00:00 0                          [stack:5285]
7f77b8000000-7f77b80a1000 rw-p 00000000 00:00 0 
7f77b80a1000-7f77bc000000 ---p 00000000 00:00 0 
7f77bc0ab000-7f77bc0ae000 ---p 00000000 00:00 0 
7f77bc0ae000-7f77bebbd000 rw-p 00000000 00:00 0                          [stack:5289]
7f77bebbd000-7f77bec15000 r-xp 00000000 08:06 27922299                   /usr/local/lib/libwdspj.so
7f77bec15000-7f77bee14000 ---p 00058000 08:06 27922299                   /usr/local/lib/libwdspj.so
7f77bee14000-7f77bee15000 r--p 00057000 08:06 27922299                   /usr/local/lib/libwdspj.so
7f77bee15000-7f77bee16000 rw-p 00058000 08:06 27922299                   /usr/local/lib/libwdspj.so
7f77bee16000-7f77bee1f000 rw-p 00000000 00:00 0 
7f77bee1f000-7f77bef23000 r-xp 00000000 08:06 27927958                   /usr/local/lib/libfftw3.so.3.3.2
7f77bef23000-7f77bf122000 ---p 00104000 08:06 27927958                   /usr/local/lib/libfftw3.so.3.3.2
7f77bf122000-7f77bf129000 r--p 00103000 08:06 27927958                   /usr/local/lib/libfftw3.so.3.3.2
7f77bf129000-7f77bf12a000 rw-p 0010a000 08:06 27927958                   /usr/local/lib/libfftw3.so.3.3.2
7f77bf12a000-7f77bf12d000 ---p 00000000 00:00 0 
7f77bf12d000-7f77bf32b000 rw-p 00000000 00:00 0                          [stack:5284]
7f77bf32b000-7f77bf42b000 ---p 00000000 00:00 0 
7f77bf42b000-7f77bf455000 r-xp 00000000 08:06 3146423                    /home/john/jdk1.8.0_20/jre/lib/amd64/libdcpr.so
7f77bf455000-7f77bf655000 ---p 0002a000 08:06 3146423                    /home/john/jdk1.8.0_20/jre/lib/amd64/libdcpr.so
7f77bf655000-7f77bf658000 rw-p 0002a000 08:06 3146423                    /home/john/jdk1.8.0_20/jre/lib/amd64/libdcpr.so
7f77bf658000-7f77bf65b000 ---p 00000000 00:00 0 
7f77bf65b000-7f77bf759000 rw-p 00000000 00:00 0                          [stack:5288]
7f77bf759000-7f77bf7c2000 r-xp 00000000 08:06 3146435                    /home/john/jdk1.8.0_20/jre/lib/amd64/libt2k.so
7f77bf7c2000-7f77bf9c1000 ---p 00069000 08:06 3146435                    /home/john/jdk1.8.0_20/jre/lib/amd64/libt2k.so
7f77bf9c1000-7f77bf9c8000 rw-p 00068000 08:06 3146435                    /home/john/jdk1.8.0_20/jre/lib/amd64/libt2k.so
7f77bf9c8000-7f77bfbd8000 rw-p 00000000 00:00 0 
7f77bfbd8000-7f77bfbe9000 r-xp 00000000 08:06 3146470                    /home/john/jdk1.8.0_20/jre/lib/amd64/libnio.so
7f77bfbe9000-7f77bfde8000 ---p 00011000 08:06 3146470                    /home/john/jdk1.8.0_20/jre/lib/amd64/libnio.so
7f77bfde8000-7f77bfde9000 rw-p 00010000 08:06 3146470                    /home/john/jdk1.8.0_20/jre/lib/amd64/libnio.so
7f77bfde9000-7f77bfdff000 r-xp 00000000 08:06 3146467                    /home/john/jdk1.8.0_20/jre/lib/amd64/libnet.so
7f77bfdff000-7f77bffff000 ---p 00016000 08:06 3146467                    /home/john/jdk1.8.0_20/jre/lib/amd64/libnet.so
7f77bffff000-7f77c0000000 rw-p 00016000 08:06 3146467                    /home/john/jdk1.8.0_20/jre/lib/amd64/libnet.so
7f77c0000000-7f77c0021000 rw-p 00000000 00:00 0 
7f77c0021000-7f77c4000000 ---p 00000000 00:00 0 
7f77c4000000-7f77c4df5000 rw-p 00000000 00:00 0 
7f77c4df5000-7f77c8000000 ---p 00000000 00:00 0 
7f77c8000000-7f77c8021000 rw-p 00000000 00:00 0 
7f77c8021000-7f77cc000000 ---p 00000000 00:00 0 
7f77cc000000-7f77cc281000 rw-p 00000000 00:00 0 
7f77cc281000-7f77d0000000 ---p 00000000 00:00 0 
7f77d0000000-7f77d0021000 rw-p 00000000 00:00 0 
7f77d0021000-7f77d4000000 ---p 00000000 00:00 0 
7f77d4000000-7f77d4021000 rw-p 00000000 00:00 0 
7f77d4021000-7f77d8000000 ---p 00000000 00:00 0 
7f77d8000000-7f77d841b000 rw-p 00000000 00:00 0 
7f77d841b000-7f77dc000000 ---p 00000000 00:00 0 
7f77dc000000-7f77dc561000 rw-p 00000000 00:00 0 
7f77dc561000-7f77e0000000 ---p 00000000 00:00 0 
7f77e0000000-7f77e0021000 rw-p 00000000 00:00 0 
7f77e0021000-7f77e4000000 ---p 00000000 00:00 0 
7f77e4000000-7f77e4385000 rw-p 00000000 00:00 0 
7f77e4385000-7f77e8000000 ---p 00000000 00:00 0 
7f77e8000000-7f77e8021000 rw-p 00000000 00:00 0 
7f77e8021000-7f77ec000000 ---p 00000000 00:00 0 
7f77ec000000-7f77ec021000 rw-p 00000000 00:00 0 
7f77ec021000-7f77f0000000 ---p 00000000 00:00 0 
7f77f0000000-7f77f0021000 rw-p 00000000 00:00 0 
7f77f0021000-7f77f4000000 ---p 00000000 00:00 0 
7f77f4000000-7f77f4021000 rw-p 00000000 00:00 0 
7f77f4021000-7f77f8000000 ---p 00000000 00:00 0 
7f77f80ab000-7f77f80ae000 ---p 00000000 00:00 0 
7f77f80ae000-7f77f81ac000 rw-p 00000000 00:00 0                          [stack:5282]
7f77f81ac000-7f77f81af000 ---p 00000000 00:00 0 
7f77f81af000-7f77f82ad000 rw-p 00000000 00:00 0                          [stack:5281]
7f77f82ad000-7f77f82b0000 ---p 00000000 00:00 0 
7f77f82b0000-7f77f83ae000 rw-p 00000000 00:00 0                          [stack:5280]
7f77f83ae000-7f77f83b3000 r-xp 00000000 08:06 27532859                   /usr/lib/x86_64-linux-gnu/libXfixes.so.3.1.0
7f77f83b3000-7f77f85b2000 ---p 00005000 08:06 27532859                   /usr/lib/x86_64-linux-gnu/libXfixes.so.3.1.0
7f77f85b2000-7f77f85b3000 r--p 00004000 08:06 27532859                   /usr/lib/x86_64-linux-gnu/libXfixes.so.3.1.0
7f77f85b3000-7f77f85b4000 rw-p 00005000 08:06 27532859                   /usr/lib/x86_64-linux-gnu/libXfixes.so.3.1.0
7f77f85b4000-7f77f85bd000 r-xp 00000000 08:06 27532851                   /usr/lib/x86_64-linux-gnu/libXcursor.so.1.0.2
7f77f85bd000-7f77f87bc000 ---p 00009000 08:06 27532851                   /usr/lib/x86_64-linux-gnu/libXcursor.so.1.0.2
7f77f87bc000-7f77f87bd000 r--p 00008000 08:06 27532851                   /usr/lib/x86_64-linux-gnu/libXcursor.so.1.0.2
7f77f87bd000-7f77f87be000 rw-p 00009000 08:06 27532851                   /usr/lib/x86_64-linux-gnu/libXcursor.so.1.0.2
7f77f87be000-7f77f87c1000 ---p 00000000 00:00 0 
7f77f87c1000-7f77f88bf000 rw-p 00000000 00:00 0                          [stack:5279]
7f77f88bf000-7f77f88d5000 r-xp 00000000 08:06 14417925                   /lib/x86_64-linux-gnu/libgcc_s.so.1
7f77f88d5000-7f77f8ad4000 ---p 00016000 08:06 14417925                   /lib/x86_64-linux-gnu/libgcc_s.so.1
7f77f8ad4000-7f77f8ad5000 rw-p 00015000 08:06 14417925                   /lib/x86_64-linux-gnu/libgcc_s.so.1
7f77f8ad5000-7f77f8b3a000 r-xp 00000000 08:06 3146452                    /home/john/jdk1.8.0_20/jre/lib/amd64/libfontmanager.so
7f77f8b3a000-7f77f8d39000 ---p 00065000 08:06 3146452                    /home/john/jdk1.8.0_20/jre/lib/amd64/libfontmanager.so
7f77f8d39000-7f77f8d3d000 rw-p 00064000 08:06 3146452                    /home/john/jdk1.8.0_20/jre/lib/amd64/libfontmanager.so
7f77f8d3d000-7f77f8d4e000 rw-p 00000000 00:00 0 
7f77f8d4e000-7f77f8d53000 r-xp 00000000 08:06 27532855                   /usr/lib/x86_64-linux-gnu/libXdmcp.so.6.0.0
7f77f8d53000-7f77f8f52000 ---p 00005000 08:06 27532855                   /usr/lib/x86_64-linux-gnu/libXdmcp.so.6.0.0
7f77f8f52000-7f77f8f53000 r--p 00004000 08:06 27532855                   /usr/lib/x86_64-linux-gnu/libXdmcp.so.6.0.0
7f77f8f53000-7f77f8f54000 rw-p 00005000 08:06 27532855                   /usr/lib/x86_64-linux-gnu/libXdmcp.so.6.0.0
7f77f8f54000-7f77f8f56000 r-xp 00000000 08:06 27532844                   /usr/lib/x86_64-linux-gnu/libXau.so.6.0.0
7f77f8f56000-7f77f9156000 ---p 00002000 08:06 27532844                   /usr/lib/x86_64-linux-gnu/libXau.so.6.0.0
7f77f9156000-7f77f9157000 r--p 00002000 08:06 27532844                   /usr/lib/x86_64-linux-gnu/libXau.so.6.0.0
7f77f9157000-7f77f9158000 rw-p 00003000 08:06 27532844                   /usr/lib/x86_64-linux-gnu/libXau.so.6.0.0
7f77f9158000-7f77f9175000 r-xp 00000000 08:06 27533914                   /usr/lib/x86_64-linux-gnu/libxcb.so.1.1.0
7f77f9175000-7f77f9375000 ---p 0001d000 08:06 27533914                   /usr/lib/x86_64-linux-gnu/libxcb.so.1.1.0
7f77f9375000-7f77f9376000 r--p 0001d000 08:06 27533914                   /usr/lib/x86_64-linux-gnu/libxcb.so.1.1.0
7f77f9376000-7f77f9377000 rw-p 0001e000 08:06 27533914                   /usr/lib/x86_64-linux-gnu/libxcb.so.1.1.0
7f77f9377000-7f77f9386000 r-xp 00000000 08:06 27532865                   /usr/lib/x86_64-linux-gnu/libXi.so.6.1.0
7f77f9386000-7f77f9585000 ---p 0000f000 08:06 27532865                   /usr/lib/x86_64-linux-gnu/libXi.so.6.1.0
7f77f9585000-7f77f9586000 r--p 0000e000 08:06 27532865                   /usr/lib/x86_64-linux-gnu/libXi.so.6.1.0
7f77f9586000-7f77f9587000 rw-p 0000f000 08:06 27532865                   /usr/lib/x86_64-linux-gnu/libXi.so.6.1.0
7f77f9587000-7f77f958c000 r-xp 00000000 08:06 27532885                   /usr/lib/x86_64-linux-gnu/libXtst.so.6.1.0
7f77f958c000-7f77f978b000 ---p 00005000 08:06 27532885                   /usr/lib/x86_64-linux-gnu/libXtst.so.6.1.0
7f77f978b000-7f77f978c000 r--p 00004000 08:06 27532885                   /usr/lib/x86_64-linux-gnu/libXtst.so.6.1.0
7f77f978c000-7f77f978d000 rw-p 00005000 08:06 27532885                   /usr/lib/x86_64-linux-gnu/libXtst.so.6.1.0
7f77f978d000-7f77f9796000 r-xp 00000000 08:06 27532879                   /usr/lib/x86_64-linux-gnu/libXrender.so.1.3.0
7f77f9796000-7f77f9995000 ---p 00009000 08:06 27532879                   /usr/lib/x86_64-linux-gnu/libXrender.so.1.3.0
7f77f9995000-7f77f9996000 r--p 00008000 08:06 27532879                   /usr/lib/x86_64-linux-gnu/libXrender.so.1.3.0
7f77f9996000-7f77f9997000 rw-p 00009000 08:06 27532879                   /usr/lib/x86_64-linux-gnu/libXrender.so.1.3.0
7f77f9997000-7f77f9ac7000 r-xp 00000000 08:06 27532840                   /usr/lib/x86_64-linux-gnu/libX11.so.6.3.0
7f77f9ac7000-7f77f9cc7000 ---p 00130000 08:06 27532840                   /usr/lib/x86_64-linux-gnu/libX11.so.6.3.0
7f77f9cc7000-7f77f9cc8000 r--p 00130000 08:06 27532840                   /usr/lib/x86_64-linux-gnu/libX11.so.6.3.0
7f77f9cc8000-7f77f9ccc000 rw-p 00131000 08:06 27532840                   /usr/lib/x86_64-linux-gnu/libX11.so.6.3.0
7f77f9ccc000-7f77f9cdd000 r-xp 00000000 08:06 27532857                   /usr/lib/x86_64-linux-gnu/libXext.so.6.4.0
7f77f9cdd000-7f77f9edc000 ---p 00011000 08:06 27532857                   /usr/lib/x86_64-linux-gnu/libXext.so.6.4.0
7f77f9edc000-7f77f9edd000 r--p 00010000 08:06 27532857                   /usr/lib/x86_64-linux-gnu/libXext.so.6.4.0
7f77f9edd000-7f77f9ede000 rw-p 00011000 08:06 27532857                   /usr/lib/x86_64-linux-gnu/libXext.so.6.4.0
7f77f9ede000-7f77f9f32000 r-xp 00000000 08:06 3146474                    /home/john/jdk1.8.0_20/jre/lib/amd64/libawt_xawt.so
7f77f9f32000-7f77fa132000 ---p 00054000 08:06 3146474                    /home/john/jdk1.8.0_20/jre/lib/amd64/libawt_xawt.so
7f77fa132000-7f77fa136000 rw-p 00054000 08:06 3146474                    /home/john/jdk1.8.0_20/jre/lib/amd64/libawt_xawt.so
7f77fa136000-7f77fa137000 rw-p 00000000 00:00 0 
7f77fa137000-7f77fa1d9000 r-xp 00000000 08:06 3146460                    /home/john/jdk1.8.0_20/jre/lib/amd64/libawt.so
7f77fa1d9000-7f77fa3d9000 ---p 000a2000 08:06 3146460                    /home/john/jdk1.8.0_20/jre/lib/amd64/libawt.so
7f77fa3d9000-7f77fa3e5000 rw-p 000a2000 08:06 3146460                    /home/john/jdk1.8.0_20/jre/lib/amd64/libawt.so
7f77fa3e5000-7f77fa409000 rw-p 00000000 00:00 0 
7f77fa409000-7f77fa40a000 ---p 00000000 00:00 0 
7f77fa40a000-7f77fa50a000 rw-p 00000000 00:00 0                          [stack:5278]
7f77fa50a000-7f77fa50d000 ---p 00000000 00:00 0 
7f77fa50d000-7f77fa60b000 rw-p 00000000 00:00 0                          [stack:5277]
7f77fa60b000-7f77fa60e000 ---p 00000000 00:00 0 
7f77fa60e000-7f77fa70c000 rw-p 00000000 00:00 0                          [stack:5276]
7f77fa70c000-7f77fa70f000 ---p 00000000 00:00 0 
7f77fa70f000-7f77fa80d000 rw-p 00000000 00:00 0                          [stack:5275]
7f77fa80d000-7f77fa810000 ---p 00000000 00:00 0 
7f77fa810000-7f77fa90e000 rw-p 00000000 00:00 0                          [stack:5274]
7f77fa90e000-7f77fa911000 ---p 00000000 00:00 0 
7f77fa911000-7f77faa0f000 rw-p 00000000 00:00 0                          [stack:5273]
7f77faa0f000-7f77fb0f1000 r--p 00000000 08:06 27531858                   /usr/lib/locale/locale-archive
7f77fb0f1000-7f77fb0f4000 ---p 00000000 00:00 0 
7f77fb0f4000-7f77fb1f2000 rw-p 00000000 00:00 0                          [stack:5272]
7f77fb1f2000-7f77fb1f5000 ---p 00000000 00:00 0 
7f77fb1f5000-7f77fb2f3000 rw-p 00000000 00:00 0                          [stack:5271]
7f77fb2f3000-7f77fb2f4000 ---p 00000000 00:00 0 
7f77fb2f4000-7f77fc000000 rw-p 00000000 00:00 0                          [stack:5270]
7f77fc000000-7f77fc021000 rw-p 00000000 00:00 0 
7f77fc021000-7f7800000000 ---p 00000000 00:00 0 
7f7800000000-7f7800021000 rw-p 00000000 00:00 0 
7f7800021000-7f7804000000 ---p 00000000 00:00 0 
7f7804000000-7f7804021000 rw-p 00000000 00:00 0 
7f7804021000-7f7808000000 ---p 00000000 00:00 0 
7f7808084000-7f78080a0000 r--s 00393000 08:06 3146303                    /home/john/jdk1.8.0_20/jre/lib/ext/cldrdata.jar
7f78080a0000-7f78083e5000 rw-p 00000000 00:00 0 
7f78083e5000-7f78085bb000 r--s 03ca8000 08:06 2885685                    /home/john/jdk1.8.0_20/jre/lib/rt.jar
7f78085bb000-7f7809000000 rw-p 00000000 00:00 0 
7f7809000000-7f7809440000 rwxp 00000000 00:00 0 
7f7809440000-7f7818000000 ---p 00000000 00:00 0 
7f7818000000-7f781853c000 rw-p 00000000 00:00 0 
7f781853c000-7f781c000000 ---p 00000000 00:00 0 
7f781c002000-7f781c006000 rw-s 00000000 00:04 1023279118                 /SYSV00000000 (deleted)
7f781c006000-7f781c010000 r--s 00116000 08:06 3146309                    /home/john/jdk1.8.0_20/jre/lib/ext/localedata.jar
7f781c010000-7f781dd63000 rw-p 00000000 00:00 0 
7f781dd63000-7f781dd64000 ---p 00000000 00:00 0 
7f781dd64000-7f781de64000 rw-p 00000000 00:00 0                          [stack:5269]
7f781de64000-7f781de65000 ---p 00000000 00:00 0 
7f781de65000-7f781df65000 rw-p 00000000 00:00 0                          [stack:5268]
7f781df65000-7f781df66000 ---p 00000000 00:00 0 
7f781df66000-7f781e066000 rw-p 00000000 00:00 0                          [stack:5266]
7f781e066000-7f781e067000 ---p 00000000 00:00 0 
7f781e067000-7f781e17b000 rw-p 00000000 00:00 0                          [stack:5265]
7f781e17b000-7f781e29c000 ---p 00000000 00:00 0 
7f781e29c000-7f781e2b0000 rw-p 00000000 00:00 0 
7f781e2b0000-7f781e3d0000 ---p 00000000 00:00 0 
7f781e3d0000-7f781e3db000 rw-p 00000000 00:00 0 
7f781e3db000-7f781e46b000 ---p 00000000 00:00 0 
7f781e46b000-7f781e47d000 rw-p 00000000 00:00 0 
7f781e47d000-7f781e82c000 ---p 00000000 00:00 0 
7f781e82c000-7f781e846000 r-xp 00000000 08:06 3146463                    /home/john/jdk1.8.0_20/jre/lib/amd64/libzip.so
7f781e846000-7f781ea46000 ---p 0001a000 08:06 3146463                    /home/john/jdk1.8.0_20/jre/lib/amd64/libzip.so
7f781ea46000-7f781ea47000 rw-p 0001a000 08:06 3146463                    /home/john/jdk1.8.0_20/jre/lib/amd64/libzip.so
7f781ea47000-7f781ea52000 r-xp 00000000 08:06 14423904                   /lib/x86_64-linux-gnu/libnss_files-2.19.so
7f781ea52000-7f781ec51000 ---p 0000b000 08:06 14423904                   /lib/x86_64-linux-gnu/libnss_files-2.19.so
7f781ec51000-7f781ec52000 r--p 0000a000 08:06 14423904                   /lib/x86_64-linux-gnu/libnss_files-2.19.so
7f781ec52000-7f781ec53000 rw-p 0000b000 08:06 14423904                   /lib/x86_64-linux-gnu/libnss_files-2.19.so
7f781ec53000-7f781ec5e000 r-xp 00000000 08:06 14425471                   /lib/x86_64-linux-gnu/libnss_nis-2.19.so
7f781ec5e000-7f781ee5d000 ---p 0000b000 08:06 14425471                   /lib/x86_64-linux-gnu/libnss_nis-2.19.so
7f781ee5d000-7f781ee5e000 r--p 0000a000 08:06 14425471                   /lib/x86_64-linux-gnu/libnss_nis-2.19.so
7f781ee5e000-7f781ee5f000 rw-p 0000b000 08:06 14425471                   /lib/x86_64-linux-gnu/libnss_nis-2.19.so
7f781ee5f000-7f781ee76000 r-xp 00000000 08:06 14425460                   /lib/x86_64-linux-gnu/libnsl-2.19.so
7f781ee76000-7f781f075000 ---p 00017000 08:06 14425460                   /lib/x86_64-linux-gnu/libnsl-2.19.so
7f781f075000-7f781f076000 r--p 00016000 08:06 14425460                   /lib/x86_64-linux-gnu/libnsl-2.19.so
7f781f076000-7f781f077000 rw-p 00017000 08:06 14425460                   /lib/x86_64-linux-gnu/libnsl-2.19.so
7f781f077000-7f781f079000 rw-p 00000000 00:00 0 
7f781f079000-7f781f082000 r-xp 00000000 08:06 14425459                   /lib/x86_64-linux-gnu/libnss_compat-2.19.so
7f781f082000-7f781f281000 ---p 00009000 08:06 14425459                   /lib/x86_64-linux-gnu/libnss_compat-2.19.so
7f781f281000-7f781f282000 r--p 00008000 08:06 14425459                   /lib/x86_64-linux-gnu/libnss_compat-2.19.so
7f781f282000-7f781f283000 rw-p 00009000 08:06 14425459                   /lib/x86_64-linux-gnu/libnss_compat-2.19.so
7f781f283000-7f781f2ad000 r-xp 00000000 08:06 3146458                    /home/john/jdk1.8.0_20/jre/lib/amd64/libjava.so
7f781f2ad000-7f781f4ad000 ---p 0002a000 08:06 3146458                    /home/john/jdk1.8.0_20/jre/lib/amd64/libjava.so
7f781f4ad000-7f781f4af000 rw-p 0002a000 08:06 3146458                    /home/john/jdk1.8.0_20/jre/lib/amd64/libjava.so
7f781f4af000-7f781f4bc000 r-xp 00000000 08:06 3146462                    /home/john/jdk1.8.0_20/jre/lib/amd64/libverify.so
7f781f4bc000-7f781f6bc000 ---p 0000d000 08:06 3146462                    /home/john/jdk1.8.0_20/jre/lib/amd64/libverify.so
7f781f6bc000-7f781f6be000 rw-p 0000d000 08:06 3146462                    /home/john/jdk1.8.0_20/jre/lib/amd64/libverify.so
7f781f6be000-7f781f6c5000 r-xp 00000000 08:06 14425468                   /lib/x86_64-linux-gnu/librt-2.19.so
7f781f6c5000-7f781f8c4000 ---p 00007000 08:06 14425468                   /lib/x86_64-linux-gnu/librt-2.19.so
7f781f8c4000-7f781f8c5000 r--p 00006000 08:06 14425468                   /lib/x86_64-linux-gnu/librt-2.19.so
7f781f8c5000-7f781f8c6000 rw-p 00007000 08:06 14425468                   /lib/x86_64-linux-gnu/librt-2.19.so
7f781f8c6000-7f781f9cb000 r-xp 00000000 08:06 14423902                   /lib/x86_64-linux-gnu/libm-2.19.so
7f781f9cb000-7f781fbca000 ---p 00105000 08:06 14423902                   /lib/x86_64-linux-gnu/libm-2.19.so
7f781fbca000-7f781fbcb000 r--p 00104000 08:06 14423902                   /lib/x86_64-linux-gnu/libm-2.19.so
7f781fbcb000-7f781fbcc000 rw-p 00105000 08:06 14423902                   /lib/x86_64-linux-gnu/libm-2.19.so
7f781fbcc000-7f7820836000 r-xp 00000000 08:06 3146444                    /home/john/jdk1.8.0_20/jre/lib/amd64/server/libjvm.so
7f7820836000-7f7820a35000 ---p 00c6a000 08:06 3146444                    /home/john/jdk1.8.0_20/jre/lib/amd64/server/libjvm.so
7f7820a35000-7f7820b0c000 rw-p 00c69000 08:06 3146444                    /home/john/jdk1.8.0_20/jre/lib/amd64/server/libjvm.so
7f7820b0c000-7f7820b4e000 rw-p 00000000 00:00 0 
7f7820b4e000-7f7820d09000 r-xp 00000000 08:06 14425465                   /lib/x86_64-linux-gnu/libc-2.19.so
7f7820d09000-7f7820f08000 ---p 001bb000 08:06 14425465                   /lib/x86_64-linux-gnu/libc-2.19.so
7f7820f08000-7f7820f0c000 r--p 001ba000 08:06 14425465                   /lib/x86_64-linux-gnu/libc-2.19.so
7f7820f0c000-7f7820f0e000 rw-p 001be000 08:06 14425465                   /lib/x86_64-linux-gnu/libc-2.19.so
7f7820f0e000-7f7820f13000 rw-p 00000000 00:00 0 
7f7820f13000-7f7820f16000 r-xp 00000000 08:06 14425454                   /lib/x86_64-linux-gnu/libdl-2.19.so
7f7820f16000-7f7821115000 ---p 00003000 08:06 14425454                   /lib/x86_64-linux-gnu/libdl-2.19.so
7f7821115000-7f7821116000 r--p 00002000 08:06 14425454                   /lib/x86_64-linux-gnu/libdl-2.19.so
7f7821116000-7f7821117000 rw-p 00003000 08:06 14425454                   /lib/x86_64-linux-gnu/libdl-2.19.so
7f7821117000-7f782112c000 r-xp 00000000 08:06 2885489                    /home/john/jdk1.8.0_20/lib/amd64/jli/libjli.so
7f782112c000-7f782132b000 ---p 00015000 08:06 2885489                    /home/john/jdk1.8.0_20/lib/amd64/jli/libjli.so
7f782132b000-7f782132c000 rw-p 00014000 08:06 2885489                    /home/john/jdk1.8.0_20/lib/amd64/jli/libjli.so
7f782132c000-7f7821345000 r-xp 00000000 08:06 14425466                   /lib/x86_64-linux-gnu/libpthread-2.19.so
7f7821345000-7f7821544000 ---p 00019000 08:06 14425466                   /lib/x86_64-linux-gnu/libpthread-2.19.so
7f7821544000-7f7821545000 r--p 00018000 08:06 14425466                   /lib/x86_64-linux-gnu/libpthread-2.19.so
7f7821545000-7f7821546000 rw-p 00019000 08:06 14425466                   /lib/x86_64-linux-gnu/libpthread-2.19.so
7f7821546000-7f782154a000 rw-p 00000000 00:00 0 
7f782154a000-7f782156d000 r-xp 00000000 08:06 14425462                   /lib/x86_64-linux-gnu/ld-2.19.so
7f7821570000-7f7821571000 r--p 00000000 08:06 664782                     /usr/share/locale-langpack/en_GB/LC_MESSAGES/libc.mo
7f7821571000-7f7821643000 rw-p 00000000 00:00 0 
7f7821643000-7f7821646000 ---p 00000000 00:00 0 
7f7821646000-7f7821748000 rw-p 00000000 00:00 0                          [stack:5264]
7f7821748000-7f782174d000 r--s 002f8000 08:06 2885683                    /home/john/jdk1.8.0_20/jre/lib/charsets.jar
7f782174d000-7f7821760000 rw-p 00000000 00:00 0 
7f7821760000-7f7821768000 rw-s 00000000 08:06 24117542                   /tmp/hsperfdata_john/5261
7f7821768000-7f7821769000 rw-p 00000000 00:00 0 
7f7821769000-7f782176a000 r--p 00000000 00:00 0 
7f782176a000-7f782176c000 rw-p 00000000 00:00 0 
7f782176c000-7f782176d000 r--p 00022000 08:06 14425462                   /lib/x86_64-linux-gnu/ld-2.19.so
7f782176d000-7f782176e000 rw-p 00023000 08:06 14425462                   /lib/x86_64-linux-gnu/ld-2.19.so
7f782176e000-7f782176f000 rw-p 00000000 00:00 0 
7fffc695e000-7fffc697f000 rw-p 00000000 00:00 0                          [stack]
7fffc69f5000-7fffc69f7000 r-xp 00000000 00:00 0                          [vdso]
ffffffffff600000-ffffffffff601000 r-xp 00000000 00:00 0                  [vsyscall]

VM Arguments:
jvm_args: -Dfile.encoding=UTF-8 -Djava.library.path=/usr/local/lib 
java_command: org.g0orx.openhpsdr.OpenHPSDRJ
java_class_path (initial): /home/john/NetBeansProjects/openHPSDRJ/build/classes
Launcher Type: SUN_STANDARD

Environment Variables:
PATH=/usr/local/sbin:/usr/local/bin:/usr/sbin:/usr/bin:/sbin:/bin:/usr/games:/usr/local/games
LD_LIBRARY_PATH=/home/john/jdk1.8.0_20/jre/lib/amd64:/home/john/jdk1.8.0_20/jre/lib/i386:
SHELL=/bin/bash
DISPLAY=:0.0

Signal Handlers:
SIGSEGV: [libjvm.so+0xa77530], sa_mask[0]=11111111011111111101111111111110, sa_flags=SA_RESTART|SA_SIGINFO
SIGBUS: [libjvm.so+0xa77530], sa_mask[0]=11111111011111111101111111111110, sa_flags=SA_RESTART|SA_SIGINFO
SIGFPE: [libjvm.so+0x8e1d90], sa_mask[0]=11111111011111111101111111111110, sa_flags=SA_RESTART|SA_SIGINFO
SIGPIPE: [libjvm.so+0x8e1d90], sa_mask[0]=11111111011111111101111111111110, sa_flags=SA_RESTART|SA_SIGINFO
SIGXFSZ: [libjvm.so+0x8e1d90], sa_mask[0]=11111111011111111101111111111110, sa_flags=SA_RESTART|SA_SIGINFO
SIGILL: [libjvm.so+0x8e1d90], sa_mask[0]=11111111011111111101111111111110, sa_flags=SA_RESTART|SA_SIGINFO
SIGUSR1: SIG_DFL, sa_mask[0]=00000000000000000000000000000000, sa_flags=none
SIGUSR2: [libjvm.so+0x8e35c0], sa_mask[0]=00100000000000000000000000000000, sa_flags=SA_RESTART|SA_SIGINFO
SIGHUP: [libjvm.so+0x8e4980], sa_mask[0]=11111111011111111101111111111110, sa_flags=SA_RESTART|SA_SIGINFO
SIGINT: SIG_IGN, sa_mask[0]=00000000000000000000000000000000, sa_flags=none
SIGTERM: [libjvm.so+0x8e4980], sa_mask[0]=11111111011111111101111111111110, sa_flags=SA_RESTART|SA_SIGINFO
SIGQUIT: [libjvm.so+0x8e4980], sa_mask[0]=11111111011111111101111111111110, sa_flags=SA_RESTART|SA_SIGINFO


---------------  S Y S T E M  ---------------

OS:DISTRIB_ID=Ubuntu
DISTRIB_RELEASE=14.04
DISTRIB_CODENAME=trusty
DISTRIB_DESCRIPTION="Ubuntu 14.04.2 LTS"

uname:Linux 3.13.0-46-generic #79-Ubuntu SMP Tue Mar 10 20:06:50 UTC 2015 x86_64
libc:glibc 2.19 NPTL 2.19 
rlimit: STACK 8192k, CORE 0k, NPROC 29404, NOFILE 4096, AS infinity
load average:0.46 0.47 0.50

/proc/meminfo:
MemTotal:        3785356 kB
MemFree:          135804 kB
Buffers:          121540 kB
Cached:           693548 kB
SwapCached:        30420 kB
Active:          2421828 kB
Inactive:         868976 kB
Active(anon):    2139052 kB
Inactive(anon):   685556 kB
Active(file):     282776 kB
Inactive(file):   183420 kB
Unevictable:          64 kB
Mlocked:              64 kB
SwapTotal:       3926012 kB
SwapFree:        3592164 kB
Dirty:               172 kB
Writeback:             0 kB
AnonPages:       2458356 kB
Mapped:           117060 kB
Shmem:            348892 kB
Slab:             266868 kB
SReclaimable:     233464 kB
SUnreclaim:        33404 kB
KernelStack:        4216 kB
PageTables:        33256 kB
NFS_Unstable:          0 kB
Bounce:                0 kB
WritebackTmp:          0 kB
CommitLimit:     5818688 kB
Committed_AS:    6270692 kB
VmallocTotal:   34359738367 kB
VmallocUsed:      351548 kB
VmallocChunk:   34359377680 kB
HardwareCorrupted:     0 kB
AnonHugePages:    495616 kB
HugePages_Total:       0
HugePages_Free:        0
HugePages_Rsvd:        0
HugePages_Surp:        0
Hugepagesize:       2048 kB
DirectMap4k:       79744 kB
DirectMap2M:     3848192 kB


CPU:total 4 (2 cores per cpu, 2 threads per core) family 6 model 37 stepping 2, cmov, cx8, fxsr, mmx, sse, sse2, sse3, ssse3, sse4.1, sse4.2, popcnt, aes, clmul, ht, tsc, tscinvbit

/proc/cpuinfo:
processor	: 0
vendor_id	: GenuineIntel
cpu family	: 6
model		: 37
model name	: Intel(R) Core(TM) i5 CPU         650  @ 3.20GHz
stepping	: 2
microcode	: 0x9
cpu MHz		: 3193.000
cache size	: 4096 KB
physical id	: 0
siblings	: 4
core id		: 0
cpu cores	: 2
apicid		: 0
initial apicid	: 0
fpu		: yes
fpu_exception	: yes
cpuid level	: 11
wp		: yes
flags		: fpu vme de pse tsc msr pae mce cx8 apic sep mtrr pge mca cmov pat pse36 clflush dts acpi mmx fxsr sse sse2 ss ht tm pbe syscall nx rdtscp lm constant_tsc arch_perfmon pebs bts rep_good nopl xtopology nonstop_tsc aperfmperf pni pclmulqdq dtes64 monitor ds_cpl vmx smx est tm2 ssse3 cx16 xtpr pdcm sse4_1 sse4_2 popcnt aes lahf_lm ida arat dtherm tpr_shadow vnmi flexpriority ept vpid
bogomips	: 6400.38
clflush size	: 64
cache_alignment	: 64
address sizes	: 36 bits physical, 48 bits virtual
power management:

processor	: 1
vendor_id	: GenuineIntel
cpu family	: 6
model		: 37
model name	: Intel(R) Core(TM) i5 CPU         650  @ 3.20GHz
stepping	: 2
microcode	: 0x9
cpu MHz		: 1729.000
cache size	: 4096 KB
physical id	: 0
siblings	: 4
core id		: 2
cpu cores	: 2
apicid		: 4
initial apicid	: 4
fpu		: yes
fpu_exception	: yes
cpuid level	: 11
wp		: yes
flags		: fpu vme de pse tsc msr pae mce cx8 apic sep mtrr pge mca cmov pat pse36 clflush dts acpi mmx fxsr sse sse2 ss ht tm pbe syscall nx rdtscp lm constant_tsc arch_perfmon pebs bts rep_good nopl xtopology nonstop_tsc aperfmperf pni pclmulqdq dtes64 monitor ds_cpl vmx smx est tm2 ssse3 cx16 xtpr pdcm sse4_1 sse4_2 popcnt aes lahf_lm ida arat dtherm tpr_shadow vnmi flexpriority ept vpid
bogomips	: 6400.38
clflush size	: 64
cache_alignment	: 64
address sizes	: 36 bits physical, 48 bits virtual
power management:

processor	: 2
vendor_id	: GenuineIntel
cpu family	: 6
model		: 37
model name	: Intel(R) Core(TM) i5 CPU         650  @ 3.20GHz
stepping	: 2
microcode	: 0x9
cpu MHz		: 2394.000
cache size	: 4096 KB
physical id	: 0
siblings	: 4
core id		: 0
cpu cores	: 2
apicid		: 1
initial apicid	: 1
fpu		: yes
fpu_exception	: yes
cpuid level	: 11
wp		: yes
flags		: fpu vme de pse tsc msr pae mce cx8 apic sep mtrr pge mca cmov pat pse36 clflush dts acpi mmx fxsr sse sse2 ss ht tm pbe syscall nx rdtscp lm constant_tsc arch_perfmon pebs bts rep_good nopl xtopology nonstop_tsc aperfmperf pni pclmulqdq dtes64 monitor ds_cpl vmx smx est tm2 ssse3 cx16 xtpr pdcm sse4_1 sse4_2 popcnt aes lahf_lm ida arat dtherm tpr_shadow vnmi flexpriority ept vpid
bogomips	: 6400.38
clflush size	: 64
cache_alignment	: 64
address sizes	: 36 bits physical, 48 bits virtual
power management:

processor	: 3
vendor_id	: GenuineIntel
cpu family	: 6
model		: 37
model name	: Intel(R) Core(TM) i5 CPU         650  @ 3.20GHz
stepping	: 2
microcode	: 0x9
cpu MHz		: 3193.000
cache size	: 4096 KB
physical id	: 0
siblings	: 4
core id		: 2
cpu cores	: 2
apicid		: 5
initial apicid	: 5
fpu		: yes
fpu_exception	: yes
cpuid level	: 11
wp		: yes
flags		: fpu vme de pse tsc msr pae mce cx8 apic sep mtrr pge mca cmov pat pse36 clflush dts acpi mmx fxsr sse sse2 ss ht tm pbe syscall nx rdtscp lm constant_tsc arch_perfmon pebs bts rep_good nopl xtopology nonstop_tsc aperfmperf pni pclmulqdq dtes64 monitor ds_cpl vmx smx est tm2 ssse3 cx16 xtpr pdcm sse4_1 sse4_2 popcnt aes lahf_lm ida arat dtherm tpr_shadow vnmi flexpriority ept vpid
bogomips	: 6400.38
clflush size	: 64
cache_alignment	: 64
address sizes	: 36 bits physical, 48 bits virtual
power management:



Memory: 4k page, physical 3785356k(135804k free), swap 3926012k(3592164k free)

vm_info: Java HotSpot(TM) 64-Bit Server VM (25.20-b23) for linux-amd64 JRE (1.8.0_20-b26), built on Jul 30 2014 13:13:52 by "java_re" with gcc 4.3.0 20080428 (Red Hat 4.3.0-8)

time: Tue Mar 24 11:55:18 2015
elapsed time: 19 seconds (0d 0h 0m 19s)

