#
# A fatal error has been detected by the Java Runtime Environment:
#
#  SIGFPE (0x8) at pc=0x00007f5ef55fd331, pid=1467, tid=140045842511616
#
# JRE version: Java(TM) SE Runtime Environment (8.0_20-b26) (build 1.8.0_20-b26)
# Java VM: Java HotSpot(TM) 64-Bit Server VM (25.20-b23 mixed mode linux-amd64 compressed oops)
# Problematic frame:
# C  [libwdspj.so+0x21331]  pre_main_build+0x31c
#
# Failed to write core dump. Core dumps have been disabled. To enable core dumping, try "ulimit -c unlimited" before starting Java again
#
# If you would like to submit a bug report, please visit:
#   http://bugreport.sun.com/bugreport/crash.jsp
# The crash happened outside the Java Virtual Machine in native code.
# See problematic frame for where to report the bug.
#

---------------  T H R E A D  ---------------

Current thread (0x00007f5f3c21b800):  JavaThread "AWT-EventQueue-0" [_thread_in_native, id=1507, stack(0x00007f5ef6a1f000,0x00007f5ef6b20000)]

siginfo: si_signo: 8 (SIGFPE), si_code: 1 (FPE_INTDIV), si_addr: 0x00007f5ef55fd331

Registers:
RAX=0x000000000000bb80, RBX=0x0000000000000000, RCX=0x0000000000000400, RDX=0x0000000000000000
RSP=0x00007f5ef6b1be90, RBP=0x00007f5ef6b1beb0, RSI=0x000000000000bb80, RDI=0x00007f5ef5834c40
R8 =0x000000000000bb80, R9 =0x0000000000000000, R10=0x00007f5ef6b1bc80, R11=0x00007f5ef55fd015
R12=0x0000000000000000, R13=0x00007f5f2ceaeef8, R14=0x00007f5ef6b1c130, R15=0x00007f5f3c21b800
RIP=0x00007f5ef55fd331, EFLAGS=0x0000000000010206, CSGSFS=0x0000000000000033, ERR=0x0000000000000000
  TRAPNO=0x0000000000000000

Top of Stack: (sp=0x00007f5ef6b1be90)
0x00007f5ef6b1be90:   0000000000000000 000000000000bb80
0x00007f5ef6b1bea0:   0000000000000000 000000000000bb80
0x00007f5ef6b1beb0:   00007f5ef6b1bed0 00007f5ef55fd646
0x00007f5ef6b1bec0:   0000000000000000 00000000dc054850
0x00007f5ef6b1bed0:   00007f5ef6b1bf20 00007f5ef55fd8b9
0x00007f5ef6b1bee0:   3f847ae147ae147b 3f847ae147ae147b
0x00007f5ef6b1bef0:   0000000000000000 3f9999999999999a
0x00007f5ef6b1bf00:   3f847ae147ae147b 0000bb8000000000
0x00007f5ef6b1bf10:   000004000000bb80 0000000000000400
0x00007f5ef6b1bf20:   00007f5ef6b1bfa0 00007f5ef562676d
0x00007f5ef6b1bf30:   00007f5f00000000 00007f5e00000001
0x00007f5ef6b1bf40:   0000000000000000 3f847ae147ae147b
0x00007f5ef6b1bf50:   3f847ae147ae147b 0000000000000000
0x00007f5ef6b1bf60:   3f9999999999999a 3f847ae147ae147b
0x00007f5ef6b1bf70:   000004000000bb80 0000000000000400
0x00007f5ef6b1bf80:   00007f5ef6b1c130 00007f5f3c21b9e8
0x00007f5ef6b1bf90:   00007f5ef6b1c088 00007f5f2ceaeef8
0x00007f5ef6b1bfa0:   00007f5ef6b1c088 00007f5f2d0134d4
0x00007f5ef6b1bfb0:   000000000000bb80 0000000000000000
0x00007f5ef6b1bfc0:   0000000000000000 0000000000000001
0x00007f5ef6b1bfd0:   0000000000000000 00007f5f2ceaeef8
0x00007f5ef6b1bfe0:   00007f5f3c21b800 00007f5f2ceb2160
0x00007f5ef6b1bff0:   00007f5ef6b1c030 00007f5f42c0505f
0x00007f5ef6b1c000:   00007f5f3c21b800 00007f5f3c21b800
0x00007f5ef6b1c010:   00007f5f3c21b800 00007f5f00000000
0x00007f5ef6b1c020:   00007f5f2ceaeef8 0000000000000000
0x00007f5ef6b1c030:   00007f5ef6b1c088 00007f5f2d013267
0x00007f5ef6b1c040:   00007f5f2d013222 00007f5ef6b1c048
0x00007f5ef6b1c050:   00007f5f2ceaeef8 00007f5ef6b1c130
0x00007f5ef6b1c060:   00007f5f2ceb2018 0000000000000000
0x00007f5ef6b1c070:   00007f5f2ceaeef8 0000000000000000
0x00007f5ef6b1c080:   00007f5ef6b1c0a8 00007f5ef6b1c178 

Instructions: (pc=0x00007f5ef55fd331)
0x00007f5ef55fd311:   ec 48 98 48 c1 e0 05 48 8d 14 c5 00 00 00 00 48
0x00007f5ef55fd321:   29 c2 48 8d 04 17 48 83 c0 10 8b 58 0c 89 f0 99
0x00007f5ef55fd331:   f7 fb 89 c3 89 c8 99 f7 fb 89 c1 48 8b 35 2d 6c
0x00007f5ef55fd341:   23 00 8b 45 ec 48 98 48 c1 e0 05 48 8d 14 c5 00 

Register to memory mapping:

RAX=0x000000000000bb80 is an unknown value
RBX=0x0000000000000000 is an unknown value
RCX=0x0000000000000400 is an unknown value
RDX=0x0000000000000000 is an unknown value
RSP=0x00007f5ef6b1be90 is pointing into the stack for thread: 0x00007f5f3c21b800
RBP=0x00007f5ef6b1beb0 is pointing into the stack for thread: 0x00007f5f3c21b800
RSI=0x000000000000bb80 is an unknown value
RDI=0x00007f5ef5834c40: ch+0 in /usr/local/lib/libwdspj.so at 0x00007f5ef55dc000
R8 =0x000000000000bb80 is an unknown value
R9 =0x0000000000000000 is an unknown value
R10=0x00007f5ef6b1bc80 is pointing into the stack for thread: 0x00007f5f3c21b800
R11=0x00007f5ef55fd015: pre_main_build+0 in /usr/local/lib/libwdspj.so at 0x00007f5ef55dc000
R12=0x0000000000000000 is an unknown value
R13={method} {0x00007f5f2ceaeef8} 'OpenChannel' '(IIIIIIIIDDDDI)V' in 'org/g0orx/openhpsdr/wdsp/WDSP'
R14=0x00007f5ef6b1c130 is pointing into the stack for thread: 0x00007f5f3c21b800
R15=0x00007f5f3c21b800 is a thread


Stack: [0x00007f5ef6a1f000,0x00007f5ef6b20000],  sp=0x00007f5ef6b1be90,  free space=1011k
Native frames: (J=compiled Java code, j=interpreted, Vv=VM code, C=native code)
C  [libwdspj.so+0x21331]  pre_main_build+0x31c
C  [libwdspj.so+0x21646]  build_channel+0x15
C  [libwdspj.so+0x218b9]  OpenChannel+0x25d
C  [libwdspj.so+0x4a76d]  Java_org_g0orx_openhpsdr_wdsp_WDSP_OpenChannel+0xa4
j  org.g0orx.openhpsdr.wdsp.WDSP.OpenChannel(IIIIIIIIDDDDI)V+0
j  org.g0orx.openhpsdr.Radio.start()V+295
j  org.g0orx.openhpsdr.Radio.jButtonStartActionPerformed(Ljava/awt/event/ActionEvent;)V+8
j  org.g0orx.openhpsdr.Radio.access$300(Lorg/g0orx/openhpsdr/Radio;Ljava/awt/event/ActionEvent;)V+2
j  org.g0orx.openhpsdr.Radio$4.actionPerformed(Ljava/awt/event/ActionEvent;)V+5
j  javax.swing.AbstractButton.fireActionPerformed(Ljava/awt/event/ActionEvent;)V+83
j  javax.swing.AbstractButton$Handler.actionPerformed(Ljava/awt/event/ActionEvent;)V+5
j  javax.swing.DefaultButtonModel.fireActionPerformed(Ljava/awt/event/ActionEvent;)V+34
j  javax.swing.DefaultButtonModel.setPressed(Z)V+117
j  javax.swing.plaf.basic.BasicButtonListener.mouseReleased(Ljava/awt/event/MouseEvent;)V+35
j  java.awt.Component.processMouseEvent(Ljava/awt/event/MouseEvent;)V+64
j  javax.swing.JComponent.processMouseEvent(Ljava/awt/event/MouseEvent;)V+23
j  java.awt.Component.processEvent(Ljava/awt/AWTEvent;)V+81
j  java.awt.Container.processEvent(Ljava/awt/AWTEvent;)V+18
J 849 C1 java.awt.Component.dispatchEventImpl(Ljava/awt/AWTEvent;)V (883 bytes) @ 0x00007f5f2d30e3ac [0x00007f5f2d308f20+0x548c]
J 764 C1 java.awt.Container.dispatchEventImpl(Ljava/awt/AWTEvent;)V (129 bytes) @ 0x00007f5f2d28dfe4 [0x00007f5f2d28dea0+0x144]
J 854 C1 java.awt.LightweightDispatcher.retargetMouseEvent(Ljava/awt/Component;ILjava/awt/event/MouseEvent;)V (350 bytes) @ 0x00007f5f2d3170bc [0x00007f5f2d314b00+0x25bc]
j  java.awt.LightweightDispatcher.processMouseEvent(Ljava/awt/event/MouseEvent;)Z+143
j  java.awt.LightweightDispatcher.dispatchEvent(Ljava/awt/AWTEvent;)Z+50
J 764 C1 java.awt.Container.dispatchEventImpl(Ljava/awt/AWTEvent;)V (129 bytes) @ 0x00007f5f2d28df84 [0x00007f5f2d28dea0+0xe4]
J 843 C1 java.awt.Window.dispatchEventImpl(Ljava/awt/AWTEvent;)V (23 bytes) @ 0x00007f5f2d2fce04 [0x00007f5f2d2fc820+0x5e4]
J 763 C1 java.awt.Component.dispatchEvent(Ljava/awt/AWTEvent;)V (6 bytes) @ 0x00007f5f2d28af04 [0x00007f5f2d28ae00+0x104]
j  java.awt.EventQueue.dispatchEventImpl(Ljava/awt/AWTEvent;Ljava/lang/Object;)V+41
j  java.awt.EventQueue.access$400(Ljava/awt/EventQueue;Ljava/awt/AWTEvent;Ljava/lang/Object;)V+3
j  java.awt.EventQueue$3.run()Ljava/lang/Void;+32
j  java.awt.EventQueue$3.run()Ljava/lang/Object;+1
v  ~StubRoutines::call_stub
V  [libjvm.so+0x663ce6]  JavaCalls::call_helper(JavaValue*, methodHandle*, JavaCallArguments*, Thread*)+0x1056
V  [libjvm.so+0x6f7d7c]  JVM_DoPrivileged+0x27c
J 662  java.security.AccessController.doPrivileged(Ljava/security/PrivilegedAction;Ljava/security/AccessControlContext;)Ljava/lang/Object; (0 bytes) @ 0x00007f5f2d256d15 [0x00007f5f2d256c40+0xd5]
J 668 C1 java.security.ProtectionDomain$1.doIntersectionPrivilege(Ljava/security/PrivilegedAction;Ljava/security/AccessControlContext;Ljava/security/AccessControlContext;)Ljava/lang/Object; (32 bytes) @ 0x00007f5f2d25fb3c [0x00007f5f2d25f840+0x2fc]
J 846 C1 java.awt.EventQueue$4.run()Ljava/lang/Object; (5 bytes) @ 0x00007f5f2d2ff494 [0x00007f5f2d2ff0a0+0x3f4]
v  ~StubRoutines::call_stub
V  [libjvm.so+0x663ce6]  JavaCalls::call_helper(JavaValue*, methodHandle*, JavaCallArguments*, Thread*)+0x1056
V  [libjvm.so+0x6f7d7c]  JVM_DoPrivileged+0x27c
J 662  java.security.AccessController.doPrivileged(Ljava/security/PrivilegedAction;Ljava/security/AccessControlContext;)Ljava/lang/Object; (0 bytes) @ 0x00007f5f2d256d15 [0x00007f5f2d256c40+0xd5]
J 808 C1 java.awt.EventQueue.dispatchEvent(Ljava/awt/AWTEvent;)V (80 bytes) @ 0x00007f5f2d2c7454 [0x00007f5f2d2c67a0+0xcb4]
J 817 C1 java.awt.EventDispatchThread.pumpOneEventForFilters(I)V (295 bytes) @ 0x00007f5f2d2d094c [0x00007f5f2d2cee00+0x1b4c]
j  java.awt.EventDispatchThread.pumpEventsForFilter(ILjava/awt/Conditional;Ljava/awt/EventFilter;)V+35
j  java.awt.EventDispatchThread.pumpEventsForHierarchy(ILjava/awt/Conditional;Ljava/awt/Component;)V+11
j  java.awt.EventDispatchThread.pumpEvents(ILjava/awt/Conditional;)V+4
j  java.awt.EventDispatchThread.pumpEvents(Ljava/awt/Conditional;)V+3
j  java.awt.EventDispatchThread.run()V+9
v  ~StubRoutines::call_stub
V  [libjvm.so+0x663ce6]  JavaCalls::call_helper(JavaValue*, methodHandle*, JavaCallArguments*, Thread*)+0x1056
V  [libjvm.so+0x6641f1]  JavaCalls::call_virtual(JavaValue*, KlassHandle, Symbol*, Symbol*, JavaCallArguments*, Thread*)+0x321
V  [libjvm.so+0x664697]  JavaCalls::call_virtual(JavaValue*, Handle, KlassHandle, Symbol*, Symbol*, Thread*)+0x47
V  [libjvm.so+0x6f1990]  thread_entry(JavaThread*, Thread*)+0xa0
V  [libjvm.so+0xa2990f]  JavaThread::thread_main_inner()+0xdf
V  [libjvm.so+0xa29a3c]  JavaThread::run()+0x11c
V  [libjvm.so+0x8e75f8]  java_start(Thread*)+0x108
C  [libpthread.so.0+0x8182]  start_thread+0xc2

Java frames: (J=compiled Java code, j=interpreted, Vv=VM code)
j  org.g0orx.openhpsdr.wdsp.WDSP.OpenChannel(IIIIIIIIDDDDI)V+0
j  org.g0orx.openhpsdr.Radio.start()V+295
j  org.g0orx.openhpsdr.Radio.jButtonStartActionPerformed(Ljava/awt/event/ActionEvent;)V+8
j  org.g0orx.openhpsdr.Radio.access$300(Lorg/g0orx/openhpsdr/Radio;Ljava/awt/event/ActionEvent;)V+2
j  org.g0orx.openhpsdr.Radio$4.actionPerformed(Ljava/awt/event/ActionEvent;)V+5
j  javax.swing.AbstractButton.fireActionPerformed(Ljava/awt/event/ActionEvent;)V+83
j  javax.swing.AbstractButton$Handler.actionPerformed(Ljava/awt/event/ActionEvent;)V+5
j  javax.swing.DefaultButtonModel.fireActionPerformed(Ljava/awt/event/ActionEvent;)V+34
j  javax.swing.DefaultButtonModel.setPressed(Z)V+117
j  javax.swing.plaf.basic.BasicButtonListener.mouseReleased(Ljava/awt/event/MouseEvent;)V+35
j  java.awt.Component.processMouseEvent(Ljava/awt/event/MouseEvent;)V+64
j  javax.swing.JComponent.processMouseEvent(Ljava/awt/event/MouseEvent;)V+23
j  java.awt.Component.processEvent(Ljava/awt/AWTEvent;)V+81
j  java.awt.Container.processEvent(Ljava/awt/AWTEvent;)V+18
J 849 C1 java.awt.Component.dispatchEventImpl(Ljava/awt/AWTEvent;)V (883 bytes) @ 0x00007f5f2d30e3ac [0x00007f5f2d308f20+0x548c]
J 764 C1 java.awt.Container.dispatchEventImpl(Ljava/awt/AWTEvent;)V (129 bytes) @ 0x00007f5f2d28dfe4 [0x00007f5f2d28dea0+0x144]
J 854 C1 java.awt.LightweightDispatcher.retargetMouseEvent(Ljava/awt/Component;ILjava/awt/event/MouseEvent;)V (350 bytes) @ 0x00007f5f2d3170bc [0x00007f5f2d314b00+0x25bc]
j  java.awt.LightweightDispatcher.processMouseEvent(Ljava/awt/event/MouseEvent;)Z+143
j  java.awt.LightweightDispatcher.dispatchEvent(Ljava/awt/AWTEvent;)Z+50
J 764 C1 java.awt.Container.dispatchEventImpl(Ljava/awt/AWTEvent;)V (129 bytes) @ 0x00007f5f2d28df84 [0x00007f5f2d28dea0+0xe4]
J 843 C1 java.awt.Window.dispatchEventImpl(Ljava/awt/AWTEvent;)V (23 bytes) @ 0x00007f5f2d2fce04 [0x00007f5f2d2fc820+0x5e4]
J 763 C1 java.awt.Component.dispatchEvent(Ljava/awt/AWTEvent;)V (6 bytes) @ 0x00007f5f2d28af04 [0x00007f5f2d28ae00+0x104]
j  java.awt.EventQueue.dispatchEventImpl(Ljava/awt/AWTEvent;Ljava/lang/Object;)V+41
j  java.awt.EventQueue.access$400(Ljava/awt/EventQueue;Ljava/awt/AWTEvent;Ljava/lang/Object;)V+3
j  java.awt.EventQueue$3.run()Ljava/lang/Void;+32
j  java.awt.EventQueue$3.run()Ljava/lang/Object;+1
v  ~StubRoutines::call_stub
J 662  java.security.AccessController.doPrivileged(Ljava/security/PrivilegedAction;Ljava/security/AccessControlContext;)Ljava/lang/Object; (0 bytes) @ 0x00007f5f2d256ca3 [0x00007f5f2d256c40+0x63]
J 668 C1 java.security.ProtectionDomain$1.doIntersectionPrivilege(Ljava/security/PrivilegedAction;Ljava/security/AccessControlContext;Ljava/security/AccessControlContext;)Ljava/lang/Object; (32 bytes) @ 0x00007f5f2d25fb3c [0x00007f5f2d25f840+0x2fc]
J 846 C1 java.awt.EventQueue$4.run()Ljava/lang/Object; (5 bytes) @ 0x00007f5f2d2ff494 [0x00007f5f2d2ff0a0+0x3f4]
v  ~StubRoutines::call_stub
J 662  java.security.AccessController.doPrivileged(Ljava/security/PrivilegedAction;Ljava/security/AccessControlContext;)Ljava/lang/Object; (0 bytes) @ 0x00007f5f2d256ca3 [0x00007f5f2d256c40+0x63]
J 808 C1 java.awt.EventQueue.dispatchEvent(Ljava/awt/AWTEvent;)V (80 bytes) @ 0x00007f5f2d2c7454 [0x00007f5f2d2c67a0+0xcb4]
J 817 C1 java.awt.EventDispatchThread.pumpOneEventForFilters(I)V (295 bytes) @ 0x00007f5f2d2d094c [0x00007f5f2d2cee00+0x1b4c]
j  java.awt.EventDispatchThread.pumpEventsForFilter(ILjava/awt/Conditional;Ljava/awt/EventFilter;)V+35
j  java.awt.EventDispatchThread.pumpEventsForHierarchy(ILjava/awt/Conditional;Ljava/awt/Component;)V+11
j  java.awt.EventDispatchThread.pumpEvents(ILjava/awt/Conditional;)V+4
j  java.awt.EventDispatchThread.pumpEvents(Ljava/awt/Conditional;)V+3
j  java.awt.EventDispatchThread.run()V+9
v  ~StubRoutines::call_stub

---------------  P R O C E S S  ---------------

Java Threads: ( => current thread )
  0x00007f5edc059000 JavaThread "TimerQueue" daemon [_thread_blocked, id=1513, stack(0x00007f5ef5b49000,0x00007f5ef5c4a000)]
  0x00007f5f3c009800 JavaThread "DestroyJavaVM" [_thread_blocked, id=1469, stack(0x00007f5f44025000,0x00007f5f44126000)]
=>0x00007f5f3c21b800 JavaThread "AWT-EventQueue-0" [_thread_in_native, id=1507, stack(0x00007f5ef6a1f000,0x00007f5ef6b20000)]
  0x00007f5f3c219800 JavaThread "AWT-Shutdown" [_thread_blocked, id=1506, stack(0x00007f5ef6b20000,0x00007f5ef6c21000)]
  0x00007f5f3c1e4000 JavaThread "AWT-XAWT" daemon [_thread_in_native, id=1505, stack(0x00007f5ef6c21000,0x00007f5ef6d22000)]
  0x00007f5f3c1ae000 JavaThread "Java2D Disposer" daemon [_thread_blocked, id=1504, stack(0x00007f5f240a3000,0x00007f5f241a4000)]
  0x00007f5f3c0b7800 JavaThread "Service Thread" daemon [_thread_blocked, id=1501, stack(0x00007f5f24f21000,0x00007f5f25022000)]
  0x00007f5f3c0b2000 JavaThread "C1 CompilerThread2" daemon [_thread_blocked, id=1499, stack(0x00007f5f25022000,0x00007f5f25123000)]
  0x00007f5f3c0b0800 JavaThread "C2 CompilerThread1" daemon [_thread_blocked, id=1498, stack(0x00007f5f25123000,0x00007f5f25224000)]
  0x00007f5f3c0ad800 JavaThread "C2 CompilerThread0" daemon [_thread_blocked, id=1497, stack(0x00007f5f25224000,0x00007f5f25325000)]
  0x00007f5f3c0ab800 JavaThread "Signal Dispatcher" daemon [_thread_blocked, id=1495, stack(0x00007f5f25325000,0x00007f5f25426000)]
  0x00007f5f3c07c000 JavaThread "Finalizer" daemon [_thread_blocked, id=1494, stack(0x00007f5f25b08000,0x00007f5f25c09000)]
  0x00007f5f3c07a000 JavaThread "Reference Handler" daemon [_thread_blocked, id=1492, stack(0x00007f5f25c09000,0x00007f5f25d0a000)]

Other Threads:
  0x00007f5f3c073000 VMThread [stack: 0x00007f5f25d0a000,0x00007f5f25e0b000] [id=1487]
  0x00007f5f3c0ba000 WatcherThread [stack: 0x00007f5f24e20000,0x00007f5f24f21000] [id=1502]

VM state:not at safepoint (normal execution)

VM Mutex/Monitor currently owned by a thread: None

Heap:
 PSYoungGen      total 17408K, used 7683K [0x00000000ecb80000, 0x00000000ede80000, 0x0000000100000000)
  eden space 15360K, 50% used [0x00000000ecb80000,0x00000000ed300ee0,0x00000000eda80000)
  from space 2048K, 0% used [0x00000000edc80000,0x00000000edc80000,0x00000000ede80000)
  to   space 2048K, 0% used [0x00000000eda80000,0x00000000eda80000,0x00000000edc80000)
 ParOldGen       total 39936K, used 0K [0x00000000c6200000, 0x00000000c8900000, 0x00000000ecb80000)
  object space 39936K, 0% used [0x00000000c6200000,0x00000000c6200000,0x00000000c8900000)
 Metaspace       used 12223K, capacity 12394K, committed 12544K, reserved 1060864K
  class space    used 1461K, capacity 1514K, committed 1536K, reserved 1048576K

Card table byte_map: [0x00007f5f40c7e000,0x00007f5f40e4e000] byte_map_base: 0x00007f5f4064d000

Marking Bits: (ParMarkBitMap*) 0x00007f5f43505ac0
 Begin Bits: [0x00007f5f26310000, 0x00007f5f27188000)
 End Bits:   [0x00007f5f27188000, 0x00007f5f28000000)

Polling page: 0x00007f5f4414b000

CodeCache: size=245760Kb used=3196Kb max_used=3196Kb free=242563Kb
 bounds [0x00007f5f2d000000, 0x00007f5f2d330000, 0x00007f5f3c000000]
 total_blobs=1406 nmethods=862 adapters=460
 compilation: enabled

Compilation events (10 events):
Event: 7.544 Thread 0x00007f5f3c0b2000  858       3       sun.java2d.xr.MaskTileManager::fillMask (269 bytes)
Event: 7.549 Thread 0x00007f5f3c0b2000 nmethod 858 0x00007f5f2d31a610 code [0x00007f5f2d31a960, 0x00007f5f2d31c148]
Event: 7.549 Thread 0x00007f5f3c0b2000  859       3       sun.java2d.xr.XRCompositeManager::maskRequired (48 bytes)
Event: 7.549 Thread 0x00007f5f3c0b2000 nmethod 859 0x00007f5f2d31d110 code [0x00007f5f2d31d2a0, 0x00007f5f2d31d570]
Event: 7.654 Thread 0x00007f5f3c0b2000  860       3       java.util.regex.Pattern$Branch::match (66 bytes)
Event: 7.656 Thread 0x00007f5f3c0b2000 nmethod 860 0x00007f5f2d31d610 code [0x00007f5f2d31d7c0, 0x00007f5f2d31dc98]
Event: 7.656 Thread 0x00007f5f3c0b2000  861       3       java.util.IdentityHashMap::get (60 bytes)
Event: 7.659 Thread 0x00007f5f3c0b2000 nmethod 861 0x00007f5f2d31de90 code [0x00007f5f2d31e040, 0x00007f5f2d31e4e8]
Event: 7.659 Thread 0x00007f5f3c0b2000  862   !   3       sun.awt.X11.XAwtState::getComponentMouseEntered (37 bytes)
Event: 7.660 Thread 0x00007f5f3c0b2000 nmethod 862 0x00007f5f2d31f510 code [0x00007f5f2d31f720, 0x00007f5f2d320258]

GC Heap History (0 events):
No events

Deoptimization events (1 events):
Event: 3.153 Thread 0x00007f5edc059000 Uncommon trap: reason=unreached action=reinterpret pc=0x00007f5f2d23a72c method=java.util.concurrent.locks.AbstractQueuedSynchronizer.release(I)Z @ 14

Internal exceptions (10 events):
Event: 0.439 Thread 0x00007f5f3c21b800 Exception <a 'java/security/PrivilegedActionException'> (0x00000000ecf27d50) thrown at [/HUDSON/workspace/8-2-build-linux-amd64/jdk8u20/1074/hotspot/src/share/vm/prims/jvm.cpp, line 1275]
Event: 0.451 Thread 0x00007f5f3c21b800 Exception <a 'java/security/PrivilegedActionException'> (0x00000000ecf3d570) thrown at [/HUDSON/workspace/8-2-build-linux-amd64/jdk8u20/1074/hotspot/src/share/vm/prims/jvm.cpp, line 1275]
Event: 0.581 Thread 0x00007f5f3c21b800 Exception <a 'java/lang/UnsupportedOperationException': > (0x00000000ed140fd8) thrown at [/HUDSON/workspace/8-2-build-linux-amd64/jdk8u20/1074/hotspot/src/share/vm/prims/jni.cpp, line 742]
Event: 2.438 Thread 0x00007f5f3c2a2800 Exception <a 'java/net/SocketTimeoutException': Receive timed out> (0x00000000ed0c85f0) thrown at [/HUDSON/workspace/8-2-build-linux-amd64/jdk8u20/1074/hotspot/src/share/vm/prims/jni.cpp, line 742]
Event: 2.439 Thread 0x00007f5f3c2a2800 Exception <a 'java/security/PrivilegedActionException'> (0x00000000ed0c9120) thrown at [/HUDSON/workspace/8-2-build-linux-amd64/jdk8u20/1074/hotspot/src/share/vm/prims/jvm.cpp, line 1275]
Event: 2.466 Thread 0x00007f5f3c2a2800 Exception <a 'java/security/PrivilegedActionException'> (0x00000000ed1853d0) thrown at [/HUDSON/workspace/8-2-build-linux-amd64/jdk8u20/1074/hotspot/src/share/vm/prims/jvm.cpp, line 1275]
Event: 2.467 Thread 0x00007f5f3c2a2800 Exception <a 'java/security/PrivilegedActionException'> (0x00000000ed188538) thrown at [/HUDSON/workspace/8-2-build-linux-amd64/jdk8u20/1074/hotspot/src/share/vm/prims/jvm.cpp, line 1275]
Event: 2.633 Thread 0x00007f5f3c21b800 Exception <a 'java/lang/UnsupportedOperationException': > (0x00000000ed15eaf8) thrown at [/HUDSON/workspace/8-2-build-linux-amd64/jdk8u20/1074/hotspot/src/share/vm/prims/jni.cpp, line 742]
Event: 3.153 Thread 0x00007f5edc059000 Implicit null exception at 0x00007f5f2d23a6ce to 0x00007f5f2d23a71e
Event: 7.657 Thread 0x00007f5f3c21b800 Exception <a 'java/security/PrivilegedActionException'> (0x00000000ed2d58d0) thrown at [/HUDSON/workspace/8-2-build-linux-amd64/jdk8u20/1074/hotspot/src/share/vm/prims/jvm.cpp, line 1275]

Events (10 events):
Event: 5.007 loading class java/util/function/Consumer done
Event: 5.007 loading class java/util/function/Predicate
Event: 5.007 loading class java/util/function/Predicate done
Event: 5.008 loading class java/io/SerialCallbackContext
Event: 5.008 loading class java/io/SerialCallbackContext done
Event: 5.010 loading class java/io/ObjectStreamClass$ExceptionInfo
Event: 5.010 loading class java/io/ObjectStreamClass$ExceptionInfo done
Event: 5.015 Thread 0x00007f5f3c2a2800 Thread exited: 0x00007f5f3c2a2800
Event: 7.657 loading class org/g0orx/openhpsdr/wdsp/WDSP
Event: 7.657 loading class org/g0orx/openhpsdr/wdsp/WDSP done


Dynamic libraries:
00400000-00401000 r-xp 00000000 08:06 28579635                           /home/john/jdk1.8.0_20/bin/java
00600000-00601000 rw-p 00000000 08:06 28579635                           /home/john/jdk1.8.0_20/bin/java
017ba000-017db000 rw-p 00000000 00:00 0                                  [heap]
c6200000-c8900000 rw-p 00000000 00:00 0 
c8900000-ecb80000 ---p 00000000 00:00 0 
ecb80000-ede80000 rw-p 00000000 00:00 0 
ede80000-100000000 ---p 00000000 00:00 0 
100000000-100180000 rw-p 00000000 00:00 0 
100180000-140000000 ---p 00000000 00:00 0 
7f5ed4000000-7f5ed4021000 rw-p 00000000 00:00 0 
7f5ed4021000-7f5ed8000000 ---p 00000000 00:00 0 
7f5ed8bea000-7f5edc000000 rw-p 00000000 00:00 0 
7f5edc000000-7f5edc709000 rw-p 00000000 00:00 0 
7f5edc709000-7f5ee0000000 ---p 00000000 00:00 0 
7f5ee0000000-7f5ee0051000 rw-p 00000000 00:00 0 
7f5ee0051000-7f5ee4000000 ---p 00000000 00:00 0 
7f5ee4000000-7f5ee402b000 rw-p 00000000 00:00 0 
7f5ee402b000-7f5ee8000000 ---p 00000000 00:00 0 
7f5ee8000000-7f5ee8021000 rw-p 00000000 00:00 0 
7f5ee8021000-7f5eec000000 ---p 00000000 00:00 0 
7f5eec000000-7f5eec021000 rw-p 00000000 00:00 0 
7f5eec021000-7f5ef0000000 ---p 00000000 00:00 0 
7f5ef0000000-7f5ef0021000 rw-p 00000000 00:00 0 
7f5ef0021000-7f5ef4000000 ---p 00000000 00:00 0 
7f5ef41d4000-7f5ef55dc000 rw-p 00000000 00:00 0 
7f5ef55dc000-7f5ef5634000 r-xp 00000000 08:06 27922299                   /usr/local/lib/libwdspj.so
7f5ef5634000-7f5ef5833000 ---p 00058000 08:06 27922299                   /usr/local/lib/libwdspj.so
7f5ef5833000-7f5ef5834000 r--p 00057000 08:06 27922299                   /usr/local/lib/libwdspj.so
7f5ef5834000-7f5ef5835000 rw-p 00058000 08:06 27922299                   /usr/local/lib/libwdspj.so
7f5ef5835000-7f5ef583e000 rw-p 00000000 00:00 0 
7f5ef583e000-7f5ef5942000 r-xp 00000000 08:06 27927958                   /usr/local/lib/libfftw3.so.3.3.2
7f5ef5942000-7f5ef5b41000 ---p 00104000 08:06 27927958                   /usr/local/lib/libfftw3.so.3.3.2
7f5ef5b41000-7f5ef5b48000 r--p 00103000 08:06 27927958                   /usr/local/lib/libfftw3.so.3.3.2
7f5ef5b48000-7f5ef5b49000 rw-p 0010a000 08:06 27927958                   /usr/local/lib/libfftw3.so.3.3.2
7f5ef5b49000-7f5ef5b4c000 ---p 00000000 00:00 0 
7f5ef5b4c000-7f5ef5d0a000 rw-p 00000000 00:00 0                          [stack:1513]
7f5ef5d0a000-7f5ef5e4a000 ---p 00000000 00:00 0 
7f5ef5e4a000-7f5ef5e74000 r-xp 00000000 08:06 3146423                    /home/john/jdk1.8.0_20/jre/lib/amd64/libdcpr.so
7f5ef5e74000-7f5ef6074000 ---p 0002a000 08:06 3146423                    /home/john/jdk1.8.0_20/jre/lib/amd64/libdcpr.so
7f5ef6074000-7f5ef6077000 rw-p 0002a000 08:06 3146423                    /home/john/jdk1.8.0_20/jre/lib/amd64/libdcpr.so
7f5ef6077000-7f5ef607a000 ---p 00000000 00:00 0 
7f5ef607a000-7f5ef6178000 rw-p 00000000 00:00 0 
7f5ef6178000-7f5ef61e1000 r-xp 00000000 08:06 3146435                    /home/john/jdk1.8.0_20/jre/lib/amd64/libt2k.so
7f5ef61e1000-7f5ef63e0000 ---p 00069000 08:06 3146435                    /home/john/jdk1.8.0_20/jre/lib/amd64/libt2k.so
7f5ef63e0000-7f5ef63e7000 rw-p 00068000 08:06 3146435                    /home/john/jdk1.8.0_20/jre/lib/amd64/libt2k.so
7f5ef63e7000-7f5ef63f7000 rw-p 00000000 00:00 0 
7f5ef63f7000-7f5ef6408000 r-xp 00000000 08:06 3146470                    /home/john/jdk1.8.0_20/jre/lib/amd64/libnio.so
7f5ef6408000-7f5ef6607000 ---p 00011000 08:06 3146470                    /home/john/jdk1.8.0_20/jre/lib/amd64/libnio.so
7f5ef6607000-7f5ef6608000 rw-p 00010000 08:06 3146470                    /home/john/jdk1.8.0_20/jre/lib/amd64/libnio.so
7f5ef6608000-7f5ef6808000 rw-p 00000000 00:00 0 
7f5ef6808000-7f5ef681e000 r-xp 00000000 08:06 3146467                    /home/john/jdk1.8.0_20/jre/lib/amd64/libnet.so
7f5ef681e000-7f5ef6a1e000 ---p 00016000 08:06 3146467                    /home/john/jdk1.8.0_20/jre/lib/amd64/libnet.so
7f5ef6a1e000-7f5ef6a1f000 rw-p 00016000 08:06 3146467                    /home/john/jdk1.8.0_20/jre/lib/amd64/libnet.so
7f5ef6a1f000-7f5ef6a22000 ---p 00000000 00:00 0 
7f5ef6a22000-7f5ef6b20000 rw-p 00000000 00:00 0                          [stack:1507]
7f5ef6b20000-7f5ef6b23000 ---p 00000000 00:00 0 
7f5ef6b23000-7f5ef6c21000 rw-p 00000000 00:00 0                          [stack:1506]
7f5ef6c21000-7f5ef6c24000 ---p 00000000 00:00 0 
7f5ef6c24000-7f5ef6d22000 rw-p 00000000 00:00 0                          [stack:1505]
7f5ef6d22000-7f5ef6d27000 r-xp 00000000 08:06 27532859                   /usr/lib/x86_64-linux-gnu/libXfixes.so.3.1.0
7f5ef6d27000-7f5ef6f26000 ---p 00005000 08:06 27532859                   /usr/lib/x86_64-linux-gnu/libXfixes.so.3.1.0
7f5ef6f26000-7f5ef6f27000 r--p 00004000 08:06 27532859                   /usr/lib/x86_64-linux-gnu/libXfixes.so.3.1.0
7f5ef6f27000-7f5ef6f28000 rw-p 00005000 08:06 27532859                   /usr/lib/x86_64-linux-gnu/libXfixes.so.3.1.0
7f5ef6f28000-7f5ef6f31000 r-xp 00000000 08:06 27532851                   /usr/lib/x86_64-linux-gnu/libXcursor.so.1.0.2
7f5ef6f31000-7f5ef7130000 ---p 00009000 08:06 27532851                   /usr/lib/x86_64-linux-gnu/libXcursor.so.1.0.2
7f5ef7130000-7f5ef7131000 r--p 00008000 08:06 27532851                   /usr/lib/x86_64-linux-gnu/libXcursor.so.1.0.2
7f5ef7131000-7f5ef7132000 rw-p 00009000 08:06 27532851                   /usr/lib/x86_64-linux-gnu/libXcursor.so.1.0.2
7f5ef7132000-7f5ef7148000 r-xp 00000000 08:06 14417925                   /lib/x86_64-linux-gnu/libgcc_s.so.1
7f5ef7148000-7f5ef7347000 ---p 00016000 08:06 14417925                   /lib/x86_64-linux-gnu/libgcc_s.so.1
7f5ef7347000-7f5ef7348000 rw-p 00015000 08:06 14417925                   /lib/x86_64-linux-gnu/libgcc_s.so.1
7f5ef7348000-7f5ef73ad000 r-xp 00000000 08:06 3146452                    /home/john/jdk1.8.0_20/jre/lib/amd64/libfontmanager.so
7f5ef73ad000-7f5ef75ac000 ---p 00065000 08:06 3146452                    /home/john/jdk1.8.0_20/jre/lib/amd64/libfontmanager.so
7f5ef75ac000-7f5ef75b0000 rw-p 00064000 08:06 3146452                    /home/john/jdk1.8.0_20/jre/lib/amd64/libfontmanager.so
7f5ef75b0000-7f5ef75c1000 rw-p 00000000 00:00 0 
7f5ef75c1000-7f5ef75c6000 r-xp 00000000 08:06 27532855                   /usr/lib/x86_64-linux-gnu/libXdmcp.so.6.0.0
7f5ef75c6000-7f5ef77c5000 ---p 00005000 08:06 27532855                   /usr/lib/x86_64-linux-gnu/libXdmcp.so.6.0.0
7f5ef77c5000-7f5ef77c6000 r--p 00004000 08:06 27532855                   /usr/lib/x86_64-linux-gnu/libXdmcp.so.6.0.0
7f5ef77c6000-7f5ef77c7000 rw-p 00005000 08:06 27532855                   /usr/lib/x86_64-linux-gnu/libXdmcp.so.6.0.0
7f5ef77c7000-7f5ef77c9000 r-xp 00000000 08:06 27532844                   /usr/lib/x86_64-linux-gnu/libXau.so.6.0.0
7f5ef77c9000-7f5ef79c9000 ---p 00002000 08:06 27532844                   /usr/lib/x86_64-linux-gnu/libXau.so.6.0.0
7f5ef79c9000-7f5ef79ca000 r--p 00002000 08:06 27532844                   /usr/lib/x86_64-linux-gnu/libXau.so.6.0.0
7f5ef79ca000-7f5ef79cb000 rw-p 00003000 08:06 27532844                   /usr/lib/x86_64-linux-gnu/libXau.so.6.0.0
7f5ef79cb000-7f5ef79e8000 r-xp 00000000 08:06 27533914                   /usr/lib/x86_64-linux-gnu/libxcb.so.1.1.0
7f5ef79e8000-7f5ef7be8000 ---p 0001d000 08:06 27533914                   /usr/lib/x86_64-linux-gnu/libxcb.so.1.1.0
7f5ef7be8000-7f5ef7be9000 r--p 0001d000 08:06 27533914                   /usr/lib/x86_64-linux-gnu/libxcb.so.1.1.0
7f5ef7be9000-7f5ef7bea000 rw-p 0001e000 08:06 27533914                   /usr/lib/x86_64-linux-gnu/libxcb.so.1.1.0
7f5ef7bea000-7f5ef7bf9000 r-xp 00000000 08:06 27532865                   /usr/lib/x86_64-linux-gnu/libXi.so.6.1.0
7f5ef7bf9000-7f5ef7df8000 ---p 0000f000 08:06 27532865                   /usr/lib/x86_64-linux-gnu/libXi.so.6.1.0
7f5ef7df8000-7f5ef7df9000 r--p 0000e000 08:06 27532865                   /usr/lib/x86_64-linux-gnu/libXi.so.6.1.0
7f5ef7df9000-7f5ef7dfa000 rw-p 0000f000 08:06 27532865                   /usr/lib/x86_64-linux-gnu/libXi.so.6.1.0
7f5ef7dfa000-7f5ef7dff000 r-xp 00000000 08:06 27532885                   /usr/lib/x86_64-linux-gnu/libXtst.so.6.1.0
7f5ef7dff000-7f5ef7ffe000 ---p 00005000 08:06 27532885                   /usr/lib/x86_64-linux-gnu/libXtst.so.6.1.0
7f5ef7ffe000-7f5ef7fff000 r--p 00004000 08:06 27532885                   /usr/lib/x86_64-linux-gnu/libXtst.so.6.1.0
7f5ef7fff000-7f5ef8000000 rw-p 00005000 08:06 27532885                   /usr/lib/x86_64-linux-gnu/libXtst.so.6.1.0
7f5ef8000000-7f5ef86fd000 rw-p 00000000 00:00 0 
7f5ef86fd000-7f5efc000000 ---p 00000000 00:00 0 
7f5efc000000-7f5efc021000 rw-p 00000000 00:00 0 
7f5efc021000-7f5f00000000 ---p 00000000 00:00 0 
7f5f00000000-7f5f000bf000 rw-p 00000000 00:00 0 
7f5f000bf000-7f5f04000000 ---p 00000000 00:00 0 
7f5f04000000-7f5f04056000 rw-p 00000000 00:00 0 
7f5f04056000-7f5f08000000 ---p 00000000 00:00 0 
7f5f08000000-7f5f08021000 rw-p 00000000 00:00 0 
7f5f08021000-7f5f0c000000 ---p 00000000 00:00 0 
7f5f0c000000-7f5f0c021000 rw-p 00000000 00:00 0 
7f5f0c021000-7f5f10000000 ---p 00000000 00:00 0 
7f5f10000000-7f5f10021000 rw-p 00000000 00:00 0 
7f5f10021000-7f5f14000000 ---p 00000000 00:00 0 
7f5f14000000-7f5f14021000 rw-p 00000000 00:00 0 
7f5f14021000-7f5f18000000 ---p 00000000 00:00 0 
7f5f18000000-7f5f18021000 rw-p 00000000 00:00 0 
7f5f18021000-7f5f1c000000 ---p 00000000 00:00 0 
7f5f1c000000-7f5f1c021000 rw-p 00000000 00:00 0 
7f5f1c021000-7f5f20000000 ---p 00000000 00:00 0 
7f5f20000000-7f5f20021000 rw-p 00000000 00:00 0 
7f5f20021000-7f5f24000000 ---p 00000000 00:00 0 
7f5f240a3000-7f5f240a6000 ---p 00000000 00:00 0 
7f5f240a6000-7f5f241a4000 rw-p 00000000 00:00 0                          [stack:1504]
7f5f241a4000-7f5f241ad000 r-xp 00000000 08:06 27532879                   /usr/lib/x86_64-linux-gnu/libXrender.so.1.3.0
7f5f241ad000-7f5f243ac000 ---p 00009000 08:06 27532879                   /usr/lib/x86_64-linux-gnu/libXrender.so.1.3.0
7f5f243ac000-7f5f243ad000 r--p 00008000 08:06 27532879                   /usr/lib/x86_64-linux-gnu/libXrender.so.1.3.0
7f5f243ad000-7f5f243ae000 rw-p 00009000 08:06 27532879                   /usr/lib/x86_64-linux-gnu/libXrender.so.1.3.0
7f5f243ae000-7f5f244de000 r-xp 00000000 08:06 27532840                   /usr/lib/x86_64-linux-gnu/libX11.so.6.3.0
7f5f244de000-7f5f246de000 ---p 00130000 08:06 27532840                   /usr/lib/x86_64-linux-gnu/libX11.so.6.3.0
7f5f246de000-7f5f246df000 r--p 00130000 08:06 27532840                   /usr/lib/x86_64-linux-gnu/libX11.so.6.3.0
7f5f246df000-7f5f246e3000 rw-p 00131000 08:06 27532840                   /usr/lib/x86_64-linux-gnu/libX11.so.6.3.0
7f5f246e3000-7f5f246f4000 r-xp 00000000 08:06 27532857                   /usr/lib/x86_64-linux-gnu/libXext.so.6.4.0
7f5f246f4000-7f5f248f3000 ---p 00011000 08:06 27532857                   /usr/lib/x86_64-linux-gnu/libXext.so.6.4.0
7f5f248f3000-7f5f248f4000 r--p 00010000 08:06 27532857                   /usr/lib/x86_64-linux-gnu/libXext.so.6.4.0
7f5f248f4000-7f5f248f5000 rw-p 00011000 08:06 27532857                   /usr/lib/x86_64-linux-gnu/libXext.so.6.4.0
7f5f248f5000-7f5f24949000 r-xp 00000000 08:06 3146474                    /home/john/jdk1.8.0_20/jre/lib/amd64/libawt_xawt.so
7f5f24949000-7f5f24b49000 ---p 00054000 08:06 3146474                    /home/john/jdk1.8.0_20/jre/lib/amd64/libawt_xawt.so
7f5f24b49000-7f5f24b4d000 rw-p 00054000 08:06 3146474                    /home/john/jdk1.8.0_20/jre/lib/amd64/libawt_xawt.so
7f5f24b4d000-7f5f24b4e000 rw-p 00000000 00:00 0 
7f5f24b4e000-7f5f24bf0000 r-xp 00000000 08:06 3146460                    /home/john/jdk1.8.0_20/jre/lib/amd64/libawt.so
7f5f24bf0000-7f5f24df0000 ---p 000a2000 08:06 3146460                    /home/john/jdk1.8.0_20/jre/lib/amd64/libawt.so
7f5f24df0000-7f5f24dfc000 rw-p 000a2000 08:06 3146460                    /home/john/jdk1.8.0_20/jre/lib/amd64/libawt.so
7f5f24dfc000-7f5f24e20000 rw-p 00000000 00:00 0 
7f5f24e20000-7f5f24e21000 ---p 00000000 00:00 0 
7f5f24e21000-7f5f24f21000 rw-p 00000000 00:00 0                          [stack:1502]
7f5f24f21000-7f5f24f24000 ---p 00000000 00:00 0 
7f5f24f24000-7f5f25022000 rw-p 00000000 00:00 0                          [stack:1501]
7f5f25022000-7f5f25025000 ---p 00000000 00:00 0 
7f5f25025000-7f5f25123000 rw-p 00000000 00:00 0                          [stack:1499]
7f5f25123000-7f5f25126000 ---p 00000000 00:00 0 
7f5f25126000-7f5f25224000 rw-p 00000000 00:00 0                          [stack:1498]
7f5f25224000-7f5f25227000 ---p 00000000 00:00 0 
7f5f25227000-7f5f25325000 rw-p 00000000 00:00 0                          [stack:1497]
7f5f25325000-7f5f25328000 ---p 00000000 00:00 0 
7f5f25328000-7f5f25426000 rw-p 00000000 00:00 0                          [stack:1495]
7f5f25426000-7f5f25b08000 r--p 00000000 08:06 27531858                   /usr/lib/locale/locale-archive
7f5f25b08000-7f5f25b0b000 ---p 00000000 00:00 0 
7f5f25b0b000-7f5f25c09000 rw-p 00000000 00:00 0                          [stack:1494]
7f5f25c09000-7f5f25c0c000 ---p 00000000 00:00 0 
7f5f25c0c000-7f5f25d0a000 rw-p 00000000 00:00 0                          [stack:1492]
7f5f25d0a000-7f5f25d0b000 ---p 00000000 00:00 0 
7f5f25d0b000-7f5f28000000 rw-p 00000000 00:00 0                          [stack:1487]
7f5f28000000-7f5f28021000 rw-p 00000000 00:00 0 
7f5f28021000-7f5f2c000000 ---p 00000000 00:00 0 
7f5f2c04f000-7f5f2c06b000 r--s 00393000 08:06 3146303                    /home/john/jdk1.8.0_20/jre/lib/ext/cldrdata.jar
7f5f2c06b000-7f5f2c075000 r--s 00116000 08:06 3146309                    /home/john/jdk1.8.0_20/jre/lib/ext/localedata.jar
7f5f2c075000-7f5f2d000000 rw-p 00000000 00:00 0 
7f5f2d000000-7f5f2d330000 rwxp 00000000 00:00 0 
7f5f2d330000-7f5f3c000000 ---p 00000000 00:00 0 
7f5f3c000000-7f5f3c483000 rw-p 00000000 00:00 0 
7f5f3c483000-7f5f40000000 ---p 00000000 00:00 0 
7f5f40002000-7f5f40006000 rw-s 00000000 00:04 1996881938                 /SYSV00000000 (deleted)
7f5f40006000-7f5f4032a000 rw-p 00000000 00:00 0 
7f5f4032a000-7f5f40500000 r--s 03ca8000 08:06 2885685                    /home/john/jdk1.8.0_20/jre/lib/rt.jar
7f5f40500000-7f5f40745000 rw-p 00000000 00:00 0 
7f5f40745000-7f5f40746000 ---p 00000000 00:00 0 
7f5f40746000-7f5f40846000 rw-p 00000000 00:00 0                          [stack:1485]
7f5f40846000-7f5f40847000 ---p 00000000 00:00 0 
7f5f40847000-7f5f40947000 rw-p 00000000 00:00 0                          [stack:1483]
7f5f40947000-7f5f40948000 ---p 00000000 00:00 0 
7f5f40948000-7f5f40a48000 rw-p 00000000 00:00 0                          [stack:1482]
7f5f40a48000-7f5f40a49000 ---p 00000000 00:00 0 
7f5f40a49000-7f5f40b5d000 rw-p 00000000 00:00 0                          [stack:1480]
7f5f40b5d000-7f5f40c7e000 ---p 00000000 00:00 0 
7f5f40c7e000-7f5f40c92000 rw-p 00000000 00:00 0 
7f5f40c92000-7f5f40db2000 ---p 00000000 00:00 0 
7f5f40db2000-7f5f40dbd000 rw-p 00000000 00:00 0 
7f5f40dbd000-7f5f40e4d000 ---p 00000000 00:00 0 
7f5f40e4d000-7f5f40e5b000 rw-p 00000000 00:00 0 
7f5f40e5b000-7f5f4120e000 ---p 00000000 00:00 0 
7f5f4120e000-7f5f41228000 r-xp 00000000 08:06 3146463                    /home/john/jdk1.8.0_20/jre/lib/amd64/libzip.so
7f5f41228000-7f5f41428000 ---p 0001a000 08:06 3146463                    /home/john/jdk1.8.0_20/jre/lib/amd64/libzip.so
7f5f41428000-7f5f41429000 rw-p 0001a000 08:06 3146463                    /home/john/jdk1.8.0_20/jre/lib/amd64/libzip.so
7f5f41429000-7f5f41434000 r-xp 00000000 08:06 14423904                   /lib/x86_64-linux-gnu/libnss_files-2.19.so
7f5f41434000-7f5f41633000 ---p 0000b000 08:06 14423904                   /lib/x86_64-linux-gnu/libnss_files-2.19.so
7f5f41633000-7f5f41634000 r--p 0000a000 08:06 14423904                   /lib/x86_64-linux-gnu/libnss_files-2.19.so
7f5f41634000-7f5f41635000 rw-p 0000b000 08:06 14423904                   /lib/x86_64-linux-gnu/libnss_files-2.19.so
7f5f41635000-7f5f41640000 r-xp 00000000 08:06 14425471                   /lib/x86_64-linux-gnu/libnss_nis-2.19.so
7f5f41640000-7f5f4183f000 ---p 0000b000 08:06 14425471                   /lib/x86_64-linux-gnu/libnss_nis-2.19.so
7f5f4183f000-7f5f41840000 r--p 0000a000 08:06 14425471                   /lib/x86_64-linux-gnu/libnss_nis-2.19.so
7f5f41840000-7f5f41841000 rw-p 0000b000 08:06 14425471                   /lib/x86_64-linux-gnu/libnss_nis-2.19.so
7f5f41841000-7f5f41858000 r-xp 00000000 08:06 14425460                   /lib/x86_64-linux-gnu/libnsl-2.19.so
7f5f41858000-7f5f41a57000 ---p 00017000 08:06 14425460                   /lib/x86_64-linux-gnu/libnsl-2.19.so
7f5f41a57000-7f5f41a58000 r--p 00016000 08:06 14425460                   /lib/x86_64-linux-gnu/libnsl-2.19.so
7f5f41a58000-7f5f41a59000 rw-p 00017000 08:06 14425460                   /lib/x86_64-linux-gnu/libnsl-2.19.so
7f5f41a59000-7f5f41a5b000 rw-p 00000000 00:00 0 
7f5f41a5b000-7f5f41a64000 r-xp 00000000 08:06 14425459                   /lib/x86_64-linux-gnu/libnss_compat-2.19.so
7f5f41a64000-7f5f41c63000 ---p 00009000 08:06 14425459                   /lib/x86_64-linux-gnu/libnss_compat-2.19.so
7f5f41c63000-7f5f41c64000 r--p 00008000 08:06 14425459                   /lib/x86_64-linux-gnu/libnss_compat-2.19.so
7f5f41c64000-7f5f41c65000 rw-p 00009000 08:06 14425459                   /lib/x86_64-linux-gnu/libnss_compat-2.19.so
7f5f41c65000-7f5f41c8f000 r-xp 00000000 08:06 3146458                    /home/john/jdk1.8.0_20/jre/lib/amd64/libjava.so
7f5f41c8f000-7f5f41e8f000 ---p 0002a000 08:06 3146458                    /home/john/jdk1.8.0_20/jre/lib/amd64/libjava.so
7f5f41e8f000-7f5f41e91000 rw-p 0002a000 08:06 3146458                    /home/john/jdk1.8.0_20/jre/lib/amd64/libjava.so
7f5f41e91000-7f5f41e9e000 r-xp 00000000 08:06 3146462                    /home/john/jdk1.8.0_20/jre/lib/amd64/libverify.so
7f5f41e9e000-7f5f4209e000 ---p 0000d000 08:06 3146462                    /home/john/jdk1.8.0_20/jre/lib/amd64/libverify.so
7f5f4209e000-7f5f420a0000 rw-p 0000d000 08:06 3146462                    /home/john/jdk1.8.0_20/jre/lib/amd64/libverify.so
7f5f420a0000-7f5f420a7000 r-xp 00000000 08:06 14425468                   /lib/x86_64-linux-gnu/librt-2.19.so
7f5f420a7000-7f5f422a6000 ---p 00007000 08:06 14425468                   /lib/x86_64-linux-gnu/librt-2.19.so
7f5f422a6000-7f5f422a7000 r--p 00006000 08:06 14425468                   /lib/x86_64-linux-gnu/librt-2.19.so
7f5f422a7000-7f5f422a8000 rw-p 00007000 08:06 14425468                   /lib/x86_64-linux-gnu/librt-2.19.so
7f5f422a8000-7f5f423ad000 r-xp 00000000 08:06 14423902                   /lib/x86_64-linux-gnu/libm-2.19.so
7f5f423ad000-7f5f425ac000 ---p 00105000 08:06 14423902                   /lib/x86_64-linux-gnu/libm-2.19.so
7f5f425ac000-7f5f425ad000 r--p 00104000 08:06 14423902                   /lib/x86_64-linux-gnu/libm-2.19.so
7f5f425ad000-7f5f425ae000 rw-p 00105000 08:06 14423902                   /lib/x86_64-linux-gnu/libm-2.19.so
7f5f425ae000-7f5f43218000 r-xp 00000000 08:06 3146444                    /home/john/jdk1.8.0_20/jre/lib/amd64/server/libjvm.so
7f5f43218000-7f5f43417000 ---p 00c6a000 08:06 3146444                    /home/john/jdk1.8.0_20/jre/lib/amd64/server/libjvm.so
7f5f43417000-7f5f434ee000 rw-p 00c69000 08:06 3146444                    /home/john/jdk1.8.0_20/jre/lib/amd64/server/libjvm.so
7f5f434ee000-7f5f43530000 rw-p 00000000 00:00 0 
7f5f43530000-7f5f436eb000 r-xp 00000000 08:06 14425465                   /lib/x86_64-linux-gnu/libc-2.19.so
7f5f436eb000-7f5f438ea000 ---p 001bb000 08:06 14425465                   /lib/x86_64-linux-gnu/libc-2.19.so
7f5f438ea000-7f5f438ee000 r--p 001ba000 08:06 14425465                   /lib/x86_64-linux-gnu/libc-2.19.so
7f5f438ee000-7f5f438f0000 rw-p 001be000 08:06 14425465                   /lib/x86_64-linux-gnu/libc-2.19.so
7f5f438f0000-7f5f438f5000 rw-p 00000000 00:00 0 
7f5f438f5000-7f5f438f8000 r-xp 00000000 08:06 14425454                   /lib/x86_64-linux-gnu/libdl-2.19.so
7f5f438f8000-7f5f43af7000 ---p 00003000 08:06 14425454                   /lib/x86_64-linux-gnu/libdl-2.19.so
7f5f43af7000-7f5f43af8000 r--p 00002000 08:06 14425454                   /lib/x86_64-linux-gnu/libdl-2.19.so
7f5f43af8000-7f5f43af9000 rw-p 00003000 08:06 14425454                   /lib/x86_64-linux-gnu/libdl-2.19.so
7f5f43af9000-7f5f43b0e000 r-xp 00000000 08:06 2885489                    /home/john/jdk1.8.0_20/lib/amd64/jli/libjli.so
7f5f43b0e000-7f5f43d0d000 ---p 00015000 08:06 2885489                    /home/john/jdk1.8.0_20/lib/amd64/jli/libjli.so
7f5f43d0d000-7f5f43d0e000 rw-p 00014000 08:06 2885489                    /home/john/jdk1.8.0_20/lib/amd64/jli/libjli.so
7f5f43d0e000-7f5f43d27000 r-xp 00000000 08:06 14425466                   /lib/x86_64-linux-gnu/libpthread-2.19.so
7f5f43d27000-7f5f43f26000 ---p 00019000 08:06 14425466                   /lib/x86_64-linux-gnu/libpthread-2.19.so
7f5f43f26000-7f5f43f27000 r--p 00018000 08:06 14425466                   /lib/x86_64-linux-gnu/libpthread-2.19.so
7f5f43f27000-7f5f43f28000 rw-p 00019000 08:06 14425466                   /lib/x86_64-linux-gnu/libpthread-2.19.so
7f5f43f28000-7f5f43f2c000 rw-p 00000000 00:00 0 
7f5f43f2c000-7f5f43f4f000 r-xp 00000000 08:06 14425462                   /lib/x86_64-linux-gnu/ld-2.19.so
7f5f43f50000-7f5f43f52000 rw-p 00000000 00:00 0 
7f5f43f52000-7f5f43f53000 r--p 00000000 08:06 664782                     /usr/share/locale-langpack/en_GB/LC_MESSAGES/libc.mo
7f5f43f53000-7f5f44025000 rw-p 00000000 00:00 0 
7f5f44025000-7f5f44028000 ---p 00000000 00:00 0 
7f5f44028000-7f5f4412a000 rw-p 00000000 00:00 0                          [stack:1469]
7f5f4412a000-7f5f4412f000 r--s 002f8000 08:06 2885683                    /home/john/jdk1.8.0_20/jre/lib/charsets.jar
7f5f4412f000-7f5f44142000 rw-p 00000000 00:00 0 
7f5f44142000-7f5f4414a000 rw-s 00000000 08:06 24117560                   /tmp/hsperfdata_john/1467
7f5f4414a000-7f5f4414b000 rw-p 00000000 00:00 0 
7f5f4414b000-7f5f4414c000 r--p 00000000 00:00 0 
7f5f4414c000-7f5f4414e000 rw-p 00000000 00:00 0 
7f5f4414e000-7f5f4414f000 r--p 00022000 08:06 14425462                   /lib/x86_64-linux-gnu/ld-2.19.so
7f5f4414f000-7f5f44150000 rw-p 00023000 08:06 14425462                   /lib/x86_64-linux-gnu/ld-2.19.so
7f5f44150000-7f5f44151000 rw-p 00000000 00:00 0 
7fffa15b9000-7fffa15da000 rw-p 00000000 00:00 0                          [stack]
7fffa15dd000-7fffa15df000 r-xp 00000000 00:00 0                          [vdso]
ffffffffff600000-ffffffffff601000 r-xp 00000000 00:00 0                  [vsyscall]

VM Arguments:
jvm_args: -Dfile.encoding=UTF-8 -Djava.library.path=/usr/local/lib 
java_command: org.g0orx.openhpsdr.OpenHPSDRJ
java_class_path (initial): /home/john/NetBeansProjects/openHPSDRJ/build/classes
Launcher Type: SUN_STANDARD

Environment Variables:
PATH=/usr/local/sbin:/usr/local/bin:/usr/sbin:/usr/bin:/sbin:/bin:/usr/games:/usr/local/games
LD_LIBRARY_PATH=/home/john/jdk1.8.0_20/jre/lib/amd64:/home/john/jdk1.8.0_20/jre/lib/i386:
SHELL=/bin/bash
DISPLAY=:0.0

Signal Handlers:
SIGSEGV: [libjvm.so+0xa77530], sa_mask[0]=11111111011111111101111111111110, sa_flags=SA_RESTART|SA_SIGINFO
SIGBUS: [libjvm.so+0xa77530], sa_mask[0]=11111111011111111101111111111110, sa_flags=SA_RESTART|SA_SIGINFO
SIGFPE: [libjvm.so+0x8e1d90], sa_mask[0]=11111111011111111101111111111110, sa_flags=SA_RESTART|SA_SIGINFO
SIGPIPE: [libjvm.so+0x8e1d90], sa_mask[0]=11111111011111111101111111111110, sa_flags=SA_RESTART|SA_SIGINFO
SIGXFSZ: [libjvm.so+0x8e1d90], sa_mask[0]=11111111011111111101111111111110, sa_flags=SA_RESTART|SA_SIGINFO
SIGILL: [libjvm.so+0x8e1d90], sa_mask[0]=11111111011111111101111111111110, sa_flags=SA_RESTART|SA_SIGINFO
SIGUSR1: SIG_DFL, sa_mask[0]=00000000000000000000000000000000, sa_flags=none
SIGUSR2: [libjvm.so+0x8e35c0], sa_mask[0]=00100000000000000000000000000000, sa_flags=SA_RESTART|SA_SIGINFO
SIGHUP: [libjvm.so+0x8e4980], sa_mask[0]=11111111011111111101111111111110, sa_flags=SA_RESTART|SA_SIGINFO
SIGINT: SIG_IGN, sa_mask[0]=00000000000000000000000000000000, sa_flags=none
SIGTERM: [libjvm.so+0x8e4980], sa_mask[0]=11111111011111111101111111111110, sa_flags=SA_RESTART|SA_SIGINFO
SIGQUIT: [libjvm.so+0x8e4980], sa_mask[0]=11111111011111111101111111111110, sa_flags=SA_RESTART|SA_SIGINFO


---------------  S Y S T E M  ---------------

OS:DISTRIB_ID=Ubuntu
DISTRIB_RELEASE=14.04
DISTRIB_CODENAME=trusty
DISTRIB_DESCRIPTION="Ubuntu 14.04.2 LTS"

uname:Linux 3.13.0-46-generic #79-Ubuntu SMP Tue Mar 10 20:06:50 UTC 2015 x86_64
libc:glibc 2.19 NPTL 2.19 
rlimit: STACK 8192k, CORE 0k, NPROC 29404, NOFILE 4096, AS infinity
load average:0.34 0.41 0.30

/proc/meminfo:
MemTotal:        3785356 kB
MemFree:          173012 kB
Buffers:           31496 kB
Cached:           853180 kB
SwapCached:        30812 kB
Active:          2350260 kB
Inactive:         898760 kB
Active(anon):    2061816 kB
Inactive(anon):   627056 kB
Active(file):     288444 kB
Inactive(file):   271704 kB
Unevictable:          64 kB
Mlocked:              64 kB
SwapTotal:       3926012 kB
SwapFree:        3574020 kB
Dirty:               960 kB
Writeback:             0 kB
AnonPages:       2346356 kB
Mapped:           148432 kB
Shmem:            324528 kB
Slab:             267664 kB
SReclaimable:     234096 kB
SUnreclaim:        33568 kB
KernelStack:        4312 kB
PageTables:        34460 kB
NFS_Unstable:          0 kB
Bounce:                0 kB
WritebackTmp:          0 kB
CommitLimit:     5818688 kB
Committed_AS:    6384272 kB
VmallocTotal:   34359738367 kB
VmallocUsed:      351612 kB
VmallocChunk:   34359377680 kB
HardwareCorrupted:     0 kB
AnonHugePages:    409600 kB
HugePages_Total:       0
HugePages_Free:        0
HugePages_Rsvd:        0
HugePages_Surp:        0
Hugepagesize:       2048 kB
DirectMap4k:       79744 kB
DirectMap2M:     3848192 kB


CPU:total 4 (2 cores per cpu, 2 threads per core) family 6 model 37 stepping 2, cmov, cx8, fxsr, mmx, sse, sse2, sse3, ssse3, sse4.1, sse4.2, popcnt, aes, clmul, ht, tsc, tscinvbit

/proc/cpuinfo:
processor	: 0
vendor_id	: GenuineIntel
cpu family	: 6
model		: 37
model name	: Intel(R) Core(TM) i5 CPU         650  @ 3.20GHz
stepping	: 2
microcode	: 0x9
cpu MHz		: 3193.000
cache size	: 4096 KB
physical id	: 0
siblings	: 4
core id		: 0
cpu cores	: 2
apicid		: 0
initial apicid	: 0
fpu		: yes
fpu_exception	: yes
cpuid level	: 11
wp		: yes
flags		: fpu vme de pse tsc msr pae mce cx8 apic sep mtrr pge mca cmov pat pse36 clflush dts acpi mmx fxsr sse sse2 ss ht tm pbe syscall nx rdtscp lm constant_tsc arch_perfmon pebs bts rep_good nopl xtopology nonstop_tsc aperfmperf pni pclmulqdq dtes64 monitor ds_cpl vmx smx est tm2 ssse3 cx16 xtpr pdcm sse4_1 sse4_2 popcnt aes lahf_lm ida arat dtherm tpr_shadow vnmi flexpriority ept vpid
bogomips	: 6400.38
clflush size	: 64
cache_alignment	: 64
address sizes	: 36 bits physical, 48 bits virtual
power management:

processor	: 1
vendor_id	: GenuineIntel
cpu family	: 6
model		: 37
model name	: Intel(R) Core(TM) i5 CPU         650  @ 3.20GHz
stepping	: 2
microcode	: 0x9
cpu MHz		: 1197.000
cache size	: 4096 KB
physical id	: 0
siblings	: 4
core id		: 2
cpu cores	: 2
apicid		: 4
initial apicid	: 4
fpu		: yes
fpu_exception	: yes
cpuid level	: 11
wp		: yes
flags		: fpu vme de pse tsc msr pae mce cx8 apic sep mtrr pge mca cmov pat pse36 clflush dts acpi mmx fxsr sse sse2 ss ht tm pbe syscall nx rdtscp lm constant_tsc arch_perfmon pebs bts rep_good nopl xtopology nonstop_tsc aperfmperf pni pclmulqdq dtes64 monitor ds_cpl vmx smx est tm2 ssse3 cx16 xtpr pdcm sse4_1 sse4_2 popcnt aes lahf_lm ida arat dtherm tpr_shadow vnmi flexpriority ept vpid
bogomips	: 6400.38
clflush size	: 64
cache_alignment	: 64
address sizes	: 36 bits physical, 48 bits virtual
power management:

processor	: 2
vendor_id	: GenuineIntel
cpu family	: 6
model		: 37
model name	: Intel(R) Core(TM) i5 CPU         650  @ 3.20GHz
stepping	: 2
microcode	: 0x9
cpu MHz		: 1197.000
cache size	: 4096 KB
physical id	: 0
siblings	: 4
core id		: 0
cpu cores	: 2
apicid		: 1
initial apicid	: 1
fpu		: yes
fpu_exception	: yes
cpuid level	: 11
wp		: yes
flags		: fpu vme de pse tsc msr pae mce cx8 apic sep mtrr pge mca cmov pat pse36 clflush dts acpi mmx fxsr sse sse2 ss ht tm pbe syscall nx rdtscp lm constant_tsc arch_perfmon pebs bts rep_good nopl xtopology nonstop_tsc aperfmperf pni pclmulqdq dtes64 monitor ds_cpl vmx smx est tm2 ssse3 cx16 xtpr pdcm sse4_1 sse4_2 popcnt aes lahf_lm ida arat dtherm tpr_shadow vnmi flexpriority ept vpid
bogomips	: 6400.38
clflush size	: 64
cache_alignment	: 64
address sizes	: 36 bits physical, 48 bits virtual
power management:

processor	: 3
vendor_id	: GenuineIntel
cpu family	: 6
model		: 37
model name	: Intel(R) Core(TM) i5 CPU         650  @ 3.20GHz
stepping	: 2
microcode	: 0x9
cpu MHz		: 1197.000
cache size	: 4096 KB
physical id	: 0
siblings	: 4
core id		: 2
cpu cores	: 2
apicid		: 5
initial apicid	: 5
fpu		: yes
fpu_exception	: yes
cpuid level	: 11
wp		: yes
flags		: fpu vme de pse tsc msr pae mce cx8 apic sep mtrr pge mca cmov pat pse36 clflush dts acpi mmx fxsr sse sse2 ss ht tm pbe syscall nx rdtscp lm constant_tsc arch_perfmon pebs bts rep_good nopl xtopology nonstop_tsc aperfmperf pni pclmulqdq dtes64 monitor ds_cpl vmx smx est tm2 ssse3 cx16 xtpr pdcm sse4_1 sse4_2 popcnt aes lahf_lm ida arat dtherm tpr_shadow vnmi flexpriority ept vpid
bogomips	: 6400.38
clflush size	: 64
cache_alignment	: 64
address sizes	: 36 bits physical, 48 bits virtual
power management:



Memory: 4k page, physical 3785356k(173012k free), swap 3926012k(3574020k free)

vm_info: Java HotSpot(TM) 64-Bit Server VM (25.20-b23) for linux-amd64 JRE (1.8.0_20-b26), built on Jul 30 2014 13:13:52 by "java_re" with gcc 4.3.0 20080428 (Red Hat 4.3.0-8)

time: Tue Mar 24 22:28:21 2015
elapsed time: 10 seconds (0d 0h 0m 10s)

