#
# A fatal error has been detected by the Java Runtime Environment:
#
#  SIGSEGV (0xb) at pc=0x0000000000000001, pid=5935, tid=140495091136256
#
# JRE version: Java(TM) SE Runtime Environment (8.0_20-b26) (build 1.8.0_20-b26)
# Java VM: Java HotSpot(TM) 64-Bit Server VM (25.20-b23 mixed mode linux-amd64 compressed oops)
# Problematic frame:
# C  0x0000000000000001
#
# Failed to write core dump. Core dumps have been disabled. To enable core dumping, try "ulimit -c unlimited" before starting Java again
#
# If you would like to submit a bug report, please visit:
#   http://bugreport.sun.com/bugreport/crash.jsp
#

---------------  T H R E A D  ---------------

Current thread is native thread

siginfo: si_signo: 11 (SIGSEGV), si_code: 1 (SEGV_MAPERR), si_addr: 0x0000000000000001

Registers:
RAX=0x0000000000000000, RBX=0x00007fc78ffff700, RCX=0x00007fc803753b9d, RDX=0x0000000000000000
RSP=0x00007fc78fffeeb8, RBP=0x00007fc78fffeee0, RSI=0x00007fc78fffeed0, RDI=0x0000000000000000
R8 =0x0000000000000000, R9 =0x00007fc78ffff700, R10=0x00007fc78fffec70, R11=0x0000000000000000
R12=0x0000000000000001, R13=0x0000000000000000