#
# A fatal error has been detected by the Java Runtime Environment:
#
#  SIGSEGV (0xb) at pc=0x00007f6f9aa02690, pid=8746, tid=140117328975616
#
# JRE version: Java(TM) SE Runtime Environment (8.0_20-b26) (build 1.8.0_20-b26)
# Java VM: Java HotSpot(TM) 64-Bit Server VM (25.20-b23 mixed mode linux-amd64 compressed oops)
# Problematic frame:
# C  [libwdspj.so+0x2a690]  eq_mults+0x3f9
#
# Failed to write core dump. Core dumps have been disabled. To enable core dumping, try "ulimit -c unlimited" before starting Java again
#
# If you would like to submit a bug report, please visit:
#   http://bugreport.sun.com/bugreport/crash.jsp
# The crash happened outside the Java Virtual Machine in native code.
# See problematic frame for where to report the bug.
#

---------------  T H R E A D  ---------------

Current thread (0x00007f6fe82d6800):  JavaThread "AWT-EventQueue-0" [_thread_in_native, id=8767, stack(0x00007f6f9b8ed000,0x00007f6f9b9ee000)]

siginfo: si_signo: 11 (SIGSEGV), si_code: 2 (SEGV_ACCERR), si_addr: 0x00007f6f90834138

Registers:
RAX=0x00007f6f90834138, RBX=0x00007f6f90833be0, RCX=0x7fffffffffffffff, RDX=0x0000000000001558
RSP=0x00007f6f9b9e9e20, RBP=0x00007f6f9b9e9ef0, RSI=0x0000000000000149, RDI=0x00007f6fef26d1e0
R8 =0x0000000000000148, R9 =0x0000000000833000, R10=0x00007f6f90000078, R11=0x0000000090000001
R12=0x00007f6f90814880, R13=0x0000000000005dc0, R14=0x00007f6f9b9ea330, R15=0x00007f6fe82d6800
RIP=0x00007f6f9aa02690, EFLAGS=0x0000000000010202, CSGSFS=0x0000000000000033, ERR=0x0000000000000004
  TRAPNO=0x000000000000000e

Top of Stack: (sp=0x00007f6f9b9e9e20)
0x00007f6f9b9e9e20:   00007f6f9082abd0 4024000000000000
0x00007f6f9b9e9e30:   0000000000000001 3f40000000000000
0x00007f6f9b9e9e40:   40d7700000000000 00007f6f9b9ea010
0x00007f6f9b9e9e50:   00007f6f9b9e9fb0 000004000000000a
0x00007f6f9b9e9e60:   00007f6f9b9e9f40 0000000900000201
0x00007f6f9b9e9e70:   0000020000005dc0 000002ab00000001
0x00007f6f9b9e9e80:   00007f6fe82d6800 3f20137987dd704b
0x00007f6f9b9e9e90:   0000000000000001 00007f6f90755210
0x00007f6f9b9e9ea0:   00007f6f9057ebd0 00007f6f90832be0
0x00007f6f9b9e9eb0:   0000000000000000 3ff0000000000000
0x00007f6f9b9e9ec0:   3fe0000000000001 00007f6f9aa1e2ce
0x00007f6f9b9e9ed0:   3f9999999999999a 00007f6f9ad281f6
0x00007f6f9b9e9ee0:   000000109999999a 00007f6f90814880
0x00007f6f9b9e9ef0:   00007f6f9b9e9f40 00007f6f9aa02a94
0x00007f6f9b9e9f00:   40d7700000000000 00007f6f9b9e9fb0
0x00007f6f9b9e9f10:   0000000a90814880 00007f6f90814880
0x00007f6f9b9e9f20:   00007f6f90814880 0000000000000400
0x00007f6f9b9e9f30:   0000001000000000 00007f6f907c5f40
0x00007f6f9b9e9f40:   00007f6f9b9ea090 00007f6f9aa1b48d
0x00007f6f9b9e9f50:   00007f6f9b9ea010 00007f6f00000000
0x00007f6f9b9e9f60:   0000000000000001 3a6fd72200005dc0
0x00007f6f9b9e9f70:   0000000000000000 00007f6f9004da20
0x00007f6f9b9e9f80:   42c8000000000065 0000000000000000
0x00007f6f9b9e9f90:   3fefdb2325857343 3c8fffa726a99bb6
0x00007f6f9b9e9fa0:   3f847ae147ae147b 00000001ef204c3f
0x00007f6f9b9e9fb0:   0000000000000000 4040000000000000
0x00007f6f9b9e9fc0:   404f800000000000 405f400000000000
0x00007f6f9b9e9fd0:   406f400000000000 407f400000000000
0x00007f6f9b9e9fe0:   408f400000000000 409f400000000000
0x00007f6f9b9e9ff0:   40af400000000000 40bf400000000000
0x00007f6f9b9ea000:   40cf400000000000 00007f6ff0e7a557
0x00007f6f9b9ea010:   0000000000000000 c028000000000000 

Instructions: (pc=0x00007f6f9aa02690)
0x00007f6f9aa02670:   45 b8 48 01 d0 48 8b 00 48 89 45 98 8b 45 8c 48
0x00007f6f9aa02680:   98 48 8d 14 c5 00 00 00 00 48 8b 45 b8 48 01 d0
0x00007f6f9aa02690:   48 8b 00 48 89 45 a0 f2 0f 2a 45 88 f2 0f 2a 4d
0x00007f6f9aa026a0:   84 f2 0f 5e c1 48 b8 00 00 00 00 00 00 10 40 48 

Register to memory mapping:

RAX=0x00007f6f90834138 is an unknown value
RBX=0x00007f6f90833be0 is an unknown value
RCX=0x7fffffffffffffff is an unknown value
RDX=0x0000000000001558 is an unknown value
RSP=0x00007f6f9b9e9e20 is pointing into the stack for thread: 0x00007f6fe82d6800
RBP=0x00007f6f9b9e9ef0 is pointing into the stack for thread: 0x00007f6fe82d6800
RSI=0x0000000000000149 is an unknown value
RDI=0x00007f6fef26d1e0: <offset 0x861e0> in /lib/x86_64-linux-gnu/libm.so.6 at 0x00007f6fef1e7000
R8 =0x0000000000000148 is an unknown value
R9 =0x0000000000833000 is an unknown value
R10=0x00007f6f90000078 is an unknown value
R11=0x0000000090000001 is an unknown value
R12=0x00007f6f90814880 is an unknown value
R13=0x0000000000005dc0 is an unknown value
R14=0x00007f6f9b9ea330 is pointing into the stack for thread: 0x00007f6fe82d6800
R15=0x00007f6fe82d6800 is a thread


Stack: [0x00007f6f9b8ed000,0x00007f6f9b9ee000],  sp=0x00007f6f9b9e9e20,  free space=1011k
Native frames: (J=compiled Java code, j=interpreted, Vv=VM code, C=native code)
C  [libwdspj.so+0x2a690]  eq_mults+0x3f9
C  [libwdspj.so+0x2aa94]  create_eq+0x1b5
C  [libwdspj.so+0x4348d]  create_txa+0x8c4
C  [libwdspj.so+0x3967b]  create_main+0x50
C  [libwdspj.so+0x21650]  build_channel+0x1f
C  [libwdspj.so+0x218b9]  OpenChannel+0x25d
C  [libwdspj.so+0x4a792]  Java_org_g0orx_openhpsdr_wdsp_WDSP_OpenChannel+0xa4
j  org.g0orx.openhpsdr.wdsp.WDSP.OpenChannel(IIIIIIIIDDDDI)V+0
j  org.g0orx.openhpsdr.Radio.start()V+415
j  org.g0orx.openhpsdr.Radio.jButtonStartActionPerformed(Ljava/awt/event/ActionEvent;)V+30
j  org.g0orx.openhpsdr.Radio.access$100(Lorg/g0orx/openhpsdr/Radio;Ljava/awt/event/ActionEvent;)V+2
j  org.g0orx.openhpsdr.Radio$2.actionPerformed(Ljava/awt/event/ActionEvent;)V+5
j  javax.swing.AbstractButton.fireActionPerformed(Ljava/awt/event/ActionEvent;)V+83
j  javax.swing.AbstractButton$Handler.actionPerformed(Ljava/awt/event/ActionEvent;)V+5
j  javax.swing.DefaultButtonModel.fireActionPerformed(Ljava/awt/event/ActionEvent;)V+34
j  javax.swing.DefaultButtonModel.setPressed(Z)V+117
j  javax.swing.plaf.basic.BasicButtonListener.mouseReleased(Ljava/awt/event/MouseEvent;)V+35
j  java.awt.Component.processMouseEvent(Ljava/awt/event/MouseEvent;)V+64
j  javax.swing.JComponent.processMouseEvent(Ljava/awt/event/MouseEvent;)V+23
j  java.awt.Component.processEvent(Ljava/awt/AWTEvent;)V+81
j  java.awt.Container.processEvent(Ljava/awt/AWTEvent;)V+18
j  java.awt.Component.dispatchEventImpl(Ljava/awt/AWTEvent;)V+589
j  java.awt.Container.dispatchEventImpl(Ljava/awt/AWTEvent;)V+42
j  java.awt.Component.dispatchEvent(Ljava/awt/AWTEvent;)V+2
j  java.awt.LightweightDispatcher.retargetMouseEvent(Ljava/awt/Component;ILjava/awt/event/MouseEvent;)V+327
j  java.awt.LightweightDispatcher.processMouseEvent(Ljava/awt/event/MouseEvent;)Z+143
j  java.awt.LightweightDispatcher.dispatchEvent(Ljava/awt/AWTEvent;)Z+50
j  java.awt.Container.dispatchEventImpl(Ljava/awt/AWTEvent;)V+12
j  java.awt.Window.dispatchEventImpl(Ljava/awt/AWTEvent;)V+19
j  java.awt.Component.dispatchEvent(Ljava/awt/AWTEvent;)V+2
j  java.awt.EventQueue.dispatchEventImpl(Ljava/awt/AWTEvent;Ljava/lang/Object;)V+41
j  java.awt.EventQueue.access$400(Ljava/awt/EventQueue;Ljava/awt/AWTEvent;Ljava/lang/Object;)V+3
j  java.awt.EventQueue$3.run()Ljava/lang/Void;+32
j  java.awt.EventQueue$3.run()Ljava/lang/Object;+1
v  ~StubRoutines::call_stub
V  [libjvm.so+0x663ce6]  JavaCalls::call_helper(JavaValue*, methodHandle*, JavaCallArguments*, Thread*)+0x1056
V  [libjvm.so+0x6f7d7c]  JVM_DoPrivileged+0x27c
J 442  java.security.AccessController.doPrivileged(Ljava/security/PrivilegedAction;Ljava/security/AccessControlContext;)Ljava/lang/Object; (0 bytes) @ 0x00007f6fd9202ad5 [0x00007f6fd9202a00+0xd5]
j  java.security.ProtectionDomain$1.doIntersectionPrivilege(Ljava/security/PrivilegedAction;Ljava/security/AccessControlContext;Ljava/security/AccessControlContext;)Ljava/lang/Object;+28
j  java.security.ProtectionDomain$1.doIntersectionPrivilege(Ljava/security/PrivilegedAction;Ljava/security/AccessControlContext;)Ljava/lang/Object;+6
j  java.awt.EventQueue$4.run()Ljava/lang/Void;+11
j  java.awt.EventQueue$4.run()Ljava/lang/Object;+1
v  ~StubRoutines::call_stub
V  [libjvm.so+0x663ce6]  JavaCalls::call_helper(JavaValue*, methodHandle*, JavaCallArguments*, Thread*)+0x1056
V  [libjvm.so+0x6f7d7c]  JVM_DoPrivileged+0x27c
J 442  java.security.AccessController.doPrivileged(Ljava/security/PrivilegedAction;Ljava/security/AccessControlContext;)Ljava/lang/Object; (0 bytes) @ 0x00007f6fd9202ad5 [0x00007f6fd9202a00+0xd5]
j  java.security.ProtectionDomain$1.doIntersectionPrivilege(Ljava/security/PrivilegedAction;Ljava/security/AccessControlContext;Ljava/security/AccessControlContext;)Ljava/lang/Object;+28
j  java.awt.EventQueue.dispatchEvent(Ljava/awt/AWTEvent;)V+73
j  java.awt.EventDispatchThread.pumpOneEventForFilters(I)V+245
j  java.awt.EventDispatchThread.pumpEventsForFilter(ILjava/awt/Conditional;Ljava/awt/EventFilter;)V+35
j  java.awt.EventDispatchThread.pumpEventsForHierarchy(ILjava/awt/Conditional;Ljava/awt/Component;)V+11
j  java.awt.EventDispatchThread.pumpEvents(ILjava/awt/Conditional;)V+4
j  java.awt.EventDispatchThread.pumpEvents(Ljava/awt/Conditional;)V+3
j  java.awt.EventDispatchThread.run()V+9
v  ~StubRoutines::call_stub
V  [libjvm.so+0x663ce6]  JavaCalls::call_helper(JavaValue*, methodHandle*, JavaCallArguments*, Thread*)+0x1056
V  [libjvm.so+0x6641f1]  JavaCalls::call_virtual(JavaValue*, KlassHandle, Symbol*, Symbol*, JavaCallArguments*, Thread*)+0x321
V  [libjvm.so+0x664697]  JavaCalls::call_virtual(JavaValue*, Handle, KlassHandle, Symbol*, Symbol*, Thread*)+0x47
V  [libjvm.so+0x6f1990]  thread_entry(JavaThread*, Thread*)+0xa0
V  [libjvm.so+0xa2990f]  JavaThread::thread_main_inner()+0xdf
V  [libjvm.so+0xa29a3c]  JavaThread::run()+0x11c
V  [libjvm.so+0x8e75f8]  java_start(Thread*)+0x108
C  [libpthread.so.0+0x8182]  start_thread+0xc2

Java frames: (J=compiled Java code, j=interpreted, Vv=VM code)
j  org.g0orx.openhpsdr.wdsp.WDSP.OpenChannel(IIIIIIIIDDDDI)V+0
j  org.g0orx.openhpsdr.Radio.start()V+415
j  org.g0orx.openhpsdr.Radio.jButtonStartActionPerformed(Ljava/awt/event/ActionEvent;)V+30
j  org.g0orx.openhpsdr.Radio.access$100(Lorg/g0orx/openhpsdr/Radio;Ljava/awt/event/ActionEvent;)V+2
j  org.g0orx.openhpsdr.Radio$2.actionPerformed(Ljava/awt/event/ActionEvent;)V+5
j  javax.swing.AbstractButton.fireActionPerformed(Ljava/awt/event/ActionEvent;)V+83
j  javax.swing.AbstractButton$Handler.actionPerformed(Ljava/awt/event/ActionEvent;)V+5
j  javax.swing.DefaultButtonModel.fireActionPerformed(Ljava/awt/event/ActionEvent;)V+34
j  javax.swing.DefaultButtonModel.setPressed(Z)V+117
j  javax.swing.plaf.basic.BasicButtonListener.mouseReleased(Ljava/awt/event/MouseEvent;)V+35
j  java.awt.Component.processMouseEvent(Ljava/awt/event/MouseEvent;)V+64
j  javax.swing.JComponent.processMouseEvent(Ljava/awt/event/MouseEvent;)V+23
j  java.awt.Component.processEvent(Ljava/awt/AWTEvent;)V+81
j  java.awt.Container.processEvent(Ljava/awt/AWTEvent;)V+18
j  java.awt.Component.dispatchEventImpl(Ljava/awt/AWTEvent;)V+589
j  java.awt.Container.dispatchEventImpl(Ljava/awt/AWTEvent;)V+42
j  java.awt.Component.dispatchEvent(Ljava/awt/AWTEvent;)V+2
j  java.awt.LightweightDispatcher.retargetMouseEvent(Ljava/awt/Component;ILjava/awt/event/MouseEvent;)V+327
j  java.awt.LightweightDispatcher.processMouseEvent(Ljava/awt/event/MouseEvent;)Z+143
j  java.awt.LightweightDispatcher.dispatchEvent(Ljava/awt/AWTEvent;)Z+50
j  java.awt.Container.dispatchEventImpl(Ljava/awt/AWTEvent;)V+12
j  java.awt.Window.dispatchEventImpl(Ljava/awt/AWTEvent;)V+19
j  java.awt.Component.dispatchEvent(Ljava/awt/AWTEvent;)V+2
j  java.awt.EventQueue.dispatchEventImpl(Ljava/awt/AWTEvent;Ljava/lang/Object;)V+41
j  java.awt.EventQueue.access$400(Ljava/awt/EventQueue;Ljava/awt/AWTEvent;Ljava/lang/Object;)V+3
j  java.awt.EventQueue$3.run()Ljava/lang/Void;+32
j  java.awt.EventQueue$3.run()Ljava/lang/Object;+1
v  ~StubRoutines::call_stub
J 442  java.security.AccessController.doPrivileged(Ljava/security/PrivilegedAction;Ljava/security/AccessControlContext;)Ljava/lang/Object; (0 bytes) @ 0x00007f6fd9202a63 [0x00007f6fd9202a00+0x63]
j  java.security.ProtectionDomain$1.doIntersectionPrivilege(Ljava/security/PrivilegedAction;Ljava/security/AccessControlContext;Ljava/security/AccessControlContext;)Ljava/lang/Object;+28
j  java.security.ProtectionDomain$1.doIntersectionPrivilege(Ljava/security/PrivilegedAction;Ljava/security/AccessControlContext;)Ljava/lang/Object;+6
j  java.awt.EventQueue$4.run()Ljava/lang/Void;+11
j  java.awt.EventQueue$4.run()Ljava/lang/Object;+1
v  ~StubRoutines::call_stub
J 442  java.security.AccessController.doPrivileged(Ljava/security/PrivilegedAction;Ljava/security/AccessControlContext;)Ljava/lang/Object; (0 bytes) @ 0x00007f6fd9202a63 [0x00007f6fd9202a00+0x63]
j  java.security.ProtectionDomain$1.doIntersectionPrivilege(Ljava/security/PrivilegedAction;Ljava/security/AccessControlContext;Ljava/security/AccessControlContext;)Ljava/lang/Object;+28
j  java.awt.EventQueue.dispatchEvent(Ljava/awt/AWTEvent;)V+73
j  java.awt.EventDispatchThread.pumpOneEventForFilters(I)V+245
j  java.awt.EventDispatchThread.pumpEventsForFilter(ILjava/awt/Conditional;Ljava/awt/EventFilter;)V+35
j  java.awt.EventDispatchThread.pumpEventsForHierarchy(ILjava/awt/Conditional;Ljava/awt/Component;)V+11
j  java.awt.EventDispatchThread.pumpEvents(ILjava/awt/Conditional;)V+4
j  java.awt.EventDispatchThread.pumpEvents(Ljava/awt/Conditional;)V+3
j  java.awt.EventDispatchThread.run()V+9
v  ~StubRoutines::call_stub

---------------  P R O C E S S  ---------------

Java Threads: ( => current thread )
  0x00007f6fe8009800 JavaThread "DestroyJavaVM" [_thread_blocked, id=8747, stack(0x00007f6ff0f64000,0x00007f6ff1065000)]
=>0x00007f6fe82d6800 JavaThread "AWT-EventQueue-0" [_thread_in_native, id=8767, stack(0x00007f6f9b8ed000,0x00007f6f9b9ee000)]
  0x00007f6fe82d5000 JavaThread "AWT-Shutdown" [_thread_blocked, id=8766, stack(0x00007f6f9b9ee000,0x00007f6f9baef000)]
  0x00007f6fe82a1800 JavaThread "AWT-XAWT" daemon [_thread_in_native, id=8765, stack(0x00007f6f9baef000,0x00007f6f9bbf0000)]
  0x00007f6fe8279800 JavaThread "Java2D Disposer" daemon [_thread_blocked, id=8764, stack(0x00007f6fd00bf000,0x00007f6fd01c0000)]
  0x00007f6fe80c7800 JavaThread "Service Thread" daemon [_thread_blocked, id=8762, stack(0x00007f6fd1e0b000,0x00007f6fd1f0c000)]
  0x00007f6fe80b2000 JavaThread "C1 CompilerThread2" daemon [_thread_blocked, id=8761, stack(0x00007f6fd1f0c000,0x00007f6fd200d000)]
  0x00007f6fe80b0800 JavaThread "C2 CompilerThread1" daemon [_thread_blocked, id=8760, stack(0x00007f6fd200d000,0x00007f6fd210e000)]
  0x00007f6fe80ad800 JavaThread "C2 CompilerThread0" daemon [_thread_blocked, id=8759, stack(0x00007f6fd210e000,0x00007f6fd220f000)]
  0x00007f6fe80ab800 JavaThread "Signal Dispatcher" daemon [_thread_blocked, id=8758, stack(0x00007f6fd220f000,0x00007f6fd2310000)]
  0x00007f6fe807c000 JavaThread "Finalizer" daemon [_thread_blocked, id=8757, stack(0x00007f6fd86f7000,0x00007f6fd87f8000)]
  0x00007f6fe807a000 JavaThread "Reference Handler" daemon [_thread_blocked, id=8756, stack(0x00007f6fd87f8000,0x00007f6fd88f9000)]

Other Threads:
  0x00007f6fe8073000 VMThread [stack: 0x00007f6fd88f9000,0x00007f6fd89fa000] [id=8755]
  0x00007f6fe80ca000 WatcherThread [stack: 0x00007f6fd1d0a000,0x00007f6fd1e0b000] [id=8763]

VM state:not at safepoint (normal execution)

VM Mutex/Monitor currently owned by a thread: None

Heap:
 PSYoungGen      total 17408K, used 6152K [0x00000000ecb80000, 0x00000000ede80000, 0x0000000100000000)
  eden space 15360K, 40% used [0x00000000ecb80000,0x00000000ed1820f8,0x00000000eda80000)
  from space 2048K, 0% used [0x00000000edc80000,0x00000000edc80000,0x00000000ede80000)
  to   space 2048K, 0% used [0x00000000eda80000,0x00000000eda80000,0x00000000edc80000)
 ParOldGen       total 39936K, used 0K [0x00000000c6200000, 0x00000000c8900000, 0x00000000ecb80000)
  object space 39936K, 0% used [0x00000000c6200000,0x00000000c6200000,0x00000000c8900000)
 Metaspace       used 10608K, capacity 10770K, committed 11008K, reserved 1058816K
  class space    used 1241K, capacity 1279K, committed 1280K, reserved 1048576K

Card table byte_map: [0x00007f6fedbbd000,0x00007f6fedd8d000] byte_map_base: 0x00007f6fed58c000

Marking Bits: (ParMarkBitMap*) 0x00007f6ff0444ac0
 Begin Bits: [0x00007f6fd2310000, 0x00007f6fd3188000)
 End Bits:   [0x00007f6fd3188000, 0x00007f6fd4000000)

Polling page: 0x00007f6ff108a000

CodeCache: size=245760Kb used=2088Kb max_used=2088Kb free=243671Kb
 bounds [0x00007f6fd9000000, 0x00007f6fd9270000, 0x00007f6fe8000000]
 total_blobs=991 nmethods=455 adapters=452
 compilation: enabled

Compilation events (10 events):
Event: 3.465 Thread 0x00007f6fe80b2000  451       3       java.lang.Math::getExponent (17 bytes)
Event: 3.465 Thread 0x00007f6fe80b2000 nmethod 451 0x00007f6fd9200a90 code [0x00007f6fd9200be0, 0x00007f6fd9200d50]
Event: 3.465 Thread 0x00007f6fe80b2000  452       3       sun.java2d.pipe.Region::dimAdd (20 bytes)
Event: 3.465 Thread 0x00007f6fe80b2000 nmethod 452 0x00007f6fd92087d0 code [0x00007f6fd9208940, 0x00007f6fd9208b10]
Event: 3.568 Thread 0x00007f6fe80b2000  455       3       sun.misc.MetaIndex::mayContain (51 bytes)
Event: 3.569 Thread 0x00007f6fe80b2000 nmethod 455 0x00007f6fd9209990 code [0x00007f6fd9209b40, 0x00007f6fd920a198]
Event: 3.569 Thread 0x00007f6fe80b2000  453       3       sun.awt.EventQueueItem::<init> (10 bytes)
Event: 3.570 Thread 0x00007f6fe80b2000 nmethod 453 0x00007f6fd920a450 code [0x00007f6fd920a5c0, 0x00007f6fd920a790]
Event: 3.570 Thread 0x00007f6fe80b2000  454       3       java.security.ProtectionDomain$1::doIntersectionPrivilege (32 bytes)
Event: 3.570 Thread 0x00007f6fe80b2000 nmethod 454 0x00007f6fd920a850 code [0x00007f6fd920aa00, 0x00007f6fd920aee8]

GC Heap History (0 events):
No events

Deoptimization events (0 events):
No events

Internal exceptions (10 events):
Event: 0.327 Thread 0x00007f6fe8332800 Exception <a 'java/security/PrivilegedActionException'> (0x00000000ed09ca78) thrown at [/HUDSON/workspace/8-2-build-linux-amd64/jdk8u20/1074/hotspot/src/share/vm/prims/jvm.cpp, line 1275]
Event: 0.352 Thread 0x00007f6fe8332800 Exception <a 'java/security/PrivilegedActionException'> (0x00000000ed0befa8) thrown at [/HUDSON/workspace/8-2-build-linux-amd64/jdk8u20/1074/hotspot/src/share/vm/prims/jvm.cpp, line 1275]
Event: 0.352 Thread 0x00007f6fe8332800 Exception <a 'java/security/PrivilegedActionException'> (0x00000000ed0c03d0) thrown at [/HUDSON/workspace/8-2-build-linux-amd64/jdk8u20/1074/hotspot/src/share/vm/prims/jvm.cpp, line 1275]
Event: 0.427 Thread 0x00007f6fe82d6800 Exception <a 'java/lang/UnsupportedOperationException': > (0x00000000ecf359e0) thrown at [/HUDSON/workspace/8-2-build-linux-amd64/jdk8u20/1074/hotspot/src/share/vm/prims/jni.cpp, line 742]
Event: 0.429 Thread 0x00007f6fe82d6800 Exception <a 'java/security/PrivilegedActionException'> (0x00000000ecf37180) thrown at [/HUDSON/workspace/8-2-build-linux-amd64/jdk8u20/1074/hotspot/src/share/vm/prims/jvm.cpp, line 1275]
Event: 0.430 Thread 0x00007f6fe82d6800 Exception <a 'java/security/PrivilegedActionException'> (0x00000000ecf3b1a8) thrown at [/HUDSON/workspace/8-2-build-linux-amd64/jdk8u20/1074/hotspot/src/share/vm/prims/jvm.cpp, line 1275]
Event: 0.430 Thread 0x00007f6fe82d6800 Exception <a 'java/security/PrivilegedActionException'> (0x00000000ecf3e7d0) thrown at [/HUDSON/workspace/8-2-build-linux-amd64/jdk8u20/1074/hotspot/src/share/vm/prims/jvm.cpp, line 1275]
Event: 0.437 Thread 0x00007f6fe82d6800 Exception <a 'java/security/PrivilegedActionException'> (0x00000000ecf4d4f8) thrown at [/HUDSON/workspace/8-2-build-linux-amd64/jdk8u20/1074/hotspot/src/share/vm/prims/jvm.cpp, line 1275]
Event: 2.365 Thread 0x00007f6fe8332800 Exception <a 'java/net/SocketTimeoutException': Receive timed out> (0x00000000ed0c5d20) thrown at [/HUDSON/workspace/8-2-build-linux-amd64/jdk8u20/1074/hotspot/src/share/vm/prims/jni.cpp, line 742]
Event: 3.567 Thread 0x00007f6fe82d6800 Exception <a 'java/security/PrivilegedActionException'> (0x00000000ecf61f00) thrown at [/HUDSON/workspace/8-2-build-linux-amd64/jdk8u20/1074/hotspot/src/share/vm/prims/jvm.cpp, line 1275]

Events (10 events):
Event: 1.454 loading class java/awt/Toolkit$SelectiveAWTEventListener done
Event: 1.454 loading class java/awt/Toolkit$ToolkitEventMulticaster
Event: 1.455 loading class java/awt/Toolkit$ToolkitEventMulticaster done
Event: 2.365 Thread 0x00007f6fe8332800 Thread exited: 0x00007f6fe8332800
Event: 3.461 loading class sun/awt/X11/XButtonEvent
Event: 3.462 loading class sun/awt/X11/XButtonEvent done
Event: 3.566 loading class org/g0orx/openhpsdr/wdsp/WDSP
Event: 3.566 loading class org/g0orx/openhpsdr/wdsp/WDSP done
Event: 4.060 Executing VM operation: EnableBiasedLocking
Event: 4.060 Executing VM operation: EnableBiasedLocking done


Dynamic libraries:
00400000-00401000 r-xp 00000000 08:06 28579635                           /home/john/jdk1.8.0_20/bin/java
00600000-00601000 rw-p 00000000 08:06 28579635                           /home/john/jdk1.8.0_20/bin/java
00a25000-00a46000 rw-p 00000000 00:00 0                                  [heap]
c6200000-c8900000 rw-p 00000000 00:00 0 
c8900000-ecb80000 ---p 00000000 00:00 0 
ecb80000-ede80000 rw-p 00000000 00:00 0 
ede80000-100000000 ---p 00000000 00:00 0 
100000000-100140000 rw-p 00000000 00:00 0 
100140000-140000000 ---p 00000000 00:00 0 
7f6f84000000-7f6f84021000 rw-p 00000000 00:00 0 
7f6f84021000-7f6f88000000 ---p 00000000 00:00 0 
7f6f897f1000-7f6f897f2000 ---p 00000000 00:00 0 
7f6f897f2000-7f6f8c000000 rw-p 00000000 00:00 0                          [stack:8769]
7f6f8c000000-7f6f8c021000 rw-p 00000000 00:00 0 
7f6f8c021000-7f6f90000000 ---p 00000000 00:00 0 
7f6f90000000-7f6f90ab9000 rw-p 00000000 00:00 0 
7f6f90ab9000-7f6f94000000 ---p 00000000 00:00 0 
7f6f94000000-7f6f94286000 rw-p 00000000 00:00 0 
7f6f94286000-7f6f98000000 ---p 00000000 00:00 0 
7f6f981c8000-7f6f9a9d8000 rw-p 00000000 00:00 0 
7f6f9a9d8000-7f6f9aa30000 r-xp 00000000 08:06 27922299                   /usr/local/lib/libwdspj.so
7f6f9aa30000-7f6f9ac2f000 ---p 00058000 08:06 27922299                   /usr/local/lib/libwdspj.so
7f6f9ac2f000-7f6f9ac30000 r--p 00057000 08:06 27922299                   /usr/local/lib/libwdspj.so
7f6f9ac30000-7f6f9ac31000 rw-p 00058000 08:06 27922299                   /usr/local/lib/libwdspj.so
7f6f9ac31000-7f6f9ac3a000 rw-p 00000000 00:00 0 
7f6f9ac3a000-7f6f9ad3e000 r-xp 00000000 08:06 27927958                   /usr/local/lib/libfftw3.so.3.3.2
7f6f9ad3e000-7f6f9af3d000 ---p 00104000 08:06 27927958                   /usr/local/lib/libfftw3.so.3.3.2
7f6f9af3d000-7f6f9af44000 r--p 00103000 08:06 27927958                   /usr/local/lib/libfftw3.so.3.3.2
7f6f9af44000-7f6f9af45000 rw-p 0010a000 08:06 27927958                   /usr/local/lib/libfftw3.so.3.3.2
7f6f9af45000-7f6f9af48000 ---p 00000000 00:00 0 
7f6f9af48000-7f6f9b1c6000 rw-p 00000000 00:00 0 
7f6f9b1c6000-7f6f9b246000 ---p 00000000 00:00 0 
7f6f9b246000-7f6f9b2af000 r-xp 00000000 08:06 3146435                    /home/john/jdk1.8.0_20/jre/lib/amd64/libt2k.so
7f6f9b2af000-7f6f9b4ae000 ---p 00069000 08:06 3146435                    /home/john/jdk1.8.0_20/jre/lib/amd64/libt2k.so
7f6f9b4ae000-7f6f9b4b5000 rw-p 00068000 08:06 3146435                    /home/john/jdk1.8.0_20/jre/lib/amd64/libt2k.so
7f6f9b4b5000-7f6f9b4c5000 rw-p 00000000 00:00 0 
7f6f9b4c5000-7f6f9b4d6000 r-xp 00000000 08:06 3146470                    /home/john/jdk1.8.0_20/jre/lib/amd64/libnio.so
7f6f9b4d6000-7f6f9b6d5000 ---p 00011000 08:06 3146470                    /home/john/jdk1.8.0_20/jre/lib/amd64/libnio.so
7f6f9b6d5000-7f6f9b6d6000 rw-p 00010000 08:06 3146470                    /home/john/jdk1.8.0_20/jre/lib/amd64/libnio.so
7f6f9b6d6000-7f6f9b6ec000 r-xp 00000000 08:06 3146467                    /home/john/jdk1.8.0_20/jre/lib/amd64/libnet.so
7f6f9b6ec000-7f6f9b8ec000 ---p 00016000 08:06 3146467                    /home/john/jdk1.8.0_20/jre/lib/amd64/libnet.so
7f6f9b8ec000-7f6f9b8ed000 rw-p 00016000 08:06 3146467                    /home/john/jdk1.8.0_20/jre/lib/amd64/libnet.so
7f6f9b8ed000-7f6f9b8f0000 ---p 00000000 00:00 0 
7f6f9b8f0000-7f6f9b9ee000 rw-p 00000000 00:00 0                          [stack:8767]
7f6f9b9ee000-7f6f9b9f1000 ---p 00000000 00:00 0 
7f6f9b9f1000-7f6f9baef000 rw-p 00000000 00:00 0                          [stack:8766]
7f6f9baef000-7f6f9baf2000 ---p 00000000 00:00 0 
7f6f9baf2000-7f6f9bbf0000 rw-p 00000000 00:00 0                          [stack:8765]
7f6f9bbf0000-7f6f9bbf5000 r-xp 00000000 08:06 27532859                   /usr/lib/x86_64-linux-gnu/libXfixes.so.3.1.0
7f6f9bbf5000-7f6f9bdf4000 ---p 00005000 08:06 27532859                   /usr/lib/x86_64-linux-gnu/libXfixes.so.3.1.0
7f6f9bdf4000-7f6f9bdf5000 r--p 00004000 08:06 27532859                   /usr/lib/x86_64-linux-gnu/libXfixes.so.3.1.0
7f6f9bdf5000-7f6f9bdf6000 rw-p 00005000 08:06 27532859                   /usr/lib/x86_64-linux-gnu/libXfixes.so.3.1.0
7f6f9bdf6000-7f6f9bdff000 r-xp 00000000 08:06 27532851                   /usr/lib/x86_64-linux-gnu/libXcursor.so.1.0.2
7f6f9bdff000-7f6f9bffe000 ---p 00009000 08:06 27532851                   /usr/lib/x86_64-linux-gnu/libXcursor.so.1.0.2
7f6f9bffe000-7f6f9bfff000 r--p 00008000 08:06 27532851                   /usr/lib/x86_64-linux-gnu/libXcursor.so.1.0.2
7f6f9bfff000-7f6f9c000000 rw-p 00009000 08:06 27532851                   /usr/lib/x86_64-linux-gnu/libXcursor.so.1.0.2
7f6f9c000000-7f6f9c021000 rw-p 00000000 00:00 0 
7f6f9c021000-7f6fa0000000 ---p 00000000 00:00 0 
7f6fa0000000-7f6fa0021000 rw-p 00000000 00:00 0 
7f6fa0021000-7f6fa4000000 ---p 00000000 00:00 0 
7f6fa4000000-7f6fa41b7000 rw-p 00000000 00:00 0 
7f6fa41b7000-7f6fa8000000 ---p 00000000 00:00 0 
7f6fa8000000-7f6fa8021000 rw-p 00000000 00:00 0 
7f6fa8021000-7f6fac000000 ---p 00000000 00:00 0 
7f6fac000000-7f6fac0be000 rw-p 00000000 00:00 0 
7f6fac0be000-7f6fb0000000 ---p 00000000 00:00 0 
7f6fb0000000-7f6fb0070000 rw-p 00000000 00:00 0 
7f6fb0070000-7f6fb4000000 ---p 00000000 00:00 0 
7f6fb4000000-7f6fb4021000 rw-p 00000000 00:00 0 
7f6fb4021000-7f6fb8000000 ---p 00000000 00:00 0 
7f6fb8000000-7f6fb8021000 rw-p 00000000 00:00 0 
7f6fb8021000-7f6fbc000000 ---p 00000000 00:00 0 
7f6fbc000000-7f6fbc021000 rw-p 00000000 00:00 0 
7f6fbc021000-7f6fc0000000 ---p 00000000 00:00 0 
7f6fc0000000-7f6fc0021000 rw-p 00000000 00:00 0 
7f6fc0021000-7f6fc4000000 ---p 00000000 00:00 0 
7f6fc4000000-7f6fc4021000 rw-p 00000000 00:00 0 
7f6fc4021000-7f6fc8000000 ---p 00000000 00:00 0 
7f6fc8000000-7f6fc8021000 rw-p 00000000 00:00 0 
7f6fc8021000-7f6fcc000000 ---p 00000000 00:00 0 
7f6fcc000000-7f6fcc021000 rw-p 00000000 00:00 0 
7f6fcc021000-7f6fd0000000 ---p 00000000 00:00 0 
7f6fd00bf000-7f6fd00c2000 ---p 00000000 00:00 0 
7f6fd00c2000-7f6fd01c0000 rw-p 00000000 00:00 0                          [stack:8764]
7f6fd01c0000-7f6fd01d6000 r-xp 00000000 08:06 14417925                   /lib/x86_64-linux-gnu/libgcc_s.so.1
7f6fd01d6000-7f6fd03d5000 ---p 00016000 08:06 14417925                   /lib/x86_64-linux-gnu/libgcc_s.so.1
7f6fd03d5000-7f6fd03d6000 rw-p 00015000 08:06 14417925                   /lib/x86_64-linux-gnu/libgcc_s.so.1
7f6fd03d6000-7f6fd043b000 r-xp 00000000 08:06 3146452                    /home/john/jdk1.8.0_20/jre/lib/amd64/libfontmanager.so
7f6fd043b000-7f6fd063a000 ---p 00065000 08:06 3146452                    /home/john/jdk1.8.0_20/jre/lib/amd64/libfontmanager.so
7f6fd063a000-7f6fd063e000 rw-p 00064000 08:06 3146452                    /home/john/jdk1.8.0_20/jre/lib/amd64/libfontmanager.so
7f6fd063e000-7f6fd064f000 rw-p 00000000 00:00 0 
7f6fd064f000-7f6fd0654000 r-xp 00000000 08:06 27532855                   /usr/lib/x86_64-linux-gnu/libXdmcp.so.6.0.0
7f6fd0654000-7f6fd0853000 ---p 00005000 08:06 27532855                   /usr/lib/x86_64-linux-gnu/libXdmcp.so.6.0.0
7f6fd0853000-7f6fd0854000 r--p 00004000 08:06 27532855                   /usr/lib/x86_64-linux-gnu/libXdmcp.so.6.0.0
7f6fd0854000-7f6fd0855000 rw-p 00005000 08:06 27532855                   /usr/lib/x86_64-linux-gnu/libXdmcp.so.6.0.0
7f6fd0855000-7f6fd0857000 r-xp 00000000 08:06 27532844                   /usr/lib/x86_64-linux-gnu/libXau.so.6.0.0
7f6fd0857000-7f6fd0a57000 ---p 00002000 08:06 27532844                   /usr/lib/x86_64-linux-gnu/libXau.so.6.0.0
7f6fd0a57000-7f6fd0a58000 r--p 00002000 08:06 27532844                   /usr/lib/x86_64-linux-gnu/libXau.so.6.0.0
7f6fd0a58000-7f6fd0a59000 rw-p 00003000 08:06 27532844                   /usr/lib/x86_64-linux-gnu/libXau.so.6.0.0
7f6fd0a59000-7f6fd0a76000 r-xp 00000000 08:06 27533914                   /usr/lib/x86_64-linux-gnu/libxcb.so.1.1.0
7f6fd0a76000-7f6fd0c76000 ---p 0001d000 08:06 27533914                   /usr/lib/x86_64-linux-gnu/libxcb.so.1.1.0
7f6fd0c76000-7f6fd0c77000 r--p 0001d000 08:06 27533914                   /usr/lib/x86_64-linux-gnu/libxcb.so.1.1.0
7f6fd0c77000-7f6fd0c78000 rw-p 0001e000 08:06 27533914                   /usr/lib/x86_64-linux-gnu/libxcb.so.1.1.0
7f6fd0c78000-7f6fd0c87000 r-xp 00000000 08:06 27532865                   /usr/lib/x86_64-linux-gnu/libXi.so.6.1.0
7f6fd0c87000-7f6fd0e86000 ---p 0000f000 08:06 27532865                   /usr/lib/x86_64-linux-gnu/libXi.so.6.1.0
7f6fd0e86000-7f6fd0e87000 r--p 0000e000 08:06 27532865                   /usr/lib/x86_64-linux-gnu/libXi.so.6.1.0
7f6fd0e87000-7f6fd0e88000 rw-p 0000f000 08:06 27532865                   /usr/lib/x86_64-linux-gnu/libXi.so.6.1.0
7f6fd0e88000-7f6fd0e8d000 r-xp 00000000 08:06 27532885                   /usr/lib/x86_64-linux-gnu/libXtst.so.6.1.0
7f6fd0e8d000-7f6fd108c000 ---p 00005000 08:06 27532885                   /usr/lib/x86_64-linux-gnu/libXtst.so.6.1.0
7f6fd108c000-7f6fd108d000 r--p 00004000 08:06 27532885                   /usr/lib/x86_64-linux-gnu/libXtst.so.6.1.0
7f6fd108d000-7f6fd108e000 rw-p 00005000 08:06 27532885                   /usr/lib/x86_64-linux-gnu/libXtst.so.6.1.0
7f6fd108e000-7f6fd1097000 r-xp 00000000 08:06 27532879                   /usr/lib/x86_64-linux-gnu/libXrender.so.1.3.0
7f6fd1097000-7f6fd1296000 ---p 00009000 08:06 27532879                   /usr/lib/x86_64-linux-gnu/libXrender.so.1.3.0
7f6fd1296000-7f6fd1297000 r--p 00008000 08:06 27532879                   /usr/lib/x86_64-linux-gnu/libXrender.so.1.3.0
7f6fd1297000-7f6fd1298000 rw-p 00009000 08:06 27532879                   /usr/lib/x86_64-linux-gnu/libXrender.so.1.3.0
7f6fd1298000-7f6fd13c8000 r-xp 00000000 08:06 27532840                   /usr/lib/x86_64-linux-gnu/libX11.so.6.3.0
7f6fd13c8000-7f6fd15c8000 ---p 00130000 08:06 27532840                   /usr/lib/x86_64-linux-gnu/libX11.so.6.3.0
7f6fd15c8000-7f6fd15c9000 r--p 00130000 08:06 27532840                   /usr/lib/x86_64-linux-gnu/libX11.so.6.3.0
7f6fd15c9000-7f6fd15cd000 rw-p 00131000 08:06 27532840                   /usr/lib/x86_64-linux-gnu/libX11.so.6.3.0
7f6fd15cd000-7f6fd15de000 r-xp 00000000 08:06 27532857                   /usr/lib/x86_64-linux-gnu/libXext.so.6.4.0
7f6fd15de000-7f6fd17dd000 ---p 00011000 08:06 27532857                   /usr/lib/x86_64-linux-gnu/libXext.so.6.4.0
7f6fd17dd000-7f6fd17de000 r--p 00010000 08:06 27532857                   /usr/lib/x86_64-linux-gnu/libXext.so.6.4.0
7f6fd17de000-7f6fd17df000 rw-p 00011000 08:06 27532857                   /usr/lib/x86_64-linux-gnu/libXext.so.6.4.0
7f6fd17df000-7f6fd1833000 r-xp 00000000 08:06 3146474                    /home/john/jdk1.8.0_20/jre/lib/amd64/libawt_xawt.so
7f6fd1833000-7f6fd1a33000 ---p 00054000 08:06 3146474                    /home/john/jdk1.8.0_20/jre/lib/amd64/libawt_xawt.so
7f6fd1a33000-7f6fd1a37000 rw-p 00054000 08:06 3146474                    /home/john/jdk1.8.0_20/jre/lib/amd64/libawt_xawt.so
7f6fd1a37000-7f6fd1a38000 rw-p 00000000 00:00 0 
7f6fd1a38000-7f6fd1ada000 r-xp 00000000 08:06 3146460                    /home/john/jdk1.8.0_20/jre/lib/amd64/libawt.so
7f6fd1ada000-7f6fd1cda000 ---p 000a2000 08:06 3146460                    /home/john/jdk1.8.0_20/jre/lib/amd64/libawt.so
7f6fd1cda000-7f6fd1ce6000 rw-p 000a2000 08:06 3146460                    /home/john/jdk1.8.0_20/jre/lib/amd64/libawt.so
7f6fd1ce6000-7f6fd1d0a000 rw-p 00000000 00:00 0 
7f6fd1d0a000-7f6fd1d0b000 ---p 00000000 00:00 0 
7f6fd1d0b000-7f6fd1e0b000 rw-p 00000000 00:00 0                          [stack:8763]
7f6fd1e0b000-7f6fd1e0e000 ---p 00000000 00:00 0 
7f6fd1e0e000-7f6fd1f0c000 rw-p 00000000 00:00 0                          [stack:8762]
7f6fd1f0c000-7f6fd1f0f000 ---p 00000000 00:00 0 
7f6fd1f0f000-7f6fd200d000 rw-p 00000000 00:00 0                          [stack:8761]
7f6fd200d000-7f6fd2010000 ---p 00000000 00:00 0 
7f6fd2010000-7f6fd210e000 rw-p 00000000 00:00 0                          [stack:8760]
7f6fd210e000-7f6fd2111000 ---p 00000000 00:00 0 
7f6fd2111000-7f6fd220f000 rw-p 00000000 00:00 0                          [stack:8759]
7f6fd220f000-7f6fd2212000 ---p 00000000 00:00 0 
7f6fd2212000-7f6fd4000000 rw-p 00000000 00:00 0                          [stack:8758]
7f6fd4000000-7f6fd4021000 rw-p 00000000 00:00 0 
7f6fd4021000-7f6fd8000000 ---p 00000000 00:00 0 
7f6fd8015000-7f6fd86f7000 r--p 00000000 08:06 27531858                   /usr/lib/locale/locale-archive
7f6fd86f7000-7f6fd86fa000 ---p 00000000 00:00 0 
7f6fd86fa000-7f6fd87f8000 rw-p 00000000 00:00 0                          [stack:8757]
7f6fd87f8000-7f6fd87fb000 ---p 00000000 00:00 0 
7f6fd87fb000-7f6fd88f9000 rw-p 00000000 00:00 0                          [stack:8756]
7f6fd88f9000-7f6fd88fa000 ---p 00000000 00:00 0 
7f6fd88fa000-7f6fd9000000 rw-p 00000000 00:00 0                          [stack:8755]
7f6fd9000000-7f6fd9270000 rwxp 00000000 00:00 0 
7f6fd9270000-7f6fe8000000 ---p 00000000 00:00 0 
7f6fe8000000-7f6fe85a9000 rw-p 00000000 00:00 0 
7f6fe85a9000-7f6fec000000 ---p 00000000 00:00 0 
7f6fec064000-7f6fec080000 r--s 00393000 08:06 3146303                    /home/john/jdk1.8.0_20/jre/lib/ext/cldrdata.jar
7f6fec080000-7f6fec08a000 r--s 00116000 08:06 3146309                    /home/john/jdk1.8.0_20/jre/lib/ext/localedata.jar
7f6fec08a000-7f6feca69000 rw-p 00000000 00:00 0 
7f6feca69000-7f6fecc3f000 r--s 03ca8000 08:06 2885685                    /home/john/jdk1.8.0_20/jre/lib/rt.jar
7f6fecc3f000-7f6fed684000 rw-p 00000000 00:00 0 
7f6fed684000-7f6fed685000 ---p 00000000 00:00 0 
7f6fed685000-7f6fed785000 rw-p 00000000 00:00 0                          [stack:8753]
7f6fed785000-7f6fed786000 ---p 00000000 00:00 0 
7f6fed786000-7f6fed886000 rw-p 00000000 00:00 0                          [stack:8752]
7f6fed886000-7f6fed887000 ---p 00000000 00:00 0 
7f6fed887000-7f6fed987000 rw-p 00000000 00:00 0                          [stack:8751]
7f6fed987000-7f6fed988000 ---p 00000000 00:00 0 
7f6fed988000-7f6feda9c000 rw-p 00000000 00:00 0                          [stack:8750]
7f6feda9c000-7f6fedbbd000 ---p 00000000 00:00 0 
7f6fedbbd000-7f6fedbd1000 rw-p 00000000 00:00 0 
7f6fedbd1000-7f6fedcf1000 ---p 00000000 00:00 0 
7f6fedcf1000-7f6fedcfc000 rw-p 00000000 00:00 0 
7f6fedcfc000-7f6fedd8c000 ---p 00000000 00:00 0 
7f6fedd8c000-7f6fedd97000 rw-p 00000000 00:00 0 
7f6fedd97000-7f6fee14d000 ---p 00000000 00:00 0 
7f6fee14d000-7f6fee167000 r-xp 00000000 08:06 3146463                    /home/john/jdk1.8.0_20/jre/lib/amd64/libzip.so
7f6fee167000-7f6fee367000 ---p 0001a000 08:06 3146463                    /home/john/jdk1.8.0_20/jre/lib/amd64/libzip.so
7f6fee367000-7f6fee368000 rw-p 0001a000 08:06 3146463                    /home/john/jdk1.8.0_20/jre/lib/amd64/libzip.so
7f6fee368000-7f6fee373000 r-xp 00000000 08:06 14423904                   /lib/x86_64-linux-gnu/libnss_files-2.19.so
7f6fee373000-7f6fee572000 ---p 0000b000 08:06 14423904                   /lib/x86_64-linux-gnu/libnss_files-2.19.so
7f6fee572000-7f6fee573000 r--p 0000a000 08:06 14423904                   /lib/x86_64-linux-gnu/libnss_files-2.19.so
7f6fee573000-7f6fee574000 rw-p 0000b000 08:06 14423904                   /lib/x86_64-linux-gnu/libnss_files-2.19.so
7f6fee574000-7f6fee57f000 r-xp 00000000 08:06 14425471                   /lib/x86_64-linux-gnu/libnss_nis-2.19.so
7f6fee57f000-7f6fee77e000 ---p 0000b000 08:06 14425471                   /lib/x86_64-linux-gnu/libnss_nis-2.19.so
7f6fee77e000-7f6fee77f000 r--p 0000a000 08:06 14425471                   /lib/x86_64-linux-gnu/libnss_nis-2.19.so
7f6fee77f000-7f6fee780000 rw-p 0000b000 08:06 14425471                   /lib/x86_64-linux-gnu/libnss_nis-2.19.so
7f6fee780000-7f6fee797000 r-xp 00000000 08:06 14425460                   /lib/x86_64-linux-gnu/libnsl-2.19.so
7f6fee797000-7f6fee996000 ---p 00017000 08:06 14425460                   /lib/x86_64-linux-gnu/libnsl-2.19.so
7f6fee996000-7f6fee997000 r--p 00016000 08:06 14425460                   /lib/x86_64-linux-gnu/libnsl-2.19.so
7f6fee997000-7f6fee998000 rw-p 00017000 08:06 14425460                   /lib/x86_64-linux-gnu/libnsl-2.19.so
7f6fee998000-7f6fee99a000 rw-p 00000000 00:00 0 
7f6fee99a000-7f6fee9a3000 r-xp 00000000 08:06 14425459                   /lib/x86_64-linux-gnu/libnss_compat-2.19.so
7f6fee9a3000-7f6feeba2000 ---p 00009000 08:06 14425459                   /lib/x86_64-linux-gnu/libnss_compat-2.19.so
7f6feeba2000-7f6feeba3000 r--p 00008000 08:06 14425459                   /lib/x86_64-linux-gnu/libnss_compat-2.19.so
7f6feeba3000-7f6feeba4000 rw-p 00009000 08:06 14425459                   /lib/x86_64-linux-gnu/libnss_compat-2.19.so
7f6feeba4000-7f6feebce000 r-xp 00000000 08:06 3146458                    /home/john/jdk1.8.0_20/jre/lib/amd64/libjava.so
7f6feebce000-7f6feedce000 ---p 0002a000 08:06 3146458                    /home/john/jdk1.8.0_20/jre/lib/amd64/libjava.so
7f6feedce000-7f6feedd0000 rw-p 0002a000 08:06 3146458                    /home/john/jdk1.8.0_20/jre/lib/amd64/libjava.so
7f6feedd0000-7f6feeddd000 r-xp 00000000 08:06 3146462                    /home/john/jdk1.8.0_20/jre/lib/amd64/libverify.so
7f6feeddd000-7f6feefdd000 ---p 0000d000 08:06 3146462                    /home/john/jdk1.8.0_20/jre/lib/amd64/libverify.so
7f6feefdd000-7f6feefdf000 rw-p 0000d000 08:06 3146462                    /home/john/jdk1.8.0_20/jre/lib/amd64/libverify.so
7f6feefdf000-7f6feefe6000 r-xp 00000000 08:06 14425468                   /lib/x86_64-linux-gnu/librt-2.19.so
7f6feefe6000-7f6fef1e5000 ---p 00007000 08:06 14425468                   /lib/x86_64-linux-gnu/librt-2.19.so
7f6fef1e5000-7f6fef1e6000 r--p 00006000 08:06 14425468                   /lib/x86_64-linux-gnu/librt-2.19.so
7f6fef1e6000-7f6fef1e7000 rw-p 00007000 08:06 14425468                   /lib/x86_64-linux-gnu/librt-2.19.so
7f6fef1e7000-7f6fef2ec000 r-xp 00000000 08:06 14423902                   /lib/x86_64-linux-gnu/libm-2.19.so
7f6fef2ec000-7f6fef4eb000 ---p 00105000 08:06 14423902                   /lib/x86_64-linux-gnu/libm-2.19.so
7f6fef4eb000-7f6fef4ec000 r--p 00104000 08:06 14423902                   /lib/x86_64-linux-gnu/libm-2.19.so
7f6fef4ec000-7f6fef4ed000 rw-p 00105000 08:06 14423902                   /lib/x86_64-linux-gnu/libm-2.19.so
7f6fef4ed000-7f6ff0157000 r-xp 00000000 08:06 3146444                    /home/john/jdk1.8.0_20/jre/lib/amd64/server/libjvm.so
7f6ff0157000-7f6ff0356000 ---p 00c6a000 08:06 3146444                    /home/john/jdk1.8.0_20/jre/lib/amd64/server/libjvm.so
7f6ff0356000-7f6ff042d000 rw-p 00c69000 08:06 3146444                    /home/john/jdk1.8.0_20/jre/lib/amd64/server/libjvm.so
7f6ff042d000-7f6ff046f000 rw-p 00000000 00:00 0 
7f6ff046f000-7f6ff062a000 r-xp 00000000 08:06 14425465                   /lib/x86_64-linux-gnu/libc-2.19.so
7f6ff062a000-7f6ff0829000 ---p 001bb000 08:06 14425465                   /lib/x86_64-linux-gnu/libc-2.19.so
7f6ff0829000-7f6ff082d000 r--p 001ba000 08:06 14425465                   /lib/x86_64-linux-gnu/libc-2.19.so
7f6ff082d000-7f6ff082f000 rw-p 001be000 08:06 14425465                   /lib/x86_64-linux-gnu/libc-2.19.so
7f6ff082f000-7f6ff0834000 rw-p 00000000 00:00 0 
7f6ff0834000-7f6ff0837000 r-xp 00000000 08:06 14425454                   /lib/x86_64-linux-gnu/libdl-2.19.so
7f6ff0837000-7f6ff0a36000 ---p 00003000 08:06 14425454                   /lib/x86_64-linux-gnu/libdl-2.19.so
7f6ff0a36000-7f6ff0a37000 r--p 00002000 08:06 14425454                   /lib/x86_64-linux-gnu/libdl-2.19.so
7f6ff0a37000-7f6ff0a38000 rw-p 00003000 08:06 14425454                   /lib/x86_64-linux-gnu/libdl-2.19.so
7f6ff0a38000-7f6ff0a4d000 r-xp 00000000 08:06 2885489                    /home/john/jdk1.8.0_20/lib/amd64/jli/libjli.so
7f6ff0a4d000-7f6ff0c4c000 ---p 00015000 08:06 2885489                    /home/john/jdk1.8.0_20/lib/amd64/jli/libjli.so
7f6ff0c4c000-7f6ff0c4d000 rw-p 00014000 08:06 2885489                    /home/john/jdk1.8.0_20/lib/amd64/jli/libjli.so
7f6ff0c4d000-7f6ff0c66000 r-xp 00000000 08:06 14425466                   /lib/x86_64-linux-gnu/libpthread-2.19.so
7f6ff0c66000-7f6ff0e65000 ---p 00019000 08:06 14425466                   /lib/x86_64-linux-gnu/libpthread-2.19.so
7f6ff0e65000-7f6ff0e66000 r--p 00018000 08:06 14425466                   /lib/x86_64-linux-gnu/libpthread-2.19.so
7f6ff0e66000-7f6ff0e67000 rw-p 00019000 08:06 14425466                   /lib/x86_64-linux-gnu/libpthread-2.19.so
7f6ff0e67000-7f6ff0e6b000 rw-p 00000000 00:00 0 
7f6ff0e6b000-7f6ff0e8e000 r-xp 00000000 08:06 14425462                   /lib/x86_64-linux-gnu/ld-2.19.so
7f6ff0e8f000-7f6ff0e91000 rw-p 00000000 00:00 0 
7f6ff0e91000-7f6ff0e92000 r--p 00000000 08:06 664782                     /usr/share/locale-langpack/en_GB/LC_MESSAGES/libc.mo
7f6ff0e92000-7f6ff0f64000 rw-p 00000000 00:00 0 
7f6ff0f64000-7f6ff0f67000 ---p 00000000 00:00 0 
7f6ff0f67000-7f6ff1069000 rw-p 00000000 00:00 0                          [stack:8747]
7f6ff1069000-7f6ff106e000 r--s 002f8000 08:06 2885683                    /home/john/jdk1.8.0_20/jre/lib/charsets.jar
7f6ff106e000-7f6ff1081000 rw-p 00000000 00:00 0 
7f6ff1081000-7f6ff1089000 rw-s 00000000 08:06 24117422                   /tmp/hsperfdata_john/8746
7f6ff1089000-7f6ff108a000 rw-p 00000000 00:00 0 
7f6ff108a000-7f6ff108b000 r--p 00000000 00:00 0 
7f6ff108b000-7f6ff108d000 rw-p 00000000 00:00 0 
7f6ff108d000-7f6ff108e000 r--p 00022000 08:06 14425462                   /lib/x86_64-linux-gnu/ld-2.19.so
7f6ff108e000-7f6ff108f000 rw-p 00023000 08:06 14425462                   /lib/x86_64-linux-gnu/ld-2.19.so
7f6ff108f000-7f6ff1090000 rw-p 00000000 00:00 0 
7ffff0279000-7ffff029a000 rw-p 00000000 00:00 0                          [stack]
7ffff03a2000-7ffff03a4000 r-xp 00000000 00:00 0                          [vdso]
ffffffffff600000-ffffffffff601000 r-xp 00000000 00:00 0                  [vsyscall]

VM Arguments:
jvm_args: -Dfile.encoding=UTF-8 -Djava.library.path=/usr/local/lib 
java_command: org.g0orx.openhpsdr.OpenHPSDRJ
java_class_path (initial): /home/john/NetBeansProjects/openHPSDRJ/build/classes
Launcher Type: SUN_STANDARD

Environment Variables:
PATH=/usr/local/sbin:/usr/local/bin:/usr/sbin:/usr/bin:/sbin:/bin:/usr/games:/usr/local/games
LD_LIBRARY_PATH=/home/john/jdk1.8.0_20/jre/lib/amd64:/home/john/jdk1.8.0_20/jre/lib/i386:
SHELL=/bin/bash
DISPLAY=:0.0

Signal Handlers:
SIGSEGV: [libjvm.so+0xa77530], sa_mask[0]=11111111011111111101111111111110, sa_flags=SA_RESTART|SA_SIGINFO
SIGBUS: [libjvm.so+0xa77530], sa_mask[0]=11111111011111111101111111111110, sa_flags=SA_RESTART|SA_SIGINFO
SIGFPE: [libjvm.so+0x8e1d90], sa_mask[0]=11111111011111111101111111111110, sa_flags=SA_RESTART|SA_SIGINFO
SIGPIPE: [libjvm.so+0x8e1d90], sa_mask[0]=11111111011111111101111111111110, sa_flags=SA_RESTART|SA_SIGINFO
SIGXFSZ: [libjvm.so+0x8e1d90], sa_mask[0]=11111111011111111101111111111110, sa_flags=SA_RESTART|SA_SIGINFO
SIGILL: [libjvm.so+0x8e1d90], sa_mask[0]=11111111011111111101111111111110, sa_flags=SA_RESTART|SA_SIGINFO
SIGUSR1: SIG_DFL, sa_mask[0]=00000000000000000000000000000000, sa_flags=none
SIGUSR2: [libjvm.so+0x8e35c0], sa_mask[0]=00100000000000000000000000000000, sa_flags=SA_RESTART|SA_SIGINFO
SIGHUP: [libjvm.so+0x8e4980], sa_mask[0]=11111111011111111101111111111110, sa_flags=SA_RESTART|SA_SIGINFO
SIGINT: SIG_IGN, sa_mask[0]=00000000000000000000000000000000, sa_flags=none
SIGTERM: [libjvm.so+0x8e4980], sa_mask[0]=11111111011111111101111111111110, sa_flags=SA_RESTART|SA_SIGINFO
SIGQUIT: [libjvm.so+0x8e4980], sa_mask[0]=11111111011111111101111111111110, sa_flags=SA_RESTART|SA_SIGINFO


---------------  S Y S T E M  ---------------

OS:DISTRIB_ID=Ubuntu
DISTRIB_RELEASE=14.04
DISTRIB_CODENAME=trusty
DISTRIB_DESCRIPTION="Ubuntu 14.04.2 LTS"

uname:Linux 3.13.0-46-generic #79-Ubuntu SMP Tue Mar 10 20:06:50 UTC 2015 x86_64
libc:glibc 2.19 NPTL 2.19 
rlimit: STACK 8192k, CORE 0k, NPROC 29404, NOFILE 4096, AS infinity
load average:0.63 0.40 0.28

/proc/meminfo:
MemTotal:        3785356 kB
MemFree:          231788 kB
Buffers:           22528 kB
Cached:           789776 kB
SwapCached:        23676 kB
Active:          2268848 kB
Inactive:         924132 kB
Active(anon):    2010108 kB
Inactive(anon):   695216 kB
Active(file):     258740 kB
Inactive(file):   228916 kB
Unevictable:          48 kB
Mlocked:              48 kB
SwapTotal:       3926012 kB
SwapFree:        3706036 kB
Dirty:               876 kB
Writeback:             0 kB
AnonPages:       2362540 kB
Mapped:           152376 kB
Shmem:            324640 kB
Slab:             267584 kB
SReclaimable:     234784 kB
SUnreclaim:        32800 kB
KernelStack:        4336 kB
PageTables:        33704 kB
NFS_Unstable:          0 kB
Bounce:                0 kB
WritebackTmp:          0 kB
CommitLimit:     5818688 kB
Committed_AS:    6455180 kB
VmallocTotal:   34359738367 kB
VmallocUsed:      351580 kB
VmallocChunk:   34359377680 kB
HardwareCorrupted:     0 kB
AnonHugePages:    301056 kB
HugePages_Total:       0
HugePages_Free:        0
HugePages_Rsvd:        0
HugePages_Surp:        0
Hugepagesize:       2048 kB
DirectMap4k:       79744 kB
DirectMap2M:     3848192 kB


CPU:total 4 (2 cores per cpu, 2 threads per core) family 6 model 37 stepping 2, cmov, cx8, fxsr, mmx, sse, sse2, sse3, ssse3, sse4.1, sse4.2, popcnt, aes, clmul, ht, tsc, tscinvbit

/proc/cpuinfo:
processor	: 0
vendor_id	: GenuineIntel
cpu family	: 6
model		: 37
model name	: Intel(R) Core(TM) i5 CPU         650  @ 3.20GHz
stepping	: 2
microcode	: 0x9
cpu MHz		: 1197.000
cache size	: 4096 KB
physical id	: 0
siblings	: 4
core id		: 0
cpu cores	: 2
apicid		: 0
initial apicid	: 0
fpu		: yes
fpu_exception	: yes
cpuid level	: 11
wp		: yes
flags		: fpu vme de pse tsc msr pae mce cx8 apic sep mtrr pge mca cmov pat pse36 clflush dts acpi mmx fxsr sse sse2 ss ht tm pbe syscall nx rdtscp lm constant_tsc arch_perfmon pebs bts rep_good nopl xtopology nonstop_tsc aperfmperf pni pclmulqdq dtes64 monitor ds_cpl vmx smx est tm2 ssse3 cx16 xtpr pdcm sse4_1 sse4_2 popcnt aes lahf_lm ida arat dtherm tpr_shadow vnmi flexpriority ept vpid
bogomips	: 6400.38
clflush size	: 64
cache_alignment	: 64
address sizes	: 36 bits physical, 48 bits virtual
power management:

processor	: 1
vendor_id	: GenuineIntel
cpu family	: 6
model		: 37
model name	: Intel(R) Core(TM) i5 CPU         650  @ 3.20GHz
stepping	: 2
microcode	: 0x9
cpu MHz		: 1197.000
cache size	: 4096 KB
physical id	: 0
siblings	: 4
core id		: 2
cpu cores	: 2
apicid		: 4
initial apicid	: 4
fpu		: yes
fpu_exception	: yes
cpuid level	: 11
wp		: yes
flags		: fpu vme de pse tsc msr pae mce cx8 apic sep mtrr pge mca cmov pat pse36 clflush dts acpi mmx fxsr sse sse2 ss ht tm pbe syscall nx rdtscp lm constant_tsc arch_perfmon pebs bts rep_good nopl xtopology nonstop_tsc aperfmperf pni pclmulqdq dtes64 monitor ds_cpl vmx smx est tm2 ssse3 cx16 xtpr pdcm sse4_1 sse4_2 popcnt aes lahf_lm ida arat dtherm tpr_shadow vnmi flexpriority ept vpid
bogomips	: 6400.38
clflush size	: 64
cache_alignment	: 64
address sizes	: 36 bits physical, 48 bits virtual
power management:

processor	: 2
vendor_id	: GenuineIntel
cpu family	: 6
model		: 37
model name	: Intel(R) Core(TM) i5 CPU         650  @ 3.20GHz
stepping	: 2
microcode	: 0x9
cpu MHz		: 1197.000
cache size	: 4096 KB
physical id	: 0
siblings	: 4
core id		: 0
cpu cores	: 2
apicid		: 1
initial apicid	: 1
fpu		: yes
fpu_exception	: yes
cpuid level	: 11
wp		: yes
flags		: fpu vme de pse tsc msr pae mce cx8 apic sep mtrr pge mca cmov pat pse36 clflush dts acpi mmx fxsr sse sse2 ss ht tm pbe syscall nx rdtscp lm constant_tsc arch_perfmon pebs bts rep_good nopl xtopology nonstop_tsc aperfmperf pni pclmulqdq dtes64 monitor ds_cpl vmx smx est tm2 ssse3 cx16 xtpr pdcm sse4_1 sse4_2 popcnt aes lahf_lm ida arat dtherm tpr_shadow vnmi flexpriority ept vpid
bogomips	: 6400.38
clflush size	: 64
cache_alignment	: 64
address sizes	: 36 bits physical, 48 bits virtual
power management:

processor	: 3
vendor_id	: GenuineIntel
cpu family	: 6
model		: 37
model name	: Intel(R) Core(TM) i5 CPU         650  @ 3.20GHz
stepping	: 2
microcode	: 0x9
cpu MHz		: 3193.000
cache size	: 4096 KB
physical id	: 0
siblings	: 4
core id		: 2
cpu cores	: 2
apicid		: 5
initial apicid	: 5
fpu		: yes
fpu_exception	: yes
cpuid level	: 11
wp		: yes
flags		: fpu vme de pse tsc msr pae mce cx8 apic sep mtrr pge mca cmov pat pse36 clflush dts acpi mmx fxsr sse sse2 ss ht tm pbe syscall nx rdtscp lm constant_tsc arch_perfmon pebs bts rep_good nopl xtopology nonstop_tsc aperfmperf pni pclmulqdq dtes64 monitor ds_cpl vmx smx est tm2 ssse3 cx16 xtpr pdcm sse4_1 sse4_2 popcnt aes lahf_lm ida arat dtherm tpr_shadow vnmi flexpriority ept vpid
bogomips	: 6400.38
clflush size	: 64
cache_alignment	: 64
address sizes	: 36 bits physical, 48 bits virtual
power management:



Memory: 4k page, physical 3785356k(231788k free), swap 3926012k(3706036k free)

vm_info: Java HotSpot(TM) 64-Bit Server VM (25.20-b23) for linux-amd64 JRE (1.8.0_20-b26), built on Jul 30 2014 13:13:52 by "java_re" with gcc 4.3.0 20080428 (Red Hat 4.3.0-8)

time: Fri Mar 20 11:15:53 2015
elapsed time: 7 seconds (0d 0h 0m 7s)

