#
# A fatal error has been detected by the Java Runtime Environment:
#
#  SIGSEGV (0xb) at pc=0x00007f5dc0980c37, pid=11260, tid=140038717290240
#
# JRE version: Java(TM) SE Runtime Environment (8.0_20-b26) (build 1.8.0_20-b26)
# Java VM: Java HotSpot(TM) 64-Bit Server VM (25.20-b23 mixed mode linux-amd64 compressed oops)
# Problematic frame:
# C  [libpthread.so.0+0xdc37]  sem_init+0x7
#
# Failed to write core dump. Core dumps have been disabled. To enable core dumping, try "ulimit -c unlimited" before starting Java again
#
# If you would like to submit a bug report, please visit:
#   http://bugreport.sun.com/bugreport/crash.jsp
#

---------------  T H R E A D  ---------------

Current thread is native thread

siginfo: si_signo: 11 (SIGSEGV), si_code: 1 (SEGV_MAPERR), si_addr: 0x0000000000000000

Registers:
RAX=0x0000000000000000, RBX=0x0000000000000400, RCX=0x0000000000000000, RDX=0x0000000000000000
RSP=0x00007f5d4dffae48, RBP=0x00007f5d4dffae80, RSI=0x0000000000000000, RDI=0x0000000000000000
R8 =0x00007f5d4dffad90, R9 =0x00007f5d4dffb700, R10=0x00007f5d4dffac50, R11=0x00007f5d7219fb9d
R12=0x0000000000000001, R13=0x00007f5d400009f0, R14=0x00007f5d4dffb9c0, R15=0x00007f5d4dffb700
RIP=0x00007f5dc0980c37, EFLAGS=0x0000000000010297, CSGSFS=0x3f92000000000033, ERR=0x0000000000000006
  TRAPNO=0x000000000000000e

Top of Stack: (sp=0x00007f5d4dffae48)
0x00007f5d4dffae48:   00007f5d7219fa28 0000000000000000
0x00007f5d4dffae58:   000000004dffac80 00000004000003e8
0x00007f5d4dffae68:   0000000000000000 00007f5d4dffb700
0x00007f5d4dffae78:   00007f5d5804ded0 00007f5d4dffaee0
0x00007f5d4dffae88:   00007f5d721ca01d 0000008000000000
0x00007f5d4dffae98:   0000000000000000 0000000000000000
0x00007f5d4dffaea8:   0000000000000000 0000000000000000
0x00007f5d4dffaeb8:   0000000000000000 0000000400000000
0x00007f5d4dffaec8:   00007f5d581b1080 00007f5d4dffb700
0x00007f5d4dffaed8:   00007f5d4dffb700 00007f5d4dffaf10
0x00007f5d4dffaee8:   00007f5d721b4b3c 00007f5dc054f878
0x00007f5d4dffaef8:   0000000000000000 00007f5d4dffb700
0x00007f5d4dffaf08:   000000004dffb700 0000000000000000
0x00007f5d4dffaf18:   00007f5dc097b182 0000000000000000
0x00007f5d4dffaf28:   00007f5d4dffb700 00007f5d4dffb700
0x00007f5d4dffaf38:   f024afd4099a6e58 0000000000000001
0x00007f5d4dffaf48:   00007f5d400009f0 00007f5d4dffb9c0
0x00007f5d4dffaf58:   00007f5d4dffb700 0e9e342b57da6e58
0x00007f5d4dffaf68:   0e9f2efb6b006e58 0000000000000000
0x00007f5d4dffaf78:   0000000000000000 0000000000000000
0x00007f5d4dffaf88:   0000000000000000 0000000000000000
0x00007f5d4dffaf98:   0000000000000000 0000000000000000
0x00007f5d4dffafa8:   0000000000000000 00007f5d4dffb700
0x00007f5d4dffafb8:   00007f5dc028f47d 0000000000000000
0x00007f5d4dffafc8:   0000000000000000 0000000000000000
0x00007f5d4dffafd8:   0000000000000000 0000000000000000
0x00007f5d4dffafe8:   0000000000000000 0000000000000000
0x00007f5d4dffaff8:   0000000000000000 0000000000000000
0x00007f5d4dffb008:   0000000000000000 0000000000000000
0x00007f5d4dffb018:   0000000000000000 0000000000000000
0x00007f5d4dffb028:   0000000000000000 0000000000000000
0x00007f5d4dffb038:   0000000000000000 0000000000000000 

Instructions: (pc=0x00007f5dc0980c37)
0x00007f5dc0980c17:   16 00 00 00 b8 ff ff ff ff 5b c3 66 2e 0f 1f 84
0x00007f5dc0980c27:   00 00 00 00 00 0f 1f 40 00 85 d2 78 1a 83 fe 01
0x00007f5dc0980c37:   89 17 48 c7 47 08 00 00 00 00 19 c0 25 80 00 00
0x00007f5dc0980c47:   00 89 47 04 31 c0 c3 48 8b 05 33 b3 20 00 64 c7 

Register to memory mapping:

RAX=0x0000000000000000 is an unknown value
RBX=0x0000000000000400 is an unknown value
RCX=0x0000000000000000 is an unknown value
RDX=0x0000000000000000 is an unknown value
RSP=0x00007f5d4dffae48 is an unknown value
RBP=0x00007f5d4dffae80 is an unknown value
RSI=0x0000000000000000 is an unknown value
RDI=0x0000000000000000 is an unknown value
R8 =0x00007f5d4dffad90 is an unknown value
R9 =0x00007f5d4dffb700 is an unknown value
R10=0x00007f5d4dffac50 is an unknown value
R11=
[error occurred during error reporting (printing register info), id 0xb]

Stack: [0x00007f5d4d7fb000,0x00007f5d4dffc000],  sp=0x00007f5d4dffae48,  free space=8191k
Native frames: (J=compiled Java code, j=interpreted, Vv=VM code, C=native code)
C  [libpthread.so.0+0xdc37]  sem_init+0x7

[error occurred during error reporting (printing native stack), id 0xb]


---------------  P R O C E S S  ---------------

VM state:not at safepoint (normal execution)

VM Mutex/Monitor currently owned by a thread: None

Heap:
 PSYoungGen      total 17408K, used 13928K [0x00000000ecb80000, 0x00000000ede80000, 0x0000000100000000)
  eden space 15360K, 77% used [0x00000000ecb80000,0x00000000ed725ad0,0x00000000eda80000)
  from space 2048K, 97% used [0x00000000eda80000,0x00000000edc74830,0x00000000edc80000)
  to   space 2048K, 0% used [0x00000000edc80000,0x00000000edc80000,0x00000000ede80000)
 ParOldGen       total 39936K, used 458K [0x00000000c6200000, 0x00000000c8900000, 0x00000000ecb80000)
  object space 39936K, 1% used [0x00000000c6200000,0x00000000c6272840,0x00000000c8900000)
 Metaspace       used 12693K, capacity 12842K, committed 13056K, reserved 1060864K
  class space    used 1467K, capacity 1514K, committed 1536K, reserved 1048576K

Card table byte_map: [0x00007f5dbd8e3000,0x00007f5dbdab3000] byte_map_base: 0x00007f5dbd2b2000

Marking Bits: (ParMarkBitMap*) 0x00007f5dc016aac0
 Begin Bits: [0x00007f5da2310000, 0x00007f5da3188000)
 End Bits:   [0x00007f5da3188000, 0x00007f5da4000000)

Polling page: 0x00007f5dc0db0000

CodeCache: size=245760Kb used=5269Kb max_used=5317Kb free=240490Kb
 bounds [0x00007f5da9000000, 0x00007f5da9540000, 0x00007f5db8000000]
 total_blobs=1933 nmethods=1388 adapters=460
 compilation: enabled

Compilation events (10 events):
Event: 82.778 Thread 0x00007f5db80ad800 1405   !   4       sun.java2d.xr.XRRenderer::draw (143 bytes)
Event: 82.842 Thread 0x00007f5db80ad800 nmethod 1405 0x00007f5da952f5d0 code [0x00007f5da952fa80, 0x00007f5da95314d0]
Event: 82.977 Thread 0x00007f5db80b0000 1406       4       java.lang.ref.SoftReference::get (29 bytes)
Event: 82.977 Thread 0x00007f5db80b0000 nmethod 1406 0x00007f5da9497e10 code [0x00007f5da9497f60, 0x00007f5da9497ff8]
Event: 83.577 Thread 0x00007f5db80b2000 1407       3       java.util.IdentityHashMap::get (60 bytes)
Event: 83.577 Thread 0x00007f5db80b2000 nmethod 1407 0x00007f5da9535110 code [0x00007f5da95352c0, 0x00007f5da9535768]
Event: 84.538 Thread 0x00007f5db80b2000 1409       3       java.util.LinkedList$ListItr::checkForComodification (23 bytes)
Event: 84.538 Thread 0x00007f5db80b2000 nmethod 1409 0x00007f5da9534c90 code [0x00007f5da9534e00, 0x00007f5da9535028]
Event: 84.538 Thread 0x00007f5db80b2000 1408       3       sun.font.SunFontManager::getInstance (9 bytes)
Event: 84.539 Thread 0x00007f5db80b2000 nmethod 1408 0x00007f5da9534210 code [0x00007f5da95343c0, 0x00007f5da95349a8]

GC Heap History (6 events):
Event: 20.980 GC heap before
{Heap before GC invocations=1 (full 0):
 PSYoungGen      total 17408K, used 15360K [0x00000000ecb80000, 0x00000000ede80000, 0x0000000100000000)
  eden space 15360K, 100% used [0x00000000ecb80000,0x00000000eda80000,0x00000000eda80000)
  from space 2048K, 0% used [0x00000000edc80000,0x00000000edc80000,0x00000000ede80000)
  to   space 2048K, 0% used [0x00000000eda80000,0x00000000eda80000,0x00000000edc80000)
 ParOldGen       total 39936K, used 0K [0x00000000c6200000, 0x00000000c8900000, 0x00000000ecb80000)
  object space 39936K, 0% used [0x00000000c6200000,0x00000000c6200000,0x00000000c8900000)
 Metaspace       used 12462K, capacity 12650K, committed 12800K, reserved 1060864K
  class space    used 1466K, capacity 1514K, committed 1536K, reserved 1048576K
Event: 20.986 GC heap after
Heap after GC invocations=1 (full 0):
 PSYoungGen      total 17408K, used 2032K [0x00000000ecb80000, 0x00000000ede80000, 0x0000000100000000)
  eden space 15360K, 0% used [0x00000000ecb80000,0x00000000ecb80000,0x00000000eda80000)
  from space 2048K, 99% used [0x00000000eda80000,0x00000000edc7c020,0x00000000edc80000)
  to   space 2048K, 0% used [0x00000000edc80000,0x00000000edc80000,0x00000000ede80000)
 ParOldGen       total 39936K, used 442K [0x00000000c6200000, 0x00000000c8900000, 0x00000000ecb80000)
  object space 39936K, 1% used [0x00000000c6200000,0x00000000c626e840,0x00000000c8900000)
 Metaspace       used 12462K, capacity 12650K, committed 12800K, reserved 1060864K
  class space    used 1466K, capacity 1514K, committed 1536K, reserved 1048576K
}
Event: 42.377 GC heap before
{Heap before GC invocations=2 (full 0):
 PSYoungGen      total 17408K, used 17392K [0x00000000ecb80000, 0x00000000ede80000, 0x0000000100000000)
  eden space 15360K, 100% used [0x00000000ecb80000,0x00000000eda80000,0x00000000eda80000)
  from space 2048K, 99% used [0x00000000eda80000,0x00000000edc7c020,0x00000000edc80000)
  to   space 2048K, 0% used [0x00000000edc80000,0x00000000edc80000,0x00000000ede80000)
 ParOldGen       total 39936K, used 442K [0x00000000c6200000, 0x00000000c8900000, 0x00000000ecb80000)
  object space 39936K, 1% used [0x00000000c6200000,0x00000000c626e840,0x00000000c8900000)
 Metaspace       used 12605K, capacity 12778K, committed 13056K, reserved 1060864K
  class space    used 1467K, capacity 1514K, committed 1536K, reserved 1048576K
Event: 42.384 GC heap after
Heap after GC invocations=2 (full 0):
 PSYoungGen      total 17408K, used 2016K [0x00000000ecb80000, 0x00000000ede80000, 0x0000000100000000)
  eden space 15360K, 0% used [0x00000000ecb80000,0x00000000ecb80000,0x00000000eda80000)
  from space 2048K, 98% used [0x00000000edc80000,0x00000000ede78010,0x00000000ede80000)
  to   space 2048K, 0% used [0x00000000eda80000,0x00000000eda80000,0x00000000edc80000)
 ParOldGen       total 39936K, used 450K [0x00000000c6200000, 0x00000000c8900000, 0x00000000ecb80000)
  object space 39936K, 1% used [0x00000000c6200000,0x00000000c6270840,0x00000000c8900000)
 Metaspace       used 12605K, capacity 12778K, committed 13056K, reserved 1060864K
  class space    used 1467K, capacity 1514K, committed 1536K, reserved 1048576K
}
Event: 64.577 GC heap before
{Heap before GC invocations=3 (full 0):
 PSYoungGen      total 17408K, used 17376K [0x00000000ecb80000, 0x00000000ede80000, 0x0000000100000000)
  eden space 15360K, 100% used [0x00000000ecb80000,0x00000000eda80000,0x00000000eda80000)
  from space 2048K, 98% used [0x00000000edc80000,0x00000000ede78010,0x00000000ede80000)
  to   space 2048K, 0% used [0x00000000eda80000,0x00000000eda80000,0x00000000edc80000)
 ParOldGen       total 39936K, used 450K [0x00000000c6200000, 0x00000000c8900000, 0x00000000ecb80000)
  object space 39936K, 1% used [0x00000000c6200000,0x00000000c6270840,0x00000000c8900000)
 Metaspace       used 12646K, capacity 12842K, committed 13056K, reserved 1060864K
  class space    used 1467K, capacity 1514K, committed 1536K, reserved 1048576K
Event: 64.581 GC heap after
Heap after GC invocations=3 (full 0):
 PSYoungGen      total 17408K, used 2002K [0x00000000ecb80000, 0x00000000ede80000, 0x0000000100000000)
  eden space 15360K, 0% used [0x00000000ecb80000,0x00000000ecb80000,0x00000000eda80000)
  from space 2048K, 97% used [0x00000000eda80000,0x00000000edc74830,0x00000000edc80000)
  to   space 2048K, 0% used [0x00000000edc80000,0x00000000edc80000,0x00000000ede80000)
 ParOldGen       total 39936K, used 458K [0x00000000c6200000, 0x00000000c8900000, 0x00000000ecb80000)
  object space 39936K, 1% used [0x00000000c6200000,0x00000000c6272840,0x00000000c8900000)
 Metaspace       used 12646K, capacity 12842K, committed 13056K, reserved 1060864K
  class space    used 1467K, capacity 1514K, committed 1536K, reserved 1048576K
}

Deoptimization events (6 events):
Event: 2.486 Thread 0x00007f5d5804b000 Uncommon trap: reason=unreached action=reinterpret pc=0x00007f5da924f8ec method=java.util.concurrent.locks.AbstractQueuedSynchronizer.release(I)Z @ 14
Event: 78.846 Thread 0x00007f5db82d1000 Uncommon trap: reason=class_check action=maybe_recompile pc=0x00007f5da94d2a60 method=sun.java2d.xr.XRRenderer.draw(Lsun/java2d/SunGraphics2D;Ljava/awt/Shape;)V @ 16
Event: 78.861 Thread 0x00007f5db82d1000 Uncommon trap: reason=class_check action=maybe_recompile pc=0x00007f5da94d2a60 method=sun.java2d.xr.XRRenderer.draw(Lsun/java2d/SunGraphics2D;Ljava/awt/Shape;)V @ 16
Event: 78.861 Thread 0x00007f5db82d1000 Uncommon trap: reason=class_check action=maybe_recompile pc=0x00007f5da94d2a60 method=sun.java2d.xr.XRRenderer.draw(Lsun/java2d/SunGraphics2D;Ljava/awt/Shape;)V @ 16
Event: 81.645 Thread 0x00007f5db82d1000 Uncommon trap: reason=class_check action=maybe_recompile pc=0x00007f5da94d2a60 method=sun.java2d.xr.XRRenderer.draw(Lsun/java2d/SunGraphics2D;Ljava/awt/Shape;)V @ 16
Event: 82.108 Thread 0x00007f5db82d1000 Uncommon trap: reason=unreached action=reinterpret pc=0x00007f5da94d6258 method=java.util.IdentityHashMap.get(Ljava/lang/Object;)Ljava/lang/Object; @ 43

Internal exceptions (10 events):
Event: 2.360 Thread 0x00007f5db8364800 Exception <a 'java/net/SocketTimeoutException': Receive timed out> (0x00000000ed0d28d0) thrown at [/HUDSON/workspace/8-2-build-linux-amd64/jdk8u20/1074/hotspot/src/share/vm/prims/jni.cpp, line 742]
Event: 2.361 Thread 0x00007f5db8364800 Exception <a 'java/security/PrivilegedActionException'> (0x00000000ed0d3498) thrown at [/HUDSON/workspace/8-2-build-linux-amd64/jdk8u20/1074/hotspot/src/share/vm/prims/jvm.cpp, line 1275]
Event: 2.384 Thread 0x00007f5db8364800 Exception <a 'java/security/PrivilegedActionException'> (0x00000000ed18f788) thrown at [/HUDSON/workspace/8-2-build-linux-amd64/jdk8u20/1074/hotspot/src/share/vm/prims/jvm.cpp, line 1275]
Event: 2.384 Thread 0x00007f5db8364800 Exception <a 'java/security/PrivilegedActionException'> (0x00000000ed1928f0) thrown at [/HUDSON/workspace/8-2-build-linux-amd64/jdk8u20/1074/hotspot/src/share/vm/prims/jvm.cpp, line 1275]
Event: 2.486 Thread 0x00007f5d5804b000 Implicit null exception at 0x00007f5da924f883 to 0x00007f5da924f8de
Event: 2.566 Thread 0x00007f5db82d1000 Exception <a 'java/lang/UnsupportedOperationException': > (0x00000000ed176330) thrown at [/HUDSON/workspace/8-2-build-linux-amd64/jdk8u20/1074/hotspot/src/share/vm/prims/jni.cpp, line 742]
Event: 7.055 Thread 0x00007f5db82d1000 Exception <a 'java/security/PrivilegedActionException'> (0x00000000ed290af8) thrown at [/HUDSON/workspace/8-2-build-linux-amd64/jdk8u20/1074/hotspot/src/share/vm/prims/jvm.cpp, line 1275]
Event: 10.973 Thread 0x00007f5db82d1000 Exception <a 'java/security/PrivilegedActionException'> (0x00000000ed2a2940) thrown at [/HUDSON/workspace/8-2-build-linux-amd64/jdk8u20/1074/hotspot/src/share/vm/prims/jvm.cpp, line 1275]
Event: 10.974 Thread 0x00007f5db82d1000 Exception <a 'java/security/PrivilegedActionException'> (0x00000000ed2a6520) thrown at [/HUDSON/workspace/8-2-build-linux-amd64/jdk8u20/1074/hotspot/src/share/vm/prims/jvm.cpp, line 1275]
Event: 10.987 Thread 0x00007f5d58d75000 Exception <a 'java/security/PrivilegedActionException'> (0x00000000ed30cee0) thrown at [/HUDSON/workspace/8-2-build-linux-amd64/jdk8u20/1074/hotspot/src/share/vm/prims/jvm.cpp, line 1275]

Events (10 events):
Event: 82.108 Thread 0x00007f5db82d1000 DEOPT PACKING pc=0x00007f5da94d6258 sp=0x00007f5d736d4410
Event: 82.108 Thread 0x00007f5db82d1000 DEOPT UNPACKING pc=0x00007f5da9004f69 sp=0x00007f5d736d43b0 mode 2
Event: 84.538 Thread 0x00007f5db80b2000 flushing nmethod 0x00007f5da9101ed0
Event: 84.538 Thread 0x00007f5db80b2000 flushing nmethod 0x00007f5da91026d0
Event: 84.538 Thread 0x00007f5db80b2000 flushing nmethod 0x00007f5da910b150
Event: 84.538 Thread 0x00007f5db80b2000 flushing nmethod 0x00007f5da910ef10
Event: 84.538 Thread 0x00007f5db80b2000 flushing nmethod 0x00007f5da9110350
Event: 84.538 Thread 0x00007f5db80b2000 flushing nmethod 0x00007f5da9113ad0
Event: 84.538 Thread 0x00007f5db80b2000 flushing nmethod 0x00007f5da9114350
Event: 84.538 Thread 0x00007f5db80b2000 flushing nmethod 0x00007f5da913ea90


Dynamic libraries:
00400000-00401000 r-xp 00000000 08:06 28579635                           /home/john/jdk1.8.0_20/bin/java
00600000-00601000 rw-p 00000000 08:06 28579635                           /home/john/jdk1.8.0_20/bin/java
02196000-021b7000 rw-p 00000000 00:00 0                                  [heap]
c6200000-c8900000 rw-p 00000000 00:00 0 
c8900000-ecb80000 ---p 00000000 00:00 0 
ecb80000-ede80000 rw-p 00000000 00:00 0 
ede80000-100000000 ---p 00000000 00:00 0 
100000000-100180000 rw-p 00000000 00:00 0 
100180000-140000000 ---p 00000000 00:00 0 
7f5d40000000-7f5d40021000 rw-p 00000000 00:00 0 
7f5d40021000-7f5d44000000 ---p 00000000 00:00 0 
7f5d44000000-7f5d44021000 rw-p 00000000 00:00 0 
7f5d44021000-7f5d48000000 ---p 00000000 00:00 0 
7f5d48000000-7f5d48021000 rw-p 00000000 00:00 0 
7f5d48021000-7f5d4c000000 ---p 00000000 00:00 0 
7f5d4c7f9000-7f5d4c7fa000 ---p 00000000 00:00 0 
7f5d4c7fa000-7f5d4cffa000 rw-p 00000000 00:00 0 
7f5d4cffa000-7f5d4cffb000 ---p 00000000 00:00 0 
7f5d4cffb000-7f5d4d7fb000 rw-p 00000000 00:00 0 
7f5d4d7fb000-7f5d4d7fc000 ---p 00000000 00:00 0 
7f5d4d7fc000-7f5d4dffc000 rw-p 00000000 00:00 0                          [stack:13430]
7f5d4dffc000-7f5d4dffd000 ---p 00000000 00:00 0 
7f5d4dffd000-7f5d4e7fd000 rw-p 00000000 00:00 0                          [stack:11291]
7f5d4e7fd000-7f5d4e7fe000 ---p 00000000 00:00 0 
7f5d4e7fe000-7f5d4effe000 rw-p 00000000 00:00 0                          [stack:11290]
7f5d4effe000-7f5d4efff000 ---p 00000000 00:00 0 
7f5d4efff000-7f5d4f7ff000 rw-p 00000000 00:00 0                          [stack:11287]
7f5d4f7ff000-7f5d4f800000 ---p 00000000 00:00 0 
7f5d4f800000-7f5d50000000 rw-p 00000000 00:00 0                          [stack:11286]
7f5d50000000-7f5d50021000 rw-p 00000000 00:00 0 
7f5d50021000-7f5d54000000 ---p 00000000 00:00 0 
7f5d54769000-7f5d54fef000 rw-p 00000000 00:00 0 
7f5d54fef000-7f5d54ff0000 ---p 00000000 00:00 0 
7f5d54ff0000-7f5d58000000 rw-p 00000000 00:00 0                          [stack:11285]
7f5d58000000-7f5d58de6000 rw-p 00000000 00:00 0 
7f5d58de6000-7f5d5c000000 ---p 00000000 00:00 0 
7f5d5c000000-7f5d5c04d000 rw-p 00000000 00:00 0 
7f5d5c04d000-7f5d60000000 ---p 00000000 00:00 0 
7f5d60000000-7f5d60284000 rw-p 00000000 00:00 0 
7f5d60284000-7f5d64000000 ---p 00000000 00:00 0 
7f5d64000000-7f5d64021000 rw-p 00000000 00:00 0 
7f5d64021000-7f5d68000000 ---p 00000000 00:00 0 
7f5d68000000-7f5d68021000 rw-p 00000000 00:00 0 
7f5d68021000-7f5d6c000000 ---p 00000000 00:00 0 
7f5d6c000000-7f5d6c021000 rw-p 00000000 00:00 0 
7f5d6c021000-7f5d70000000 ---p 00000000 00:00 0 
7f5d70084000-7f5d70087000 ---p 00000000 00:00 0 
7f5d70087000-7f5d72193000 rw-p 00000000 00:00 0                          [stack:11289]
7f5d72193000-7f5d721eb000 r-xp 00000000 08:06 27922299                   /usr/local/lib/libwdspj.so
7f5d721eb000-7f5d723ea000 ---p 00058000 08:06 27922299                   /usr/local/lib/libwdspj.so
7f5d723ea000-7f5d723eb000 r--p 00057000 08:06 27922299                   /usr/local/lib/libwdspj.so
7f5d723eb000-7f5d723ec000 rw-p 00058000 08:06 27922299                   /usr/local/lib/libwdspj.so
7f5d723ec000-7f5d723f5000 rw-p 00000000 00:00 0 
7f5d723f5000-7f5d724f9000 r-xp 00000000 08:06 27927958                   /usr/local/lib/libfftw3.so.3.3.2
7f5d724f9000-7f5d726f8000 ---p 00104000 08:06 27927958                   /usr/local/lib/libfftw3.so.3.3.2
7f5d726f8000-7f5d726ff000 r--p 00103000 08:06 27927958                   /usr/local/lib/libfftw3.so.3.3.2
7f5d726ff000-7f5d72700000 rw-p 0010a000 08:06 27927958                   /usr/local/lib/libfftw3.so.3.3.2
7f5d72700000-7f5d72703000 ---p 00000000 00:00 0 
7f5d72703000-7f5d72941000 rw-p 00000000 00:00 0                          [stack:11284]
7f5d72941000-7f5d72a01000 ---p 00000000 00:00 0 
7f5d72a01000-7f5d72a2b000 r-xp 00000000 08:06 3146423                    /home/john/jdk1.8.0_20/jre/lib/amd64/libdcpr.so
7f5d72a2b000-7f5d72c2b000 ---p 0002a000 08:06 3146423                    /home/john/jdk1.8.0_20/jre/lib/amd64/libdcpr.so
7f5d72c2b000-7f5d72c2e000 rw-p 0002a000 08:06 3146423                    /home/john/jdk1.8.0_20/jre/lib/amd64/libdcpr.so
7f5d72c2e000-7f5d72c31000 ---p 00000000 00:00 0 
7f5d72c31000-7f5d72d2f000 rw-p 00000000 00:00 0                          [stack:11288]
7f5d72d2f000-7f5d72d98000 r-xp 00000000 08:06 3146435                    /home/john/jdk1.8.0_20/jre/lib/amd64/libt2k.so
7f5d72d98000-7f5d72f97000 ---p 00069000 08:06 3146435                    /home/john/jdk1.8.0_20/jre/lib/amd64/libt2k.so
7f5d72f97000-7f5d72f9e000 rw-p 00068000 08:06 3146435                    /home/john/jdk1.8.0_20/jre/lib/amd64/libt2k.so
7f5d72f9e000-7f5d731ae000 rw-p 00000000 00:00 0 
7f5d731ae000-7f5d731bf000 r-xp 00000000 08:06 3146470                    /home/john/jdk1.8.0_20/jre/lib/amd64/libnio.so
7f5d731bf000-7f5d733be000 ---p 00011000 08:06 3146470                    /home/john/jdk1.8.0_20/jre/lib/amd64/libnio.so
7f5d733be000-7f5d733bf000 rw-p 00010000 08:06 3146470                    /home/john/jdk1.8.0_20/jre/lib/amd64/libnio.so
7f5d733bf000-7f5d733d5000 r-xp 00000000 08:06 3146467                    /home/john/jdk1.8.0_20/jre/lib/amd64/libnet.so
7f5d733d5000-7f5d735d5000 ---p 00016000 08:06 3146467                    /home/john/jdk1.8.0_20/jre/lib/amd64/libnet.so
7f5d735d5000-7f5d735d6000 rw-p 00016000 08:06 3146467                    /home/john/jdk1.8.0_20/jre/lib/amd64/libnet.so
7f5d735d6000-7f5d735d9000 ---p 00000000 00:00 0 
7f5d735d9000-7f5d736d7000 rw-p 00000000 00:00 0                          [stack:11282]
7f5d736d7000-7f5d736da000 ---p 00000000 00:00 0 
7f5d736da000-7f5d737d8000 rw-p 00000000 00:00 0                          [stack:11281]
7f5d737d8000-7f5d737db000 ---p 00000000 00:00 0 
7f5d737db000-7f5d738d9000 rw-p 00000000 00:00 0                          [stack:11280]
7f5d738d9000-7f5d738de000 r-xp 00000000 08:06 27532859                   /usr/lib/x86_64-linux-gnu/libXfixes.so.3.1.0
7f5d738de000-7f5d73add000 ---p 00005000 08:06 27532859                   /usr/lib/x86_64-linux-gnu/libXfixes.so.3.1.0
7f5d73add000-7f5d73ade000 r--p 00004000 08:06 27532859                   /usr/lib/x86_64-linux-gnu/libXfixes.so.3.1.0
7f5d73ade000-7f5d73adf000 rw-p 00005000 08:06 27532859                   /usr/lib/x86_64-linux-gnu/libXfixes.so.3.1.0
7f5d73adf000-7f5d73ae8000 r-xp 00000000 08:06 27532851                   /usr/lib/x86_64-linux-gnu/libXcursor.so.1.0.2
7f5d73ae8000-7f5d73ce7000 ---p 00009000 08:06 27532851                   /usr/lib/x86_64-linux-gnu/libXcursor.so.1.0.2
7f5d73ce7000-7f5d73ce8000 r--p 00008000 08:06 27532851                   /usr/lib/x86_64-linux-gnu/libXcursor.so.1.0.2
7f5d73ce8000-7f5d73ce9000 rw-p 00009000 08:06 27532851                   /usr/lib/x86_64-linux-gnu/libXcursor.so.1.0.2
7f5d73ce9000-7f5d73cec000 ---p 00000000 00:00 0 
7f5d73cec000-7f5d73dea000 rw-p 00000000 00:00 0                          [stack:11279]
7f5d73dea000-7f5d73e00000 r-xp 00000000 08:06 14417925                   /lib/x86_64-linux-gnu/libgcc_s.so.1
7f5d73e00000-7f5d73fff000 ---p 00016000 08:06 14417925                   /lib/x86_64-linux-gnu/libgcc_s.so.1
7f5d73fff000-7f5d74000000 rw-p 00015000 08:06 14417925                   /lib/x86_64-linux-gnu/libgcc_s.so.1
7f5d74000000-7f5d74622000 rw-p 00000000 00:00 0 
7f5d74622000-7f5d78000000 ---p 00000000 00:00 0 
7f5d78000000-7f5d78021000 rw-p 00000000 00:00 0 
7f5d78021000-7f5d7c000000 ---p 00000000 00:00 0 
7f5d7c000000-7f5d7c589000 rw-p 00000000 00:00 0 
7f5d7c589000-7f5d80000000 ---p 00000000 00:00 0 
7f5d80000000-7f5d80434000 rw-p 00000000 00:00 0 
7f5d80434000-7f5d84000000 ---p 00000000 00:00 0 
7f5d84000000-7f5d84021000 rw-p 00000000 00:00 0 
7f5d84021000-7f5d88000000 ---p 00000000 00:00 0 
7f5d88000000-7f5d88021000 rw-p 00000000 00:00 0 
7f5d88021000-7f5d8c000000 ---p 00000000 00:00 0 
7f5d8c000000-7f5d8c021000 rw-p 00000000 00:00 0 
7f5d8c021000-7f5d90000000 ---p 00000000 00:00 0 
7f5d90000000-7f5d90021000 rw-p 00000000 00:00 0 
7f5d90021000-7f5d94000000 ---p 00000000 00:00 0 
7f5d94000000-7f5d94021000 rw-p 00000000 00:00 0 
7f5d94021000-7f5d98000000 ---p 00000000 00:00 0 
7f5d98000000-7f5d98021000 rw-p 00000000 00:00 0 
7f5d98021000-7f5d9c000000 ---p 00000000 00:00 0 
7f5d9c000000-7f5d9c021000 rw-p 00000000 00:00 0 
7f5d9c021000-7f5da0000000 ---p 00000000 00:00 0 
7f5da00f8000-7f5da015d000 r-xp 00000000 08:06 3146452                    /home/john/jdk1.8.0_20/jre/lib/amd64/libfontmanager.so
7f5da015d000-7f5da035c000 ---p 00065000 08:06 3146452                    /home/john/jdk1.8.0_20/jre/lib/amd64/libfontmanager.so
7f5da035c000-7f5da0360000 rw-p 00064000 08:06 3146452                    /home/john/jdk1.8.0_20/jre/lib/amd64/libfontmanager.so
7f5da0360000-7f5da0371000 rw-p 00000000 00:00 0 
7f5da0371000-7f5da0376000 r-xp 00000000 08:06 27532855                   /usr/lib/x86_64-linux-gnu/libXdmcp.so.6.0.0
7f5da0376000-7f5da0575000 ---p 00005000 08:06 27532855                   /usr/lib/x86_64-linux-gnu/libXdmcp.so.6.0.0
7f5da0575000-7f5da0576000 r--p 00004000 08:06 27532855                   /usr/lib/x86_64-linux-gnu/libXdmcp.so.6.0.0
7f5da0576000-7f5da0577000 rw-p 00005000 08:06 27532855                   /usr/lib/x86_64-linux-gnu/libXdmcp.so.6.0.0
7f5da0577000-7f5da0579000 r-xp 00000000 08:06 27532844                   /usr/lib/x86_64-linux-gnu/libXau.so.6.0.0
7f5da0579000-7f5da0779000 ---p 00002000 08:06 27532844                   /usr/lib/x86_64-linux-gnu/libXau.so.6.0.0
7f5da0779000-7f5da077a000 r--p 00002000 08:06 27532844                   /usr/lib/x86_64-linux-gnu/libXau.so.6.0.0
7f5da077a000-7f5da077b000 rw-p 00003000 08:06 27532844                   /usr/lib/x86_64-linux-gnu/libXau.so.6.0.0
7f5da077b000-7f5da0798000 r-xp 00000000 08:06 27533914                   /usr/lib/x86_64-linux-gnu/libxcb.so.1.1.0
7f5da0798000-7f5da0998000 ---p 0001d000 08:06 27533914                   /usr/lib/x86_64-linux-gnu/libxcb.so.1.1.0
7f5da0998000-7f5da0999000 r--p 0001d000 08:06 27533914                   /usr/lib/x86_64-linux-gnu/libxcb.so.1.1.0
7f5da0999000-7f5da099a000 rw-p 0001e000 08:06 27533914                   /usr/lib/x86_64-linux-gnu/libxcb.so.1.1.0
7f5da099a000-7f5da09a9000 r-xp 00000000 08:06 27532865                   /usr/lib/x86_64-linux-gnu/libXi.so.6.1.0
7f5da09a9000-7f5da0ba8000 ---p 0000f000 08:06 27532865                   /usr/lib/x86_64-linux-gnu/libXi.so.6.1.0
7f5da0ba8000-7f5da0ba9000 r--p 0000e000 08:06 27532865                   /usr/lib/x86_64-linux-gnu/libXi.so.6.1.0
7f5da0ba9000-7f5da0baa000 rw-p 0000f000 08:06 27532865                   /usr/lib/x86_64-linux-gnu/libXi.so.6.1.0
7f5da0baa000-7f5da0baf000 r-xp 00000000 08:06 27532885                   /usr/lib/x86_64-linux-gnu/libXtst.so.6.1.0
7f5da0baf000-7f5da0dae000 ---p 00005000 08:06 27532885                   /usr/lib/x86_64-linux-gnu/libXtst.so.6.1.0
7f5da0dae000-7f5da0daf000 r--p 00004000 08:06 27532885                   /usr/lib/x86_64-linux-gnu/libXtst.so.6.1.0
7f5da0daf000-7f5da0db0000 rw-p 00005000 08:06 27532885                   /usr/lib/x86_64-linux-gnu/libXtst.so.6.1.0
7f5da0db0000-7f5da0db9000 r-xp 00000000 08:06 27532879                   /usr/lib/x86_64-linux-gnu/libXrender.so.1.3.0
7f5da0db9000-7f5da0fb8000 ---p 00009000 08:06 27532879                   /usr/lib/x86_64-linux-gnu/libXrender.so.1.3.0
7f5da0fb8000-7f5da0fb9000 r--p 00008000 08:06 27532879                   /usr/lib/x86_64-linux-gnu/libXrender.so.1.3.0
7f5da0fb9000-7f5da0fba000 rw-p 00009000 08:06 27532879                   /usr/lib/x86_64-linux-gnu/libXrender.so.1.3.0
7f5da0fba000-7f5da10ea000 r-xp 00000000 08:06 27532840                   /usr/lib/x86_64-linux-gnu/libX11.so.6.3.0
7f5da10ea000-7f5da12ea000 ---p 00130000 08:06 27532840                   /usr/lib/x86_64-linux-gnu/libX11.so.6.3.0
7f5da12ea000-7f5da12eb000 r--p 00130000 08:06 27532840                   /usr/lib/x86_64-linux-gnu/libX11.so.6.3.0
7f5da12eb000-7f5da12ef000 rw-p 00131000 08:06 27532840                   /usr/lib/x86_64-linux-gnu/libX11.so.6.3.0
7f5da12ef000-7f5da1300000 r-xp 00000000 08:06 27532857                   /usr/lib/x86_64-linux-gnu/libXext.so.6.4.0
7f5da1300000-7f5da14ff000 ---p 00011000 08:06 27532857                   /usr/lib/x86_64-linux-gnu/libXext.so.6.4.0
7f5da14ff000-7f5da1500000 r--p 00010000 08:06 27532857                   /usr/lib/x86_64-linux-gnu/libXext.so.6.4.0
7f5da1500000-7f5da1501000 rw-p 00011000 08:06 27532857                   /usr/lib/x86_64-linux-gnu/libXext.so.6.4.0
7f5da1501000-7f5da1555000 r-xp 00000000 08:06 3146474                    /home/john/jdk1.8.0_20/jre/lib/amd64/libawt_xawt.so
7f5da1555000-7f5da1755000 ---p 00054000 08:06 3146474                    /home/john/jdk1.8.0_20/jre/lib/amd64/libawt_xawt.so
7f5da1755000-7f5da1759000 rw-p 00054000 08:06 3146474                    /home/john/jdk1.8.0_20/jre/lib/amd64/libawt_xawt.so
7f5da1759000-7f5da175a000 rw-p 00000000 00:00 0 
7f5da175a000-7f5da17fc000 r-xp 00000000 08:06 3146460                    /home/john/jdk1.8.0_20/jre/lib/amd64/libawt.so
7f5da17fc000-7f5da19fc000 ---p 000a2000 08:06 3146460                    /home/john/jdk1.8.0_20/jre/lib/amd64/libawt.so
7f5da19fc000-7f5da1a08000 rw-p 000a2000 08:06 3146460                    /home/john/jdk1.8.0_20/jre/lib/amd64/libawt.so
7f5da1a08000-7f5da1a2c000 rw-p 00000000 00:00 0 
7f5da1a2c000-7f5da1a2d000 ---p 00000000 00:00 0 
7f5da1a2d000-7f5da1b2d000 rw-p 00000000 00:00 0                          [stack:11278]
7f5da1b2d000-7f5da1b30000 ---p 00000000 00:00 0 
7f5da1b30000-7f5da1c2e000 rw-p 00000000 00:00 0                          [stack:11277]
7f5da1c2e000-7f5da2310000 r--p 00000000 08:06 27531858                   /usr/lib/locale/locale-archive
7f5da2310000-7f5da4000000 rw-p 00000000 00:00 0 
7f5da4000000-7f5da4021000 rw-p 00000000 00:00 0 
7f5da4021000-7f5da8000000 ---p 00000000 00:00 0 
7f5da80aa000-7f5da80c6000 r--s 00393000 08:06 3146303                    /home/john/jdk1.8.0_20/jre/lib/ext/cldrdata.jar
7f5da80c6000-7f5da80d0000 r--s 00116000 08:06 3146309                    /home/john/jdk1.8.0_20/jre/lib/ext/localedata.jar
7f5da80d0000-7f5da80d3000 ---p 00000000 00:00 0 
7f5da80d3000-7f5da81d1000 rw-p 00000000 00:00 0                          [stack:11276]
7f5da81d1000-7f5da81d4000 ---p 00000000 00:00 0 
7f5da81d4000-7f5da82d2000 rw-p 00000000 00:00 0                          [stack:11275]
7f5da82d2000-7f5da82d5000 ---p 00000000 00:00 0 
7f5da82d5000-7f5da83d3000 rw-p 00000000 00:00 0                          [stack:11274]
7f5da83d3000-7f5da83d6000 ---p 00000000 00:00 0 
7f5da83d6000-7f5da84d4000 rw-p 00000000 00:00 0                          [stack:11273]
7f5da84d4000-7f5da84d7000 ---p 00000000 00:00 0 
7f5da84d7000-7f5da85d5000 rw-p 00000000 00:00 0                          [stack:11272]
7f5da85d5000-7f5da85d8000 ---p 00000000 00:00 0 
7f5da85d8000-7f5da86d6000 rw-p 00000000 00:00 0                          [stack:11271]
7f5da86d6000-7f5da86d7000 ---p 00000000 00:00 0 
7f5da86d7000-7f5da9000000 rw-p 00000000 00:00 0                          [stack:11270]
7f5da9000000-7f5da9540000 rwxp 00000000 00:00 0 
7f5da9540000-7f5db8000000 ---p 00000000 00:00 0 
7f5db8000000-7f5db853b000 rw-p 00000000 00:00 0 
7f5db853b000-7f5dbc000000 ---p 00000000 00:00 0 
7f5dbc000000-7f5dbc004000 rw-s 00000000 00:04 1034977294                 /SYSV00000000 (deleted)
7f5dbc004000-7f5dbc78f000 rw-p 00000000 00:00 0 
7f5dbc78f000-7f5dbc965000 r--s 03ca8000 08:06 2885685                    /home/john/jdk1.8.0_20/jre/lib/rt.jar
7f5dbc965000-7f5dbd3aa000 rw-p 00000000 00:00 0 
7f5dbd3aa000-7f5dbd3ab000 ---p 00000000 00:00 0 
7f5dbd3ab000-7f5dbd4ab000 rw-p 00000000 00:00 0                          [stack:11269]
7f5dbd4ab000-7f5dbd4ac000 ---p 00000000 00:00 0 
7f5dbd4ac000-7f5dbd5ac000 rw-p 00000000 00:00 0                          [stack:11268]
7f5dbd5ac000-7f5dbd5ad000 ---p 00000000 00:00 0 
7f5dbd5ad000-7f5dbd6ad000 rw-p 00000000 00:00 0                          [stack:11267]
7f5dbd6ad000-7f5dbd6ae000 ---p 00000000 00:00 0 
7f5dbd6ae000-7f5dbd7c2000 rw-p 00000000 00:00 0                          [stack:11266]
7f5dbd7c2000-7f5dbd8e3000 ---p 00000000 00:00 0 
7f5dbd8e3000-7f5dbd8f7000 rw-p 00000000 00:00 0 
7f5dbd8f7000-7f5dbda17000 ---p 00000000 00:00 0 
7f5dbda17000-7f5dbda22000 rw-p 00000000 00:00 0 
7f5dbda22000-7f5dbdab2000 ---p 00000000 00:00 0 
7f5dbdab2000-7f5dbdac8000 rw-p 00000000 00:00 0 
7f5dbdac8000-7f5dbde73000 ---p 00000000 00:00 0 
7f5dbde73000-7f5dbde8d000 r-xp 00000000 08:06 3146463                    /home/john/jdk1.8.0_20/jre/lib/amd64/libzip.so
7f5dbde8d000-7f5dbe08d000 ---p 0001a000 08:06 3146463                    /home/john/jdk1.8.0_20/jre/lib/amd64/libzip.so
7f5dbe08d000-7f5dbe08e000 rw-p 0001a000 08:06 3146463                    /home/john/jdk1.8.0_20/jre/lib/amd64/libzip.so
7f5dbe08e000-7f5dbe099000 r-xp 00000000 08:06 14423904                   /lib/x86_64-linux-gnu/libnss_files-2.19.so
7f5dbe099000-7f5dbe298000 ---p 0000b000 08:06 14423904                   /lib/x86_64-linux-gnu/libnss_files-2.19.so
7f5dbe298000-7f5dbe299000 r--p 0000a000 08:06 14423904                   /lib/x86_64-linux-gnu/libnss_files-2.19.so
7f5dbe299000-7f5dbe29a000 rw-p 0000b000 08:06 14423904                   /lib/x86_64-linux-gnu/libnss_files-2.19.so
7f5dbe29a000-7f5dbe2a5000 r-xp 00000000 08:06 14425471                   /lib/x86_64-linux-gnu/libnss_nis-2.19.so
7f5dbe2a5000-7f5dbe4a4000 ---p 0000b000 08:06 14425471                   /lib/x86_64-linux-gnu/libnss_nis-2.19.so
7f5dbe4a4000-7f5dbe4a5000 r--p 0000a000 08:06 14425471                   /lib/x86_64-linux-gnu/libnss_nis-2.19.so
7f5dbe4a5000-7f5dbe4a6000 rw-p 0000b000 08:06 14425471                   /lib/x86_64-linux-gnu/libnss_nis-2.19.so
7f5dbe4a6000-7f5dbe4bd000 r-xp 00000000 08:06 14425460                   /lib/x86_64-linux-gnu/libnsl-2.19.so
7f5dbe4bd000-7f5dbe6bc000 ---p 00017000 08:06 14425460                   /lib/x86_64-linux-gnu/libnsl-2.19.so
7f5dbe6bc000-7f5dbe6bd000 r--p 00016000 08:06 14425460                   /lib/x86_64-linux-gnu/libnsl-2.19.so
7f5dbe6bd000-7f5dbe6be000 rw-p 00017000 08:06 14425460                   /lib/x86_64-linux-gnu/libnsl-2.19.so
7f5dbe6be000-7f5dbe6c0000 rw-p 00000000 00:00 0 
7f5dbe6c0000-7f5dbe6c9000 r-xp 00000000 08:06 14425459                   /lib/x86_64-linux-gnu/libnss_compat-2.19.so
7f5dbe6c9000-7f5dbe8c8000 ---p 00009000 08:06 14425459                   /lib/x86_64-linux-gnu/libnss_compat-2.19.so
7f5dbe8c8000-7f5dbe8c9000 r--p 00008000 08:06 14425459                   /lib/x86_64-linux-gnu/libnss_compat-2.19.so
7f5dbe8c9000-7f5dbe8ca000 rw-p 00009000 08:06 14425459                   /lib/x86_64-linux-gnu/libnss_compat-2.19.so
7f5dbe8ca000-7f5dbe8f4000 r-xp 00000000 08:06 3146458                    /home/john/jdk1.8.0_20/jre/lib/amd64/libjava.so
7f5dbe8f4000-7f5dbeaf4000 ---p 0002a000 08:06 3146458                    /home/john/jdk1.8.0_20/jre/lib/amd64/libjava.so
7f5dbeaf4000-7f5dbeaf6000 rw-p 0002a000 08:06 3146458                    /home/john/jdk1.8.0_20/jre/lib/amd64/libjava.so
7f5dbeaf6000-7f5dbeb03000 r-xp 00000000 08:06 3146462                    /home/john/jdk1.8.0_20/jre/lib/amd64/libverify.so
7f5dbeb03000-7f5dbed03000 ---p 0000d000 08:06 3146462                    /home/john/jdk1.8.0_20/jre/lib/amd64/libverify.so
7f5dbed03000-7f5dbed05000 rw-p 0000d000 08:06 3146462                    /home/john/jdk1.8.0_20/jre/lib/amd64/libverify.so
7f5dbed05000-7f5dbed0c000 r-xp 00000000 08:06 14425468                   /lib/x86_64-linux-gnu/librt-2.19.so
7f5dbed0c000-7f5dbef0b000 ---p 00007000 08:06 14425468                   /lib/x86_64-linux-gnu/librt-2.19.so
7f5dbef0b000-7f5dbef0c000 r--p 00006000 08:06 14425468                   /lib/x86_64-linux-gnu/librt-2.19.so
7f5dbef0c000-7f5dbef0d000 rw-p 00007000 08:06 14425468                   /lib/x86_64-linux-gnu/librt-2.19.so
7f5dbef0d000-7f5dbf012000 r-xp 00000000 08:06 14423902                   /lib/x86_64-linux-gnu/libm-2.19.so
7f5dbf012000-7f5dbf211000 ---p 00105000 08:06 14423902                   /lib/x86_64-linux-gnu/libm-2.19.so
7f5dbf211000-7f5dbf212000 r--p 00104000 08:06 14423902                   /lib/x86_64-linux-gnu/libm-2.19.so
7f5dbf212000-7f5dbf213000 rw-p 00105000 08:06 14423902                   /lib/x86_64-linux-gnu/libm-2.19.so
7f5dbf213000-7f5dbfe7d000 r-xp 00000000 08:06 3146444                    /home/john/jdk1.8.0_20/jre/lib/amd64/server/libjvm.so
7f5dbfe7d000-7f5dc007c000 ---p 00c6a000 08:06 3146444                    /home/john/jdk1.8.0_20/jre/lib/amd64/server/libjvm.so
7f5dc007c000-7f5dc0153000 rw-p 00c69000 08:06 3146444                    /home/john/jdk1.8.0_20/jre/lib/amd64/server/libjvm.so
7f5dc0153000-7f5dc0195000 rw-p 00000000 00:00 0 
7f5dc0195000-7f5dc0350000 r-xp 00000000 08:06 14425465                   /lib/x86_64-linux-gnu/libc-2.19.so
7f5dc0350000-7f5dc054f000 ---p 001bb000 08:06 14425465                   /lib/x86_64-linux-gnu/libc-2.19.so
7f5dc054f000-7f5dc0553000 r--p 001ba000 08:06 14425465                   /lib/x86_64-linux-gnu/libc-2.19.so
7f5dc0553000-7f5dc0555000 rw-p 001be000 08:06 14425465                   /lib/x86_64-linux-gnu/libc-2.19.so
7f5dc0555000-7f5dc055a000 rw-p 00000000 00:00 0 
7f5dc055a000-7f5dc055d000 r-xp 00000000 08:06 14425454                   /lib/x86_64-linux-gnu/libdl-2.19.so
7f5dc055d000-7f5dc075c000 ---p 00003000 08:06 14425454                   /lib/x86_64-linux-gnu/libdl-2.19.so
7f5dc075c000-7f5dc075d000 r--p 00002000 08:06 14425454                   /lib/x86_64-linux-gnu/libdl-2.19.so
7f5dc075d000-7f5dc075e000 rw-p 00003000 08:06 14425454                   /lib/x86_64-linux-gnu/libdl-2.19.so
7f5dc075e000-7f5dc0773000 r-xp 00000000 08:06 2885489                    /home/john/jdk1.8.0_20/lib/amd64/jli/libjli.so
7f5dc0773000-7f5dc0972000 ---p 00015000 08:06 2885489                    /home/john/jdk1.8.0_20/lib/amd64/jli/libjli.so
7f5dc0972000-7f5dc0973000 rw-p 00014000 08:06 2885489                    /home/john/jdk1.8.0_20/lib/amd64/jli/libjli.so
7f5dc0973000-7f5dc098c000 r-xp 00000000 08:06 14425466                   /lib/x86_64-linux-gnu/libpthread-2.19.so
7f5dc098c000-7f5dc0b8b000 ---p 00019000 08:06 14425466                   /lib/x86_64-linux-gnu/libpthread-2.19.so
7f5dc0b8b000-7f5dc0b8c000 r--p 00018000 08:06 14425466                   /lib/x86_64-linux-gnu/libpthread-2.19.so
7f5dc0b8c000-7f5dc0b8d000 rw-p 00019000 08:06 14425466                   /lib/x86_64-linux-gnu/libpthread-2.19.so
7f5dc0b8d000-7f5dc0b91000 rw-p 00000000 00:00 0 
7f5dc0b91000-7f5dc0bb4000 r-xp 00000000 08:06 14425462                   /lib/x86_64-linux-gnu/ld-2.19.so
7f5dc0bb7000-7f5dc0bb8000 r--p 00000000 08:06 664782                     /usr/share/locale-langpack/en_GB/LC_MESSAGES/libc.mo
7f5dc0bb8000-7f5dc0c8a000 rw-p 00000000 00:00 0 
7f5dc0c8a000-7f5dc0c8d000 ---p 00000000 00:00 0 
7f5dc0c8d000-7f5dc0d8f000 rw-p 00000000 00:00 0                          [stack:11265]
7f5dc0d8f000-7f5dc0d94000 r--s 002f8000 08:06 2885683                    /home/john/jdk1.8.0_20/jre/lib/charsets.jar
7f5dc0d94000-7f5dc0da7000 rw-p 00000000 00:00 0 
7f5dc0da7000-7f5dc0daf000 rw-s 00000000 08:06 24117542                   /tmp/hsperfdata_john/11260
7f5dc0daf000-7f5dc0db0000 rw-p 00000000 00:00 0 
7f5dc0db0000-7f5dc0db1000 r--p 00000000 00:00 0 
7f5dc0db1000-7f5dc0db3000 rw-p 00000000 00:00 0 
7f5dc0db3000-7f5dc0db4000 r--p 00022000 08:06 14425462                   /lib/x86_64-linux-gnu/ld-2.19.so
7f5dc0db4000-7f5dc0db5000 rw-p 00023000 08:06 14425462                   /lib/x86_64-linux-gnu/ld-2.19.so
7f5dc0db5000-7f5dc0db6000 rw-p 00000000 00:00 0 
7fff1d8f5000-7fff1d916000 rw-p 00000000 00:00 0                          [stack]
7fff1d97f000-7fff1d981000 r-xp 00000000 00:00 0                          [vdso]
ffffffffff600000-ffffffffff601000 r-xp 00000000 00:00 0                  [vsyscall]

VM Arguments:
jvm_args: -Dfile.encoding=UTF-8 -Djava.library.path=/usr/local/lib 
java_command: org.g0orx.openhpsdr.OpenHPSDRJ
java_class_path (initial): /home/john/NetBeansProjects/openHPSDRJ/build/classes
Launcher Type: SUN_STANDARD

Environment Variables:
PATH=/usr/local/sbin:/usr/local/bin:/usr/sbin:/usr/bin:/sbin:/bin:/usr/games:/usr/local/games
LD_LIBRARY_PATH=/home/john/jdk1.8.0_20/jre/lib/amd64:/home/john/jdk1.8.0_20/jre/lib/i386:
SHELL=/bin/bash
DISPLAY=:0.0

Signal Handlers:
SIGSEGV: [libjvm.so+0xa77530], sa_mask[0]=11111111011111111101111111111110, sa_flags=SA_RESTART|SA_SIGINFO
SIGBUS: [libjvm.so+0xa77530], sa_mask[0]=11111111011111111101111111111110, sa_flags=SA_RESTART|SA_SIGINFO
SIGFPE: [libjvm.so+0x8e1d90], sa_mask[0]=11111111011111111101111111111110, sa_flags=SA_RESTART|SA_SIGINFO
SIGPIPE: [libjvm.so+0x8e1d90], sa_mask[0]=11111111011111111101111111111110, sa_flags=SA_RESTART|SA_SIGINFO
SIGXFSZ: [libjvm.so+0x8e1d90], sa_mask[0]=11111111011111111101111111111110, sa_flags=SA_RESTART|SA_SIGINFO
SIGILL: [libjvm.so+0x8e1d90], sa_mask[0]=11111111011111111101111111111110, sa_flags=SA_RESTART|SA_SIGINFO
SIGUSR1: SIG_DFL, sa_mask[0]=00000000000000000000000000000000, sa_flags=none
SIGUSR2: [libjvm.so+0x8e35c0], sa_mask[0]=00100000000000000000000000000000, sa_flags=SA_RESTART|SA_SIGINFO
SIGHUP: [libjvm.so+0x8e4980], sa_mask[0]=11111111011111111101111111111110, sa_flags=SA_RESTART|SA_SIGINFO
SIGINT: SIG_IGN, sa_mask[0]=00000000000000000000000000000000, sa_flags=none
SIGTERM: [libjvm.so+0x8e4980], sa_mask[0]=11111111011111111101111111111110, sa_flags=SA_RESTART|SA_SIGINFO
SIGQUIT: [libjvm.so+0x8e4980], sa_mask[0]=11111111011111111101111111111110, sa_flags=SA_RESTART|SA_SIGINFO


---------------  S Y S T E M  ---------------

OS:DISTRIB_ID=Ubuntu
DISTRIB_RELEASE=14.04
DISTRIB_CODENAME=trusty
DISTRIB_DESCRIPTION="Ubuntu 14.04.2 LTS"

uname:Linux 3.13.0-46-generic #79-Ubuntu SMP Tue Mar 10 20:06:50 UTC 2015 x86_64
libc:glibc 2.19 NPTL 2.19 
rlimit: STACK 8192k, CORE 0k, NPROC 29404, NOFILE 4096, AS infinity
load average:0.14 0.20 0.21

/proc/meminfo:
MemTotal:        3785356 kB
MemFree:          258572 kB
Buffers:           79820 kB
Cached:           737312 kB
SwapCached:        35520 kB
Active:          2265720 kB
Inactive:         902388 kB
Active(anon):    2025016 kB
Inactive(anon):   677424 kB
Active(file):     240704 kB
Inactive(file):   224964 kB
Unevictable:          64 kB
Mlocked:              64 kB
SwapTotal:       3926012 kB
SwapFree:        3585132 kB
Dirty:              2544 kB
Writeback:             0 kB
AnonPages:       2298548 kB
Mapped:           123296 kB
Shmem:            351464 kB
Slab:             265328 kB
SReclaimable:     231900 kB
SUnreclaim:        33428 kB
KernelStack:        4200 kB
PageTables:        33416 kB
NFS_Unstable:          0 kB
Bounce:                0 kB
WritebackTmp:          0 kB
CommitLimit:     5818688 kB
Committed_AS:    6176332 kB
VmallocTotal:   34359738367 kB
VmallocUsed:      351548 kB
VmallocChunk:   34359377680 kB
HardwareCorrupted:     0 kB
AnonHugePages:    503808 kB
HugePages_Total:       0
HugePages_Free:        0
HugePages_Rsvd:        0
HugePages_Surp:        0
Hugepagesize:       2048 kB
DirectMap4k:       79744 kB
DirectMap2M:     3848192 kB


CPU:total 4 (2 cores per cpu, 2 threads per core) family 6 model 37 stepping 2, cmov, cx8, fxsr, mmx, sse, sse2, sse3, ssse3, sse4.1, sse4.2, popcnt, aes, clmul, ht, tsc, tscinvbit

/proc/cpuinfo:
processor	: 0
vendor_id	: GenuineIntel
cpu family	: 6
model		: 37
model name	: Intel(R) Core(TM) i5 CPU         650  @ 3.20GHz
stepping	: 2
microcode	: 0x9
cpu MHz		: 3193.000
cache size	: 4096 KB
physical id	: 0
siblings	: 4
core id		: 0
cpu cores	: 2
apicid		: 0
initial apicid	: 0
fpu		: yes
fpu_exception	: yes
cpuid level	: 11
wp		: yes
flags		: fpu vme de pse tsc msr pae mce cx8 apic sep mtrr pge mca cmov pat pse36 clflush dts acpi mmx fxsr sse sse2 ss ht tm pbe syscall nx rdtscp lm constant_tsc arch_perfmon pebs bts rep_good nopl xtopology nonstop_tsc aperfmperf pni pclmulqdq dtes64 monitor ds_cpl vmx smx est tm2 ssse3 cx16 xtpr pdcm sse4_1 sse4_2 popcnt aes lahf_lm ida arat dtherm tpr_shadow vnmi flexpriority ept vpid
bogomips	: 6400.38
clflush size	: 64
cache_alignment	: 64
address sizes	: 36 bits physical, 48 bits virtual
power management:

processor	: 1
vendor_id	: GenuineIntel
cpu family	: 6
model		: 37
model name	: Intel(R) Core(TM) i5 CPU         650  @ 3.20GHz
stepping	: 2
microcode	: 0x9
cpu MHz		: 3193.000
cache size	: 4096 KB
physical id	: 0
siblings	: 4
core id		: 2
cpu cores	: 2
apicid		: 4
initial apicid	: 4
fpu		: yes
fpu_exception	: yes
cpuid level	: 11
wp		: yes
flags		: fpu vme de pse tsc msr pae mce cx8 apic sep mtrr pge mca cmov pat pse36 clflush dts acpi mmx fxsr sse sse2 ss ht tm pbe syscall nx rdtscp lm constant_tsc arch_perfmon pebs bts rep_good nopl xtopology nonstop_tsc aperfmperf pni pclmulqdq dtes64 monitor ds_cpl vmx smx est tm2 ssse3 cx16 xtpr pdcm sse4_1 sse4_2 popcnt aes lahf_lm ida arat dtherm tpr_shadow vnmi flexpriority ept vpid
bogomips	: 6400.38
clflush size	: 64
cache_alignment	: 64
address sizes	: 36 bits physical, 48 bits virtual
power management:

processor	: 2
vendor_id	: GenuineIntel
cpu family	: 6
model		: 37
model name	: Intel(R) Core(TM) i5 CPU         650  @ 3.20GHz
stepping	: 2
microcode	: 0x9
cpu MHz		: 3193.000
cache size	: 4096 KB
physical id	: 0
siblings	: 4
core id		: 0
cpu cores	: 2
apicid		: 1
initial apicid	: 1
fpu		: yes
fpu_exception	: yes
cpuid level	: 11
wp		: yes
flags		: fpu vme de pse tsc msr pae mce cx8 apic sep mtrr pge mca cmov pat pse36 clflush dts acpi mmx fxsr sse sse2 ss ht tm pbe syscall nx rdtscp lm constant_tsc arch_perfmon pebs bts rep_good nopl xtopology nonstop_tsc aperfmperf pni pclmulqdq dtes64 monitor ds_cpl vmx smx est tm2 ssse3 cx16 xtpr pdcm sse4_1 sse4_2 popcnt aes lahf_lm ida arat dtherm tpr_shadow vnmi flexpriority ept vpid
bogomips	: 6400.38
clflush size	: 64
cache_alignment	: 64
address sizes	: 36 bits physical, 48 bits virtual
power management:

processor	: 3
vendor_id	: GenuineIntel
cpu family	: 6
model		: 37
model name	: Intel(R) Core(TM) i5 CPU         650  @ 3.20GHz
stepping	: 2
microcode	: 0x9
cpu MHz		: 1729.000
cache size	: 4096 KB
physical id	: 0
siblings	: 4
core id		: 2
cpu cores	: 2
apicid		: 5
initial apicid	: 5
fpu		: yes
fpu_exception	: yes
cpuid level	: 11
wp		: yes
flags		: fpu vme de pse tsc msr pae mce cx8 apic sep mtrr pge mca cmov pat pse36 clflush dts acpi mmx fxsr sse sse2 ss ht tm pbe syscall nx rdtscp lm constant_tsc arch_perfmon pebs bts rep_good nopl xtopology nonstop_tsc aperfmperf pni pclmulqdq dtes64 monitor ds_cpl vmx smx est tm2 ssse3 cx16 xtpr pdcm sse4_1 sse4_2 popcnt aes lahf_lm ida arat dtherm tpr_shadow vnmi flexpriority ept vpid
bogomips	: 6400.38
clflush size	: 64
cache_alignment	: 64
address sizes	: 36 bits physical, 48 bits virtual
power management:



Memory: 4k page, physical 3785356k(267600k free), swap 3926012k(3585132k free)

vm_info: Java HotSpot(TM) 64-Bit Server VM (25.20-b23) for linux-amd64 JRE (1.8.0_20-b26), built on Jul 30 2014 13:13:52 by "java_re" with gcc 4.3.0 20080428 (Red Hat 4.3.0-8)

time: Tue Mar 24 13:11:18 2015
elapsed time: 722 seconds (0d 0h 12m 2s)

