Build started 9/11/2012 9:48:08 AM.
     1>Project "C:\Users\Doug\Desktop\OpenHPSDR\W5WC\PowerSDR_HPSDR_2_RX2\lib\portaudio_VS2008\build\msvc\portaudio.vcxproj" on node 2 (rebuild target(s)).
     1>_PrepareForClean:
         Deleting file "Win32\Debug\portaudio.lastbuildstate".
       InitializeBuildStatus:
         Creating "Win32\Debug\portaudio.unsuccessfulbuild" because "AlwaysCreate" was specified.
       ClCompile:
         C:\Program Files (x86)\Microsoft Visual Studio 10.0\VC\bin\CL.exe /c /I..\..\src\common /I..\..\include /I.\ /I..\..\src\os\1win /I..\..\src\hostapi\asio\asiosdk\common /I..\..\src\hostapi\asio\asiosdk\host /I..\..\src\hostapi\asio\asiosdk\host\pc /I"$DXSDK_DIR\include" /I"C:\Documents and Settings\N4HY2\Desktop\Programming\PowerSDR\branches\n4hy\portaudio_default\src\os\win..\src\common" /I..\..\include /I.\ /I..\..\src\os\win /ZI /nologo /W3 /WX- /Od /Oy- /D WIN32 /D _DEBUG /D _USRDLL /D PA_ENABLE_DEBUG_OUTPUT /D _CRT_SECURE_NO_DEPRECATE /D PAWIN_USE_WDMKS_DEVICE_INFO /D PA19_EXPORTS /D _VC80_UPGRADE=0x0600 /D _WINDLL /Gm /EHsc /RTC1 /MDd /GS /fp:precise /Zc:wchar_t /Zc:forScope /Fo"Win32\Debug\\" /Fd"Win32\Debug\vc100.pdb" /Gd /TC /analyze- /errorReport:prompt ..\..\src\common\pa_allocation.c ..\..\src\common\pa_converters.c ..\..\src\common\pa_cpuload.c ..\..\src\common\pa_debugprint.c ..\..\src\common\pa_dither.c ..\..\src\common\pa_front.c ..\..\src\common\pa_process.c ..\..\src\common\pa_ringbuffer.c ..\..\src\common\pa_skeleton.c ..\..\src\common\pa_stream.c ..\..\src\common\pa_trace.c ..\..\src\hostapi\dsound\pa_win_ds.c ..\..\src\hostapi\dsound\pa_win_ds_dynlink.c ..\..\src\hostapi\wmme\pa_win_wmme.c ..\..\src\hostapi\wasapi\pa_win_wasapi.c ..\..\src\hostapi\wdmks\pa_win_wdmks.c ..\..\src\os\win\pa_win_hostapis.c ..\..\src\os\win\pa_win_util.c ..\..\src\os\win\pa_win_waveformat.c ..\..\src\os\win\pa_win_wdmks_utils.c ..\..\src\os\win\pa_x86_plain_converters.c
         pa_x86_plain_converters.c
         pa_win_wdmks_utils.c
         pa_win_waveformat.c
         pa_win_util.c
         pa_win_hostapis.c
         pa_win_wdmks.c
         pa_win_wasapi.c
         pa_win_wmme.c
         pa_win_ds_dynlink.c
         pa_win_ds.c
         pa_trace.c
         pa_stream.c
         pa_skeleton.c
         pa_ringbuffer.c
         pa_process.c
         pa_front.c
         pa_dither.c
         pa_debugprint.c
         pa_cpuload.c
         pa_converters.c
         Generating Code...
         Compiling...
         pa_allocation.c
         Generating Code...
         C:\Program Files (x86)\Microsoft Visual Studio 10.0\VC\bin\CL.exe /c /I..\..\src\common /I..\..\include /I.\ /I..\..\src\os\1win /I..\..\src\hostapi\asio\asiosdk\common /I..\..\src\hostapi\asio\asiosdk\host /I..\..\src\hostapi\asio\asiosdk\host\pc /I"$DXSDK_DIR\include" /I"C:\Documents and Settings\N4HY2\Desktop\Programming\PowerSDR\branches\n4hy\portaudio_default\src\os\win..\src\common" /I..\..\include /I.\ /I..\..\src\os\win /ZI /nologo /W3 /WX- /Od /Oy- /D WIN32 /D _DEBUG /D _USRDLL /D PA_ENABLE_DEBUG_OUTPUT /D _CRT_SECURE_NO_DEPRECATE /D PAWIN_USE_WDMKS_DEVICE_INFO /D PA19_EXPORTS /D _VC80_UPGRADE=0x0600 /D _WINDLL /Gm /EHsc /RTC1 /MDd /GS /fp:precise /Zc:wchar_t /Zc:forScope /Fo"Win32\Debug\\" /Fd"Win32\Debug\vc100.pdb" /Gd /TP /analyze- /errorReport:prompt ..\..\src\hostapi\asio\iasiothiscallresolver.cpp ..\..\src\hostapi\asio\asiosdk\common\asio.cpp ..\..\src\hostapi\asio\asiosdk\common\combase.cpp ..\..\src\hostapi\asio\asiosdk\common\debugmessage.cpp ..\..\src\hostapi\asio\asiosdk\common\register.cpp ..\..\src\hostapi\asio\asiosdk\host\ASIOConvertSamples.cpp ..\..\src\hostapi\asio\asiosdk\host\asiodrivers.cpp ..\..\src\hostapi\asio\asiosdk\host\pc\asiolist.cpp PA19.cpp
         PA19.cpp
         asiolist.cpp
         asiodrivers.cpp
         ASIOConvertSamples.cpp
         register.cpp
         debugmessage.cpp
         combase.cpp
         asio.cpp
         iasiothiscallresolver.cpp
         Generating Code...
         C:\Program Files (x86)\Microsoft Visual Studio 10.0\VC\bin\CL.exe /c /I..\..\src\hostapi\asio\ASIOSDK\host /I..\..\src\hostapi\asio\ASIOSDK\host\pc /I..\..\src\hostapi\asio\ASIOSDK\common /I..\..\src\common /I..\..\include /I.\ /I..\..\src\os\1win /I..\..\src\hostapi\asio\asiosdk\common /I..\..\src\hostapi\asio\asiosdk\host /I..\..\src\hostapi\asio\asiosdk\host\pc /I"$DXSDK_DIR\include" /I"C:\Documents and Settings\N4HY2\Desktop\Programming\PowerSDR\branches\n4hy\portaudio_default\src\os\win..\src\common" /I..\..\include /I.\ /I..\..\src\os\win /ZI /nologo /W3 /WX- /Od /Oy- /D WIN32 /D _DEBUG /D _USRDLL /D PA_ENABLE_DEBUG_OUTPUT /D _CRT_SECURE_NO_DEPRECATE /D PAWIN_USE_WDMKS_DEVICE_INFO /D PA19_EXPORTS /D _VC80_UPGRADE=0x0600 /D _WINDLL /Gm /EHsc /RTC1 /MDd /GS /fp:precise /Zc:wchar_t /Zc:forScope /Fo"Win32\Debug\\" /Fd"Win32\Debug\vc100.pdb" /Gd /TP /analyze- /errorReport:prompt ..\..\src\hostapi\asio\pa_asio.cpp
         pa_asio.cpp
       ManifestResourceCompile:
         C:\Program Files (x86)\Microsoft SDKs\Windows\v7.0A\bin\rc.exe /nologo /fo"Win32\Debug\portaudio.dll.embed.manifest.res" Win32\Debug\portaudio_manifest.rc 
     1>C:\Program Files (x86)\MSBuild\Microsoft.Cpp\v4.0\Microsoft.CppBuild.targets(990,5): warning MSB8012: TargetPath(C:\Users\Doug\Desktop\OpenHPSDR\W5WC\PowerSDR_HPSDR_2_RX2\lib\portaudio_VS2008\build\msvc\Win32\Debug\portaudio.dll) does not match the Linker's OutputFile property value (C:\Users\Doug\Desktop\OpenHPSDR\W5WC\PowerSDR_HPSDR_2_RX2\bin\Debug\PA19.dll). This may cause your project to build incorrectly. To correct this, please make sure that $(OutDir), $(TargetName) and $(TargetExt) property values match the value specified in %(Link.OutputFile).
     1>C:\Program Files (x86)\MSBuild\Microsoft.Cpp\v4.0\Microsoft.CppBuild.targets(992,5): warning MSB8012: TargetName(portaudio) does not match the Linker's OutputFile property value (PA19). This may cause your project to build incorrectly. To correct this, please make sure that $(OutDir), $(TargetName) and $(TargetExt) property values match the value specified in %(Link.OutputFile).
       Link:
         C:\Program Files (x86)\Microsoft Visual Studio 10.0\VC\bin\link.exe /ERRORREPORT:PROMPT /OUT:"..\..\..\..\bin\Debug\PA19.dll" /INCREMENTAL /NOLOGO /LIBPATH:..\..\lib setupapi.lib dsound.lib kernel32.lib user32.lib gdi32.lib winspool.lib comdlg32.lib advapi32.lib shell32.lib ole32.lib oleaut32.lib uuid.lib odbc32.lib odbccp32.lib /DEF:".\portaudio.def" /MANIFEST /ManifestFile:"Win32\Debug\portaudio.dll.intermediate.manifest" /MANIFESTUAC:"level='asInvoker' uiAccess='false'" /DEBUG /PDB:"Win32\Debug\PA19.pdb" /TLBID:1 /DYNAMICBASE:NO /IMPLIB:"Win32\Debug\PA19.lib" /MACHINE:X86 /DLL Win32\Debug\portaudio.dll.embed.manifest.res
         Win32\Debug\pa_allocation.obj
         Win32\Debug\pa_converters.obj
         Win32\Debug\pa_cpuload.obj
         Win32\Debug\pa_debugprint.obj
         Win32\Debug\pa_dither.obj
         Win32\Debug\pa_front.obj
         Win32\Debug\pa_process.obj
         Win32\Debug\pa_ringbuffer.obj
         Win32\Debug\pa_skeleton.obj
         Win32\Debug\pa_stream.obj
         Win32\Debug\pa_trace.obj
         Win32\Debug\iasiothiscallresolver.obj
         Win32\Debug\pa_asio.obj
         Win32\Debug\asio.obj
         Win32\Debug\combase.obj
         Win32\Debug\debugmessage.obj
         Win32\Debug\register.obj
         Win32\Debug\ASIOConvertSamples.obj
         Win32\Debug\asiodrivers.obj
         Win32\Debug\asiolist.obj
         Win32\Debug\pa_win_ds.obj
         Win32\Debug\pa_win_ds_dynlink.obj
         Win32\Debug\pa_win_wmme.obj
         Win32\Debug\pa_win_wasapi.obj
         Win32\Debug\pa_win_wdmks.obj
         Win32\Debug\PA19.obj
         Win32\Debug\pa_win_hostapis.obj
         Win32\Debug\pa_win_util.obj
         Win32\Debug\pa_win_waveformat.obj
         Win32\Debug\pa_win_wdmks_utils.obj
         Win32\Debug\pa_x86_plain_converters.obj
            Creating library Win32\Debug\PA19.lib and object Win32\Debug\PA19.exp
       Manifest:
         Deleting file "Win32\Debug\portaudio.dll.embed.manifest".
         C:\Program Files (x86)\Microsoft SDKs\Windows\v7.0A\bin\mt.exe /nologo /verbose /out:"Win32\Debug\portaudio.dll.embed.manifest" /manifest Win32\Debug\portaudio.dll.intermediate.manifest
         C:\Program Files (x86)\Microsoft SDKs\Windows\v7.0A\bin\rc.exe /nologo /fo"Win32\Debug\portaudio.dll.embed.manifest.res" Win32\Debug\portaudio_manifest.rc 
       LinkEmbedManifest:
         C:\Program Files (x86)\Microsoft Visual Studio 10.0\VC\bin\link.exe /ERRORREPORT:PROMPT /OUT:"..\..\..\..\bin\Debug\PA19.dll" /INCREMENTAL /NOLOGO /LIBPATH:..\..\lib setupapi.lib dsound.lib kernel32.lib user32.lib gdi32.lib winspool.lib comdlg32.lib advapi32.lib shell32.lib ole32.lib oleaut32.lib uuid.lib odbc32.lib odbccp32.lib /DEF:".\portaudio.def" /MANIFEST /ManifestFile:"Win32\Debug\portaudio.dll.intermediate.manifest" /MANIFESTUAC:"level='asInvoker' uiAccess='false'" /DEBUG /PDB:"Win32\Debug\PA19.pdb" /TLBID:1 /DYNAMICBASE:NO /IMPLIB:"Win32\Debug\PA19.lib" /MACHINE:X86 /DLL Win32\Debug\portaudio.dll.embed.manifest.res
         Win32\Debug\pa_allocation.obj
         Win32\Debug\pa_converters.obj
         Win32\Debug\pa_cpuload.obj
         Win32\Debug\pa_debugprint.obj
         Win32\Debug\pa_dither.obj
         Win32\Debug\pa_front.obj
         Win32\Debug\pa_process.obj
         Win32\Debug\pa_ringbuffer.obj
         Win32\Debug\pa_skeleton.obj
         Win32\Debug\pa_stream.obj
         Win32\Debug\pa_trace.obj
         Win32\Debug\iasiothiscallresolver.obj
         Win32\Debug\pa_asio.obj
         Win32\Debug\asio.obj
         Win32\Debug\combase.obj
         Win32\Debug\debugmessage.obj
         Win32\Debug\register.obj
         Win32\Debug\ASIOConvertSamples.obj
         Win32\Debug\asiodrivers.obj
         Win32\Debug\asiolist.obj
         Win32\Debug\pa_win_ds.obj
         Win32\Debug\pa_win_ds_dynlink.obj
         Win32\Debug\pa_win_wmme.obj
         Win32\Debug\pa_win_wasapi.obj
         Win32\Debug\pa_win_wdmks.obj
         Win32\Debug\PA19.obj
         Win32\Debug\pa_win_hostapis.obj
         Win32\Debug\pa_win_util.obj
         Win32\Debug\pa_win_waveformat.obj
         Win32\Debug\pa_win_wdmks_utils.obj
         Win32\Debug\pa_x86_plain_converters.obj
            Creating library Win32\Debug\PA19.lib and object Win32\Debug\PA19.exp
         portaudio.vcxproj -> C:\Users\Doug\Desktop\OpenHPSDR\W5WC\PowerSDR_HPSDR_2_RX2\lib\portaudio_VS2008\build\msvc\Win32\Debug\portaudio.dll
       FinalizeBuildStatus:
         Deleting file "Win32\Debug\portaudio.unsuccessfulbuild".
         Touching "Win32\Debug\portaudio.lastbuildstate".
     1>Done Building Project "C:\Users\Doug\Desktop\OpenHPSDR\W5WC\PowerSDR_HPSDR_2_RX2\lib\portaudio_VS2008\build\msvc\portaudio.vcxproj" (rebuild target(s)).

Build succeeded.

Time Elapsed 00:00:13.17
