scfifo=cbx_scfifo.dll
dcfifo=cbx_dcfifo.dll
altmemmult=cbx_altmemmult.dll;TREAT_DEFAULT_VALUE_AS_UNUSED
altmult_add=cbx_altmult_add.dll;TREAT_DEFAULT_VALUE_AS_UNUSED
lpm_mult=cbx_lpm_mult.dll;TREAT_DEFAULT_VALUE_AS_UNUSED
altpll_reconfig=cbx_altpll_reconfig.dll;TREAT_DEFAULT_VALUE_AS_UNUSED
altremote_update=cbx_altremote_update.dll;TREAT_DEFAULT_VALUE_AS_UNUSED
altaccumulate=cbx_altaccumulate.dll
altfp_mult=cbx_altfp_mult.dll
altdqs=cbx_altdqs.dll;TREAT_DEFAULT_VALUE_AS_UNUSED
altdq=cbx_altdq.dll;TREAT_DEFAULT_VALUE_AS_UNUSED
lpm_mux=cbx_lpm_mux.dll
altshift_taps=cbx_altshift_taps.dll;TREAT_DEFAULT_VALUE_AS_UNUSED
lpm_add_sub=cbx_lpm_add_sub.dll
lpm_compare=cbx_lpm_compare.dll;TREAT_DEFAULT_VALUE_AS_UNUSED
lpm_counter=cbx_lpm_counter.dll;TREAT_DEFAULT_VALUE_AS_UNUSED
altsyncram=cbx_altsyncram.dll;TREAT_DEFAULT_VALUE_AS_UNUSED
altclkctrl=cbx_altclkbuf.dll;TREAT_DEFAULT_VALUE_AS_UNUSED
alt_zaccum=cbx_alt_zaccum.dll;TREAT_DEFAULT_VALUE_AS_UNUSED
altddio_in=cbx_altddio_in.dll;TREAT_DEFAULT_VALUE_AS_UNUSED
altddio_out=cbx_altddio_out.dll;TREAT_DEFAULT_VALUE_AS_UNUSED
altddio_bidir=cbx_altddio_bidir.dll;TREAT_DEFAULT_VALUE_AS_UNUSED
sld_ela_trigger=cbx_sld_ela_trigger.dll
parallel_add=cbx_parallel_add.dll
altmult_accum=cbx_altmult_accum.dll;TREAT_DEFAULT_VALUE_AS_UNUSED
altufm_none=cbx_altufm_none.dll;TREAT_DEFAULT_VALUE_AS_UNUSED
altufm_parallel=cbx_altufm_parallel.dll;TREAT_DEFAULT_VALUE_AS_UNUSED
altufm_spi=cbx_altufm_spi.dll;TREAT_DEFAULT_VALUE_AS_UNUSED
altsquare=cbx_altsquare.dll
a_graycounter=cbx_a_graycounter.dll;TREAT_DEFAULT_VALUE_AS_UNUSED
lpm_ram_dq=cbx_lpm_ram_dq.dll;TREAT_DEFAULT_VALUE_AS_UNUSED
altrom=cbx_altrom.dll
lpm_constant=cbx_lpm_constant.dll
lpm_decode=cbx_lpm_decode.dll
lpm_divide=cbx_lpm_divide.dll
altlvds_rx=cbx_altlvds_rx.dll
altlvds_tx=cbx_altlvds_tx.dll
altufm_osc=cbx_altufm_osc.dll
altufm_i2c=cbx_altufm_i2c.dll;TREAT_DEFAULT_VALUE_AS_UNUSED
altfp_add_sub=cbx_altfp_add_sub.dll;TREAT_DEFAULT_VALUE_AS_UNUSED
altbarrel_shift=cbx_altbarrel_shift.dll;TREAT_DEFAULT_VALUE_AS_UNUSED
altpriority_encoder=cbx_altpriority_encoder.dll;TREAT_DEFAULT_VALUE_AS_UNUSED
altasmi_parallel=cbx_altasmi_parallel.dll;TREAT_DEFAULT_VALUE_AS_UNUSED


