00001E
00000E
FFFFDB
FFFFF3
000028
000024
FFFFC5
FFFFC9
000041
00005B
FFFFB5
FFFF7D
000048
0000BB
FFFFC2
FFFF06
000022
000144
00000E
FFFE6D
FFFFA8
0001E6
0000C1
FFFDCC
FFFEB1
000276
000203
FFFD5F
FFFD1F
0002AA
0003E8
FFFD7D
FFFAEC
00021C
00065E
FFFE98
FFF844
000056
00091C
000127
FFF595
FFFCE6
000B8F
00058A
FFF395
FFF786
000CDB
000BE4
FFF343
FFF042
000BE8
0013F0
FFF5C9
FFE7A3
000784
001CDA
FFFC50
FFDECD
FFFEA1
00252A
0007BA
FFD789
FFF09B
002AC9
001855
FFD433
FFDD90
002B28
002D87
FFD77D
FFC6A8
00238A
00458B
FFE411
FFAE4C
001173
005D51
FFFC19
FF9833
FFF331
007081
0020AF
FF8946
FFC866
0079B8
005154
FF8749
FF9286
0072F0
008B84
FF985F
FF553A
00560F
00CA6B
FFC277
FF168A
001D6F
0106C6
000AD4
FEDEF0
FFC43C
0136E2
0075E1
FEB964
FF4652
014E67
0107C9
FEB3E3
FE9EF2
013D2B
01C6D5
FEE1BF
FDC49F
00EACC
02C2AC
FF6421
FC9BF7
0025DB
042DCC
008D50
FAC13D
FE5191
06E448
03C4E5
F5E0B7
F6F625
15515E
374F48
374F48
15515E
F6F625
F5E0B7
03C4E5
06E448
FE5191
FAC13D
008D50
042DCC
0025DB
FC9BF7
FF6421
02C2AC
00EACC
FDC49F
FEE1BF
01C6D5
013D2B
FE9EF2
FEB3E3
0107C9
014E67
FF4652
FEB964
0075E1
0136E2
FFC43C
FEDEF0
000AD4
0106C6
001D6F
FF168A
FFC277
00CA6B
00560F
FF553A
FF985F
008B84
0072F0
FF9286
FF8749
005154
0079B8
FFC866
FF8946
0020AF
007081
FFF331
FF9833
FFFC19
005D51
001173
FFAE4C
FFE411
00458B
00238A
FFC6A8
FFD77D
002D87
002B28
FFDD90
FFD433
001855
002AC9
FFF09B
FFD789
0007BA
00252A
FFFEA1
FFDECD
FFFC50
001CDA
000784
FFE7A3
FFF5C9
0013F0
000BE8
FFF042
FFF343
000BE4
000CDB
FFF786
FFF395
00058A
000B8F
FFFCE6
FFF595
000127
00091C
000056
FFF844
FFFE98
00065E
00021C
FFFAEC
FFFD7D
0003E8
0002AA
FFFD1F
FFFD5F
000203
000276
FFFEB1
FFFDCC
0000C1
0001E6
FFFFA8
FFFE6D
00000E
000144
000022
FFFF06
FFFFC2
0000BB
000048
FFFF7D
FFFFB5
00005B
000041
FFFFC9
FFFFC5
000024
000028
FFFFF3
FFFFDB
00000E
00001E
