Flow report for Mercury
Wed Sep 14 19:16:53 2011
Quartus II Version 9.1 Build 350 03/24/2010 Service Pack 2 SJ Web Edition


---------------------
; Table of Contents ;
---------------------
  1. Legal Notice
  2. Flow Summary
  3. Flow Settings
  4. Flow Non-Default Global Settings
  5. Flow Elapsed Time
  6. Flow OS Summary
  7. Flow Log



----------------
; Legal Notice ;
----------------
Copyright (C) 1991-2010 Altera Corporation
Your use of Altera Corporation's design tools, logic functions 
and other software and tools, and its AMPP partner logic 
functions, and any output files from any of the foregoing 
(including device programming or simulation files), and any 
associated documentation or information are expressly subject 
to the terms and conditions of the Altera Program License 
Subscription Agreement, Altera MegaCore Function License 
Agreement, or other applicable license agreement, including, 
without limitation, that your use is for the sole purpose of 
programming logic devices manufactured by Altera and sold by 
Altera or its authorized distributors.  Please refer to the 
applicable agreement for further details.



+-----------------------------------------------------------------------------------+
; Flow Summary                                                                      ;
+------------------------------------+----------------------------------------------+
; Flow Status                        ; Analyzed - Wed Sep 14 19:16:52 2011          ;
; Quartus II Version                 ; 9.1 Build 350 03/24/2010 SP 2 SJ Web Edition ;
; Revision Name                      ; Mercury                                      ;
; Top-level Entity Name              ; Mercury                                      ;
; Family                             ; Cyclone III                                  ;
; Device                             ; EP3C25Q240C8                                 ;
; Timing Models                      ; Final                                        ;
; Met timing requirements            ; Yes                                          ;
; Total logic elements               ; 9,669 / 24,624 ( 39 % )                      ;
;     Total combinational functions  ; 7,766 / 24,624 ( 32 % )                      ;
;     Dedicated logic registers      ; 7,481 / 24,624 ( 30 % )                      ;
; Total registers                    ; 7481                                         ;
; Total pins                         ; 62 / 149 ( 42 % )                            ;
; Total virtual pins                 ; 0                                            ;
; Total memory bits                  ; 84,380 / 608,256 ( 14 % )                    ;
; Embedded Multiplier 9-bit elements ; 22 / 132 ( 17 % )                            ;
; Total PLLs                         ; 2 / 4 ( 50 % )                               ;
+------------------------------------+----------------------------------------------+


+-----------------------------------------+
; Flow Settings                           ;
+-------------------+---------------------+
; Option            ; Setting             ;
+-------------------+---------------------+
; Start date & time ; 09/14/2011 19:11:00 ;
; Main task         ; Compilation         ;
; Revision Name     ; Mercury             ;
+-------------------+---------------------+


+-------------------------------------------------------------------------------------------------------------------------------------------------------------------------------------------------------------------------------------------------------------------------------------------------------------+
; Flow Non-Default Global Settings                                                                                                                                                                                                                                                                            ;
+----------------------------------------+--------------------------------------------------------------------------------------------------------------------------------------------------------------------------------------------------------------------+--------------------+-------------+------------+
; Assignment Name                        ; Value                                                                                                                                                                                                              ; Default Value      ; Entity Name ; Section Id ;
+----------------------------------------+--------------------------------------------------------------------------------------------------------------------------------------------------------------------------------------------------------------------+--------------------+-------------+------------+
; ADV_NETLIST_OPT_SYNTH_WYSIWYG_REMAP    ; On                                                                                                                                                                                                                 ; Off                ; --          ; --         ;
; ALLOW_POWER_UP_DONT_CARE               ; Off                                                                                                                                                                                                                ; On                 ; --          ; --         ;
; COMPILER_SIGNATURE_ID                  ; 694449418451.131599866003684                                                                                                                                                                                       ; --                 ; --          ; --         ;
; ENABLE_DRC_SETTINGS                    ; On                                                                                                                                                                                                                 ; Off                ; --          ; --         ;
; ENABLE_SIGNALTAP                       ; Off                                                                                                                                                                                                                ; --                 ; --          ; --         ;
; FITTER_EFFORT                          ; Standard Fit                                                                                                                                                                                                       ; Auto Fit           ; --          ; --         ;
; FMAX_REQUIREMENT                       ; 122.88 MHz                                                                                                                                                                                                         ; --                 ; --          ; --         ;
; IP_TOOL_NAME                           ; Shift register (RAM-based)                                                                                                                                                                                         ; --                 ; --          ; --         ;
; IP_TOOL_NAME                           ; FIFO                                                                                                                                                                                                               ; --                 ; --          ; --         ;
; IP_TOOL_NAME                           ; ALTPLL                                                                                                                                                                                                             ; --                 ; --          ; --         ;
; IP_TOOL_NAME                           ; ALTPLL                                                                                                                                                                                                             ; --                 ; --          ; --         ;
; IP_TOOL_VERSION                        ; 8.1                                                                                                                                                                                                                ; --                 ; --          ; --         ;
; IP_TOOL_VERSION                        ; 9.0                                                                                                                                                                                                                ; --                 ; --          ; --         ;
; IP_TOOL_VERSION                        ; 9.1                                                                                                                                                                                                                ; --                 ; --          ; --         ;
; IP_TOOL_VERSION                        ; 9.1                                                                                                                                                                                                                ; --                 ; --          ; --         ;
; MISC_FILE                              ; C:/Proj/DSP/Mercury/SVN_VE3NEA/Merc_Verilog/Mercury.dpf                                                                                                                                                            ; --                 ; --          ; --         ;
; MISC_FILE                              ; C:/HPSDR/trunk/Mercury V2/Mercury.dpf                                                                                                                                                                              ; --                 ; --          ; --         ;
; MISC_FILE                              ; C:/Documents and Settings/Kirk/Desktop/Mercury/Mercury.dpf                                                                                                                                                         ; --                 ; --          ; --         ;
; MISC_FILE                              ; C:/Documents and Settings/Kirk Weedman/Desktop/HPSDR Verilog/Mercury/Mercury.dpf                                                                                                                                   ; --                 ; --          ; --         ;
; MISC_FILE                              ; C:/Documents and Settings/Kirk/Desktop/HPSDR Verilog/Mercury/Mercury.dpf                                                                                                                                           ; --                 ; --          ; --         ;
; MISC_FILE                              ; SP_fifo.bsf                                                                                                                                                                                                        ; --                 ; --          ; --         ;
; MISC_FILE                              ; SP_fifo_inst.v                                                                                                                                                                                                     ; --                 ; --          ; --         ;
; MISC_FILE                              ; SP_fifo_bb.v                                                                                                                                                                                                       ; --                 ; --          ; --         ;
; MISC_FILE                              ; C:/Documents and Settings/Kirk/Desktop/openhpsdr/HPSDR Verilog/Mercury/Mercury.dpf                                                                                                                                 ; --                 ; --          ; --         ;
; MISC_FILE                              ; C:/HPSDR/trunk/Mercury V2.9/Mercury/Mercury.dpf                                                                                                                                                                    ; --                 ; --          ; --         ;
; MISC_FILE                              ; C122_PLL.ppf                                                                                                                                                                                                       ; --                 ; --          ; --         ;
; MISC_FILE                              ; C10_PLL.ppf                                                                                                                                                                                                        ; --                 ; --          ; --         ;
; MUX_RESTRUCTURE                        ; Off                                                                                                                                                                                                                ; Auto               ; --          ; --         ;
; NOMINAL_CORE_SUPPLY_VOLTAGE            ; 1.2V                                                                                                                                                                                                               ; --                 ; --          ; --         ;
; NUMBER_OF_PATHS_TO_REPORT              ; 2000                                                                                                                                                                                                               ; 200                ; --          ; --         ;
; OPTIMIZE_MULTI_CORNER_TIMING           ; On                                                                                                                                                                                                                 ; Off                ; --          ; --         ;
; OPTIMIZE_POWER_DURING_FITTING          ; Extra effort                                                                                                                                                                                                       ; Normal compilation ; --          ; --         ;
; PHYSICAL_SYNTHESIS_COMBO_LOGIC         ; On                                                                                                                                                                                                                 ; Off                ; --          ; --         ;
; POWER_BOARD_THERMAL_MODEL              ; None (CONSERVATIVE)                                                                                                                                                                                                ; --                 ; --          ; --         ;
; POWER_PRESET_COOLING_SOLUTION          ; 23 MM HEAT SINK WITH 200 LFPM AIRFLOW                                                                                                                                                                              ; --                 ; --          ; --         ;
; STATE_MACHINE_PROCESSING               ; User-Encoded                                                                                                                                                                                                       ; Auto               ; --          ; --         ;
; USER_LIBRARIES                         ; C:/HPDSDR/trunk/VK6APH/Mercury/megafunctions/;C:/HPDSDR/trunk/VK6APH/Mercury/db/;C:/HPSDR/trunk/VK6APH/Mercury/megafunctions/;C:/HPSDR/trunk/VK6APH/Mercury/db/;C:/FPGA/Mercury/megafunctions/;C:/FPGA/Mercury/db/ ; --                 ; --          ; --         ;
; USE_LOGICLOCK_CONSTRAINTS_IN_BALANCING ; Off                                                                                                                                                                                                                ; On                 ; --          ; --         ;
; USE_SIGNALTAP_FILE                     ; Mercury.stp                                                                                                                                                                                                        ; --                 ; --          ; --         ;
; USE_TIMEQUEST_TIMING_ANALYZER          ; Off                                                                                                                                                                                                                ; On                 ; --          ; --         ;
+----------------------------------------+--------------------------------------------------------------------------------------------------------------------------------------------------------------------------------------------------------------------+--------------------+-------------+------------+


+-----------------------------------------------------------------------------------------------------------------------------+
; Flow Elapsed Time                                                                                                           ;
+-------------------------+--------------+-------------------------+---------------------+------------------------------------+
; Module Name             ; Elapsed Time ; Average Processors Used ; Peak Virtual Memory ; Total CPU Time (on all processors) ;
+-------------------------+--------------+-------------------------+---------------------+------------------------------------+
; Analysis & Synthesis    ; 00:00:41     ; 1.0                     ; 216 MB              ; 00:00:37                           ;
; Fitter                  ; 00:04:37     ; 1.0                     ; 301 MB              ; 00:04:34                           ;
; Assembler               ; 00:00:08     ; 1.0                     ; 223 MB              ; 00:00:08                           ;
; Classic Timing Analyzer ; 00:00:08     ; 1.0                     ; 181 MB              ; 00:00:08                           ;
; Design Assistant        ; 00:00:08     ; 1.0                     ; 180 MB              ; 00:00:08                           ;
; Total                   ; 00:05:42     ; --                      ; --                  ; 00:05:35                           ;
+-------------------------+--------------+-------------------------+---------------------+------------------------------------+


+---------------------------------------------------------------------------------------+
; Flow OS Summary                                                                       ;
+-------------------------+------------------+------------+------------+----------------+
; Module Name             ; Machine Hostname ; OS Name    ; OS Version ; Processor type ;
+-------------------------+------------------+------------+------------+----------------+
; Analysis & Synthesis    ; phil             ; Windows XP ; 5.1        ; i686           ;
; Fitter                  ; phil             ; Windows XP ; 5.1        ; i686           ;
; Assembler               ; phil             ; Windows XP ; 5.1        ; i686           ;
; Classic Timing Analyzer ; phil             ; Windows XP ; 5.1        ; i686           ;
; Design Assistant        ; phil             ; Windows XP ; 5.1        ; i686           ;
+-------------------------+------------------+------------+------------+----------------+


------------
; Flow Log ;
------------
quartus_map --read_settings_files=on --write_settings_files=off Mercury -c Mercury
quartus_fit --read_settings_files=off --write_settings_files=off Mercury -c Mercury
quartus_asm --read_settings_files=off --write_settings_files=off Mercury -c Mercury
quartus_tan --read_settings_files=off --write_settings_files=off Mercury -c Mercury --timing_analysis_only
quartus_drc --read_settings_files=off --write_settings_files=off Mercury -c Mercury



