Flow report for init_load
Fri Dec 29 13:46:48 2006
Quartus II Version 6.1 Build 201 11/27/2006 SJ Web Edition


---------------------
; Table of Contents ;
---------------------
  1. Legal Notice
  2. Flow Summary
  3. Flow Settings
  4. Flow Non-Default Global Settings
  5. Flow Elapsed Time
  6. Flow Log



----------------
; Legal Notice ;
----------------
Copyright (C) 1991-2006 Altera Corporation
Your use of Altera Corporation's design tools, logic functions 
and other software and tools, and its AMPP partner logic 
functions, and any output files from any of the foregoing 
(including device programming or simulation files), and any 
associated documentation or information are expressly subject 
to the terms and conditions of the Altera Program License 
Subscription Agreement, Altera MegaCore Function License 
Agreement, or other applicable license agreement, including, 
without limitation, that your use is for the sole purpose of 
programming logic devices manufactured by Altera and sold by 
Altera or its authorized distributors.  Please refer to the 
applicable agreement for further details.



+-------------------------------------------------------------------+
; Flow Summary                                                      ;
+-------------------------+-----------------------------------------+
; Flow Status             ; Successful - Fri Dec 29 13:46:48 2006   ;
; Quartus II Version      ; 6.1 Build 201 11/27/2006 SJ Web Edition ;
; Revision Name           ; init_load                               ;
; Top-level Entity Name   ; init_load                               ;
; Family                  ; MAX II                                  ;
; Device                  ; EPM240T100C5                            ;
; Timing Models           ; Final                                   ;
; Met timing requirements ; Yes                                     ;
; Total logic elements    ; 94 / 240 ( 39 % )                       ;
; Total pins              ; 80 / 80 ( 100 % )                       ;
; Total virtual pins      ; 0                                       ;
; UFM blocks              ; 0 / 1 ( 0 % )                           ;
+-------------------------+-----------------------------------------+


+-----------------------------------------+
; Flow Settings                           ;
+-------------------+---------------------+
; Option            ; Setting             ;
+-------------------+---------------------+
; Start date & time ; 12/29/2006 13:46:35 ;
; Main task         ; Compilation         ;
; Revision Name     ; init_load           ;
+-------------------+---------------------+


+---------------------------------------------------------------------------------+
; Flow Non-Default Global Settings                                                ;
+------------------------------+-------+---------------+-------------+------------+
; Assignment Name              ; Value ; Default Value ; Entity Name ; Section Id ;
+------------------------------+-------+---------------+-------------+------------+
; MAXII_OPTIMIZATION_TECHNIQUE ; Area  ; Balanced      ; --          ; --         ;
; SMART_RECOMPILE              ; On    ; Off           ; --          ; --         ;
+------------------------------+-------+---------------+-------------+------------+


+----------------------------------------+
; Flow Elapsed Time                      ;
+-------------------------+--------------+
; Module Name             ; Elapsed Time ;
+-------------------------+--------------+
; Analysis & Synthesis    ; 00:00:02     ;
; Fitter                  ; 00:00:03     ;
; Assembler               ; 00:00:04     ;
; Classic Timing Analyzer ; 00:00:02     ;
; Total                   ; 00:00:11     ;
+-------------------------+--------------+


------------
; Flow Log ;
------------
quartus_map --read_settings_files=on --write_settings_files=off init_load -c init_load
quartus_fit --read_settings_files=off --write_settings_files=off init_load -c init_load
quartus_asm --read_settings_files=off --write_settings_files=off init_load -c init_load
quartus_tan --read_settings_files=off --write_settings_files=off init_load -c init_load



