Assembler report for Ozy_Janus
Wed Oct 10 19:43:49 2012
Quartus II 32-bit Version 11.1 Build 259 01/25/2012 Service Pack 2 SJ Web Edition


---------------------
; Table of Contents ;
---------------------
  1. Legal Notice
  2. Assembler Summary
  3. Assembler Settings
  4. Assembler Generated Files
  5. Assembler Device Options: E:/HPSDR/trunk/Ozy_V2.3/Ozy_Janus.sof
  6. Assembler Device Options: E:/HPSDR/trunk/Ozy_V2.3/Ozy_Janus.pof
  7. Assembler Device Options: E:/HPSDR/trunk/Ozy_V2.3/Ozy_Janus.rbf
  8. Assembler Messages



----------------
; Legal Notice ;
----------------
Copyright (C) 1991-2011 Altera Corporation
Your use of Altera Corporation's design tools, logic functions 
and other software and tools, and its AMPP partner logic 
functions, and any output files from any of the foregoing 
(including device programming or simulation files), and any 
associated documentation or information are expressly subject 
to the terms and conditions of the Altera Program License 
Subscription Agreement, Altera MegaCore Function License 
Agreement, or other applicable license agreement, including, 
without limitation, that your use is for the sole purpose of 
programming logic devices manufactured by Altera and sold by 
Altera or its authorized distributors.  Please refer to the 
applicable agreement for further details.



+---------------------------------------------------------------+
; Assembler Summary                                             ;
+-----------------------+---------------------------------------+
; Assembler Status      ; Successful - Wed Oct 10 19:43:49 2012 ;
; Revision Name         ; Ozy_Janus                             ;
; Top-level Entity Name ; Ozy_Janus                             ;
; Family                ; Cyclone II                            ;
; Device                ; EP2C8Q208C8                           ;
+-----------------------+---------------------------------------+


+--------------------------------------------------------------------------------------------------------+
; Assembler Settings                                                                                     ;
+-----------------------------------------------------------------------------+----------+---------------+
; Option                                                                      ; Setting  ; Default Value ;
+-----------------------------------------------------------------------------+----------+---------------+
; Use smart compilation                                                       ; On       ; Off           ;
; Generate Raw Binary File (.rbf) For Target Device                           ; On       ; Off           ;
; Enable parallel Assembler and TimeQuest Timing Analyzer during compilation  ; On       ; On            ;
; Enable compact report table                                                 ; Off      ; Off           ;
; Generate compressed bitstreams                                              ; On       ; On            ;
; Compression mode                                                            ; Off      ; Off           ;
; Clock source for configuration device                                       ; Internal ; Internal      ;
; Clock frequency of the configuration device                                 ; 10 MHZ   ; 10 MHz        ;
; Divide clock frequency by                                                   ; 1        ; 1             ;
; Auto user code                                                              ; Off      ; Off           ;
; Use configuration device                                                    ; On       ; On            ;
; Configuration device                                                        ; Auto     ; Auto          ;
; Configuration device auto user code                                         ; Off      ; Off           ;
; Generate Tabular Text File (.ttf) For Target Device                         ; Off      ; Off           ;
; Generate Hexadecimal (Intel-Format) Output File (.hexout) for Target Device ; Off      ; Off           ;
; Hexadecimal Output File start address                                       ; 0        ; 0             ;
; Hexadecimal Output File count direction                                     ; Up       ; Up            ;
; Release clears before tri-states                                            ; Off      ; Off           ;
; Auto-restart configuration after error                                      ; On       ; On            ;
; Maintain Compatibility with All Cyclone II M4K Versions                     ; On       ; On            ;
; Generate Serial Vector Format File (.svf) for Target Device                 ; Off      ; Off           ;
; Generate a JEDEC STAPL Format File (.jam) for Target Device                 ; Off      ; Off           ;
; Generate a compressed Jam STAPL Byte Code 2.0 File (.jbc) for Target Device ; Off      ; Off           ;
; Generate a compressed Jam STAPL Byte Code 2.0 File (.jbc) for Target Device ; On       ; On            ;
+-----------------------------------------------------------------------------+----------+---------------+


+---------------------------------------+
; Assembler Generated Files             ;
+---------------------------------------+
; File Name                             ;
+---------------------------------------+
; E:/HPSDR/trunk/Ozy_V2.3/Ozy_Janus.sof ;
; E:/HPSDR/trunk/Ozy_V2.3/Ozy_Janus.pof ;
; E:/HPSDR/trunk/Ozy_V2.3/Ozy_Janus.rbf ;
+---------------------------------------+


+-----------------------------------------------------------------+
; Assembler Device Options: E:/HPSDR/trunk/Ozy_V2.3/Ozy_Janus.sof ;
+----------------+------------------------------------------------+
; Option         ; Setting                                        ;
+----------------+------------------------------------------------+
; Device         ; EP2C8Q208C8                                    ;
; JTAG usercode  ; 0xFFFFFFFF                                     ;
; Checksum       ; 0x005BB130                                     ;
+----------------+------------------------------------------------+


+-----------------------------------------------------------------+
; Assembler Device Options: E:/HPSDR/trunk/Ozy_V2.3/Ozy_Janus.pof ;
+--------------------+--------------------------------------------+
; Option             ; Setting                                    ;
+--------------------+--------------------------------------------+
; Device             ; EPCS4                                      ;
; JTAG usercode      ; 0x00000000                                 ;
; Checksum           ; 0x069CBC2F                                 ;
; Compression Ratio  ; 1                                          ;
+--------------------+--------------------------------------------+


+-----------------------------------------------------------------+
; Assembler Device Options: E:/HPSDR/trunk/Ozy_V2.3/Ozy_Janus.rbf ;
+---------------------+-------------------------------------------+
; Option              ; Setting                                   ;
+---------------------+-------------------------------------------+
; Raw Binary File     ;                                           ;
;  Compression Ratio  ; 1                                         ;
+---------------------+-------------------------------------------+


+--------------------+
; Assembler Messages ;
+--------------------+
Info: *******************************************************************
Info: Running Quartus II 32-bit Assembler
    Info: Version 11.1 Build 259 01/25/2012 Service Pack 2 SJ Web Edition
    Info: Processing started: Wed Oct 10 19:43:46 2012
Info: Command: quartus_asm --read_settings_files=off --write_settings_files=off Ozy_Janus -c Ozy_Janus
Info (115031): Writing out detailed assembly data for power analysis
Info (115030): Assembler is generating device programming files
Info: Quartus II 32-bit Assembler was successful. 0 errors, 0 warnings
    Info: Peak virtual memory: 293 megabytes
    Info: Processing ended: Wed Oct 10 19:43:49 2012
    Info: Elapsed time: 00:00:03
    Info: Total CPU time (on all processors): 00:00:02


