Build started 2/3/2013 7:58:36 AM.
     1>Project "C:\Users\warren\Desktop\PowerSDR_HPSDR_5RX_FFT\lib\pthread\pthread.vcxproj" on node 2 (rebuild target(s)).
     1>_PrepareForClean:
         Deleting file "Win32\Release\temp\pthread.lastbuildstate".
       InitializeBuildStatus:
         Creating "Win32\Release\temp\pthread.unsuccessfulbuild" because "AlwaysCreate" was specified.
       ClCompile:
         C:\Program Files (x86)\Microsoft Visual Studio 10.0\VC\bin\CL.exe /c /I. /Zi /nologo /W3 /WX- /O2 /Ob2 /Oi /Ot /Oy- /D __CLEANUP_C /D WIN32 /D NDEBUG /D _WINDOWS /D _MBCS /D _USRDLL /D PTW32_BUILD /GF- /Gm- /EHsc /MD /GS /Gy /fp:precise /Zc:wchar_t /Zc:forScope /Fo"Win32\Release\temp\\" /Fd"Win32\Release\temp\vc100.pdb" /Gd /TC /analyze- /errorReport:prompt pthread.c
         pthread.c
     1>c:\users\warren\desktop\powersdr_hpsdr_5rx_fft\lib\pthread\ptw32_relmillisecs.c(97): warning C4996: '_ftime64': This function or variable may be unsafe. Consider using _ftime64_s instead. To disable deprecation, use _CRT_SECURE_NO_WARNINGS. See online help for details.
                 C:\Program Files (x86)\Microsoft Visual Studio 10.0\VC\include\sys/timeb.h(124) : see declaration of '_ftime64'
       ResourceCompile:
         C:\Program Files (x86)\Microsoft SDKs\Windows\v7.0A\bin\rc.exe /D NDEBUG /D PTW32_RC_MSC /D _VC80_UPGRADE=0x0710 /l"0x0409" /I. /nologo /fo"Win32\Release\temp\version.res" version.rc 
     1>C:\Program Files (x86)\MSBuild\Microsoft.Cpp\v4.0\Microsoft.CppBuild.targets(990,5): warning MSB8012: TargetPath(C:\Users\warren\Desktop\PowerSDR_HPSDR_5RX_FFT\lib\pthread\Win32\Release\pthread.dll) does not match the Linker's OutputFile property value (C:\Users\warren\Desktop\PowerSDR_HPSDR_5RX_FFT\bin\Release\pthreadVC.dll). This may cause your project to build incorrectly. To correct this, please make sure that $(OutDir), $(TargetName) and $(TargetExt) property values match the value specified in %(Link.OutputFile).
     1>C:\Program Files (x86)\MSBuild\Microsoft.Cpp\v4.0\Microsoft.CppBuild.targets(992,5): warning MSB8012: TargetName(pthread) does not match the Linker's OutputFile property value (pthreadVC). This may cause your project to build incorrectly. To correct this, please make sure that $(OutDir), $(TargetName) and $(TargetExt) property values match the value specified in %(Link.OutputFile).
       Link:
         C:\Program Files (x86)\Microsoft Visual Studio 10.0\VC\bin\link.exe /ERRORREPORT:PROMPT /OUT:"..\..\bin\Release\pthreadVC.dll" /INCREMENTAL:NO /NOLOGO ws2_32.lib kernel32.lib user32.lib gdi32.lib winspool.lib comdlg32.lib advapi32.lib shell32.lib ole32.lib oleaut32.lib uuid.lib odbc32.lib odbccp32.lib /MANIFEST /ManifestFile:"Win32\Release\temp\pthread.dll.intermediate.manifest" /MANIFESTUAC:"level='asInvoker' uiAccess='false'" /PDB:"C:\Users\warren\Desktop\PowerSDR_HPSDR_5RX_FFT\lib\pthread\Win32\Release\pthread.pdb" /TLBID:1 /DYNAMICBASE:NO /IMPLIB:"Win32\Release\temp\pthreadVC.lib" /MACHINE:X86 /DLL Win32\Release\temp\version.res
         Win32\Release\temp\pthread.obj
            Creating library Win32\Release\temp\pthreadVC.lib and object Win32\Release\temp\pthreadVC.exp
         pthread.vcxproj -> C:\Users\warren\Desktop\PowerSDR_HPSDR_5RX_FFT\lib\pthread\Win32\Release\pthread.dll
       Manifest:
         C:\Program Files (x86)\Microsoft SDKs\Windows\v7.0A\bin\mt.exe /nologo /verbose /outputresource:"..\..\bin\Release\pthreadVC.dll;#2" /manifest Win32\Release\temp\pthread.dll.intermediate.manifest
       FinalizeBuildStatus:
         Deleting file "Win32\Release\temp\pthread.unsuccessfulbuild".
         Touching "Win32\Release\temp\pthread.lastbuildstate".
     1>Done Building Project "C:\Users\warren\Desktop\PowerSDR_HPSDR_5RX_FFT\lib\pthread\pthread.vcxproj" (rebuild target(s)).

Build succeeded.

Time Elapsed 00:00:01.03
