Analysis & Synthesis report for Ozy_Janus
Sat Aug 05 17:30:42 2006
Version 5.1 Build 176 10/26/2005 SJ Web Edition


---------------------
; Table of Contents ;
---------------------
  1. Legal Notice
  2. Analysis & Synthesis Summary
  3. Analysis & Synthesis Settings
  4. Analysis & Synthesis Source Files Read
  5. Analysis & Synthesis Resource Usage Summary
  6. Analysis & Synthesis Resource Utilization by Entity
  7. Analysis & Synthesis RAM Summary
  8. State Machine - |Ozy_Janus|state_FX
  9. State Machine - |Ozy_Janus|state_PWM
 10. State Machine - |Ozy_Janus|I2SAudioOut:I2SAO|TLV_state
 11. General Register Statistics
 12. Multiplexer Restructuring Statistics (Restructuring Performed)
 13. Source assignments for Tx_fifo:Tx_fifo|dcfifo:dcfifo_component
 14. Source assignments for Tx_fifo:Tx_fifo|dcfifo:dcfifo_component|dcfifo_gd41:auto_generated
 15. Source assignments for Tx_fifo:Tx_fifo|dcfifo:dcfifo_component|dcfifo_gd41:auto_generated|altsyncram_0kp:fifo_ram
 16. Source assignments for Tx_fifo:Tx_fifo|dcfifo:dcfifo_component|dcfifo_gd41:auto_generated|altsyncram_0kp:fifo_ram|altsyncram_6p41:altsyncram4
 17. Source assignments for Tx_fifo:Tx_fifo|dcfifo:dcfifo_component|dcfifo_gd41:auto_generated|alt_synch_pipe_mv7:rs_dgwp
 18. Source assignments for Tx_fifo:Tx_fifo|dcfifo:dcfifo_component|dcfifo_gd41:auto_generated|alt_synch_pipe_mv7:rs_dgwp|dffpipe_h09:dffpipe6
 19. Source assignments for Tx_fifo:Tx_fifo|dcfifo:dcfifo_component|dcfifo_gd41:auto_generated|alt_synch_pipe_497:wrempty_reg
 20. Source assignments for Tx_fifo:Tx_fifo|dcfifo:dcfifo_component|dcfifo_gd41:auto_generated|alt_synch_pipe_497:wrempty_reg|dffpipe_u98:dffpipe9
 21. Source assignments for Tx_fifo:Tx_fifo|dcfifo:dcfifo_component|dcfifo_gd41:auto_generated|dffpipe_a09:ws_brp
 22. Source assignments for Tx_fifo:Tx_fifo|dcfifo:dcfifo_component|dcfifo_gd41:auto_generated|dffpipe_a09:ws_bwp
 23. Source assignments for Tx_fifo:Tx_fifo|dcfifo:dcfifo_component|dcfifo_gd41:auto_generated|alt_synch_pipe_nv7:ws_dgrp
 24. Source assignments for Tx_fifo:Tx_fifo|dcfifo:dcfifo_component|dcfifo_gd41:auto_generated|alt_synch_pipe_nv7:ws_dgrp|dffpipe_i09:dffpipe11
 25. Source assignments for Rx_fifo:Rx_fifo|dcfifo:dcfifo_component
 26. Source assignments for Rx_fifo:Rx_fifo|dcfifo:dcfifo_component|dcfifo_ts51:auto_generated
 27. Source assignments for Rx_fifo:Rx_fifo|dcfifo:dcfifo_component|dcfifo_ts51:auto_generated|altsyncram_2kp:fifo_ram
 28. Source assignments for Rx_fifo:Rx_fifo|dcfifo:dcfifo_component|dcfifo_ts51:auto_generated|altsyncram_2kp:fifo_ram|altsyncram_8p41:altsyncram3
 29. Source assignments for Rx_fifo:Rx_fifo|dcfifo:dcfifo_component|dcfifo_ts51:auto_generated|dffpipe_c09:rs_brp
 30. Source assignments for Rx_fifo:Rx_fifo|dcfifo:dcfifo_component|dcfifo_ts51:auto_generated|dffpipe_c09:rs_bwp
 31. Source assignments for Rx_fifo:Rx_fifo|dcfifo:dcfifo_component|dcfifo_ts51:auto_generated|alt_synch_pipe_ov7:rs_dgwp
 32. Source assignments for Rx_fifo:Rx_fifo|dcfifo:dcfifo_component|dcfifo_ts51:auto_generated|alt_synch_pipe_ov7:rs_dgwp|dffpipe_j09:dffpipe5
 33. Source assignments for Rx_fifo:Rx_fifo|dcfifo:dcfifo_component|dcfifo_ts51:auto_generated|dffpipe_c09:ws_brp
 34. Source assignments for Rx_fifo:Rx_fifo|dcfifo:dcfifo_component|dcfifo_ts51:auto_generated|dffpipe_c09:ws_bwp
 35. Source assignments for Rx_fifo:Rx_fifo|dcfifo:dcfifo_component|dcfifo_ts51:auto_generated|alt_synch_pipe_pv7:ws_dgrp
 36. Source assignments for Rx_fifo:Rx_fifo|dcfifo:dcfifo_component|dcfifo_ts51:auto_generated|alt_synch_pipe_pv7:ws_dgrp|dffpipe_k09:dffpipe7
 37. Parameter Settings for User Entity Instance: clocks:clocks|lpm_counter:lpm_counter_component
 38. Parameter Settings for User Entity Instance: Tx_fifo:Tx_fifo|dcfifo:dcfifo_component
 39. Parameter Settings for User Entity Instance: Rx_fifo:Rx_fifo|dcfifo:dcfifo_component
 40. Parameter Settings for User Entity Instance: debounce:de_PTT
 41. dcfifo Parameter Settings by Entity Instance
 42. Analysis & Synthesis Equations
 43. Analysis & Synthesis Messages



----------------
; Legal Notice ;
----------------
Copyright (C) 1991-2005 Altera Corporation
Your use of Altera Corporation's design tools, logic functions 
and other software and tools, and its AMPP partner logic 
functions, and any output files any of the foregoing 
(including device programming or simulation files), and any 
associated documentation or information are expressly subject 
to the terms and conditions of the Altera Program License 
Subscription Agreement, Altera MegaCore Function License 
Agreement, or other applicable license agreement, including, 
without limitation, that your use is for the sole purpose of 
programming logic devices manufactured by Altera and sold by 
Altera or its authorized distributors.  Please refer to the 
applicable agreement for further details.



+------------------------------------------------------------------------------+
; Analysis & Synthesis Summary                                                 ;
+------------------------------------+-----------------------------------------+
; Analysis & Synthesis Status        ; Successful - Sat Aug 05 17:30:42 2006   ;
; Quartus II Version                 ; 5.1 Build 176 10/26/2005 SJ Web Edition ;
; Revision Name                      ; Ozy_Janus                               ;
; Top-level Entity Name              ; Ozy_Janus                               ;
; Family                             ; Cyclone II                              ;
; Total combinational functions      ; 528                                     ;
; Total registers                    ; 707                                     ;
; Total pins                         ; 48                                      ;
; Total virtual pins                 ; 0                                       ;
; Total memory bits                  ; 98,304                                  ;
; Embedded Multiplier 9-bit elements ; 0                                       ;
; Total PLLs                         ; 0                                       ;
+------------------------------------+-----------------------------------------+


+--------------------------------------------------------------------------------------------------------------+
; Analysis & Synthesis Settings                                                                                ;
+--------------------------------------------------------------------+--------------------+--------------------+
; Option                                                             ; Setting            ; Default Value      ;
+--------------------------------------------------------------------+--------------------+--------------------+
; Device                                                             ; EP2C5Q208C8        ;                    ;
; Top-level entity name                                              ; Ozy_Janus          ; Ozy_Janus          ;
; Family name                                                        ; Cyclone II         ; Stratix            ;
; Use smart compilation                                              ; Off                ; Off                ;
; Restructure Multiplexers                                           ; Auto               ; Auto               ;
; Create Debugging Nodes for IP Cores                                ; Off                ; Off                ;
; Preserve fewer node names                                          ; On                 ; On                 ;
; Disable OpenCore Plus hardware evaluation                          ; Off                ; Off                ;
; Verilog Version                                                    ; Verilog_2001       ; Verilog_2001       ;
; VHDL Version                                                       ; VHDL93             ; VHDL93             ;
; State Machine Processing                                           ; Auto               ; Auto               ;
; Extract Verilog State Machines                                     ; On                 ; On                 ;
; Extract VHDL State Machines                                        ; On                 ; On                 ;
; Add Pass-Through Logic to Inferred RAMs                            ; On                 ; On                 ;
; DSP Block Balancing                                                ; Auto               ; Auto               ;
; Maximum DSP Block Usage                                            ; -1                 ; -1                 ;
; NOT Gate Push-Back                                                 ; On                 ; On                 ;
; Power-Up Don't Care                                                ; On                 ; On                 ;
; Remove Redundant Logic Cells                                       ; Off                ; Off                ;
; Remove Duplicate Registers                                         ; On                 ; On                 ;
; Ignore CARRY Buffers                                               ; Off                ; Off                ;
; Ignore CASCADE Buffers                                             ; Off                ; Off                ;
; Ignore GLOBAL Buffers                                              ; Off                ; Off                ;
; Ignore ROW GLOBAL Buffers                                          ; Off                ; Off                ;
; Ignore LCELL Buffers                                               ; Off                ; Off                ;
; Ignore SOFT Buffers                                                ; On                 ; On                 ;
; Limit AHDL Integers to 32 Bits                                     ; Off                ; Off                ;
; Optimization Technique -- Cyclone II                               ; Balanced           ; Balanced           ;
; Carry Chain Length -- Stratix/Stratix GX/Cyclone/MAX II/Cyclone II ; 70                 ; 70                 ;
; Auto Carry Chains                                                  ; On                 ; On                 ;
; Auto Open-Drain Pins                                               ; On                 ; On                 ;
; Remove Duplicate Logic                                             ; On                 ; On                 ;
; Perform WYSIWYG Primitive Resynthesis                              ; Off                ; Off                ;
; Perform gate-level register retiming                               ; Off                ; Off                ;
; Allow register retiming to trade off Tsu/Tco with Fmax             ; On                 ; On                 ;
; Auto ROM Replacement                                               ; On                 ; On                 ;
; Auto RAM Replacement                                               ; On                 ; On                 ;
; Auto Shift Register Replacement                                    ; On                 ; On                 ;
; Auto Clock Enable Replacement                                      ; On                 ; On                 ;
; Allow Synchronous Control Signals                                  ; On                 ; On                 ;
; Force Use of Synchronous Clear Signals                             ; Off                ; Off                ;
; Auto Resource Sharing                                              ; Off                ; Off                ;
; Allow Any RAM Size For Recognition                                 ; Off                ; Off                ;
; Allow Any ROM Size For Recognition                                 ; Off                ; Off                ;
; Allow Any Shift Register Size For Recognition                      ; Off                ; Off                ;
; Maximum Number of M4K Memory Blocks                                ; -1                 ; -1                 ;
; Ignore translate_off and translate_on Synthesis Directives         ; Off                ; Off                ;
; Show Parameter Settings Tables in Synthesis Report                 ; On                 ; On                 ;
; Ignore Maximum Fan-Out Assignments                                 ; Off                ; Off                ;
; Retiming Meta-Stability Register Sequence Length                   ; 2                  ; 2                  ;
; PowerPlay Power Optimization                                       ; Normal compilation ; Normal compilation ;
; HDL message level                                                  ; Level2             ; Level2             ;
+--------------------------------------------------------------------+--------------------+--------------------+


+---------------------------------------------------------------------------------------------------------------------------------------------------------+
; Analysis & Synthesis Source Files Read                                                                                                                  ;
+----------------------------------+-----------------+------------------------------+---------------------------------------------------------------------+
; File Name with User-Entered Path ; Used in Netlist ; File Type                    ; File Name with Absolute Path                                        ;
+----------------------------------+-----------------+------------------------------+---------------------------------------------------------------------+
; clocks.v                         ; yes             ; User Verilog HDL File        ; C:/HPDSDR/trunk/VK6APH/Ozy_Janus/clocks.v                           ;
; debounce.v                       ; yes             ; User Verilog HDL File        ; C:/HPDSDR/trunk/VK6APH/Ozy_Janus/debounce.v                         ;
; DigAudioOut48k16bI2S.v           ; yes             ; User Verilog HDL File        ; C:/HPDSDR/trunk/VK6APH/Ozy_Janus/DigAudioOut48k16bI2S.v             ;
; Ozy_Janus.v                      ; yes             ; User Verilog HDL File        ; C:/HPDSDR/trunk/VK6APH/Ozy_Janus/Ozy_Janus.v                        ;
; Rx_fifo.v                        ; yes             ; User Verilog HDL File        ; C:/HPDSDR/trunk/VK6APH/Ozy_Janus/Rx_fifo.v                          ;
; Tx_fifo.v                        ; yes             ; User Verilog HDL File        ; C:/HPDSDR/trunk/VK6APH/Ozy_Janus/Tx_fifo.v                          ;
; lpm_counter.tdf                  ; yes             ; Megafunction                 ; c:/altera/quartus51/libraries/megafunctions/lpm_counter.tdf         ;
; lpm_constant.inc                 ; yes             ; Other                        ; c:/altera/quartus51/libraries/megafunctions/lpm_constant.inc        ;
; lpm_decode.inc                   ; yes             ; Other                        ; c:/altera/quartus51/libraries/megafunctions/lpm_decode.inc          ;
; lpm_add_sub.inc                  ; yes             ; Other                        ; c:/altera/quartus51/libraries/megafunctions/lpm_add_sub.inc         ;
; cmpconst.inc                     ; yes             ; Other                        ; c:/altera/quartus51/libraries/megafunctions/cmpconst.inc            ;
; lpm_compare.inc                  ; yes             ; Other                        ; c:/altera/quartus51/libraries/megafunctions/lpm_compare.inc         ;
; lpm_counter.inc                  ; yes             ; Other                        ; c:/altera/quartus51/libraries/megafunctions/lpm_counter.inc         ;
; dffeea.inc                       ; yes             ; Other                        ; c:/altera/quartus51/libraries/megafunctions/dffeea.inc              ;
; alt_synch_counter.inc            ; yes             ; Other                        ; c:/altera/quartus51/libraries/megafunctions/alt_synch_counter.inc   ;
; alt_synch_counter_f.inc          ; yes             ; Other                        ; c:/altera/quartus51/libraries/megafunctions/alt_synch_counter_f.inc ;
; alt_counter_f10ke.inc            ; yes             ; Other                        ; c:/altera/quartus51/libraries/megafunctions/alt_counter_f10ke.inc   ;
; alt_counter_stratix.inc          ; yes             ; Other                        ; c:/altera/quartus51/libraries/megafunctions/alt_counter_stratix.inc ;
; aglobal51.inc                    ; yes             ; Other                        ; c:/altera/quartus51/libraries/megafunctions/aglobal51.inc           ;
; db/cntr_emd.tdf                  ; yes             ; Auto-Generated Megafunction  ; C:/HPDSDR/trunk/VK6APH/Ozy_Janus/db/cntr_emd.tdf                    ;
; dcfifo.tdf                       ; yes             ; Megafunction                 ; c:/altera/quartus51/libraries/megafunctions/dcfifo.tdf              ;
; altdpram.inc                     ; yes             ; Other                        ; c:/altera/quartus51/libraries/megafunctions/altdpram.inc            ;
; a_graycounter.inc                ; yes             ; Other                        ; c:/altera/quartus51/libraries/megafunctions/a_graycounter.inc       ;
; a_fefifo.inc                     ; yes             ; Other                        ; c:/altera/quartus51/libraries/megafunctions/a_fefifo.inc            ;
; a_gray2bin.inc                   ; yes             ; Other                        ; c:/altera/quartus51/libraries/megafunctions/a_gray2bin.inc          ;
; dffpipe.inc                      ; yes             ; Other                        ; c:/altera/quartus51/libraries/megafunctions/dffpipe.inc             ;
; alt_sync_fifo.inc                ; yes             ; Other                        ; c:/altera/quartus51/libraries/megafunctions/alt_sync_fifo.inc       ;
; altsyncram_fifo.inc              ; yes             ; Other                        ; c:/altera/quartus51/libraries/megafunctions/altsyncram_fifo.inc     ;
; db/dcfifo_gd41.tdf               ; yes             ; Auto-Generated Megafunction  ; C:/HPDSDR/trunk/VK6APH/Ozy_Janus/db/dcfifo_gd41.tdf                 ;
; db/a_gray2bin_ldb.tdf            ; yes             ; Auto-Generated Megafunction  ; C:/HPDSDR/trunk/VK6APH/Ozy_Janus/db/a_gray2bin_ldb.tdf              ;
; db/a_graycounter_p96.tdf         ; yes             ; Auto-Generated Megafunction  ; C:/HPDSDR/trunk/VK6APH/Ozy_Janus/db/a_graycounter_p96.tdf           ;
; db/a_graycounter_ik6.tdf         ; yes             ; Auto-Generated Megafunction  ; C:/HPDSDR/trunk/VK6APH/Ozy_Janus/db/a_graycounter_ik6.tdf           ;
; db/altsyncram_0kp.tdf            ; yes             ; Auto-Generated Megafunction  ; C:/HPDSDR/trunk/VK6APH/Ozy_Janus/db/altsyncram_0kp.tdf              ;
; db/altsyncram_6p41.tdf           ; yes             ; Auto-Generated Megafunction  ; C:/HPDSDR/trunk/VK6APH/Ozy_Janus/db/altsyncram_6p41.tdf             ;
; db/alt_synch_pipe_mv7.tdf        ; yes             ; Auto-Generated Megafunction  ; C:/HPDSDR/trunk/VK6APH/Ozy_Janus/db/alt_synch_pipe_mv7.tdf          ;
; db/dffpipe_h09.tdf               ; yes             ; Auto-Generated Megafunction  ; C:/HPDSDR/trunk/VK6APH/Ozy_Janus/db/dffpipe_h09.tdf                 ;
; db/alt_synch_pipe_497.tdf        ; yes             ; Auto-Generated Megafunction  ; C:/HPDSDR/trunk/VK6APH/Ozy_Janus/db/alt_synch_pipe_497.tdf          ;
; db/dffpipe_u98.tdf               ; yes             ; Auto-Generated Megafunction  ; C:/HPDSDR/trunk/VK6APH/Ozy_Janus/db/dffpipe_u98.tdf                 ;
; db/dffpipe_a09.tdf               ; yes             ; Auto-Generated Megafunction  ; C:/HPDSDR/trunk/VK6APH/Ozy_Janus/db/dffpipe_a09.tdf                 ;
; db/alt_synch_pipe_nv7.tdf        ; yes             ; Auto-Generated Megafunction  ; C:/HPDSDR/trunk/VK6APH/Ozy_Janus/db/alt_synch_pipe_nv7.tdf          ;
; db/dffpipe_i09.tdf               ; yes             ; Auto-Generated Megafunction  ; C:/HPDSDR/trunk/VK6APH/Ozy_Janus/db/dffpipe_i09.tdf                 ;
; db/add_sub_b7c.tdf               ; yes             ; Auto-Generated Megafunction  ; C:/HPDSDR/trunk/VK6APH/Ozy_Janus/db/add_sub_b7c.tdf                 ;
; db/dcfifo_ts51.tdf               ; yes             ; Auto-Generated Megafunction  ; C:/HPDSDR/trunk/VK6APH/Ozy_Janus/db/dcfifo_ts51.tdf                 ;
; db/a_gray2bin_mdb.tdf            ; yes             ; Auto-Generated Megafunction  ; C:/HPDSDR/trunk/VK6APH/Ozy_Janus/db/a_gray2bin_mdb.tdf              ;
; db/a_graycounter_q96.tdf         ; yes             ; Auto-Generated Megafunction  ; C:/HPDSDR/trunk/VK6APH/Ozy_Janus/db/a_graycounter_q96.tdf           ;
; db/a_graycounter_jk6.tdf         ; yes             ; Auto-Generated Megafunction  ; C:/HPDSDR/trunk/VK6APH/Ozy_Janus/db/a_graycounter_jk6.tdf           ;
; db/altsyncram_2kp.tdf            ; yes             ; Auto-Generated Megafunction  ; C:/HPDSDR/trunk/VK6APH/Ozy_Janus/db/altsyncram_2kp.tdf              ;
; db/altsyncram_8p41.tdf           ; yes             ; Auto-Generated Megafunction  ; C:/HPDSDR/trunk/VK6APH/Ozy_Janus/db/altsyncram_8p41.tdf             ;
; db/dffpipe_c09.tdf               ; yes             ; Auto-Generated Megafunction  ; C:/HPDSDR/trunk/VK6APH/Ozy_Janus/db/dffpipe_c09.tdf                 ;
; db/alt_synch_pipe_ov7.tdf        ; yes             ; Auto-Generated Megafunction  ; C:/HPDSDR/trunk/VK6APH/Ozy_Janus/db/alt_synch_pipe_ov7.tdf          ;
; db/dffpipe_j09.tdf               ; yes             ; Auto-Generated Megafunction  ; C:/HPDSDR/trunk/VK6APH/Ozy_Janus/db/dffpipe_j09.tdf                 ;
; db/alt_synch_pipe_pv7.tdf        ; yes             ; Auto-Generated Megafunction  ; C:/HPDSDR/trunk/VK6APH/Ozy_Janus/db/alt_synch_pipe_pv7.tdf          ;
; db/dffpipe_k09.tdf               ; yes             ; Auto-Generated Megafunction  ; C:/HPDSDR/trunk/VK6APH/Ozy_Janus/db/dffpipe_k09.tdf                 ;
; db/add_sub_c7c.tdf               ; yes             ; Auto-Generated Megafunction  ; C:/HPDSDR/trunk/VK6APH/Ozy_Janus/db/add_sub_c7c.tdf                 ;
+----------------------------------+-----------------+------------------------------+---------------------------------------------------------------------+


+-----------------------------------------------------+
; Analysis & Synthesis Resource Usage Summary         ;
+---------------------------------------------+-------+
; Resource                                    ; Usage ;
+---------------------------------------------+-------+
; Total combinational functions               ; 528   ;
; Logic element usage by number of LUT inputs ;       ;
;     -- 4 input functions                    ; 199   ;
;     -- 3 input functions                    ; 175   ;
;     -- <=2 input functions                  ; 154   ;
;         -- Combinational cells for routing  ; 0     ;
; Logic elements by mode                      ;       ;
;     -- normal mode                          ; 349   ;
;     -- arithmetic mode                      ; 179   ;
; Total registers                             ; 707   ;
; I/O pins                                    ; 48    ;
; Total memory bits                           ; 98304 ;
; Maximum fan-out node                        ; BCLK  ;
; Maximum fan-out                             ; 296   ;
; Total fan-out                               ; 4350  ;
; Average fan-out                             ; 3.31  ;
+---------------------------------------------+-------+


+-----------------------------------------------------------------------------------------------------------------------------------------------------------------------------------------------------------------------------------------------------------------------------------------------+
; Analysis & Synthesis Resource Utilization by Entity                                                                                                                                                                                                                                           ;
+-----------------------------------------------+-------------------+--------------+-------------+--------------+---------+-----------+------+--------------+-----------------------------------------------------------------------------------------------------------------------------------+
; Compilation Hierarchy Node                    ; LC Combinationals ; LC Registers ; Memory Bits ; DSP Elements ; DSP 9x9 ; DSP 18x18 ; Pins ; Virtual Pins ; Full Hierarchy Name                                                                                                               ;
+-----------------------------------------------+-------------------+--------------+-------------+--------------+---------+-----------+------+--------------+-----------------------------------------------------------------------------------------------------------------------------------+
; |Ozy_Janus                                    ; 528 (317)         ; 707 (373)    ; 98304       ; 0            ; 0       ; 0         ; 48   ; 0            ; |Ozy_Janus                                                                                                                        ;
;    |I2SAudioOut:I2SAO|                        ; 32 (32)           ; 42 (42)      ; 0           ; 0            ; 0       ; 0         ; 0    ; 0            ; |Ozy_Janus|I2SAudioOut:I2SAO                                                                                                      ;
;    |Rx_fifo:Rx_fifo|                          ; 89 (0)            ; 135 (0)      ; 65536       ; 0            ; 0       ; 0         ; 0    ; 0            ; |Ozy_Janus|Rx_fifo:Rx_fifo                                                                                                        ;
;       |dcfifo:dcfifo_component|               ; 89 (0)            ; 135 (0)      ; 65536       ; 0            ; 0       ; 0         ; 0    ; 0            ; |Ozy_Janus|Rx_fifo:Rx_fifo|dcfifo:dcfifo_component                                                                                ;
;          |dcfifo_ts51:auto_generated|         ; 89 (19)           ; 135 (38)     ; 65536       ; 0            ; 0       ; 0         ; 0    ; 0            ; |Ozy_Janus|Rx_fifo:Rx_fifo|dcfifo:dcfifo_component|dcfifo_ts51:auto_generated                                                     ;
;             |a_gray2bin_mdb:rdptr_g_gray2bin| ; 11 (11)           ; 0 (0)        ; 0           ; 0            ; 0       ; 0         ; 0    ; 0            ; |Ozy_Janus|Rx_fifo:Rx_fifo|dcfifo:dcfifo_component|dcfifo_ts51:auto_generated|a_gray2bin_mdb:rdptr_g_gray2bin                     ;
;             |a_gray2bin_mdb:rs_dgwp_gray2bin| ; 11 (11)           ; 0 (0)        ; 0           ; 0            ; 0       ; 0         ; 0    ; 0            ; |Ozy_Janus|Rx_fifo:Rx_fifo|dcfifo:dcfifo_component|dcfifo_ts51:auto_generated|a_gray2bin_mdb:rs_dgwp_gray2bin                     ;
;             |a_gray2bin_mdb:wrptr_g_gray2bin| ; 11 (11)           ; 0 (0)        ; 0           ; 0            ; 0       ; 0         ; 0    ; 0            ; |Ozy_Janus|Rx_fifo:Rx_fifo|dcfifo:dcfifo_component|dcfifo_ts51:auto_generated|a_gray2bin_mdb:wrptr_g_gray2bin                     ;
;             |a_gray2bin_mdb:ws_dgrp_gray2bin| ; 11 (11)           ; 0 (0)        ; 0           ; 0            ; 0       ; 0         ; 0    ; 0            ; |Ozy_Janus|Rx_fifo:Rx_fifo|dcfifo:dcfifo_component|dcfifo_ts51:auto_generated|a_gray2bin_mdb:ws_dgrp_gray2bin                     ;
;             |a_graycounter_jk6:wrptr_g1p|     ; 13 (13)           ; 13 (13)      ; 0           ; 0            ; 0       ; 0         ; 0    ; 0            ; |Ozy_Janus|Rx_fifo:Rx_fifo|dcfifo:dcfifo_component|dcfifo_ts51:auto_generated|a_graycounter_jk6:wrptr_g1p                         ;
;             |a_graycounter_q96:rdptr_g1p|     ; 13 (13)           ; 13 (13)      ; 0           ; 0            ; 0       ; 0         ; 0    ; 0            ; |Ozy_Janus|Rx_fifo:Rx_fifo|dcfifo:dcfifo_component|dcfifo_ts51:auto_generated|a_graycounter_q96:rdptr_g1p                         ;
;             |alt_synch_pipe_ov7:rs_dgwp|      ; 0 (0)             ; 12 (0)       ; 0           ; 0            ; 0       ; 0         ; 0    ; 0            ; |Ozy_Janus|Rx_fifo:Rx_fifo|dcfifo:dcfifo_component|dcfifo_ts51:auto_generated|alt_synch_pipe_ov7:rs_dgwp                          ;
;                |dffpipe_j09:dffpipe5|         ; 0 (0)             ; 12 (12)      ; 0           ; 0            ; 0       ; 0         ; 0    ; 0            ; |Ozy_Janus|Rx_fifo:Rx_fifo|dcfifo:dcfifo_component|dcfifo_ts51:auto_generated|alt_synch_pipe_ov7:rs_dgwp|dffpipe_j09:dffpipe5     ;
;             |alt_synch_pipe_pv7:ws_dgrp|      ; 0 (0)             ; 12 (0)       ; 0           ; 0            ; 0       ; 0         ; 0    ; 0            ; |Ozy_Janus|Rx_fifo:Rx_fifo|dcfifo:dcfifo_component|dcfifo_ts51:auto_generated|alt_synch_pipe_pv7:ws_dgrp                          ;
;                |dffpipe_k09:dffpipe7|         ; 0 (0)             ; 12 (12)      ; 0           ; 0            ; 0       ; 0         ; 0    ; 0            ; |Ozy_Janus|Rx_fifo:Rx_fifo|dcfifo:dcfifo_component|dcfifo_ts51:auto_generated|alt_synch_pipe_pv7:ws_dgrp|dffpipe_k09:dffpipe7     ;
;             |altsyncram_2kp:fifo_ram|         ; 0 (0)             ; 0 (0)        ; 65536       ; 0            ; 0       ; 0         ; 0    ; 0            ; |Ozy_Janus|Rx_fifo:Rx_fifo|dcfifo:dcfifo_component|dcfifo_ts51:auto_generated|altsyncram_2kp:fifo_ram                             ;
;                |altsyncram_8p41:altsyncram3|  ; 0 (0)             ; 0 (0)        ; 65536       ; 0            ; 0       ; 0         ; 0    ; 0            ; |Ozy_Janus|Rx_fifo:Rx_fifo|dcfifo:dcfifo_component|dcfifo_ts51:auto_generated|altsyncram_2kp:fifo_ram|altsyncram_8p41:altsyncram3 ;
;             |dffpipe_c09:rs_brp|              ; 0 (0)             ; 12 (12)      ; 0           ; 0            ; 0       ; 0         ; 0    ; 0            ; |Ozy_Janus|Rx_fifo:Rx_fifo|dcfifo:dcfifo_component|dcfifo_ts51:auto_generated|dffpipe_c09:rs_brp                                  ;
;             |dffpipe_c09:rs_bwp|              ; 0 (0)             ; 12 (12)      ; 0           ; 0            ; 0       ; 0         ; 0    ; 0            ; |Ozy_Janus|Rx_fifo:Rx_fifo|dcfifo:dcfifo_component|dcfifo_ts51:auto_generated|dffpipe_c09:rs_bwp                                  ;
;             |dffpipe_c09:ws_brp|              ; 0 (0)             ; 12 (12)      ; 0           ; 0            ; 0       ; 0         ; 0    ; 0            ; |Ozy_Janus|Rx_fifo:Rx_fifo|dcfifo:dcfifo_component|dcfifo_ts51:auto_generated|dffpipe_c09:ws_brp                                  ;
;             |dffpipe_c09:ws_bwp|              ; 0 (0)             ; 11 (11)      ; 0           ; 0            ; 0       ; 0         ; 0    ; 0            ; |Ozy_Janus|Rx_fifo:Rx_fifo|dcfifo:dcfifo_component|dcfifo_ts51:auto_generated|dffpipe_c09:ws_bwp                                  ;
;    |Tx_fifo:Tx_fifo|                          ; 60 (0)            ; 124 (0)      ; 32768       ; 0            ; 0       ; 0         ; 0    ; 0            ; |Ozy_Janus|Tx_fifo:Tx_fifo                                                                                                        ;
;       |dcfifo:dcfifo_component|               ; 60 (0)            ; 124 (0)      ; 32768       ; 0            ; 0       ; 0         ; 0    ; 0            ; |Ozy_Janus|Tx_fifo:Tx_fifo|dcfifo:dcfifo_component                                                                                ;
;          |dcfifo_gd41:auto_generated|         ; 60 (16)           ; 124 (35)     ; 32768       ; 0            ; 0       ; 0         ; 0    ; 0            ; |Ozy_Janus|Tx_fifo:Tx_fifo|dcfifo:dcfifo_component|dcfifo_gd41:auto_generated                                                     ;
;             |a_gray2bin_ldb:wrptr_g_gray2bin| ; 10 (10)           ; 0 (0)        ; 0           ; 0            ; 0       ; 0         ; 0    ; 0            ; |Ozy_Janus|Tx_fifo:Tx_fifo|dcfifo:dcfifo_component|dcfifo_gd41:auto_generated|a_gray2bin_ldb:wrptr_g_gray2bin                     ;
;             |a_gray2bin_ldb:ws_dgrp_gray2bin| ; 10 (10)           ; 0 (0)        ; 0           ; 0            ; 0       ; 0         ; 0    ; 0            ; |Ozy_Janus|Tx_fifo:Tx_fifo|dcfifo:dcfifo_component|dcfifo_gd41:auto_generated|a_gray2bin_ldb:ws_dgrp_gray2bin                     ;
;             |a_graycounter_ik6:wrptr_g1p|     ; 12 (12)           ; 12 (12)      ; 0           ; 0            ; 0       ; 0         ; 0    ; 0            ; |Ozy_Janus|Tx_fifo:Tx_fifo|dcfifo:dcfifo_component|dcfifo_gd41:auto_generated|a_graycounter_ik6:wrptr_g1p                         ;
;             |a_graycounter_p96:rdptr_g1p|     ; 12 (12)           ; 12 (12)      ; 0           ; 0            ; 0       ; 0         ; 0    ; 0            ; |Ozy_Janus|Tx_fifo:Tx_fifo|dcfifo:dcfifo_component|dcfifo_gd41:auto_generated|a_graycounter_p96:rdptr_g1p                         ;
;             |alt_synch_pipe_mv7:rs_dgwp|      ; 0 (0)             ; 22 (0)       ; 0           ; 0            ; 0       ; 0         ; 0    ; 0            ; |Ozy_Janus|Tx_fifo:Tx_fifo|dcfifo:dcfifo_component|dcfifo_gd41:auto_generated|alt_synch_pipe_mv7:rs_dgwp                          ;
;                |dffpipe_h09:dffpipe6|         ; 0 (0)             ; 22 (22)      ; 0           ; 0            ; 0       ; 0         ; 0    ; 0            ; |Ozy_Janus|Tx_fifo:Tx_fifo|dcfifo:dcfifo_component|dcfifo_gd41:auto_generated|alt_synch_pipe_mv7:rs_dgwp|dffpipe_h09:dffpipe6     ;
;             |alt_synch_pipe_nv7:ws_dgrp|      ; 0 (0)             ; 22 (0)       ; 0           ; 0            ; 0       ; 0         ; 0    ; 0            ; |Ozy_Janus|Tx_fifo:Tx_fifo|dcfifo:dcfifo_component|dcfifo_gd41:auto_generated|alt_synch_pipe_nv7:ws_dgrp                          ;
;                |dffpipe_i09:dffpipe11|        ; 0 (0)             ; 22 (22)      ; 0           ; 0            ; 0       ; 0         ; 0    ; 0            ; |Ozy_Janus|Tx_fifo:Tx_fifo|dcfifo:dcfifo_component|dcfifo_gd41:auto_generated|alt_synch_pipe_nv7:ws_dgrp|dffpipe_i09:dffpipe11    ;
;             |altsyncram_0kp:fifo_ram|         ; 0 (0)             ; 0 (0)        ; 32768       ; 0            ; 0       ; 0         ; 0    ; 0            ; |Ozy_Janus|Tx_fifo:Tx_fifo|dcfifo:dcfifo_component|dcfifo_gd41:auto_generated|altsyncram_0kp:fifo_ram                             ;
;                |altsyncram_6p41:altsyncram4|  ; 0 (0)             ; 0 (0)        ; 32768       ; 0            ; 0       ; 0         ; 0    ; 0            ; |Ozy_Janus|Tx_fifo:Tx_fifo|dcfifo:dcfifo_component|dcfifo_gd41:auto_generated|altsyncram_0kp:fifo_ram|altsyncram_6p41:altsyncram4 ;
;             |dffpipe_a09:ws_brp|              ; 0 (0)             ; 11 (11)      ; 0           ; 0            ; 0       ; 0         ; 0    ; 0            ; |Ozy_Janus|Tx_fifo:Tx_fifo|dcfifo:dcfifo_component|dcfifo_gd41:auto_generated|dffpipe_a09:ws_brp                                  ;
;             |dffpipe_a09:ws_bwp|              ; 0 (0)             ; 10 (10)      ; 0           ; 0            ; 0       ; 0         ; 0    ; 0            ; |Ozy_Janus|Tx_fifo:Tx_fifo|dcfifo:dcfifo_component|dcfifo_gd41:auto_generated|dffpipe_a09:ws_bwp                                  ;
;    |clocks:clocks|                            ; 9 (0)             ; 9 (0)        ; 0           ; 0            ; 0       ; 0         ; 0    ; 0            ; |Ozy_Janus|clocks:clocks                                                                                                          ;
;       |lpm_counter:lpm_counter_component|     ; 9 (0)             ; 9 (0)        ; 0           ; 0            ; 0       ; 0         ; 0    ; 0            ; |Ozy_Janus|clocks:clocks|lpm_counter:lpm_counter_component                                                                        ;
;          |cntr_emd:auto_generated|            ; 9 (9)             ; 9 (9)        ; 0           ; 0            ; 0       ; 0         ; 0    ; 0            ; |Ozy_Janus|clocks:clocks|lpm_counter:lpm_counter_component|cntr_emd:auto_generated                                                ;
;    |debounce:de_PTT|                          ; 21 (21)           ; 24 (24)      ; 0           ; 0            ; 0       ; 0         ; 0    ; 0            ; |Ozy_Janus|debounce:de_PTT                                                                                                        ;
+-----------------------------------------------+-------------------+--------------+-------------+--------------+---------+-----------+------+--------------+-----------------------------------------------------------------------------------------------------------------------------------+
Note: For table entries with two numbers listed, the numbers in parentheses indicate the number of resources of the given type used by the specific entity alone. The numbers listed outside of parentheses indicate the total resources of the given type used by the specific entity and all of its sub-entities in the hierarchy.


+--------------------------------------------------------------------------------------------------------------------------------------------------------------------------------------------------------------------------------------+
; Analysis & Synthesis RAM Summary                                                                                                                                                                                                     ;
+-----------------------------------------------------------------------------------------------------------------------------------+------+----------------+--------------+--------------+--------------+--------------+-------+------+
; Name                                                                                                                              ; Type ; Mode           ; Port A Depth ; Port A Width ; Port B Depth ; Port B Width ; Size  ; MIF  ;
+-----------------------------------------------------------------------------------------------------------------------------------+------+----------------+--------------+--------------+--------------+--------------+-------+------+
; Rx_fifo:Rx_fifo|dcfifo:dcfifo_component|dcfifo_ts51:auto_generated|altsyncram_2kp:fifo_ram|altsyncram_8p41:altsyncram3|ALTSYNCRAM ; AUTO ; True Dual Port ; 4096         ; 16           ; 4096         ; 16           ; 65536 ; None ;
; Tx_fifo:Tx_fifo|dcfifo:dcfifo_component|dcfifo_gd41:auto_generated|altsyncram_0kp:fifo_ram|altsyncram_6p41:altsyncram4|ALTSYNCRAM ; AUTO ; True Dual Port ; 2048         ; 16           ; 2048         ; 16           ; 32768 ; None ;
+-----------------------------------------------------------------------------------------------------------------------------------+------+----------------+--------------+--------------+--------------+--------------+-------+------+


+---------------------------------------------------------------------------------------------------------------------------------------------------------------------------------------------------------------+
; State Machine - |Ozy_Janus|state_FX                                                                                                                                                                           ;
+---------------+---------------+---------------+---------------+---------------+---------------+---------------+---------------+---------------+---------------+---------------+---------------+---------------+
; Name          ; state_FX.0001 ; state_FX.1011 ; state_FX.0010 ; state_FX.0011 ; state_FX.0110 ; state_FX.0100 ; state_FX.0101 ; state_FX.0111 ; state_FX.1000 ; state_FX.1001 ; state_FX.1010 ; state_FX.0000 ;
+---------------+---------------+---------------+---------------+---------------+---------------+---------------+---------------+---------------+---------------+---------------+---------------+---------------+
; state_FX.0000 ; 0             ; 0             ; 0             ; 0             ; 0             ; 0             ; 0             ; 0             ; 0             ; 0             ; 0             ; 0             ;
; state_FX.1010 ; 0             ; 0             ; 0             ; 0             ; 0             ; 0             ; 0             ; 0             ; 0             ; 0             ; 1             ; 1             ;
; state_FX.1001 ; 0             ; 0             ; 0             ; 0             ; 0             ; 0             ; 0             ; 0             ; 0             ; 1             ; 0             ; 1             ;
; state_FX.1000 ; 0             ; 0             ; 0             ; 0             ; 0             ; 0             ; 0             ; 0             ; 1             ; 0             ; 0             ; 1             ;
; state_FX.0111 ; 0             ; 0             ; 0             ; 0             ; 0             ; 0             ; 0             ; 1             ; 0             ; 0             ; 0             ; 1             ;
; state_FX.0101 ; 0             ; 0             ; 0             ; 0             ; 0             ; 0             ; 1             ; 0             ; 0             ; 0             ; 0             ; 1             ;
; state_FX.0100 ; 0             ; 0             ; 0             ; 0             ; 0             ; 1             ; 0             ; 0             ; 0             ; 0             ; 0             ; 1             ;
; state_FX.0110 ; 0             ; 0             ; 0             ; 0             ; 1             ; 0             ; 0             ; 0             ; 0             ; 0             ; 0             ; 1             ;
; state_FX.0011 ; 0             ; 0             ; 0             ; 1             ; 0             ; 0             ; 0             ; 0             ; 0             ; 0             ; 0             ; 1             ;
; state_FX.0010 ; 0             ; 0             ; 1             ; 0             ; 0             ; 0             ; 0             ; 0             ; 0             ; 0             ; 0             ; 1             ;
; state_FX.1011 ; 0             ; 1             ; 0             ; 0             ; 0             ; 0             ; 0             ; 0             ; 0             ; 0             ; 0             ; 1             ;
; state_FX.0001 ; 1             ; 0             ; 0             ; 0             ; 0             ; 0             ; 0             ; 0             ; 0             ; 0             ; 0             ; 1             ;
+---------------+---------------+---------------+---------------+---------------+---------------+---------------+---------------+---------------+---------------+---------------+---------------+---------------+


+-----------------------------------------------------------------------------------------------------------------------------------------------------------------------------------------------------------------------------------------------------------------------------+
; State Machine - |Ozy_Janus|state_PWM                                                                                                                                                                                                                                        ;
+-----------------+-----------------+-----------------+-----------------+-----------------+-----------------+-----------------+-----------------+-----------------+-----------------+-----------------+-----------------+-----------------+-----------------+-----------------+
; Name            ; state_PWM.00001 ; state_PWM.01101 ; state_PWM.00010 ; state_PWM.00011 ; state_PWM.00100 ; state_PWM.00101 ; state_PWM.00110 ; state_PWM.00111 ; state_PWM.01000 ; state_PWM.01001 ; state_PWM.01010 ; state_PWM.01011 ; state_PWM.01100 ; state_PWM.00000 ;
+-----------------+-----------------+-----------------+-----------------+-----------------+-----------------+-----------------+-----------------+-----------------+-----------------+-----------------+-----------------+-----------------+-----------------+-----------------+
; state_PWM.00000 ; 0               ; 0               ; 0               ; 0               ; 0               ; 0               ; 0               ; 0               ; 0               ; 0               ; 0               ; 0               ; 0               ; 0               ;
; state_PWM.01100 ; 0               ; 0               ; 0               ; 0               ; 0               ; 0               ; 0               ; 0               ; 0               ; 0               ; 0               ; 0               ; 1               ; 1               ;
; state_PWM.01011 ; 0               ; 0               ; 0               ; 0               ; 0               ; 0               ; 0               ; 0               ; 0               ; 0               ; 0               ; 1               ; 0               ; 1               ;
; state_PWM.01010 ; 0               ; 0               ; 0               ; 0               ; 0               ; 0               ; 0               ; 0               ; 0               ; 0               ; 1               ; 0               ; 0               ; 1               ;
; state_PWM.01001 ; 0               ; 0               ; 0               ; 0               ; 0               ; 0               ; 0               ; 0               ; 0               ; 1               ; 0               ; 0               ; 0               ; 1               ;
; state_PWM.01000 ; 0               ; 0               ; 0               ; 0               ; 0               ; 0               ; 0               ; 0               ; 1               ; 0               ; 0               ; 0               ; 0               ; 1               ;
; state_PWM.00111 ; 0               ; 0               ; 0               ; 0               ; 0               ; 0               ; 0               ; 1               ; 0               ; 0               ; 0               ; 0               ; 0               ; 1               ;
; state_PWM.00110 ; 0               ; 0               ; 0               ; 0               ; 0               ; 0               ; 1               ; 0               ; 0               ; 0               ; 0               ; 0               ; 0               ; 1               ;
; state_PWM.00101 ; 0               ; 0               ; 0               ; 0               ; 0               ; 1               ; 0               ; 0               ; 0               ; 0               ; 0               ; 0               ; 0               ; 1               ;
; state_PWM.00100 ; 0               ; 0               ; 0               ; 0               ; 1               ; 0               ; 0               ; 0               ; 0               ; 0               ; 0               ; 0               ; 0               ; 1               ;
; state_PWM.00011 ; 0               ; 0               ; 0               ; 1               ; 0               ; 0               ; 0               ; 0               ; 0               ; 0               ; 0               ; 0               ; 0               ; 1               ;
; state_PWM.00010 ; 0               ; 0               ; 1               ; 0               ; 0               ; 0               ; 0               ; 0               ; 0               ; 0               ; 0               ; 0               ; 0               ; 1               ;
; state_PWM.01101 ; 0               ; 1               ; 0               ; 0               ; 0               ; 0               ; 0               ; 0               ; 0               ; 0               ; 0               ; 0               ; 0               ; 1               ;
; state_PWM.00001 ; 1               ; 0               ; 0               ; 0               ; 0               ; 0               ; 0               ; 0               ; 0               ; 0               ; 0               ; 0               ; 0               ; 1               ;
+-----------------+-----------------+-----------------+-----------------+-----------------+-----------------+-----------------+-----------------+-----------------+-----------------+-----------------+-----------------+-----------------+-----------------+-----------------+


+-----------------------------------------------------------------------------------------------+
; State Machine - |Ozy_Janus|I2SAudioOut:I2SAO|TLV_state                                        ;
+---------------+---------------+---------------+---------------+---------------+---------------+
; Name          ; TLV_state.001 ; TLV_state.010 ; TLV_state.011 ; TLV_state.000 ; TLV_state.100 ;
+---------------+---------------+---------------+---------------+---------------+---------------+
; TLV_state.000 ; 0             ; 0             ; 0             ; 0             ; 0             ;
; TLV_state.011 ; 0             ; 0             ; 1             ; 1             ; 0             ;
; TLV_state.010 ; 0             ; 1             ; 0             ; 1             ; 0             ;
; TLV_state.001 ; 1             ; 0             ; 0             ; 1             ; 0             ;
; TLV_state.100 ; 0             ; 0             ; 0             ; 1             ; 1             ;
+---------------+---------------+---------------+---------------+---------------+---------------+


+------------------------------------------------------+
; General Register Statistics                          ;
+----------------------------------------------+-------+
; Statistic                                    ; Value ;
+----------------------------------------------+-------+
; Total registers                              ; 707   ;
; Number of registers using Synchronous Clear  ; 44    ;
; Number of registers using Synchronous Load   ; 0     ;
; Number of registers using Asynchronous Clear ; 28    ;
; Number of registers using Asynchronous Load  ; 0     ;
; Number of registers using Clock Enable       ; 293   ;
; Number of registers using Preset             ; 0     ;
+----------------------------------------------+-------+


+------------------------------------------------------------------------------------------------------------------------------------------+
; Multiplexer Restructuring Statistics (Restructuring Performed)                                                                           ;
+--------------------+-----------+---------------+----------------------+------------------------+------------+----------------------------+
; Multiplexer Inputs ; Bus Width ; Baseline Area ; Area if Restructured ; Saving if Restructured ; Registered ; Example Multiplexer Output ;
+--------------------+-----------+---------------+----------------------+------------------------+------------+----------------------------+
; 3:1                ; 7 bits    ; 14 LEs        ; 7 LEs                ; 7 LEs                  ; Yes        ; |Ozy_Janus|loop_counter[0] ;
; 5:1                ; 7 bits    ; 21 LEs        ; 7 LEs                ; 14 LEs                 ; Yes        ; |Ozy_Janus|byte_count[6]   ;
; 128:1              ; 4 bits    ; 340 LEs       ; 28 LEs               ; 312 LEs                ; Yes        ; |Ozy_Janus|AD_state[2]     ;
; 8:1                ; 9 bits    ; 45 LEs        ; 9 LEs                ; 36 LEs                 ; Yes        ; |Ozy_Janus|sync_count[8]   ;
; 130:1              ; 8 bits    ; 688 LEs       ; 16 LEs               ; 672 LEs                ; Yes        ; |Ozy_Janus|register[15]    ;
; 132:1              ; 6 bits    ; 528 LEs       ; 24 LEs               ; 504 LEs                ; Yes        ; |Ozy_Janus|register[5]     ;
+--------------------+-----------+---------------+----------------------+------------------------+------------+----------------------------+


+----------------------------------------------------------------+
; Source assignments for Tx_fifo:Tx_fifo|dcfifo:dcfifo_component ;
+---------------------------------+-------+------+---------------+
; Assignment                      ; Value ; from ; to            ;
+---------------------------------+-------+------+---------------+
; AUTO_SHIFT_REGISTER_RECOGNITION ; OFF   ; -    ; -             ;
+---------------------------------+-------+------+---------------+


+-------------------------------------------------------------------------------------------+
; Source assignments for Tx_fifo:Tx_fifo|dcfifo:dcfifo_component|dcfifo_gd41:auto_generated ;
+---------------------------------+-------+------------------+------------------------------+
; Assignment                      ; Value ; from             ; to                           ;
+---------------------------------+-------+------------------+------------------------------+
; AUTO_SHIFT_REGISTER_RECOGNITION ; OFF   ; -                ; -                            ;
; SUPPRESS_DA_RULE_INTERNAL       ; d101  ; -                ; -                            ;
; POWER_UP_LEVEL                  ; LOW   ; -                ; p0addr                       ;
; POWER_UP_LEVEL                  ; LOW   ; -                ; rdaclr                       ;
; CUT                             ; ON    ; rdptr_g          ; ws_dgrp|dffpipe11|dffe12a    ;
; CUT                             ; ON    ; delayed_wrptr_g  ; rs_dgwp|dffpipe6|dffe7a      ;
; CUT                             ; ON    ; previous_rdempty ; wrempty_reg|dffpipe9|dffe10a ;
+---------------------------------+-------+------------------+------------------------------+


+-------------------------------------------------------------------------------------------------------------------+
; Source assignments for Tx_fifo:Tx_fifo|dcfifo:dcfifo_component|dcfifo_gd41:auto_generated|altsyncram_0kp:fifo_ram ;
+---------------------------------+--------------------+------+-----------------------------------------------------+
; Assignment                      ; Value              ; from ; to                                                  ;
+---------------------------------+--------------------+------+-----------------------------------------------------+
; OPTIMIZE_POWER_DURING_SYNTHESIS ; NORMAL_COMPILATION ; -    ; -                                                   ;
+---------------------------------+--------------------+------+-----------------------------------------------------+


+-----------------------------------------------------------------------------------------------------------------------------------------------+
; Source assignments for Tx_fifo:Tx_fifo|dcfifo:dcfifo_component|dcfifo_gd41:auto_generated|altsyncram_0kp:fifo_ram|altsyncram_6p41:altsyncram4 ;
+---------------------------------+--------------------+------+---------------------------------------------------------------------------------+
; Assignment                      ; Value              ; from ; to                                                                              ;
+---------------------------------+--------------------+------+---------------------------------------------------------------------------------+
; OPTIMIZE_POWER_DURING_SYNTHESIS ; NORMAL_COMPILATION ; -    ; -                                                                               ;
+---------------------------------+--------------------+------+---------------------------------------------------------------------------------+


+----------------------------------------------------------------------------------------------------------------------+
; Source assignments for Tx_fifo:Tx_fifo|dcfifo:dcfifo_component|dcfifo_gd41:auto_generated|alt_synch_pipe_mv7:rs_dgwp ;
+-----------------------+-------+------+-------------------------------------------------------------------------------+
; Assignment            ; Value ; from ; to                                                                            ;
+-----------------------+-------+------+-------------------------------------------------------------------------------+
; X_ON_VIOLATION_OPTION ; OFF   ; -    ; -                                                                             ;
+-----------------------+-------+------+-------------------------------------------------------------------------------+


+-------------------------------------------------------------------------------------------------------------------------------------------+
; Source assignments for Tx_fifo:Tx_fifo|dcfifo:dcfifo_component|dcfifo_gd41:auto_generated|alt_synch_pipe_mv7:rs_dgwp|dffpipe_h09:dffpipe6 ;
+---------------------------------+-------+------+------------------------------------------------------------------------------------------+
; Assignment                      ; Value ; from ; to                                                                                       ;
+---------------------------------+-------+------+------------------------------------------------------------------------------------------+
; AUTO_SHIFT_REGISTER_RECOGNITION ; OFF   ; -    ; -                                                                                        ;
+---------------------------------+-------+------+------------------------------------------------------------------------------------------+


+--------------------------------------------------------------------------------------------------------------------------+
; Source assignments for Tx_fifo:Tx_fifo|dcfifo:dcfifo_component|dcfifo_gd41:auto_generated|alt_synch_pipe_497:wrempty_reg ;
+-----------------------+-------+------+-----------------------------------------------------------------------------------+
; Assignment            ; Value ; from ; to                                                                                ;
+-----------------------+-------+------+-----------------------------------------------------------------------------------+
; X_ON_VIOLATION_OPTION ; OFF   ; -    ; -                                                                                 ;
+-----------------------+-------+------+-----------------------------------------------------------------------------------+


+-----------------------------------------------------------------------------------------------------------------------------------------------+
; Source assignments for Tx_fifo:Tx_fifo|dcfifo:dcfifo_component|dcfifo_gd41:auto_generated|alt_synch_pipe_497:wrempty_reg|dffpipe_u98:dffpipe9 ;
+---------------------------------+-------+------+----------------------------------------------------------------------------------------------+
; Assignment                      ; Value ; from ; to                                                                                           ;
+---------------------------------+-------+------+----------------------------------------------------------------------------------------------+
; AUTO_SHIFT_REGISTER_RECOGNITION ; OFF   ; -    ; -                                                                                            ;
+---------------------------------+-------+------+----------------------------------------------------------------------------------------------+


+--------------------------------------------------------------------------------------------------------------+
; Source assignments for Tx_fifo:Tx_fifo|dcfifo:dcfifo_component|dcfifo_gd41:auto_generated|dffpipe_a09:ws_brp ;
+---------------------------------+-------+------+-------------------------------------------------------------+
; Assignment                      ; Value ; from ; to                                                          ;
+---------------------------------+-------+------+-------------------------------------------------------------+
; AUTO_SHIFT_REGISTER_RECOGNITION ; OFF   ; -    ; -                                                           ;
+---------------------------------+-------+------+-------------------------------------------------------------+


+--------------------------------------------------------------------------------------------------------------+
; Source assignments for Tx_fifo:Tx_fifo|dcfifo:dcfifo_component|dcfifo_gd41:auto_generated|dffpipe_a09:ws_bwp ;
+---------------------------------+-------+------+-------------------------------------------------------------+
; Assignment                      ; Value ; from ; to                                                          ;
+---------------------------------+-------+------+-------------------------------------------------------------+
; AUTO_SHIFT_REGISTER_RECOGNITION ; OFF   ; -    ; -                                                           ;
+---------------------------------+-------+------+-------------------------------------------------------------+


+----------------------------------------------------------------------------------------------------------------------+
; Source assignments for Tx_fifo:Tx_fifo|dcfifo:dcfifo_component|dcfifo_gd41:auto_generated|alt_synch_pipe_nv7:ws_dgrp ;
+-----------------------+-------+------+-------------------------------------------------------------------------------+
; Assignment            ; Value ; from ; to                                                                            ;
+-----------------------+-------+------+-------------------------------------------------------------------------------+
; X_ON_VIOLATION_OPTION ; OFF   ; -    ; -                                                                             ;
+-----------------------+-------+------+-------------------------------------------------------------------------------+


+--------------------------------------------------------------------------------------------------------------------------------------------+
; Source assignments for Tx_fifo:Tx_fifo|dcfifo:dcfifo_component|dcfifo_gd41:auto_generated|alt_synch_pipe_nv7:ws_dgrp|dffpipe_i09:dffpipe11 ;
+---------------------------------+-------+------+-------------------------------------------------------------------------------------------+
; Assignment                      ; Value ; from ; to                                                                                        ;
+---------------------------------+-------+------+-------------------------------------------------------------------------------------------+
; AUTO_SHIFT_REGISTER_RECOGNITION ; OFF   ; -    ; -                                                                                         ;
+---------------------------------+-------+------+-------------------------------------------------------------------------------------------+


+----------------------------------------------------------------+
; Source assignments for Rx_fifo:Rx_fifo|dcfifo:dcfifo_component ;
+---------------------------------+-------+------+---------------+
; Assignment                      ; Value ; from ; to            ;
+---------------------------------+-------+------+---------------+
; AUTO_SHIFT_REGISTER_RECOGNITION ; OFF   ; -    ; -             ;
+---------------------------------+-------+------+---------------+


+-------------------------------------------------------------------------------------------+
; Source assignments for Rx_fifo:Rx_fifo|dcfifo:dcfifo_component|dcfifo_ts51:auto_generated ;
+---------------------------------+-------+-----------------+-------------------------------+
; Assignment                      ; Value ; from            ; to                            ;
+---------------------------------+-------+-----------------+-------------------------------+
; AUTO_SHIFT_REGISTER_RECOGNITION ; OFF   ; -               ; -                             ;
; SUPPRESS_DA_RULE_INTERNAL       ; d101  ; -               ; -                             ;
; POWER_UP_LEVEL                  ; LOW   ; -               ; p0addr                        ;
; POWER_UP_LEVEL                  ; LOW   ; -               ; rdaclr                        ;
; CUT                             ; ON    ; rdptr_g         ; ws_dgrp|dffpipe7|dffe8a       ;
; CUT                             ; ON    ; delayed_wrptr_g ; rs_dgwp|dffpipe5|dffe6a       ;
+---------------------------------+-------+-----------------+-------------------------------+


+-------------------------------------------------------------------------------------------------------------------+
; Source assignments for Rx_fifo:Rx_fifo|dcfifo:dcfifo_component|dcfifo_ts51:auto_generated|altsyncram_2kp:fifo_ram ;
+---------------------------------+--------------------+------+-----------------------------------------------------+
; Assignment                      ; Value              ; from ; to                                                  ;
+---------------------------------+--------------------+------+-----------------------------------------------------+
; OPTIMIZE_POWER_DURING_SYNTHESIS ; NORMAL_COMPILATION ; -    ; -                                                   ;
+---------------------------------+--------------------+------+-----------------------------------------------------+


+-----------------------------------------------------------------------------------------------------------------------------------------------+
; Source assignments for Rx_fifo:Rx_fifo|dcfifo:dcfifo_component|dcfifo_ts51:auto_generated|altsyncram_2kp:fifo_ram|altsyncram_8p41:altsyncram3 ;
+---------------------------------+--------------------+------+---------------------------------------------------------------------------------+
; Assignment                      ; Value              ; from ; to                                                                              ;
+---------------------------------+--------------------+------+---------------------------------------------------------------------------------+
; OPTIMIZE_POWER_DURING_SYNTHESIS ; NORMAL_COMPILATION ; -    ; -                                                                               ;
+---------------------------------+--------------------+------+---------------------------------------------------------------------------------+


+--------------------------------------------------------------------------------------------------------------+
; Source assignments for Rx_fifo:Rx_fifo|dcfifo:dcfifo_component|dcfifo_ts51:auto_generated|dffpipe_c09:rs_brp ;
+---------------------------------+-------+------+-------------------------------------------------------------+
; Assignment                      ; Value ; from ; to                                                          ;
+---------------------------------+-------+------+-------------------------------------------------------------+
; AUTO_SHIFT_REGISTER_RECOGNITION ; OFF   ; -    ; -                                                           ;
+---------------------------------+-------+------+-------------------------------------------------------------+


+--------------------------------------------------------------------------------------------------------------+
; Source assignments for Rx_fifo:Rx_fifo|dcfifo:dcfifo_component|dcfifo_ts51:auto_generated|dffpipe_c09:rs_bwp ;
+---------------------------------+-------+------+-------------------------------------------------------------+
; Assignment                      ; Value ; from ; to                                                          ;
+---------------------------------+-------+------+-------------------------------------------------------------+
; AUTO_SHIFT_REGISTER_RECOGNITION ; OFF   ; -    ; -                                                           ;
+---------------------------------+-------+------+-------------------------------------------------------------+


+----------------------------------------------------------------------------------------------------------------------+
; Source assignments for Rx_fifo:Rx_fifo|dcfifo:dcfifo_component|dcfifo_ts51:auto_generated|alt_synch_pipe_ov7:rs_dgwp ;
+-----------------------+-------+------+-------------------------------------------------------------------------------+
; Assignment            ; Value ; from ; to                                                                            ;
+-----------------------+-------+------+-------------------------------------------------------------------------------+
; X_ON_VIOLATION_OPTION ; OFF   ; -    ; -                                                                             ;
+-----------------------+-------+------+-------------------------------------------------------------------------------+


+-------------------------------------------------------------------------------------------------------------------------------------------+
; Source assignments for Rx_fifo:Rx_fifo|dcfifo:dcfifo_component|dcfifo_ts51:auto_generated|alt_synch_pipe_ov7:rs_dgwp|dffpipe_j09:dffpipe5 ;
+---------------------------------+-------+------+------------------------------------------------------------------------------------------+
; Assignment                      ; Value ; from ; to                                                                                       ;
+---------------------------------+-------+------+------------------------------------------------------------------------------------------+
; AUTO_SHIFT_REGISTER_RECOGNITION ; OFF   ; -    ; -                                                                                        ;
+---------------------------------+-------+------+------------------------------------------------------------------------------------------+


+--------------------------------------------------------------------------------------------------------------+
; Source assignments for Rx_fifo:Rx_fifo|dcfifo:dcfifo_component|dcfifo_ts51:auto_generated|dffpipe_c09:ws_brp ;
+---------------------------------+-------+------+-------------------------------------------------------------+
; Assignment                      ; Value ; from ; to                                                          ;
+---------------------------------+-------+------+-------------------------------------------------------------+
; AUTO_SHIFT_REGISTER_RECOGNITION ; OFF   ; -    ; -                                                           ;
+---------------------------------+-------+------+-------------------------------------------------------------+


+--------------------------------------------------------------------------------------------------------------+
; Source assignments for Rx_fifo:Rx_fifo|dcfifo:dcfifo_component|dcfifo_ts51:auto_generated|dffpipe_c09:ws_bwp ;
+---------------------------------+-------+------+-------------------------------------------------------------+
; Assignment                      ; Value ; from ; to                                                          ;
+---------------------------------+-------+------+-------------------------------------------------------------+
; AUTO_SHIFT_REGISTER_RECOGNITION ; OFF   ; -    ; -                                                           ;
+---------------------------------+-------+------+-------------------------------------------------------------+


+----------------------------------------------------------------------------------------------------------------------+
; Source assignments for Rx_fifo:Rx_fifo|dcfifo:dcfifo_component|dcfifo_ts51:auto_generated|alt_synch_pipe_pv7:ws_dgrp ;
+-----------------------+-------+------+-------------------------------------------------------------------------------+
; Assignment            ; Value ; from ; to                                                                            ;
+-----------------------+-------+------+-------------------------------------------------------------------------------+
; X_ON_VIOLATION_OPTION ; OFF   ; -    ; -                                                                             ;
+-----------------------+-------+------+-------------------------------------------------------------------------------+


+-------------------------------------------------------------------------------------------------------------------------------------------+
; Source assignments for Rx_fifo:Rx_fifo|dcfifo:dcfifo_component|dcfifo_ts51:auto_generated|alt_synch_pipe_pv7:ws_dgrp|dffpipe_k09:dffpipe7 ;
+---------------------------------+-------+------+------------------------------------------------------------------------------------------+
; Assignment                      ; Value ; from ; to                                                                                       ;
+---------------------------------+-------+------+------------------------------------------------------------------------------------------+
; AUTO_SHIFT_REGISTER_RECOGNITION ; OFF   ; -    ; -                                                                                        ;
+---------------------------------+-------+------+------------------------------------------------------------------------------------------+


+----------------------------------------------------------------------------------------------+
; Parameter Settings for User Entity Instance: clocks:clocks|lpm_counter:lpm_counter_component ;
+------------------------+-------------+-------------------------------------------------------+
; Parameter Name         ; Value       ; Type                                                  ;
+------------------------+-------------+-------------------------------------------------------+
; AUTO_CARRY_CHAINS      ; ON          ; AUTO_CARRY                                            ;
; IGNORE_CARRY_BUFFERS   ; OFF         ; IGNORE_CARRY                                          ;
; AUTO_CASCADE_CHAINS    ; ON          ; AUTO_CASCADE                                          ;
; IGNORE_CASCADE_BUFFERS ; OFF         ; IGNORE_CASCADE                                        ;
; LPM_WIDTH              ; 9           ; Integer                                               ;
; LPM_DIRECTION          ; UP          ; Untyped                                               ;
; LPM_MODULUS            ; 0           ; Untyped                                               ;
; LPM_AVALUE             ; UNUSED      ; Untyped                                               ;
; LPM_SVALUE             ; UNUSED      ; Untyped                                               ;
; LPM_PORT_UPDOWN        ; PORT_UNUSED ; Untyped                                               ;
; DEVICE_FAMILY          ; Cyclone II  ; Untyped                                               ;
; CARRY_CHAIN            ; MANUAL      ; Untyped                                               ;
; CARRY_CHAIN_LENGTH     ; 48          ; CARRY_CHAIN_LENGTH                                    ;
; NOT_GATE_PUSH_BACK     ; ON          ; NOT_GATE_PUSH_BACK                                    ;
; CARRY_CNT_EN           ; SMART       ; Untyped                                               ;
; LABWIDE_SCLR           ; ON          ; Untyped                                               ;
; USE_NEW_VERSION        ; TRUE        ; Untyped                                               ;
; CBXI_PARAMETER         ; cntr_emd    ; Untyped                                               ;
+------------------------+-------------+-------------------------------------------------------+
Note: In order to hide this table in the UI and the text report file, please set the "Show Parameter Settings Tables in Synthesis Report" option in "Analysis and Synthesis Settings -> More Settings" to "Off".


+--------------------------------------------------------------------------------------+
; Parameter Settings for User Entity Instance: Tx_fifo:Tx_fifo|dcfifo:dcfifo_component ;
+-------------------------+-------------+----------------------------------------------+
; Parameter Name          ; Value       ; Type                                         ;
+-------------------------+-------------+----------------------------------------------+
; AUTO_CARRY_CHAINS       ; ON          ; AUTO_CARRY                                   ;
; IGNORE_CARRY_BUFFERS    ; OFF         ; IGNORE_CARRY                                 ;
; AUTO_CASCADE_CHAINS     ; ON          ; AUTO_CASCADE                                 ;
; IGNORE_CASCADE_BUFFERS  ; OFF         ; IGNORE_CASCADE                               ;
; LPM_WIDTH               ; 16          ; Integer                                      ;
; LPM_NUMWORDS            ; 2048        ; Integer                                      ;
; LPM_WIDTHU              ; 11          ; Integer                                      ;
; LPM_SHOWAHEAD           ; OFF         ; Untyped                                      ;
; UNDERFLOW_CHECKING      ; ON          ; Untyped                                      ;
; OVERFLOW_CHECKING       ; ON          ; Untyped                                      ;
; USE_EAB                 ; ON          ; Untyped                                      ;
; ADD_RAM_OUTPUT_REGISTER ; OFF         ; Untyped                                      ;
; DELAY_RDUSEDW           ; 1           ; Untyped                                      ;
; DELAY_WRUSEDW           ; 1           ; Untyped                                      ;
; RDSYNC_DELAYPIPE        ; 4           ; Integer                                      ;
; WRSYNC_DELAYPIPE        ; 4           ; Integer                                      ;
; CLOCKS_ARE_SYNCHRONIZED ; FALSE       ; Untyped                                      ;
; DEVICE_FAMILY           ; Cyclone II  ; Untyped                                      ;
; CBXI_PARAMETER          ; dcfifo_gd41 ; Untyped                                      ;
+-------------------------+-------------+----------------------------------------------+
Note: In order to hide this table in the UI and the text report file, please set the "Show Parameter Settings Tables in Synthesis Report" option in "Analysis and Synthesis Settings -> More Settings" to "Off".


+--------------------------------------------------------------------------------------+
; Parameter Settings for User Entity Instance: Rx_fifo:Rx_fifo|dcfifo:dcfifo_component ;
+-------------------------+-------------+----------------------------------------------+
; Parameter Name          ; Value       ; Type                                         ;
+-------------------------+-------------+----------------------------------------------+
; AUTO_CARRY_CHAINS       ; ON          ; AUTO_CARRY                                   ;
; IGNORE_CARRY_BUFFERS    ; OFF         ; IGNORE_CARRY                                 ;
; AUTO_CASCADE_CHAINS     ; ON          ; AUTO_CASCADE                                 ;
; IGNORE_CASCADE_BUFFERS  ; OFF         ; IGNORE_CASCADE                               ;
; LPM_WIDTH               ; 16          ; Integer                                      ;
; LPM_NUMWORDS            ; 4096        ; Integer                                      ;
; LPM_WIDTHU              ; 12          ; Integer                                      ;
; LPM_SHOWAHEAD           ; OFF         ; Untyped                                      ;
; UNDERFLOW_CHECKING      ; ON          ; Untyped                                      ;
; OVERFLOW_CHECKING       ; ON          ; Untyped                                      ;
; USE_EAB                 ; ON          ; Untyped                                      ;
; ADD_RAM_OUTPUT_REGISTER ; OFF         ; Untyped                                      ;
; DELAY_RDUSEDW           ; 1           ; Untyped                                      ;
; DELAY_WRUSEDW           ; 1           ; Untyped                                      ;
; RDSYNC_DELAYPIPE        ; 3           ; Untyped                                      ;
; WRSYNC_DELAYPIPE        ; 3           ; Untyped                                      ;
; CLOCKS_ARE_SYNCHRONIZED ; FALSE       ; Untyped                                      ;
; DEVICE_FAMILY           ; Cyclone II  ; Untyped                                      ;
; CBXI_PARAMETER          ; dcfifo_ts51 ; Untyped                                      ;
+-------------------------+-------------+----------------------------------------------+
Note: In order to hide this table in the UI and the text report file, please set the "Show Parameter Settings Tables in Synthesis Report" option in "Analysis and Synthesis Settings -> More Settings" to "Off".


+--------------------------------------------------------------+
; Parameter Settings for User Entity Instance: debounce:de_PTT ;
+----------------+-------+-------------------------------------+
; Parameter Name ; Value ; Type                                ;
+----------------+-------+-------------------------------------+
; counter_bits   ; 18    ; Integer                             ;
+----------------+-------+-------------------------------------+
Note: In order to hide this table in the UI and the text report file, please set the "Show Parameter Settings Tables in Synthesis Report" option in "Analysis and Synthesis Settings -> More Settings" to "Off".


+----------------------------------------------------------------------+
; dcfifo Parameter Settings by Entity Instance                         ;
+----------------------------+-----------------------------------------+
; Name                       ; Value                                   ;
+----------------------------+-----------------------------------------+
; Number of entity instances ; 2                                       ;
; Entity Instance            ; Tx_fifo:Tx_fifo|dcfifo:dcfifo_component ;
;     -- FIFO Type           ; Dual Clock                              ;
;     -- LPM_WIDTH           ; 16                                      ;
;     -- LPM_NUMWORDS        ; 2048                                    ;
;     -- LPM_SHOWAHEAD       ; OFF                                     ;
;     -- USE_EAB             ; ON                                      ;
; Entity Instance            ; Rx_fifo:Rx_fifo|dcfifo:dcfifo_component ;
;     -- FIFO Type           ; Dual Clock                              ;
;     -- LPM_WIDTH           ; 16                                      ;
;     -- LPM_NUMWORDS        ; 4096                                    ;
;     -- LPM_SHOWAHEAD       ; OFF                                     ;
;     -- USE_EAB             ; ON                                      ;
+----------------------------+-----------------------------------------+


+--------------------------------+
; Analysis & Synthesis Equations ;
+--------------------------------+
The equations can be found in C:/HPDSDR/trunk/VK6APH/Ozy_Janus/Ozy_Janus.map.eqn.


+-------------------------------+
; Analysis & Synthesis Messages ;
+-------------------------------+
Info: *******************************************************************
Info: Running Quartus II Analysis & Synthesis
    Info: Version 5.1 Build 176 10/26/2005 SJ Web Edition
    Info: Processing started: Sat Aug 05 17:30:21 2006
Info: Command: quartus_map --read_settings_files=on --write_settings_files=off Ozy_Janus -c Ozy_Janus
Info: Found 1 design units, including 1 entities, in source file clocks.v
    Info: Found entity 1: clocks
Info: Found 1 design units, including 1 entities, in source file debounce.v
    Info: Found entity 1: debounce
Info: Found 1 design units, including 1 entities, in source file DigAudioOut48k16bI2S.v
    Info: Found entity 1: I2SAudioOut
Warning (10273): Verilog HDL warning at Ozy_Janus.v(686): sign extended using "x" or "z"
Warning (10273): Verilog HDL warning at Ozy_Janus.v(687): sign extended using "x" or "z"
Info: Found 1 design units, including 1 entities, in source file Ozy_Janus.v
    Info: Found entity 1: Ozy_Janus
Info: Found 1 design units, including 1 entities, in source file Rx_fifo.v
    Info: Found entity 1: Rx_fifo
Info: Found 1 design units, including 1 entities, in source file Tx_fifo.v
    Info: Found entity 1: Tx_fifo
Info: Elaborating entity "Ozy_Janus" for the top level hierarchy
Info (10035): Verilog HDL or VHDL information at Ozy_Janus.v(216): object "FLAGB" declared but not used
Info (10035): Verilog HDL or VHDL information at Ozy_Janus.v(257): object "state_A_D" declared but not used
Info (10035): Verilog HDL or VHDL information at Ozy_Janus.v(559): object "syncd_Tx_write_full" declared but not used
Warning (10036): Verilog HDL or VHDL warning at Ozy_Janus.v(769): object "Rx_control_2" assigned a value but never read
Warning (10036): Verilog HDL or VHDL warning at Ozy_Janus.v(770): object "Rx_control_3" assigned a value but never read
Info: Elaborating entity "clocks" for hierarchy "clocks:clocks"
Info: Found 1 design units, including 1 entities, in source file ../../../../altera/quartus51/libraries/megafunctions/lpm_counter.tdf
    Info: Found entity 1: lpm_counter
Info: Elaborating entity "lpm_counter" for hierarchy "clocks:clocks|lpm_counter:lpm_counter_component"
Info: Found 1 design units, including 1 entities, in source file db/cntr_emd.tdf
    Info: Found entity 1: cntr_emd
Info: Elaborating entity "cntr_emd" for hierarchy "clocks:clocks|lpm_counter:lpm_counter_component|cntr_emd:auto_generated"
Info: Elaborating entity "Tx_fifo" for hierarchy "Tx_fifo:Tx_fifo"
Info: Found 1 design units, including 1 entities, in source file ../../../../altera/quartus51/libraries/megafunctions/dcfifo.tdf
    Info: Found entity 1: dcfifo
Info: Elaborating entity "dcfifo" for hierarchy "Tx_fifo:Tx_fifo|dcfifo:dcfifo_component"
Info: Found 1 design units, including 1 entities, in source file db/dcfifo_gd41.tdf
    Info: Found entity 1: dcfifo_gd41
Info: Elaborating entity "dcfifo_gd41" for hierarchy "Tx_fifo:Tx_fifo|dcfifo:dcfifo_component|dcfifo_gd41:auto_generated"
Info: Found 1 design units, including 1 entities, in source file db/a_gray2bin_ldb.tdf
    Info: Found entity 1: a_gray2bin_ldb
Info: Elaborating entity "a_gray2bin_ldb" for hierarchy "Tx_fifo:Tx_fifo|dcfifo:dcfifo_component|dcfifo_gd41:auto_generated|a_gray2bin_ldb:wrptr_g_gray2bin"
Info: Found 1 design units, including 1 entities, in source file db/a_graycounter_p96.tdf
    Info: Found entity 1: a_graycounter_p96
Info: Elaborating entity "a_graycounter_p96" for hierarchy "Tx_fifo:Tx_fifo|dcfifo:dcfifo_component|dcfifo_gd41:auto_generated|a_graycounter_p96:rdptr_g1p"
Info: Found 1 design units, including 1 entities, in source file db/a_graycounter_ik6.tdf
    Info: Found entity 1: a_graycounter_ik6
Info: Elaborating entity "a_graycounter_ik6" for hierarchy "Tx_fifo:Tx_fifo|dcfifo:dcfifo_component|dcfifo_gd41:auto_generated|a_graycounter_ik6:wrptr_g1p"
Info: Found 1 design units, including 1 entities, in source file db/altsyncram_0kp.tdf
    Info: Found entity 1: altsyncram_0kp
Info: Elaborating entity "altsyncram_0kp" for hierarchy "Tx_fifo:Tx_fifo|dcfifo:dcfifo_component|dcfifo_gd41:auto_generated|altsyncram_0kp:fifo_ram"
Info: Found 1 design units, including 1 entities, in source file db/altsyncram_6p41.tdf
    Info: Found entity 1: altsyncram_6p41
Info: Elaborating entity "altsyncram_6p41" for hierarchy "Tx_fifo:Tx_fifo|dcfifo:dcfifo_component|dcfifo_gd41:auto_generated|altsyncram_0kp:fifo_ram|altsyncram_6p41:altsyncram4"
Info: Found 1 design units, including 1 entities, in source file db/alt_synch_pipe_mv7.tdf
    Info: Found entity 1: alt_synch_pipe_mv7
Info: Elaborating entity "alt_synch_pipe_mv7" for hierarchy "Tx_fifo:Tx_fifo|dcfifo:dcfifo_component|dcfifo_gd41:auto_generated|alt_synch_pipe_mv7:rs_dgwp"
Info: Found 1 design units, including 1 entities, in source file db/dffpipe_h09.tdf
    Info: Found entity 1: dffpipe_h09
Info: Elaborating entity "dffpipe_h09" for hierarchy "Tx_fifo:Tx_fifo|dcfifo:dcfifo_component|dcfifo_gd41:auto_generated|alt_synch_pipe_mv7:rs_dgwp|dffpipe_h09:dffpipe6"
Info: Found 1 design units, including 1 entities, in source file db/alt_synch_pipe_497.tdf
    Info: Found entity 1: alt_synch_pipe_497
Info: Elaborating entity "alt_synch_pipe_497" for hierarchy "Tx_fifo:Tx_fifo|dcfifo:dcfifo_component|dcfifo_gd41:auto_generated|alt_synch_pipe_497:wrempty_reg"
Info: Found 1 design units, including 1 entities, in source file db/dffpipe_u98.tdf
    Info: Found entity 1: dffpipe_u98
Info: Elaborating entity "dffpipe_u98" for hierarchy "Tx_fifo:Tx_fifo|dcfifo:dcfifo_component|dcfifo_gd41:auto_generated|alt_synch_pipe_497:wrempty_reg|dffpipe_u98:dffpipe9"
Info: Found 1 design units, including 1 entities, in source file db/dffpipe_a09.tdf
    Info: Found entity 1: dffpipe_a09
Info: Elaborating entity "dffpipe_a09" for hierarchy "Tx_fifo:Tx_fifo|dcfifo:dcfifo_component|dcfifo_gd41:auto_generated|dffpipe_a09:ws_brp"
Info: Found 1 design units, including 1 entities, in source file db/alt_synch_pipe_nv7.tdf
    Info: Found entity 1: alt_synch_pipe_nv7
Info: Elaborating entity "alt_synch_pipe_nv7" for hierarchy "Tx_fifo:Tx_fifo|dcfifo:dcfifo_component|dcfifo_gd41:auto_generated|alt_synch_pipe_nv7:ws_dgrp"
Info: Found 1 design units, including 1 entities, in source file db/dffpipe_i09.tdf
    Info: Found entity 1: dffpipe_i09
Info: Elaborating entity "dffpipe_i09" for hierarchy "Tx_fifo:Tx_fifo|dcfifo:dcfifo_component|dcfifo_gd41:auto_generated|alt_synch_pipe_nv7:ws_dgrp|dffpipe_i09:dffpipe11"
Info: Found 1 design units, including 1 entities, in source file db/add_sub_b7c.tdf
    Info: Found entity 1: add_sub_b7c
Info: Elaborating entity "add_sub_b7c" for hierarchy "Tx_fifo:Tx_fifo|dcfifo:dcfifo_component|dcfifo_gd41:auto_generated|add_sub_b7c:wrusedw_sub"
Info: Elaborating entity "Rx_fifo" for hierarchy "Rx_fifo:Rx_fifo"
Info: Elaborating entity "dcfifo" for hierarchy "Rx_fifo:Rx_fifo|dcfifo:dcfifo_component"
Info: Found 1 design units, including 1 entities, in source file db/dcfifo_ts51.tdf
    Info: Found entity 1: dcfifo_ts51
Info: Elaborating entity "dcfifo_ts51" for hierarchy "Rx_fifo:Rx_fifo|dcfifo:dcfifo_component|dcfifo_ts51:auto_generated"
Info: Found 1 design units, including 1 entities, in source file db/a_gray2bin_mdb.tdf
    Info: Found entity 1: a_gray2bin_mdb
Info: Elaborating entity "a_gray2bin_mdb" for hierarchy "Rx_fifo:Rx_fifo|dcfifo:dcfifo_component|dcfifo_ts51:auto_generated|a_gray2bin_mdb:rdptr_g_gray2bin"
Info: Found 1 design units, including 1 entities, in source file db/a_graycounter_q96.tdf
    Info: Found entity 1: a_graycounter_q96
Info: Elaborating entity "a_graycounter_q96" for hierarchy "Rx_fifo:Rx_fifo|dcfifo:dcfifo_component|dcfifo_ts51:auto_generated|a_graycounter_q96:rdptr_g1p"
Info: Found 1 design units, including 1 entities, in source file db/a_graycounter_jk6.tdf
    Info: Found entity 1: a_graycounter_jk6
Info: Elaborating entity "a_graycounter_jk6" for hierarchy "Rx_fifo:Rx_fifo|dcfifo:dcfifo_component|dcfifo_ts51:auto_generated|a_graycounter_jk6:wrptr_g1p"
Info: Found 1 design units, including 1 entities, in source file db/altsyncram_2kp.tdf
    Info: Found entity 1: altsyncram_2kp
Info: Elaborating entity "altsyncram_2kp" for hierarchy "Rx_fifo:Rx_fifo|dcfifo:dcfifo_component|dcfifo_ts51:auto_generated|altsyncram_2kp:fifo_ram"
Info: Found 1 design units, including 1 entities, in source file db/altsyncram_8p41.tdf
    Info: Found entity 1: altsyncram_8p41
Info: Elaborating entity "altsyncram_8p41" for hierarchy "Rx_fifo:Rx_fifo|dcfifo:dcfifo_component|dcfifo_ts51:auto_generated|altsyncram_2kp:fifo_ram|altsyncram_8p41:altsyncram3"
Info: Found 1 design units, including 1 entities, in source file db/dffpipe_c09.tdf
    Info: Found entity 1: dffpipe_c09
Info: Elaborating entity "dffpipe_c09" for hierarchy "Rx_fifo:Rx_fifo|dcfifo:dcfifo_component|dcfifo_ts51:auto_generated|dffpipe_c09:rs_brp"
Info: Found 1 design units, including 1 entities, in source file db/alt_synch_pipe_ov7.tdf
    Info: Found entity 1: alt_synch_pipe_ov7
Info: Elaborating entity "alt_synch_pipe_ov7" for hierarchy "Rx_fifo:Rx_fifo|dcfifo:dcfifo_component|dcfifo_ts51:auto_generated|alt_synch_pipe_ov7:rs_dgwp"
Info: Found 1 design units, including 1 entities, in source file db/dffpipe_j09.tdf
    Info: Found entity 1: dffpipe_j09
Info: Elaborating entity "dffpipe_j09" for hierarchy "Rx_fifo:Rx_fifo|dcfifo:dcfifo_component|dcfifo_ts51:auto_generated|alt_synch_pipe_ov7:rs_dgwp|dffpipe_j09:dffpipe5"
Info: Found 1 design units, including 1 entities, in source file db/alt_synch_pipe_pv7.tdf
    Info: Found entity 1: alt_synch_pipe_pv7
Info: Elaborating entity "alt_synch_pipe_pv7" for hierarchy "Rx_fifo:Rx_fifo|dcfifo:dcfifo_component|dcfifo_ts51:auto_generated|alt_synch_pipe_pv7:ws_dgrp"
Info: Found 1 design units, including 1 entities, in source file db/dffpipe_k09.tdf
    Info: Found entity 1: dffpipe_k09
Info: Elaborating entity "dffpipe_k09" for hierarchy "Rx_fifo:Rx_fifo|dcfifo:dcfifo_component|dcfifo_ts51:auto_generated|alt_synch_pipe_pv7:ws_dgrp|dffpipe_k09:dffpipe7"
Info: Found 1 design units, including 1 entities, in source file db/add_sub_c7c.tdf
    Info: Found entity 1: add_sub_c7c
Info: Elaborating entity "add_sub_c7c" for hierarchy "Rx_fifo:Rx_fifo|dcfifo:dcfifo_component|dcfifo_ts51:auto_generated|add_sub_c7c:rdusedw_sub"
Info: Elaborating entity "I2SAudioOut" for hierarchy "I2SAudioOut:I2SAO"
Info: Elaborating entity "debounce" for hierarchy "debounce:de_PTT"
Info: Duplicate registers merged to single register
    Info: Duplicate register "Rx_fifo:Rx_fifo|dcfifo:dcfifo_component|dcfifo_ts51:auto_generated|dffpipe_c09:ws_bwp|dffe5a[11]" merged to single register "Rx_fifo:Rx_fifo|dcfifo:dcfifo_component|dcfifo_ts51:auto_generated|delayed_wrptr_g[11]"
    Info: Duplicate register "Tx_fifo:Tx_fifo|dcfifo:dcfifo_component|dcfifo_gd41:auto_generated|dffpipe_a09:ws_bwp|dffe7a[10]" merged to single register "Tx_fifo:Tx_fifo|dcfifo:dcfifo_component|dcfifo_gd41:auto_generated|delayed_wrptr_g[10]"
Warning: Reduced register "FIFO_ADR[0]~reg0" with stuck data_in port to stuck value GND
Info: State machine "|Ozy_Janus|state_FX" contains 12 states
Info: State machine "|Ozy_Janus|state_PWM" contains 14 states
Info: State machine "|Ozy_Janus|I2SAudioOut:I2SAO|TLV_state" contains 5 states
Info: Selected Auto state machine encoding method for state machine "|Ozy_Janus|state_FX"
Info: Encoding result for state machine "|Ozy_Janus|state_FX"
    Info: Completed encoding using 12 state bits
        Info: Encoded state bit "state_FX.0001"
        Info: Encoded state bit "state_FX.1011"
        Info: Encoded state bit "state_FX.0010"
        Info: Encoded state bit "state_FX.0011"
        Info: Encoded state bit "state_FX.0110"
        Info: Encoded state bit "state_FX.0100"
        Info: Encoded state bit "state_FX.0101"
        Info: Encoded state bit "state_FX.0111"
        Info: Encoded state bit "state_FX.1000"
        Info: Encoded state bit "state_FX.1001"
        Info: Encoded state bit "state_FX.1010"
        Info: Encoded state bit "state_FX.0000"
    Info: State "|Ozy_Janus|state_FX.0000" uses code string "000000000000"
    Info: State "|Ozy_Janus|state_FX.1010" uses code string "000000000011"
    Info: State "|Ozy_Janus|state_FX.1001" uses code string "000000000101"
    Info: State "|Ozy_Janus|state_FX.1000" uses code string "000000001001"
    Info: State "|Ozy_Janus|state_FX.0111" uses code string "000000010001"
    Info: State "|Ozy_Janus|state_FX.0101" uses code string "000000100001"
    Info: State "|Ozy_Janus|state_FX.0100" uses code string "000001000001"
    Info: State "|Ozy_Janus|state_FX.0110" uses code string "000010000001"
    Info: State "|Ozy_Janus|state_FX.0011" uses code string "000100000001"
    Info: State "|Ozy_Janus|state_FX.0010" uses code string "001000000001"
    Info: State "|Ozy_Janus|state_FX.1011" uses code string "010000000001"
    Info: State "|Ozy_Janus|state_FX.0001" uses code string "100000000001"
Info: Selected Auto state machine encoding method for state machine "|Ozy_Janus|state_PWM"
Info: Encoding result for state machine "|Ozy_Janus|state_PWM"
    Info: Completed encoding using 14 state bits
        Info: Encoded state bit "state_PWM.00001"
        Info: Encoded state bit "state_PWM.01101"
        Info: Encoded state bit "state_PWM.00010"
        Info: Encoded state bit "state_PWM.00011"
        Info: Encoded state bit "state_PWM.00100"
        Info: Encoded state bit "state_PWM.00101"
        Info: Encoded state bit "state_PWM.00110"
        Info: Encoded state bit "state_PWM.00111"
        Info: Encoded state bit "state_PWM.01000"
        Info: Encoded state bit "state_PWM.01001"
        Info: Encoded state bit "state_PWM.01010"
        Info: Encoded state bit "state_PWM.01011"
        Info: Encoded state bit "state_PWM.01100"
        Info: Encoded state bit "state_PWM.00000"
    Info: State "|Ozy_Janus|state_PWM.00000" uses code string "00000000000000"
    Info: State "|Ozy_Janus|state_PWM.01100" uses code string "00000000000011"
    Info: State "|Ozy_Janus|state_PWM.01011" uses code string "00000000000101"
    Info: State "|Ozy_Janus|state_PWM.01010" uses code string "00000000001001"
    Info: State "|Ozy_Janus|state_PWM.01001" uses code string "00000000010001"
    Info: State "|Ozy_Janus|state_PWM.01000" uses code string "00000000100001"
    Info: State "|Ozy_Janus|state_PWM.00111" uses code string "00000001000001"
    Info: State "|Ozy_Janus|state_PWM.00110" uses code string "00000010000001"
    Info: State "|Ozy_Janus|state_PWM.00101" uses code string "00000100000001"
    Info: State "|Ozy_Janus|state_PWM.00100" uses code string "00001000000001"
    Info: State "|Ozy_Janus|state_PWM.00011" uses code string "00010000000001"
    Info: State "|Ozy_Janus|state_PWM.00010" uses code string "00100000000001"
    Info: State "|Ozy_Janus|state_PWM.01101" uses code string "01000000000001"
    Info: State "|Ozy_Janus|state_PWM.00001" uses code string "10000000000001"
Info: Selected Auto state machine encoding method for state machine "|Ozy_Janus|I2SAudioOut:I2SAO|TLV_state"
Info: Encoding result for state machine "|Ozy_Janus|I2SAudioOut:I2SAO|TLV_state"
    Info: Completed encoding using 5 state bits
        Info: Encoded state bit "I2SAudioOut:I2SAO|TLV_state.001"
        Info: Encoded state bit "I2SAudioOut:I2SAO|TLV_state.010"
        Info: Encoded state bit "I2SAudioOut:I2SAO|TLV_state.011"
        Info: Encoded state bit "I2SAudioOut:I2SAO|TLV_state.000"
        Info: Encoded state bit "I2SAudioOut:I2SAO|TLV_state.100"
    Info: State "|Ozy_Janus|I2SAudioOut:I2SAO|TLV_state.000" uses code string "00000"
    Info: State "|Ozy_Janus|I2SAudioOut:I2SAO|TLV_state.011" uses code string "00110"
    Info: State "|Ozy_Janus|I2SAudioOut:I2SAO|TLV_state.010" uses code string "01010"
    Info: State "|Ozy_Janus|I2SAudioOut:I2SAO|TLV_state.001" uses code string "10010"
    Info: State "|Ozy_Janus|I2SAudioOut:I2SAO|TLV_state.100" uses code string "00011"
Warning: Output pins are stuck at VCC or GND
    Warning: Pin "PKEND" stuck at VCC
    Warning: Pin "FIFO_ADR[0]" stuck at GND
    Warning: Pin "LED[4]" stuck at VCC
Warning: Design contains 1 input pin(s) that do not drive logic
    Warning: No output dependent on input pin "FLAGB"
Info: Implemented 1026 device resources after synthesis - the final resource count might be different
    Info: Implemented 11 input pins
    Info: Implemented 21 output pins
    Info: Implemented 16 bidirectional pins
    Info: Implemented 946 logic cells
    Info: Implemented 32 RAM segments
Info: Quartus II Analysis & Synthesis was successful. 0 errors, 11 warnings
    Info: Processing ended: Sat Aug 05 17:30:42 2006
    Info: Elapsed time: 00:00:21


