Flow report for Ozy_Janus
Fri Nov 28 20:09:08 2008
Quartus II Version 8.0 Build 215 05/29/2008 SJ Web Edition


---------------------
; Table of Contents ;
---------------------
  1. Legal Notice
  2. Flow Summary
  3. Flow Settings
  4. Flow Non-Default Global Settings
  5. Flow Elapsed Time
  6. Flow Log



----------------
; Legal Notice ;
----------------
Copyright (C) 1991-2008 Altera Corporation
Your use of Altera Corporation's design tools, logic functions 
and other software and tools, and its AMPP partner logic 
functions, and any output files from any of the foregoing 
(including device programming or simulation files), and any 
associated documentation or information are expressly subject 
to the terms and conditions of the Altera Program License 
Subscription Agreement, Altera MegaCore Function License 
Agreement, or other applicable license agreement, including, 
without limitation, that your use is for the sole purpose of 
programming logic devices manufactured by Altera and sold by 
Altera or its authorized distributors.  Please refer to the 
applicable agreement for further details.



+------------------------------------------------------------------------------+
; Flow Summary                                                                 ;
+------------------------------------+-----------------------------------------+
; Flow Status                        ; Successful - Fri Nov 28 20:09:07 2008   ;
; Quartus II Version                 ; 8.0 Build 215 05/29/2008 SJ Web Edition ;
; Revision Name                      ; Ozy_Janus                               ;
; Top-level Entity Name              ; Ozy_Janus                               ;
; Family                             ; Cyclone II                              ;
; Device                             ; EP2C8Q208C8                             ;
; Timing Models                      ; Final                                   ;
; Met timing requirements            ; No                                      ;
; Total logic elements               ; 1,415 / 8,256 ( 17 % )                  ;
;     Total combinational functions  ; 992 / 8,256 ( 12 % )                    ;
;     Dedicated logic registers      ; 1,022 / 8,256 ( 12 % )                  ;
; Total registers                    ; 1022                                    ;
; Total pins                         ; 89 / 138 ( 64 % )                       ;
; Total virtual pins                 ; 0                                       ;
; Total memory bits                  ; 98,304 / 165,888 ( 59 % )               ;
; Embedded Multiplier 9-bit elements ; 0 / 36 ( 0 % )                          ;
; Total PLLs                         ; 0 / 2 ( 0 % )                           ;
+------------------------------------+-----------------------------------------+


+-----------------------------------------+
; Flow Settings                           ;
+-------------------+---------------------+
; Option            ; Setting             ;
+-------------------+---------------------+
; Start date & time ; 11/28/2008 20:08:09 ;
; Main task         ; Compilation         ;
; Revision Name     ; Ozy_Janus           ;
+-------------------+---------------------+


+----------------------------------------------------------------------------------------------------------------------------------------------+
; Flow Non-Default Global Settings                                                                                                             ;
+---------------------------------------------------+------------------------------+--------------------------------+-------------+------------+
; Assignment Name                                   ; Value                        ; Default Value                  ; Entity Name ; Section Id ;
+---------------------------------------------------+------------------------------+--------------------------------+-------------+------------+
; ALLOW_POWER_UP_DONT_CARE                          ; Off                          ; On                             ; --          ; --         ;
; COMPILER_SIGNATURE_ID                             ; 123483488765.122787048902240 ; --                             ; --          ; --         ;
; FITTER_EFFORT                                     ; Standard Fit                 ; Auto Fit                       ; --          ; --         ;
; FMAX_REQUIREMENT                                  ; 48 MHz                       ; --                             ; --          ; --         ;
; MESSAGE_SUPPRESSION_RULE_FILE                     ; Ozy_Janus.srf                ; --                             ; --          ; --         ;
; MUX_RESTRUCTURE                                   ; Off                          ; Auto                           ; --          ; --         ;
; OPTIMIZE_FAST_CORNER_TIMING                       ; On                           ; Off                            ; --          ; --         ;
; OPTIMIZE_HOLD_TIMING                              ; All paths                    ; IO Paths and Minimum TPD Paths ; --          ; --         ;
; PARTITION_COLOR                                   ; 14622752                     ; --                             ; --          ; Top        ;
; PARTITION_NETLIST_TYPE                            ; SOURCE                       ; --                             ; --          ; Top        ;
; PHYSICAL_SYNTHESIS_ASYNCHRONOUS_SIGNAL_PIPELINING ; On                           ; Off                            ; --          ; --         ;
; PHYSICAL_SYNTHESIS_COMBO_LOGIC                    ; On                           ; Off                            ; --          ; --         ;
; PHYSICAL_SYNTHESIS_REGISTER_DUPLICATION           ; On                           ; Off                            ; --          ; --         ;
; PHYSICAL_SYNTHESIS_REGISTER_RETIMING              ; On                           ; Off                            ; --          ; --         ;
+---------------------------------------------------+------------------------------+--------------------------------+-------------+------------+


+-----------------------------------------------------------------------------------------------------------------------------+
; Flow Elapsed Time                                                                                                           ;
+-------------------------+--------------+-------------------------+---------------------+------------------------------------+
; Module Name             ; Elapsed Time ; Average Processors Used ; Peak Virtual Memory ; Total CPU Time (on all processors) ;
+-------------------------+--------------+-------------------------+---------------------+------------------------------------+
; Analysis & Synthesis    ; 00:00:08     ; 1.0                     ; 170 MB              ; 00:00:08                           ;
; Fitter                  ; 00:00:43     ; 1.0                     ; 205 MB              ; 00:00:43                           ;
; Assembler               ; 00:00:01     ; 1.0                     ; 155 MB              ; 00:00:01                           ;
; Classic Timing Analyzer ; 00:00:01     ; 1.0                     ; 137 MB              ; 00:00:01                           ;
; Total                   ; 00:00:53     ; --                      ; --                  ; 00:00:53                           ;
+-------------------------+--------------+-------------------------+---------------------+------------------------------------+


------------
; Flow Log ;
------------
quartus_map --read_settings_files=on --write_settings_files=off Ozy_Janus -c Ozy_Janus
quartus_fit --read_settings_files=off --write_settings_files=off Ozy_Janus -c Ozy_Janus
quartus_asm --read_settings_files=off --write_settings_files=off Ozy_Janus -c Ozy_Janus
quartus_tan --read_settings_files=off --write_settings_files=off Ozy_Janus -c Ozy_Janus --timing_analysis_only



