Flow report for Ozy_Janus
Sat Jan 10 20:07:12 2009
Quartus II Version 8.1 Build 163 10/28/2008 SJ Web Edition


---------------------
; Table of Contents ;
---------------------
  1. Legal Notice
  2. Flow Summary
  3. Flow Settings
  4. Flow Non-Default Global Settings
  5. Flow Elapsed Time
  6. Flow OS Summary
  7. Flow Log



----------------
; Legal Notice ;
----------------
Copyright (C) 1991-2008 Altera Corporation
Your use of Altera Corporation's design tools, logic functions 
and other software and tools, and its AMPP partner logic 
functions, and any output files from any of the foregoing 
(including device programming or simulation files), and any 
associated documentation or information are expressly subject 
to the terms and conditions of the Altera Program License 
Subscription Agreement, Altera MegaCore Function License 
Agreement, or other applicable license agreement, including, 
without limitation, that your use is for the sole purpose of 
programming logic devices manufactured by Altera and sold by 
Altera or its authorized distributors.  Please refer to the 
applicable agreement for further details.



+------------------------------------------------------------------------------+
; Flow Summary                                                                 ;
+------------------------------------+-----------------------------------------+
; Flow Status                        ; Successful - Sat Jan 10 20:07:12 2009   ;
; Quartus II Version                 ; 8.1 Build 163 10/28/2008 SJ Web Edition ;
; Revision Name                      ; Ozy_Janus                               ;
; Top-level Entity Name              ; Ozy_Janus                               ;
; Family                             ; Cyclone II                              ;
; Device                             ; EP2C8Q208C8                             ;
; Timing Models                      ; Final                                   ;
; Met timing requirements            ; No                                      ;
; Total logic elements               ; 1,267 / 8,256 ( 15 % )                  ;
;     Total combinational functions  ; 826 / 8,256 ( 10 % )                    ;
;     Dedicated logic registers      ; 832 / 8,256 ( 10 % )                    ;
; Total registers                    ; 832                                     ;
; Total pins                         ; 89 / 138 ( 64 % )                       ;
; Total virtual pins                 ; 0                                       ;
; Total memory bits                  ; 98,304 / 165,888 ( 59 % )               ;
; Embedded Multiplier 9-bit elements ; 0 / 36 ( 0 % )                          ;
; Total PLLs                         ; 0 / 2 ( 0 % )                           ;
+------------------------------------+-----------------------------------------+


+-----------------------------------------+
; Flow Settings                           ;
+-------------------+---------------------+
; Option            ; Setting             ;
+-------------------+---------------------+
; Start date & time ; 01/10/2009 20:06:08 ;
; Main task         ; Compilation         ;
; Revision Name     ; Ozy_Janus           ;
+-------------------+---------------------+


+------------------------------------------------------------------------------------------------------------------------------------------------------------+
; Flow Non-Default Global Settings                                                                                                                           ;
+---------------------------------------------------+--------------------------------------------+--------------------------------+-------------+------------+
; Assignment Name                                   ; Value                                      ; Default Value                  ; Entity Name ; Section Id ;
+---------------------------------------------------+--------------------------------------------+--------------------------------+-------------+------------+
; ALLOW_POWER_UP_DONT_CARE                          ; Off                                        ; On                             ; --          ; --         ;
; COMPILER_SIGNATURE_ID                             ; 123483488765.123158556802248               ; --                             ; --          ; --         ;
; FITTER_EFFORT                                     ; Standard Fit                               ; Auto Fit                       ; --          ; --         ;
; FMAX_REQUIREMENT                                  ; 48 MHz                                     ; --                             ; --          ; --         ;
; MESSAGE_SUPPRESSION_RULE_FILE                     ; Ozy_Janus.srf                              ; --                             ; --          ; --         ;
; MISC_FILE                                         ; C:/HPSDR/trunk/OzyV2-JanusV2/Ozy_Janus.dpf ; --                             ; --          ; --         ;
; MUX_RESTRUCTURE                                   ; Off                                        ; Auto                           ; --          ; --         ;
; OPTIMIZE_HOLD_TIMING                              ; All Paths                                  ; IO Paths and Minimum TPD Paths ; --          ; --         ;
; OPTIMIZE_MULTI_CORNER_TIMING                      ; On                                         ; Off                            ; --          ; --         ;
; PARTITION_COLOR                                   ; 14622752                                   ; --                             ; --          ; Top        ;
; PARTITION_NETLIST_TYPE                            ; SOURCE                                     ; --                             ; --          ; Top        ;
; PHYSICAL_SYNTHESIS_ASYNCHRONOUS_SIGNAL_PIPELINING ; On                                         ; Off                            ; --          ; --         ;
; PHYSICAL_SYNTHESIS_COMBO_LOGIC                    ; On                                         ; Off                            ; --          ; --         ;
; PHYSICAL_SYNTHESIS_REGISTER_DUPLICATION           ; On                                         ; Off                            ; --          ; --         ;
; PHYSICAL_SYNTHESIS_REGISTER_RETIMING              ; On                                         ; Off                            ; --          ; --         ;
+---------------------------------------------------+--------------------------------------------+--------------------------------+-------------+------------+


+-----------------------------------------------------------------------------------------------------------------------------+
; Flow Elapsed Time                                                                                                           ;
+-------------------------+--------------+-------------------------+---------------------+------------------------------------+
; Module Name             ; Elapsed Time ; Average Processors Used ; Peak Virtual Memory ; Total CPU Time (on all processors) ;
+-------------------------+--------------+-------------------------+---------------------+------------------------------------+
; Analysis & Synthesis    ; 00:00:10     ; 1.0                     ; 177 MB              ; 00:00:08                           ;
; Fitter                  ; 00:00:47     ; 1.0                     ; 212 MB              ; 00:00:46                           ;
; Assembler               ; 00:00:01     ; 1.0                     ; 162 MB              ; 00:00:01                           ;
; Classic Timing Analyzer ; 00:00:02     ; 1.0                     ; 140 MB              ; 00:00:01                           ;
; Total                   ; 00:01:00     ; --                      ; --                  ; 00:00:56                           ;
+-------------------------+--------------+-------------------------+---------------------+------------------------------------+


+---------------------------------------------------------------------------------------+
; Flow OS Summary                                                                       ;
+-------------------------+------------------+------------+------------+----------------+
; Module Name             ; Machine Hostname ; OS Name    ; OS Version ; Processor type ;
+-------------------------+------------------+------------+------------+----------------+
; Analysis & Synthesis    ; phil             ; Windows XP ; 5.1        ; i686           ;
; Fitter                  ; phil             ; Windows XP ; 5.1        ; i686           ;
; Assembler               ; phil             ; Windows XP ; 5.1        ; i686           ;
; Classic Timing Analyzer ; phil             ; Windows XP ; 5.1        ; i686           ;
+-------------------------+------------------+------------+------------+----------------+


------------
; Flow Log ;
------------
quartus_map --read_settings_files=on --write_settings_files=off Ozy_Janus -c Ozy_Janus
quartus_fit --read_settings_files=off --write_settings_files=off Ozy_Janus -c Ozy_Janus
quartus_asm --read_settings_files=off --write_settings_files=off Ozy_Janus -c Ozy_Janus
quartus_tan --read_settings_files=off --write_settings_files=off Ozy_Janus -c Ozy_Janus --timing_analysis_only



