Flow report for Mercury
Tue Dec 23 21:12:19 2008
Quartus II Version 8.1 Build 163 10/28/2008 SJ Web Edition


---------------------
; Table of Contents ;
---------------------
  1. Legal Notice
  2. Flow Summary
  3. Flow Settings
  4. Flow Non-Default Global Settings
  5. Flow Elapsed Time
  6. Flow OS Summary
  7. Flow Log



----------------
; Legal Notice ;
----------------
Copyright (C) 1991-2008 Altera Corporation
Your use of Altera Corporation's design tools, logic functions 
and other software and tools, and its AMPP partner logic 
functions, and any output files from any of the foregoing 
(including device programming or simulation files), and any 
associated documentation or information are expressly subject 
to the terms and conditions of the Altera Program License 
Subscription Agreement, Altera MegaCore Function License 
Agreement, or other applicable license agreement, including, 
without limitation, that your use is for the sole purpose of 
programming logic devices manufactured by Altera and sold by 
Altera or its authorized distributors.  Please refer to the 
applicable agreement for further details.



+------------------------------------------------------------------------------+
; Flow Summary                                                                 ;
+------------------------------------+-----------------------------------------+
; Flow Status                        ; Successful - Tue Dec 23 21:12:19 2008   ;
; Quartus II Version                 ; 8.1 Build 163 10/28/2008 SJ Web Edition ;
; Revision Name                      ; Mercury                                 ;
; Top-level Entity Name              ; Mercury                                 ;
; Family                             ; Cyclone III                             ;
; Device                             ; EP3C25Q240C8                            ;
; Timing Models                      ; Final                                   ;
; Met timing requirements            ; No                                      ;
; Total logic elements               ; 7,315 / 24,624 ( 30 % )                 ;
;     Total combinational functions  ; 5,672 / 24,624 ( 23 % )                 ;
;     Dedicated logic registers      ; 6,009 / 24,624 ( 24 % )                 ;
; Total registers                    ; 6009                                    ;
; Total pins                         ; 63 / 149 ( 42 % )                       ;
; Total virtual pins                 ; 0                                       ;
; Total memory bits                  ; 12,288 / 608,256 ( 2 % )                ;
; Embedded Multiplier 9-bit elements ; 14 / 132 ( 11 % )                       ;
; Total PLLs                         ; 0 / 4 ( 0 % )                           ;
+------------------------------------+-----------------------------------------+


+-----------------------------------------+
; Flow Settings                           ;
+-------------------+---------------------+
; Option            ; Setting             ;
+-------------------+---------------------+
; Start date & time ; 12/23/2008 21:08:40 ;
; Main task         ; Compilation         ;
; Revision Name     ; Mercury             ;
+-------------------+---------------------+


+-------------------------------------------------------------------------------------------------------------------------------------------------------------------------------------------------------------------------------------------------------------------------------------------------------+
; Flow Non-Default Global Settings                                                                                                                                                                                                                                                                      ;
+----------------------------------+--------------------------------------------------------------------------------------------------------------------------------------------------------------------------------------------------------------------+--------------------+-------------+------------+
; Assignment Name                  ; Value                                                                                                                                                                                                              ; Default Value      ; Entity Name ; Section Id ;
+----------------------------------+--------------------------------------------------------------------------------------------------------------------------------------------------------------------------------------------------------------------+--------------------+-------------+------------+
; ALLOW_POWER_UP_DONT_CARE         ; Off                                                                                                                                                                                                                ; On                 ; --          ; --         ;
; COMPILER_SIGNATURE_ID            ; 123483488765.123003412002808                                                                                                                                                                                       ; --                 ; --          ; --         ;
; CYCLONEII_OPTIMIZATION_TECHNIQUE ; Speed                                                                                                                                                                                                              ; Balanced           ; --          ; --         ;
; ENABLE_ADVANCED_IO_TIMING        ; On                                                                                                                                                                                                                 ; --                 ; --          ; --         ;
; FITTER_EFFORT                    ; Standard Fit                                                                                                                                                                                                       ; Auto Fit           ; --          ; --         ;
; FMAX_REQUIREMENT                 ; 122.88 MHz                                                                                                                                                                                                         ; --                 ; --          ; --         ;
; MUX_RESTRUCTURE                  ; Off                                                                                                                                                                                                                ; Auto               ; --          ; --         ;
; NOMINAL_CORE_SUPPLY_VOLTAGE      ; 1.2V                                                                                                                                                                                                               ; --                 ; --          ; --         ;
; OPTIMIZE_MULTI_CORNER_TIMING     ; On                                                                                                                                                                                                                 ; Off                ; --          ; --         ;
; OPTIMIZE_POWER_DURING_FITTING    ; Extra effort                                                                                                                                                                                                       ; Normal compilation ; --          ; --         ;
; PHYSICAL_SYNTHESIS_EFFORT        ; Extra                                                                                                                                                                                                              ; Normal             ; --          ; --         ;
; POWER_BOARD_THERMAL_MODEL        ; None (CONSERVATIVE)                                                                                                                                                                                                ; --                 ; --          ; --         ;
; POWER_PRESET_COOLING_SOLUTION    ; 23 MM HEAT SINK WITH 200 LFPM AIRFLOW                                                                                                                                                                              ; --                 ; --          ; --         ;
; USER_LIBRARIES                   ; C:/HPDSDR/trunk/VK6APH/Mercury/megafunctions/;C:/HPDSDR/trunk/VK6APH/Mercury/db/;C:/HPSDR/trunk/VK6APH/Mercury/megafunctions/;C:/HPSDR/trunk/VK6APH/Mercury/db/;C:/FPGA/Mercury/megafunctions/;C:/FPGA/Mercury/db/ ; --                 ; --          ; --         ;
; USE_TIMEQUEST_TIMING_ANALYZER    ; Off                                                                                                                                                                                                                ; On                 ; --          ; --         ;
+----------------------------------+--------------------------------------------------------------------------------------------------------------------------------------------------------------------------------------------------------------------+--------------------+-------------+------------+


+-----------------------------------------------------------------------------------------------------------------------------+
; Flow Elapsed Time                                                                                                           ;
+-------------------------+--------------+-------------------------+---------------------+------------------------------------+
; Module Name             ; Elapsed Time ; Average Processors Used ; Peak Virtual Memory ; Total CPU Time (on all processors) ;
+-------------------------+--------------+-------------------------+---------------------+------------------------------------+
; Analysis & Synthesis    ; 00:00:44     ; 1.0                     ; 190 MB              ; 00:00:42                           ;
; Fitter                  ; 00:02:37     ; 1.0                     ; 304 MB              ; 00:02:32                           ;
; Assembler               ; 00:00:06     ; 1.0                     ; 206 MB              ; 00:00:06                           ;
; Classic Timing Analyzer ; 00:00:05     ; 1.0                     ; 167 MB              ; 00:00:05                           ;
; Total                   ; 00:03:32     ; --                      ; --                  ; 00:03:25                           ;
+-------------------------+--------------+-------------------------+---------------------+------------------------------------+


+---------------------------------------------------------------------------------------+
; Flow OS Summary                                                                       ;
+-------------------------+------------------+------------+------------+----------------+
; Module Name             ; Machine Hostname ; OS Name    ; OS Version ; Processor type ;
+-------------------------+------------------+------------+------------+----------------+
; Analysis & Synthesis    ; phil             ; Windows XP ; 5.1        ; i686           ;
; Fitter                  ; phil             ; Windows XP ; 5.1        ; i686           ;
; Assembler               ; phil             ; Windows XP ; 5.1        ; i686           ;
; Classic Timing Analyzer ; phil             ; Windows XP ; 5.1        ; i686           ;
+-------------------------+------------------+------------+------------+----------------+


------------
; Flow Log ;
------------
quartus_map --read_settings_files=on --write_settings_files=off Mercury -c Mercury
quartus_fit --read_settings_files=off --write_settings_files=off Mercury -c Mercury
quartus_asm --read_settings_files=off --write_settings_files=off Mercury -c Mercury
quartus_tan --read_settings_files=off --write_settings_files=off Mercury -c Mercury --timing_analysis_only



