Flow report for Mercury
Tue Jan 13 20:58:15 2009
Quartus II Version 8.1 Build 163 10/28/2008 SJ Web Edition


---------------------
; Table of Contents ;
---------------------
  1. Legal Notice
  2. Flow Summary
  3. Flow Settings
  4. Flow Non-Default Global Settings
  5. Flow Elapsed Time
  6. Flow OS Summary
  7. Flow Log



----------------
; Legal Notice ;
----------------
Copyright (C) 1991-2008 Altera Corporation
Your use of Altera Corporation's design tools, logic functions 
and other software and tools, and its AMPP partner logic 
functions, and any output files from any of the foregoing 
(including device programming or simulation files), and any 
associated documentation or information are expressly subject 
to the terms and conditions of the Altera Program License 
Subscription Agreement, Altera MegaCore Function License 
Agreement, or other applicable license agreement, including, 
without limitation, that your use is for the sole purpose of 
programming logic devices manufactured by Altera and sold by 
Altera or its authorized distributors.  Please refer to the 
applicable agreement for further details.



+------------------------------------------------------------------------------+
; Flow Summary                                                                 ;
+------------------------------------+-----------------------------------------+
; Flow Status                        ; Successful - Tue Jan 13 20:58:15 2009   ;
; Quartus II Version                 ; 8.1 Build 163 10/28/2008 SJ Web Edition ;
; Revision Name                      ; Mercury                                 ;
; Top-level Entity Name              ; Mercury                                 ;
; Family                             ; Cyclone III                             ;
; Device                             ; EP3C25Q240C8                            ;
; Timing Models                      ; Final                                   ;
; Met timing requirements            ; Yes                                     ;
; Total logic elements               ; 8,459 / 24,624 ( 34 % )                 ;
;     Total combinational functions  ; 6,605 / 24,624 ( 27 % )                 ;
;     Dedicated logic registers      ; 6,857 / 24,624 ( 28 % )                 ;
; Total registers                    ; 6857                                    ;
; Total pins                         ; 68 / 149 ( 46 % )                       ;
; Total virtual pins                 ; 0                                       ;
; Total memory bits                  ; 84,380 / 608,256 ( 14 % )               ;
; Embedded Multiplier 9-bit elements ; 22 / 132 ( 17 % )                       ;
; Total PLLs                         ; 0 / 4 ( 0 % )                           ;
+------------------------------------+-----------------------------------------+


+-----------------------------------------+
; Flow Settings                           ;
+-------------------+---------------------+
; Option            ; Setting             ;
+-------------------+---------------------+
; Start date & time ; 01/13/2009 20:52:54 ;
; Main task         ; Compilation         ;
; Revision Name     ; Mercury             ;
+-------------------+---------------------+


+-------------------------------------------------------------------------------------------------------------------------------------------------------------------------------------------------------------------------------------------------------------------------------------------------------+
; Flow Non-Default Global Settings                                                                                                                                                                                                                                                                      ;
+----------------------------------+--------------------------------------------------------------------------------------------------------------------------------------------------------------------------------------------------------------------+--------------------+-------------+------------+
; Assignment Name                  ; Value                                                                                                                                                                                                              ; Default Value      ; Entity Name ; Section Id ;
+----------------------------------+--------------------------------------------------------------------------------------------------------------------------------------------------------------------------------------------------------------------+--------------------+-------------+------------+
; ALLOW_POWER_UP_DONT_CARE         ; Off                                                                                                                                                                                                                ; On                 ; --          ; --         ;
; COMPILER_SIGNATURE_ID            ; 123483488765.123184757401512                                                                                                                                                                                       ; --                 ; --          ; --         ;
; CYCLONEII_OPTIMIZATION_TECHNIQUE ; Speed                                                                                                                                                                                                              ; Balanced           ; --          ; --         ;
; ENABLE_ADVANCED_IO_TIMING        ; On                                                                                                                                                                                                                 ; --                 ; --          ; --         ;
; FITTER_EFFORT                    ; Standard Fit                                                                                                                                                                                                       ; Auto Fit           ; --          ; --         ;
; FMAX_REQUIREMENT                 ; 122.88 MHz                                                                                                                                                                                                         ; --                 ; --          ; --         ;
; IP_TOOL_NAME                     ; Shift register (RAM-based)                                                                                                                                                                                         ; --                 ; --          ; --         ;
; IP_TOOL_VERSION                  ; 8.1                                                                                                                                                                                                                ; --                 ; --          ; --         ;
; MISC_FILE                        ; C:/Proj/DSP/Mercury/SVN_VE3NEA/Merc_Verilog/Mercury.dpf                                                                                                                                                            ; --                 ; --          ; --         ;
; MISC_FILE                        ; C:/HPSDR/trunk/Mercury V2/Mercury.dpf                                                                                                                                                                              ; --                 ; --          ; --         ;
; MUX_RESTRUCTURE                  ; Off                                                                                                                                                                                                                ; Auto               ; --          ; --         ;
; NOMINAL_CORE_SUPPLY_VOLTAGE      ; 1.2V                                                                                                                                                                                                               ; --                 ; --          ; --         ;
; OPTIMIZE_MULTI_CORNER_TIMING     ; On                                                                                                                                                                                                                 ; Off                ; --          ; --         ;
; OPTIMIZE_POWER_DURING_FITTING    ; Extra effort                                                                                                                                                                                                       ; Normal compilation ; --          ; --         ;
; PHYSICAL_SYNTHESIS_EFFORT        ; Extra                                                                                                                                                                                                              ; Normal             ; --          ; --         ;
; POWER_BOARD_THERMAL_MODEL        ; None (CONSERVATIVE)                                                                                                                                                                                                ; --                 ; --          ; --         ;
; POWER_PRESET_COOLING_SOLUTION    ; 23 MM HEAT SINK WITH 200 LFPM AIRFLOW                                                                                                                                                                              ; --                 ; --          ; --         ;
; USER_LIBRARIES                   ; C:/HPDSDR/trunk/VK6APH/Mercury/megafunctions/;C:/HPDSDR/trunk/VK6APH/Mercury/db/;C:/HPSDR/trunk/VK6APH/Mercury/megafunctions/;C:/HPSDR/trunk/VK6APH/Mercury/db/;C:/FPGA/Mercury/megafunctions/;C:/FPGA/Mercury/db/ ; --                 ; --          ; --         ;
; USE_TIMEQUEST_TIMING_ANALYZER    ; Off                                                                                                                                                                                                                ; On                 ; --          ; --         ;
+----------------------------------+--------------------------------------------------------------------------------------------------------------------------------------------------------------------------------------------------------------------+--------------------+-------------+------------+


+-----------------------------------------------------------------------------------------------------------------------------+
; Flow Elapsed Time                                                                                                           ;
+-------------------------+--------------+-------------------------+---------------------+------------------------------------+
; Module Name             ; Elapsed Time ; Average Processors Used ; Peak Virtual Memory ; Total CPU Time (on all processors) ;
+-------------------------+--------------+-------------------------+---------------------+------------------------------------+
; Analysis & Synthesis    ; 00:00:38     ; 1.0                     ; 201 MB              ; 00:00:35                           ;
; Fitter                  ; 00:04:21     ; 1.0                     ; 304 MB              ; 00:04:15                           ;
; Assembler               ; 00:00:08     ; 1.0                     ; 208 MB              ; 00:00:08                           ;
; Classic Timing Analyzer ; 00:00:08     ; 1.0                     ; 171 MB              ; 00:00:08                           ;
; Total                   ; 00:05:15     ; --                      ; --                  ; 00:05:06                           ;
+-------------------------+--------------+-------------------------+---------------------+------------------------------------+


+---------------------------------------------------------------------------------------+
; Flow OS Summary                                                                       ;
+-------------------------+------------------+------------+------------+----------------+
; Module Name             ; Machine Hostname ; OS Name    ; OS Version ; Processor type ;
+-------------------------+------------------+------------+------------+----------------+
; Analysis & Synthesis    ; phil             ; Windows XP ; 5.1        ; i686           ;
; Fitter                  ; phil             ; Windows XP ; 5.1        ; i686           ;
; Assembler               ; phil             ; Windows XP ; 5.1        ; i686           ;
; Classic Timing Analyzer ; phil             ; Windows XP ; 5.1        ; i686           ;
+-------------------------+------------------+------------+------------+----------------+


------------
; Flow Log ;
------------
quartus_map --read_settings_files=on --write_settings_files=off Mercury -c Mercury
quartus_fit --read_settings_files=off --write_settings_files=off Mercury -c Mercury
quartus_asm --read_settings_files=off --write_settings_files=off Mercury -c Mercury
quartus_tan --read_settings_files=off --write_settings_files=off Mercury -c Mercury --timing_analysis_only



