Flow report for Penelope
Mon May 18 19:39:28 2009
Quartus II Version 9.0 Build 132 02/25/2009 SJ Web Edition


---------------------
; Table of Contents ;
---------------------
  1. Legal Notice
  2. Flow Summary
  3. Flow Settings
  4. Flow Non-Default Global Settings
  5. Flow Elapsed Time
  6. Flow OS Summary
  7. Flow Log



----------------
; Legal Notice ;
----------------
Copyright (C) 1991-2009 Altera Corporation
Your use of Altera Corporation's design tools, logic functions 
and other software and tools, and its AMPP partner logic 
functions, and any output files from any of the foregoing 
(including device programming or simulation files), and any 
associated documentation or information are expressly subject 
to the terms and conditions of the Altera Program License 
Subscription Agreement, Altera MegaCore Function License 
Agreement, or other applicable license agreement, including, 
without limitation, that your use is for the sole purpose of 
programming logic devices manufactured by Altera and sold by 
Altera or its authorized distributors.  Please refer to the 
applicable agreement for further details.



+------------------------------------------------------------------------------+
; Flow Summary                                                                 ;
+------------------------------------+-----------------------------------------+
; Flow Status                        ; Successful - Mon May 18 19:39:28 2009   ;
; Quartus II Version                 ; 9.0 Build 132 02/25/2009 SJ Web Edition ;
; Revision Name                      ; Penelope                                ;
; Top-level Entity Name              ; Penelope                                ;
; Family                             ; Cyclone II                              ;
; Device                             ; EP2C8Q208C8                             ;
; Timing Models                      ; Final                                   ;
; Met timing requirements            ; No                                      ;
; Total logic elements               ; 4,151 / 8,256 ( 50 % )                  ;
;     Total combinational functions  ; 3,571 / 8,256 ( 43 % )                  ;
;     Dedicated logic registers      ; 2,848 / 8,256 ( 34 % )                  ;
; Total registers                    ; 2848                                    ;
; Total pins                         ; 56 / 138 ( 41 % )                       ;
; Total virtual pins                 ; 0                                       ;
; Total memory bits                  ; 0 / 165,888 ( 0 % )                     ;
; Embedded Multiplier 9-bit elements ; 12 / 36 ( 33 % )                        ;
; Total PLLs                         ; 0 / 2 ( 0 % )                           ;
+------------------------------------+-----------------------------------------+


+-----------------------------------------+
; Flow Settings                           ;
+-------------------+---------------------+
; Option            ; Setting             ;
+-------------------+---------------------+
; Start date & time ; 05/18/2009 19:37:38 ;
; Main task         ; Compilation         ;
; Revision Name     ; Penelope            ;
+-------------------+---------------------+


+----------------------------------------------------------------------------------------------------------------------------------------------------------------------------------------------+
; Flow Non-Default Global Settings                                                                                                                                                             ;
+---------------------------------------------+------------------------------------------------------------------------------------+--------------------------------+-------------+------------+
; Assignment Name                             ; Value                                                                              ; Default Value                  ; Entity Name ; Section Id ;
+---------------------------------------------+------------------------------------------------------------------------------------+--------------------------------+-------------+------------+
; ALLOW_POWER_UP_DONT_CARE                    ; Off                                                                                ; On                             ; --          ; --         ;
; COMPILER_SIGNATURE_ID                       ; 123483488765.124264665704936                                                       ; --                             ; --          ; --         ;
; ENABLE_SIGNALTAP                            ; Off                                                                                ; --                             ; --          ; --         ;
; FMAX_REQUIREMENT                            ; 123 MHz                                                                            ; --                             ; --          ; --         ;
; MESSAGE_SUPPRESSION_RULE_FILE               ; Penelope.srf                                                                       ; --                             ; --          ; --         ;
; MISC_FILE                                   ; C:/Documents and Settings/Kirk Weedman/Desktop/HPSDR Verilog/Penelope/Penelope.dpf ; --                             ; --          ; --         ;
; MISC_FILE                                   ; C:/HPSDR/trunk/Penelope/Penelope.dpf                                               ; --                             ; --          ; --         ;
; MISC_FILE                                   ; C:/Documents and Settings/Kirk/Desktop/HPSDR Verilog/Penelope/Penelope.dpf         ; --                             ; --          ; --         ;
; NUMBER_OF_DESTINATION_TO_REPORT             ; 50                                                                                 ; 10                             ; --          ; --         ;
; NUMBER_OF_PATHS_TO_REPORT                   ; 1000                                                                               ; 200                            ; --          ; --         ;
; NUMBER_OF_SOURCES_PER_DESTINATION_TO_REPORT ; 50                                                                                 ; 10                             ; --          ; --         ;
; OPTIMIZE_HOLD_TIMING                        ; Off                                                                                ; IO Paths and Minimum TPD Paths ; --          ; --         ;
; PARTITION_COLOR                             ; 14622752                                                                           ; --                             ; --          ; Top        ;
; PARTITION_NETLIST_TYPE                      ; SOURCE                                                                             ; --                             ; --          ; Top        ;
; PHYSICAL_SYNTHESIS_COMBO_LOGIC              ; On                                                                                 ; Off                            ; --          ; --         ;
; PHYSICAL_SYNTHESIS_REGISTER_DUPLICATION     ; On                                                                                 ; Off                            ; --          ; --         ;
; PHYSICAL_SYNTHESIS_REGISTER_RETIMING        ; On                                                                                 ; Off                            ; --          ; --         ;
; REMOVE_REDUNDANT_LOGIC_CELLS                ; On                                                                                 ; Off                            ; --          ; --         ;
; ROUTER_TIMING_OPTIMIZATION_LEVEL            ; MAXIMUM                                                                            ; Normal                         ; --          ; --         ;
; STATE_MACHINE_PROCESSING                    ; User-Encoded                                                                       ; Auto                           ; --          ; --         ;
+---------------------------------------------+------------------------------------------------------------------------------------+--------------------------------+-------------+------------+


+-----------------------------------------------------------------------------------------------------------------------------+
; Flow Elapsed Time                                                                                                           ;
+-------------------------+--------------+-------------------------+---------------------+------------------------------------+
; Module Name             ; Elapsed Time ; Average Processors Used ; Peak Virtual Memory ; Total CPU Time (on all processors) ;
+-------------------------+--------------+-------------------------+---------------------+------------------------------------+
; Analysis & Synthesis    ; 00:00:14     ; 1.0                     ; 184 MB              ; 00:00:13                           ;
; Fitter                  ; 00:01:23     ; 1.0                     ; 242 MB              ; 00:01:23                           ;
; Assembler               ; 00:00:03     ; 1.0                     ; 172 MB              ; 00:00:03                           ;
; Classic Timing Analyzer ; 00:00:02     ; 1.0                     ; 163 MB              ; 00:00:02                           ;
; Total                   ; 00:01:42     ; --                      ; --                  ; 00:01:41                           ;
+-------------------------+--------------+-------------------------+---------------------+------------------------------------+


+---------------------------------------------------------------------------------------+
; Flow OS Summary                                                                       ;
+-------------------------+------------------+------------+------------+----------------+
; Module Name             ; Machine Hostname ; OS Name    ; OS Version ; Processor type ;
+-------------------------+------------------+------------+------------+----------------+
; Analysis & Synthesis    ; phil             ; Windows XP ; 5.1        ; i686           ;
; Fitter                  ; phil             ; Windows XP ; 5.1        ; i686           ;
; Assembler               ; phil             ; Windows XP ; 5.1        ; i686           ;
; Classic Timing Analyzer ; phil             ; Windows XP ; 5.1        ; i686           ;
+-------------------------+------------------+------------+------------+----------------+


------------
; Flow Log ;
------------
quartus_map --read_settings_files=on --write_settings_files=off Penelope -c Penelope
quartus_fit --read_settings_files=off --write_settings_files=off Penelope -c Penelope
quartus_asm --read_settings_files=off --write_settings_files=off Penelope -c Penelope
quartus_tan --read_settings_files=off --write_settings_files=off Penelope -c Penelope --timing_analysis_only



