Drill Listing
=============
Drill: .01  Tool: 1  Feed: 95  Speed: 300
X 133000  Y 134000
X 124000  Y 150000
X 110000  Y 175000
X 110000  Y 190000
X 110000  Y 204000
X 120000  Y 210000
X 110000  Y 219000
X 130000  Y 220000
X 120000  Y 225000
X 120000  Y 235000
X 110000  Y 235000
X 130000  Y 235000
X 115000  Y 245000
X 131000  Y 245000
X 132000  Y 255000
X 115000  Y 255000
X 110000  Y 265000
X 110000  Y 280000
X 110000  Y 295000
X 110000  Y 310000
X 110000  Y 325000
X 133000  Y 338000
X 110000  Y 340000
X 110000  Y 355000
X 125000  Y 355000
X 110000  Y 370000
X 125000  Y 370000
X 110000  Y 385000
X 125000  Y 385000
X 110000  Y 400000
X 125000  Y 400000
X 110000  Y 415000
X 125000  Y 415000
X 130000  Y 425000
X 115000  Y 425000
X 110000  Y 435000
X 110000  Y 450000
X 110000  Y 465000
X 135000  Y 490000
X 150000  Y 490000
X 150000  Y 475000
X 155000  Y 465000
X 155000  Y 435000
X 145000  Y 425000
X 140000  Y 415000
X 155000  Y 415000
X 140000  Y 400000
X 152000  Y 363000
X 136000  Y 362000
X 155000  Y 350000
X 153000  Y 340000
X 158000  Y 296000
X 158000  Y 288000
X 145000  Y 245000
X 145000  Y 235000
X 138000  Y 228000
X 153000  Y 228000
X 145000  Y 220000
X 145000  Y 210000
X 150000  Y 195000
X 156000  Y 157000
X 141000  Y 149000
X 159000  Y 144000
X 155000  Y 129000
X 143000  Y 128000
X 149000  Y 128000
X 155000  Y 121000
X 149000  Y 121000
X 143000  Y 121000
X 155000  Y 112000
X 161000  Y 121000
X 167000  Y 121000
X 179000  Y 124000
X 167000  Y 128000
X 161000  Y 128000
X 177000  Y 157000
X 170000  Y 175000
X 180000  Y 175000
X 160000  Y 190000
X 160000  Y 206000
X 160000  Y 220000
X 170000  Y 220000
X 175000  Y 234000
X 160000  Y 235000
X 160000  Y 245000
X 175000  Y 245000
X 175000  Y 255000
X 184000  Y 275000
X 170000  Y 305000
X 170000  Y 315000
X 170000  Y 325000
X 170000  Y 335000
X 170000  Y 350000
X 180000  Y 370000
X 180000  Y 390000
X 160000  Y 390000
X 170000  Y 415000
X 160000  Y 425000
X 175000  Y 425000
X 172000  Y 442000
X 166000  Y 457000
X 167000  Y 465000
X 165000  Y 475000
X 165000  Y 490000
X 180000  Y 490000
X 195000  Y 490000
X 187000  Y 462000
X 189000  Y 454000
X 185000  Y 440000
X 190000  Y 425000
X 205000  Y 425000
X 185000  Y 415000
X 200000  Y 415000
X 205000  Y 380000
X 185000  Y 350000
X 200000  Y 350000
X 185000  Y 335000
X 200000  Y 335000
X 185000  Y 325000
X 200000  Y 325000
X 200000  Y 315000
X 185000  Y 315000
X 185000  Y 305000
X 200000  Y 305000
X 205000  Y 285000
X 190000  Y 260000
X 197000  Y 246000
X 208000  Y 246000
X 203000  Y 203000
X 206000  Y 195000
X 205000  Y 185000
X 195000  Y 157000
X 205000  Y 145000
X 192000  Y 143000
X 203000  Y 128000
X 209000  Y 128000
X 203000  Y 120000
X 209000  Y 120000
X 215000  Y 120000
X 221000  Y 120000
X 227000  Y 120000
X 221000  Y 128000
X 227000  Y 128000
X 215000  Y 129000
X 215000  Y 144000
X 232000  Y 150000
X 230000  Y 157000
X 225000  Y 185000
X 225000  Y 195000
X 225000  Y 210000
X 217000  Y 213000
X 231000  Y 246000
X 219000  Y 246000
X 215000  Y 257000
X 225000  Y 263000
X 215000  Y 305000
X 225000  Y 305000
X 225000  Y 315000
X 215000  Y 315000
X 225000  Y 325000
X 215000  Y 325000
X 215000  Y 335000
X 225000  Y 335000
X 215000  Y 350000
X 225000  Y 350000
X 215000  Y 415000
X 230000  Y 415000
X 220000  Y 425000
X 215000  Y 443000
X 210000  Y 460000
X 230000  Y 460000
X 210000  Y 490000
X 240000  Y 490000
X 255000  Y 490000
X 252000  Y 463000
X 254000  Y 455000
X 235000  Y 440000
X 250000  Y 425000
X 235000  Y 425000
X 245000  Y 415000
X 235000  Y 380000
X 240000  Y 350000
X 255000  Y 350000
X 240000  Y 335000
X 255000  Y 335000
X 240000  Y 325000
X 255000  Y 325000
X 244000  Y 320000
X 248000  Y 316000
X 235000  Y 315000
X 254000  Y 311000
X 259000  Y 307000
X 235000  Y 305000
X 245000  Y 296000
X 237000  Y 263000
X 250000  Y 245000
X 257000  Y 240000
X 250000  Y 235000
X 245000  Y 230000
X 250000  Y 220000
X 255000  Y 212000
X 250000  Y 205000
X 259000  Y 128000
X 252000  Y 128000
X 259000  Y 120000
X 252000  Y 120000
X 265000  Y 120000
X 271000  Y 120000
X 277000  Y 120000
X 271000  Y 128000
X 277000  Y 128000
X 265000  Y 129000
X 260000  Y 143000
X 274000  Y 143000
X 271000  Y 148000
X 261000  Y 157000
X 281000  Y 157000
X 275000  Y 177000
X 260000  Y 205000
X 281000  Y 213000
X 260000  Y 220000
X 281000  Y 224000
X 281000  Y 235000
X 265000  Y 235000
X 265000  Y 245000
X 280000  Y 245000
X 275000  Y 265000
X 264704  Y 281585
X 275000  Y 285000
X 261681  Y 296359
X 271000  Y 300000
X 275000  Y 304000
X 271000  Y 325000
X 271000  Y 335000
X 270000  Y 350000
X 280000  Y 360000
X 265000  Y 360000
X 280000  Y 370000
X 265000  Y 370000
X 260000  Y 390000
X 281000  Y 407000
X 266000  Y 414000
X 260000  Y 415000
X 265000  Y 425000
X 266000  Y 442000
X 284000  Y 445000
X 275000  Y 460000
X 260000  Y 460000
X 270000  Y 490000
X 285000  Y 490000
X 300000  Y 490000
X 290000  Y 475000
X 305000  Y 475000
X 290000  Y 460000
X 305000  Y 460000
X 290000  Y 440000
X 305000  Y 440000
X 285000  Y 425000
X 300000  Y 425000
X 295000  Y 415000
X 295000  Y 390000
X 295000  Y 375000
X 295000  Y 360000
X 285000  Y 350000
X 300000  Y 350000
X 285000  Y 335000
X 295000  Y 335000
X 295000  Y 325000
X 285000  Y 325000
X 295000  Y 285000
X 285000  Y 285000
X 302000  Y 278000
X 295000  Y 270000
X 285000  Y 265000
X 302000  Y 262000
X 295000  Y 255000
X 295000  Y 240000
X 295000  Y 225000
X 295000  Y 213000
X 305000  Y 210000
X 300000  Y 200000
X 285000  Y 180000
X 295000  Y 180000
X 292000  Y 140000
X 299000  Y 139000
X 306000  Y 139000
X 298000  Y 126000
X 323000  Y 139000
X 330000  Y 139000
X 316000  Y 139000
X 311000  Y 149000
X 334097  Y 174100
X 310000  Y 200000
X 321000  Y 200000
X 320000  Y 210000
X 310000  Y 220000
X 320000  Y 293000
X 310000  Y 325000
X 310000  Y 335000
X 330000  Y 350000
X 315000  Y 350000
X 310000  Y 360000
X 325000  Y 360000
X 325000  Y 375000
X 310000  Y 375000
X 325000  Y 390000
X 310000  Y 390000
X 325000  Y 415000
X 310000  Y 415000
X 315000  Y 425000
X 330000  Y 425000
X 320000  Y 440000
X 320000  Y 460000
X 320000  Y 475000
X 315000  Y 490000
X 330000  Y 490000
X 345000  Y 490000
X 335000  Y 475000
X 350000  Y 475000
X 335000  Y 460000
X 350000  Y 460000
X 335000  Y 440000
X 345000  Y 425000
X 340000  Y 415000
X 340000  Y 390000
X 350000  Y 390000
X 340000  Y 375000
X 350000  Y 375000
X 340000  Y 360000
X 350000  Y 360000
X 345000  Y 350000
X 340000  Y 335000
X 350500  Y 290000
X 339000  Y 277000
X 348000  Y 245500
X 343000  Y 244000
X 347700  Y 242300
X 355000  Y 235000
X 343000  Y 232000
X 355000  Y 225000
X 355000  Y 215000
X 345000  Y 205000
X 345000  Y 198000
X 335000  Y 196000
X 345000  Y 185000
X 350400  Y 180000
X 345000  Y 175000
X 341000  Y 172500
X 351000  Y 170000
X 352000  Y 149000
X 338000  Y 139000
X 344000  Y 138000
X 348000  Y 134000
X 348000  Y 127000
X 348000  Y 120000
X 349000  Y 113000
X 354000  Y 110000
X 377730  Y 110002
X 376500  Y 135500
X 361000  Y 142000
X 383000  Y 165500
X 383100  Y 175000
X 365000  Y 182500
X 380000  Y 185500
X 370000  Y 192000
X 383100  Y 195000
X 376082  Y 196700
X 364138  Y 197138
X 366500  Y 201000
X 360500  Y 203125
X 366255  Y 204200
X 380194  Y 204325
X 365000  Y 215000
X 375000  Y 215000
X 360000  Y 220000
X 370000  Y 220000
X 375000  Y 225000
X 370000  Y 230000
X 360000  Y 230000
X 365000  Y 235000
X 375000  Y 235000
X 380400  Y 245675
X 369140  Y 246000
X 376000  Y 246500
X 364740  Y 247000
X 382209  Y 248486
X 372500  Y 249500
X 362259  Y 251266
X 366659  Y 252000
X 360500  Y 255000
X 381500  Y 255000
X 371500  Y 257000
X 371500  Y 289500
X 383779  Y 351278
X 371500  Y 364000
X 403000  Y 439000
X 389226  Y 426661
X 388500  Y 415000
X 400500  Y 414000
X 389500  Y 366000
X 395000  Y 345500
X 397000  Y 252000
X 386000  Y 245000
X 386000  Y 241800
X 387500  Y 236500
X 385737  Y 233737
X 389500  Y 229000
X 386500  Y 226937
X 405500  Y 224500
X 398000  Y 220000
X 398000  Y 208500
X 408000  Y 203500
X 386000  Y 203000
X 397506  Y 181440
X 403486  Y 162220
X 394594  Y 147801
X 390500  Y 140000
X 421059  Y 115418
X 414563  Y 143598
X 434000  Y 177500
X 417000  Y 180500
X 422127  Y 180660
X 426115  Y 183868
X 417000  Y 190000
X 421500  Y 194000
X 417000  Y 195600
X 423047  Y 201012
X 416468  Y 202531
X 415078  Y 260578
X 427500  Y 265231
X 430027  Y 355568
X 412000  Y 366000
X 432165  Y 457823
X 447226  Y 489707
X 454996  Y 464232
X 454355  Y 457903
X 455717  Y 447810
X 455500  Y 438000
X 446760  Y 351045
X 440500  Y 342000
X 435274  Y 334180
X 443000  Y 333500
X 438000  Y 332500
X 452000  Y 314500
X 444500  Y 314000
X 444000  Y 309300
X 448039  Y 262460
X 457700  Y 188000
X 448500  Y 180000
X 456500  Y 175500
X 435500  Y 166000
X 450000  Y 155000
X 435500  Y 151500
X 484826  Y 130157
X 470000  Y 155000
X 460000  Y 155000
X 472500  Y 172500
X 479500  Y 179500
X 460500  Y 180500
X 472000  Y 181500
X 472388  Y 237888
X 468000  Y 246000
X 477000  Y 247500
X 469796  Y 248728
X 484500  Y 309500
X 465707  Y 437979
X 479203  Y 462286
X 476385  Y 489386
X 463007  Y 489547
X 483000  Y 496500
X 492327  Y 489547
X 487768  Y 462286
X 487000  Y 457000
X 505633  Y 452926
X 487000  Y 450500
X 487000  Y 444000
X 503500  Y 433000
X 508500  Y 387500
X 486500  Y 374000
X 508500  Y 371500
X 497000  Y 366000
X 501000  Y 361500
X 490166  Y 354841
X 493500  Y 336500
X 489300  Y 336500
X 507500  Y 324000
X 497000  Y 321000
X 501456  Y 316800
X 494000  Y 310000
X 508000  Y 303700
X 506934  Y 299300
X 507000  Y 294500
X 507000  Y 290100
X 495000  Y 287500
X 508538  Y 272098
X 507000  Y 263000
X 494111  Y 253111
X 507000  Y 251000
X 491500  Y 249500
X 509361  Y 245361
X 507000  Y 241500
X 495000  Y 237500
X 491500  Y 232000
X 494000  Y 230000
X 507000  Y 229500
X 509000  Y 225000
X 489000  Y 224000
X 493500  Y 218000
X 507000  Y 216000
X 506843  Y 212156
X 495000  Y 211500
X 508000  Y 195500
X 500601  Y 126137
X 524500  Y 194500
X 521300  Y 195000
X 514400  Y 195000
X 526590  Y 206700
X 530990  Y 206809
X 516200  Y 207000
X 513000  Y 207000
X 533500  Y 209000
X 518500  Y 210000
X 522900  Y 211000
X 527300  Y 211100
X 511400  Y 229800
X 511222  Y 233000
X 534500  Y 236500
X 510600  Y 240074
X 520000  Y 243000
X 510500  Y 266498
X 515000  Y 267000
X 519600  Y 267960
X 528300  Y 276651
X 514300  Y 277744
X 510200  Y 291000
X 529500  Y 308000
X 521500  Y 308628
X 532930  Y 310791
X 516998  Y 312045
X 533500  Y 325000
X 517500  Y 325000
X 523000  Y 331000
X 534000  Y 334100
X 515500  Y 359500
X 511000  Y 374500
X 513500  Y 377500
X 514700  Y 387300
X 531000  Y 393000
X 527388  Y 395611
X 525500  Y 400000
X 527500  Y 402683
X 523000  Y 409000
X 524430  Y 416200
X 520230  Y 426792
X 527500  Y 436500
X 532084  Y 448626
X 511153  Y 485000
X 541000  Y 472000
X 543000  Y 456000
X 535000  Y 453000
X 545574  Y 445600
X 552345  Y 445600
X 540700  Y 443500
X 547500  Y 443000
X 537500  Y 442000
X 540262  Y 436262
X 546000  Y 434000
X 538000  Y 434000
X 544000  Y 431500
X 538222  Y 428722
X 540825  Y 426800
X 538600  Y 424000
X 537500  Y 409000
X 541800  Y 407195
X 553700  Y 394400
X 550375  Y 384600
X 538500  Y 384500
X 545500  Y 384500
X 541611  Y 381388
X 557500  Y 336000
X 550108  Y 331725
X 536500  Y 330000
X 537900  Y 326800
X 553500  Y 326500
X 559000  Y 325000
X 547000  Y 325000
X 545500  Y 313200
X 557000  Y 312900
X 535912  Y 312087
X 542712  Y 311500
X 546000  Y 310000
X 552000  Y 307000
X 536419  Y 306112
X 543500  Y 306112
X 558000  Y 306000
X 547348  Y 268100
X 550334  Y 263165
X 554500  Y 257000
X 545500  Y 213000
X 545000  Y 207000
X 559000  Y 207000
X 549000  Y 207000
X 554600  Y 206737
X 535762  Y 206737
X 541299  Y 206712
X 540000  Y 195000
X 555500  Y 189500
X 563472  Y 160163
X 571500  Y 183000
X 566500  Y 186000
X 567308  Y 189489
X 574282  Y 191995
X 578500  Y 194000
X 561000  Y 195000
X 564200  Y 195412
X 574100  Y 195412
X 564935  Y 206712
X 569335  Y 207000
X 573000  Y 207000
X 582237  Y 208762
X 562611  Y 209611
X 567000  Y 213500
X 577000  Y 216000
X 574500  Y 238000
X 571000  Y 263000
X 570000  Y 267400
X 571500  Y 283000
X 564000  Y 286500
X 569000  Y 293200
X 574252  Y 295035
X 562500  Y 298000
X 571500  Y 299500
X 582500  Y 300500
X 569038  Y 303261
X 565500  Y 303500
X 571000  Y 313000
X 579500  Y 325000
X 569000  Y 325000
X 567237  Y 327762
X 560000  Y 344000
X 578888  Y 379888
X 582800  Y 382200
X 560000  Y 384000
X 571500  Y 384500
X 568000  Y 384500
X 570000  Y 394500
X 581000  Y 394500
X 574500  Y 394500
X 565000  Y 394500
X 560000  Y 397500
X 581000  Y 397700
X 562500  Y 400000
X 560000  Y 442000
X 573000  Y 443500
X 580000  Y 445500
X 562000  Y 455500
X 597500  Y 481000
X 592000  Y 467000
X 587500  Y 445500
X 607500  Y 445500
X 591111  Y 442888
X 605800  Y 408300
X 609000  Y 407500
X 609500  Y 394500
X 603000  Y 394500
X 593500  Y 384500
X 585500  Y 346500
X 603000  Y 329000
X 599800  Y 328909
X 606700  Y 328200
X 592500  Y 325000
X 604237  Y 324600
X 585000  Y 312500
X 605000  Y 286500
X 601000  Y 284000
X 605000  Y 280500
X 600000  Y 280000
X 595726  Y 270500
X 595500  Y 267300
X 606000  Y 262200
X 585500  Y 260500
X 604500  Y 258500
X 605000  Y 248000
X 609237  Y 235262
X 607000  Y 229500
X 598500  Y 225000
X 588500  Y 222000
X 592111  Y 219388
X 596000  Y 213500
X 606893  Y 211893
X 600000  Y 208000
X 585000  Y 207000
X 588500  Y 207000
X 602500  Y 195000
X 598500  Y 195000
X 608500  Y 176500
X 602191  Y 137709
X 630085  Y 137587
X 625000  Y 199500
X 616899  Y 202700
X 613000  Y 217100
X 613000  Y 221500
X 625000  Y 227500
X 611500  Y 233000
X 625000  Y 233000
X 613000  Y 237500
X 625000  Y 241000
X 613000  Y 243300
X 627500  Y 243500
X 625000  Y 247000
X 613200  Y 249000
X 610000  Y 249500
X 626500  Y 265000
X 613000  Y 270500
X 625000  Y 271500
X 629000  Y 272000
X 624769  Y 274700
X 613000  Y 278500
X 611500  Y 283000
X 610500  Y 286200
X 625000  Y 287000
X 613000  Y 294500
X 625000  Y 306500
X 613000  Y 308000
X 625000  Y 311000
X 613000  Y 319000
X 612500  Y 324000
X 610000  Y 345000
X 628000  Y 387500
X 612262  Y 396262
X 626500  Y 400500
X 610737  Y 402737
X 622500  Y 404000
X 612500  Y 405500
X 622500  Y 410500
X 611000  Y 411900
X 623000  Y 414000
X 610000  Y 417000
X 612500  Y 438500
X 613000  Y 472000
X 634000  Y 476500
X 641300  Y 463982
X 639300  Y 402700
X 639500  Y 392500
X 650700  Y 392500
X 638500  Y 317500
X 651600  Y 290000
X 650000  Y 250500
X 641000  Y 243500
X 639000  Y 241000
X 641762  Y 239237
X 639500  Y 230500
X 649000  Y 218000
X 635000  Y 215500
X 650500  Y 212500
X 639500  Y 210500
X 639000  Y 205500
X 650500  Y 193000
X 639500  Y 190000
X 650000  Y 185500
X 645500  Y 158000
X 638000  Y 151000
X 642500  Y 147000
X 636500  Y 142500
X 650500  Y 133000
X 665500  Y 137500
X 678200  Y 147500
X 665500  Y 170000
X 678000  Y 177500
X 663000  Y 182500
X 670500  Y 190000
X 668000  Y 209412
X 662140  Y 214859
X 662000  Y 232500
X 674000  Y 235000
X 665000  Y 250500
X 670500  Y 280000
X 670500  Y 300000
X 670500  Y 315000
X 670500  Y 335000
X 670500  Y 347000
X 668500  Y 399000
X 681500  Y 400500
X 689500  Y 237500
X 689400  Y 162500
Drill: .01181  Tool: 2  Feed: 95  Speed: 300
X 381577  Y 269316
X 381577  Y 273253
X 381577  Y 277190
X 381577  Y 281127
X 381577  Y 285064
X 381577  Y 289001
X 381577  Y 292938
X 381577  Y 296875
X 381577  Y 300812
X 381577  Y 304749
X 381577  Y 308686
X 381577  Y 312623
X 381577  Y 316560
X 381577  Y 320497
X 381577  Y 324434
X 381577  Y 328371
X 385514  Y 328371
X 389451  Y 328371
X 393388  Y 328371
X 397325  Y 328371
X 401262  Y 328371
X 405199  Y 328371
X 409136  Y 328371
X 409136  Y 324434
X 385514  Y 324434
X 389451  Y 324434
X 393388  Y 324434
X 397325  Y 324434
X 401262  Y 324434
X 405199  Y 324434
X 405199  Y 320497
X 409136  Y 320497
X 385514  Y 320497
X 389451  Y 320497
X 393388  Y 320497
X 397325  Y 320497
X 401262  Y 320497
X 401262  Y 316560
X 405199  Y 316560
X 409136  Y 316560
X 385514  Y 316560
X 389451  Y 316560
X 393388  Y 316560
X 397325  Y 316560
X 397325  Y 312623
X 401262  Y 312623
X 405199  Y 312623
X 409136  Y 312623
X 385514  Y 312623
X 389451  Y 312623
X 393388  Y 312623
X 393388  Y 308686
X 397325  Y 308686
X 401262  Y 308686
X 405199  Y 308686
X 409136  Y 308686
X 385514  Y 308686
X 389451  Y 308686
X 389451  Y 304749
X 393388  Y 304749
X 397325  Y 304749
X 401262  Y 304749
X 405199  Y 304749
X 409136  Y 304749
X 385514  Y 304749
X 385514  Y 300812
X 389451  Y 300812
X 393388  Y 300812
X 397325  Y 300812
X 401262  Y 300812
X 405199  Y 300812
X 409136  Y 300812
X 385514  Y 296875
X 389451  Y 296875
X 393388  Y 296875
X 397325  Y 296875
X 401262  Y 296875
X 405199  Y 296875
X 409136  Y 296875
X 385514  Y 292938
X 389451  Y 292938
X 393388  Y 292938
X 397325  Y 292938
X 401262  Y 292938
X 405199  Y 292938
X 409136  Y 292938
X 385514  Y 289001
X 389451  Y 289001
X 393388  Y 289001
X 397325  Y 289001
X 401262  Y 289001
X 405199  Y 289001
X 409136  Y 289001
X 385514  Y 285064
X 389451  Y 285064
X 393388  Y 285064
X 397325  Y 285064
X 401262  Y 285064
X 405199  Y 285064
X 409136  Y 285064
X 385514  Y 281127
X 389451  Y 281127
X 393388  Y 281127
X 397325  Y 281127
X 401262  Y 281127
X 405199  Y 281127
X 409136  Y 281127
X 385514  Y 277190
X 389451  Y 277190
X 393388  Y 277190
X 397325  Y 277190
X 401262  Y 277190
X 405199  Y 277190
X 409136  Y 277190
X 385514  Y 273253
X 389451  Y 273253
X 393388  Y 273253
X 397325  Y 273253
X 401262  Y 273253
X 405199  Y 273253
X 409136  Y 273253
X 385514  Y 269316
X 389451  Y 269316
X 393388  Y 269316
X 397325  Y 269316
X 401262  Y 269316
X 405199  Y 269316
X 409136  Y 269316
X 413073  Y 269316
X 417010  Y 269316
X 420947  Y 269316
X 424884  Y 269316
X 428821  Y 269316
X 432758  Y 269316
X 413073  Y 273253
X 417010  Y 273253
X 420947  Y 273253
X 424884  Y 273253
X 428821  Y 273253
X 432758  Y 273253
X 413073  Y 277190
X 417010  Y 277190
X 420947  Y 277190
X 424884  Y 277190
X 428821  Y 277190
X 432758  Y 277190
X 413073  Y 281127
X 417010  Y 281127
X 420947  Y 281127
X 424884  Y 281127
X 428821  Y 281127
X 432758  Y 281127
X 413073  Y 285064
X 417010  Y 285064
X 420947  Y 285064
X 424884  Y 285064
X 428821  Y 285064
X 432758  Y 285064
X 413073  Y 289001
X 417010  Y 289001
X 420947  Y 289001
X 424884  Y 289001
X 428821  Y 289001
X 432758  Y 289001
X 428821  Y 292938
X 432758  Y 292938
X 413073  Y 292938
X 417010  Y 292938
X 420947  Y 292938
X 424884  Y 292938
X 432758  Y 296875
X 413073  Y 296875
X 417010  Y 296875
X 420947  Y 296875
X 424884  Y 296875
X 428821  Y 296875
X 413073  Y 300812
X 417010  Y 300812
X 420947  Y 300812
X 424884  Y 300812
X 428821  Y 300812
X 432758  Y 300812
X 417010  Y 304749
X 420947  Y 304749
X 424884  Y 304749
X 428821  Y 304749
X 432758  Y 304749
X 413073  Y 304749
X 417010  Y 308686
X 424884  Y 308686
X 428821  Y 308686
X 413073  Y 308686
X 420947  Y 308686
X 432758  Y 308686
X 432758  Y 312623
X 413073  Y 312623
X 417010  Y 312623
X 420947  Y 312623
X 424884  Y 312623
X 428821  Y 312623
X 413073  Y 316560
X 424884  Y 316560
X 417010  Y 316560
X 428821  Y 316560
X 432758  Y 316560
X 420947  Y 316560
X 413073  Y 320497
X 420947  Y 320497
X 424884  Y 320497
X 428821  Y 320497
X 417010  Y 320497
X 432758  Y 320497
X 428821  Y 324434
X 432758  Y 324434
X 424884  Y 324434
X 420947  Y 324434
X 413073  Y 324434
X 417010  Y 324434
X 413073  Y 328371
X 432758  Y 328371
X 420947  Y 328371
X 417010  Y 328371
X 428821  Y 328371
X 424884  Y 328371
X 436695  Y 328371
X 440632  Y 328371
X 436695  Y 324434
X 440632  Y 324434
X 436695  Y 320497
X 440632  Y 320497
X 436695  Y 316560
X 440632  Y 316560
X 436695  Y 312623
X 440632  Y 312623
X 436695  Y 308686
X 440632  Y 308686
X 436695  Y 304749
X 440632  Y 304749
X 436695  Y 300812
X 440632  Y 300812
X 436695  Y 296875
X 440632  Y 296875
X 440632  Y 292938
X 436695  Y 292938
X 440632  Y 289001
X 436695  Y 289001
X 440632  Y 285064
X 436695  Y 285064
X 436695  Y 281127
X 440632  Y 281127
X 436695  Y 277190
X 440632  Y 277190
X 436695  Y 273253
X 440632  Y 273253
X 436695  Y 269316
X 440632  Y 269316
Drill: .033  Tool: 3  Feed: 197  Speed: 550
X 144000  Y 112000
X 166000  Y 112000
X 204000  Y 112000
X 226000  Y 112000
X 350000  Y 445000
X 350000  Y 435000
X 350000  Y 410000
X 350000  Y 400000
X 350000  Y 340000
X 350000  Y 330000
X 350000  Y 320000
X 340000  Y 320000
X 350000  Y 310000
X 340000  Y 310000
X 350000  Y 300000
X 340000  Y 300000
X 254000  Y 112000
X 277000  Y 112000
X 450000  Y 140000
X 383000  Y 380000
X 383000  Y 400000
X 383000  Y 439000
X 383000  Y 459000
X 460000  Y 420000
X 470000  Y 420000
X 480000  Y 420000
X 490000  Y 420000
X 480000  Y 405000
X 470000  Y 405000
X 490000  Y 405000
X 460000  Y 405000
X 470000  Y 140000
X 525000  Y 460000
X 550000  Y 460000
X 535000  Y 460000
X 577000  Y 487000
X 647000  Y 468000
X 635000  Y 275000
X 635000  Y 265000
X 635000  Y 255000
X 635000  Y 245000
Drill: .035  Tool: 4  Feed: 197  Speed: 550
X 460000  Y 370000
X 470000  Y 370000
X 480000  Y 370000
X 470000  Y 380000
X 460000  Y 380000
X 480000  Y 380000
X 490000  Y 380000
X 500000  Y 380000
X 500000  Y 370000
X 490000  Y 370000
X 680000  Y 255000
X 680000  Y 265000
X 680000  Y 275000
X 680000  Y 285000
X 680000  Y 295000
X 680000  Y 310000
X 680000  Y 320000
X 680000  Y 330000
X 680000  Y 340000
X 680000  Y 350000
X 690000  Y 350000
X 690000  Y 340000
X 690000  Y 330000
X 690000  Y 320000
X 690000  Y 310000
X 690000  Y 295000
X 690000  Y 285000
X 690000  Y 275000
X 690000  Y 265000
X 690000  Y 255000
Drill: .03622  Tool: 5  Feed: 197  Speed: 550
X 660000  Y 435157
X 667874  Y 435157
X 660000  Y 445000
X 667874  Y 445000
Drill: .037  Tool: 6  Feed: 197  Speed: 550
X 161000  Y 279000
X 176000  Y 279000
X 133000  Y 283000
X 141000  Y 305000
X 141000  Y 321000
X 172000  Y 362000
X 142000  Y 380000
X 188000  Y 361000
X 252000  Y 361000
X 225000  Y 355000
X 215000  Y 355000
X 198000  Y 231000
X 199000  Y 212000
X 215000  Y 204000
X 215000  Y 186000
X 360000  Y 110000
X 370000  Y 110000
X 273000  Y 393000
X 408000  Y 405000
X 408000  Y 464000
X 414000  Y 471000
X 421000  Y 464000
X 412000  Y 427000
X 420000  Y 405000
X 455000  Y 155000
X 450000  Y 120000
X 440000  Y 120000
X 430000  Y 120000
X 430000  Y 110000
X 440000  Y 110000
X 450000  Y 110000
X 480000  Y 110000
X 470000  Y 110000
X 460000  Y 110000
X 500000  Y 110000
X 490000  Y 110000
X 470000  Y 120000
X 500000  Y 120000
X 480000  Y 120000
X 490000  Y 120000
X 460000  Y 120000
X 465000  Y 155000
X 510000  Y 120000
X 530000  Y 120000
X 520000  Y 120000
X 550000  Y 120000
X 540000  Y 120000
X 520000  Y 110000
X 530000  Y 110000
X 550000  Y 110000
X 510000  Y 110000
X 540000  Y 110000
X 560000  Y 110000
X 580000  Y 110000
X 570000  Y 110000
X 590000  Y 110000
X 600000  Y 110000
X 570000  Y 120000
X 590000  Y 120000
X 560000  Y 120000
X 600000  Y 120000
X 580000  Y 120000
X 567000  Y 472000
X 587000  Y 472000
X 625000  Y 490000
X 615000  Y 490000
X 625000  Y 170000
X 610000  Y 170000
X 610000  Y 160000
X 625000  Y 160000
X 610000  Y 150000
X 625000  Y 150000
X 630000  Y 120000
X 610000  Y 120000
X 620000  Y 120000
X 650000  Y 120000
X 640000  Y 120000
X 620000  Y 110000
X 640000  Y 110000
X 610000  Y 110000
X 630000  Y 110000
X 650000  Y 110000
X 660000  Y 110000
X 660000  Y 120000
Drill: .045  Tool: 7  Feed: 139  Speed: 550
X 520000  Y 490000
X 535600  Y 490000
Drill: .046  Tool: 8  Feed: 139  Speed: 550
X 130000  Y 180000
X 130000  Y 450000
Drill: .067  Tool: 9  Feed: 89  Speed: 550
X 120000  Y 170000
X 140000  Y 170000
X 140000  Y 190000
X 120000  Y 190000
X 120000  Y 440000
X 140000  Y 440000
X 120000  Y 460000
X 140000  Y 460000
Drill: .075  Tool: 10  Feed: 81  Speed: 550
X 365000  Y 225000
X 258000  Y 293000
Drill: .09055  Tool: 11  Feed: 66  Speed: 550
X 678543  Y 416377
X 678543  Y 463779
Drill: .144  Tool: 12  Feed: 35  Speed: 900
X 115000  Y 115000
X 115000  Y 485000
X 400000  Y 485000
X 400000  Y 115000
X 685000  Y 115000
X 685000  Y 485000
End of Listing
