Assembler report for Penelope
Wed Sep 14 20:21:31 2011
Quartus II Version 10.1 Build 197 01/19/2011 Service Pack 1 SJ Web Edition


---------------------
; Table of Contents ;
---------------------
  1. Legal Notice
  2. Assembler Summary
  3. Assembler Settings
  4. Assembler Generated Files
  5. Assembler Device Options: C:/HPSDR/trunk/Penelope V1.5/Penelope.sof
  6. Assembler Device Options: C:/HPSDR/trunk/Penelope V1.5/Penelope.pof
  7. Assembler Device Options: C:/HPSDR/trunk/Penelope V1.5/Penelope.rbf
  8. Assembler Messages



----------------
; Legal Notice ;
----------------
Copyright (C) 1991-2011 Altera Corporation
Your use of Altera Corporation's design tools, logic functions 
and other software and tools, and its AMPP partner logic 
functions, and any output files from any of the foregoing 
(including device programming or simulation files), and any 
associated documentation or information are expressly subject 
to the terms and conditions of the Altera Program License 
Subscription Agreement, Altera MegaCore Function License 
Agreement, or other applicable license agreement, including, 
without limitation, that your use is for the sole purpose of 
programming logic devices manufactured by Altera and sold by 
Altera or its authorized distributors.  Please refer to the 
applicable agreement for further details.



+---------------------------------------------------------------+
; Assembler Summary                                             ;
+-----------------------+---------------------------------------+
; Assembler Status      ; Successful - Wed Sep 14 20:21:31 2011 ;
; Revision Name         ; Penelope                              ;
; Top-level Entity Name ; Penelope                              ;
; Family                ; Cyclone II                            ;
; Device                ; EP2C8Q208C8                           ;
+-----------------------+---------------------------------------+


+--------------------------------------------------------------------------------------------------------+
; Assembler Settings                                                                                     ;
+-----------------------------------------------------------------------------+----------+---------------+
; Option                                                                      ; Setting  ; Default Value ;
+-----------------------------------------------------------------------------+----------+---------------+
; Maximum processors allowed for parallel compilation                         ; 1        ;               ;
; Generate Raw Binary File (.rbf) For Target Device                           ; On       ; Off           ;
; Use smart compilation                                                       ; Off      ; Off           ;
; Enable parallel Assembler and TimeQuest Timing Analyzer during compilation  ; On       ; On            ;
; Enable compact report table                                                 ; Off      ; Off           ;
; Generate compressed bitstreams                                              ; On       ; On            ;
; Compression mode                                                            ; Off      ; Off           ;
; Clock source for configuration device                                       ; Internal ; Internal      ;
; Clock frequency of the configuration device                                 ; 10 MHZ   ; 10 MHz        ;
; Divide clock frequency by                                                   ; 1        ; 1             ;
; Auto user code                                                              ; Off      ; Off           ;
; Use configuration device                                                    ; On       ; On            ;
; Configuration device                                                        ; Auto     ; Auto          ;
; Configuration device auto user code                                         ; Off      ; Off           ;
; Generate Tabular Text File (.ttf) For Target Device                         ; Off      ; Off           ;
; Generate Hexadecimal (Intel-Format) Output File (.hexout) for Target Device ; Off      ; Off           ;
; Hexadecimal Output File start address                                       ; 0        ; 0             ;
; Hexadecimal Output File count direction                                     ; Up       ; Up            ;
; Release clears before tri-states                                            ; Off      ; Off           ;
; Auto-restart configuration after error                                      ; On       ; On            ;
; Maintain Compatibility with All Cyclone II M4K Versions                     ; On       ; On            ;
; Generate Serial Vector Format File (.svf) for Target Device                 ; Off      ; Off           ;
; Generate a JEDEC STAPL Format File (.jam) for Target Device                 ; Off      ; Off           ;
; Generate a compressed Jam STAPL Byte Code 2.0 File (.jbc) for Target Device ; Off      ; Off           ;
; Generate a compressed Jam STAPL Byte Code 2.0 File (.jbc) for Target Device ; On       ; On            ;
+-----------------------------------------------------------------------------+----------+---------------+


+-------------------------------------------+
; Assembler Generated Files                 ;
+-------------------------------------------+
; File Name                                 ;
+-------------------------------------------+
; C:/HPSDR/trunk/Penelope V1.5/Penelope.sof ;
; C:/HPSDR/trunk/Penelope V1.5/Penelope.pof ;
; C:/HPSDR/trunk/Penelope V1.5/Penelope.rbf ;
+-------------------------------------------+


+---------------------------------------------------------------------+
; Assembler Device Options: C:/HPSDR/trunk/Penelope V1.5/Penelope.sof ;
+----------------+----------------------------------------------------+
; Option         ; Setting                                            ;
+----------------+----------------------------------------------------+
; Device         ; EP2C8Q208C8                                        ;
; JTAG usercode  ; 0xFFFFFFFF                                         ;
; Checksum       ; 0x0035C98D                                         ;
+----------------+----------------------------------------------------+


+---------------------------------------------------------------------+
; Assembler Device Options: C:/HPSDR/trunk/Penelope V1.5/Penelope.pof ;
+--------------------+------------------------------------------------+
; Option             ; Setting                                        ;
+--------------------+------------------------------------------------+
; Device             ; EPCS4                                          ;
; JTAG usercode      ; 0x00000000                                     ;
; Checksum           ; 0x06C10631                                     ;
; Compression Ratio  ; 2                                              ;
+--------------------+------------------------------------------------+


+---------------------------------------------------------------------+
; Assembler Device Options: C:/HPSDR/trunk/Penelope V1.5/Penelope.rbf ;
+---------------------+-----------------------------------------------+
; Option              ; Setting                                       ;
+---------------------+-----------------------------------------------+
; Raw Binary File     ;                                               ;
;  Compression Ratio  ; 2                                             ;
+---------------------+-----------------------------------------------+


+--------------------+
; Assembler Messages ;
+--------------------+
Info: *******************************************************************
Info: Running Quartus II Assembler
    Info: Version 10.1 Build 197 01/19/2011 Service Pack 1 SJ Web Edition
    Info: Processing started: Wed Sep 14 20:21:29 2011
Info: Command: quartus_asm --read_settings_files=off --write_settings_files=off Penelope -c Penelope
Info: Writing out detailed assembly data for power analysis
Info: Assembler is generating device programming files
Info: Quartus II Assembler was successful. 0 errors, 0 warnings
    Info: Peak virtual memory: 210 megabytes
    Info: Processing ended: Wed Sep 14 20:21:31 2011
    Info: Elapsed time: 00:00:02
    Info: Total CPU time (on all processors): 00:00:01


